normalization: RPKM
minFragmentLength: 0
verbose: True
out_file_for_raw_data: None
numberOfSamples: None
bedFile: None
bamFilesList: ['/storage/scratch/iee/dj20y461/Stickleback/Y_comp/Sex_chrom_stats/Read_depths/Ga//bam/PS11_F.markdup.bam']
ignoreDuplicates: False
numberOfProcessors: 16
samFlag_exclude: None
save_data: False
stepSize: 1000
smoothLength: None
center_read: False
defaultFragmentLength: read length
chrsToSkip: []
region: None
maxPairedFragmentLength: 1000
samFlag_include: None
binLength: 1000
blackListFileName: None
maxFragmentLength: 0
minMappingQuality: None
zerosToNans: False
