genome partition size for multiprocessing: 1000000
using 16 processors for 657 number of tasks
Final scaling factor: 0.0106816577894
PoolWorker-30,  processing 851535 (31586.5 per sec) reads @ chr8:5000000-10000000
PoolWorker-30 countReadsInRegions_worker: processing 5000 (181.2 per sec) @ chr8:5000000-10000000
PoolWorker-30,  processing 8184 (38176.3 per sec) reads @ Ascaf_65:0-47651
PoolWorker-30 countReadsInRegions_worker: processing 47 (182.7 per sec) @ Ascaf_65:0-47651
PoolWorker-30,  processing 878109 (32772.5 per sec) reads @ chr4:25000000-30000000
PoolWorker-30 countReadsInRegions_worker: processing 5000 (183.5 per sec) @ chr4:25000000-30000000
PoolWorker-30,  processing 6838 (34013.3 per sec) reads @ Ascaf_69:0-44691
PoolWorker-30 countReadsInRegions_worker: processing 44 (179.9 per sec) @ Ascaf_69:0-44691
PoolWorker-30,  processing 11160 (26036.3 per sec) reads @ Ascaf_47:0-72017
PoolWorker-30 countReadsInRegions_worker: processing 72 (156.6 per sec) @ Ascaf_47:0-72017
PoolWorker-30,  processing 6620 (22123.6 per sec) reads @ Ascaf_77:0-41997
PoolWorker-30 countReadsInRegions_worker: processing 41 (119.8 per sec) @ Ascaf_77:0-41997
PoolWorker-30,  processing 836279 (32939.1 per sec) reads @ chr5:5000000-10000000
PoolWorker-30 countReadsInRegions_worker: processing 5000 (194.0 per sec) @ chr5:5000000-10000000
PoolWorker-30,  processing 863989 (32906.2 per sec) reads @ chr4:30000000-35000000
PoolWorker-30 countReadsInRegions_worker: processing 5000 (187.5 per sec) @ chr4:30000000-35000000
PoolWorker-30,  processing 3539 (20422.5 per sec) reads @ Ascaf_60:0-24766
PoolWorker-30 countReadsInRegions_worker: processing 24 (99.7 per sec) @ Ascaf_60:0-24766
PoolWorker-30,  processing 836006 (32373.3 per sec) reads @ chr10:0-5000000
PoolWorker-30 countReadsInRegions_worker: processing 5000 (190.8 per sec) @ chr10:0-5000000
PoolWorker-30,  processing 37482 (34531.7 per sec) reads @ Ascaf_36:0-98486
PoolWorker-30 countReadsInRegions_worker: processing 98 (77.9 per sec) @ Ascaf_36:0-98486
PoolWorker-30,  processing 19185 (35718.6 per sec) reads @ Ascaf_92:0-34608
PoolWorker-30 countReadsInRegions_worker: processing 34 (58.6 per sec) @ Ascaf_92:0-34608
PoolWorker-30,  processing 2982 (41606.2 per sec) reads @ Ascaf_131:0-18319
PoolWorker-30 countReadsInRegions_worker: processing 18 (157.6 per sec) @ Ascaf_131:0-18319
PoolWorker-30,  processing 738880 (34055.8 per sec) reads @ chr5:15000000-18670498
PoolWorker-30 countReadsInRegions_worker: processing 3670 (164.7 per sec) @ chr5:15000000-18670498
PoolWorker-30,  processing 3729 (34684.9 per sec) reads @ Ascaf_117:0-22832
PoolWorker-30 countReadsInRegions_worker: processing 22 (146.7 per sec) @ Ascaf_117:0-22832
PoolWorker-30,  processing 34650 (34518.4 per sec) reads @ Ascaf_31:0-121444
PoolWorker-30 countReadsInRegions_worker: processing 121 (115.0 per sec) @ Ascaf_31:0-121444
PoolWorker-19,  processing 5723 (22379.4 per sec) reads @ Ascaf_86:0-37568
PoolWorker-19 countReadsInRegions_worker: processing 37 (129.7 per sec) @ Ascaf_86:0-37568
PoolWorker-19,  processing 2620 (28448.5 per sec) reads @ Ascaf_135:0-17087
PoolWorker-19 countReadsInRegions_worker: processing 17 (118.0 per sec) @ Ascaf_135:0-17087
PoolWorker-19,  processing 55125 (36269.9 per sec) reads @ Ascaf_52:0-64568
PoolWorker-19 countReadsInRegions_worker: processing 64 (40.1 per sec) @ Ascaf_52:0-64568
PoolWorker-19,  processing 208 (15003.9 per sec) reads @ Ascaf_160:0-2000
PoolWorker-19 countReadsInRegions_worker: processing 2 (27.1 per sec) @ Ascaf_160:0-2000
PoolWorker-19,  processing 820535 (31476.7 per sec) reads @ chr4:0-5000000
PoolWorker-19 countReadsInRegions_worker: processing 5000 (187.0 per sec) @ chr4:0-5000000
PoolWorker-19,  processing 1116773 (33808.4 per sec) reads @ chr13:0-5000000
PoolWorker-19 countReadsInRegions_worker: processing 5000 (147.9 per sec) @ chr13:0-5000000
PoolWorker-19,  processing 1785 (13335.5 per sec) reads @ Ascaf_143:0-15560
PoolWorker-19 countReadsInRegions_worker: processing 15 (84.9 per sec) @ Ascaf_143:0-15560
PoolWorker-19,  processing 2349 (38322.2 per sec) reads @ Ascaf_138:0-16696
PoolWorker-19 countReadsInRegions_worker: processing 16 (156.6 per sec) @ Ascaf_138:0-16696
PoolWorker-19,  processing 116630 (35254.5 per sec) reads @ chr15:20000000-20219940
PoolWorker-19 countReadsInRegions_worker: processing 219 (64.7 per sec) @ chr15:20000000-20219940
PoolWorker-19,  processing 47500 (36237.2 per sec) reads @ Ascaf_110:0-27536
PoolWorker-19 countReadsInRegions_worker: processing 27 (19.7 per sec) @ Ascaf_110:0-27536
PoolWorker-19,  processing 36322 (33876.9 per sec) reads @ Ascaf_75:0-42641
PoolWorker-19 countReadsInRegions_worker: processing 42 (37.1 per sec) @ Ascaf_75:0-42641
PoolWorker-19,  processing 617900 (34017.7 per sec) reads @ chr8:20000000-23122080
PoolWorker-19 countReadsInRegions_worker: processing 3122 (169.3 per sec) @ chr8:20000000-23122080
PoolWorker-19,  processing 922319 (32842.2 per sec) reads @ chr16:15000000-20000000
PoolWorker-19 countReadsInRegions_worker: processing 5000 (174.8 per sec) @ chr16:15000000-20000000
PoolWorker-19,  processing 6949 (35558.0 per sec) reads @ Ascaf_169:0-50000
PoolWorker-19 countReadsInRegions_worker: processing 50 (209.7 per sec) @ Ascaf_169:0-50000
PoolWorker-19,  processing 13569 (28139.3 per sec) reads @ Ascaf_46:0-73387
PoolWorker-19 countReadsInRegions_worker: processing 73 (139.2 per sec) @ Ascaf_46:0-73387
PoolWorker-19,  processing 95574 (32800.8 per sec) reads @ Ascaf_22:0-446888
PoolWorker-19 countReadsInRegions_worker: processing 446 (148.6 per sec) @ Ascaf_22:0-446888
PoolWorker-19,  processing 586153 (32553.0 per sec) reads @ chr20:20000000-22998664
PoolWorker-19 countReadsInRegions_worker: processing 2998 (163.9 per sec) @ chr20:20000000-22998664
PoolWorker-19,  processing 31798 (36015.6 per sec) reads @ Ascaf_106:0-29590
PoolWorker-19 countReadsInRegions_worker: processing 29 (30.7 per sec) @ Ascaf_106:0-29590
PoolWorker-19,  processing 3517 (38326.2 per sec) reads @ Ascaf_123:0-20153
PoolWorker-19 countReadsInRegions_worker: processing 20 (150.4 per sec) @ Ascaf_123:0-20153
PoolWorker-19,  processing 790761 (32488.0 per sec) reads @ chr13:20000000-24369283
PoolWorker-19 countReadsInRegions_worker: processing 4369 (176.0 per sec) @ chr13:20000000-24369283
PoolWorker-32,  processing 7822 (21125.0 per sec) reads @ Ascaf_68:0-47437
PoolWorker-32 countReadsInRegions_worker: processing 47 (120.9 per sec) @ Ascaf_68:0-47437
PoolWorker-32,  processing 72327 (33791.0 per sec) reads @ Ascaf_50:0-70692
PoolWorker-32 countReadsInRegions_worker: processing 70 (31.4 per sec) @ Ascaf_50:0-70692
PoolWorker-32,  processing 854059 (32066.5 per sec) reads @ chr1:25000000-30000000
PoolWorker-32 countReadsInRegions_worker: processing 5000 (183.1 per sec) @ chr1:25000000-30000000
PoolWorker-32,  processing 1673 (43677.1 per sec) reads @ Ascaf_145:0-15510
PoolWorker-32 countReadsInRegions_worker: processing 15 (186.3 per sec) @ Ascaf_145:0-15510
PoolWorker-32,  processing 868315 (33268.2 per sec) reads @ chr12:5000000-10000000
PoolWorker-32 countReadsInRegions_worker: processing 5000 (188.1 per sec) @ chr12:5000000-10000000
PoolWorker-32,  processing 893343 (32349.9 per sec) reads @ chr5:0-5000000
PoolWorker-32 countReadsInRegions_worker: processing 5000 (177.6 per sec) @ chr5:0-5000000
PoolWorker-32,  processing 161907 (36243.4 per sec) reads @ Ascaf_89:0-36000
PoolWorker-32 countReadsInRegions_worker: processing 36 (7.9 per sec) @ Ascaf_89:0-36000
PoolWorker-32,  processing 665483 (32412.5 per sec) reads @ chr7:30000000-33914388
PoolWorker-32 countReadsInRegions_worker: processing 3914 (187.6 per sec) @ chr7:30000000-33914388
PoolWorker-32,  processing 856305 (33288.5 per sec) reads @ chr9:0-5000000
PoolWorker-32 countReadsInRegions_worker: processing 5000 (190.5 per sec) @ chr9:0-5000000
PoolWorker-32,  processing 864335 (32548.6 per sec) reads @ chr1:0-5000000
PoolWorker-32 countReadsInRegions_worker: processing 5000 (185.6 per sec) @ chr1:0-5000000
PoolWorker-32,  processing 16956 (29894.7 per sec) reads @ Ascaf_56:0-58445
PoolWorker-32 countReadsInRegions_worker: processing 58 (94.6 per sec) @ Ascaf_56:0-58445
PoolWorker-32,  processing 20383 (36580.6 per sec) reads @ Ascaf_84:0-38148
PoolWorker-32 countReadsInRegions_worker: processing 38 (63.3 per sec) @ Ascaf_84:0-38148
PoolWorker-21,  processing 5282 (59791.7 per sec) reads @ Ascaf_66:0-47454
PoolWorker-21 countReadsInRegions_worker: processing 47 (478.6 per sec) @ Ascaf_66:0-47454
PoolWorker-21,  processing 6225 (68837.0 per sec) reads @ Ascaf_54:0-60000
PoolWorker-21 countReadsInRegions_worker: processing 60 (601.0 per sec) @ Ascaf_54:0-60000
PoolWorker-21,  processing 877287 (31679.0 per sec) reads @ chr4:10000000-15000000
PoolWorker-21 countReadsInRegions_worker: processing 5000 (176.5 per sec) @ chr4:10000000-15000000
PoolWorker-21,  processing 836899 (32717.7 per sec) reads @ chr20:5000000-10000000
PoolWorker-21 countReadsInRegions_worker: processing 5000 (191.2 per sec) @ chr20:5000000-10000000
PoolWorker-21,  processing 860503 (33074.0 per sec) reads @ chr6:10000000-15000000
PoolWorker-21 countReadsInRegions_worker: processing 5000 (188.6 per sec) @ chr6:10000000-15000000
PoolWorker-21,  processing 845318 (32202.3 per sec) reads @ chr11:0-5000000
PoolWorker-21 countReadsInRegions_worker: processing 5000 (186.7 per sec) @ chr11:0-5000000
PoolWorker-21,  processing 895572 (33261.8 per sec) reads @ chr16:0-5000000
PoolWorker-21 countReadsInRegions_worker: processing 5000 (182.8 per sec) @ chr16:0-5000000
PoolWorker-21,  processing 155341 (32675.3 per sec) reads @ Ascaf_26:0-156806
PoolWorker-21 countReadsInRegions_worker: processing 156 (31.9 per sec) @ Ascaf_26:0-156806
PoolWorker-21,  processing 115978 (34988.2 per sec) reads @ Ascaf_27:0-155775
PoolWorker-21 countReadsInRegions_worker: processing 155 (45.6 per sec) @ Ascaf_27:0-155775
PoolWorker-21,  processing 3569 (33378.2 per sec) reads @ Ascaf_103:0-30986
PoolWorker-21 countReadsInRegions_worker: processing 30 (201.6 per sec) @ Ascaf_103:0-30986
PoolWorker-21,  processing 4492 (38603.7 per sec) reads @ Ascaf_82:0-39089
PoolWorker-21 countReadsInRegions_worker: processing 39 (247.9 per sec) @ Ascaf_82:0-39089
PoolWorker-21,  processing 890770 (35832.0 per sec) reads @ chr7:15000000-20000000
PoolWorker-21 countReadsInRegions_worker: processing 5000 (196.9 per sec) @ chr7:15000000-20000000
PoolWorker-28,  processing 33997 (30690.4 per sec) reads @ Ascaf_107:0-29490
PoolWorker-28 countReadsInRegions_worker: processing 29 (25.6 per sec) @ Ascaf_107:0-29490
PoolWorker-28,  processing 54143 (34466.6 per sec) reads @ Ascaf_48:0-71747
PoolWorker-28 countReadsInRegions_worker: processing 71 (42.8 per sec) @ Ascaf_48:0-71747
PoolWorker-28,  processing 6673 (31531.5 per sec) reads @ Ascaf_83:0-38959
PoolWorker-28 countReadsInRegions_worker: processing 38 (137.1 per sec) @ Ascaf_83:0-38959
PoolWorker-28,  processing 832985 (31934.6 per sec) reads @ chr2:5000000-10000000
PoolWorker-28 countReadsInRegions_worker: processing 5000 (187.0 per sec) @ chr2:5000000-10000000
PoolWorker-28,  processing 73534 (34070.5 per sec) reads @ Ascaf_35:0-99371
PoolWorker-28 countReadsInRegions_worker: processing 99 (44.4 per sec) @ Ascaf_35:0-99371
PoolWorker-28,  processing 4024 (36331.1 per sec) reads @ Ascaf_168:0-25000
PoolWorker-28 countReadsInRegions_worker: processing 25 (163.4 per sec) @ Ascaf_168:0-25000
PoolWorker-28,  processing 20874 (35633.9 per sec) reads @ Ascaf_129:0-19000
PoolWorker-28 countReadsInRegions_worker: processing 19 (29.6 per sec) @ Ascaf_129:0-19000
PoolWorker-28,  processing 3284 (36559.9 per sec) reads @ Ascaf_136:0-17062
PoolWorker-28 countReadsInRegions_worker: processing 17 (130.3 per sec) @ Ascaf_136:0-17062
PoolWorker-28,  processing 866412 (32267.7 per sec) reads @ chr15:0-5000000
PoolWorker-28 countReadsInRegions_worker: processing 5000 (182.3 per sec) @ chr15:0-5000000
PoolWorker-28,  processing 863468 (32736.0 per sec) reads @ chr9:5000000-10000000
PoolWorker-28 countReadsInRegions_worker: processing 5000 (186.6 per sec) @ chr9:5000000-10000000
PoolWorker-28,  processing 63586 (35721.4 per sec) reads @ Ascaf_113:0-24387
PoolWorker-28 countReadsInRegions_worker: processing 24 (13.1 per sec) @ Ascaf_113:0-24387
PoolWorker-28,  processing 892888 (33128.5 per sec) reads @ chr12:10000000-15000000
PoolWorker-28 countReadsInRegions_worker: processing 5000 (182.3 per sec) @ chr12:10000000-15000000
PoolWorker-28,  processing 2432 (38209.4 per sec) reads @ Ascaf_130:0-18457
PoolWorker-28 countReadsInRegions_worker: processing 18 (168.5 per sec) @ Ascaf_130:0-18457
PoolWorker-28,  processing 4053 (36250.9 per sec) reads @ Ascaf_95:0-33544
PoolWorker-28 countReadsInRegions_worker: processing 33 (214.3 per sec) @ Ascaf_95:0-33544
PoolWorker-28,  processing 882036 (32745.0 per sec) reads @ chr20:10000000-15000000
PoolWorker-28 countReadsInRegions_worker: processing 5000 (182.7 per sec) @ chr20:10000000-15000000
PoolWorker-28,  processing 928971 (36205.9 per sec) reads @ chr18:0-5000000
PoolWorker-28 countReadsInRegions_worker: processing 5000 (192.6 per sec) @ chr18:0-5000000
PoolWorker-20,  processing 6555 (22261.2 per sec) reads @ Ascaf_80:0-41014
PoolWorker-20 countReadsInRegions_worker: processing 41 (134.6 per sec) @ Ascaf_80:0-41014
PoolWorker-20,  processing 8981 (34940.9 per sec) reads @ Ascaf_62:0-52951
PoolWorker-20 countReadsInRegions_worker: processing 52 (163.5 per sec) @ Ascaf_62:0-52951
PoolWorker-20,  processing 32027 (31025.5 per sec) reads @ Ascaf_23:0-264707
PoolWorker-20 countReadsInRegions_worker: processing 264 (238.4 per sec) @ Ascaf_23:0-264707
PoolWorker-20,  processing 9791 (35688.2 per sec) reads @ Ascaf_61:0-54508
PoolWorker-20 countReadsInRegions_worker: processing 54 (154.0 per sec) @ Ascaf_61:0-54508
PoolWorker-20,  processing 5356 (40687.3 per sec) reads @ Ascaf_100:0-32247
PoolWorker-20 countReadsInRegions_worker: processing 32 (164.8 per sec) @ Ascaf_100:0-32247
PoolWorker-20,  processing 131595 (34243.8 per sec) reads @ Ascaf_39:0-92659
PoolWorker-20 countReadsInRegions_worker: processing 92 (23.0 per sec) @ Ascaf_39:0-92659
PoolWorker-20,  processing 82979 (33279.4 per sec) reads @ Ascaf_34:0-101478
PoolWorker-20 countReadsInRegions_worker: processing 101 (39.3 per sec) @ Ascaf_34:0-101478
PoolWorker-20,  processing 2890 (26343.2 per sec) reads @ Ascaf_132:0-17867
PoolWorker-20 countReadsInRegions_worker: processing 17 (84.7 per sec) @ Ascaf_132:0-17867
PoolWorker-20,  processing 8691 (33355.6 per sec) reads @ Ascaf_63:0-51776
PoolWorker-20 countReadsInRegions_worker: processing 51 (158.5 per sec) @ Ascaf_63:0-51776
PoolWorker-20,  processing 854333 (31977.0 per sec) reads @ chr19:5000000-10000000
PoolWorker-20 countReadsInRegions_worker: processing 5000 (183.8 per sec) @ chr19:5000000-10000000
PoolWorker-20,  processing 140092 (33388.3 per sec) reads @ Ascaf_25:0-178627
PoolWorker-20 countReadsInRegions_worker: processing 178 (41.3 per sec) @ Ascaf_25:0-178627
PoolWorker-20,  processing 4300 (38068.9 per sec) reads @ Ascaf_109:0-28244
PoolWorker-20 countReadsInRegions_worker: processing 28 (180.2 per sec) @ Ascaf_109:0-28244
PoolWorker-20,  processing 995 (34293.9 per sec) reads @ Ascaf_154:0-6709
PoolWorker-20 countReadsInRegions_worker: processing 6 (84.3 per sec) @ Ascaf_154:0-6709
PoolWorker-20,  processing 852981 (32478.6 per sec) reads @ chr2:15000000-20000000
PoolWorker-20 countReadsInRegions_worker: processing 5000 (187.0 per sec) @ chr2:15000000-20000000
PoolWorker-20,  processing 1281 (36303.4 per sec) reads @ Ascaf_151:0-13242
PoolWorker-20 countReadsInRegions_worker: processing 13 (158.2 per sec) @ Ascaf_151:0-13242
PoolWorker-20,  processing 738397 (32113.4 per sec) reads @ chr9:20000000-24303205
PoolWorker-20 countReadsInRegions_worker: processing 4303 (183.5 per sec) @ chr9:20000000-24303205
PoolWorker-20,  processing 861449 (32567.3 per sec) reads @ chr11:5000000-10000000
PoolWorker-20 countReadsInRegions_worker: processing 5000 (186.4 per sec) @ chr11:5000000-10000000
PoolWorker-20,  processing 5491 (32776.2 per sec) reads @ Ascaf_104:0-29894
PoolWorker-20 countReadsInRegions_worker: processing 29 (133.1 per sec) @ Ascaf_104:0-29894
PoolWorker-20,  processing 883856 (32207.4 per sec) reads @ chr12:0-5000000
PoolWorker-20 countReadsInRegions_worker: processing 5000 (179.5 per sec) @ chr12:0-5000000
PoolWorker-20,  processing 863745 (36345.5 per sec) reads @ chr2:10000000-15000000
PoolWorker-20 countReadsInRegions_worker: processing 5000 (208.4 per sec) @ chr2:10000000-15000000
PoolWorker-18,  processing 3144 (65131.1 per sec) reads @ Ascaf_127:0-19159
PoolWorker-18 countReadsInRegions_worker: processing 19 (327.0 per sec) @ Ascaf_127:0-19159
PoolWorker-18,  processing 1049988 (32119.2 per sec) reads @ chr4:20000000-25000000
PoolWorker-18 countReadsInRegions_worker: processing 5000 (149.1 per sec) @ chr4:20000000-25000000
PoolWorker-18,  processing 976067 (33101.1 per sec) reads @ chr6:0-5000000
PoolWorker-18 countReadsInRegions_worker: processing 5000 (166.2 per sec) @ chr6:0-5000000
PoolWorker-18,  processing 890557 (33543.5 per sec) reads @ chr21:15000000-19873525
PoolWorker-18 countReadsInRegions_worker: processing 4873 (179.9 per sec) @ chr21:15000000-19873525
PoolWorker-18,  processing 877428 (32635.8 per sec) reads @ chr8:15000000-20000000
PoolWorker-18 countReadsInRegions_worker: processing 5000 (182.7 per sec) @ chr8:15000000-20000000
PoolWorker-18,  processing 880183 (33385.6 per sec) reads @ chr18:10000000-15000000
PoolWorker-18 countReadsInRegions_worker: processing 5000 (185.9 per sec) @ chr18:10000000-15000000
PoolWorker-18,  processing 856984 (34365.7 per sec) reads @ chr7:0-5000000
PoolWorker-18 countReadsInRegions_worker: processing 5000 (197.8 per sec) @ chr7:0-5000000
PoolWorker-18,  processing 1045 (36296.1 per sec) reads @ Ascaf_155:0-6589
PoolWorker-18 countReadsInRegions_worker: processing 6 (86.0 per sec) @ Ascaf_155:0-6589
PoolWorker-17,  processing 11170 (20616.2 per sec) reads @ Ascaf_58:0-57612
PoolWorker-17 countReadsInRegions_worker: processing 57 (101.4 per sec) @ Ascaf_58:0-57612
PoolWorker-17,  processing 6121 (32847.5 per sec) reads @ Ascaf_111:0-25158
PoolWorker-17 countReadsInRegions_worker: processing 25 (103.7 per sec) @ Ascaf_111:0-25158
PoolWorker-17,  processing 168016 (32027.6 per sec) reads @ chr4:40000000-40647937
PoolWorker-17 countReadsInRegions_worker: processing 647 (120.6 per sec) @ chr4:40000000-40647937
PoolWorker-17,  processing 877536 (32074.6 per sec) reads @ chr3:10000000-15000000
PoolWorker-17 countReadsInRegions_worker: processing 5000 (179.4 per sec) @ chr3:10000000-15000000
PoolWorker-17,  processing 870406 (32523.1 per sec) reads @ chr15:10000000-15000000
PoolWorker-17 countReadsInRegions_worker: processing 5000 (184.0 per sec) @ chr15:10000000-15000000
PoolWorker-17,  processing 251225 (35005.5 per sec) reads @ Ascaf_42:0-86089
PoolWorker-17 countReadsInRegions_worker: processing 86 (11.5 per sec) @ Ascaf_42:0-86089
PoolWorker-17,  processing 851683 (33170.2 per sec) reads @ chr9:15000000-20000000
PoolWorker-17 countReadsInRegions_worker: processing 5000 (191.1 per sec) @ chr9:15000000-20000000
PoolWorker-17,  processing 851384 (32987.9 per sec) reads @ chr1:5000000-10000000
PoolWorker-17 countReadsInRegions_worker: processing 5000 (189.9 per sec) @ chr1:5000000-10000000
PoolWorker-17,  processing 183 (49246.6 per sec) reads @ Ascaf_164:0-1000
PoolWorker-17 countReadsInRegions_worker: processing 1 (20.6 per sec) @ Ascaf_164:0-1000
PoolWorker-17,  processing 10041 (34146.1 per sec) reads @ Ascaf_161:0-1000
PoolWorker-17 countReadsInRegions_worker: processing 1 (3.0 per sec) @ Ascaf_161:0-1000
PoolWorker-17,  processing 852362 (32991.7 per sec) reads @ chr20:15000000-20000000
PoolWorker-17 countReadsInRegions_worker: processing 5000 (190.5 per sec) @ chr20:15000000-20000000
PoolWorker-17,  processing 844086 (35844.4 per sec) reads @ chr2:0-5000000
PoolWorker-17 countReadsInRegions_worker: processing 5000 (210.3 per sec) @ chr2:0-5000000
PoolWorker-22,  processing 584975 (30756.8 per sec) reads @ chr18:15000000-18483836
PoolWorker-22 countReadsInRegions_worker: processing 3483 (179.4 per sec) @ chr18:15000000-18483836
PoolWorker-22,  processing 51118 (33632.7 per sec) reads @ Ascaf_124:0-19772
PoolWorker-22 countReadsInRegions_worker: processing 19 (11.9 per sec) @ Ascaf_124:0-19772
PoolWorker-22,  processing 732032 (32611.8 per sec) reads @ chr19:20000000-23715829
PoolWorker-22 countReadsInRegions_worker: processing 3715 (162.2 per sec) @ chr19:20000000-23715829
PoolWorker-22,  processing 770240 (33471.3 per sec) reads @ chr10:15000000-19005646
PoolWorker-22 countReadsInRegions_worker: processing 4005 (171.0 per sec) @ chr10:15000000-19005646
PoolWorker-22,  processing 869336 (33516.0 per sec) reads @ chr7:10000000-15000000
PoolWorker-22 countReadsInRegions_worker: processing 5000 (189.1 per sec) @ chr7:10000000-15000000
PoolWorker-22,  processing 906 (26354.8 per sec) reads @ Ascaf_156:0-5652
PoolWorker-22 countReadsInRegions_worker: processing 5 (45.6 per sec) @ Ascaf_156:0-5652
PoolWorker-22,  processing 495 (66999.5 per sec) reads @ Ascaf_158:0-3231
PoolWorker-22 countReadsInRegions_worker: processing 3 (62.7 per sec) @ Ascaf_158:0-3231
PoolWorker-22,  processing 832968 (32950.5 per sec) reads @ chr6:15000000-20000000
PoolWorker-22 countReadsInRegions_worker: processing 5000 (194.0 per sec) @ chr6:15000000-20000000
PoolWorker-22,  processing 17781 (27614.2 per sec) reads @ Ascaf_37:0-98231
PoolWorker-22 countReadsInRegions_worker: processing 98 (143.0 per sec) @ Ascaf_37:0-98231
PoolWorker-22,  processing 860814 (32941.4 per sec) reads @ chr10:5000000-10000000
PoolWorker-22 countReadsInRegions_worker: processing 5000 (187.9 per sec) @ chr10:5000000-10000000
PoolWorker-22,  processing 853686 (36519.8 per sec) reads @ chr4:15000000-20000000
PoolWorker-22 countReadsInRegions_worker: processing 5000 (211.6 per sec) @ chr4:15000000-20000000
PoolWorker-22,  processing 16845 (28583.5 per sec) reads @ Ascaf_59:0-57475
PoolWorker-22 countReadsInRegions_worker: processing 57 (94.9 per sec) @ Ascaf_59:0-57475
PoolWorker-31,  processing 6488 (21012.0 per sec) reads @ Ascaf_85:0-37890
PoolWorker-31 countReadsInRegions_worker: processing 37 (113.1 per sec) @ Ascaf_85:0-37890
PoolWorker-31,  processing 883224 (31795.8 per sec) reads @ chr1:15000000-20000000
PoolWorker-31 countReadsInRegions_worker: processing 5000 (175.7 per sec) @ chr1:15000000-20000000
PoolWorker-31,  processing 862446 (32466.1 per sec) reads @ chr15:5000000-10000000
PoolWorker-31 countReadsInRegions_worker: processing 5000 (184.5 per sec) @ chr15:5000000-10000000
PoolWorker-31,  processing 63865 (33773.2 per sec) reads @ Ascaf_72:0-46000
PoolWorker-31 countReadsInRegions_worker: processing 46 (23.5 per sec) @ Ascaf_72:0-46000
PoolWorker-31,  processing 857867 (33527.8 per sec) reads @ chr15:15000000-20000000
PoolWorker-31 countReadsInRegions_worker: processing 5000 (191.6 per sec) @ chr15:15000000-20000000
PoolWorker-31,  processing 941037 (32735.6 per sec) reads @ chr20:0-5000000
PoolWorker-31 countReadsInRegions_worker: processing 5000 (170.5 per sec) @ chr20:0-5000000
PoolWorker-31,  processing 33446 (31708.0 per sec) reads @ Ascaf_73:0-44649
PoolWorker-31 countReadsInRegions_worker: processing 44 (39.5 per sec) @ Ascaf_73:0-44649
PoolWorker-31,  processing 304 (59677.5 per sec) reads @ Ascaf_157:0-3527
PoolWorker-31 countReadsInRegions_worker: processing 3 (32.8 per sec) @ Ascaf_157:0-3527
PoolWorker-31,  processing 867569 (33347.2 per sec) reads @ chr9:10000000-15000000
PoolWorker-31 countReadsInRegions_worker: processing 5000 (188.8 per sec) @ chr9:10000000-15000000
PoolWorker-31,  processing 52957 (30670.1 per sec) reads @ chr3:20000000-20313673
PoolWorker-31 countReadsInRegions_worker: processing 313 (176.0 per sec) @ chr3:20000000-20313673
PoolWorker-31,  processing 38475 (34378.0 per sec) reads @ Ascaf_137:0-17000
PoolWorker-31 countReadsInRegions_worker: processing 17 (14.4 per sec) @ Ascaf_137:0-17000
PoolWorker-31,  processing 5470 (37795.6 per sec) reads @ Ascaf_101:0-31946
PoolWorker-31 countReadsInRegions_worker: processing 31 (154.4 per sec) @ Ascaf_101:0-31946
PoolWorker-31,  processing 5519 (37314.5 per sec) reads @ Ascaf_94:0-33862
PoolWorker-31 countReadsInRegions_worker: processing 33 (174.1 per sec) @ Ascaf_94:0-33862
PoolWorker-31,  processing 863240 (34207.8 per sec) reads @ chr8:0-5000000
PoolWorker-31 countReadsInRegions_worker: processing 5000 (196.1 per sec) @ chr8:0-5000000
PoolWorker-31,  processing 417627 (65617.5 per sec) reads @ chr2:25000000-26977752
PoolWorker-31 countReadsInRegions_worker: processing 1977 (306.3 per sec) @ chr2:25000000-26977752
PoolWorker-31,  processing 71773 (69946.1 per sec) reads @ Ascaf_96:0-33398
PoolWorker-31 countReadsInRegions_worker: processing 33 (31.5 per sec) @ Ascaf_96:0-33398
PoolWorker-25,  processing 1956905 (31493.9 per sec) reads @ chr19:0-5000000
PoolWorker-25 countReadsInRegions_worker: processing 5000 (78.7 per sec) @ chr19:0-5000000
PoolWorker-25,  processing 840886 (32799.8 per sec) reads @ chr4:35000000-40000000
PoolWorker-25 countReadsInRegions_worker: processing 5000 (192.0 per sec) @ chr4:35000000-40000000
PoolWorker-25,  processing 1422 (40856.1 per sec) reads @ Ascaf_153:0-10046
PoolWorker-25 countReadsInRegions_worker: processing 10 (129.9 per sec) @ Ascaf_153:0-10046
PoolWorker-25,  processing 864249 (32815.8 per sec) reads @ chr8:10000000-15000000
PoolWorker-25 countReadsInRegions_worker: processing 5000 (187.0 per sec) @ chr8:10000000-15000000
PoolWorker-25,  processing 5613 (34279.1 per sec) reads @ Ascaf_93:0-34038
PoolWorker-25 countReadsInRegions_worker: processing 34 (162.9 per sec) @ Ascaf_93:0-34038
PoolWorker-25,  processing 1718 (43554.1 per sec) reads @ Ascaf_115:0-24004
PoolWorker-25 countReadsInRegions_worker: processing 24 (298.2 per sec) @ Ascaf_115:0-24004
PoolWorker-25,  processing 7801 (36418.2 per sec) reads @ Ascaf_142:0-15730
PoolWorker-25 countReadsInRegions_worker: processing 15 (58.8 per sec) @ Ascaf_142:0-15730
PoolWorker-25,  processing 876741 (33592.5 per sec) reads @ chr19:15000000-20000000
PoolWorker-25 countReadsInRegions_worker: processing 5000 (188.6 per sec) @ chr19:15000000-20000000
PoolWorker-25,  processing 1528 (42967.2 per sec) reads @ Ascaf_116:0-22916
PoolWorker-25 countReadsInRegions_worker: processing 22 (289.0 per sec) @ Ascaf_116:0-22916
PoolWorker-25,  processing 874375 (33838.3 per sec) reads @ chr3:5000000-10000000
PoolWorker-25 countReadsInRegions_worker: processing 5000 (191.8 per sec) @ chr3:5000000-10000000
PoolWorker-25,  processing 2023 (68105.6 per sec) reads @ Ascaf_139:0-16678
PoolWorker-25 countReadsInRegions_worker: processing 16 (419.6 per sec) @ Ascaf_139:0-16678
PoolWorker-25,  processing 879691 (67466.2 per sec) reads @ chr13:5000000-10000000
PoolWorker-25 countReadsInRegions_worker: processing 5000 (375.9 per sec) @ chr13:5000000-10000000
PoolWorker-27,  processing 829427 (31441.0 per sec) reads @ chr3:15000000-20000000
PoolWorker-27 countReadsInRegions_worker: processing 5000 (185.4 per sec) @ chr3:15000000-20000000
PoolWorker-27,  processing 858274 (32592.6 per sec) reads @ chr10:10000000-15000000
PoolWorker-27 countReadsInRegions_worker: processing 5000 (186.6 per sec) @ chr10:10000000-15000000
PoolWorker-27,  processing 882687 (33057.5 per sec) reads @ chr11:10000000-15000000
PoolWorker-27 countReadsInRegions_worker: processing 5000 (184.1 per sec) @ chr11:10000000-15000000
PoolWorker-27,  processing 2302 (33557.3 per sec) reads @ Ascaf_144:0-15519
PoolWorker-27 countReadsInRegions_worker: processing 15 (134.4 per sec) @ Ascaf_144:0-15519
PoolWorker-27,  processing 853564 (32858.1 per sec) reads @ chr1:10000000-15000000
PoolWorker-27 countReadsInRegions_worker: processing 5000 (189.3 per sec) @ chr1:10000000-15000000
PoolWorker-27,  processing 4923 (37688.0 per sec) reads @ Ascaf_99:0-33167
PoolWorker-27 countReadsInRegions_worker: processing 33 (185.9 per sec) @ Ascaf_99:0-33167
PoolWorker-27,  processing 700946 (33447.1 per sec) reads @ chr12:20000000-23704847
PoolWorker-27 countReadsInRegions_worker: processing 3704 (173.7 per sec) @ chr12:20000000-23704847
PoolWorker-27,  processing 12168 (30742.3 per sec) reads @ Ascaf_51:0-70629
PoolWorker-27 countReadsInRegions_worker: processing 70 (161.8 per sec) @ Ascaf_51:0-70629
PoolWorker-27,  processing 912810 (33171.7 per sec) reads @ chr5:10000000-15000000
PoolWorker-27 countReadsInRegions_worker: processing 5000 (178.6 per sec) @ chr5:10000000-15000000
PoolWorker-27,  processing 50693 (32539.5 per sec) reads @ Ascaf_24:0-187591
PoolWorker-27 countReadsInRegions_worker: processing 187 (113.4 per sec) @ Ascaf_24:0-187591
PoolWorker-27,  processing 7970 (34693.7 per sec) reads @ Ascaf_70:0-46916
PoolWorker-27 countReadsInRegions_worker: processing 46 (171.1 per sec) @ Ascaf_70:0-46916
PoolWorker-27,  processing 854425 (47323.6 per sec) reads @ chr14:10000000-15000000
PoolWorker-27 countReadsInRegions_worker: processing 5000 (273.5 per sec) @ chr14:10000000-15000000
PoolWorker-26,  processing 844145 (31132.0 per sec) reads @ chr17:0-5000000
PoolWorker-26 countReadsInRegions_worker: processing 5000 (180.3 per sec) @ chr17:0-5000000
PoolWorker-26,  processing 1643 (27713.6 per sec) reads @ Ascaf_140:0-15786
PoolWorker-26 countReadsInRegions_worker: processing 15 (147.3 per sec) @ Ascaf_140:0-15786
PoolWorker-26,  processing 858506 (33323.8 per sec) reads @ chr2:20000000-25000000
PoolWorker-26 countReadsInRegions_worker: processing 5000 (190.6 per sec) @ chr2:20000000-25000000
PoolWorker-26,  processing 861181 (32854.8 per sec) reads @ chr16:5000000-10000000
PoolWorker-26 countReadsInRegions_worker: processing 5000 (187.8 per sec) @ chr16:5000000-10000000
PoolWorker-26,  processing 78 (52420.4 per sec) reads @ Ascaf_165:0-1000
PoolWorker-26 countReadsInRegions_worker: processing 1 (18.3 per sec) @ Ascaf_165:0-1000
PoolWorker-26,  processing 225 (62589.1 per sec) reads @ Ascaf_159:0-3139
PoolWorker-26 countReadsInRegions_worker: processing 3 (81.3 per sec) @ Ascaf_159:0-3139
PoolWorker-26,  processing 33965 (34940.3 per sec) reads @ Ascaf_41:0-90399
PoolWorker-26 countReadsInRegions_worker: processing 90 (87.2 per sec) @ Ascaf_41:0-90399
PoolWorker-26,  processing 13644 (34823.3 per sec) reads @ Ascaf_166:0-50000
PoolWorker-26 countReadsInRegions_worker: processing 50 (111.7 per sec) @ Ascaf_166:0-50000
PoolWorker-26,  processing 6944 (33483.8 per sec) reads @ Ascaf_150:0-13271
PoolWorker-26 countReadsInRegions_worker: processing 13 (53.3 per sec) @ Ascaf_150:0-13271
PoolWorker-26,  processing 6204 (22715.7 per sec) reads @ Ascaf_87:0-36937
PoolWorker-26 countReadsInRegions_worker: processing 36 (109.0 per sec) @ Ascaf_87:0-36937
PoolWorker-26,  processing 2852 (44202.6 per sec) reads @ Ascaf_141:0-15738
PoolWorker-26 countReadsInRegions_worker: processing 15 (143.4 per sec) @ Ascaf_141:0-15738
PoolWorker-26,  processing 2602 (40126.4 per sec) reads @ Ascaf_167:0-25000
PoolWorker-26 countReadsInRegions_worker: processing 25 (236.2 per sec) @ Ascaf_167:0-25000
PoolWorker-26,  processing 863368 (33412.9 per sec) reads @ chr16:10000000-15000000
PoolWorker-26 countReadsInRegions_worker: processing 5000 (190.5 per sec) @ chr16:10000000-15000000
PoolWorker-26,  processing 855228 (33079.2 per sec) reads @ chr17:15000000-20000000
PoolWorker-26 countReadsInRegions_worker: processing 5000 (190.5 per sec) @ chr17:15000000-20000000
PoolWorker-26,  processing 11958 (35047.2 per sec) reads @ Ascaf_49:0-70996
PoolWorker-26 countReadsInRegions_worker: processing 70 (181.9 per sec) @ Ascaf_49:0-70996
PoolWorker-26,  processing 3637 (38494.9 per sec) reads @ Ascaf_125:0-19664
PoolWorker-26 countReadsInRegions_worker: processing 19 (140.4 per sec) @ Ascaf_125:0-19664
PoolWorker-26,  processing 366076 (33799.8 per sec) reads @ chr16:20000000-22188971
PoolWorker-26 countReadsInRegions_worker: processing 2188 (198.5 per sec) @ chr16:20000000-22188971
PoolWorker-26,  processing 629277 (33293.5 per sec) reads @ chr14:15000000-18637407
PoolWorker-26 countReadsInRegions_worker: processing 3637 (190.8 per sec) @ chr14:15000000-18637407
PoolWorker-26,  processing 856267 (59998.4 per sec) reads @ chr19:10000000-15000000
PoolWorker-26 countReadsInRegions_worker: processing 5000 (346.2 per sec) @ chr19:10000000-15000000
PoolWorker-26,  processing 173836 (73776.8 per sec) reads @ Ascaf_45:0-74461
PoolWorker-26 countReadsInRegions_worker: processing 74 (30.9 per sec) @ Ascaf_45:0-74461
PoolWorker-24,  processing 8261 (69416.6 per sec) reads @ Ascaf_118:0-22120
PoolWorker-24 countReadsInRegions_worker: processing 22 (142.8 per sec) @ Ascaf_118:0-22120
PoolWorker-24,  processing 44223 (53799.9 per sec) reads @ Ascaf_79:0-41364
PoolWorker-24 countReadsInRegions_worker: processing 41 (48.9 per sec) @ Ascaf_79:0-41364
PoolWorker-24,  processing 110475 (34653.6 per sec) reads @ Ascaf_98:0-33222
PoolWorker-24 countReadsInRegions_worker: processing 33 (10.0 per sec) @ Ascaf_98:0-33222
PoolWorker-24,  processing 5612 (30858.6 per sec) reads @ Ascaf_91:0-34837
PoolWorker-24 countReadsInRegions_worker: processing 34 (139.0 per sec) @ Ascaf_91:0-34837
PoolWorker-24,  processing 882879 (31987.8 per sec) reads @ chr13:15000000-20000000
PoolWorker-24 countReadsInRegions_worker: processing 5000 (177.7 per sec) @ chr13:15000000-20000000
PoolWorker-24,  processing 53221 (35489.2 per sec) reads @ Ascaf_114:0-24031
PoolWorker-24 countReadsInRegions_worker: processing 24 (15.3 per sec) @ Ascaf_114:0-24031
PoolWorker-24,  processing 833179 (32335.7 per sec) reads @ chr21:5000000-10000000
PoolWorker-24 countReadsInRegions_worker: processing 5000 (191.2 per sec) @ chr21:5000000-10000000
PoolWorker-24,  processing 857509 (33107.2 per sec) reads @ chr18:5000000-10000000
PoolWorker-24 countReadsInRegions_worker: processing 5000 (189.1 per sec) @ chr18:5000000-10000000
PoolWorker-24,  processing 114208 (35710.1 per sec) reads @ Ascaf_120:0-22000
PoolWorker-24 countReadsInRegions_worker: processing 22 (6.7 per sec) @ Ascaf_120:0-22000
PoolWorker-24,  processing 1861 (46373.0 per sec) reads @ Ascaf_152:0-12206
PoolWorker-24 countReadsInRegions_worker: processing 12 (148.2 per sec) @ Ascaf_152:0-12206
PoolWorker-24,  processing 41616 (32493.6 per sec) reads @ Ascaf_57:0-58000
PoolWorker-24 countReadsInRegions_worker: processing 58 (43.2 per sec) @ Ascaf_57:0-58000
PoolWorker-24,  processing 960172 (33162.5 per sec) reads @ chr14:0-5000000
PoolWorker-24 countReadsInRegions_worker: processing 5000 (169.1 per sec) @ chr14:0-5000000
PoolWorker-24,  processing 847225 (33472.2 per sec) reads @ chr21:10000000-15000000
PoolWorker-24 countReadsInRegions_worker: processing 5000 (194.3 per sec) @ chr21:10000000-15000000
PoolWorker-24,  processing 4156 (37346.6 per sec) reads @ Ascaf_126:0-19574
PoolWorker-24 countReadsInRegions_worker: processing 19 (123.3 per sec) @ Ascaf_126:0-19574
PoolWorker-24,  processing 293 (46294.4 per sec) reads @ Ascaf_163:0-1000
PoolWorker-24 countReadsInRegions_worker: processing 1 (21.3 per sec) @ Ascaf_163:0-1000
PoolWorker-24,  processing 23567 (33865.5 per sec) reads @ Ascaf_71:0-32519
PoolWorker-24 countReadsInRegions_worker: processing 32 (43.3 per sec) @ Ascaf_71:0-32519
PoolWorker-24,  processing 7887 (35765.8 per sec) reads @ Ascaf_81:0-40000
PoolWorker-24 countReadsInRegions_worker: processing 40 (151.2 per sec) @ Ascaf_81:0-40000
PoolWorker-24,  processing 826552 (37156.0 per sec) reads @ chr7:25000000-30000000
PoolWorker-24 countReadsInRegions_worker: processing 5000 (222.4 per sec) @ chr7:25000000-30000000
PoolWorker-24,  processing 853401 (68097.9 per sec) reads @ chr7:5000000-10000000
PoolWorker-24 countReadsInRegions_worker: processing 5000 (393.2 per sec) @ chr7:5000000-10000000
PoolWorker-24,  processing 2655 (82407.4 per sec) reads @ Ascaf_148:0-14976
PoolWorker-24 countReadsInRegions_worker: processing 14 (342.0 per sec) @ Ascaf_148:0-14976
PoolWorker-23,  processing 751779 (31382.5 per sec) reads @ chr17:20000000-23682274
PoolWorker-23 countReadsInRegions_worker: processing 3682 (150.3 per sec) @ chr17:20000000-23682274
PoolWorker-23,  processing 27797 (35241.7 per sec) reads @ Ascaf_105:0-29809
PoolWorker-23 countReadsInRegions_worker: processing 29 (34.7 per sec) @ Ascaf_105:0-29809
PoolWorker-23,  processing 5724 (38578.7 per sec) reads @ Ascaf_88:0-36907
PoolWorker-23 countReadsInRegions_worker: processing 36 (190.1 per sec) @ Ascaf_88:0-36907
PoolWorker-23,  processing 94481 (35522.5 per sec) reads @ Ascaf_38:0-95573
PoolWorker-23 countReadsInRegions_worker: processing 95 (34.6 per sec) @ Ascaf_38:0-95573
PoolWorker-23,  processing 95108 (34078.0 per sec) reads @ Ascaf_28:0-145740
PoolWorker-23 countReadsInRegions_worker: processing 145 (50.2 per sec) @ Ascaf_28:0-145740
PoolWorker-23,  processing 5266 (32872.9 per sec) reads @ Ascaf_122:0-20728
PoolWorker-23 countReadsInRegions_worker: processing 20 (93.1 per sec) @ Ascaf_122:0-20728
PoolWorker-23,  processing 148606 (34428.7 per sec) reads @ Ascaf_30:0-130979
PoolWorker-23 countReadsInRegions_worker: processing 130 (29.5 per sec) @ Ascaf_30:0-130979
PoolWorker-23,  processing 3838 (40090.6 per sec) reads @ Ascaf_112:0-24428
PoolWorker-23 countReadsInRegions_worker: processing 24 (175.5 per sec) @ Ascaf_112:0-24428
PoolWorker-23,  processing 867396 (33081.2 per sec) reads @ chr6:5000000-10000000
PoolWorker-23 countReadsInRegions_worker: processing 5000 (187.8 per sec) @ chr6:5000000-10000000
PoolWorker-23,  processing 864419 (33452.1 per sec) reads @ chr12:15000000-20000000
PoolWorker-23 countReadsInRegions_worker: processing 5000 (190.5 per sec) @ chr12:15000000-20000000
PoolWorker-23,  processing 7586 (34831.7 per sec) reads @ Ascaf_76:0-42514
PoolWorker-23 countReadsInRegions_worker: processing 42 (160.6 per sec) @ Ascaf_76:0-42514
PoolWorker-23,  processing 20590 (35620.3 per sec) reads @ Ascaf_64:0-51000
PoolWorker-23 countReadsInRegions_worker: processing 51 (78.3 per sec) @ Ascaf_64:0-51000
PoolWorker-23,  processing 2425 (42092.0 per sec) reads @ Ascaf_149:0-13452
PoolWorker-23 countReadsInRegions_worker: processing 13 (131.5 per sec) @ Ascaf_149:0-13452
PoolWorker-23,  processing 776227 (32850.7 per sec) reads @ chr21:0-5000000
PoolWorker-23 countReadsInRegions_worker: processing 5000 (208.5 per sec) @ chr21:0-5000000
PoolWorker-23,  processing 236 (16460.8 per sec) reads @ Ascaf_162:0-1000
PoolWorker-23 countReadsInRegions_worker: processing 1 (18.3 per sec) @ Ascaf_162:0-1000
PoolWorker-23,  processing 2614 (26540.3 per sec) reads @ Ascaf_147:0-15099
PoolWorker-23 countReadsInRegions_worker: processing 15 (114.3 per sec) @ Ascaf_147:0-15099
PoolWorker-23,  processing 22662 (36385.1 per sec) reads @ Ascaf_55:0-59833
PoolWorker-23 countReadsInRegions_worker: processing 59 (88.2 per sec) @ Ascaf_55:0-59833
PoolWorker-23,  processing 4162 (37278.5 per sec) reads @ Ascaf_128:0-19120
PoolWorker-23 countReadsInRegions_worker: processing 19 (132.0 per sec) @ Ascaf_128:0-19120
PoolWorker-23,  processing 216871 (33076.3 per sec) reads @ chr6:20000000-21248438
PoolWorker-23 countReadsInRegions_worker: processing 1248 (186.8 per sec) @ chr6:20000000-21248438
PoolWorker-23,  processing 79223 (35242.2 per sec) reads @ Ascaf_74:0-44000
PoolWorker-23 countReadsInRegions_worker: processing 44 (19.0 per sec) @ Ascaf_74:0-44000
PoolWorker-23,  processing 917797 (33585.8 per sec) reads @ chr17:10000000-15000000
PoolWorker-23 countReadsInRegions_worker: processing 5000 (180.0 per sec) @ chr17:10000000-15000000
PoolWorker-23,  processing 15857 (33810.9 per sec) reads @ Ascaf_40:0-90738
PoolWorker-23 countReadsInRegions_worker: processing 90 (161.3 per sec) @ Ascaf_40:0-90738
PoolWorker-23,  processing 31420 (34316.9 per sec) reads @ Ascaf_32:0-110405
PoolWorker-23 countReadsInRegions_worker: processing 110 (114.2 per sec) @ Ascaf_32:0-110405
PoolWorker-23,  processing 154379 (35602.5 per sec) reads @ Ascaf_33:0-106103
PoolWorker-23 countReadsInRegions_worker: processing 106 (23.9 per sec) @ Ascaf_33:0-106103
PoolWorker-23,  processing 763270 (43273.3 per sec) reads @ chr1:30000000-33917795
PoolWorker-23 countReadsInRegions_worker: processing 3917 (219.6 per sec) @ chr1:30000000-33917795
PoolWorker-23,  processing 912804 (75162.2 per sec) reads @ chr3:0-5000000
PoolWorker-23 countReadsInRegions_worker: processing 5000 (404.9 per sec) @ chr3:0-5000000
PoolWorker-23,  processing 6685 (39758.6 per sec) reads @ Ascaf_78:0-41577
PoolWorker-23 countReadsInRegions_worker: processing 41 (233.9 per sec) @ Ascaf_78:0-41577
PoolWorker-23,  processing 115120 (83182.8 per sec) reads @ Ascaf_53:0-64139
PoolWorker-23 countReadsInRegions_worker: processing 64 (45.5 per sec) @ Ascaf_53:0-64139
PoolWorker-29,  processing 8306 (66056.9 per sec) reads @ Ascaf_133:0-49732
PoolWorker-29 countReadsInRegions_worker: processing 49 (360.8 per sec) @ Ascaf_133:0-49732
PoolWorker-29,  processing 5271 (64516.5 per sec) reads @ Ascaf_67:0-40269
PoolWorker-29 countReadsInRegions_worker: processing 40 (441.0 per sec) @ Ascaf_67:0-40269
PoolWorker-29,  processing 5560 (64790.6 per sec) reads @ Ascaf_108:0-29345
PoolWorker-29 countReadsInRegions_worker: processing 29 (305.3 per sec) @ Ascaf_108:0-29345
PoolWorker-29,  processing 2926 (70075.5 per sec) reads @ Ascaf_134:0-17659
PoolWorker-29 countReadsInRegions_worker: processing 17 (337.1 per sec) @ Ascaf_134:0-17659
PoolWorker-29,  processing 1014193 (32453.9 per sec) reads @ chr1:20000000-25000000
PoolWorker-29 countReadsInRegions_worker: processing 5000 (156.4 per sec) @ chr1:20000000-25000000
PoolWorker-29,  processing 4419 (37930.7 per sec) reads @ Ascaf_102:0-31073
PoolWorker-29 countReadsInRegions_worker: processing 31 (189.5 per sec) @ Ascaf_102:0-31073
PoolWorker-29,  processing 846025 (33184.7 per sec) reads @ chr14:5000000-10000000
PoolWorker-29 countReadsInRegions_worker: processing 5000 (191.5 per sec) @ chr14:5000000-10000000
PoolWorker-29,  processing 57797 (33162.8 per sec) reads @ Ascaf_119:0-22101
PoolWorker-29 countReadsInRegions_worker: processing 22 (12.1 per sec) @ Ascaf_119:0-22101
PoolWorker-29,  processing 798029 (33109.8 per sec) reads @ chr11:15000000-19299255
PoolWorker-29 countReadsInRegions_worker: processing 4299 (175.4 per sec) @ chr11:15000000-19299255
PoolWorker-29,  processing 119040 (34960.3 per sec) reads @ Ascaf_43:0-83995
PoolWorker-29 countReadsInRegions_worker: processing 83 (23.7 per sec) @ Ascaf_43:0-83995
PoolWorker-29,  processing 33162 (35977.1 per sec) reads @ Ascaf_90:0-35566
PoolWorker-29 countReadsInRegions_worker: processing 35 (36.1 per sec) @ Ascaf_90:0-35566
PoolWorker-29,  processing 861771 (32853.0 per sec) reads @ chr13:10000000-15000000
PoolWorker-29 countReadsInRegions_worker: processing 5000 (187.4 per sec) @ chr13:10000000-15000000
PoolWorker-29,  processing 3568 (31645.0 per sec) reads @ Ascaf_97:0-33357
PoolWorker-29 countReadsInRegions_worker: processing 33 (211.7 per sec) @ Ascaf_97:0-33357
PoolWorker-29,  processing 40703 (35805.2 per sec) reads @ Ascaf_44:0-77777
PoolWorker-29 countReadsInRegions_worker: processing 77 (64.3 per sec) @ Ascaf_44:0-77777
PoolWorker-29,  processing 943979 (33199.2 per sec) reads @ chr17:5000000-10000000
PoolWorker-29 countReadsInRegions_worker: processing 5000 (172.8 per sec) @ chr17:5000000-10000000
PoolWorker-29,  processing 3273 (37053.4 per sec) reads @ Ascaf_121:0-21431
PoolWorker-29 countReadsInRegions_worker: processing 21 (177.1 per sec) @ Ascaf_121:0-21431
PoolWorker-29,  processing 2282 (47939.2 per sec) reads @ Ascaf_146:0-15502
PoolWorker-29 countReadsInRegions_worker: processing 15 (169.5 per sec) @ Ascaf_146:0-15502
PoolWorker-29,  processing 31706 (34604.4 per sec) reads @ Ascaf_29:0-143722
PoolWorker-29 countReadsInRegions_worker: processing 143 (146.3 per sec) @ Ascaf_29:0-143722
PoolWorker-29,  processing 984676 (38701.6 per sec) reads @ chr7:20000000-25000000
PoolWorker-29 countReadsInRegions_worker: processing 5000 (194.3 per sec) @ chr7:20000000-25000000
PoolWorker-29,  processing 871027 (70810.0 per sec) reads @ chr4:5000000-10000000
PoolWorker-29 countReadsInRegions_worker: processing 5000 (400.1 per sec) @ chr4:5000000-10000000
output file: /storage/scratch/iee/dj20y461/Stickleback/Y_comp/Sex_chrom_stats/Read_depths/Gw/depths/2007MA_F_1.1kb.RPKM.depth
