genome partition size for multiprocessing: 1000000
using 16 processors for 657 number of tasks
Final scaling factor: 0.0107445226814
PoolWorker-19,  processing 903086 (33639.8 per sec) reads @ chr4:0-5000000
PoolWorker-19 countReadsInRegions_worker: processing 5000 (181.6 per sec) @ chr4:0-5000000
PoolWorker-19,  processing 899 (29303.4 per sec) reads @ Ascaf_156:0-5652
PoolWorker-19 countReadsInRegions_worker: processing 5 (70.8 per sec) @ Ascaf_156:0-5652
PoolWorker-19,  processing 3849 (28832.5 per sec) reads @ Ascaf_60:0-24766
PoolWorker-19 countReadsInRegions_worker: processing 24 (137.9 per sec) @ Ascaf_60:0-24766
PoolWorker-19,  processing 5846 (32804.9 per sec) reads @ Ascaf_108:0-29345
PoolWorker-19 countReadsInRegions_worker: processing 29 (131.9 per sec) @ Ascaf_108:0-29345
PoolWorker-19,  processing 2642 (39827.5 per sec) reads @ Ascaf_134:0-17659
PoolWorker-19 countReadsInRegions_worker: processing 17 (156.0 per sec) @ Ascaf_134:0-17659
PoolWorker-19,  processing 534030 (36334.9 per sec) reads @ Ascaf_42:0-86089
PoolWorker-19 countReadsInRegions_worker: processing 86 (5.8 per sec) @ Ascaf_42:0-86089
PoolWorker-19,  processing 773433 (35114.1 per sec) reads @ chr8:5000000-10000000
PoolWorker-19 countReadsInRegions_worker: processing 5000 (223.6 per sec) @ chr8:5000000-10000000
PoolWorker-19,  processing 1145135 (35562.7 per sec) reads @ chr1:20000000-25000000
PoolWorker-19 countReadsInRegions_worker: processing 5000 (152.2 per sec) @ chr1:20000000-25000000
PoolWorker-19,  processing 757051 (34903.3 per sec) reads @ chr7:25000000-30000000
PoolWorker-19 countReadsInRegions_worker: processing 5000 (226.6 per sec) @ chr7:25000000-30000000
PoolWorker-19,  processing 12715 (37863.6 per sec) reads @ Ascaf_56:0-58445
PoolWorker-19 countReadsInRegions_worker: processing 58 (152.9 per sec) @ Ascaf_56:0-58445
PoolWorker-19,  processing 1199 (31957.2 per sec) reads @ Ascaf_154:0-6709
PoolWorker-19 countReadsInRegions_worker: processing 6 (74.6 per sec) @ Ascaf_154:0-6709
PoolWorker-19,  processing 812819 (35406.5 per sec) reads @ chr14:5000000-10000000
PoolWorker-19 countReadsInRegions_worker: processing 5000 (214.3 per sec) @ chr14:5000000-10000000
PoolWorker-32,  processing 6961 (38926.6 per sec) reads @ Ascaf_66:0-47454
PoolWorker-32 countReadsInRegions_worker: processing 47 (222.8 per sec) @ Ascaf_66:0-47454
PoolWorker-32,  processing 779882 (34247.0 per sec) reads @ chr1:5000000-10000000
PoolWorker-32 countReadsInRegions_worker: processing 5000 (213.7 per sec) @ chr1:5000000-10000000
PoolWorker-32,  processing 23005 (37958.9 per sec) reads @ Ascaf_31:0-121444
PoolWorker-32 countReadsInRegions_worker: processing 121 (182.8 per sec) @ Ascaf_31:0-121444
PoolWorker-32,  processing 874358 (34352.7 per sec) reads @ chr4:35000000-40000000
PoolWorker-32 countReadsInRegions_worker: processing 5000 (191.1 per sec) @ chr4:35000000-40000000
PoolWorker-32,  processing 796914 (35392.7 per sec) reads @ chr8:15000000-20000000
PoolWorker-32 countReadsInRegions_worker: processing 5000 (217.6 per sec) @ chr8:15000000-20000000
PoolWorker-32,  processing 10667 (36116.0 per sec) reads @ Ascaf_71:0-32519
PoolWorker-32 countReadsInRegions_worker: processing 32 (94.3 per sec) @ Ascaf_71:0-32519
PoolWorker-32,  processing 829900 (35087.5 per sec) reads @ chr3:5000000-10000000
PoolWorker-32 countReadsInRegions_worker: processing 5000 (207.9 per sec) @ chr3:5000000-10000000
PoolWorker-32,  processing 19695 (37286.7 per sec) reads @ Ascaf_161:0-1000
PoolWorker-32 countReadsInRegions_worker: processing 1 (1.6 per sec) @ Ascaf_161:0-1000
PoolWorker-32,  processing 837618 (35845.1 per sec) reads @ chr17:10000000-15000000
PoolWorker-32 countReadsInRegions_worker: processing 5000 (210.1 per sec) @ chr17:10000000-15000000
PoolWorker-32,  processing 238555 (36608.0 per sec) reads @ Ascaf_74:0-44000
PoolWorker-32 countReadsInRegions_worker: processing 44 (6.6 per sec) @ Ascaf_74:0-44000
PoolWorker-32,  processing 8739 (35763.5 per sec) reads @ Ascaf_76:0-42514
PoolWorker-32 countReadsInRegions_worker: processing 42 (147.0 per sec) @ Ascaf_76:0-42514
PoolWorker-32,  processing 10896 (37359.9 per sec) reads @ Ascaf_47:0-72017
PoolWorker-32 countReadsInRegions_worker: processing 72 (215.4 per sec) @ Ascaf_47:0-72017
PoolWorker-32,  processing 791278 (35567.0 per sec) reads @ chr4:10000000-15000000
PoolWorker-32 countReadsInRegions_worker: processing 5000 (221.4 per sec) @ chr4:10000000-15000000
PoolWorker-32,  processing 74619 (41780.9 per sec) reads @ Ascaf_38:0-95573
PoolWorker-32 countReadsInRegions_worker: processing 95 (52.2 per sec) @ Ascaf_38:0-95573
PoolWorker-32,  processing 784859 (55300.6 per sec) reads @ chr20:10000000-15000000
PoolWorker-32 countReadsInRegions_worker: processing 5000 (346.8 per sec) @ chr20:10000000-15000000
PoolWorker-32,  processing 14809 (85589.3 per sec) reads @ Ascaf_55:0-59833
PoolWorker-32 countReadsInRegions_worker: processing 59 (325.5 per sec) @ Ascaf_55:0-59833
PoolWorker-26,  processing 11208 (25898.9 per sec) reads @ Ascaf_62:0-52951
PoolWorker-26 countReadsInRegions_worker: processing 52 (113.0 per sec) @ Ascaf_62:0-52951
PoolWorker-26,  processing 6935 (36682.1 per sec) reads @ Ascaf_104:0-29894
PoolWorker-26 countReadsInRegions_worker: processing 29 (116.5 per sec) @ Ascaf_104:0-29894
PoolWorker-26,  processing 2424 (30915.7 per sec) reads @ Ascaf_132:0-17867
PoolWorker-26 countReadsInRegions_worker: processing 17 (130.2 per sec) @ Ascaf_132:0-17867
PoolWorker-26,  processing 154666 (35156.0 per sec) reads @ Ascaf_96:0-33398
PoolWorker-26 countReadsInRegions_worker: processing 33 (7.3 per sec) @ Ascaf_96:0-33398
PoolWorker-26,  processing 2199 (50172.0 per sec) reads @ Ascaf_149:0-13452
PoolWorker-26 countReadsInRegions_worker: processing 13 (122.5 per sec) @ Ascaf_149:0-13452
PoolWorker-26,  processing 2925 (32642.9 per sec) reads @ Ascaf_135:0-17087
PoolWorker-26 countReadsInRegions_worker: processing 17 (119.9 per sec) @ Ascaf_135:0-17087
PoolWorker-26,  processing 763348 (34042.3 per sec) reads @ chr1:10000000-15000000
PoolWorker-26 countReadsInRegions_worker: processing 5000 (218.6 per sec) @ chr1:10000000-15000000
PoolWorker-26,  processing 877513 (34203.3 per sec) reads @ chr10:0-5000000
PoolWorker-26 countReadsInRegions_worker: processing 5000 (191.7 per sec) @ chr10:0-5000000
PoolWorker-26,  processing 978307 (35265.9 per sec) reads @ chr21:15000000-19873525
PoolWorker-26 countReadsInRegions_worker: processing 4873 (172.5 per sec) @ chr21:15000000-19873525
PoolWorker-26,  processing 22265 (36840.9 per sec) reads @ Ascaf_129:0-19000
PoolWorker-26 countReadsInRegions_worker: processing 19 (29.3 per sec) @ Ascaf_129:0-19000
PoolWorker-26,  processing 1796 (44863.1 per sec) reads @ Ascaf_115:0-24004
PoolWorker-26 countReadsInRegions_worker: processing 24 (298.3 per sec) @ Ascaf_115:0-24004
PoolWorker-26,  processing 5539 (38800.7 per sec) reads @ Ascaf_94:0-33862
PoolWorker-26 countReadsInRegions_worker: processing 33 (169.4 per sec) @ Ascaf_94:0-33862
PoolWorker-26,  processing 337620 (35112.7 per sec) reads @ chr19:20000000-23715829
PoolWorker-26 countReadsInRegions_worker: processing 3715 (380.5 per sec) @ chr19:20000000-23715829
PoolWorker-26,  processing 922603 (34397.8 per sec) reads @ chr8:0-5000000
PoolWorker-26 countReadsInRegions_worker: processing 5000 (181.9 per sec) @ chr8:0-5000000
PoolWorker-26,  processing 1844 (47388.9 per sec) reads @ Ascaf_139:0-16678
PoolWorker-26 countReadsInRegions_worker: processing 16 (197.5 per sec) @ Ascaf_139:0-16678
PoolWorker-26,  processing 9218 (37723.2 per sec) reads @ Ascaf_133:0-49732
PoolWorker-26 countReadsInRegions_worker: processing 49 (170.6 per sec) @ Ascaf_133:0-49732
PoolWorker-26,  processing 6263 (32409.4 per sec) reads @ Ascaf_130:0-18457
PoolWorker-26 countReadsInRegions_worker: processing 18 (80.4 per sec) @ Ascaf_130:0-18457
PoolWorker-26,  processing 3497 (37452.3 per sec) reads @ Ascaf_97:0-33357
PoolWorker-26 countReadsInRegions_worker: processing 33 (223.9 per sec) @ Ascaf_97:0-33357
PoolWorker-26,  processing 790532 (35045.7 per sec) reads @ chr16:5000000-10000000
PoolWorker-26 countReadsInRegions_worker: processing 5000 (217.0 per sec) @ chr16:5000000-10000000
PoolWorker-26,  processing 3064 (37318.5 per sec) reads @ Ascaf_138:0-16696
PoolWorker-26 countReadsInRegions_worker: processing 16 (130.1 per sec) @ Ascaf_138:0-16696
PoolWorker-25,  processing 806538 (34433.3 per sec) reads @ chr2:20000000-25000000
PoolWorker-25 countReadsInRegions_worker: processing 5000 (208.4 per sec) @ chr2:20000000-25000000
PoolWorker-25,  processing 578 (69222.4 per sec) reads @ Ascaf_128:0-19120
PoolWorker-25 countReadsInRegions_worker: processing 19 (378.4 per sec) @ Ascaf_128:0-19120
PoolWorker-25,  processing 458924 (35495.8 per sec) reads @ chr19:15000000-20000000
PoolWorker-25 countReadsInRegions_worker: processing 5000 (380.9 per sec) @ chr19:15000000-20000000
PoolWorker-25,  processing 483356 (34958.5 per sec) reads @ chr19:5000000-10000000
PoolWorker-25 countReadsInRegions_worker: processing 5000 (355.3 per sec) @ chr19:5000000-10000000
PoolWorker-25,  processing 796932 (35351.6 per sec) reads @ chr17:15000000-20000000
PoolWorker-25 countReadsInRegions_worker: processing 5000 (217.4 per sec) @ chr17:15000000-20000000
PoolWorker-25,  processing 236807 (36523.6 per sec) reads @ chr15:20000000-20219940
PoolWorker-25 countReadsInRegions_worker: processing 219 (33.2 per sec) @ chr15:20000000-20219940
PoolWorker-25,  processing 593364 (34647.8 per sec) reads @ chr12:20000000-23704847
PoolWorker-25 countReadsInRegions_worker: processing 3704 (212.8 per sec) @ chr12:20000000-23704847
PoolWorker-25,  processing 31201 (37126.4 per sec) reads @ Ascaf_92:0-34608
PoolWorker-25 countReadsInRegions_worker: processing 34 (37.7 per sec) @ Ascaf_92:0-34608
PoolWorker-25,  processing 10064 (34711.0 per sec) reads @ Ascaf_63:0-51776
PoolWorker-25 countReadsInRegions_worker: processing 51 (153.8 per sec) @ Ascaf_63:0-51776
PoolWorker-25,  processing 810484 (35334.8 per sec) reads @ chr5:5000000-10000000
PoolWorker-25 countReadsInRegions_worker: processing 5000 (214.0 per sec) @ chr5:5000000-10000000
PoolWorker-25,  processing 7044 (37553.0 per sec) reads @ Ascaf_81:0-40000
PoolWorker-25 countReadsInRegions_worker: processing 40 (165.2 per sec) @ Ascaf_81:0-40000
PoolWorker-25,  processing 915578 (35735.1 per sec) reads @ chr4:25000000-30000000
PoolWorker-25 countReadsInRegions_worker: processing 5000 (191.5 per sec) @ chr4:25000000-30000000
PoolWorker-18,  processing 6263 (67710.2 per sec) reads @ Ascaf_109:0-28244
PoolWorker-18 countReadsInRegions_worker: processing 28 (272.6 per sec) @ Ascaf_109:0-28244
PoolWorker-18,  processing 936503 (33308.1 per sec) reads @ chr5:0-5000000
PoolWorker-18 countReadsInRegions_worker: processing 5000 (173.7 per sec) @ chr5:0-5000000
PoolWorker-18,  processing 691743 (35246.4 per sec) reads @ chr14:15000000-18637407
PoolWorker-18 countReadsInRegions_worker: processing 3637 (181.9 per sec) @ chr14:15000000-18637407
PoolWorker-18,  processing 32934 (31205.6 per sec) reads @ Ascaf_90:0-35566
PoolWorker-18 countReadsInRegions_worker: processing 35 (31.7 per sec) @ Ascaf_90:0-35566
PoolWorker-18,  processing 1058319 (35151.3 per sec) reads @ chr6:0-5000000
PoolWorker-18 countReadsInRegions_worker: processing 5000 (162.6 per sec) @ chr6:0-5000000
PoolWorker-18,  processing 22002 (36858.4 per sec) reads @ Ascaf_106:0-29590
PoolWorker-18 countReadsInRegions_worker: processing 29 (45.1 per sec) @ Ascaf_106:0-29590
PoolWorker-18,  processing 973897 (35241.7 per sec) reads @ chr17:5000000-10000000
PoolWorker-18 countReadsInRegions_worker: processing 5000 (178.1 per sec) @ chr17:5000000-10000000
PoolWorker-18,  processing 6662 (33128.6 per sec) reads @ Ascaf_150:0-13271
PoolWorker-18 countReadsInRegions_worker: processing 13 (53.3 per sec) @ Ascaf_150:0-13271
PoolWorker-18,  processing 28656 (37963.9 per sec) reads @ Ascaf_107:0-29490
PoolWorker-18 countReadsInRegions_worker: processing 29 (36.3 per sec) @ Ascaf_107:0-29490
PoolWorker-18,  processing 12638 (36882.0 per sec) reads @ Ascaf_46:0-73387
PoolWorker-18 countReadsInRegions_worker: processing 73 (189.6 per sec) @ Ascaf_46:0-73387
PoolWorker-18,  processing 204 (60375.2 per sec) reads @ Ascaf_162:0-1000
PoolWorker-18 countReadsInRegions_worker: processing 1 (22.2 per sec) @ Ascaf_162:0-1000
PoolWorker-18,  processing 779333 (34792.4 per sec) reads @ chr4:5000000-10000000
PoolWorker-18 countReadsInRegions_worker: processing 5000 (219.5 per sec) @ chr4:5000000-10000000
PoolWorker-18,  processing 449607 (35700.1 per sec) reads @ chr19:10000000-15000000
PoolWorker-18 countReadsInRegions_worker: processing 5000 (392.6 per sec) @ chr19:10000000-15000000
PoolWorker-18,  processing 258547 (41426.8 per sec) reads @ Ascaf_27:0-155775
PoolWorker-18 countReadsInRegions_worker: processing 155 (24.5 per sec) @ Ascaf_27:0-155775
PoolWorker-18,  processing 23941 (44759.3 per sec) reads @ Ascaf_59:0-57475
PoolWorker-18 countReadsInRegions_worker: processing 57 (98.3 per sec) @ Ascaf_59:0-57475
PoolWorker-18,  processing 10235 (71066.6 per sec) reads @ Ascaf_119:0-22101
PoolWorker-18 countReadsInRegions_worker: processing 22 (143.8 per sec) @ Ascaf_119:0-22101
PoolWorker-31,  processing 239311 (34440.2 per sec) reads @ Ascaf_98:0-33222
PoolWorker-31 countReadsInRegions_worker: processing 33 (4.6 per sec) @ Ascaf_98:0-33222
PoolWorker-31,  processing 23724 (38361.4 per sec) reads @ Ascaf_73:0-44649
PoolWorker-31 countReadsInRegions_worker: processing 44 (64.3 per sec) @ Ascaf_73:0-44649
PoolWorker-31,  processing 117528 (36573.5 per sec) reads @ Ascaf_53:0-64139
PoolWorker-31 countReadsInRegions_worker: processing 64 (19.4 per sec) @ Ascaf_53:0-64139
PoolWorker-31,  processing 3699 (39405.1 per sec) reads @ Ascaf_131:0-18319
PoolWorker-31 countReadsInRegions_worker: processing 18 (115.3 per sec) @ Ascaf_131:0-18319
PoolWorker-31,  processing 103408 (36390.3 per sec) reads @ Ascaf_110:0-27536
PoolWorker-31 countReadsInRegions_worker: processing 27 (9.1 per sec) @ Ascaf_110:0-27536
PoolWorker-31,  processing 58 (4869.0 per sec) reads @ Ascaf_165:0-1000
PoolWorker-31 countReadsInRegions_worker: processing 1 (19.4 per sec) @ Ascaf_165:0-1000
PoolWorker-31,  processing 845214 (36062.0 per sec) reads @ chr9:15000000-20000000
PoolWorker-31 countReadsInRegions_worker: processing 5000 (208.6 per sec) @ chr9:15000000-20000000
PoolWorker-31,  processing 2372 (28999.0 per sec) reads @ Ascaf_148:0-14976
PoolWorker-31 countReadsInRegions_worker: processing 14 (114.4 per sec) @ Ascaf_148:0-14976
PoolWorker-31,  processing 900849 (34638.7 per sec) reads @ chr17:20000000-23682274
PoolWorker-31 countReadsInRegions_worker: processing 3682 (139.2 per sec) @ chr17:20000000-23682274
PoolWorker-31,  processing 7889 (37297.2 per sec) reads @ Ascaf_80:0-41014
PoolWorker-31 countReadsInRegions_worker: processing 41 (162.3 per sec) @ Ascaf_80:0-41014
PoolWorker-31,  processing 822770 (34156.3 per sec) reads @ chr11:5000000-10000000
PoolWorker-31 countReadsInRegions_worker: processing 5000 (204.4 per sec) @ chr11:5000000-10000000
PoolWorker-31,  processing 6262 (38595.9 per sec) reads @ Ascaf_83:0-38959
PoolWorker-31 countReadsInRegions_worker: processing 38 (186.9 per sec) @ Ascaf_83:0-38959
PoolWorker-31,  processing 768329 (36931.3 per sec) reads @ chr7:10000000-15000000
PoolWorker-31 countReadsInRegions_worker: processing 5000 (236.7 per sec) @ chr7:10000000-15000000
PoolWorker-31,  processing 766711 (35003.3 per sec) reads @ chr8:10000000-15000000
PoolWorker-31 countReadsInRegions_worker: processing 5000 (224.7 per sec) @ chr8:10000000-15000000
PoolWorker-31,  processing 184078 (36769.9 per sec) reads @ Ascaf_28:0-145740
PoolWorker-31 countReadsInRegions_worker: processing 145 (28.4 per sec) @ Ascaf_28:0-145740
PoolWorker-31,  processing 785217 (41536.7 per sec) reads @ chr16:10000000-15000000
PoolWorker-31 countReadsInRegions_worker: processing 5000 (260.8 per sec) @ chr16:10000000-15000000
PoolWorker-24,  processing 652038 (33174.1 per sec) reads @ chr18:15000000-18483836
PoolWorker-24 countReadsInRegions_worker: processing 3483 (172.2 per sec) @ chr18:15000000-18483836
PoolWorker-24,  processing 809867 (34638.7 per sec) reads @ chr12:15000000-20000000
PoolWorker-24 countReadsInRegions_worker: processing 5000 (209.5 per sec) @ chr12:15000000-20000000
PoolWorker-24,  processing 785731 (34963.3 per sec) reads @ chr18:5000000-10000000
PoolWorker-24 countReadsInRegions_worker: processing 5000 (217.8 per sec) @ chr18:5000000-10000000
PoolWorker-24,  processing 71531 (37147.0 per sec) reads @ Ascaf_124:0-19772
PoolWorker-24 countReadsInRegions_worker: processing 19 (9.5 per sec) @ Ascaf_124:0-19772
PoolWorker-24,  processing 58233 (33896.9 per sec) reads @ Ascaf_48:0-71747
PoolWorker-24 countReadsInRegions_worker: processing 71 (39.9 per sec) @ Ascaf_48:0-71747
PoolWorker-24,  processing 81016 (33849.2 per sec) reads @ Ascaf_34:0-101478
PoolWorker-24 countReadsInRegions_worker: processing 101 (41.0 per sec) @ Ascaf_34:0-101478
PoolWorker-24,  processing 3972 (42782.8 per sec) reads @ Ascaf_126:0-19574
PoolWorker-24 countReadsInRegions_worker: processing 19 (118.5 per sec) @ Ascaf_126:0-19574
PoolWorker-24,  processing 2443 (34666.2 per sec) reads @ Ascaf_144:0-15519
PoolWorker-24 countReadsInRegions_worker: processing 15 (119.1 per sec) @ Ascaf_144:0-15519
PoolWorker-24,  processing 1501 (44745.8 per sec) reads @ Ascaf_151:0-13242
PoolWorker-24 countReadsInRegions_worker: processing 13 (173.6 per sec) @ Ascaf_151:0-13242
PoolWorker-24,  processing 788136 (34981.6 per sec) reads @ chr12:10000000-15000000
PoolWorker-24 countReadsInRegions_worker: processing 5000 (218.2 per sec) @ chr12:10000000-15000000
PoolWorker-24,  processing 12475 (35408.5 per sec) reads @ Ascaf_49:0-70996
PoolWorker-24 countReadsInRegions_worker: processing 70 (178.2 per sec) @ Ascaf_49:0-70996
PoolWorker-24,  processing 133986 (37697.8 per sec) reads @ Ascaf_113:0-24387
PoolWorker-24 countReadsInRegions_worker: processing 24 (6.6 per sec) @ Ascaf_113:0-24387
PoolWorker-24,  processing 6204 (36340.8 per sec) reads @ Ascaf_93:0-34038
PoolWorker-24 countReadsInRegions_worker: processing 34 (157.3 per sec) @ Ascaf_93:0-34038
PoolWorker-24,  processing 5702 (40083.0 per sec) reads @ Ascaf_54:0-60000
PoolWorker-24 countReadsInRegions_worker: processing 60 (326.0 per sec) @ Ascaf_54:0-60000
PoolWorker-24,  processing 4875 (39381.2 per sec) reads @ Ascaf_168:0-25000
PoolWorker-24 countReadsInRegions_worker: processing 25 (149.7 per sec) @ Ascaf_168:0-25000
PoolWorker-24,  processing 87158 (32370.9 per sec) reads @ Ascaf_35:0-99371
PoolWorker-24 countReadsInRegions_worker: processing 99 (35.7 per sec) @ Ascaf_35:0-99371
PoolWorker-24,  processing 3522 (39787.7 per sec) reads @ Ascaf_123:0-20153
PoolWorker-24 countReadsInRegions_worker: processing 20 (151.9 per sec) @ Ascaf_123:0-20153
PoolWorker-24,  processing 802259 (34915.3 per sec) reads @ chr1:15000000-20000000
PoolWorker-24 countReadsInRegions_worker: processing 5000 (214.2 per sec) @ chr1:15000000-20000000
PoolWorker-24,  processing 451729 (31188.4 per sec) reads @ chr16:20000000-22188971
PoolWorker-24 countReadsInRegions_worker: processing 2188 (148.8 per sec) @ chr16:20000000-22188971
PoolWorker-24,  processing 796134 (39247.4 per sec) reads @ chr1:30000000-33917795
PoolWorker-24 countReadsInRegions_worker: processing 3917 (191.3 per sec) @ chr1:30000000-33917795
PoolWorker-21,  processing 284 (51570.8 per sec) reads @ Ascaf_164:0-1000
PoolWorker-21 countReadsInRegions_worker: processing 1 (70.2 per sec) @ Ascaf_164:0-1000
PoolWorker-21,  processing 2479 (40631.3 per sec) reads @ Ascaf_141:0-15738
PoolWorker-21 countReadsInRegions_worker: processing 15 (166.5 per sec) @ Ascaf_141:0-15738
PoolWorker-21,  processing 791578 (34451.2 per sec) reads @ chr11:15000000-19299255
PoolWorker-21 countReadsInRegions_worker: processing 4299 (182.2 per sec) @ chr11:15000000-19299255
PoolWorker-21,  processing 755045 (35189.3 per sec) reads @ chr6:10000000-15000000
PoolWorker-21 countReadsInRegions_worker: processing 5000 (228.5 per sec) @ chr6:10000000-15000000
PoolWorker-21,  processing 3440 (38663.4 per sec) reads @ Ascaf_136:0-17062
PoolWorker-21 countReadsInRegions_worker: processing 17 (129.5 per sec) @ Ascaf_136:0-17062
PoolWorker-21,  processing 60287 (36416.6 per sec) reads @ Ascaf_32:0-110405
PoolWorker-21 countReadsInRegions_worker: processing 110 (63.9 per sec) @ Ascaf_32:0-110405
PoolWorker-21,  processing 25267 (37108.7 per sec) reads @ Ascaf_37:0-98231
PoolWorker-21 countReadsInRegions_worker: processing 98 (133.2 per sec) @ Ascaf_37:0-98231
PoolWorker-21,  processing 3730 (40649.1 per sec) reads @ Ascaf_103:0-30986
PoolWorker-21 countReadsInRegions_worker: processing 30 (225.9 per sec) @ Ascaf_103:0-30986
PoolWorker-21,  processing 43257 (34587.4 per sec) reads @ Ascaf_24:0-187591
PoolWorker-21 countReadsInRegions_worker: processing 187 (142.6 per sec) @ Ascaf_24:0-187591
PoolWorker-21,  processing 1064893 (35323.2 per sec) reads @ chr7:20000000-25000000
PoolWorker-21 countReadsInRegions_worker: processing 5000 (162.5 per sec) @ chr7:20000000-25000000
PoolWorker-21,  processing 825703 (35407.5 per sec) reads @ chr4:30000000-35000000
PoolWorker-21 countReadsInRegions_worker: processing 5000 (210.1 per sec) @ chr4:30000000-35000000
PoolWorker-21,  processing 192938 (36866.4 per sec) reads @ Ascaf_33:0-106103
PoolWorker-21 countReadsInRegions_worker: processing 106 (19.8 per sec) @ Ascaf_33:0-106103
PoolWorker-21,  processing 8316 (34266.4 per sec) reads @ Ascaf_70:0-46916
PoolWorker-21 countReadsInRegions_worker: processing 46 (162.2 per sec) @ Ascaf_70:0-46916
PoolWorker-21,  processing 5652 (40502.5 per sec) reads @ Ascaf_118:0-22120
PoolWorker-21 countReadsInRegions_worker: processing 22 (122.4 per sec) @ Ascaf_118:0-22120
PoolWorker-21,  processing 2060868 (38829.9 per sec) reads @ chr19:0-5000000
PoolWorker-21 countReadsInRegions_worker: processing 5000 (93.3 per sec) @ chr19:0-5000000
PoolWorker-21,  processing 3796 (73147.5 per sec) reads @ Ascaf_82:0-39089
PoolWorker-21 countReadsInRegions_worker: processing 39 (644.1 per sec) @ Ascaf_82:0-39089
PoolWorker-20,  processing 842614 (34480.9 per sec) reads @ chr9:0-5000000
PoolWorker-20 countReadsInRegions_worker: processing 5000 (199.8 per sec) @ chr9:0-5000000
PoolWorker-20,  processing 7168 (38162.0 per sec) reads @ Ascaf_77:0-41997
PoolWorker-20 countReadsInRegions_worker: processing 41 (178.8 per sec) @ Ascaf_77:0-41997
PoolWorker-20,  processing 192578 (36527.3 per sec) reads @ Ascaf_120:0-22000
PoolWorker-20 countReadsInRegions_worker: processing 22 (4.1 per sec) @ Ascaf_120:0-22000
PoolWorker-20,  processing 10878 (33891.2 per sec) reads @ Ascaf_86:0-37568
PoolWorker-20 countReadsInRegions_worker: processing 37 (102.4 per sec) @ Ascaf_86:0-37568
PoolWorker-20,  processing 3798 (38843.4 per sec) reads @ Ascaf_167:0-25000
PoolWorker-20 countReadsInRegions_worker: processing 25 (179.8 per sec) @ Ascaf_167:0-25000
PoolWorker-20,  processing 1149784 (35156.4 per sec) reads @ chr4:20000000-25000000
PoolWorker-20 countReadsInRegions_worker: processing 5000 (150.0 per sec) @ chr4:20000000-25000000
PoolWorker-20,  processing 55695 (32733.5 per sec) reads @ chr3:20000000-20313673
PoolWorker-20 countReadsInRegions_worker: processing 313 (174.4 per sec) @ chr3:20000000-20313673
PoolWorker-20,  processing 817402 (35908.1 per sec) reads @ chr10:10000000-15000000
PoolWorker-20 countReadsInRegions_worker: processing 5000 (215.1 per sec) @ chr10:10000000-15000000
PoolWorker-20,  processing 251251 (39411.4 per sec) reads @ Ascaf_89:0-36000
PoolWorker-20 countReadsInRegions_worker: processing 36 (5.5 per sec) @ Ascaf_89:0-36000
PoolWorker-20,  processing 854416 (34585.5 per sec) reads @ chr17:0-5000000
PoolWorker-20 countReadsInRegions_worker: processing 5000 (200.2 per sec) @ chr17:0-5000000
PoolWorker-20,  processing 45209 (37480.3 per sec) reads @ Ascaf_79:0-41364
PoolWorker-20 countReadsInRegions_worker: processing 41 (33.2 per sec) @ Ascaf_79:0-41364
PoolWorker-20,  processing 1469 (42993.4 per sec) reads @ Ascaf_153:0-10046
PoolWorker-20 countReadsInRegions_worker: processing 10 (134.9 per sec) @ Ascaf_153:0-10046
PoolWorker-20,  processing 14294 (35060.9 per sec) reads @ Ascaf_40:0-90738
PoolWorker-20 countReadsInRegions_worker: processing 90 (199.9 per sec) @ Ascaf_40:0-90738
PoolWorker-20,  processing 920978 (36436.9 per sec) reads @ chr18:0-5000000
PoolWorker-20 countReadsInRegions_worker: processing 5000 (196.1 per sec) @ chr18:0-5000000
PoolWorker-20,  processing 678433 (44348.2 per sec) reads @ chr20:20000000-22998664
PoolWorker-20 countReadsInRegions_worker: processing 2998 (193.5 per sec) @ chr20:20000000-22998664
PoolWorker-20,  processing 19921 (72404.7 per sec) reads @ Ascaf_105:0-29809
PoolWorker-20 countReadsInRegions_worker: processing 29 (101.2 per sec) @ Ascaf_105:0-29809
PoolWorker-17,  processing 810054 (35133.7 per sec) reads @ chr13:5000000-10000000
PoolWorker-17 countReadsInRegions_worker: processing 5000 (211.6 per sec) @ chr13:5000000-10000000
PoolWorker-17,  processing 852442 (34976.1 per sec) reads @ chr16:0-5000000
PoolWorker-17 countReadsInRegions_worker: processing 5000 (201.0 per sec) @ chr16:0-5000000
PoolWorker-17,  processing 27037 (32002.0 per sec) reads @ Ascaf_44:0-77777
PoolWorker-17 countReadsInRegions_worker: processing 77 (85.3 per sec) @ Ascaf_44:0-77777
PoolWorker-17,  processing 2003 (26265.4 per sec) reads @ Ascaf_152:0-12206
PoolWorker-17 countReadsInRegions_worker: processing 12 (102.9 per sec) @ Ascaf_152:0-12206
PoolWorker-17,  processing 821120 (35061.3 per sec) reads @ chr15:10000000-15000000
PoolWorker-17 countReadsInRegions_worker: processing 5000 (209.2 per sec) @ chr15:10000000-15000000
PoolWorker-17,  processing 809465 (35553.3 per sec) reads @ chr15:5000000-10000000
PoolWorker-17 countReadsInRegions_worker: processing 5000 (216.0 per sec) @ chr15:5000000-10000000
PoolWorker-17,  processing 900623 (34610.6 per sec) reads @ chr3:15000000-20000000
PoolWorker-17 countReadsInRegions_worker: processing 5000 (188.9 per sec) @ chr3:15000000-20000000
PoolWorker-17,  processing 5103 (37798.9 per sec) reads @ Ascaf_101:0-31946
PoolWorker-17 countReadsInRegions_worker: processing 31 (174.2 per sec) @ Ascaf_101:0-31946
PoolWorker-17,  processing 27036 (36014.4 per sec) reads @ Ascaf_23:0-264707
PoolWorker-17 countReadsInRegions_worker: processing 264 (331.8 per sec) @ Ascaf_23:0-264707
PoolWorker-17,  processing 850516 (35774.1 per sec) reads @ chr11:10000000-15000000
PoolWorker-17 countReadsInRegions_worker: processing 5000 (206.9 per sec) @ chr11:10000000-15000000
PoolWorker-17,  processing 799782 (49693.3 per sec) reads @ chr6:5000000-10000000
PoolWorker-17 countReadsInRegions_worker: processing 5000 (307.3 per sec) @ chr6:5000000-10000000
PoolWorker-17,  processing 539 (69477.5 per sec) reads @ Ascaf_160:0-2000
PoolWorker-17 countReadsInRegions_worker: processing 2 (124.4 per sec) @ Ascaf_160:0-2000
PoolWorker-30,  processing 153973 (33736.2 per sec) reads @ Ascaf_30:0-130979
PoolWorker-30 countReadsInRegions_worker: processing 130 (27.8 per sec) @ Ascaf_30:0-130979
PoolWorker-30,  processing 149694 (36035.9 per sec) reads @ Ascaf_50:0-70692
PoolWorker-30 countReadsInRegions_worker: processing 70 (16.2 per sec) @ Ascaf_50:0-70692
PoolWorker-30,  processing 875498 (33733.7 per sec) reads @ chr3:0-5000000
PoolWorker-30 countReadsInRegions_worker: processing 5000 (189.7 per sec) @ chr3:0-5000000
PoolWorker-30,  processing 796615 (34410.4 per sec) reads @ chr21:5000000-10000000
PoolWorker-30 countReadsInRegions_worker: processing 5000 (212.5 per sec) @ chr21:5000000-10000000
PoolWorker-30,  processing 22741 (36484.9 per sec) reads @ Ascaf_64:0-51000
PoolWorker-30 countReadsInRegions_worker: processing 51 (76.4 per sec) @ Ascaf_64:0-51000
PoolWorker-30,  processing 147695 (34329.8 per sec) reads @ chr4:40000000-40647937
PoolWorker-30 countReadsInRegions_worker: processing 647 (146.8 per sec) @ chr4:40000000-40647937
PoolWorker-30,  processing 940261 (33619.2 per sec) reads @ chr15:0-5000000
PoolWorker-30 countReadsInRegions_worker: processing 5000 (176.1 per sec) @ chr15:0-5000000
PoolWorker-30,  processing 767325 (35057.1 per sec) reads @ chr2:15000000-20000000
PoolWorker-30 countReadsInRegions_worker: processing 5000 (224.8 per sec) @ chr2:15000000-20000000
PoolWorker-30,  processing 846819 (35438.8 per sec) reads @ chr1:25000000-30000000
PoolWorker-30 countReadsInRegions_worker: processing 5000 (205.9 per sec) @ chr1:25000000-30000000
PoolWorker-30,  processing 186 (56849.1 per sec) reads @ Ascaf_159:0-3139
PoolWorker-30 countReadsInRegions_worker: processing 3 (65.7 per sec) @ Ascaf_159:0-3139
PoolWorker-30,  processing 8048 (40077.7 per sec) reads @ Ascaf_68:0-47437
PoolWorker-30 countReadsInRegions_worker: processing 47 (194.7 per sec) @ Ascaf_68:0-47437
PoolWorker-30,  processing 164 (59334.6 per sec) reads @ Ascaf_157:0-3527
PoolWorker-30 countReadsInRegions_worker: processing 3 (67.4 per sec) @ Ascaf_157:0-3527
PoolWorker-30,  processing 3318 (40810.4 per sec) reads @ Ascaf_121:0-21431
PoolWorker-30 countReadsInRegions_worker: processing 21 (174.9 per sec) @ Ascaf_121:0-21431
PoolWorker-30,  processing 47795 (36877.7 per sec) reads @ Ascaf_36:0-98486
PoolWorker-30 countReadsInRegions_worker: processing 98 (72.2 per sec) @ Ascaf_36:0-98486
PoolWorker-30,  processing 773577 (44395.7 per sec) reads @ chr21:10000000-15000000
PoolWorker-30 countReadsInRegions_worker: processing 5000 (282.3 per sec) @ chr21:10000000-15000000
PoolWorker-30,  processing 350431 (53862.2 per sec) reads @ Ascaf_45:0-74461
PoolWorker-30 countReadsInRegions_worker: processing 74 (11.2 per sec) @ Ascaf_45:0-74461
PoolWorker-23,  processing 7145 (32382.6 per sec) reads @ Ascaf_85:0-37890
PoolWorker-23 countReadsInRegions_worker: processing 37 (147.3 per sec) @ Ascaf_85:0-37890
PoolWorker-23,  processing 1560 (45213.5 per sec) reads @ Ascaf_143:0-15560
PoolWorker-23 countReadsInRegions_worker: processing 15 (159.2 per sec) @ Ascaf_143:0-15560
PoolWorker-23,  processing 39124 (35889.3 per sec) reads @ Ascaf_114:0-24031
PoolWorker-23 countReadsInRegions_worker: processing 24 (20.5 per sec) @ Ascaf_114:0-24031
PoolWorker-23,  processing 6022 (40631.0 per sec) reads @ Ascaf_88:0-36907
PoolWorker-23 countReadsInRegions_worker: processing 36 (164.3 per sec) @ Ascaf_88:0-36907
PoolWorker-23,  processing 838097 (33877.7 per sec) reads @ chr6:15000000-20000000
PoolWorker-23 countReadsInRegions_worker: processing 5000 (197.8 per sec) @ chr6:15000000-20000000
PoolWorker-23,  processing 835885 (34503.7 per sec) reads @ chr18:10000000-15000000
PoolWorker-23 countReadsInRegions_worker: processing 5000 (201.4 per sec) @ chr18:10000000-15000000
PoolWorker-23,  processing 5999 (36931.2 per sec) reads @ Ascaf_111:0-25158
PoolWorker-23 countReadsInRegions_worker: processing 25 (122.4 per sec) @ Ascaf_111:0-25158
PoolWorker-23,  processing 1039085 (35827.3 per sec) reads @ chr14:0-5000000
PoolWorker-23 countReadsInRegions_worker: processing 5000 (169.7 per sec) @ chr14:0-5000000
PoolWorker-23,  processing 3482 (39951.9 per sec) reads @ Ascaf_125:0-19664
PoolWorker-23 countReadsInRegions_worker: processing 19 (145.8 per sec) @ Ascaf_125:0-19664
PoolWorker-23,  processing 745320 (34971.7 per sec) reads @ chr2:10000000-15000000
PoolWorker-23 countReadsInRegions_worker: processing 5000 (231.1 per sec) @ chr2:10000000-15000000
PoolWorker-23,  processing 758577 (34987.2 per sec) reads @ chr5:15000000-18670498
PoolWorker-23 countReadsInRegions_worker: processing 3670 (166.3 per sec) @ chr5:15000000-18670498
PoolWorker-23,  processing 6167 (37859.9 per sec) reads @ Ascaf_91:0-34837
PoolWorker-23 countReadsInRegions_worker: processing 34 (168.3 per sec) @ Ascaf_91:0-34837
PoolWorker-23,  processing 792794 (36289.4 per sec) reads @ chr4:15000000-20000000
PoolWorker-23 countReadsInRegions_worker: processing 5000 (224.6 per sec) @ chr4:15000000-20000000
PoolWorker-23,  processing 11845 (33478.9 per sec) reads @ Ascaf_51:0-70629
PoolWorker-23 countReadsInRegions_worker: processing 70 (176.7 per sec) @ Ascaf_51:0-70629
PoolWorker-23,  processing 33518 (64189.8 per sec) reads @ Ascaf_29:0-143722
PoolWorker-23 countReadsInRegions_worker: processing 143 (251.5 per sec) @ Ascaf_29:0-143722
PoolWorker-23,  processing 792361 (48693.8 per sec) reads @ chr12:5000000-10000000
PoolWorker-23 countReadsInRegions_worker: processing 5000 (303.9 per sec) @ chr12:5000000-10000000
PoolWorker-29,  processing 788288 (33963.9 per sec) reads @ chr7:5000000-10000000
PoolWorker-29 countReadsInRegions_worker: processing 5000 (210.5 per sec) @ chr7:5000000-10000000
PoolWorker-29,  processing 5135 (37093.8 per sec) reads @ Ascaf_100:0-32247
PoolWorker-29 countReadsInRegions_worker: processing 32 (176.1 per sec) @ Ascaf_100:0-32247
PoolWorker-29,  processing 259366 (36592.9 per sec) reads @ Ascaf_39:0-92659
PoolWorker-29 countReadsInRegions_worker: processing 92 (12.7 per sec) @ Ascaf_39:0-92659
PoolWorker-29,  processing 13637 (34264.1 per sec) reads @ Ascaf_61:0-54508
PoolWorker-29 countReadsInRegions_worker: processing 54 (130.1 per sec) @ Ascaf_61:0-54508
PoolWorker-29,  processing 869031 (34283.8 per sec) reads @ chr11:0-5000000
PoolWorker-29 countReadsInRegions_worker: processing 5000 (194.2 per sec) @ chr11:0-5000000
PoolWorker-29,  processing 8374 (29132.8 per sec) reads @ Ascaf_69:0-44691
PoolWorker-29 countReadsInRegions_worker: processing 44 (107.7 per sec) @ Ascaf_69:0-44691
PoolWorker-29,  processing 493750 (35661.8 per sec) reads @ chr2:25000000-26977752
PoolWorker-29 countReadsInRegions_worker: processing 1977 (140.7 per sec) @ chr2:25000000-26977752
PoolWorker-29,  processing 105722 (36038.7 per sec) reads @ Ascaf_22:0-446888
PoolWorker-29 countReadsInRegions_worker: processing 446 (146.2 per sec) @ Ascaf_22:0-446888
PoolWorker-29,  processing 896931 (33955.3 per sec) reads @ chr2:0-5000000
PoolWorker-29 countReadsInRegions_worker: processing 5000 (185.5 per sec) @ chr2:0-5000000
PoolWorker-29,  processing 9258 (28923.6 per sec) reads @ Ascaf_65:0-47651
PoolWorker-29 countReadsInRegions_worker: processing 47 (129.7 per sec) @ Ascaf_65:0-47651
PoolWorker-29,  processing 875795 (34337.3 per sec) reads @ chr21:0-5000000
PoolWorker-29 countReadsInRegions_worker: processing 5000 (192.6 per sec) @ chr21:0-5000000
PoolWorker-29,  processing 4447 (37698.9 per sec) reads @ Ascaf_117:0-22832
PoolWorker-29 countReadsInRegions_worker: processing 22 (139.9 per sec) @ Ascaf_117:0-22832
PoolWorker-29,  processing 49432 (36125.9 per sec) reads @ Ascaf_75:0-42641
PoolWorker-29 countReadsInRegions_worker: processing 42 (29.6 per sec) @ Ascaf_75:0-42641
PoolWorker-29,  processing 5341 (39501.9 per sec) reads @ Ascaf_99:0-33167
PoolWorker-29 countReadsInRegions_worker: processing 33 (187.6 per sec) @ Ascaf_99:0-33167
PoolWorker-29,  processing 936376 (39274.4 per sec) reads @ chr20:0-5000000
PoolWorker-29 countReadsInRegions_worker: processing 5000 (206.2 per sec) @ chr20:0-5000000
PoolWorker-29,  processing 756489 (60073.2 per sec) reads @ chr2:5000000-10000000
PoolWorker-29 countReadsInRegions_worker: processing 5000 (390.8 per sec) @ chr2:5000000-10000000
PoolWorker-28,  processing 4751 (33250.0 per sec) reads @ Ascaf_95:0-33544
PoolWorker-28 countReadsInRegions_worker: processing 33 (175.1 per sec) @ Ascaf_95:0-33544
PoolWorker-28,  processing 832933 (32716.3 per sec) reads @ chr9:20000000-24303205
PoolWorker-28 countReadsInRegions_worker: processing 4303 (165.4 per sec) @ chr9:20000000-24303205
PoolWorker-28,  processing 5045 (37607.7 per sec) reads @ Ascaf_122:0-20728
PoolWorker-28 countReadsInRegions_worker: processing 20 (65.1 per sec) @ Ascaf_122:0-20728
PoolWorker-28,  processing 1220400 (34741.7 per sec) reads @ chr13:0-5000000
PoolWorker-28 countReadsInRegions_worker: processing 5000 (139.9 per sec) @ chr13:0-5000000
PoolWorker-28,  processing 19823 (38243.5 per sec) reads @ Ascaf_84:0-38148
PoolWorker-28 countReadsInRegions_worker: processing 38 (67.7 per sec) @ Ascaf_84:0-38148
PoolWorker-28,  processing 802670 (33839.2 per sec) reads @ chr10:5000000-10000000
PoolWorker-28 countReadsInRegions_worker: processing 5000 (207.8 per sec) @ chr10:5000000-10000000
PoolWorker-28,  processing 885714 (34290.6 per sec) reads @ chr16:15000000-20000000
PoolWorker-28 countReadsInRegions_worker: processing 5000 (190.7 per sec) @ chr16:15000000-20000000
PoolWorker-28,  processing 2822 (43850.4 per sec) reads @ Ascaf_146:0-15502
PoolWorker-28 countReadsInRegions_worker: processing 15 (142.8 per sec) @ Ascaf_146:0-15502
PoolWorker-28,  processing 6853 (35595.7 per sec) reads @ Ascaf_67:0-40269
PoolWorker-28 countReadsInRegions_worker: processing 40 (170.8 per sec) @ Ascaf_67:0-40269
PoolWorker-28,  processing 6667 (36062.4 per sec) reads @ Ascaf_87:0-36937
PoolWorker-28 countReadsInRegions_worker: processing 36 (158.7 per sec) @ Ascaf_87:0-36937
PoolWorker-28,  processing 926551 (34022.4 per sec) reads @ chr7:0-5000000
PoolWorker-28 countReadsInRegions_worker: processing 5000 (180.6 per sec) @ chr7:0-5000000
PoolWorker-28,  processing 3136 (37550.6 per sec) reads @ Ascaf_127:0-19159
PoolWorker-28 countReadsInRegions_worker: processing 19 (153.2 per sec) @ Ascaf_127:0-19159
PoolWorker-28,  processing 918729 (42357.8 per sec) reads @ chr13:20000000-24369283
PoolWorker-28 countReadsInRegions_worker: processing 4369 (199.1 per sec) @ chr13:20000000-24369283
PoolWorker-28,  processing 145056 (66817.2 per sec) reads @ Ascaf_25:0-178627
PoolWorker-28 countReadsInRegions_worker: processing 178 (80.8 per sec) @ Ascaf_25:0-178627
PoolWorker-28,  processing 157441 (77600.6 per sec) reads @ Ascaf_43:0-83995
PoolWorker-28 countReadsInRegions_worker: processing 83 (40.3 per sec) @ Ascaf_43:0-83995
PoolWorker-28,  processing 1146 (54979.3 per sec) reads @ Ascaf_155:0-6589
PoolWorker-28 countReadsInRegions_worker: processing 6 (214.3 per sec) @ Ascaf_155:0-6589
PoolWorker-27,  processing 275874 (35824.5 per sec) reads @ Ascaf_26:0-156806
PoolWorker-27 countReadsInRegions_worker: processing 156 (19.8 per sec) @ Ascaf_26:0-156806
PoolWorker-27,  processing 352 (53618.8 per sec) reads @ Ascaf_163:0-1000
PoolWorker-27 countReadsInRegions_worker: processing 1 (14.1 per sec) @ Ascaf_163:0-1000
PoolWorker-27,  processing 92700 (36815.8 per sec) reads @ Ascaf_137:0-17000
PoolWorker-27 countReadsInRegions_worker: processing 17 (6.6 per sec) @ Ascaf_137:0-17000
PoolWorker-27,  processing 8686 (39341.3 per sec) reads @ Ascaf_166:0-50000
PoolWorker-27 countReadsInRegions_worker: processing 50 (177.3 per sec) @ Ascaf_166:0-50000
PoolWorker-27,  processing 247063 (33853.8 per sec) reads @ chr6:20000000-21248438
PoolWorker-27 countReadsInRegions_worker: processing 1248 (167.3 per sec) @ chr6:20000000-21248438
PoolWorker-27,  processing 7050 (41556.1 per sec) reads @ Ascaf_78:0-41577
PoolWorker-27 countReadsInRegions_worker: processing 41 (187.8 per sec) @ Ascaf_78:0-41577
PoolWorker-27,  processing 840034 (34160.3 per sec) reads @ chr7:15000000-20000000
PoolWorker-27 countReadsInRegions_worker: processing 5000 (199.8 per sec) @ chr7:15000000-20000000
PoolWorker-27,  processing 817247 (35008.8 per sec) reads @ chr3:10000000-15000000
PoolWorker-27 countReadsInRegions_worker: processing 5000 (210.4 per sec) @ chr3:10000000-15000000
PoolWorker-27,  processing 825509 (34589.3 per sec) reads @ chr13:15000000-20000000
PoolWorker-27 countReadsInRegions_worker: processing 5000 (206.3 per sec) @ chr13:15000000-20000000
PoolWorker-27,  processing 613 (68737.0 per sec) reads @ Ascaf_158:0-3231
PoolWorker-27 countReadsInRegions_worker: processing 3 (60.5 per sec) @ Ascaf_158:0-3231
PoolWorker-27,  processing 34533 (33027.7 per sec) reads @ Ascaf_52:0-64568
PoolWorker-27 countReadsInRegions_worker: processing 64 (58.7 per sec) @ Ascaf_52:0-64568
PoolWorker-27,  processing 5559 (43479.2 per sec) reads @ Ascaf_142:0-15730
PoolWorker-27 countReadsInRegions_worker: processing 15 (87.7 per sec) @ Ascaf_142:0-15730
PoolWorker-27,  processing 1833 (46333.5 per sec) reads @ Ascaf_140:0-15786
PoolWorker-27 countReadsInRegions_worker: processing 15 (181.1 per sec) @ Ascaf_140:0-15786
PoolWorker-27,  processing 807834 (35954.7 per sec) reads @ chr10:15000000-19005646
PoolWorker-27 countReadsInRegions_worker: processing 4005 (175.4 per sec) @ chr10:15000000-19005646
PoolWorker-27,  processing 87597 (34624.8 per sec) reads @ Ascaf_41:0-90399
PoolWorker-27 countReadsInRegions_worker: processing 90 (34.6 per sec) @ Ascaf_41:0-90399
PoolWorker-27,  processing 762813 (34735.1 per sec) reads @ chr13:10000000-15000000
PoolWorker-27 countReadsInRegions_worker: processing 5000 (224.1 per sec) @ chr13:10000000-15000000
PoolWorker-27,  processing 9016 (37353.4 per sec) reads @ Ascaf_169:0-50000
PoolWorker-27 countReadsInRegions_worker: processing 50 (183.1 per sec) @ Ascaf_169:0-50000
PoolWorker-27,  processing 3928 (36938.5 per sec) reads @ Ascaf_112:0-24428
PoolWorker-27 countReadsInRegions_worker: processing 24 (162.4 per sec) @ Ascaf_112:0-24428
PoolWorker-27,  processing 847338 (43298.4 per sec) reads @ chr15:15000000-20000000
PoolWorker-27 countReadsInRegions_worker: processing 5000 (250.6 per sec) @ chr15:15000000-20000000
PoolWorker-27,  processing 993466 (73894.3 per sec) reads @ chr12:0-5000000
PoolWorker-27 countReadsInRegions_worker: processing 5000 (365.4 per sec) @ chr12:0-5000000
PoolWorker-22,  processing 766684 (33242.8 per sec) reads @ chr7:30000000-33914388
PoolWorker-22 countReadsInRegions_worker: processing 3914 (165.5 per sec) @ chr7:30000000-33914388
PoolWorker-22,  processing 3615 (41038.5 per sec) reads @ Ascaf_102:0-31073
PoolWorker-22 countReadsInRegions_worker: processing 31 (237.5 per sec) @ Ascaf_102:0-31073
PoolWorker-22,  processing 825035 (35158.5 per sec) reads @ chr9:5000000-10000000
PoolWorker-22 countReadsInRegions_worker: processing 5000 (209.0 per sec) @ chr9:5000000-10000000
PoolWorker-22,  processing 678 (67476.7 per sec) reads @ Ascaf_116:0-22916
PoolWorker-22 countReadsInRegions_worker: processing 22 (436.5 per sec) @ Ascaf_116:0-22916
PoolWorker-22,  processing 776895 (35172.3 per sec) reads @ chr9:10000000-15000000
PoolWorker-22 countReadsInRegions_worker: processing 5000 (221.8 per sec) @ chr9:10000000-15000000
PoolWorker-22,  processing 824219 (35530.8 per sec) reads @ chr14:10000000-15000000
PoolWorker-22 countReadsInRegions_worker: processing 5000 (211.7 per sec) @ chr14:10000000-15000000
PoolWorker-22,  processing 703001 (35997.5 per sec) reads @ chr8:20000000-23122080
PoolWorker-22 countReadsInRegions_worker: processing 3122 (156.5 per sec) @ chr8:20000000-23122080
PoolWorker-22,  processing 27079 (36552.5 per sec) reads @ Ascaf_72:0-46000
PoolWorker-22 countReadsInRegions_worker: processing 46 (57.5 per sec) @ Ascaf_72:0-46000
PoolWorker-22,  processing 2510 (41038.6 per sec) reads @ Ascaf_147:0-15099
PoolWorker-22 countReadsInRegions_worker: processing 15 (146.9 per sec) @ Ascaf_147:0-15099
PoolWorker-22,  processing 828716 (35121.3 per sec) reads @ chr20:15000000-20000000
PoolWorker-22 countReadsInRegions_worker: processing 5000 (208.8 per sec) @ chr20:15000000-20000000
PoolWorker-22,  processing 51035 (37682.7 per sec) reads @ Ascaf_57:0-58000
PoolWorker-22 countReadsInRegions_worker: processing 58 (41.0 per sec) @ Ascaf_57:0-58000
PoolWorker-22,  processing 2549 (40767.7 per sec) reads @ Ascaf_145:0-15510
PoolWorker-22 countReadsInRegions_worker: processing 15 (144.4 per sec) @ Ascaf_145:0-15510
PoolWorker-22,  processing 949167 (42334.1 per sec) reads @ chr1:0-5000000
PoolWorker-22 countReadsInRegions_worker: processing 5000 (220.8 per sec) @ chr1:0-5000000
PoolWorker-22,  processing 12369 (69115.2 per sec) reads @ Ascaf_58:0-57612
PoolWorker-22 countReadsInRegions_worker: processing 57 (301.8 per sec) @ Ascaf_58:0-57612
PoolWorker-22,  processing 893635 (78561.8 per sec) reads @ chr5:10000000-15000000
PoolWorker-22 countReadsInRegions_worker: processing 5000 (432.8 per sec) @ chr5:10000000-15000000
PoolWorker-22,  processing 761008 (88871.1 per sec) reads @ chr20:5000000-10000000
PoolWorker-22 countReadsInRegions_worker: processing 5000 (575.2 per sec) @ chr20:5000000-10000000
output file: /storage/scratch/iee/dj20y461/Stickleback/Y_comp/Sex_chrom_stats/Read_depths/Gw/depths/Gw02_M.1kb.RPKM.depth
