genome partition size for multiprocessing: 1000000
using 16 processors for 657 number of tasks
Final scaling factor: 0.0281026285513
PoolWorker-18,  processing 337476 (32383.6 per sec) reads @ chr12:15000000-20000000
PoolWorker-18 countReadsInRegions_worker: processing 5000 (468.1 per sec) @ chr12:15000000-20000000
PoolWorker-18,  processing 4070 (42387.4 per sec) reads @ Ascaf_105:0-29809
PoolWorker-18 countReadsInRegions_worker: processing 29 (202.1 per sec) @ Ascaf_105:0-29809
PoolWorker-18,  processing 338431 (33720.5 per sec) reads @ chr16:5000000-10000000
PoolWorker-18 countReadsInRegions_worker: processing 5000 (486.3 per sec) @ chr16:5000000-10000000
PoolWorker-18,  processing 177022 (34150.1 per sec) reads @ chr2:25000000-26977752
PoolWorker-18 countReadsInRegions_worker: processing 1977 (372.9 per sec) @ chr2:25000000-26977752
PoolWorker-18,  processing 1790 (44301.4 per sec) reads @ Ascaf_108:0-29345
PoolWorker-18 countReadsInRegions_worker: processing 29 (215.6 per sec) @ Ascaf_108:0-29345
PoolWorker-18,  processing 344077 (33981.4 per sec) reads @ chr2:10000000-15000000
PoolWorker-18 countReadsInRegions_worker: processing 5000 (484.4 per sec) @ chr2:10000000-15000000
PoolWorker-18,  processing 1703 (43854.3 per sec) reads @ Ascaf_109:0-28244
PoolWorker-18 countReadsInRegions_worker: processing 28 (359.4 per sec) @ Ascaf_109:0-28244
PoolWorker-18,  processing 18940 (35840.5 per sec) reads @ Ascaf_110:0-27536
PoolWorker-18 countReadsInRegions_worker: processing 27 (47.2 per sec) @ Ascaf_110:0-27536
PoolWorker-18,  processing 1551 (43352.9 per sec) reads @ Ascaf_54:0-60000
PoolWorker-18 countReadsInRegions_worker: processing 60 (799.4 per sec) @ Ascaf_54:0-60000
PoolWorker-18,  processing 338098 (33799.2 per sec) reads @ chr11:5000000-10000000
PoolWorker-18 countReadsInRegions_worker: processing 5000 (491.6 per sec) @ chr11:5000000-10000000
PoolWorker-18,  processing 340834 (33959.1 per sec) reads @ chr6:10000000-15000000
PoolWorker-18 countReadsInRegions_worker: processing 5000 (487.7 per sec) @ chr6:10000000-15000000
PoolWorker-18,  processing 5554 (38311.4 per sec) reads @ Ascaf_114:0-24031
PoolWorker-18 countReadsInRegions_worker: processing 24 (129.9 per sec) @ Ascaf_114:0-24031
PoolWorker-21,  processing 6691 (36041.0 per sec) reads @ Ascaf_31:0-121444
PoolWorker-21 countReadsInRegions_worker: processing 121 (595.6 per sec) @ Ascaf_31:0-121444
PoolWorker-21,  processing 18322 (35048.3 per sec) reads @ chr3:20000000-20313673
PoolWorker-21 countReadsInRegions_worker: processing 313 (516.0 per sec) @ chr3:20000000-20313673
PoolWorker-21,  processing 214571 (32111.0 per sec) reads @ chr18:15000000-18483836
PoolWorker-21 countReadsInRegions_worker: processing 3483 (505.5 per sec) @ chr18:15000000-18483836
PoolWorker-21,  processing 1409 (66544.0 per sec) reads @ Ascaf_123:0-20153
PoolWorker-21 countReadsInRegions_worker: processing 20 (173.8 per sec) @ Ascaf_123:0-20153
PoolWorker-21,  processing 51419 (34233.0 per sec) reads @ chr4:40000000-40647937
PoolWorker-21 countReadsInRegions_worker: processing 647 (411.7 per sec) @ chr4:40000000-40647937
PoolWorker-21,  processing 318460 (32354.5 per sec) reads @ chr15:0-5000000
PoolWorker-21 countReadsInRegions_worker: processing 5000 (497.0 per sec) @ chr15:0-5000000
PoolWorker-21,  processing 338847 (33819.5 per sec) reads @ chr4:5000000-10000000
PoolWorker-21 countReadsInRegions_worker: processing 5000 (491.5 per sec) @ chr4:5000000-10000000
PoolWorker-21,  processing 205150 (32943.2 per sec) reads @ chr19:5000000-10000000
PoolWorker-21 countReadsInRegions_worker: processing 5000 (791.1 per sec) @ chr19:5000000-10000000
PoolWorker-21,  processing 268686 (33139.8 per sec) reads @ chr9:20000000-24303205
PoolWorker-21 countReadsInRegions_worker: processing 4303 (521.1 per sec) @ chr9:20000000-24303205
PoolWorker-21,  processing 255457 (33769.4 per sec) reads @ chr8:20000000-23122080
PoolWorker-21 countReadsInRegions_worker: processing 3122 (400.7 per sec) @ chr8:20000000-23122080
PoolWorker-21,  processing 806 (65650.5 per sec) reads @ Ascaf_146:0-15502
PoolWorker-21 countReadsInRegions_worker: processing 15 (116.7 per sec) @ Ascaf_146:0-15502
PoolWorker-21,  processing 343163 (34347.7 per sec) reads @ chr12:10000000-15000000
PoolWorker-21 countReadsInRegions_worker: processing 5000 (494.8 per sec) @ chr12:10000000-15000000
PoolWorker-17,  processing 341519 (33095.1 per sec) reads @ chr9:5000000-10000000
PoolWorker-17 countReadsInRegions_worker: processing 5000 (471.7 per sec) @ chr9:5000000-10000000
PoolWorker-17,  processing 200663 (33764.3 per sec) reads @ chr19:10000000-15000000
PoolWorker-17 countReadsInRegions_worker: processing 5000 (822.1 per sec) @ chr19:10000000-15000000
PoolWorker-17,  processing 7028 (37373.8 per sec) reads @ Ascaf_44:0-77777
PoolWorker-17 countReadsInRegions_worker: processing 77 (304.6 per sec) @ Ascaf_44:0-77777
PoolWorker-17,  processing 336557 (33435.6 per sec) reads @ chr11:10000000-15000000
PoolWorker-17 countReadsInRegions_worker: processing 5000 (485.6 per sec) @ chr11:10000000-15000000
PoolWorker-17,  processing 4474 (34412.7 per sec) reads @ Ascaf_51:0-70629
PoolWorker-17 countReadsInRegions_worker: processing 70 (411.2 per sec) @ Ascaf_51:0-70629
PoolWorker-17,  processing 74 (41345.2 per sec) reads @ Ascaf_157:0-3527
PoolWorker-17 countReadsInRegions_worker: processing 3 (70.7 per sec) @ Ascaf_157:0-3527
PoolWorker-17,  processing 329927 (34147.1 per sec) reads @ chr20:5000000-10000000
PoolWorker-17 countReadsInRegions_worker: processing 5000 (507.5 per sec) @ chr20:5000000-10000000
PoolWorker-17,  processing 775 (64843.1 per sec) reads @ Ascaf_130:0-18457
PoolWorker-17 countReadsInRegions_worker: processing 18 (338.9 per sec) @ Ascaf_130:0-18457
PoolWorker-17,  processing 353003 (34239.3 per sec) reads @ chr3:0-5000000
PoolWorker-17 countReadsInRegions_worker: processing 5000 (476.4 per sec) @ chr3:0-5000000
PoolWorker-17,  processing 23094 (34561.5 per sec) reads @ Ascaf_32:0-110405
PoolWorker-17 countReadsInRegions_worker: processing 110 (154.7 per sec) @ Ascaf_32:0-110405
PoolWorker-17,  processing 5022 (35982.4 per sec) reads @ Ascaf_49:0-70996
PoolWorker-17 countReadsInRegions_worker: processing 70 (386.0 per sec) @ Ascaf_49:0-70996
PoolWorker-17,  processing 33568 (35981.4 per sec) reads @ Ascaf_28:0-145740
PoolWorker-17 countReadsInRegions_worker: processing 145 (146.4 per sec) @ Ascaf_28:0-145740
PoolWorker-17,  processing 16 (22927.5 per sec) reads @ Ascaf_165:0-1000
PoolWorker-17 countReadsInRegions_worker: processing 1 (23.8 per sec) @ Ascaf_165:0-1000
PoolWorker-17,  processing 3536 (40321.6 per sec) reads @ Ascaf_73:0-44649
PoolWorker-17 countReadsInRegions_worker: processing 44 (347.8 per sec) @ Ascaf_73:0-44649
PoolWorker-17,  processing 297502 (33967.1 per sec) reads @ chr13:20000000-24369283
PoolWorker-17 countReadsInRegions_worker: processing 4369 (493.5 per sec) @ chr13:20000000-24369283
PoolWorker-17,  processing 1855 (64600.1 per sec) reads @ Ascaf_93:0-34038
PoolWorker-17 countReadsInRegions_worker: processing 34 (942.0 per sec) @ Ascaf_93:0-34038
PoolWorker-23,  processing 343957 (33085.0 per sec) reads @ chr8:10000000-15000000
PoolWorker-23 countReadsInRegions_worker: processing 5000 (469.2 per sec) @ chr8:10000000-15000000
PoolWorker-23,  processing 13925 (40370.5 per sec) reads @ Ascaf_119:0-22101
PoolWorker-23 countReadsInRegions_worker: processing 22 (59.8 per sec) @ Ascaf_119:0-22101
PoolWorker-23,  processing 325875 (33300.6 per sec) reads @ chr12:0-5000000
PoolWorker-23 countReadsInRegions_worker: processing 5000 (498.7 per sec) @ chr12:0-5000000
PoolWorker-23,  processing 329889 (34530.7 per sec) reads @ chr2:5000000-10000000
PoolWorker-23 countReadsInRegions_worker: processing 5000 (508.8 per sec) @ chr2:5000000-10000000
PoolWorker-23,  processing 63934 (36253.9 per sec) reads @ Ascaf_26:0-156806
PoolWorker-23 countReadsInRegions_worker: processing 156 (84.8 per sec) @ Ascaf_26:0-156806
PoolWorker-23,  processing 25851 (37125.4 per sec) reads @ Ascaf_96:0-33398
PoolWorker-23 countReadsInRegions_worker: processing 33 (44.5 per sec) @ Ascaf_96:0-33398
PoolWorker-23,  processing 2668 (40099.2 per sec) reads @ Ascaf_68:0-47437
PoolWorker-23 countReadsInRegions_worker: processing 47 (434.6 per sec) @ Ascaf_68:0-47437
PoolWorker-23,  processing 8564 (36317.7 per sec) reads @ Ascaf_64:0-51000
PoolWorker-23 countReadsInRegions_worker: processing 51 (184.4 per sec) @ Ascaf_64:0-51000
PoolWorker-23,  processing 2374 (37741.8 per sec) reads @ Ascaf_169:0-50000
PoolWorker-23 countReadsInRegions_worker: processing 50 (477.5 per sec) @ Ascaf_169:0-50000
PoolWorker-23,  processing 370389 (34710.5 per sec) reads @ chr18:0-5000000
PoolWorker-23 countReadsInRegions_worker: processing 5000 (459.4 per sec) @ chr18:0-5000000
PoolWorker-23,  processing 7397 (38276.9 per sec) reads @ Ascaf_84:0-38148
PoolWorker-23 countReadsInRegions_worker: processing 38 (162.7 per sec) @ Ascaf_84:0-38148
PoolWorker-23,  processing 338133 (33768.7 per sec) reads @ chr12:5000000-10000000
PoolWorker-23 countReadsInRegions_worker: processing 5000 (488.4 per sec) @ chr12:5000000-10000000
PoolWorker-23,  processing 132773 (35922.4 per sec) reads @ chr16:20000000-22188971
PoolWorker-23 countReadsInRegions_worker: processing 2188 (577.4 per sec) @ chr16:20000000-22188971
PoolWorker-23,  processing 651 (67015.8 per sec) reads @ Ascaf_139:0-16678
PoolWorker-23 countReadsInRegions_worker: processing 16 (323.0 per sec) @ Ascaf_139:0-16678
PoolWorker-23,  processing 3041 (36426.6 per sec) reads @ Ascaf_81:0-40000
PoolWorker-23 countReadsInRegions_worker: processing 40 (325.5 per sec) @ Ascaf_81:0-40000
PoolWorker-23,  processing 4087 (36696.8 per sec) reads @ Ascaf_47:0-72017
PoolWorker-23 countReadsInRegions_worker: processing 72 (477.0 per sec) @ Ascaf_47:0-72017
PoolWorker-29,  processing 403670 (32470.5 per sec) reads @ chr7:20000000-25000000
PoolWorker-29 countReadsInRegions_worker: processing 5000 (394.5 per sec) @ chr7:20000000-25000000
PoolWorker-29,  processing 2840 (40735.6 per sec) reads @ Ascaf_62:0-52951
PoolWorker-29 countReadsInRegions_worker: processing 52 (506.1 per sec) @ Ascaf_62:0-52951
PoolWorker-29,  processing 338507 (33562.0 per sec) reads @ chr18:5000000-10000000
PoolWorker-29 countReadsInRegions_worker: processing 5000 (485.2 per sec) @ chr18:5000000-10000000
PoolWorker-29,  processing 334010 (34218.6 per sec) reads @ chr8:5000000-10000000
PoolWorker-29 countReadsInRegions_worker: processing 5000 (499.9 per sec) @ chr8:5000000-10000000
PoolWorker-29,  processing 419977 (34132.8 per sec) reads @ chr1:20000000-25000000
PoolWorker-29 countReadsInRegions_worker: processing 5000 (400.1 per sec) @ chr1:20000000-25000000
PoolWorker-29,  processing 320998 (33829.8 per sec) reads @ chr7:25000000-30000000
PoolWorker-29 countReadsInRegions_worker: processing 5000 (514.0 per sec) @ chr7:25000000-30000000
PoolWorker-29,  processing 341054 (42925.9 per sec) reads @ chr3:10000000-15000000
PoolWorker-29 countReadsInRegions_worker: processing 5000 (621.1 per sec) @ chr3:10000000-15000000
PoolWorker-29,  processing 120 (61037.7 per sec) reads @ Ascaf_159:0-3139
PoolWorker-29 countReadsInRegions_worker: processing 3 (72.9 per sec) @ Ascaf_159:0-3139
PoolWorker-20,  processing 341018 (33097.4 per sec) reads @ chr7:5000000-10000000
PoolWorker-20 countReadsInRegions_worker: processing 5000 (476.2 per sec) @ chr7:5000000-10000000
PoolWorker-20,  processing 6617 (38788.2 per sec) reads @ Ascaf_90:0-35566
PoolWorker-20 countReadsInRegions_worker: processing 35 (150.6 per sec) @ Ascaf_90:0-35566
PoolWorker-20,  processing 385792 (34061.3 per sec) reads @ chr17:5000000-10000000
PoolWorker-20 countReadsInRegions_worker: processing 5000 (430.0 per sec) @ chr17:5000000-10000000
PoolWorker-20,  processing 11197 (37102.2 per sec) reads @ Ascaf_52:0-64568
PoolWorker-20 countReadsInRegions_worker: processing 64 (179.8 per sec) @ Ascaf_52:0-64568
PoolWorker-20,  processing 46734 (35028.4 per sec) reads @ Ascaf_98:0-33222
PoolWorker-20 countReadsInRegions_worker: processing 33 (23.6 per sec) @ Ascaf_98:0-33222
PoolWorker-20,  processing 961 (65064.2 per sec) reads @ Ascaf_131:0-18319
PoolWorker-20 countReadsInRegions_worker: processing 18 (321.2 per sec) @ Ascaf_131:0-18319
PoolWorker-20,  processing 228886 (32865.0 per sec) reads @ chr14:15000000-18637407
PoolWorker-20 countReadsInRegions_worker: processing 3637 (509.7 per sec) @ chr14:15000000-18637407
PoolWorker-20,  processing 1730 (46370.8 per sec) reads @ Ascaf_142:0-15730
PoolWorker-20 countReadsInRegions_worker: processing 15 (194.7 per sec) @ Ascaf_142:0-15730
PoolWorker-20,  processing 435166 (34177.3 per sec) reads @ chr4:20000000-25000000
PoolWorker-20 countReadsInRegions_worker: processing 5000 (384.9 per sec) @ chr4:20000000-25000000
PoolWorker-20,  processing 319298 (34058.5 per sec) reads @ chr11:15000000-19299255
PoolWorker-20 countReadsInRegions_worker: processing 4299 (446.7 per sec) @ chr11:15000000-19299255
PoolWorker-20,  processing 315379 (35658.1 per sec) reads @ chr6:15000000-20000000
PoolWorker-20 countReadsInRegions_worker: processing 5000 (558.8 per sec) @ chr6:15000000-20000000
PoolWorker-20,  processing 24389 (35484.2 per sec) reads @ Ascaf_35:0-99371
PoolWorker-20 countReadsInRegions_worker: processing 99 (139.3 per sec) @ Ascaf_35:0-99371
PoolWorker-28,  processing 662 (55378.6 per sec) reads @ Ascaf_116:0-22916
PoolWorker-28 countReadsInRegions_worker: processing 22 (506.4 per sec) @ Ascaf_116:0-22916
PoolWorker-28,  processing 55 (30021.7 per sec) reads @ Ascaf_163:0-1000
PoolWorker-28 countReadsInRegions_worker: processing 1 (107.0 per sec) @ Ascaf_163:0-1000
PoolWorker-28,  processing 4051 (31912.7 per sec) reads @ Ascaf_129:0-19000
PoolWorker-28 countReadsInRegions_worker: processing 19 (140.0 per sec) @ Ascaf_129:0-19000
PoolWorker-28,  processing 1599 (43170.9 per sec) reads @ Ascaf_95:0-33544
PoolWorker-28 countReadsInRegions_worker: processing 33 (307.3 per sec) @ Ascaf_95:0-33544
PoolWorker-28,  processing 15688 (35509.7 per sec) reads @ Ascaf_23:0-264707
PoolWorker-28 countReadsInRegions_worker: processing 264 (524.7 per sec) @ Ascaf_23:0-264707
PoolWorker-28,  processing 3808 (41859.4 per sec) reads @ Ascaf_61:0-54508
PoolWorker-28 countReadsInRegions_worker: processing 54 (354.5 per sec) @ Ascaf_61:0-54508
PoolWorker-28,  processing 868 (65622.2 per sec) reads @ Ascaf_138:0-16696
PoolWorker-28 countReadsInRegions_worker: processing 16 (204.7 per sec) @ Ascaf_138:0-16696
PoolWorker-28,  processing 530 (63571.9 per sec) reads @ Ascaf_145:0-15510
PoolWorker-28 countReadsInRegions_worker: processing 15 (222.6 per sec) @ Ascaf_145:0-15510
PoolWorker-28,  processing 247597 (32796.7 per sec) reads @ chr12:20000000-23704847
PoolWorker-28 countReadsInRegions_worker: processing 3704 (478.7 per sec) @ chr12:20000000-23704847
PoolWorker-28,  processing 2013 (45624.5 per sec) reads @ Ascaf_86:0-37568
PoolWorker-28 countReadsInRegions_worker: processing 37 (360.1 per sec) @ Ascaf_86:0-37568
PoolWorker-28,  processing 344029 (34014.8 per sec) reads @ chr7:10000000-15000000
PoolWorker-28 countReadsInRegions_worker: processing 5000 (483.3 per sec) @ chr7:10000000-15000000
PoolWorker-28,  processing 2628 (36580.8 per sec) reads @ Ascaf_78:0-41577
PoolWorker-28 countReadsInRegions_worker: processing 41 (361.7 per sec) @ Ascaf_78:0-41577
PoolWorker-28,  processing 157440 (33553.2 per sec) reads @ chr19:20000000-23715829
PoolWorker-28 countReadsInRegions_worker: processing 3715 (775.9 per sec) @ chr19:20000000-23715829
PoolWorker-28,  processing 827 (68951.8 per sec) reads @ Ascaf_122:0-20728
PoolWorker-28 countReadsInRegions_worker: processing 20 (342.9 per sec) @ Ascaf_122:0-20728
PoolWorker-28,  processing 937 (65670.7 per sec) reads @ Ascaf_147:0-15099
PoolWorker-28 countReadsInRegions_worker: processing 15 (277.4 per sec) @ Ascaf_147:0-15099
PoolWorker-28,  processing 321698 (33435.1 per sec) reads @ chr17:0-5000000
PoolWorker-28 countReadsInRegions_worker: processing 5000 (506.8 per sec) @ chr17:0-5000000
PoolWorker-28,  processing 320782 (34318.7 per sec) reads @ chr21:5000000-10000000
PoolWorker-28 countReadsInRegions_worker: processing 5000 (525.2 per sec) @ chr21:5000000-10000000
PoolWorker-28,  processing 390735 (35256.8 per sec) reads @ chr14:0-5000000
PoolWorker-28 countReadsInRegions_worker: processing 5000 (442.6 per sec) @ chr14:0-5000000
PoolWorker-28,  processing 364518 (42303.1 per sec) reads @ chr7:15000000-20000000
PoolWorker-28 countReadsInRegions_worker: processing 5000 (571.1 per sec) @ chr7:15000000-20000000
PoolWorker-28,  processing 3555 (35275.3 per sec) reads @ Ascaf_166:0-50000
PoolWorker-28 countReadsInRegions_worker: processing 50 (382.9 per sec) @ Ascaf_166:0-50000
PoolWorker-24,  processing 34801 (33443.7 per sec) reads @ Ascaf_22:0-446888
PoolWorker-24 countReadsInRegions_worker: processing 446 (417.6 per sec) @ Ascaf_22:0-446888
PoolWorker-24,  processing 7003 (35366.5 per sec) reads @ Ascaf_40:0-90738
PoolWorker-24 countReadsInRegions_worker: processing 90 (345.9 per sec) @ Ascaf_40:0-90738
PoolWorker-24,  processing 1284 (69869.7 per sec) reads @ Ascaf_134:0-17659
PoolWorker-24 countReadsInRegions_worker: processing 17 (214.8 per sec) @ Ascaf_134:0-17659
PoolWorker-24,  processing 2381 (49301.1 per sec) reads @ Ascaf_94:0-33862
PoolWorker-24 countReadsInRegions_worker: processing 33 (301.1 per sec) @ Ascaf_94:0-33862
PoolWorker-24,  processing 1367 (66579.3 per sec) reads @ Ascaf_112:0-24428
PoolWorker-24 countReadsInRegions_worker: processing 24 (294.2 per sec) @ Ascaf_112:0-24428
PoolWorker-24,  processing 275621 (32707.7 per sec) reads @ chr1:30000000-33917795
PoolWorker-24 countReadsInRegions_worker: processing 3917 (453.1 per sec) @ chr1:30000000-33917795
PoolWorker-24,  processing 52280 (38302.0 per sec) reads @ chr15:20000000-20219940
PoolWorker-24 countReadsInRegions_worker: processing 219 (151.1 per sec) @ chr15:20000000-20219940
PoolWorker-24,  processing 17019 (36928.1 per sec) reads @ Ascaf_137:0-17000
PoolWorker-24 countReadsInRegions_worker: processing 17 (31.7 per sec) @ Ascaf_137:0-17000
PoolWorker-24,  processing 559 (62132.1 per sec) reads @ Ascaf_151:0-13242
PoolWorker-24 countReadsInRegions_worker: processing 13 (185.9 per sec) @ Ascaf_151:0-13242
PoolWorker-24,  processing 1468 (38898.7 per sec) reads @ Ascaf_97:0-33357
PoolWorker-24 countReadsInRegions_worker: processing 33 (333.2 per sec) @ Ascaf_97:0-33357
PoolWorker-24,  processing 49924 (34567.2 per sec) reads @ Ascaf_120:0-22000
PoolWorker-24 countReadsInRegions_worker: processing 22 (14.6 per sec) @ Ascaf_120:0-22000
PoolWorker-24,  processing 11549 (36116.0 per sec) reads @ Ascaf_36:0-98486
PoolWorker-24 countReadsInRegions_worker: processing 98 (270.9 per sec) @ Ascaf_36:0-98486
PoolWorker-24,  processing 304538 (33547.5 per sec) reads @ chr21:0-5000000
PoolWorker-24 countReadsInRegions_worker: processing 5000 (540.8 per sec) @ chr21:0-5000000
PoolWorker-24,  processing 312428 (33051.3 per sec) reads @ chr10:0-5000000
PoolWorker-24 countReadsInRegions_worker: processing 5000 (519.5 per sec) @ chr10:0-5000000
PoolWorker-24,  processing 339955 (34319.1 per sec) reads @ chr13:10000000-15000000
PoolWorker-24 countReadsInRegions_worker: processing 5000 (495.2 per sec) @ chr13:10000000-15000000
PoolWorker-24,  processing 306396 (33442.8 per sec) reads @ chr10:15000000-19005646
PoolWorker-24 countReadsInRegions_worker: processing 4005 (430.1 per sec) @ chr10:15000000-19005646
PoolWorker-24,  processing 2018 (35642.4 per sec) reads @ Ascaf_100:0-32247
PoolWorker-24 countReadsInRegions_worker: processing 32 (319.7 per sec) @ Ascaf_100:0-32247
PoolWorker-24,  processing 1859 (46009.1 per sec) reads @ Ascaf_99:0-33167
PoolWorker-24 countReadsInRegions_worker: processing 33 (411.3 per sec) @ Ascaf_99:0-33167
PoolWorker-24,  processing 24821 (35937.6 per sec) reads @ Ascaf_34:0-101478
PoolWorker-24 countReadsInRegions_worker: processing 101 (135.3 per sec) @ Ascaf_34:0-101478
PoolWorker-24,  processing 4574 (39307.4 per sec) reads @ Ascaf_55:0-59833
PoolWorker-24 countReadsInRegions_worker: processing 59 (376.1 per sec) @ Ascaf_55:0-59833
PoolWorker-24,  processing 40420 (36822.1 per sec) reads @ Ascaf_33:0-106103
PoolWorker-24 countReadsInRegions_worker: processing 106 (91.5 per sec) @ Ascaf_33:0-106103
PoolWorker-24,  processing 821 (67289.2 per sec) reads @ Ascaf_144:0-15519
PoolWorker-24 countReadsInRegions_worker: processing 15 (282.0 per sec) @ Ascaf_144:0-15519
PoolWorker-24,  processing 3848 (41111.9 per sec) reads @ Ascaf_106:0-29590
PoolWorker-24 countReadsInRegions_worker: processing 29 (216.7 per sec) @ Ascaf_106:0-29590
PoolWorker-24,  processing 335061 (37864.0 per sec) reads @ chr17:15000000-20000000
PoolWorker-24 countReadsInRegions_worker: processing 5000 (558.5 per sec) @ chr17:15000000-20000000
PoolWorker-26,  processing 698 (63363.0 per sec) reads @ Ascaf_152:0-12206
PoolWorker-26 countReadsInRegions_worker: processing 12 (453.5 per sec) @ Ascaf_152:0-12206
PoolWorker-26,  processing 310704 (32976.6 per sec) reads @ chr3:15000000-20000000
PoolWorker-26 countReadsInRegions_worker: processing 5000 (518.7 per sec) @ chr3:15000000-20000000
PoolWorker-26,  processing 368075 (33716.5 per sec) reads @ chr21:15000000-19873525
PoolWorker-26 countReadsInRegions_worker: processing 4873 (436.2 per sec) @ chr21:15000000-19873525
PoolWorker-26,  processing 2632 (51366.2 per sec) reads @ Ascaf_83:0-38959
PoolWorker-26 countReadsInRegions_worker: processing 38 (361.2 per sec) @ Ascaf_83:0-38959
PoolWorker-26,  processing 338834 (33783.5 per sec) reads @ chr9:0-5000000
PoolWorker-26 countReadsInRegions_worker: processing 5000 (486.0 per sec) @ chr9:0-5000000
PoolWorker-26,  processing 202562 (33802.8 per sec) reads @ chr20:20000000-22998664
PoolWorker-26 countReadsInRegions_worker: processing 2998 (490.7 per sec) @ chr20:20000000-22998664
PoolWorker-26,  processing 5192 (43728.0 per sec) reads @ Ascaf_59:0-57475
PoolWorker-26 countReadsInRegions_worker: processing 57 (332.5 per sec) @ Ascaf_59:0-57475
PoolWorker-26,  processing 324573 (33729.9 per sec) reads @ chr5:5000000-10000000
PoolWorker-26 countReadsInRegions_worker: processing 5000 (507.3 per sec) @ chr5:5000000-10000000
PoolWorker-26,  processing 340614 (33367.5 per sec) reads @ chr21:10000000-15000000
PoolWorker-26 countReadsInRegions_worker: processing 5000 (477.8 per sec) @ chr21:10000000-15000000
PoolWorker-26,  processing 328873 (47856.1 per sec) reads @ chr9:15000000-20000000
PoolWorker-26 countReadsInRegions_worker: processing 5000 (715.8 per sec) @ chr9:15000000-20000000
PoolWorker-26,  processing 12524 (70658.9 per sec) reads @ Ascaf_29:0-143722
PoolWorker-26 countReadsInRegions_worker: processing 143 (766.3 per sec) @ Ascaf_29:0-143722
PoolWorker-26,  processing 12501 (68527.9 per sec) reads @ Ascaf_71:0-32519
PoolWorker-26 countReadsInRegions_worker: processing 32 (167.0 per sec) @ Ascaf_71:0-32519
PoolWorker-25,  processing 341326 (33728.2 per sec) reads @ chr16:10000000-15000000
PoolWorker-25 countReadsInRegions_worker: processing 5000 (480.6 per sec) @ chr16:10000000-15000000
PoolWorker-25,  processing 609716 (32258.5 per sec) reads @ chr19:0-5000000
PoolWorker-25 countReadsInRegions_worker: processing 5000 (259.7 per sec) @ chr19:0-5000000
PoolWorker-25,  processing 1962 (40963.8 per sec) reads @ Ascaf_66:0-47454
PoolWorker-25 countReadsInRegions_worker: processing 47 (536.4 per sec) @ Ascaf_66:0-47454
PoolWorker-25,  processing 3298 (32664.8 per sec) reads @ Ascaf_58:0-57612
PoolWorker-25 countReadsInRegions_worker: processing 57 (471.5 per sec) @ Ascaf_58:0-57612
PoolWorker-25,  processing 188509 (34077.7 per sec) reads @ chr19:15000000-20000000
PoolWorker-25 countReadsInRegions_worker: processing 5000 (887.5 per sec) @ chr19:15000000-20000000
PoolWorker-25,  processing 1048 (67055.6 per sec) reads @ Ascaf_102:0-31073
PoolWorker-25 countReadsInRegions_worker: processing 31 (559.6 per sec) @ Ascaf_102:0-31073
PoolWorker-25,  processing 1945 (34856.7 per sec) reads @ Ascaf_104:0-29894
PoolWorker-25 countReadsInRegions_worker: processing 29 (302.1 per sec) @ Ascaf_104:0-29894
PoolWorker-25,  processing 340928 (33782.5 per sec) reads @ chr8:15000000-20000000
PoolWorker-25 countReadsInRegions_worker: processing 5000 (486.2 per sec) @ chr8:15000000-20000000
PoolWorker-25,  processing 343217 (33664.8 per sec) reads @ chr9:10000000-15000000
PoolWorker-25 countReadsInRegions_worker: processing 5000 (480.9 per sec) @ chr9:10000000-15000000
PoolWorker-25,  processing 62 (41114.1 per sec) reads @ Ascaf_164:0-1000
PoolWorker-25 countReadsInRegions_worker: processing 1 (23.2 per sec) @ Ascaf_164:0-1000
PoolWorker-25,  processing 2092 (36890.7 per sec) reads @ Ascaf_101:0-31946
PoolWorker-25 countReadsInRegions_worker: processing 31 (320.5 per sec) @ Ascaf_101:0-31946
PoolWorker-25,  processing 336 (64628.4 per sec) reads @ Ascaf_154:0-6709
PoolWorker-25 countReadsInRegions_worker: processing 6 (134.2 per sec) @ Ascaf_154:0-6709
PoolWorker-25,  processing 338939 (43355.3 per sec) reads @ chr4:30000000-35000000
PoolWorker-25 countReadsInRegions_worker: processing 5000 (631.9 per sec) @ chr4:30000000-35000000
PoolWorker-25,  processing 85606 (71040.0 per sec) reads @ Ascaf_42:0-86089
PoolWorker-25 countReadsInRegions_worker: processing 86 (70.0 per sec) @ Ascaf_42:0-86089
PoolWorker-25,  processing 1385 (72116.3 per sec) reads @ Ascaf_118:0-22120
PoolWorker-25 countReadsInRegions_worker: processing 22 (830.3 per sec) @ Ascaf_118:0-22120
PoolWorker-25,  processing 6890 (72163.9 per sec) reads @ Ascaf_92:0-34608
PoolWorker-25 countReadsInRegions_worker: processing 34 (330.2 per sec) @ Ascaf_92:0-34608
PoolWorker-31,  processing 330853 (32692.2 per sec) reads @ chr14:10000000-15000000
PoolWorker-31 countReadsInRegions_worker: processing 5000 (483.0 per sec) @ chr14:10000000-15000000
PoolWorker-31,  processing 3016 (43693.7 per sec) reads @ Ascaf_65:0-47651
PoolWorker-31 countReadsInRegions_worker: processing 47 (353.5 per sec) @ Ascaf_65:0-47651
PoolWorker-31,  processing 339723 (33643.5 per sec) reads @ chr13:5000000-10000000
PoolWorker-31 countReadsInRegions_worker: processing 5000 (484.5 per sec) @ chr13:5000000-10000000
PoolWorker-31,  processing 1746 (45640.0 per sec) reads @ Ascaf_111:0-25158
PoolWorker-31 countReadsInRegions_worker: processing 25 (314.8 per sec) @ Ascaf_111:0-25158
PoolWorker-31,  processing 206 (61769.1 per sec) reads @ Ascaf_158:0-3231
PoolWorker-31 countReadsInRegions_worker: processing 3 (69.3 per sec) @ Ascaf_158:0-3231
PoolWorker-31,  processing 565 (28143.0 per sec) reads @ Ascaf_115:0-24004
PoolWorker-31 countReadsInRegions_worker: processing 24 (494.0 per sec) @ Ascaf_115:0-24004
PoolWorker-31,  processing 244459 (33165.2 per sec) reads @ chr7:30000000-33914388
PoolWorker-31 countReadsInRegions_worker: processing 3914 (517.7 per sec) @ chr7:30000000-33914388
PoolWorker-31,  processing 56 (45117.4 per sec) reads @ Ascaf_162:0-1000
PoolWorker-31 countReadsInRegions_worker: processing 1 (24.9 per sec) @ Ascaf_162:0-1000
PoolWorker-31,  processing 1521 (44046.3 per sec) reads @ Ascaf_126:0-19574
PoolWorker-31 countReadsInRegions_worker: processing 19 (256.2 per sec) @ Ascaf_126:0-19574
PoolWorker-31,  processing 27595 (35722.5 per sec) reads @ Ascaf_74:0-44000
PoolWorker-31 countReadsInRegions_worker: processing 44 (53.9 per sec) @ Ascaf_74:0-44000
PoolWorker-31,  processing 2484 (49078.1 per sec) reads @ Ascaf_69:0-44691
PoolWorker-31 countReadsInRegions_worker: processing 44 (484.1 per sec) @ Ascaf_69:0-44691
PoolWorker-31,  processing 16269 (35860.6 per sec) reads @ Ascaf_24:0-187591
PoolWorker-31 countReadsInRegions_worker: processing 187 (377.4 per sec) @ Ascaf_24:0-187591
PoolWorker-31,  processing 1317 (34720.1 per sec) reads @ Ascaf_103:0-30986
PoolWorker-31 countReadsInRegions_worker: processing 30 (376.1 per sec) @ Ascaf_103:0-30986
PoolWorker-31,  processing 336950 (33695.3 per sec) reads @ chr1:25000000-30000000
PoolWorker-31 countReadsInRegions_worker: processing 5000 (491.9 per sec) @ chr1:25000000-30000000
PoolWorker-31,  processing 31538 (36526.3 per sec) reads @ Ascaf_27:0-155775
PoolWorker-31 countReadsInRegions_worker: processing 155 (168.3 per sec) @ Ascaf_27:0-155775
PoolWorker-31,  processing 1093 (67544.4 per sec) reads @ Ascaf_135:0-17087
PoolWorker-31 countReadsInRegions_worker: processing 17 (213.4 per sec) @ Ascaf_135:0-17087
PoolWorker-31,  processing 2315 (33918.4 per sec) reads @ Ascaf_77:0-41997
PoolWorker-31 countReadsInRegions_worker: processing 41 (382.5 per sec) @ Ascaf_77:0-41997
PoolWorker-31,  processing 81729 (34262.7 per sec) reads @ chr6:20000000-21248438
PoolWorker-31 countReadsInRegions_worker: processing 1248 (506.5 per sec) @ chr6:20000000-21248438
PoolWorker-31,  processing 491 (61520.6 per sec) reads @ Ascaf_140:0-15786
PoolWorker-31 countReadsInRegions_worker: processing 15 (329.4 per sec) @ Ascaf_140:0-15786
PoolWorker-31,  processing 683 (65396.9 per sec) reads @ Ascaf_143:0-15560
PoolWorker-31 countReadsInRegions_worker: processing 15 (304.5 per sec) @ Ascaf_143:0-15560
PoolWorker-31,  processing 616 (66566.0 per sec) reads @ Ascaf_128:0-19120
PoolWorker-31 countReadsInRegions_worker: processing 19 (391.1 per sec) @ Ascaf_128:0-19120
PoolWorker-31,  processing 341575 (33085.4 per sec) reads @ chr10:10000000-15000000
PoolWorker-31 countReadsInRegions_worker: processing 5000 (474.2 per sec) @ chr10:10000000-15000000
PoolWorker-31,  processing 318334 (43949.0 per sec) reads @ chr7:0-5000000
PoolWorker-31 countReadsInRegions_worker: processing 5000 (673.5 per sec) @ chr7:0-5000000
PoolWorker-31,  processing 347093 (62734.2 per sec) reads @ chr20:10000000-15000000
PoolWorker-31 countReadsInRegions_worker: processing 5000 (888.1 per sec) @ chr20:10000000-15000000
PoolWorker-30,  processing 398420 (32991.6 per sec) reads @ chr4:25000000-30000000
PoolWorker-30 countReadsInRegions_worker: processing 5000 (403.7 per sec) @ chr4:25000000-30000000
PoolWorker-30,  processing 3014 (42198.1 per sec) reads @ Ascaf_70:0-46916
PoolWorker-30 countReadsInRegions_worker: processing 46 (317.2 per sec) @ Ascaf_70:0-46916
PoolWorker-30,  processing 3322 (33377.8 per sec) reads @ Ascaf_63:0-51776
PoolWorker-30 countReadsInRegions_worker: processing 51 (366.2 per sec) @ Ascaf_63:0-51776
PoolWorker-30,  processing 332256 (33959.0 per sec) reads @ chr14:5000000-10000000
PoolWorker-30 countReadsInRegions_worker: processing 5000 (498.8 per sec) @ chr14:5000000-10000000
PoolWorker-30,  processing 265439 (33430.3 per sec) reads @ chr17:20000000-23682274
PoolWorker-30 countReadsInRegions_worker: processing 3682 (452.5 per sec) @ chr17:20000000-23682274
PoolWorker-30,  processing 2536 (40942.1 per sec) reads @ Ascaf_87:0-36937
PoolWorker-30 countReadsInRegions_worker: processing 36 (268.1 per sec) @ Ascaf_87:0-36937
PoolWorker-30,  processing 444946 (34168.0 per sec) reads @ chr13:0-5000000
PoolWorker-30 countReadsInRegions_worker: processing 5000 (376.7 per sec) @ chr13:0-5000000
PoolWorker-30,  processing 1331 (40541.0 per sec) reads @ Ascaf_132:0-17867
PoolWorker-30 countReadsInRegions_worker: processing 17 (245.0 per sec) @ Ascaf_132:0-17867
PoolWorker-30,  processing 1044 (68404.6 per sec) reads @ Ascaf_148:0-14976
PoolWorker-30 countReadsInRegions_worker: processing 14 (255.2 per sec) @ Ascaf_148:0-14976
PoolWorker-30,  processing 49 (35662.1 per sec) reads @ Ascaf_160:0-2000
PoolWorker-30 countReadsInRegions_worker: processing 2 (49.1 per sec) @ Ascaf_160:0-2000
PoolWorker-30,  processing 371618 (34348.9 per sec) reads @ chr17:10000000-15000000
PoolWorker-30 countReadsInRegions_worker: processing 5000 (450.4 per sec) @ chr17:10000000-15000000
PoolWorker-30,  processing 67804 (35372.9 per sec) reads @ Ascaf_30:0-130979
PoolWorker-30 countReadsInRegions_worker: processing 130 (65.3 per sec) @ Ascaf_30:0-130979
PoolWorker-30,  processing 41042 (35917.3 per sec) reads @ Ascaf_45:0-74461
PoolWorker-30 countReadsInRegions_worker: processing 74 (61.5 per sec) @ Ascaf_45:0-74461
PoolWorker-30,  processing 5890 (36421.4 per sec) reads @ Ascaf_37:0-98231
PoolWorker-30 countReadsInRegions_worker: processing 98 (480.9 per sec) @ Ascaf_37:0-98231
PoolWorker-30,  processing 40227 (36052.8 per sec) reads @ Ascaf_43:0-83995
PoolWorker-30 countReadsInRegions_worker: processing 83 (70.9 per sec) @ Ascaf_43:0-83995
PoolWorker-30,  processing 310070 (47829.6 per sec) reads @ chr11:0-5000000
PoolWorker-30 countReadsInRegions_worker: processing 5000 (757.4 per sec) @ chr11:0-5000000
PoolWorker-22,  processing 318806 (32437.5 per sec) reads @ chr4:35000000-40000000
PoolWorker-22 countReadsInRegions_worker: processing 5000 (497.3 per sec) @ chr4:35000000-40000000
PoolWorker-22,  processing 53167 (35987.8 per sec) reads @ Ascaf_39:0-92659
PoolWorker-22 countReadsInRegions_worker: processing 92 (58.9 per sec) @ Ascaf_39:0-92659
PoolWorker-22,  processing 310501 (33258.2 per sec) reads @ chr2:0-5000000
PoolWorker-22 countReadsInRegions_worker: processing 5000 (525.8 per sec) @ chr2:0-5000000
PoolWorker-22,  processing 1120 (69169.1 per sec) reads @ Ascaf_141:0-15738
PoolWorker-22 countReadsInRegions_worker: processing 15 (211.5 per sec) @ Ascaf_141:0-15738
PoolWorker-22,  processing 35078 (35283.1 per sec) reads @ Ascaf_50:0-70692
PoolWorker-22 countReadsInRegions_worker: processing 70 (67.4 per sec) @ Ascaf_50:0-70692
PoolWorker-22,  processing 1049 (67265.3 per sec) reads @ Ascaf_167:0-25000
PoolWorker-22 countReadsInRegions_worker: processing 25 (446.2 per sec) @ Ascaf_167:0-25000
PoolWorker-22,  processing 2550 (39243.4 per sec) reads @ Ascaf_76:0-42514
PoolWorker-22 countReadsInRegions_worker: processing 42 (402.9 per sec) @ Ascaf_76:0-42514
PoolWorker-22,  processing 17111 (34369.2 per sec) reads @ Ascaf_75:0-42641
PoolWorker-22 countReadsInRegions_worker: processing 42 (77.5 per sec) @ Ascaf_75:0-42641
PoolWorker-22,  processing 16604 (36272.2 per sec) reads @ Ascaf_124:0-19772
PoolWorker-22 countReadsInRegions_worker: processing 19 (37.0 per sec) @ Ascaf_124:0-19772
PoolWorker-22,  processing 299596 (34337.1 per sec) reads @ chr5:15000000-18670498
PoolWorker-22 countReadsInRegions_worker: processing 3670 (413.9 per sec) @ chr5:15000000-18670498
PoolWorker-22,  processing 1990 (47016.0 per sec) reads @ Ascaf_85:0-37890
PoolWorker-22 countReadsInRegions_worker: processing 37 (380.2 per sec) @ Ascaf_85:0-37890
PoolWorker-22,  processing 345193 (33962.5 per sec) reads @ chr2:20000000-25000000
PoolWorker-22 countReadsInRegions_worker: processing 5000 (480.5 per sec) @ chr2:20000000-25000000
PoolWorker-22,  processing 333135 (33851.5 per sec) reads @ chr10:5000000-10000000
PoolWorker-22 countReadsInRegions_worker: processing 5000 (499.5 per sec) @ chr10:5000000-10000000
PoolWorker-22,  processing 340530 (34429.6 per sec) reads @ chr1:10000000-15000000
PoolWorker-22 countReadsInRegions_worker: processing 5000 (496.0 per sec) @ chr1:10000000-15000000
PoolWorker-22,  processing 375383 (66924.7 per sec) reads @ chr20:0-5000000
PoolWorker-22 countReadsInRegions_worker: processing 5000 (877.6 per sec) @ chr20:0-5000000
PoolWorker-22,  processing 10173 (75511.1 per sec) reads @ Ascaf_79:0-41364
PoolWorker-22 countReadsInRegions_worker: processing 41 (283.4 per sec) @ Ascaf_79:0-41364
PoolWorker-32,  processing 6272 (31254.4 per sec) reads @ Ascaf_46:0-73387
PoolWorker-32 countReadsInRegions_worker: processing 73 (318.1 per sec) @ Ascaf_46:0-73387
PoolWorker-32,  processing 338785 (32808.5 per sec) reads @ chr6:5000000-10000000
PoolWorker-32 countReadsInRegions_worker: processing 5000 (471.8 per sec) @ chr6:5000000-10000000
PoolWorker-32,  processing 24512 (36253.5 per sec) reads @ Ascaf_53:0-64139
PoolWorker-32 countReadsInRegions_worker: processing 64 (84.8 per sec) @ Ascaf_53:0-64139
PoolWorker-32,  processing 3119 (36350.7 per sec) reads @ Ascaf_133:0-49732
PoolWorker-32 countReadsInRegions_worker: processing 49 (358.4 per sec) @ Ascaf_133:0-49732
PoolWorker-32,  processing 28288 (36654.4 per sec) reads @ Ascaf_38:0-95573
PoolWorker-32 countReadsInRegions_worker: processing 95 (111.6 per sec) @ Ascaf_38:0-95573
PoolWorker-32,  processing 309005 (32666.7 per sec) reads @ chr4:0-5000000
PoolWorker-32 countReadsInRegions_worker: processing 5000 (517.8 per sec) @ chr4:0-5000000
PoolWorker-32,  processing 332802 (33483.0 per sec) reads @ chr15:5000000-10000000
PoolWorker-32 countReadsInRegions_worker: processing 5000 (492.5 per sec) @ chr15:5000000-10000000
PoolWorker-32,  processing 325707 (33262.2 per sec) reads @ chr20:15000000-20000000
PoolWorker-32 countReadsInRegions_worker: processing 5000 (502.0 per sec) @ chr20:15000000-20000000
PoolWorker-32,  processing 877 (67947.5 per sec) reads @ Ascaf_149:0-13452
PoolWorker-32 countReadsInRegions_worker: processing 13 (250.3 per sec) @ Ascaf_149:0-13452
PoolWorker-32,  processing 15054 (36298.3 per sec) reads @ Ascaf_48:0-71747
PoolWorker-32 countReadsInRegions_worker: processing 71 (157.4 per sec) @ Ascaf_48:0-71747
PoolWorker-32,  processing 345708 (33228.7 per sec) reads @ chr13:15000000-20000000
PoolWorker-32 countReadsInRegions_worker: processing 5000 (467.2 per sec) @ chr13:15000000-20000000
PoolWorker-32,  processing 1383 (40872.6 per sec) reads @ Ascaf_117:0-22832
PoolWorker-32 countReadsInRegions_worker: processing 22 (299.2 per sec) @ Ascaf_117:0-22832
PoolWorker-32,  processing 2268 (47555.1 per sec) reads @ Ascaf_80:0-41014
PoolWorker-32 countReadsInRegions_worker: processing 41 (469.1 per sec) @ Ascaf_80:0-41014
PoolWorker-32,  processing 353045 (37950.3 per sec) reads @ chr5:10000000-15000000
PoolWorker-32 countReadsInRegions_worker: processing 5000 (530.7 per sec) @ chr5:10000000-15000000
PoolWorker-32,  processing 33201 (69988.2 per sec) reads @ Ascaf_25:0-178627
PoolWorker-32 countReadsInRegions_worker: processing 178 (365.5 per sec) @ Ascaf_25:0-178627
PoolWorker-32,  processing 354656 (71353.0 per sec) reads @ chr15:10000000-15000000
PoolWorker-32 countReadsInRegions_worker: processing 5000 (988.3 per sec) @ chr15:10000000-15000000
PoolWorker-27,  processing 21148 (33237.8 per sec) reads @ Ascaf_72:0-46000
PoolWorker-27 countReadsInRegions_worker: processing 46 (67.8 per sec) @ Ascaf_72:0-46000
PoolWorker-27,  processing 1940 (47102.2 per sec) reads @ Ascaf_91:0-34837
PoolWorker-27 countReadsInRegions_worker: processing 34 (331.9 per sec) @ Ascaf_91:0-34837
PoolWorker-27,  processing 25265 (34124.4 per sec) reads @ Ascaf_41:0-90399
PoolWorker-27 countReadsInRegions_worker: processing 90 (111.7 per sec) @ Ascaf_41:0-90399
PoolWorker-27,  processing 45021 (35756.4 per sec) reads @ Ascaf_89:0-36000
PoolWorker-27 countReadsInRegions_worker: processing 36 (26.8 per sec) @ Ascaf_89:0-36000
PoolWorker-27,  processing 863 (68611.8 per sec) reads @ Ascaf_82:0-39089
PoolWorker-27 countReadsInRegions_worker: processing 39 (533.5 per sec) @ Ascaf_82:0-39089
PoolWorker-27,  processing 332457 (32410.8 per sec) reads @ chr5:0-5000000
PoolWorker-27 countReadsInRegions_worker: processing 5000 (477.5 per sec) @ chr5:0-5000000
PoolWorker-27,  processing 1928 (34768.7 per sec) reads @ Ascaf_67:0-40269
PoolWorker-27 countReadsInRegions_worker: processing 40 (417.1 per sec) @ Ascaf_67:0-40269
PoolWorker-27,  processing 510 (61158.9 per sec) reads @ Ascaf_153:0-10046
PoolWorker-27 countReadsInRegions_worker: processing 10 (208.4 per sec) @ Ascaf_153:0-10046
PoolWorker-27,  processing 341109 (33071.1 per sec) reads @ chr16:15000000-20000000
PoolWorker-27 countReadsInRegions_worker: processing 5000 (475.4 per sec) @ chr16:15000000-20000000
PoolWorker-27,  processing 341889 (33713.0 per sec) reads @ chr4:15000000-20000000
PoolWorker-27 countReadsInRegions_worker: processing 5000 (484.0 per sec) @ chr4:15000000-20000000
PoolWorker-27,  processing 335135 (33234.3 per sec) reads @ chr18:10000000-15000000
PoolWorker-27 countReadsInRegions_worker: processing 5000 (486.8 per sec) @ chr18:10000000-15000000
PoolWorker-27,  processing 6569 (38494.5 per sec) reads @ Ascaf_107:0-29490
PoolWorker-27 countReadsInRegions_worker: processing 29 (135.8 per sec) @ Ascaf_107:0-29490
PoolWorker-27,  processing 332 (63982.2 per sec) reads @ Ascaf_156:0-5652
PoolWorker-27 countReadsInRegions_worker: processing 5 (110.9 per sec) @ Ascaf_156:0-5652
PoolWorker-27,  processing 1871 (46526.3 per sec) reads @ Ascaf_168:0-25000
PoolWorker-27 countReadsInRegions_worker: processing 25 (312.2 per sec) @ Ascaf_168:0-25000
PoolWorker-27,  processing 421 (61539.1 per sec) reads @ Ascaf_155:0-6589
PoolWorker-27 countReadsInRegions_worker: processing 6 (130.6 per sec) @ Ascaf_155:0-6589
PoolWorker-27,  processing 356085 (34139.4 per sec) reads @ chr16:0-5000000
PoolWorker-27 countReadsInRegions_worker: processing 5000 (466.4 per sec) @ chr16:0-5000000
PoolWorker-27,  processing 1290 (39861.6 per sec) reads @ Ascaf_60:0-24766
PoolWorker-27 countReadsInRegions_worker: processing 24 (332.5 per sec) @ Ascaf_60:0-24766
PoolWorker-27,  processing 346106 (42756.8 per sec) reads @ chr15:15000000-20000000
PoolWorker-27 countReadsInRegions_worker: processing 5000 (609.2 per sec) @ chr15:15000000-20000000
PoolWorker-27,  processing 5470 (71051.8 per sec) reads @ Ascaf_56:0-58445
PoolWorker-27 countReadsInRegions_worker: processing 58 (680.0 per sec) @ Ascaf_56:0-58445
PoolWorker-27,  processing 323131 (70522.9 per sec) reads @ chr1:0-5000000
PoolWorker-27 countReadsInRegions_worker: processing 5000 (1071.1 per sec) @ chr1:0-5000000
PoolWorker-19,  processing 2007 (24893.0 per sec) reads @ Ascaf_88:0-36907
PoolWorker-19 countReadsInRegions_worker: processing 36 (367.5 per sec) @ Ascaf_88:0-36907
PoolWorker-19,  processing 4981 (39831.8 per sec) reads @ Ascaf_161:0-1000
PoolWorker-19 countReadsInRegions_worker: processing 1 (5.4 per sec) @ Ascaf_161:0-1000
PoolWorker-19,  processing 16016 (36956.3 per sec) reads @ Ascaf_57:0-58000
PoolWorker-19 countReadsInRegions_worker: processing 58 (116.7 per sec) @ Ascaf_57:0-58000
PoolWorker-19,  processing 356075 (33197.8 per sec) reads @ chr1:15000000-20000000
PoolWorker-19 countReadsInRegions_worker: processing 5000 (456.2 per sec) @ chr1:15000000-20000000
PoolWorker-19,  processing 1115 (68207.5 per sec) reads @ Ascaf_121:0-21431
PoolWorker-19 countReadsInRegions_worker: processing 21 (272.0 per sec) @ Ascaf_121:0-21431
PoolWorker-19,  processing 977 (65932.5 per sec) reads @ Ascaf_136:0-17062
PoolWorker-19 countReadsInRegions_worker: processing 17 (224.0 per sec) @ Ascaf_136:0-17062
PoolWorker-19,  processing 391388 (33933.6 per sec) reads @ chr6:0-5000000
PoolWorker-19 countReadsInRegions_worker: processing 5000 (424.9 per sec) @ chr6:0-5000000
PoolWorker-19,  processing 340941 (34116.3 per sec) reads @ chr2:15000000-20000000
PoolWorker-19 countReadsInRegions_worker: processing 5000 (491.3 per sec) @ chr2:15000000-20000000
PoolWorker-19,  processing 989 (65238.1 per sec) reads @ Ascaf_150:0-13271
PoolWorker-19 countReadsInRegions_worker: processing 13 (236.6 per sec) @ Ascaf_150:0-13271
PoolWorker-19,  processing 29428 (36849.4 per sec) reads @ Ascaf_113:0-24387
PoolWorker-19 countReadsInRegions_worker: processing 24 (28.5 per sec) @ Ascaf_113:0-24387
PoolWorker-19,  processing 314992 (33312.6 per sec) reads @ chr8:0-5000000
PoolWorker-19 countReadsInRegions_worker: processing 5000 (519.2 per sec) @ chr8:0-5000000
PoolWorker-19,  processing 342546 (33854.2 per sec) reads @ chr3:5000000-10000000
PoolWorker-19 countReadsInRegions_worker: processing 5000 (484.8 per sec) @ chr3:5000000-10000000
PoolWorker-19,  processing 344360 (35962.0 per sec) reads @ chr4:10000000-15000000
PoolWorker-19 countReadsInRegions_worker: processing 5000 (515.7 per sec) @ chr4:10000000-15000000
PoolWorker-19,  processing 1237 (69718.1 per sec) reads @ Ascaf_125:0-19664
PoolWorker-19 countReadsInRegions_worker: processing 19 (757.9 per sec) @ Ascaf_125:0-19664
PoolWorker-19,  processing 335801 (73023.6 per sec) reads @ chr1:5000000-10000000
PoolWorker-19 countReadsInRegions_worker: processing 5000 (1072.7 per sec) @ chr1:5000000-10000000
PoolWorker-19,  processing 1239 (85354.8 per sec) reads @ Ascaf_127:0-19159
PoolWorker-19 countReadsInRegions_worker: processing 19 (927.7 per sec) @ Ascaf_127:0-19159
output file: /storage/scratch/iee/dj20y461/Stickleback/Y_comp/Sex_chrom_stats/Read_depths/Gw/depths/2003ME_M_4.1kb.RPKM.depth
