genome partition size for multiprocessing: 1000000
using 16 processors for 657 number of tasks
Final scaling factor: 0.0271640719726
PoolWorker-29,  processing 342778 (32755.0 per sec) reads @ chr9:15000000-20000000
PoolWorker-29 countReadsInRegions_worker: processing 5000 (465.2 per sec) @ chr9:15000000-20000000
PoolWorker-29,  processing 18783 (37997.5 per sec) reads @ chr3:20000000-20313673
PoolWorker-29 countReadsInRegions_worker: processing 313 (567.1 per sec) @ chr3:20000000-20313673
PoolWorker-29,  processing 1284 (41549.2 per sec) reads @ Ascaf_134:0-17659
PoolWorker-29 countReadsInRegions_worker: processing 17 (241.8 per sec) @ Ascaf_134:0-17659
PoolWorker-29,  processing 352587 (34092.4 per sec) reads @ chr3:10000000-15000000
PoolWorker-29 countReadsInRegions_worker: processing 5000 (472.8 per sec) @ chr3:10000000-15000000
PoolWorker-29,  processing 2109 (37267.4 per sec) reads @ Ascaf_100:0-32247
PoolWorker-29 countReadsInRegions_worker: processing 32 (322.9 per sec) @ Ascaf_100:0-32247
PoolWorker-29,  processing 345110 (34482.2 per sec) reads @ chr20:5000000-10000000
PoolWorker-29 countReadsInRegions_worker: processing 5000 (487.7 per sec) @ chr20:5000000-10000000
PoolWorker-29,  processing 321830 (34939.4 per sec) reads @ chr17:0-5000000
PoolWorker-29 countReadsInRegions_worker: processing 5000 (531.5 per sec) @ chr17:0-5000000
PoolWorker-29,  processing 12979 (36805.9 per sec) reads @ Ascaf_119:0-22101
PoolWorker-29 countReadsInRegions_worker: processing 22 (53.7 per sec) @ Ascaf_119:0-22101
PoolWorker-29,  processing 1722 (44414.7 per sec) reads @ Ascaf_67:0-40269
PoolWorker-29 countReadsInRegions_worker: processing 40 (508.7 per sec) @ Ascaf_67:0-40269
PoolWorker-29,  processing 174444 (33909.0 per sec) reads @ chr19:20000000-23715829
PoolWorker-29 countReadsInRegions_worker: processing 3715 (708.4 per sec) @ chr19:20000000-23715829
PoolWorker-29,  processing 645 (63303.2 per sec) reads @ Ascaf_115:0-24004
PoolWorker-29 countReadsInRegions_worker: processing 24 (462.0 per sec) @ Ascaf_115:0-24004
PoolWorker-29,  processing 427365 (33698.6 per sec) reads @ chr7:20000000-25000000
PoolWorker-29 countReadsInRegions_worker: processing 5000 (387.7 per sec) @ chr7:20000000-25000000
PoolWorker-22,  processing 3803 (67205.1 per sec) reads @ Ascaf_47:0-72017
PoolWorker-22 countReadsInRegions_worker: processing 72 (1094.2 per sec) @ Ascaf_47:0-72017
PoolWorker-22,  processing 29850 (51896.3 per sec) reads @ Ascaf_110:0-27536
PoolWorker-22 countReadsInRegions_worker: processing 27 (45.9 per sec) @ Ascaf_110:0-27536
PoolWorker-22,  processing 339297 (33520.6 per sec) reads @ chr11:10000000-15000000
PoolWorker-22 countReadsInRegions_worker: processing 5000 (483.4 per sec) @ chr11:10000000-15000000
PoolWorker-22,  processing 2708 (40783.1 per sec) reads @ Ascaf_62:0-52951
PoolWorker-22 countReadsInRegions_worker: processing 52 (477.3 per sec) @ Ascaf_62:0-52951
PoolWorker-22,  processing 22657 (36756.4 per sec) reads @ Ascaf_28:0-145740
PoolWorker-22 countReadsInRegions_worker: processing 145 (219.9 per sec) @ Ascaf_28:0-145740
PoolWorker-22,  processing 349877 (33073.2 per sec) reads @ chr12:5000000-10000000
PoolWorker-22 countReadsInRegions_worker: processing 5000 (464.3 per sec) @ chr12:5000000-10000000
PoolWorker-22,  processing 3407 (47775.4 per sec) reads @ Ascaf_65:0-47651
PoolWorker-22 countReadsInRegions_worker: processing 47 (414.7 per sec) @ Ascaf_65:0-47651
PoolWorker-22,  processing 382574 (33888.6 per sec) reads @ chr20:0-5000000
PoolWorker-22 countReadsInRegions_worker: processing 5000 (435.5 per sec) @ chr20:0-5000000
PoolWorker-22,  processing 502 (64087.8 per sec) reads @ Ascaf_140:0-15786
PoolWorker-22 countReadsInRegions_worker: processing 15 (334.7 per sec) @ Ascaf_140:0-15786
PoolWorker-22,  processing 348198 (34094.5 per sec) reads @ chr15:15000000-20000000
PoolWorker-22 countReadsInRegions_worker: processing 5000 (481.1 per sec) @ chr15:15000000-20000000
PoolWorker-22,  processing 358013 (33923.9 per sec) reads @ chr7:10000000-15000000
PoolWorker-22 countReadsInRegions_worker: processing 5000 (460.7 per sec) @ chr7:10000000-15000000
PoolWorker-22,  processing 341849 (38821.5 per sec) reads @ chr2:5000000-10000000
PoolWorker-22 countReadsInRegions_worker: processing 5000 (556.6 per sec) @ chr2:5000000-10000000
PoolWorker-24,  processing 347068 (35131.2 per sec) reads @ chr1:5000000-10000000
PoolWorker-24 countReadsInRegions_worker: processing 5000 (493.1 per sec) @ chr1:5000000-10000000
PoolWorker-24,  processing 348896 (34222.7 per sec) reads @ chr4:5000000-10000000
PoolWorker-24 countReadsInRegions_worker: processing 5000 (478.9 per sec) @ chr4:5000000-10000000
PoolWorker-24,  processing 361496 (34739.5 per sec) reads @ chr4:10000000-15000000
PoolWorker-24 countReadsInRegions_worker: processing 5000 (468.1 per sec) @ chr4:10000000-15000000
PoolWorker-24,  processing 316517 (34190.4 per sec) reads @ chr1:0-5000000
PoolWorker-24 countReadsInRegions_worker: processing 5000 (529.1 per sec) @ chr1:0-5000000
PoolWorker-24,  processing 306 (64886.6 per sec) reads @ Ascaf_154:0-6709
PoolWorker-24 countReadsInRegions_worker: processing 6 (134.8 per sec) @ Ascaf_154:0-6709
PoolWorker-24,  processing 419982 (34945.3 per sec) reads @ chr14:0-5000000
PoolWorker-24 countReadsInRegions_worker: processing 5000 (405.7 per sec) @ chr14:0-5000000
PoolWorker-24,  processing 175 (58842.6 per sec) reads @ Ascaf_158:0-3231
PoolWorker-24 countReadsInRegions_worker: processing 3 (70.0 per sec) @ Ascaf_158:0-3231
PoolWorker-24,  processing 311347 (34641.4 per sec) reads @ chr2:0-5000000
PoolWorker-24 countReadsInRegions_worker: processing 5000 (546.4 per sec) @ chr2:0-5000000
PoolWorker-28,  processing 351147 (32819.1 per sec) reads @ chr4:15000000-20000000
PoolWorker-28 countReadsInRegions_worker: processing 5000 (456.6 per sec) @ chr4:15000000-20000000
PoolWorker-28,  processing 348642 (34116.6 per sec) reads @ chr17:15000000-20000000
PoolWorker-28 countReadsInRegions_worker: processing 5000 (478.9 per sec) @ chr17:15000000-20000000
PoolWorker-28,  processing 4755 (35699.8 per sec) reads @ Ascaf_161:0-1000
PoolWorker-28 countReadsInRegions_worker: processing 1 (5.8 per sec) @ Ascaf_161:0-1000
PoolWorker-28,  processing 30847 (39779.5 per sec) reads @ Ascaf_48:0-71747
PoolWorker-28 countReadsInRegions_worker: processing 71 (85.1 per sec) @ Ascaf_48:0-71747
PoolWorker-28,  processing 830 (68481.8 per sec) reads @ Ascaf_146:0-15502
PoolWorker-28 countReadsInRegions_worker: processing 15 (288.4 per sec) @ Ascaf_146:0-15502
PoolWorker-28,  processing 1963 (46844.1 per sec) reads @ Ascaf_104:0-29894
PoolWorker-28 countReadsInRegions_worker: processing 29 (302.7 per sec) @ Ascaf_104:0-29894
PoolWorker-28,  processing 320568 (34511.5 per sec) reads @ chr7:25000000-30000000
PoolWorker-28 countReadsInRegions_worker: processing 5000 (524.4 per sec) @ chr7:25000000-30000000
PoolWorker-28,  processing 3821 (33393.3 per sec) reads @ Ascaf_169:0-50000
PoolWorker-28 countReadsInRegions_worker: processing 50 (319.8 per sec) @ Ascaf_169:0-50000
PoolWorker-28,  processing 6734 (37476.3 per sec) reads @ Ascaf_46:0-73387
PoolWorker-28 countReadsInRegions_worker: processing 73 (331.8 per sec) @ Ascaf_46:0-73387
PoolWorker-28,  processing 473 (65305.2 per sec) reads @ Ascaf_155:0-6589
PoolWorker-28 countReadsInRegions_worker: processing 6 (122.3 per sec) @ Ascaf_155:0-6589
PoolWorker-28,  processing 14 (20374.8 per sec) reads @ Ascaf_165:0-1000
PoolWorker-28 countReadsInRegions_worker: processing 1 (24.7 per sec) @ Ascaf_165:0-1000
PoolWorker-28,  processing 69507 (36344.8 per sec) reads @ chr15:20000000-20219940
PoolWorker-28 countReadsInRegions_worker: processing 219 (111.1 per sec) @ chr15:20000000-20219940
PoolWorker-28,  processing 95383 (36616.0 per sec) reads @ Ascaf_26:0-156806
PoolWorker-28 countReadsInRegions_worker: processing 156 (58.3 per sec) @ Ascaf_26:0-156806
PoolWorker-28,  processing 6769 (37954.1 per sec) reads @ Ascaf_71:0-32519
PoolWorker-28 countReadsInRegions_worker: processing 32 (144.6 per sec) @ Ascaf_71:0-32519
PoolWorker-28,  processing 840 (65161.5 per sec) reads @ Ascaf_144:0-15519
PoolWorker-28 countReadsInRegions_worker: processing 15 (276.8 per sec) @ Ascaf_144:0-15519
PoolWorker-28,  processing 358882 (34348.7 per sec) reads @ chr9:10000000-15000000
PoolWorker-28 countReadsInRegions_worker: processing 5000 (471.2 per sec) @ chr9:10000000-15000000
PoolWorker-28,  processing 197533 (34679.9 per sec) reads @ chr19:15000000-20000000
PoolWorker-28 countReadsInRegions_worker: processing 5000 (857.3 per sec) @ chr19:15000000-20000000
PoolWorker-28,  processing 1889 (47280.6 per sec) reads @ Ascaf_88:0-36907
PoolWorker-28 countReadsInRegions_worker: processing 36 (451.8 per sec) @ Ascaf_88:0-36907
PoolWorker-28,  processing 4465 (34877.9 per sec) reads @ Ascaf_37:0-98231
PoolWorker-28 countReadsInRegions_worker: processing 98 (610.7 per sec) @ Ascaf_37:0-98231
PoolWorker-28,  processing 297467 (36214.3 per sec) reads @ chr13:20000000-24369283
PoolWorker-28 countReadsInRegions_worker: processing 4369 (522.5 per sec) @ chr13:20000000-24369283
PoolWorker-17,  processing 8096 (21619.9 per sec) reads @ Ascaf_64:0-51000
PoolWorker-17 countReadsInRegions_worker: processing 51 (115.6 per sec) @ Ascaf_64:0-51000
PoolWorker-17,  processing 487031 (33291.8 per sec) reads @ chr13:0-5000000
PoolWorker-17 countReadsInRegions_worker: processing 5000 (334.0 per sec) @ chr13:0-5000000
PoolWorker-17,  processing 348920 (33624.4 per sec) reads @ chr4:30000000-35000000
PoolWorker-17 countReadsInRegions_worker: processing 5000 (473.9 per sec) @ chr4:30000000-35000000
PoolWorker-17,  processing 769 (68857.4 per sec) reads @ Ascaf_152:0-12206
PoolWorker-17 countReadsInRegions_worker: processing 12 (235.7 per sec) @ Ascaf_152:0-12206
PoolWorker-17,  processing 712 (65816.2 per sec) reads @ Ascaf_139:0-16678
PoolWorker-17 countReadsInRegions_worker: processing 16 (318.1 per sec) @ Ascaf_139:0-16678
PoolWorker-17,  processing 286511 (33872.1 per sec) reads @ chr1:30000000-33917795
PoolWorker-17 countReadsInRegions_worker: processing 3917 (454.3 per sec) @ chr1:30000000-33917795
PoolWorker-17,  processing 3152 (36280.3 per sec) reads @ Ascaf_63:0-51776
PoolWorker-17 countReadsInRegions_worker: processing 51 (395.9 per sec) @ Ascaf_63:0-51776
PoolWorker-17,  processing 12129 (37396.0 per sec) reads @ Ascaf_114:0-24031
PoolWorker-17 countReadsInRegions_worker: processing 24 (65.7 per sec) @ Ascaf_114:0-24031
PoolWorker-17,  processing 77 (52668.2 per sec) reads @ Ascaf_157:0-3527
PoolWorker-17 countReadsInRegions_worker: processing 3 (73.3 per sec) @ Ascaf_157:0-3527
PoolWorker-17,  processing 310709 (34863.7 per sec) reads @ chr5:15000000-18670498
PoolWorker-17 countReadsInRegions_worker: processing 3670 (399.6 per sec) @ chr5:15000000-18670498
PoolWorker-17,  processing 69 (47227.0 per sec) reads @ Ascaf_162:0-1000
PoolWorker-17 countReadsInRegions_worker: processing 1 (22.6 per sec) @ Ascaf_162:0-1000
PoolWorker-17,  processing 2660 (40688.9 per sec) reads @ Ascaf_68:0-47437
PoolWorker-17 countReadsInRegions_worker: processing 47 (446.3 per sec) @ Ascaf_68:0-47437
PoolWorker-17,  processing 322909 (34059.4 per sec) reads @ chr6:15000000-20000000
PoolWorker-17 countReadsInRegions_worker: processing 5000 (517.3 per sec) @ chr6:15000000-20000000
PoolWorker-17,  processing 562 (69128.1 per sec) reads @ Ascaf_145:0-15510
PoolWorker-17 countReadsInRegions_worker: processing 15 (312.3 per sec) @ Ascaf_145:0-15510
PoolWorker-17,  processing 3247 (37888.0 per sec) reads @ Ascaf_133:0-49732
PoolWorker-17 countReadsInRegions_worker: processing 49 (388.6 per sec) @ Ascaf_133:0-49732
PoolWorker-17,  processing 371791 (35756.3 per sec) reads @ chr7:15000000-20000000
PoolWorker-17 countReadsInRegions_worker: processing 5000 (473.0 per sec) @ chr7:15000000-20000000
PoolWorker-31,  processing 1205 (23344.6 per sec) reads @ Ascaf_141:0-15738
PoolWorker-31 countReadsInRegions_worker: processing 15 (183.2 per sec) @ Ascaf_141:0-15738
PoolWorker-31,  processing 2655 (32079.6 per sec) reads @ Ascaf_142:0-15730
PoolWorker-31 countReadsInRegions_worker: processing 15 (111.8 per sec) @ Ascaf_142:0-15730
PoolWorker-31,  processing 52811 (32376.9 per sec) reads @ chr4:40000000-40647937
PoolWorker-31 countReadsInRegions_worker: processing 647 (378.6 per sec) @ chr4:40000000-40647937
PoolWorker-31,  processing 347114 (33155.0 per sec) reads @ chr6:5000000-10000000
PoolWorker-31 countReadsInRegions_worker: processing 5000 (466.5 per sec) @ chr6:5000000-10000000
PoolWorker-31,  processing 2520 (29514.8 per sec) reads @ Ascaf_82:0-39089
PoolWorker-31 countReadsInRegions_worker: processing 39 (305.9 per sec) @ Ascaf_82:0-39089
PoolWorker-31,  processing 303270 (32311.0 per sec) reads @ chr21:0-5000000
PoolWorker-31 countReadsInRegions_worker: processing 5000 (521.7 per sec) @ chr21:0-5000000
PoolWorker-31,  processing 7252 (38610.0 per sec) reads @ Ascaf_40:0-90738
PoolWorker-31 countReadsInRegions_worker: processing 90 (390.9 per sec) @ Ascaf_40:0-90738
PoolWorker-31,  processing 1970 (47535.0 per sec) reads @ Ascaf_102:0-31073
PoolWorker-31 countReadsInRegions_worker: processing 31 (436.1 per sec) @ Ascaf_102:0-31073
PoolWorker-31,  processing 331701 (32312.4 per sec) reads @ chr12:0-5000000
PoolWorker-31 countReadsInRegions_worker: processing 5000 (476.4 per sec) @ chr12:0-5000000
PoolWorker-31,  processing 346886 (34367.7 per sec) reads @ chr11:5000000-10000000
PoolWorker-31 countReadsInRegions_worker: processing 5000 (487.3 per sec) @ chr11:5000000-10000000
PoolWorker-31,  processing 7854 (37048.2 per sec) reads @ Ascaf_129:0-19000
PoolWorker-31 countReadsInRegions_worker: processing 19 (74.5 per sec) @ Ascaf_129:0-19000
PoolWorker-31,  processing 359016 (32463.7 per sec) reads @ chr13:15000000-20000000
PoolWorker-31 countReadsInRegions_worker: processing 5000 (443.7 per sec) @ chr13:15000000-20000000
PoolWorker-31,  processing 33658 (36397.5 per sec) reads @ Ascaf_33:0-106103
PoolWorker-31 countReadsInRegions_worker: processing 106 (109.3 per sec) @ Ascaf_33:0-106103
PoolWorker-31,  processing 319160 (36546.7 per sec) reads @ chr11:15000000-19299255
PoolWorker-31 countReadsInRegions_worker: processing 4299 (485.2 per sec) @ chr11:15000000-19299255
PoolWorker-31,  processing 1374 (67253.7 per sec) reads @ Ascaf_167:0-25000
PoolWorker-31 countReadsInRegions_worker: processing 25 (885.8 per sec) @ Ascaf_167:0-25000
PoolWorker-31,  processing 9726 (71813.1 per sec) reads @ Ascaf_73:0-44649
PoolWorker-31 countReadsInRegions_worker: processing 44 (305.2 per sec) @ Ascaf_73:0-44649
PoolWorker-26,  processing 13946 (29202.9 per sec) reads @ Ascaf_90:0-35566
PoolWorker-26 countReadsInRegions_worker: processing 35 (67.9 per sec) @ Ascaf_90:0-35566
PoolWorker-26,  processing 1756 (50631.4 per sec) reads @ Ascaf_99:0-33167
PoolWorker-26 countReadsInRegions_worker: processing 33 (315.6 per sec) @ Ascaf_99:0-33167
PoolWorker-26,  processing 7436 (37933.6 per sec) reads @ Ascaf_59:0-57475
PoolWorker-26 countReadsInRegions_worker: processing 57 (256.5 per sec) @ Ascaf_59:0-57475
PoolWorker-26,  processing 52759 (35186.2 per sec) reads @ Ascaf_98:0-33222
PoolWorker-26 countReadsInRegions_worker: processing 33 (20.8 per sec) @ Ascaf_98:0-33222
PoolWorker-26,  processing 961 (34405.1 per sec) reads @ Ascaf_131:0-18319
PoolWorker-26 countReadsInRegions_worker: processing 18 (487.0 per sec) @ Ascaf_131:0-18319
PoolWorker-26,  processing 106 (49416.1 per sec) reads @ Ascaf_159:0-3139
PoolWorker-26 countReadsInRegions_worker: processing 3 (50.7 per sec) @ Ascaf_159:0-3139
PoolWorker-26,  processing 5343 (40571.6 per sec) reads @ Ascaf_49:0-70996
PoolWorker-26 countReadsInRegions_worker: processing 70 (362.0 per sec) @ Ascaf_49:0-70996
PoolWorker-26,  processing 362998 (33375.8 per sec) reads @ chr1:15000000-20000000
PoolWorker-26 countReadsInRegions_worker: processing 5000 (449.9 per sec) @ chr1:15000000-20000000
PoolWorker-26,  processing 351778 (35120.7 per sec) reads @ chr1:10000000-15000000
PoolWorker-26 countReadsInRegions_worker: processing 5000 (487.1 per sec) @ chr1:10000000-15000000
PoolWorker-26,  processing 1386 (44408.9 per sec) reads @ Ascaf_112:0-24428
PoolWorker-26 countReadsInRegions_worker: processing 24 (337.2 per sec) @ Ascaf_112:0-24428
PoolWorker-26,  processing 323444 (33201.1 per sec) reads @ chr21:5000000-10000000
PoolWorker-26 countReadsInRegions_worker: processing 5000 (504.3 per sec) @ chr21:5000000-10000000
PoolWorker-26,  processing 211471 (33279.1 per sec) reads @ chr19:10000000-15000000
PoolWorker-26 countReadsInRegions_worker: processing 5000 (773.0 per sec) @ chr19:10000000-15000000
PoolWorker-26,  processing 4779 (33763.8 per sec) reads @ Ascaf_51:0-70629
PoolWorker-26 countReadsInRegions_worker: processing 70 (381.5 per sec) @ Ascaf_51:0-70629
PoolWorker-26,  processing 1958 (34648.2 per sec) reads @ Ascaf_86:0-37568
PoolWorker-26 countReadsInRegions_worker: processing 37 (377.8 per sec) @ Ascaf_86:0-37568
PoolWorker-26,  processing 30406 (35788.0 per sec) reads @ Ascaf_113:0-24387
PoolWorker-26 countReadsInRegions_worker: processing 24 (26.8 per sec) @ Ascaf_113:0-24387
PoolWorker-26,  processing 2050 (36809.0 per sec) reads @ Ascaf_101:0-31946
PoolWorker-26 countReadsInRegions_worker: processing 31 (318.5 per sec) @ Ascaf_101:0-31946
PoolWorker-26,  processing 2948 (43859.3 per sec) reads @ Ascaf_118:0-22120
PoolWorker-26 countReadsInRegions_worker: processing 22 (205.2 per sec) @ Ascaf_118:0-22120
PoolWorker-26,  processing 29389 (35836.2 per sec) reads @ Ascaf_41:0-90399
PoolWorker-26 countReadsInRegions_worker: processing 90 (102.6 per sec) @ Ascaf_41:0-90399
PoolWorker-26,  processing 585 (66394.3 per sec) reads @ Ascaf_128:0-19120
PoolWorker-26 countReadsInRegions_worker: processing 19 (396.2 per sec) @ Ascaf_128:0-19120
PoolWorker-26,  processing 545 (67718.2 per sec) reads @ Ascaf_151:0-13242
PoolWorker-26 countReadsInRegions_worker: processing 13 (276.1 per sec) @ Ascaf_151:0-13242
PoolWorker-26,  processing 9408 (38622.8 per sec) reads @ Ascaf_106:0-29590
PoolWorker-26 countReadsInRegions_worker: processing 29 (102.1 per sec) @ Ascaf_106:0-29590
PoolWorker-26,  processing 19916 (38459.9 per sec) reads @ Ascaf_79:0-41364
PoolWorker-26 countReadsInRegions_worker: processing 41 (73.1 per sec) @ Ascaf_79:0-41364
PoolWorker-26,  processing 356617 (33418.7 per sec) reads @ chr16:15000000-20000000
PoolWorker-26 countReadsInRegions_worker: processing 5000 (460.0 per sec) @ chr16:15000000-20000000
PoolWorker-26,  processing 1299 (40224.1 per sec) reads @ Ascaf_60:0-24766
PoolWorker-26 countReadsInRegions_worker: processing 24 (325.6 per sec) @ Ascaf_60:0-24766
PoolWorker-26,  processing 309391 (33164.6 per sec) reads @ chr3:15000000-20000000
PoolWorker-26 countReadsInRegions_worker: processing 5000 (526.8 per sec) @ chr3:15000000-20000000
PoolWorker-26,  processing 2886 (43055.4 per sec) reads @ Ascaf_54:0-60000
PoolWorker-26 countReadsInRegions_worker: processing 60 (527.7 per sec) @ Ascaf_54:0-60000
PoolWorker-26,  processing 16374 (34887.8 per sec) reads @ Ascaf_44:0-77777
PoolWorker-26 countReadsInRegions_worker: processing 77 (153.5 per sec) @ Ascaf_44:0-77777
PoolWorker-26,  processing 2184 (47876.8 per sec) reads @ Ascaf_77:0-41997
PoolWorker-26 countReadsInRegions_worker: processing 41 (472.4 per sec) @ Ascaf_77:0-41997
PoolWorker-18,  processing 381758 (33654.6 per sec) reads @ chr21:15000000-19873525
PoolWorker-18 countReadsInRegions_worker: processing 4873 (420.8 per sec) @ chr21:15000000-19873525
PoolWorker-18,  processing 330974 (33167.9 per sec) reads @ chr5:0-5000000
PoolWorker-18 countReadsInRegions_worker: processing 5000 (490.8 per sec) @ chr5:0-5000000
PoolWorker-18,  processing 13108 (43380.5 per sec) reads @ Ascaf_29:0-143722
PoolWorker-18 countReadsInRegions_worker: processing 143 (415.9 per sec) @ Ascaf_29:0-143722
PoolWorker-18,  processing 1362 (40928.0 per sec) reads @ Ascaf_123:0-20153
PoolWorker-18 countReadsInRegions_worker: processing 20 (267.2 per sec) @ Ascaf_123:0-20153
PoolWorker-18,  processing 351274 (34408.1 per sec) reads @ chr9:0-5000000
PoolWorker-18 countReadsInRegions_worker: processing 5000 (478.8 per sec) @ chr9:0-5000000
PoolWorker-18,  processing 17128 (37471.8 per sec) reads @ Ascaf_57:0-58000
PoolWorker-18 countReadsInRegions_worker: processing 58 (112.9 per sec) @ Ascaf_57:0-58000
PoolWorker-18,  processing 24578 (37733.5 per sec) reads @ Ascaf_96:0-33398
PoolWorker-18 countReadsInRegions_worker: processing 33 (46.6 per sec) @ Ascaf_96:0-33398
PoolWorker-18,  processing 857 (66177.9 per sec) reads @ Ascaf_138:0-16696
PoolWorker-18 countReadsInRegions_worker: processing 16 (292.1 per sec) @ Ascaf_138:0-16696
PoolWorker-18,  processing 55769 (37070.9 per sec) reads @ Ascaf_50:0-70692
PoolWorker-18 countReadsInRegions_worker: processing 70 (44.6 per sec) @ Ascaf_50:0-70692
PoolWorker-18,  processing 356681 (34919.2 per sec) reads @ chr16:0-5000000
PoolWorker-18 countReadsInRegions_worker: processing 5000 (480.5 per sec) @ chr16:0-5000000
PoolWorker-18,  processing 886 (65731.9 per sec) reads @ Ascaf_147:0-15099
PoolWorker-18 countReadsInRegions_worker: processing 15 (280.7 per sec) @ Ascaf_147:0-15099
PoolWorker-18,  processing 313065 (34079.5 per sec) reads @ chr15:0-5000000
PoolWorker-18 countReadsInRegions_worker: processing 5000 (531.4 per sec) @ chr15:0-5000000
PoolWorker-18,  processing 32594 (36263.3 per sec) reads @ Ascaf_74:0-44000
PoolWorker-18 countReadsInRegions_worker: processing 44 (46.5 per sec) @ Ascaf_74:0-44000
PoolWorker-18,  processing 17922 (36998.3 per sec) reads @ Ascaf_137:0-17000
PoolWorker-18 countReadsInRegions_worker: processing 17 (32.2 per sec) @ Ascaf_137:0-17000
PoolWorker-18,  processing 1384 (52735.5 per sec) reads @ Ascaf_103:0-30986
PoolWorker-18 countReadsInRegions_worker: processing 30 (443.8 per sec) @ Ascaf_103:0-30986
PoolWorker-18,  processing 350256 (40942.3 per sec) reads @ chr16:5000000-10000000
PoolWorker-18 countReadsInRegions_worker: processing 5000 (577.7 per sec) @ chr16:5000000-10000000
PoolWorker-27,  processing 337727 (32483.1 per sec) reads @ chr14:10000000-15000000
PoolWorker-27 countReadsInRegions_worker: processing 5000 (469.3 per sec) @ chr14:10000000-15000000
PoolWorker-27,  processing 31713 (38765.7 per sec) reads @ Ascaf_30:0-130979
PoolWorker-27 countReadsInRegions_worker: processing 130 (145.3 per sec) @ Ascaf_30:0-130979
PoolWorker-27,  processing 72367 (35543.5 per sec) reads @ Ascaf_42:0-86089
PoolWorker-27 countReadsInRegions_worker: processing 86 (41.2 per sec) @ Ascaf_42:0-86089
PoolWorker-27,  processing 1733 (42982.0 per sec) reads @ Ascaf_93:0-34038
PoolWorker-27 countReadsInRegions_worker: processing 34 (416.2 per sec) @ Ascaf_93:0-34038
PoolWorker-27,  processing 443960 (33901.1 per sec) reads @ chr1:20000000-25000000
PoolWorker-27 countReadsInRegions_worker: processing 5000 (374.4 per sec) @ chr1:20000000-25000000
PoolWorker-27,  processing 357409 (33950.3 per sec) reads @ chr12:10000000-15000000
PoolWorker-27 countReadsInRegions_worker: processing 5000 (465.1 per sec) @ chr12:10000000-15000000
PoolWorker-27,  processing 17771 (35185.9 per sec) reads @ Ascaf_75:0-42641
PoolWorker-27 countReadsInRegions_worker: processing 42 (77.2 per sec) @ Ascaf_75:0-42641
PoolWorker-27,  processing 410393 (34909.8 per sec) reads @ chr17:5000000-10000000
PoolWorker-27 countReadsInRegions_worker: processing 5000 (418.2 per sec) @ chr17:5000000-10000000
PoolWorker-27,  processing 12139 (37138.1 per sec) reads @ Ascaf_124:0-19772
PoolWorker-27 countReadsInRegions_worker: processing 19 (51.8 per sec) @ Ascaf_124:0-19772
PoolWorker-27,  processing 212195 (33337.2 per sec) reads @ chr19:5000000-10000000
PoolWorker-27 countReadsInRegions_worker: processing 5000 (768.0 per sec) @ chr19:5000000-10000000
PoolWorker-27,  processing 77019 (35458.0 per sec) reads @ Ascaf_39:0-92659
PoolWorker-27 countReadsInRegions_worker: processing 92 (41.3 per sec) @ Ascaf_39:0-92659
PoolWorker-27,  processing 308516 (45416.9 per sec) reads @ chr10:0-5000000
PoolWorker-27 countReadsInRegions_worker: processing 5000 (725.5 per sec) @ chr10:0-5000000
PoolWorker-21,  processing 7593 (42746.9 per sec) reads @ Ascaf_92:0-34608
PoolWorker-21 countReadsInRegions_worker: processing 34 (148.6 per sec) @ Ascaf_92:0-34608
PoolWorker-21,  processing 30953 (34755.8 per sec) reads @ Ascaf_34:0-101478
PoolWorker-21 countReadsInRegions_worker: processing 101 (105.6 per sec) @ Ascaf_34:0-101478
PoolWorker-21,  processing 1632 (45236.5 per sec) reads @ Ascaf_95:0-33544
PoolWorker-21 countReadsInRegions_worker: processing 33 (340.6 per sec) @ Ascaf_95:0-33544
PoolWorker-21,  processing 1528 (42479.6 per sec) reads @ Ascaf_109:0-28244
PoolWorker-21 countReadsInRegions_worker: processing 28 (288.3 per sec) @ Ascaf_109:0-28244
PoolWorker-21,  processing 317664 (32936.1 per sec) reads @ chr7:0-5000000
PoolWorker-21 countReadsInRegions_worker: processing 5000 (505.9 per sec) @ chr7:0-5000000
PoolWorker-21,  processing 349818 (33804.4 per sec) reads @ chr10:10000000-15000000
PoolWorker-21 countReadsInRegions_worker: processing 5000 (475.2 per sec) @ chr10:10000000-15000000
PoolWorker-21,  processing 1236 (40585.9 per sec) reads @ Ascaf_125:0-19664
PoolWorker-21 countReadsInRegions_worker: processing 19 (262.8 per sec) @ Ascaf_125:0-19664
PoolWorker-21,  processing 74 (41572.3 per sec) reads @ Ascaf_163:0-1000
PoolWorker-21 countReadsInRegions_worker: processing 1 (24.5 per sec) @ Ascaf_163:0-1000
PoolWorker-21,  processing 230298 (34034.1 per sec) reads @ chr20:20000000-22998664
PoolWorker-21 countReadsInRegions_worker: processing 2998 (433.9 per sec) @ chr20:20000000-22998664
PoolWorker-21,  processing 3049 (37387.2 per sec) reads @ Ascaf_83:0-38959
PoolWorker-21 countReadsInRegions_worker: processing 38 (306.4 per sec) @ Ascaf_83:0-38959
PoolWorker-21,  processing 2178 (38044.9 per sec) reads @ Ascaf_69:0-44691
PoolWorker-21 countReadsInRegions_worker: processing 44 (453.6 per sec) @ Ascaf_69:0-44691
PoolWorker-21,  processing 248773 (34737.5 per sec) reads @ chr12:20000000-23704847
PoolWorker-21 countReadsInRegions_worker: processing 3704 (507.3 per sec) @ chr12:20000000-23704847
PoolWorker-21,  processing 53794 (36613.3 per sec) reads @ Ascaf_53:0-64139
PoolWorker-21 countReadsInRegions_worker: processing 64 (41.8 per sec) @ Ascaf_53:0-64139
PoolWorker-21,  processing 387504 (34584.5 per sec) reads @ chr17:10000000-15000000
PoolWorker-21 countReadsInRegions_worker: processing 5000 (436.7 per sec) @ chr17:10000000-15000000
PoolWorker-21,  processing 7591 (39183.8 per sec) reads @ Ascaf_105:0-29809
PoolWorker-21 countReadsInRegions_worker: processing 29 (122.9 per sec) @ Ascaf_105:0-29809
PoolWorker-21,  processing 32177 (37755.8 per sec) reads @ Ascaf_27:0-155775
PoolWorker-21 countReadsInRegions_worker: processing 155 (170.1 per sec) @ Ascaf_27:0-155775
PoolWorker-21,  processing 208490 (33288.9 per sec) reads @ chr18:15000000-18483836
PoolWorker-21 countReadsInRegions_worker: processing 3483 (547.2 per sec) @ chr18:15000000-18483836
PoolWorker-21,  processing 76538 (33705.0 per sec) reads @ chr6:20000000-21248438
PoolWorker-21 countReadsInRegions_worker: processing 1248 (539.8 per sec) @ chr6:20000000-21248438
PoolWorker-21,  processing 319248 (50743.3 per sec) reads @ chr10:15000000-19005646
PoolWorker-21 countReadsInRegions_worker: processing 4005 (624.3 per sec) @ chr10:15000000-19005646
PoolWorker-21,  processing 18155 (72753.8 per sec) reads @ Ascaf_52:0-64568
PoolWorker-21 countReadsInRegions_worker: processing 64 (246.8 per sec) @ Ascaf_52:0-64568
PoolWorker-25,  processing 2752 (21172.0 per sec) reads @ Ascaf_87:0-36937
PoolWorker-25 countReadsInRegions_worker: processing 36 (231.3 per sec) @ Ascaf_87:0-36937
PoolWorker-25,  processing 344142 (33187.9 per sec) reads @ chr8:15000000-20000000
PoolWorker-25 countReadsInRegions_worker: processing 5000 (470.0 per sec) @ chr8:15000000-20000000
PoolWorker-25,  processing 22999 (36727.6 per sec) reads @ Ascaf_35:0-99371
PoolWorker-25 countReadsInRegions_worker: processing 99 (148.9 per sec) @ Ascaf_35:0-99371
PoolWorker-25,  processing 347460 (34218.3 per sec) reads @ chr2:20000000-25000000
PoolWorker-25 countReadsInRegions_worker: processing 5000 (479.9 per sec) @ chr2:20000000-25000000
PoolWorker-25,  processing 11763 (38977.0 per sec) reads @ Ascaf_107:0-29490
PoolWorker-25 countReadsInRegions_worker: processing 29 (84.6 per sec) @ Ascaf_107:0-29490
PoolWorker-25,  processing 414043 (34549.0 per sec) reads @ chr6:0-5000000
PoolWorker-25 countReadsInRegions_worker: processing 5000 (406.4 per sec) @ chr6:0-5000000
PoolWorker-25,  processing 368455 (34799.6 per sec) reads @ chr18:0-5000000
PoolWorker-25 countReadsInRegions_worker: processing 5000 (461.8 per sec) @ chr18:0-5000000
PoolWorker-25,  processing 1305 (37685.3 per sec) reads @ Ascaf_127:0-19159
PoolWorker-25 countReadsInRegions_worker: processing 19 (260.7 per sec) @ Ascaf_127:0-19159
PoolWorker-25,  processing 46529 (35464.5 per sec) reads @ Ascaf_120:0-22000
PoolWorker-25 countReadsInRegions_worker: processing 22 (15.9 per sec) @ Ascaf_120:0-22000
PoolWorker-25,  processing 2409 (35602.4 per sec) reads @ Ascaf_76:0-42514
PoolWorker-25 countReadsInRegions_worker: processing 42 (251.9 per sec) @ Ascaf_76:0-42514
PoolWorker-25,  processing 362736 (34472.6 per sec) reads @ chr2:10000000-15000000
PoolWorker-25 countReadsInRegions_worker: processing 5000 (467.1 per sec) @ chr2:10000000-15000000
PoolWorker-25,  processing 345608 (38466.1 per sec) reads @ chr12:15000000-20000000
PoolWorker-25 countReadsInRegions_worker: processing 5000 (549.6 per sec) @ chr12:15000000-20000000
PoolWorker-19,  processing 180856 (33541.5 per sec) reads @ chr2:25000000-26977752
PoolWorker-19 countReadsInRegions_worker: processing 1977 (361.7 per sec) @ chr2:25000000-26977752
PoolWorker-19,  processing 342750 (33538.7 per sec) reads @ chr1:25000000-30000000
PoolWorker-19 countReadsInRegions_worker: processing 5000 (476.5 per sec) @ chr1:25000000-30000000
PoolWorker-19,  processing 8009 (37354.5 per sec) reads @ Ascaf_56:0-58445
PoolWorker-19 countReadsInRegions_worker: processing 58 (232.6 per sec) @ Ascaf_56:0-58445
PoolWorker-19,  processing 363468 (34593.6 per sec) reads @ chr8:10000000-15000000
PoolWorker-19 countReadsInRegions_worker: processing 5000 (467.4 per sec) @ chr8:10000000-15000000
PoolWorker-19,  processing 310404 (33355.3 per sec) reads @ chr8:0-5000000
PoolWorker-19 countReadsInRegions_worker: processing 5000 (526.0 per sec) @ chr8:0-5000000
PoolWorker-19,  processing 406683 (34757.7 per sec) reads @ chr4:25000000-30000000
PoolWorker-19 countReadsInRegions_worker: processing 5000 (419.4 per sec) @ chr4:25000000-30000000
PoolWorker-19,  processing 63899 (36352.6 per sec) reads @ Ascaf_25:0-178627
PoolWorker-19 countReadsInRegions_worker: processing 178 (97.6 per sec) @ Ascaf_25:0-178627
PoolWorker-19,  processing 1278 (55029.6 per sec) reads @ Ascaf_132:0-17867
PoolWorker-19 countReadsInRegions_worker: processing 17 (269.1 per sec) @ Ascaf_132:0-17867
PoolWorker-19,  processing 311276 (33504.0 per sec) reads @ chr11:0-5000000
PoolWorker-19 countReadsInRegions_worker: processing 5000 (528.4 per sec) @ chr11:0-5000000
PoolWorker-19,  processing 2538 (41057.3 per sec) reads @ Ascaf_168:0-25000
PoolWorker-19 countReadsInRegions_worker: processing 25 (265.2 per sec) @ Ascaf_168:0-25000
PoolWorker-19,  processing 2252 (38163.0 per sec) reads @ Ascaf_94:0-33862
PoolWorker-19 countReadsInRegions_worker: processing 33 (334.0 per sec) @ Ascaf_94:0-33862
PoolWorker-19,  processing 101 (39747.1 per sec) reads @ Ascaf_164:0-1000
PoolWorker-19 countReadsInRegions_worker: processing 1 (23.9 per sec) @ Ascaf_164:0-1000
PoolWorker-19,  processing 1302 (37801.7 per sec) reads @ Ascaf_97:0-33357
PoolWorker-19 countReadsInRegions_worker: processing 33 (444.5 per sec) @ Ascaf_97:0-33357
PoolWorker-19,  processing 359444 (49465.4 per sec) reads @ chr15:10000000-15000000
PoolWorker-19 countReadsInRegions_worker: processing 5000 (678.2 per sec) @ chr15:10000000-15000000
PoolWorker-19,  processing 273523 (74569.5 per sec) reads @ chr9:20000000-24303205
PoolWorker-19 countReadsInRegions_worker: processing 4303 (1154.1 per sec) @ chr9:20000000-24303205
PoolWorker-19,  processing 1614 (76416.7 per sec) reads @ Ascaf_85:0-37890
PoolWorker-19 countReadsInRegions_worker: processing 37 (1015.2 per sec) @ Ascaf_85:0-37890
PoolWorker-32,  processing 361427 (33626.6 per sec) reads @ chr6:10000000-15000000
PoolWorker-32 countReadsInRegions_worker: processing 5000 (452.0 per sec) @ chr6:10000000-15000000
PoolWorker-32,  processing 343170 (34646.4 per sec) reads @ chr10:5000000-10000000
PoolWorker-32 countReadsInRegions_worker: processing 5000 (493.8 per sec) @ chr10:5000000-10000000
PoolWorker-32,  processing 1161 (39420.0 per sec) reads @ Ascaf_148:0-14976
PoolWorker-32 countReadsInRegions_worker: processing 14 (196.3 per sec) @ Ascaf_148:0-14976
PoolWorker-32,  processing 943 (66152.0 per sec) reads @ Ascaf_136:0-17062
PoolWorker-32 countReadsInRegions_worker: processing 17 (317.8 per sec) @ Ascaf_136:0-17062
PoolWorker-32,  processing 651527 (33573.4 per sec) reads @ chr19:0-5000000
PoolWorker-32 countReadsInRegions_worker: processing 5000 (251.8 per sec) @ chr19:0-5000000
PoolWorker-32,  processing 354555 (35249.0 per sec) reads @ chr2:15000000-20000000
PoolWorker-32 countReadsInRegions_worker: processing 5000 (488.6 per sec) @ chr2:15000000-20000000
PoolWorker-32,  processing 276843 (34929.6 per sec) reads @ chr8:20000000-23122080
PoolWorker-32 countReadsInRegions_worker: processing 3122 (386.8 per sec) @ chr8:20000000-23122080
PoolWorker-32,  processing 1911 (48547.9 per sec) reads @ Ascaf_111:0-25158
PoolWorker-32 countReadsInRegions_worker: processing 25 (306.7 per sec) @ Ascaf_111:0-25158
PoolWorker-32,  processing 312740 (44809.7 per sec) reads @ chr17:20000000-23682274
PoolWorker-32 countReadsInRegions_worker: processing 3682 (517.8 per sec) @ chr17:20000000-23682274
PoolWorker-32,  processing 2264 (73320.7 per sec) reads @ Ascaf_81:0-40000
PoolWorker-32 countReadsInRegions_worker: processing 40 (1034.6 per sec) @ Ascaf_81:0-40000
PoolWorker-32,  processing 2717 (71389.2 per sec) reads @ Ascaf_70:0-46916
PoolWorker-32 countReadsInRegions_worker: processing 46 (1010.4 per sec) @ Ascaf_70:0-46916
PoolWorker-32,  processing 14754 (75191.5 per sec) reads @ Ascaf_72:0-46000
PoolWorker-32 countReadsInRegions_worker: processing 46 (224.2 per sec) @ Ascaf_72:0-46000
PoolWorker-20,  processing 357007 (32468.8 per sec) reads @ chr21:10000000-15000000
PoolWorker-20 countReadsInRegions_worker: processing 5000 (443.0 per sec) @ chr21:10000000-15000000
PoolWorker-20,  processing 240826 (33537.9 per sec) reads @ chr7:30000000-33914388
PoolWorker-20 countReadsInRegions_worker: processing 3914 (526.3 per sec) @ chr7:30000000-33914388
PoolWorker-20,  processing 351958 (36045.4 per sec) reads @ chr13:10000000-15000000
PoolWorker-20 countReadsInRegions_worker: processing 5000 (502.1 per sec) @ chr13:10000000-15000000
PoolWorker-20,  processing 331264 (33782.4 per sec) reads @ chr5:5000000-10000000
PoolWorker-20 countReadsInRegions_worker: processing 5000 (500.9 per sec) @ chr5:5000000-10000000
PoolWorker-20,  processing 349047 (34429.8 per sec) reads @ chr7:5000000-10000000
PoolWorker-20 countReadsInRegions_worker: processing 5000 (484.4 per sec) @ chr7:5000000-10000000
PoolWorker-20,  processing 342514 (36450.3 per sec) reads @ chr15:5000000-10000000
PoolWorker-20 countReadsInRegions_worker: processing 5000 (525.4 per sec) @ chr15:5000000-10000000
PoolWorker-20,  processing 348243 (43682.3 per sec) reads @ chr14:5000000-10000000
PoolWorker-20 countReadsInRegions_worker: processing 5000 (617.8 per sec) @ chr14:5000000-10000000
PoolWorker-20,  processing 354065 (74167.5 per sec) reads @ chr18:5000000-10000000
PoolWorker-20 countReadsInRegions_worker: processing 5000 (1032.4 per sec) @ chr18:5000000-10000000
PoolWorker-30,  processing 2060 (15220.0 per sec) reads @ Ascaf_66:0-47454
PoolWorker-30 countReadsInRegions_worker: processing 47 (266.3 per sec) @ Ascaf_66:0-47454
PoolWorker-30,  processing 7457 (26037.0 per sec) reads @ Ascaf_84:0-38148
PoolWorker-30 countReadsInRegions_worker: processing 38 (112.3 per sec) @ Ascaf_84:0-38148
PoolWorker-30,  processing 316763 (32637.4 per sec) reads @ chr4:35000000-40000000
PoolWorker-30 countReadsInRegions_worker: processing 5000 (502.1 per sec) @ chr4:35000000-40000000
PoolWorker-30,  processing 43951 (36798.2 per sec) reads @ Ascaf_45:0-74461
PoolWorker-30 countReadsInRegions_worker: processing 74 (59.6 per sec) @ Ascaf_45:0-74461
PoolWorker-30,  processing 1399 (42596.4 per sec) reads @ Ascaf_126:0-19574
PoolWorker-30 countReadsInRegions_worker: processing 19 (254.3 per sec) @ Ascaf_126:0-19574
PoolWorker-30,  processing 359651 (33717.4 per sec) reads @ chr20:10000000-15000000
PoolWorker-30 countReadsInRegions_worker: processing 5000 (460.3 per sec) @ chr20:10000000-15000000
PoolWorker-30,  processing 14730 (36489.5 per sec) reads @ Ascaf_36:0-98486
PoolWorker-30 countReadsInRegions_worker: processing 98 (219.2 per sec) @ Ascaf_36:0-98486
PoolWorker-30,  processing 1056 (70114.2 per sec) reads @ Ascaf_149:0-13452
PoolWorker-30 countReadsInRegions_worker: processing 13 (238.3 per sec) @ Ascaf_149:0-13452
PoolWorker-30,  processing 362255 (34176.1 per sec) reads @ chr5:10000000-15000000
PoolWorker-30 countReadsInRegions_worker: processing 5000 (463.3 per sec) @ chr5:10000000-15000000
PoolWorker-30,  processing 345311 (33934.9 per sec) reads @ chr8:5000000-10000000
PoolWorker-30 countReadsInRegions_worker: processing 5000 (480.9 per sec) @ chr8:5000000-10000000
PoolWorker-30,  processing 448 (60802.8 per sec) reads @ Ascaf_153:0-10046
PoolWorker-30 countReadsInRegions_worker: processing 10 (203.3 per sec) @ Ascaf_153:0-10046
PoolWorker-30,  processing 352986 (34590.8 per sec) reads @ chr3:5000000-10000000
PoolWorker-30 countReadsInRegions_worker: processing 5000 (480.8 per sec) @ chr3:5000000-10000000
PoolWorker-30,  processing 354838 (35926.1 per sec) reads @ chr13:5000000-10000000
PoolWorker-30 countReadsInRegions_worker: processing 5000 (500.3 per sec) @ chr13:5000000-10000000
PoolWorker-30,  processing 130938 (65558.8 per sec) reads @ chr16:20000000-22188971
PoolWorker-30 countReadsInRegions_worker: processing 2188 (1073.5 per sec) @ chr16:20000000-22188971
PoolWorker-30,  processing 1085 (72093.3 per sec) reads @ Ascaf_121:0-21431
PoolWorker-30 countReadsInRegions_worker: processing 21 (948.4 per sec) @ Ascaf_121:0-21431
PoolWorker-30,  processing 343675 (74600.4 per sec) reads @ chr18:10000000-15000000
PoolWorker-30 countReadsInRegions_worker: processing 5000 (1068.0 per sec) @ chr18:10000000-15000000
PoolWorker-23,  processing 1126 (66666.5 per sec) reads @ Ascaf_135:0-17087
PoolWorker-23 countReadsInRegions_worker: processing 17 (662.2 per sec) @ Ascaf_135:0-17087
PoolWorker-23,  processing 310425 (33530.3 per sec) reads @ chr4:0-5000000
PoolWorker-23 countReadsInRegions_worker: processing 5000 (527.7 per sec) @ chr4:0-5000000
PoolWorker-23,  processing 8593 (38762.1 per sec) reads @ Ascaf_55:0-59833
PoolWorker-23 countReadsInRegions_worker: processing 59 (207.9 per sec) @ Ascaf_55:0-59833
PoolWorker-23,  processing 548 (64767.8 per sec) reads @ Ascaf_116:0-22916
PoolWorker-23 countReadsInRegions_worker: processing 22 (317.3 per sec) @ Ascaf_116:0-22916
PoolWorker-23,  processing 16095 (36962.4 per sec) reads @ Ascaf_23:0-264707
PoolWorker-23 countReadsInRegions_worker: processing 264 (529.0 per sec) @ Ascaf_23:0-264707
PoolWorker-23,  processing 332387 (33477.6 per sec) reads @ chr20:15000000-20000000
PoolWorker-23 countReadsInRegions_worker: processing 5000 (494.1 per sec) @ chr20:15000000-20000000
PoolWorker-23,  processing 2341 (38907.1 per sec) reads @ Ascaf_108:0-29345
PoolWorker-23 countReadsInRegions_worker: processing 29 (284.4 per sec) @ Ascaf_108:0-29345
PoolWorker-23,  processing 61 (51687.4 per sec) reads @ Ascaf_160:0-2000
PoolWorker-23 countReadsInRegions_worker: processing 2 (49.8 per sec) @ Ascaf_160:0-2000
PoolWorker-23,  processing 353227 (34332.3 per sec) reads @ chr16:10000000-15000000
PoolWorker-23 countReadsInRegions_worker: processing 5000 (474.6 per sec) @ chr16:10000000-15000000
PoolWorker-23,  processing 732 (65821.2 per sec) reads @ Ascaf_130:0-18457
PoolWorker-23 countReadsInRegions_worker: processing 18 (344.8 per sec) @ Ascaf_130:0-18457
PoolWorker-23,  processing 1110 (68186.1 per sec) reads @ Ascaf_150:0-13271
PoolWorker-23 countReadsInRegions_worker: processing 13 (236.4 per sec) @ Ascaf_150:0-13271
PoolWorker-23,  processing 12092 (37748.6 per sec) reads @ Ascaf_31:0-121444
PoolWorker-23 countReadsInRegions_worker: processing 121 (339.9 per sec) @ Ascaf_31:0-121444
PoolWorker-23,  processing 2346 (40176.0 per sec) reads @ Ascaf_122:0-20728
PoolWorker-23 countReadsInRegions_worker: processing 20 (205.0 per sec) @ Ascaf_122:0-20728
PoolWorker-23,  processing 1963 (47708.4 per sec) reads @ Ascaf_91:0-34837
PoolWorker-23 countReadsInRegions_worker: processing 34 (421.7 per sec) @ Ascaf_91:0-34837
PoolWorker-23,  processing 51682 (36594.0 per sec) reads @ Ascaf_43:0-83995
PoolWorker-23 countReadsInRegions_worker: processing 83 (56.7 per sec) @ Ascaf_43:0-83995
PoolWorker-23,  processing 232921 (34268.3 per sec) reads @ chr14:15000000-18637407
PoolWorker-23 countReadsInRegions_worker: processing 3637 (523.9 per sec) @ chr14:15000000-18637407
PoolWorker-23,  processing 7120 (34386.2 per sec) reads @ Ascaf_166:0-50000
PoolWorker-23 countReadsInRegions_worker: processing 50 (226.3 per sec) @ Ascaf_166:0-50000
PoolWorker-23,  processing 669 (69637.9 per sec) reads @ Ascaf_143:0-15560
PoolWorker-23 countReadsInRegions_worker: processing 15 (302.2 per sec) @ Ascaf_143:0-15560
PoolWorker-23,  processing 40881 (36868.7 per sec) reads @ Ascaf_89:0-36000
PoolWorker-23 countReadsInRegions_worker: processing 36 (31.2 per sec) @ Ascaf_89:0-36000
PoolWorker-23,  processing 2587 (41772.2 per sec) reads @ Ascaf_78:0-41577
PoolWorker-23 countReadsInRegions_worker: processing 41 (396.4 per sec) @ Ascaf_78:0-41577
PoolWorker-23,  processing 3347 (37935.4 per sec) reads @ Ascaf_58:0-57612
PoolWorker-23 countReadsInRegions_worker: processing 57 (445.6 per sec) @ Ascaf_58:0-57612
PoolWorker-23,  processing 15804 (37036.1 per sec) reads @ Ascaf_24:0-187591
PoolWorker-23 countReadsInRegions_worker: processing 187 (388.4 per sec) @ Ascaf_24:0-187591
PoolWorker-23,  processing 20428 (37032.5 per sec) reads @ Ascaf_38:0-95573
PoolWorker-23 countReadsInRegions_worker: processing 95 (159.8 per sec) @ Ascaf_38:0-95573
PoolWorker-23,  processing 1319 (41670.7 per sec) reads @ Ascaf_117:0-22832
PoolWorker-23 countReadsInRegions_worker: processing 22 (309.4 per sec) @ Ascaf_117:0-22832
PoolWorker-23,  processing 2323 (39225.3 per sec) reads @ Ascaf_80:0-41014
PoolWorker-23 countReadsInRegions_worker: processing 41 (416.6 per sec) @ Ascaf_80:0-41014
PoolWorker-23,  processing 347649 (34912.9 per sec) reads @ chr9:5000000-10000000
PoolWorker-23 countReadsInRegions_worker: processing 5000 (492.7 per sec) @ chr9:5000000-10000000
PoolWorker-23,  processing 255 (58244.7 per sec) reads @ Ascaf_156:0-5652
PoolWorker-23 countReadsInRegions_worker: processing 5 (108.2 per sec) @ Ascaf_156:0-5652
PoolWorker-23,  processing 31527 (35742.2 per sec) reads @ Ascaf_22:0-446888
PoolWorker-23 countReadsInRegions_worker: processing 446 (481.3 per sec) @ Ascaf_22:0-446888
PoolWorker-23,  processing 28501 (34820.0 per sec) reads @ Ascaf_32:0-110405
PoolWorker-23 countReadsInRegions_worker: processing 110 (125.2 per sec) @ Ascaf_32:0-110405
PoolWorker-23,  processing 456627 (39109.0 per sec) reads @ chr4:20000000-25000000
PoolWorker-23 countReadsInRegions_worker: processing 5000 (423.4 per sec) @ chr4:20000000-25000000
PoolWorker-23,  processing 351893 (75063.5 per sec) reads @ chr3:0-5000000
PoolWorker-23 countReadsInRegions_worker: processing 5000 (1049.6 per sec) @ chr3:0-5000000
PoolWorker-23,  processing 3226 (88512.5 per sec) reads @ Ascaf_61:0-54508
PoolWorker-23 countReadsInRegions_worker: processing 54 (1259.2 per sec) @ Ascaf_61:0-54508
output file: /storage/scratch/iee/dj20y461/Stickleback/Y_comp/Sex_chrom_stats/Read_depths/Gw/depths/2007MA_M_1.1kb.RPKM.depth
