genome partition size for multiprocessing: 1000000
using 16 processors for 657 number of tasks
Final scaling factor: 0.00666129473214
PoolWorker-22,  processing 12126 (36635.2 per sec) reads @ Ascaf_81:0-40000
PoolWorker-22 countReadsInRegions_worker: processing 40 (112.0 per sec) @ Ascaf_81:0-40000
PoolWorker-22,  processing 5415 (38665.0 per sec) reads @ Ascaf_132:0-17867
PoolWorker-22 countReadsInRegions_worker: processing 17 (83.8 per sec) @ Ascaf_132:0-17867
PoolWorker-22,  processing 3616 (39772.1 per sec) reads @ Ascaf_139:0-16678
PoolWorker-22 countReadsInRegions_worker: processing 16 (104.3 per sec) @ Ascaf_139:0-16678
PoolWorker-22,  processing 19113 (35345.0 per sec) reads @ Ascaf_47:0-72017
PoolWorker-22 countReadsInRegions_worker: processing 72 (118.7 per sec) @ Ascaf_47:0-72017
PoolWorker-22,  processing 4227 (42208.8 per sec) reads @ Ascaf_131:0-18319
PoolWorker-22 countReadsInRegions_worker: processing 18 (102.6 per sec) @ Ascaf_131:0-18319
PoolWorker-22,  processing 5107 (41832.9 per sec) reads @ Ascaf_135:0-17087
PoolWorker-22 countReadsInRegions_worker: processing 17 (92.0 per sec) @ Ascaf_135:0-17087
PoolWorker-22,  processing 1027582 (34359.6 per sec) reads @ chr12:20000000-23704847
PoolWorker-22 countReadsInRegions_worker: processing 3704 (121.0 per sec) @ chr12:20000000-23704847
PoolWorker-22,  processing 1477414 (35834.5 per sec) reads @ chr5:10000000-15000000
PoolWorker-22 countReadsInRegions_worker: processing 5000 (118.4 per sec) @ chr5:10000000-15000000
PoolWorker-22,  processing 1428934 (36143.3 per sec) reads @ chr3:5000000-10000000
PoolWorker-22 countReadsInRegions_worker: processing 5000 (124.2 per sec) @ chr3:5000000-10000000
PoolWorker-22,  processing 4107 (44024.9 per sec) reads @ Ascaf_122:0-20728
PoolWorker-22 countReadsInRegions_worker: processing 20 (85.0 per sec) @ Ascaf_122:0-20728
PoolWorker-22,  processing 1500185 (35848.5 per sec) reads @ chr16:0-5000000
PoolWorker-22 countReadsInRegions_worker: processing 5000 (117.7 per sec) @ chr16:0-5000000
PoolWorker-22,  processing 22655 (32606.1 per sec) reads @ Ascaf_59:0-57475
PoolWorker-22 countReadsInRegions_worker: processing 57 (75.6 per sec) @ Ascaf_59:0-57475
PoolWorker-22,  processing 25541 (37552.3 per sec) reads @ Ascaf_92:0-34608
PoolWorker-22 countReadsInRegions_worker: processing 34 (47.0 per sec) @ Ascaf_92:0-34608
PoolWorker-22,  processing 1356511 (35624.7 per sec) reads @ chr11:0-5000000
PoolWorker-22 countReadsInRegions_worker: processing 5000 (129.0 per sec) @ chr11:0-5000000
PoolWorker-22,  processing 23315 (38474.1 per sec) reads @ Ascaf_55:0-59833
PoolWorker-22 countReadsInRegions_worker: processing 59 (88.6 per sec) @ Ascaf_55:0-59833
PoolWorker-22,  processing 32282 (31308.7 per sec) reads @ Ascaf_114:0-24031
PoolWorker-22 countReadsInRegions_worker: processing 24 (22.3 per sec) @ Ascaf_114:0-24031
PoolWorker-22,  processing 116731 (38280.1 per sec) reads @ Ascaf_50:0-70692
PoolWorker-22 countReadsInRegions_worker: processing 70 (22.3 per sec) @ Ascaf_50:0-70692
PoolWorker-22,  processing 1483 (43884.9 per sec) reads @ Ascaf_156:0-5652
PoolWorker-22 countReadsInRegions_worker: processing 5 (65.4 per sec) @ Ascaf_156:0-5652
PoolWorker-22,  processing 1001687 (35367.8 per sec) reads @ chr14:15000000-18637407
PoolWorker-22 countReadsInRegions_worker: processing 3637 (126.0 per sec) @ chr14:15000000-18637407
PoolWorker-22,  processing 117423 (35821.3 per sec) reads @ Ascaf_120:0-22000
PoolWorker-22 countReadsInRegions_worker: processing 22 (6.5 per sec) @ Ascaf_120:0-22000
PoolWorker-22,  processing 5567 (38872.4 per sec) reads @ Ascaf_123:0-20153
PoolWorker-22 countReadsInRegions_worker: processing 20 (108.2 per sec) @ Ascaf_123:0-20153
PoolWorker-22,  processing 65258 (38246.7 per sec) reads @ Ascaf_124:0-19772
PoolWorker-22 countReadsInRegions_worker: processing 19 (10.7 per sec) @ Ascaf_124:0-19772
PoolWorker-22,  processing 3770 (34098.5 per sec) reads @ Ascaf_102:0-31073
PoolWorker-22 countReadsInRegions_worker: processing 31 (202.0 per sec) @ Ascaf_102:0-31073
PoolWorker-22,  processing 31907 (35228.8 per sec) reads @ Ascaf_31:0-121444
PoolWorker-22 countReadsInRegions_worker: processing 121 (125.5 per sec) @ Ascaf_31:0-121444
PoolWorker-18,  processing 10526 (28362.0 per sec) reads @ Ascaf_78:0-41577
PoolWorker-18 countReadsInRegions_worker: processing 41 (95.1 per sec) @ Ascaf_78:0-41577
PoolWorker-18,  processing 18559 (38643.2 per sec) reads @ Ascaf_56:0-58445
PoolWorker-18 countReadsInRegions_worker: processing 58 (103.9 per sec) @ Ascaf_56:0-58445
PoolWorker-18,  processing 1386863 (34513.3 per sec) reads @ chr3:10000000-15000000
PoolWorker-18 countReadsInRegions_worker: processing 5000 (121.5 per sec) @ chr3:10000000-15000000
PoolWorker-18,  processing 116 (54636.6 per sec) reads @ Ascaf_165:0-1000
PoolWorker-18 countReadsInRegions_worker: processing 1 (15.9 per sec) @ Ascaf_165:0-1000
PoolWorker-18,  processing 63794 (39096.9 per sec) reads @ Ascaf_24:0-187591
PoolWorker-18 countReadsInRegions_worker: processing 187 (109.4 per sec) @ Ascaf_24:0-187591
PoolWorker-18,  processing 10950 (35015.8 per sec) reads @ Ascaf_63:0-51776
PoolWorker-18 countReadsInRegions_worker: processing 51 (143.0 per sec) @ Ascaf_63:0-51776
PoolWorker-18,  processing 79339 (37504.6 per sec) reads @ Ascaf_57:0-58000
PoolWorker-18 countReadsInRegions_worker: processing 58 (26.5 per sec) @ Ascaf_57:0-58000
PoolWorker-18,  processing 4193 (35194.2 per sec) reads @ Ascaf_138:0-16696
PoolWorker-18 countReadsInRegions_worker: processing 16 (98.6 per sec) @ Ascaf_138:0-16696
PoolWorker-18,  processing 1072714 (36177.8 per sec) reads @ chr8:20000000-23122080
PoolWorker-18 countReadsInRegions_worker: processing 3122 (103.2 per sec) @ chr8:20000000-23122080
PoolWorker-18,  processing 23018 (38514.6 per sec) reads @ Ascaf_105:0-29809
PoolWorker-18 countReadsInRegions_worker: processing 29 (43.0 per sec) @ Ascaf_105:0-29809
PoolWorker-18,  processing 1368096 (35849.0 per sec) reads @ chr7:5000000-10000000
PoolWorker-18 countReadsInRegions_worker: processing 5000 (128.7 per sec) @ chr7:5000000-10000000
PoolWorker-18,  processing 1435653 (35043.5 per sec) reads @ chr5:0-5000000
PoolWorker-18 countReadsInRegions_worker: processing 5000 (120.0 per sec) @ chr5:0-5000000
PoolWorker-18,  processing 1423587 (35424.1 per sec) reads @ chr11:10000000-15000000
PoolWorker-18 countReadsInRegions_worker: processing 5000 (122.5 per sec) @ chr11:10000000-15000000
PoolWorker-18,  processing 1360497 (35140.6 per sec) reads @ chr10:0-5000000
PoolWorker-18 countReadsInRegions_worker: processing 5000 (126.9 per sec) @ chr10:0-5000000
PoolWorker-18,  processing 3084 (38533.6 per sec) reads @ Ascaf_130:0-18457
PoolWorker-18 countReadsInRegions_worker: processing 18 (146.4 per sec) @ Ascaf_130:0-18457
PoolWorker-18,  processing 6633 (39178.5 per sec) reads @ Ascaf_112:0-24428
PoolWorker-18 countReadsInRegions_worker: processing 24 (115.1 per sec) @ Ascaf_112:0-24428
PoolWorker-24,  processing 1510606 (34373.7 per sec) reads @ chr17:10000000-15000000
PoolWorker-24 countReadsInRegions_worker: processing 5000 (111.1 per sec) @ chr17:10000000-15000000
PoolWorker-24,  processing 1566 (52608.5 per sec) reads @ Ascaf_154:0-6709
PoolWorker-24 countReadsInRegions_worker: processing 6 (83.1 per sec) @ Ascaf_154:0-6709
PoolWorker-24,  processing 10551 (36676.3 per sec) reads @ Ascaf_77:0-41997
PoolWorker-24 countReadsInRegions_worker: processing 41 (122.7 per sec) @ Ascaf_77:0-41997
PoolWorker-24,  processing 14071 (36903.2 per sec) reads @ Ascaf_58:0-57612
PoolWorker-24 countReadsInRegions_worker: processing 57 (127.3 per sec) @ Ascaf_58:0-57612
PoolWorker-24,  processing 1522459 (35253.0 per sec) reads @ chr3:0-5000000
PoolWorker-24 countReadsInRegions_worker: processing 5000 (113.6 per sec) @ chr3:0-5000000
PoolWorker-24,  processing 22918 (29926.4 per sec) reads @ Ascaf_73:0-44649
PoolWorker-24 countReadsInRegions_worker: processing 44 (54.2 per sec) @ Ascaf_73:0-44649
PoolWorker-24,  processing 1419293 (35322.8 per sec) reads @ chr4:10000000-15000000
PoolWorker-24 countReadsInRegions_worker: processing 5000 (122.5 per sec) @ chr4:10000000-15000000
PoolWorker-24,  processing 3183 (35601.3 per sec) reads @ Ascaf_152:0-12206
PoolWorker-24 countReadsInRegions_worker: processing 12 (95.6 per sec) @ Ascaf_152:0-12206
PoolWorker-24,  processing 1387614 (36005.1 per sec) reads @ chr16:10000000-15000000
PoolWorker-24 countReadsInRegions_worker: processing 5000 (127.7 per sec) @ chr16:10000000-15000000
PoolWorker-24,  processing 1362685 (35875.9 per sec) reads @ chr8:5000000-10000000
PoolWorker-24 countReadsInRegions_worker: processing 5000 (129.3 per sec) @ chr8:5000000-10000000
PoolWorker-24,  processing 181198 (37178.2 per sec) reads @ Ascaf_28:0-145740
PoolWorker-24 countReadsInRegions_worker: processing 145 (28.9 per sec) @ Ascaf_28:0-145740
PoolWorker-24,  processing 956188 (34912.5 per sec) reads @ chr18:15000000-18483836
PoolWorker-24 countReadsInRegions_worker: processing 3483 (125.2 per sec) @ chr18:15000000-18483836
PoolWorker-21,  processing 1353590 (34424.3 per sec) reads @ chr7:0-5000000
PoolWorker-21 countReadsInRegions_worker: processing 5000 (124.1 per sec) @ chr7:0-5000000
PoolWorker-21,  processing 7342 (37679.7 per sec) reads @ Ascaf_54:0-60000
PoolWorker-21 countReadsInRegions_worker: processing 60 (256.4 per sec) @ Ascaf_54:0-60000
PoolWorker-21,  processing 147626 (37654.4 per sec) reads @ Ascaf_43:0-83995
PoolWorker-21 countReadsInRegions_worker: processing 83 (20.6 per sec) @ Ascaf_43:0-83995
PoolWorker-21,  processing 82435 (37484.8 per sec) reads @ Ascaf_113:0-24387
PoolWorker-21 countReadsInRegions_worker: processing 24 (10.6 per sec) @ Ascaf_113:0-24387
PoolWorker-21,  processing 1798071 (36218.5 per sec) reads @ chr13:0-5000000
PoolWorker-21 countReadsInRegions_worker: processing 5000 (98.7 per sec) @ chr13:0-5000000
PoolWorker-21,  processing 8383 (38098.3 per sec) reads @ Ascaf_99:0-33167
PoolWorker-21 countReadsInRegions_worker: processing 33 (125.3 per sec) @ Ascaf_99:0-33167
PoolWorker-21,  processing 4948 (41280.0 per sec) reads @ Ascaf_121:0-21431
PoolWorker-21 countReadsInRegions_worker: processing 21 (130.6 per sec) @ Ascaf_121:0-21431
PoolWorker-21,  processing 1403431 (35820.7 per sec) reads @ chr18:5000000-10000000
PoolWorker-21 countReadsInRegions_worker: processing 5000 (124.9 per sec) @ chr18:5000000-10000000
PoolWorker-21,  processing 4332 (21439.8 per sec) reads @ Ascaf_82:0-39089
PoolWorker-21 countReadsInRegions_worker: processing 39 (159.8 per sec) @ Ascaf_82:0-39089
PoolWorker-21,  processing 1389605 (35662.2 per sec) reads @ chr15:5000000-10000000
PoolWorker-21 countReadsInRegions_worker: processing 5000 (126.3 per sec) @ chr15:5000000-10000000
PoolWorker-21,  processing 158904 (37388.6 per sec) reads @ Ascaf_39:0-92659
PoolWorker-21 countReadsInRegions_worker: processing 92 (21.2 per sec) @ Ascaf_39:0-92659
PoolWorker-21,  processing 222459 (37854.4 per sec) reads @ Ascaf_27:0-155775
PoolWorker-21 countReadsInRegions_worker: processing 155 (25.8 per sec) @ Ascaf_27:0-155775
PoolWorker-21,  processing 971 (71899.4 per sec) reads @ Ascaf_158:0-3231
PoolWorker-21 countReadsInRegions_worker: processing 3 (53.5 per sec) @ Ascaf_158:0-3231
PoolWorker-21,  processing 12664 (34359.0 per sec) reads @ Ascaf_62:0-52951
PoolWorker-21 countReadsInRegions_worker: processing 52 (126.6 per sec) @ Ascaf_62:0-52951
PoolWorker-21,  processing 1354635 (35703.6 per sec) reads @ chr21:5000000-10000000
PoolWorker-21 countReadsInRegions_worker: processing 5000 (129.7 per sec) @ chr21:5000000-10000000
PoolWorker-21,  processing 348186 (34622.1 per sec) reads @ chr6:20000000-21248438
PoolWorker-21 countReadsInRegions_worker: processing 1248 (121.5 per sec) @ chr6:20000000-21248438
PoolWorker-21,  processing 8919 (33482.6 per sec) reads @ Ascaf_169:0-50000
PoolWorker-21 countReadsInRegions_worker: processing 50 (155.5 per sec) @ Ascaf_169:0-50000
PoolWorker-21,  processing 12679 (33444.6 per sec) reads @ Ascaf_68:0-47437
PoolWorker-21 countReadsInRegions_worker: processing 47 (111.4 per sec) @ Ascaf_68:0-47437
PoolWorker-21,  processing 189322 (40420.8 per sec) reads @ chr15:20000000-20219940
PoolWorker-21 countReadsInRegions_worker: processing 219 (45.6 per sec) @ chr15:20000000-20219940
PoolWorker-21,  processing 104016 (44965.4 per sec) reads @ Ascaf_41:0-90399
PoolWorker-21 countReadsInRegions_worker: processing 90 (37.7 per sec) @ Ascaf_41:0-90399
PoolWorker-32,  processing 1364125 (34579.0 per sec) reads @ chr20:5000000-10000000
PoolWorker-32 countReadsInRegions_worker: processing 5000 (123.4 per sec) @ chr20:5000000-10000000
PoolWorker-32,  processing 1375860 (35604.0 per sec) reads @ chr10:5000000-10000000
PoolWorker-32 countReadsInRegions_worker: processing 5000 (126.8 per sec) @ chr10:5000000-10000000
PoolWorker-32,  processing 52094 (38232.2 per sec) reads @ Ascaf_29:0-143722
PoolWorker-32 countReadsInRegions_worker: processing 143 (100.5 per sec) @ Ascaf_29:0-143722
PoolWorker-32,  processing 580195 (35516.9 per sec) reads @ chr16:20000000-22188971
PoolWorker-32 countReadsInRegions_worker: processing 2188 (131.9 per sec) @ chr16:20000000-22188971
PoolWorker-32,  processing 12839 (34570.9 per sec) reads @ Ascaf_70:0-46916
PoolWorker-32 countReadsInRegions_worker: processing 46 (115.3 per sec) @ Ascaf_70:0-46916
PoolWorker-32,  processing 1430709 (36213.2 per sec) reads @ chr4:30000000-35000000
PoolWorker-32 countReadsInRegions_worker: processing 5000 (124.4 per sec) @ chr4:30000000-35000000
PoolWorker-32,  processing 3393 (28585.1 per sec) reads @ Ascaf_146:0-15502
PoolWorker-32 countReadsInRegions_worker: processing 15 (97.8 per sec) @ Ascaf_146:0-15502
PoolWorker-32,  processing 6439 (37934.7 per sec) reads @ Ascaf_103:0-30986
PoolWorker-32 countReadsInRegions_worker: processing 30 (142.0 per sec) @ Ascaf_103:0-30986
PoolWorker-32,  processing 83263 (37978.7 per sec) reads @ chr3:20000000-20313673
PoolWorker-32 countReadsInRegions_worker: processing 313 (139.2 per sec) @ chr3:20000000-20313673
PoolWorker-32,  processing 1992 (72658.3 per sec) reads @ Ascaf_116:0-22916
PoolWorker-32 countReadsInRegions_worker: processing 22 (612.3 per sec) @ Ascaf_116:0-22916
PoolWorker-32,  processing 1373590 (36708.5 per sec) reads @ chr6:10000000-15000000
PoolWorker-32 countReadsInRegions_worker: processing 5000 (131.3 per sec) @ chr6:10000000-15000000
PoolWorker-32,  processing 868697 (35946.3 per sec) reads @ chr20:20000000-22998664
PoolWorker-32 countReadsInRegions_worker: processing 2998 (122.1 per sec) @ chr20:20000000-22998664
PoolWorker-32,  processing 4268 (39543.8 per sec) reads @ Ascaf_141:0-15738
PoolWorker-32 countReadsInRegions_worker: processing 15 (100.7 per sec) @ Ascaf_141:0-15738
PoolWorker-32,  processing 29244 (33247.6 per sec) reads @ Ascaf_23:0-264707
PoolWorker-32 countReadsInRegions_worker: processing 264 (281.6 per sec) @ Ascaf_23:0-264707
PoolWorker-32,  processing 10376 (38444.2 per sec) reads @ Ascaf_161:0-1000
PoolWorker-32 countReadsInRegions_worker: processing 1 (3.2 per sec) @ Ascaf_161:0-1000
PoolWorker-32,  processing 356128 (38052.5 per sec) reads @ Ascaf_45:0-74461
PoolWorker-32 countReadsInRegions_worker: processing 74 (7.8 per sec) @ Ascaf_45:0-74461
PoolWorker-32,  processing 515 (72463.6 per sec) reads @ Ascaf_160:0-2000
PoolWorker-32 countReadsInRegions_worker: processing 2 (42.0 per sec) @ Ascaf_160:0-2000
PoolWorker-32,  processing 1359850 (40714.6 per sec) reads @ chr17:15000000-20000000
PoolWorker-32 countReadsInRegions_worker: processing 5000 (148.3 per sec) @ chr17:15000000-20000000
PoolWorker-32,  processing 225 (53711.9 per sec) reads @ Ascaf_163:0-1000
PoolWorker-32 countReadsInRegions_worker: processing 1 (21.4 per sec) @ Ascaf_163:0-1000
PoolWorker-32,  processing 29002 (37013.1 per sec) reads @ Ascaf_71:0-32519
PoolWorker-32 countReadsInRegions_worker: processing 32 (38.7 per sec) @ Ascaf_71:0-32519
PoolWorker-29,  processing 1568931 (34830.5 per sec) reads @ chr17:5000000-10000000
PoolWorker-29 countReadsInRegions_worker: processing 5000 (107.8 per sec) @ chr17:5000000-10000000
PoolWorker-29,  processing 1310684 (34940.8 per sec) reads @ chr21:0-5000000
PoolWorker-29 countReadsInRegions_worker: processing 5000 (130.7 per sec) @ chr21:0-5000000
PoolWorker-29,  processing 1603935 (36014.6 per sec) reads @ chr14:0-5000000
PoolWorker-29 countReadsInRegions_worker: processing 5000 (110.4 per sec) @ chr14:0-5000000
PoolWorker-29,  processing 45743 (36763.5 per sec) reads @ Ascaf_64:0-51000
PoolWorker-29 countReadsInRegions_worker: processing 51 (39.5 per sec) @ Ascaf_64:0-51000
PoolWorker-29,  processing 1426928 (36222.4 per sec) reads @ chr10:10000000-15000000
PoolWorker-29 countReadsInRegions_worker: processing 5000 (124.5 per sec) @ chr10:10000000-15000000
PoolWorker-29,  processing 1347400 (35318.9 per sec) reads @ chr4:35000000-40000000
PoolWorker-29 countReadsInRegions_worker: processing 5000 (128.7 per sec) @ chr4:35000000-40000000
PoolWorker-29,  processing 1471920 (37971.9 per sec) reads @ chr1:25000000-30000000
PoolWorker-29 countReadsInRegions_worker: processing 5000 (126.9 per sec) @ chr1:25000000-30000000
PoolWorker-29,  processing 539 (58326.4 per sec) reads @ Ascaf_164:0-1000
PoolWorker-29 countReadsInRegions_worker: processing 1 (19.5 per sec) @ Ascaf_164:0-1000
PoolWorker-28,  processing 1399261 (34105.1 per sec) reads @ chr20:10000000-15000000
PoolWorker-28 countReadsInRegions_worker: processing 5000 (118.7 per sec) @ chr20:10000000-15000000
PoolWorker-28,  processing 5607 (44996.4 per sec) reads @ Ascaf_127:0-19159
PoolWorker-28 countReadsInRegions_worker: processing 19 (116.7 per sec) @ Ascaf_127:0-19159
PoolWorker-28,  processing 1341962 (34764.0 per sec) reads @ chr5:5000000-10000000
PoolWorker-28 countReadsInRegions_worker: processing 5000 (127.1 per sec) @ chr5:5000000-10000000
PoolWorker-28,  processing 1563094 (35324.3 per sec) reads @ chr18:0-5000000
PoolWorker-28 countReadsInRegions_worker: processing 5000 (111.4 per sec) @ chr18:0-5000000
PoolWorker-28,  processing 361 (68177.0 per sec) reads @ Ascaf_157:0-3527
PoolWorker-28 countReadsInRegions_worker: processing 3 (66.0 per sec) @ Ascaf_157:0-3527
PoolWorker-28,  processing 64410 (36061.1 per sec) reads @ Ascaf_72:0-46000
PoolWorker-28 countReadsInRegions_worker: processing 46 (24.8 per sec) @ Ascaf_72:0-46000
PoolWorker-28,  processing 703972 (35693.6 per sec) reads @ chr2:25000000-26977752
PoolWorker-28 countReadsInRegions_worker: processing 1977 (98.6 per sec) @ chr2:25000000-26977752
PoolWorker-28,  processing 1132918 (34645.3 per sec) reads @ chr17:20000000-23682274
PoolWorker-28 countReadsInRegions_worker: processing 3682 (110.6 per sec) @ chr17:20000000-23682274
PoolWorker-28,  processing 1416874 (35520.1 per sec) reads @ chr6:5000000-10000000
PoolWorker-28 countReadsInRegions_worker: processing 5000 (123.3 per sec) @ chr6:5000000-10000000
PoolWorker-28,  processing 1266328 (45312.6 per sec) reads @ chr10:15000000-19005646
PoolWorker-28 countReadsInRegions_worker: processing 4005 (141.6 per sec) @ chr10:15000000-19005646
PoolWorker-28,  processing 21507 (74762.5 per sec) reads @ Ascaf_106:0-29590
PoolWorker-28 countReadsInRegions_worker: processing 29 (96.8 per sec) @ Ascaf_106:0-29590
PoolWorker-28,  processing 19263 (64803.4 per sec) reads @ Ascaf_51:0-70629
PoolWorker-28 countReadsInRegions_worker: processing 70 (226.9 per sec) @ Ascaf_51:0-70629
PoolWorker-23,  processing 39728 (33886.1 per sec) reads @ Ascaf_90:0-35566
PoolWorker-23 countReadsInRegions_worker: processing 35 (28.2 per sec) @ Ascaf_90:0-35566
PoolWorker-23,  processing 28223 (38234.8 per sec) reads @ Ascaf_44:0-77777
PoolWorker-23 countReadsInRegions_worker: processing 77 (96.1 per sec) @ Ascaf_44:0-77777
PoolWorker-23,  processing 1447760 (34976.8 per sec) reads @ chr2:20000000-25000000
PoolWorker-23 countReadsInRegions_worker: processing 5000 (117.8 per sec) @ chr2:20000000-25000000
PoolWorker-23,  processing 217247 (39100.7 per sec) reads @ Ascaf_98:0-33222
PoolWorker-23 countReadsInRegions_worker: processing 33 (5.8 per sec) @ Ascaf_98:0-33222
PoolWorker-23,  processing 1355067 (35413.5 per sec) reads @ chr2:0-5000000
PoolWorker-23 countReadsInRegions_worker: processing 5000 (128.1 per sec) @ chr2:0-5000000
PoolWorker-23,  processing 1423721 (36062.6 per sec) reads @ chr4:15000000-20000000
PoolWorker-23 countReadsInRegions_worker: processing 5000 (124.4 per sec) @ chr4:15000000-20000000
PoolWorker-23,  processing 147373 (38418.2 per sec) reads @ Ascaf_22:0-446888
PoolWorker-23 countReadsInRegions_worker: processing 446 (113.4 per sec) @ Ascaf_22:0-446888
PoolWorker-23,  processing 1353103 (35873.7 per sec) reads @ chr2:5000000-10000000
PoolWorker-23 countReadsInRegions_worker: processing 5000 (130.5 per sec) @ chr2:5000000-10000000
PoolWorker-23,  processing 10627 (39499.4 per sec) reads @ Ascaf_87:0-36937
PoolWorker-23 countReadsInRegions_worker: processing 36 (115.8 per sec) @ Ascaf_87:0-36937
PoolWorker-23,  processing 214651 (37611.0 per sec) reads @ Ascaf_26:0-156806
PoolWorker-23 countReadsInRegions_worker: processing 156 (26.7 per sec) @ Ascaf_26:0-156806
PoolWorker-23,  processing 2942 (54389.6 per sec) reads @ Ascaf_140:0-15786
PoolWorker-23 countReadsInRegions_worker: processing 15 (154.4 per sec) @ Ascaf_140:0-15786
PoolWorker-23,  processing 26182 (31971.5 per sec) reads @ Ascaf_46:0-73387
PoolWorker-23 countReadsInRegions_worker: processing 73 (83.5 per sec) @ Ascaf_46:0-73387
PoolWorker-23,  processing 227003 (36108.4 per sec) reads @ chr4:40000000-40647937
PoolWorker-23 countReadsInRegions_worker: processing 647 (101.0 per sec) @ chr4:40000000-40647937
PoolWorker-23,  processing 1117942 (35615.1 per sec) reads @ chr1:30000000-33917795
PoolWorker-23 countReadsInRegions_worker: processing 3917 (122.5 per sec) @ chr1:30000000-33917795
PoolWorker-23,  processing 1336856 (39856.2 per sec) reads @ chr7:25000000-30000000
PoolWorker-23 countReadsInRegions_worker: processing 5000 (146.5 per sec) @ chr7:25000000-30000000
PoolWorker-23,  processing 72627 (75269.1 per sec) reads @ Ascaf_35:0-99371
PoolWorker-23 countReadsInRegions_worker: processing 99 (100.5 per sec) @ Ascaf_35:0-99371
PoolWorker-19,  processing 1454800 (34138.7 per sec) reads @ chr1:15000000-20000000
PoolWorker-19 countReadsInRegions_worker: processing 5000 (114.6 per sec) @ chr1:15000000-20000000
PoolWorker-19,  processing 1443069 (34558.0 per sec) reads @ chr9:0-5000000
PoolWorker-19 countReadsInRegions_worker: processing 5000 (117.4 per sec) @ chr9:0-5000000
PoolWorker-19,  processing 1348035 (34564.4 per sec) reads @ chr4:0-5000000
PoolWorker-19 countReadsInRegions_worker: processing 5000 (126.2 per sec) @ chr4:0-5000000
PoolWorker-19,  processing 12837 (36699.5 per sec) reads @ Ascaf_133:0-49732
PoolWorker-19 countReadsInRegions_worker: processing 49 (124.5 per sec) @ Ascaf_133:0-49732
PoolWorker-19,  processing 19527 (37641.8 per sec) reads @ Ascaf_65:0-47651
PoolWorker-19 countReadsInRegions_worker: processing 47 (83.6 per sec) @ Ascaf_65:0-47651
PoolWorker-19,  processing 204767 (37063.9 per sec) reads @ Ascaf_74:0-44000
PoolWorker-19 countReadsInRegions_worker: processing 44 (7.7 per sec) @ Ascaf_74:0-44000
PoolWorker-19,  processing 6035 (37102.9 per sec) reads @ Ascaf_168:0-25000
PoolWorker-19 countReadsInRegions_worker: processing 25 (122.9 per sec) @ Ascaf_168:0-25000
PoolWorker-19,  processing 1467749 (34947.6 per sec) reads @ chr13:15000000-20000000
PoolWorker-19 countReadsInRegions_worker: processing 5000 (117.2 per sec) @ chr13:15000000-20000000
PoolWorker-19,  processing 155745 (36593.5 per sec) reads @ Ascaf_30:0-130979
PoolWorker-19 countReadsInRegions_worker: processing 130 (29.8 per sec) @ Ascaf_30:0-130979
PoolWorker-19,  processing 1384584 (35091.2 per sec) reads @ chr9:10000000-15000000
PoolWorker-19 countReadsInRegions_worker: processing 5000 (124.9 per sec) @ chr9:10000000-15000000
PoolWorker-19,  processing 1428797 (43158.3 per sec) reads @ chr9:5000000-10000000
PoolWorker-19 countReadsInRegions_worker: processing 5000 (149.1 per sec) @ chr9:5000000-10000000
PoolWorker-19,  processing 5429 (74915.8 per sec) reads @ Ascaf_134:0-17659
PoolWorker-19 countReadsInRegions_worker: processing 17 (208.3 per sec) @ Ascaf_134:0-17659
PoolWorker-27,  processing 1402829 (34534.6 per sec) reads @ chr8:15000000-20000000
PoolWorker-27 countReadsInRegions_worker: processing 5000 (120.0 per sec) @ chr8:15000000-20000000
PoolWorker-27,  processing 6640 (40075.1 per sec) reads @ Ascaf_126:0-19574
PoolWorker-27 countReadsInRegions_worker: processing 19 (90.8 per sec) @ Ascaf_126:0-19574
PoolWorker-27,  processing 4281 (39437.0 per sec) reads @ Ascaf_148:0-14976
PoolWorker-27 countReadsInRegions_worker: processing 14 (93.3 per sec) @ Ascaf_148:0-14976
PoolWorker-27,  processing 1600364 (35525.4 per sec) reads @ chr6:0-5000000
PoolWorker-27 countReadsInRegions_worker: processing 5000 (108.9 per sec) @ chr6:0-5000000
PoolWorker-27,  processing 1347256 (35109.8 per sec) reads @ chr8:0-5000000
PoolWorker-27 countReadsInRegions_worker: processing 5000 (128.1 per sec) @ chr8:0-5000000
PoolWorker-27,  processing 1438533 (36199.5 per sec) reads @ chr15:10000000-15000000
PoolWorker-27 countReadsInRegions_worker: processing 5000 (123.8 per sec) @ chr15:10000000-15000000
PoolWorker-27,  processing 1380532 (36271.3 per sec) reads @ chr7:10000000-15000000
PoolWorker-27 countReadsInRegions_worker: processing 5000 (129.1 per sec) @ chr7:10000000-15000000
PoolWorker-27,  processing 62352 (35619.6 per sec) reads @ Ascaf_36:0-98486
PoolWorker-27 countReadsInRegions_worker: processing 98 (54.3 per sec) @ Ascaf_36:0-98486
PoolWorker-27,  processing 259 (65853.8 per sec) reads @ Ascaf_162:0-1000
PoolWorker-27 countReadsInRegions_worker: processing 1 (21.8 per sec) @ Ascaf_162:0-1000
PoolWorker-27,  processing 135189 (38495.9 per sec) reads @ Ascaf_53:0-64139
PoolWorker-27 countReadsInRegions_worker: processing 64 (17.8 per sec) @ Ascaf_53:0-64139
PoolWorker-27,  processing 179920 (37850.6 per sec) reads @ Ascaf_25:0-178627
PoolWorker-27 countReadsInRegions_worker: processing 178 (36.5 per sec) @ Ascaf_25:0-178627
PoolWorker-27,  processing 8998 (25697.1 per sec) reads @ Ascaf_85:0-37890
PoolWorker-27 countReadsInRegions_worker: processing 37 (94.5 per sec) @ Ascaf_85:0-37890
PoolWorker-27,  processing 1377165 (39142.1 per sec) reads @ chr1:5000000-10000000
PoolWorker-27 countReadsInRegions_worker: processing 5000 (140.5 per sec) @ chr1:5000000-10000000
PoolWorker-27,  processing 59779 (75699.8 per sec) reads @ Ascaf_110:0-27536
PoolWorker-27 countReadsInRegions_worker: processing 27 (33.3 per sec) @ Ascaf_110:0-27536
PoolWorker-27,  processing 45514 (75539.0 per sec) reads @ Ascaf_137:0-17000
PoolWorker-27 countReadsInRegions_worker: processing 17 (27.5 per sec) @ Ascaf_137:0-17000
PoolWorker-27,  processing 42480 (76678.3 per sec) reads @ Ascaf_37:0-98231
PoolWorker-27 countReadsInRegions_worker: processing 98 (172.4 per sec) @ Ascaf_37:0-98231
PoolWorker-30,  processing 7034 (40145.4 per sec) reads @ Ascaf_95:0-33544
PoolWorker-30 countReadsInRegions_worker: processing 33 (146.5 per sec) @ Ascaf_95:0-33544
PoolWorker-30,  processing 1374266 (34993.3 per sec) reads @ chr2:10000000-15000000
PoolWorker-30 countReadsInRegions_worker: processing 5000 (124.1 per sec) @ chr2:10000000-15000000
PoolWorker-30,  processing 1377513 (36021.2 per sec) reads @ chr8:10000000-15000000
PoolWorker-30 countReadsInRegions_worker: processing 5000 (128.1 per sec) @ chr8:10000000-15000000
PoolWorker-30,  processing 2900 (44125.9 per sec) reads @ Ascaf_143:0-15560
PoolWorker-30 countReadsInRegions_worker: processing 15 (138.4 per sec) @ Ascaf_143:0-15560
PoolWorker-30,  processing 73858 (38504.9 per sec) reads @ Ascaf_119:0-22101
PoolWorker-30 countReadsInRegions_worker: processing 22 (11.1 per sec) @ Ascaf_119:0-22101
PoolWorker-30,  processing 3764 (40923.8 per sec) reads @ Ascaf_144:0-15519
PoolWorker-30 countReadsInRegions_worker: processing 15 (111.4 per sec) @ Ascaf_144:0-15519
PoolWorker-30,  processing 1375227 (35388.6 per sec) reads @ chr17:0-5000000
PoolWorker-30 countReadsInRegions_worker: processing 5000 (126.3 per sec) @ chr17:0-5000000
PoolWorker-30,  processing 1542221 (36572.5 per sec) reads @ chr21:15000000-19873525
PoolWorker-30 countReadsInRegions_worker: processing 4873 (113.6 per sec) @ chr21:15000000-19873525
PoolWorker-30,  processing 1395741 (36032.8 per sec) reads @ chr12:15000000-20000000
PoolWorker-30 countReadsInRegions_worker: processing 5000 (126.7 per sec) @ chr12:15000000-20000000
PoolWorker-30,  processing 1404677 (35724.3 per sec) reads @ chr16:5000000-10000000
PoolWorker-30 countReadsInRegions_worker: processing 5000 (124.6 per sec) @ chr16:5000000-10000000
PoolWorker-30,  processing 7756 (40788.0 per sec) reads @ Ascaf_142:0-15730
PoolWorker-30 countReadsInRegions_worker: processing 15 (64.3 per sec) @ Ascaf_142:0-15730
PoolWorker-30,  processing 848594 (58483.8 per sec) reads @ chr19:5000000-10000000
PoolWorker-30 countReadsInRegions_worker: processing 5000 (339.9 per sec) @ chr19:5000000-10000000
PoolWorker-20,  processing 8149 (66098.3 per sec) reads @ Ascaf_66:0-47454
PoolWorker-20 countReadsInRegions_worker: processing 47 (343.7 per sec) @ Ascaf_66:0-47454
PoolWorker-20,  processing 1253362 (34859.9 per sec) reads @ chr5:15000000-18670498
PoolWorker-20 countReadsInRegions_worker: processing 3670 (99.7 per sec) @ chr5:15000000-18670498
PoolWorker-20,  processing 11387 (37346.2 per sec) reads @ Ascaf_80:0-41014
PoolWorker-20 countReadsInRegions_worker: processing 41 (107.7 per sec) @ Ascaf_80:0-41014
PoolWorker-20,  processing 7786 (36292.4 per sec) reads @ Ascaf_108:0-29345
PoolWorker-20 countReadsInRegions_worker: processing 29 (112.6 per sec) @ Ascaf_108:0-29345
PoolWorker-20,  processing 26813 (30406.3 per sec) reads @ Ascaf_40:0-90738
PoolWorker-20 countReadsInRegions_worker: processing 90 (95.9 per sec) @ Ascaf_40:0-90738
PoolWorker-20,  processing 5733 (35933.9 per sec) reads @ Ascaf_167:0-25000
PoolWorker-20 countReadsInRegions_worker: processing 25 (124.5 per sec) @ Ascaf_167:0-25000
PoolWorker-20,  processing 1885495 (35163.9 per sec) reads @ chr14:5000000-10000000
PoolWorker-20 countReadsInRegions_worker: processing 5000 (91.7 per sec) @ chr14:5000000-10000000
PoolWorker-20,  processing 1578928 (36156.2 per sec) reads @ chr20:0-5000000
PoolWorker-20 countReadsInRegions_worker: processing 5000 (112.0 per sec) @ chr20:0-5000000
PoolWorker-20,  processing 1151366 (34724.2 per sec) reads @ chr9:20000000-24303205
PoolWorker-20 countReadsInRegions_worker: processing 4303 (127.7 per sec) @ chr9:20000000-24303205
PoolWorker-20,  processing 5674 (34255.0 per sec) reads @ Ascaf_60:0-24766
PoolWorker-20 countReadsInRegions_worker: processing 24 (115.8 per sec) @ Ascaf_60:0-24766
PoolWorker-20,  processing 1365143 (35905.8 per sec) reads @ chr14:10000000-15000000
PoolWorker-20 countReadsInRegions_worker: processing 5000 (129.1 per sec) @ chr14:10000000-15000000
PoolWorker-20,  processing 1905 (47328.0 per sec) reads @ Ascaf_155:0-6589
PoolWorker-20 countReadsInRegions_worker: processing 6 (72.6 per sec) @ Ascaf_155:0-6589
PoolWorker-20,  processing 1549818 (39900.9 per sec) reads @ chr7:15000000-20000000
PoolWorker-20 countReadsInRegions_worker: processing 5000 (127.5 per sec) @ chr7:15000000-20000000
PoolWorker-20,  processing 1333684 (73197.5 per sec) reads @ chr6:15000000-20000000
PoolWorker-20 countReadsInRegions_worker: processing 5000 (270.2 per sec) @ chr6:15000000-20000000
PoolWorker-20,  processing 9187 (80692.6 per sec) reads @ Ascaf_88:0-36907
PoolWorker-20 countReadsInRegions_worker: processing 36 (294.7 per sec) @ Ascaf_88:0-36907
PoolWorker-20,  processing 9529 (82204.7 per sec) reads @ Ascaf_91:0-34837
PoolWorker-20 countReadsInRegions_worker: processing 34 (273.9 per sec) @ Ascaf_91:0-34837
PoolWorker-25,  processing 28164 (35750.0 per sec) reads @ Ascaf_84:0-38148
PoolWorker-25 countReadsInRegions_worker: processing 38 (46.8 per sec) @ Ascaf_84:0-38148
PoolWorker-25,  processing 1463670 (35315.0 per sec) reads @ chr15:15000000-20000000
PoolWorker-25 countReadsInRegions_worker: processing 5000 (117.6 per sec) @ chr15:15000000-20000000
PoolWorker-25,  processing 8751 (38700.6 per sec) reads @ Ascaf_100:0-32247
PoolWorker-25 countReadsInRegions_worker: processing 32 (119.4 per sec) @ Ascaf_100:0-32247
PoolWorker-25,  processing 1365543 (35424.3 per sec) reads @ chr20:15000000-20000000
PoolWorker-25 countReadsInRegions_worker: processing 5000 (127.3 per sec) @ chr20:15000000-20000000
PoolWorker-25,  processing 10779 (39271.8 per sec) reads @ Ascaf_83:0-38959
PoolWorker-25 countReadsInRegions_worker: processing 38 (115.1 per sec) @ Ascaf_83:0-38959
PoolWorker-25,  processing 8696 (39862.5 per sec) reads @ Ascaf_101:0-31946
PoolWorker-25 countReadsInRegions_worker: processing 31 (113.7 per sec) @ Ascaf_101:0-31946
PoolWorker-25,  processing 616958 (35660.3 per sec) reads @ chr19:20000000-23715829
PoolWorker-25 countReadsInRegions_worker: processing 3715 (210.1 per sec) @ chr19:20000000-23715829
PoolWorker-25,  processing 3955 (43232.5 per sec) reads @ Ascaf_118:0-22120
PoolWorker-25 countReadsInRegions_worker: processing 22 (165.9 per sec) @ Ascaf_118:0-22120
PoolWorker-25,  processing 1383020 (35369.0 per sec) reads @ chr2:15000000-20000000
PoolWorker-25 countReadsInRegions_worker: processing 5000 (125.8 per sec) @ chr2:15000000-20000000
PoolWorker-25,  processing 3149915 (35105.3 per sec) reads @ chr19:0-5000000
PoolWorker-25 countReadsInRegions_worker: processing 5000 (54.8 per sec) @ chr19:0-5000000
PoolWorker-25,  processing 6261 (37991.1 per sec) reads @ Ascaf_117:0-22832
PoolWorker-25 countReadsInRegions_worker: processing 22 (106.7 per sec) @ Ascaf_117:0-22832
PoolWorker-25,  processing 13582 (38337.1 per sec) reads @ Ascaf_61:0-54508
PoolWorker-25 countReadsInRegions_worker: processing 54 (137.3 per sec) @ Ascaf_61:0-54508
PoolWorker-25,  processing 3048 (46375.7 per sec) reads @ Ascaf_128:0-19120
PoolWorker-25 countReadsInRegions_worker: processing 19 (175.3 per sec) @ Ascaf_128:0-19120
PoolWorker-25,  processing 1403064 (52090.3 per sec) reads @ chr11:5000000-10000000
PoolWorker-25 countReadsInRegions_worker: processing 5000 (183.3 per sec) @ chr11:5000000-10000000
PoolWorker-25,  processing 10158 (80800.0 per sec) reads @ Ascaf_111:0-25158
PoolWorker-25 countReadsInRegions_worker: processing 25 (186.2 per sec) @ Ascaf_111:0-25158
PoolWorker-25,  processing 811043 (77529.2 per sec) reads @ chr19:10000000-15000000
PoolWorker-25 countReadsInRegions_worker: processing 5000 (471.2 per sec) @ chr19:10000000-15000000
PoolWorker-17,  processing 5802 (62216.5 per sec) reads @ Ascaf_97:0-33357
PoolWorker-17 countReadsInRegions_worker: processing 33 (309.6 per sec) @ Ascaf_97:0-33357
PoolWorker-17,  processing 5598 (69644.2 per sec) reads @ Ascaf_150:0-13271
PoolWorker-17 countReadsInRegions_worker: processing 13 (145.1 per sec) @ Ascaf_150:0-13271
PoolWorker-17,  processing 300113 (37738.3 per sec) reads @ Ascaf_89:0-36000
PoolWorker-17 countReadsInRegions_worker: processing 36 (4.4 per sec) @ Ascaf_89:0-36000
PoolWorker-17,  processing 4029 (37587.1 per sec) reads @ Ascaf_149:0-13452
PoolWorker-17 countReadsInRegions_worker: processing 13 (87.4 per sec) @ Ascaf_149:0-13452
PoolWorker-17,  processing 5529 (40052.5 per sec) reads @ Ascaf_125:0-19664
PoolWorker-17 countReadsInRegions_worker: processing 19 (106.1 per sec) @ Ascaf_125:0-19664
PoolWorker-17,  processing 1382568 (35448.9 per sec) reads @ chr4:5000000-10000000
PoolWorker-17 countReadsInRegions_worker: processing 5000 (125.1 per sec) @ chr4:5000000-10000000
PoolWorker-17,  processing 532708 (37535.7 per sec) reads @ Ascaf_42:0-86089
PoolWorker-17 countReadsInRegions_worker: processing 86 (5.9 per sec) @ Ascaf_42:0-86089
PoolWorker-17,  processing 2774 (43218.9 per sec) reads @ Ascaf_145:0-15510
PoolWorker-17 countReadsInRegions_worker: processing 15 (140.8 per sec) @ Ascaf_145:0-15510
PoolWorker-17,  processing 1383234 (36249.2 per sec) reads @ chr13:10000000-15000000
PoolWorker-17 countReadsInRegions_worker: processing 5000 (128.3 per sec) @ chr13:10000000-15000000
PoolWorker-17,  processing 27968 (38284.0 per sec) reads @ Ascaf_129:0-19000
PoolWorker-17 countReadsInRegions_worker: processing 19 (24.5 per sec) @ Ascaf_129:0-19000
PoolWorker-17,  processing 1383542 (36059.7 per sec) reads @ chr12:10000000-15000000
PoolWorker-17 countReadsInRegions_worker: processing 5000 (128.2 per sec) @ chr12:10000000-15000000
PoolWorker-17,  processing 20343 (36795.1 per sec) reads @ Ascaf_166:0-50000
PoolWorker-17 countReadsInRegions_worker: processing 50 (83.8 per sec) @ Ascaf_166:0-50000
PoolWorker-17,  processing 9009 (33721.4 per sec) reads @ Ascaf_93:0-34038
PoolWorker-17 countReadsInRegions_worker: processing 34 (110.0 per sec) @ Ascaf_93:0-34038
PoolWorker-17,  processing 4167 (37446.0 per sec) reads @ Ascaf_147:0-15099
PoolWorker-17 countReadsInRegions_worker: processing 15 (97.5 per sec) @ Ascaf_147:0-15099
PoolWorker-17,  processing 2603 (42252.4 per sec) reads @ Ascaf_151:0-13242
PoolWorker-17 countReadsInRegions_worker: processing 13 (126.5 per sec) @ Ascaf_151:0-13242
PoolWorker-17,  processing 1377244 (36147.2 per sec) reads @ chr9:15000000-20000000
PoolWorker-17 countReadsInRegions_worker: processing 5000 (129.1 per sec) @ chr9:15000000-20000000
PoolWorker-17,  processing 34238 (39084.7 per sec) reads @ Ascaf_107:0-29490
PoolWorker-17 countReadsInRegions_worker: processing 29 (31.0 per sec) @ Ascaf_107:0-29490
PoolWorker-17,  processing 130808 (38937.9 per sec) reads @ Ascaf_96:0-33398
PoolWorker-17 countReadsInRegions_worker: processing 33 (9.6 per sec) @ Ascaf_96:0-33398
PoolWorker-17,  processing 11301 (27279.3 per sec) reads @ Ascaf_69:0-44691
PoolWorker-17 countReadsInRegions_worker: processing 44 (96.0 per sec) @ Ascaf_69:0-44691
PoolWorker-17,  processing 46443 (36176.8 per sec) reads @ Ascaf_75:0-42641
PoolWorker-17 countReadsInRegions_worker: processing 42 (31.2 per sec) @ Ascaf_75:0-42641
PoolWorker-17,  processing 1382494 (36174.7 per sec) reads @ chr12:5000000-10000000
PoolWorker-17 countReadsInRegions_worker: processing 5000 (129.1 per sec) @ chr12:5000000-10000000
PoolWorker-17,  processing 1369926 (45355.7 per sec) reads @ chr15:0-5000000
PoolWorker-17 countReadsInRegions_worker: processing 5000 (163.8 per sec) @ chr15:0-5000000
PoolWorker-17,  processing 7515 (76060.4 per sec) reads @ Ascaf_109:0-28244
PoolWorker-17 countReadsInRegions_worker: processing 28 (260.0 per sec) @ Ascaf_109:0-28244
PoolWorker-17,  processing 1377820 (80433.2 per sec) reads @ chr11:15000000-19299255
PoolWorker-17 countReadsInRegions_worker: processing 4299 (247.4 per sec) @ chr11:15000000-19299255
PoolWorker-31,  processing 1449506 (34671.1 per sec) reads @ chr13:5000000-10000000
PoolWorker-31 countReadsInRegions_worker: processing 5000 (116.7 per sec) @ chr13:5000000-10000000
PoolWorker-31,  processing 156406 (37871.5 per sec) reads @ Ascaf_34:0-101478
PoolWorker-31 countReadsInRegions_worker: processing 101 (23.7 per sec) @ Ascaf_34:0-101478
PoolWorker-31,  processing 159585 (38138.1 per sec) reads @ Ascaf_33:0-106103
PoolWorker-31 countReadsInRegions_worker: processing 106 (24.7 per sec) @ Ascaf_33:0-106103
PoolWorker-31,  processing 9064 (34473.4 per sec) reads @ Ascaf_86:0-37568
PoolWorker-31 countReadsInRegions_worker: processing 37 (121.2 per sec) @ Ascaf_86:0-37568
PoolWorker-31,  processing 74021 (38298.5 per sec) reads @ Ascaf_38:0-95573
PoolWorker-31 countReadsInRegions_worker: processing 95 (47.5 per sec) @ Ascaf_38:0-95573
PoolWorker-31,  processing 2463 (40841.0 per sec) reads @ Ascaf_153:0-10046
PoolWorker-31 countReadsInRegions_worker: processing 10 (87.6 per sec) @ Ascaf_153:0-10046
PoolWorker-31,  processing 10325 (35944.7 per sec) reads @ Ascaf_76:0-42514
PoolWorker-31 countReadsInRegions_worker: processing 42 (127.6 per sec) @ Ascaf_76:0-42514
PoolWorker-31,  processing 1693962 (35724.8 per sec) reads @ chr4:25000000-30000000
PoolWorker-31 countReadsInRegions_worker: processing 5000 (103.4 per sec) @ chr4:25000000-30000000
PoolWorker-31,  processing 8010 (37136.6 per sec) reads @ Ascaf_67:0-40269
PoolWorker-31 countReadsInRegions_worker: processing 40 (155.7 per sec) @ Ascaf_67:0-40269
PoolWorker-31,  processing 2337 (38970.8 per sec) reads @ Ascaf_115:0-24004
PoolWorker-31 countReadsInRegions_worker: processing 24 (238.1 per sec) @ Ascaf_115:0-24004
PoolWorker-31,  processing 1061164 (35404.1 per sec) reads @ chr7:30000000-33914388
PoolWorker-31 countReadsInRegions_worker: processing 3914 (128.5 per sec) @ chr7:30000000-33914388
PoolWorker-31,  processing 1510998 (35667.0 per sec) reads @ chr16:15000000-20000000
PoolWorker-31 countReadsInRegions_worker: processing 5000 (116.1 per sec) @ chr16:15000000-20000000
PoolWorker-31,  processing 61211 (38496.1 per sec) reads @ Ascaf_79:0-41364
PoolWorker-31 countReadsInRegions_worker: processing 41 (24.8 per sec) @ Ascaf_79:0-41364
PoolWorker-31,  processing 51246 (36506.3 per sec) reads @ Ascaf_52:0-64568
PoolWorker-31 countReadsInRegions_worker: processing 64 (43.3 per sec) @ Ascaf_52:0-64568
PoolWorker-31,  processing 486 (66906.2 per sec) reads @ Ascaf_159:0-3139
PoolWorker-31 countReadsInRegions_worker: processing 3 (60.1 per sec) @ Ascaf_159:0-3139
PoolWorker-31,  processing 7500 (23694.1 per sec) reads @ Ascaf_104:0-29894
PoolWorker-31 countReadsInRegions_worker: processing 29 (80.9 per sec) @ Ascaf_104:0-29894
PoolWorker-31,  processing 1734934 (36211.6 per sec) reads @ chr1:20000000-25000000
PoolWorker-31 countReadsInRegions_worker: processing 5000 (102.7 per sec) @ chr1:20000000-25000000
PoolWorker-31,  processing 1857538 (53661.9 per sec) reads @ chr4:20000000-25000000
PoolWorker-31 countReadsInRegions_worker: processing 5000 (142.7 per sec) @ chr4:20000000-25000000
PoolWorker-31,  processing 1308458 (81183.4 per sec) reads @ chr13:20000000-24369283
PoolWorker-31 countReadsInRegions_worker: processing 4369 (266.6 per sec) @ chr13:20000000-24369283
PoolWorker-31,  processing 19911 (87940.7 per sec) reads @ Ascaf_49:0-70996
PoolWorker-31 countReadsInRegions_worker: processing 70 (297.5 per sec) @ Ascaf_49:0-70996
PoolWorker-26,  processing 5259 (29134.8 per sec) reads @ Ascaf_136:0-17062
PoolWorker-26 countReadsInRegions_worker: processing 17 (81.0 per sec) @ Ascaf_136:0-17062
PoolWorker-26,  processing 1395092 (34466.3 per sec) reads @ chr1:10000000-15000000
PoolWorker-26 countReadsInRegions_worker: processing 5000 (120.2 per sec) @ chr1:10000000-15000000
PoolWorker-26,  processing 105117 (35474.9 per sec) reads @ Ascaf_32:0-110405
PoolWorker-26 countReadsInRegions_worker: processing 110 (36.0 per sec) @ Ascaf_32:0-110405
PoolWorker-26,  processing 1629927 (34459.4 per sec) reads @ chr7:20000000-25000000
PoolWorker-26 countReadsInRegions_worker: processing 5000 (103.9 per sec) @ chr7:20000000-25000000
PoolWorker-26,  processing 1439285 (34608.1 per sec) reads @ chr21:10000000-15000000
PoolWorker-26 countReadsInRegions_worker: processing 5000 (118.4 per sec) @ chr21:10000000-15000000
PoolWorker-26,  processing 50826 (35074.8 per sec) reads @ Ascaf_48:0-71747
PoolWorker-26 countReadsInRegions_worker: processing 71 (47.3 per sec) @ Ascaf_48:0-71747
PoolWorker-26,  processing 1312970 (34904.6 per sec) reads @ chr3:15000000-20000000
PoolWorker-26 countReadsInRegions_worker: processing 5000 (130.6 per sec) @ chr3:15000000-20000000
PoolWorker-26,  processing 1469123 (34225.9 per sec) reads @ chr12:0-5000000
PoolWorker-26 countReadsInRegions_worker: processing 5000 (114.5 per sec) @ chr12:0-5000000
PoolWorker-26,  processing 11209 (35505.0 per sec) reads @ Ascaf_94:0-33862
PoolWorker-26 countReadsInRegions_worker: processing 33 (92.2 per sec) @ Ascaf_94:0-33862
PoolWorker-26,  processing 1393829 (39326.8 per sec) reads @ chr18:10000000-15000000
PoolWorker-26 countReadsInRegions_worker: processing 5000 (139.9 per sec) @ chr18:10000000-15000000
PoolWorker-26,  processing 1389451 (75586.4 per sec) reads @ chr1:0-5000000
PoolWorker-26 countReadsInRegions_worker: processing 5000 (267.9 per sec) @ chr1:0-5000000
PoolWorker-26,  processing 767665 (87072.2 per sec) reads @ chr19:15000000-20000000
PoolWorker-26 countReadsInRegions_worker: processing 5000 (558.6 per sec) @ chr19:15000000-20000000
output file: /storage/scratch/iee/dj20y461/Stickleback/Y_comp/Sex_chrom_stats/Read_depths/Gw/depths/Gw12_M.1kb.RPKM.depth
