genome partition size for multiprocessing: 1000000
using 16 processors for 657 number of tasks
Final scaling factor: 0.00830843344296
PoolWorker-30,  processing 1094335 (32406.2 per sec) reads @ chr4:35000000-40000000
PoolWorker-30 countReadsInRegions_worker: processing 5000 (144.9 per sec) @ chr4:35000000-40000000
PoolWorker-30,  processing 27709 (30855.3 per sec) reads @ Ascaf_23:0-264707
PoolWorker-30 countReadsInRegions_worker: processing 264 (275.4 per sec) @ Ascaf_23:0-264707
PoolWorker-30,  processing 2500 (40703.4 per sec) reads @ Ascaf_152:0-12206
PoolWorker-30 countReadsInRegions_worker: processing 12 (116.7 per sec) @ Ascaf_152:0-12206
PoolWorker-30,  processing 1105030 (34220.5 per sec) reads @ chr4:5000000-10000000
PoolWorker-30 countReadsInRegions_worker: processing 5000 (151.6 per sec) @ chr4:5000000-10000000
PoolWorker-30,  processing 1432366 (34894.2 per sec) reads @ chr13:0-5000000
PoolWorker-30 countReadsInRegions_worker: processing 5000 (119.7 per sec) @ chr13:0-5000000
PoolWorker-30,  processing 3909 (42461.9 per sec) reads @ Ascaf_134:0-17659
PoolWorker-30 countReadsInRegions_worker: processing 17 (125.4 per sec) @ Ascaf_134:0-17659
PoolWorker-30,  processing 90 (46057.5 per sec) reads @ Ascaf_165:0-1000
PoolWorker-30 countReadsInRegions_worker: processing 1 (22.3 per sec) @ Ascaf_165:0-1000
PoolWorker-30,  processing 8854 (39812.9 per sec) reads @ Ascaf_78:0-41577
PoolWorker-30 countReadsInRegions_worker: processing 41 (155.5 per sec) @ Ascaf_78:0-41577
PoolWorker-30,  processing 1160878 (35095.5 per sec) reads @ chr13:5000000-10000000
PoolWorker-30 countReadsInRegions_worker: processing 5000 (148.5 per sec) @ chr13:5000000-10000000
PoolWorker-30,  processing 7019 (40564.1 per sec) reads @ Ascaf_101:0-31946
PoolWorker-30 countReadsInRegions_worker: processing 31 (144.2 per sec) @ Ascaf_101:0-31946
PoolWorker-30,  processing 6706 (37993.7 per sec) reads @ Ascaf_99:0-33167
PoolWorker-30 countReadsInRegions_worker: processing 33 (140.9 per sec) @ Ascaf_99:0-33167
PoolWorker-30,  processing 1258107 (34822.2 per sec) reads @ chr18:0-5000000
PoolWorker-30 countReadsInRegions_worker: processing 5000 (136.4 per sec) @ chr18:0-5000000
PoolWorker-29,  processing 1107541 (33433.4 per sec) reads @ chr12:5000000-10000000
PoolWorker-29 countReadsInRegions_worker: processing 5000 (147.6 per sec) @ chr12:5000000-10000000
PoolWorker-29,  processing 1090610 (34614.4 per sec) reads @ chr17:15000000-20000000
PoolWorker-29 countReadsInRegions_worker: processing 5000 (155.2 per sec) @ chr17:15000000-20000000
PoolWorker-29,  processing 16087 (35156.7 per sec) reads @ Ascaf_49:0-70996
PoolWorker-29 countReadsInRegions_worker: processing 70 (139.3 per sec) @ Ascaf_49:0-70996
PoolWorker-29,  processing 21465 (36930.7 per sec) reads @ Ascaf_56:0-58445
PoolWorker-29 countReadsInRegions_worker: processing 58 (92.5 per sec) @ Ascaf_56:0-58445
PoolWorker-29,  processing 161111 (36544.5 per sec) reads @ Ascaf_26:0-156806
PoolWorker-29 countReadsInRegions_worker: processing 156 (34.5 per sec) @ Ascaf_26:0-156806
PoolWorker-29,  processing 1310289 (34522.2 per sec) reads @ chr20:0-5000000
PoolWorker-29 countReadsInRegions_worker: processing 5000 (129.2 per sec) @ chr20:0-5000000
PoolWorker-29,  processing 1276215 (35096.5 per sec) reads @ chr14:0-5000000
PoolWorker-29 countReadsInRegions_worker: processing 5000 (135.1 per sec) @ chr14:0-5000000
PoolWorker-29,  processing 1167966 (34460.4 per sec) reads @ chr1:15000000-20000000
PoolWorker-29 countReadsInRegions_worker: processing 5000 (145.4 per sec) @ chr1:15000000-20000000
PoolWorker-32,  processing 3302 (33597.8 per sec) reads @ Ascaf_167:0-25000
PoolWorker-32 countReadsInRegions_worker: processing 25 (147.4 per sec) @ Ascaf_167:0-25000
PoolWorker-32,  processing 1910 (45503.3 per sec) reads @ Ascaf_115:0-24004
PoolWorker-32 countReadsInRegions_worker: processing 24 (212.5 per sec) @ Ascaf_115:0-24004
PoolWorker-32,  processing 1090276 (33424.9 per sec) reads @ chr2:5000000-10000000
PoolWorker-32 countReadsInRegions_worker: processing 5000 (149.8 per sec) @ chr2:5000000-10000000
PoolWorker-32,  processing 1102698 (33810.4 per sec) reads @ chr14:10000000-15000000
PoolWorker-32 countReadsInRegions_worker: processing 5000 (149.8 per sec) @ chr14:10000000-15000000
PoolWorker-32,  processing 1128985 (34897.6 per sec) reads @ chr4:10000000-15000000
PoolWorker-32 countReadsInRegions_worker: processing 5000 (151.0 per sec) @ chr4:10000000-15000000
PoolWorker-32,  processing 35043 (36907.8 per sec) reads @ Ascaf_114:0-24031
PoolWorker-32 countReadsInRegions_worker: processing 24 (23.8 per sec) @ Ascaf_114:0-24031
PoolWorker-32,  processing 28560 (37230.1 per sec) reads @ Ascaf_73:0-44649
PoolWorker-32 countReadsInRegions_worker: processing 44 (53.2 per sec) @ Ascaf_73:0-44649
PoolWorker-32,  processing 1978549 (33502.4 per sec) reads @ chr19:0-5000000
PoolWorker-32 countReadsInRegions_worker: processing 5000 (83.3 per sec) @ chr19:0-5000000
PoolWorker-32,  processing 3745 (39588.6 per sec) reads @ Ascaf_150:0-13271
PoolWorker-32 countReadsInRegions_worker: processing 13 (94.9 per sec) @ Ascaf_150:0-13271
PoolWorker-32,  processing 47117 (35362.7 per sec) reads @ Ascaf_72:0-46000
PoolWorker-32 countReadsInRegions_worker: processing 46 (33.3 per sec) @ Ascaf_72:0-46000
PoolWorker-32,  processing 1145517 (37620.3 per sec) reads @ chr2:20000000-25000000
PoolWorker-32 countReadsInRegions_worker: processing 5000 (160.7 per sec) @ chr2:20000000-25000000
PoolWorker-32,  processing 64959 (37856.1 per sec) reads @ Ascaf_119:0-22101
PoolWorker-32 countReadsInRegions_worker: processing 22 (10.9 per sec) @ Ascaf_119:0-22101
PoolWorker-27,  processing 113376 (34437.8 per sec) reads @ Ascaf_28:0-145740
PoolWorker-27 countReadsInRegions_worker: processing 145 (42.9 per sec) @ Ascaf_28:0-145740
PoolWorker-27,  processing 6818 (38450.7 per sec) reads @ Ascaf_85:0-37890
PoolWorker-27 countReadsInRegions_worker: processing 37 (152.6 per sec) @ Ascaf_85:0-37890
PoolWorker-27,  processing 1075702 (32916.0 per sec) reads @ chr10:0-5000000
PoolWorker-27 countReadsInRegions_worker: processing 5000 (148.8 per sec) @ chr10:0-5000000
PoolWorker-27,  processing 265254 (36953.2 per sec) reads @ Ascaf_89:0-36000
PoolWorker-27 countReadsInRegions_worker: processing 36 (4.9 per sec) @ Ascaf_89:0-36000
PoolWorker-27,  processing 26819 (32225.0 per sec) reads @ Ascaf_55:0-59833
PoolWorker-27 countReadsInRegions_worker: processing 59 (67.2 per sec) @ Ascaf_55:0-59833
PoolWorker-27,  processing 750594 (33106.0 per sec) reads @ chr18:15000000-18483836
PoolWorker-27 countReadsInRegions_worker: processing 3483 (151.3 per sec) @ chr18:15000000-18483836
PoolWorker-27,  processing 1086783 (33610.1 per sec) reads @ chr8:0-5000000
PoolWorker-27 countReadsInRegions_worker: processing 5000 (151.8 per sec) @ chr8:0-5000000
PoolWorker-27,  processing 7564 (31698.1 per sec) reads @ Ascaf_86:0-37568
PoolWorker-27 countReadsInRegions_worker: processing 37 (131.1 per sec) @ Ascaf_86:0-37568
PoolWorker-27,  processing 12693 (38754.3 per sec) reads @ Ascaf_65:0-47651
PoolWorker-27 countReadsInRegions_worker: processing 47 (122.4 per sec) @ Ascaf_65:0-47651
PoolWorker-27,  processing 1081229 (33138.6 per sec) reads @ chr6:15000000-20000000
PoolWorker-27 countReadsInRegions_worker: processing 5000 (150.3 per sec) @ chr6:15000000-20000000
PoolWorker-27,  processing 1231482 (34405.5 per sec) reads @ chr7:15000000-20000000
PoolWorker-27 countReadsInRegions_worker: processing 5000 (137.8 per sec) @ chr7:15000000-20000000
PoolWorker-27,  processing 1104361 (37568.4 per sec) reads @ chr9:10000000-15000000
PoolWorker-27 countReadsInRegions_worker: processing 5000 (167.3 per sec) @ chr9:10000000-15000000
PoolWorker-25,  processing 31051 (54714.7 per sec) reads @ Ascaf_44:0-77777
PoolWorker-25 countReadsInRegions_worker: processing 77 (125.1 per sec) @ Ascaf_44:0-77777
PoolWorker-25,  processing 94570 (38909.1 per sec) reads @ Ascaf_35:0-99371
PoolWorker-25 countReadsInRegions_worker: processing 99 (39.4 per sec) @ Ascaf_35:0-99371
PoolWorker-25,  processing 10451 (38576.8 per sec) reads @ Ascaf_133:0-49732
PoolWorker-25 countReadsInRegions_worker: processing 49 (145.9 per sec) @ Ascaf_133:0-49732
PoolWorker-25,  processing 8141 (39708.5 per sec) reads @ Ascaf_94:0-33862
PoolWorker-25 countReadsInRegions_worker: processing 33 (120.9 per sec) @ Ascaf_94:0-33862
PoolWorker-25,  processing 14979 (34434.9 per sec) reads @ Ascaf_47:0-72017
PoolWorker-25 countReadsInRegions_worker: processing 72 (145.9 per sec) @ Ascaf_47:0-72017
PoolWorker-25,  processing 56109 (35763.9 per sec) reads @ Ascaf_52:0-64568
PoolWorker-25 countReadsInRegions_worker: processing 64 (38.9 per sec) @ Ascaf_52:0-64568
PoolWorker-25,  processing 1055942 (32961.7 per sec) reads @ chr3:15000000-20000000
PoolWorker-25 countReadsInRegions_worker: processing 5000 (152.6 per sec) @ chr3:15000000-20000000
PoolWorker-25,  processing 1112219 (34675.3 per sec) reads @ chr1:10000000-15000000
PoolWorker-25 countReadsInRegions_worker: processing 5000 (153.1 per sec) @ chr1:10000000-15000000
PoolWorker-25,  processing 39358 (36880.1 per sec) reads @ Ascaf_37:0-98231
PoolWorker-25 countReadsInRegions_worker: processing 98 (86.6 per sec) @ Ascaf_37:0-98231
PoolWorker-25,  processing 541646 (35518.1 per sec) reads @ chr2:25000000-26977752
PoolWorker-25 countReadsInRegions_worker: processing 1977 (127.7 per sec) @ chr2:25000000-26977752
PoolWorker-25,  processing 7811 (40567.8 per sec) reads @ Ascaf_161:0-1000
PoolWorker-25 countReadsInRegions_worker: processing 1 (4.2 per sec) @ Ascaf_161:0-1000
PoolWorker-25,  processing 143916 (36475.0 per sec) reads @ Ascaf_27:0-155775
PoolWorker-25 countReadsInRegions_worker: processing 155 (38.5 per sec) @ Ascaf_27:0-155775
PoolWorker-25,  processing 1198348 (34909.8 per sec) reads @ chr5:10000000-15000000
PoolWorker-25 countReadsInRegions_worker: processing 5000 (143.3 per sec) @ chr5:10000000-15000000
PoolWorker-25,  processing 6645 (39397.4 per sec) reads @ Ascaf_67:0-40269
PoolWorker-25 countReadsInRegions_worker: processing 40 (190.8 per sec) @ Ascaf_67:0-40269
PoolWorker-25,  processing 28369 (35342.8 per sec) reads @ Ascaf_92:0-34608
PoolWorker-25 countReadsInRegions_worker: processing 34 (39.4 per sec) @ Ascaf_92:0-34608
PoolWorker-25,  processing 112681 (37221.7 per sec) reads @ Ascaf_30:0-130979
PoolWorker-25 countReadsInRegions_worker: processing 130 (41.9 per sec) @ Ascaf_30:0-130979
PoolWorker-25,  processing 1170153 (35239.7 per sec) reads @ chr16:0-5000000
PoolWorker-25 countReadsInRegions_worker: processing 5000 (148.5 per sec) @ chr16:0-5000000
PoolWorker-25,  processing 249889 (37292.6 per sec) reads @ Ascaf_53:0-64139
PoolWorker-25 countReadsInRegions_worker: processing 64 (9.4 per sec) @ Ascaf_53:0-64139
PoolWorker-25,  processing 151630 (37277.6 per sec) reads @ Ascaf_74:0-44000
PoolWorker-25 countReadsInRegions_worker: processing 44 (10.6 per sec) @ Ascaf_74:0-44000
PoolWorker-25,  processing 1209863 (41284.7 per sec) reads @ chr3:0-5000000
PoolWorker-25 countReadsInRegions_worker: processing 5000 (168.2 per sec) @ chr3:0-5000000
PoolWorker-22,  processing 1216175 (33746.2 per sec) reads @ chr17:20000000-23682274
PoolWorker-22 countReadsInRegions_worker: processing 3682 (99.9 per sec) @ chr17:20000000-23682274
PoolWorker-22,  processing 1093613 (34793.2 per sec) reads @ chr8:5000000-10000000
PoolWorker-22 countReadsInRegions_worker: processing 5000 (156.2 per sec) @ chr8:5000000-10000000
PoolWorker-22,  processing 79617 (36237.7 per sec) reads @ Ascaf_41:0-90399
PoolWorker-22 countReadsInRegions_worker: processing 90 (39.4 per sec) @ Ascaf_41:0-90399
PoolWorker-22,  processing 10619 (35821.7 per sec) reads @ Ascaf_62:0-52951
PoolWorker-22 countReadsInRegions_worker: processing 52 (152.6 per sec) @ Ascaf_62:0-52951
PoolWorker-22,  processing 7116 (37195.4 per sec) reads @ Ascaf_100:0-32247
PoolWorker-22 countReadsInRegions_worker: processing 32 (136.4 per sec) @ Ascaf_100:0-32247
PoolWorker-22,  processing 268914 (34534.4 per sec) reads @ chr6:20000000-21248438
PoolWorker-22 countReadsInRegions_worker: processing 1248 (157.5 per sec) @ chr6:20000000-21248438
PoolWorker-22,  processing 60863 (36972.6 per sec) reads @ Ascaf_38:0-95573
PoolWorker-22 countReadsInRegions_worker: processing 95 (55.5 per sec) @ Ascaf_38:0-95573
PoolWorker-22,  processing 1080678 (34340.2 per sec) reads @ chr2:0-5000000
PoolWorker-22 countReadsInRegions_worker: processing 5000 (156.5 per sec) @ chr2:0-5000000
PoolWorker-22,  processing 3262 (39064.0 per sec) reads @ Ascaf_148:0-14976
PoolWorker-22 countReadsInRegions_worker: processing 14 (112.9 per sec) @ Ascaf_148:0-14976
PoolWorker-22,  processing 9547 (34483.5 per sec) reads @ Ascaf_80:0-41014
PoolWorker-22 countReadsInRegions_worker: processing 41 (128.5 per sec) @ Ascaf_80:0-41014
PoolWorker-22,  processing 42446 (36805.6 per sec) reads @ Ascaf_129:0-19000
PoolWorker-22 countReadsInRegions_worker: processing 19 (15.5 per sec) @ Ascaf_129:0-19000
PoolWorker-22,  processing 917805 (34224.8 per sec) reads @ chr9:20000000-24303205
PoolWorker-22 countReadsInRegions_worker: processing 4303 (157.6 per sec) @ chr9:20000000-24303205
PoolWorker-22,  processing 1139802 (34941.7 per sec) reads @ chr3:5000000-10000000
PoolWorker-22 countReadsInRegions_worker: processing 5000 (150.8 per sec) @ chr3:5000000-10000000
PoolWorker-22,  processing 25954 (38317.3 per sec) reads @ Ascaf_31:0-121444
PoolWorker-22 countReadsInRegions_worker: processing 121 (164.1 per sec) @ Ascaf_31:0-121444
PoolWorker-22,  processing 8572 (41102.2 per sec) reads @ Ascaf_83:0-38959
PoolWorker-22 countReadsInRegions_worker: processing 38 (150.8 per sec) @ Ascaf_83:0-38959
PoolWorker-22,  processing 8392 (35218.2 per sec) reads @ Ascaf_77:0-41997
PoolWorker-22 countReadsInRegions_worker: processing 41 (145.3 per sec) @ Ascaf_77:0-41997
PoolWorker-22,  processing 1091176 (37944.2 per sec) reads @ chr1:0-5000000
PoolWorker-22 countReadsInRegions_worker: processing 5000 (171.5 per sec) @ chr1:0-5000000
PoolWorker-22,  processing 133984 (43668.7 per sec) reads @ Ascaf_22:0-446888
PoolWorker-22 countReadsInRegions_worker: processing 446 (143.6 per sec) @ Ascaf_22:0-446888
PoolWorker-22,  processing 3406 (70225.3 per sec) reads @ Ascaf_138:0-16696
PoolWorker-22 countReadsInRegions_worker: processing 16 (280.0 per sec) @ Ascaf_138:0-16696
PoolWorker-22,  processing 61366 (57646.7 per sec) reads @ Ascaf_113:0-24387
PoolWorker-22 countReadsInRegions_worker: processing 24 (22.2 per sec) @ Ascaf_113:0-24387
PoolWorker-21,  processing 850450 (32545.3 per sec) reads @ chr7:30000000-33914388
PoolWorker-21 countReadsInRegions_worker: processing 3914 (147.0 per sec) @ chr7:30000000-33914388
PoolWorker-21,  processing 272287 (36983.1 per sec) reads @ Ascaf_45:0-74461
PoolWorker-21 countReadsInRegions_worker: processing 74 (9.8 per sec) @ Ascaf_45:0-74461
PoolWorker-21,  processing 1273143 (34580.3 per sec) reads @ chr17:5000000-10000000
PoolWorker-21 countReadsInRegions_worker: processing 5000 (132.9 per sec) @ chr17:5000000-10000000
PoolWorker-21,  processing 4561 (38685.0 per sec) reads @ Ascaf_60:0-24766
PoolWorker-21 countReadsInRegions_worker: processing 24 (150.4 per sec) @ Ascaf_60:0-24766
PoolWorker-21,  processing 1151731 (34490.2 per sec) reads @ chr9:0-5000000
PoolWorker-21 countReadsInRegions_worker: processing 5000 (147.5 per sec) @ chr9:0-5000000
PoolWorker-21,  processing 6460 (37966.0 per sec) reads @ Ascaf_169:0-50000
PoolWorker-21 countReadsInRegions_worker: processing 50 (234.2 per sec) @ Ascaf_169:0-50000
PoolWorker-21,  processing 11262 (28363.1 per sec) reads @ Ascaf_58:0-57612
PoolWorker-21 countReadsInRegions_worker: processing 57 (132.2 per sec) @ Ascaf_58:0-57612
PoolWorker-21,  processing 119524 (38224.7 per sec) reads @ Ascaf_96:0-33398
PoolWorker-21 countReadsInRegions_worker: processing 33 (10.3 per sec) @ Ascaf_96:0-33398
PoolWorker-21,  processing 2900 (35840.5 per sec) reads @ Ascaf_144:0-15519
PoolWorker-21 countReadsInRegions_worker: processing 15 (120.5 per sec) @ Ascaf_144:0-15519
PoolWorker-21,  processing 1306809 (34265.7 per sec) reads @ chr7:20000000-25000000
PoolWorker-21 countReadsInRegions_worker: processing 5000 (128.9 per sec) @ chr7:20000000-25000000
PoolWorker-21,  processing 1269996 (35131.1 per sec) reads @ chr6:0-5000000
PoolWorker-21 countReadsInRegions_worker: processing 5000 (136.0 per sec) @ chr6:0-5000000
PoolWorker-21,  processing 1110894 (44927.2 per sec) reads @ chr3:10000000-15000000
PoolWorker-21 countReadsInRegions_worker: processing 5000 (199.9 per sec) @ chr3:10000000-15000000
PoolWorker-19,  processing 1172871 (33814.9 per sec) reads @ chr15:10000000-15000000
PoolWorker-19 countReadsInRegions_worker: processing 5000 (141.1 per sec) @ chr15:10000000-15000000
PoolWorker-19,  processing 1113328 (34370.1 per sec) reads @ chr10:5000000-10000000
PoolWorker-19 countReadsInRegions_worker: processing 5000 (151.5 per sec) @ chr10:5000000-10000000
PoolWorker-19,  processing 121775 (36611.0 per sec) reads @ Ascaf_39:0-92659
PoolWorker-19 countReadsInRegions_worker: processing 92 (26.9 per sec) @ Ascaf_39:0-92659
PoolWorker-19,  processing 2934 (35929.9 per sec) reads @ Ascaf_139:0-16678
PoolWorker-19 countReadsInRegions_worker: processing 16 (130.6 per sec) @ Ascaf_139:0-16678
PoolWorker-19,  processing 1463858 (34841.4 per sec) reads @ chr4:20000000-25000000
PoolWorker-19 countReadsInRegions_worker: processing 5000 (116.5 per sec) @ chr4:20000000-25000000
PoolWorker-19,  processing 1169627 (34471.4 per sec) reads @ chr13:15000000-20000000
PoolWorker-19 countReadsInRegions_worker: processing 5000 (145.1 per sec) @ chr13:15000000-20000000
PoolWorker-19,  processing 8899 (36829.3 per sec) reads @ Ascaf_87:0-36937
PoolWorker-19 countReadsInRegions_worker: processing 36 (127.2 per sec) @ Ascaf_87:0-36937
PoolWorker-19,  processing 4212 (18274.4 per sec) reads @ Ascaf_127:0-19159
PoolWorker-19 countReadsInRegions_worker: processing 19 (69.7 per sec) @ Ascaf_127:0-19159
PoolWorker-19,  processing 6650 (35499.6 per sec) reads @ Ascaf_109:0-28244
PoolWorker-19 countReadsInRegions_worker: processing 28 (122.5 per sec) @ Ascaf_109:0-28244
PoolWorker-19,  processing 1161064 (35034.4 per sec) reads @ chr1:25000000-30000000
PoolWorker-19 countReadsInRegions_worker: processing 5000 (148.3 per sec) @ chr1:25000000-30000000
PoolWorker-19,  processing 1383218 (48411.2 per sec) reads @ chr1:20000000-25000000
PoolWorker-19 countReadsInRegions_worker: processing 5000 (173.3 per sec) @ chr1:20000000-25000000
PoolWorker-19,  processing 4483 (72835.2 per sec) reads @ Ascaf_122:0-20728
PoolWorker-19 countReadsInRegions_worker: processing 20 (282.5 per sec) @ Ascaf_122:0-20728
PoolWorker-18,  processing 1109315 (33046.0 per sec) reads @ chr8:10000000-15000000
PoolWorker-18 countReadsInRegions_worker: processing 5000 (145.8 per sec) @ chr8:10000000-15000000
PoolWorker-18,  processing 1396 (41050.3 per sec) reads @ Ascaf_155:0-6589
PoolWorker-18 countReadsInRegions_worker: processing 6 (78.3 per sec) @ Ascaf_155:0-6589
PoolWorker-18,  processing 612167 (34527.3 per sec) reads @ chr19:15000000-20000000
PoolWorker-18 countReadsInRegions_worker: processing 5000 (276.5 per sec) @ chr19:15000000-20000000
PoolWorker-18,  processing 1426 (41884.6 per sec) reads @ Ascaf_154:0-6709
PoolWorker-18 countReadsInRegions_worker: processing 6 (78.6 per sec) @ Ascaf_154:0-6709
PoolWorker-18,  processing 1155113 (34068.3 per sec) reads @ chr21:10000000-15000000
PoolWorker-18 countReadsInRegions_worker: processing 5000 (144.7 per sec) @ chr21:10000000-15000000
PoolWorker-18,  processing 2459 (40764.5 per sec) reads @ Ascaf_102:0-31073
PoolWorker-18 countReadsInRegions_worker: processing 31 (301.1 per sec) @ Ascaf_102:0-31073
PoolWorker-18,  processing 71431 (35945.1 per sec) reads @ Ascaf_90:0-35566
PoolWorker-18 countReadsInRegions_worker: processing 35 (17.1 per sec) @ Ascaf_90:0-35566
PoolWorker-18,  processing 1082294 (33899.7 per sec) reads @ chr7:0-5000000
PoolWorker-18 countReadsInRegions_worker: processing 5000 (154.2 per sec) @ chr7:0-5000000
PoolWorker-18,  processing 1181172 (34916.6 per sec) reads @ chr12:0-5000000
PoolWorker-18 countReadsInRegions_worker: processing 5000 (145.3 per sec) @ chr12:0-5000000
PoolWorker-18,  processing 4512 (30671.8 per sec) reads @ Ascaf_123:0-20153
PoolWorker-18 countReadsInRegions_worker: processing 20 (105.5 per sec) @ Ascaf_123:0-20153
PoolWorker-18,  processing 2462 (40817.0 per sec) reads @ Ascaf_145:0-15510
PoolWorker-18 countReadsInRegions_worker: processing 15 (149.3 per sec) @ Ascaf_145:0-15510
PoolWorker-18,  processing 12081 (37252.6 per sec) reads @ Ascaf_61:0-54508
PoolWorker-18 countReadsInRegions_worker: processing 54 (142.4 per sec) @ Ascaf_61:0-54508
PoolWorker-18,  processing 1091904 (35882.1 per sec) reads @ chr20:5000000-10000000
PoolWorker-18 countReadsInRegions_worker: processing 5000 (163.0 per sec) @ chr20:5000000-10000000
PoolWorker-18,  processing 137736 (37709.0 per sec) reads @ Ascaf_98:0-33222
PoolWorker-18 countReadsInRegions_worker: processing 33 (8.9 per sec) @ Ascaf_98:0-33222
PoolWorker-18,  processing 6184 (36095.1 per sec) reads @ Ascaf_66:0-47454
PoolWorker-18 countReadsInRegions_worker: processing 47 (223.5 per sec) @ Ascaf_66:0-47454
PoolWorker-18,  processing 1090964 (50843.6 per sec) reads @ chr4:0-5000000
PoolWorker-18 countReadsInRegions_worker: processing 5000 (230.2 per sec) @ chr4:0-5000000
PoolWorker-24,  processing 63771 (55111.4 per sec) reads @ Ascaf_107:0-29490
PoolWorker-24 countReadsInRegions_worker: processing 29 (24.3 per sec) @ Ascaf_107:0-29490
PoolWorker-24,  processing 1100239 (33812.0 per sec) reads @ chr2:10000000-15000000
PoolWorker-24 countReadsInRegions_worker: processing 5000 (150.2 per sec) @ chr2:10000000-15000000
PoolWorker-24,  processing 3123 (37963.6 per sec) reads @ Ascaf_147:0-15099
PoolWorker-24 countReadsInRegions_worker: processing 15 (119.6 per sec) @ Ascaf_147:0-15099
PoolWorker-24,  processing 1088419 (35221.1 per sec) reads @ chr11:15000000-19299255
PoolWorker-24 countReadsInRegions_worker: processing 4299 (136.0 per sec) @ chr11:15000000-19299255
PoolWorker-24,  processing 1130222 (34215.7 per sec) reads @ chr4:15000000-20000000
PoolWorker-24 countReadsInRegions_worker: processing 5000 (148.7 per sec) @ chr4:15000000-20000000
PoolWorker-24,  processing 7322 (21458.9 per sec) reads @ Ascaf_93:0-34038
PoolWorker-24 countReadsInRegions_worker: processing 34 (88.4 per sec) @ Ascaf_93:0-34038
PoolWorker-24,  processing 10735 (35325.4 per sec) reads @ Ascaf_63:0-51776
PoolWorker-24 countReadsInRegions_worker: processing 51 (142.1 per sec) @ Ascaf_63:0-51776
PoolWorker-24,  processing 78502 (35994.0 per sec) reads @ chr3:20000000-20313673
PoolWorker-24 countReadsInRegions_worker: processing 313 (139.2 per sec) @ chr3:20000000-20313673
PoolWorker-24,  processing 17791 (35247.5 per sec) reads @ Ascaf_71:0-32519
PoolWorker-24 countReadsInRegions_worker: processing 32 (58.4 per sec) @ Ascaf_71:0-32519
PoolWorker-24,  processing 491429 (33891.3 per sec) reads @ chr19:20000000-23715829
PoolWorker-24 countReadsInRegions_worker: processing 3715 (252.5 per sec) @ chr19:20000000-23715829
PoolWorker-24,  processing 162241 (38004.8 per sec) reads @ Ascaf_33:0-106103
PoolWorker-24 countReadsInRegions_worker: processing 106 (24.3 per sec) @ Ascaf_33:0-106103
PoolWorker-24,  processing 183046 (34221.7 per sec) reads @ chr4:40000000-40647937
PoolWorker-24 countReadsInRegions_worker: processing 647 (118.4 per sec) @ chr4:40000000-40647937
PoolWorker-24,  processing 12735 (36633.6 per sec) reads @ Ascaf_81:0-40000
PoolWorker-24 countReadsInRegions_worker: processing 40 (102.5 per sec) @ Ascaf_81:0-40000
PoolWorker-24,  processing 151775 (35214.8 per sec) reads @ chr15:20000000-20219940
PoolWorker-24 countReadsInRegions_worker: processing 219 (49.5 per sec) @ chr15:20000000-20219940
PoolWorker-24,  processing 3066 (36818.7 per sec) reads @ Ascaf_146:0-15502
PoolWorker-24 countReadsInRegions_worker: processing 15 (121.1 per sec) @ Ascaf_146:0-15502
PoolWorker-24,  processing 5467 (39362.7 per sec) reads @ Ascaf_142:0-15730
PoolWorker-24 countReadsInRegions_worker: processing 15 (83.1 per sec) @ Ascaf_142:0-15730
PoolWorker-24,  processing 1120749 (33932.5 per sec) reads @ chr18:5000000-10000000
PoolWorker-24 countReadsInRegions_worker: processing 5000 (148.8 per sec) @ chr18:5000000-10000000
PoolWorker-24,  processing 5223 (37654.4 per sec) reads @ Ascaf_111:0-25158
PoolWorker-24 countReadsInRegions_worker: processing 25 (137.3 per sec) @ Ascaf_111:0-25158
PoolWorker-24,  processing 21284 (31281.9 per sec) reads @ Ascaf_40:0-90738
PoolWorker-24 countReadsInRegions_worker: processing 90 (124.3 per sec) @ Ascaf_40:0-90738
PoolWorker-24,  processing 56388 (38155.0 per sec) reads @ Ascaf_36:0-98486
PoolWorker-24 countReadsInRegions_worker: processing 98 (64.6 per sec) @ Ascaf_36:0-98486
PoolWorker-24,  processing 87833 (37430.0 per sec) reads @ Ascaf_79:0-41364
PoolWorker-24 countReadsInRegions_worker: processing 41 (17.0 per sec) @ Ascaf_79:0-41364
PoolWorker-24,  processing 1107089 (38318.7 per sec) reads @ chr2:15000000-20000000
PoolWorker-24 countReadsInRegions_worker: processing 5000 (170.1 per sec) @ chr2:15000000-20000000
PoolWorker-24,  processing 790431 (53137.5 per sec) reads @ chr14:15000000-18637407
PoolWorker-24 countReadsInRegions_worker: processing 3637 (240.7 per sec) @ chr14:15000000-18637407
PoolWorker-24,  processing 341 (65491.0 per sec) reads @ Ascaf_157:0-3527
PoolWorker-24 countReadsInRegions_worker: processing 3 (224.5 per sec) @ Ascaf_157:0-3527
PoolWorker-23,  processing 2948 (36115.9 per sec) reads @ Ascaf_82:0-39089
PoolWorker-23 countReadsInRegions_worker: processing 39 (293.8 per sec) @ Ascaf_82:0-39089
PoolWorker-23,  processing 55455 (36522.4 per sec) reads @ Ascaf_124:0-19772
PoolWorker-23 countReadsInRegions_worker: processing 19 (11.9 per sec) @ Ascaf_124:0-19772
PoolWorker-23,  processing 2394 (50606.9 per sec) reads @ Ascaf_143:0-15560
PoolWorker-23 countReadsInRegions_worker: processing 15 (135.7 per sec) @ Ascaf_143:0-15560
PoolWorker-23,  processing 4951 (39548.9 per sec) reads @ Ascaf_117:0-22832
PoolWorker-23 countReadsInRegions_worker: processing 22 (120.7 per sec) @ Ascaf_117:0-22832
PoolWorker-23,  processing 7702 (38179.6 per sec) reads @ Ascaf_91:0-34837
PoolWorker-23 countReadsInRegions_worker: processing 34 (128.5 per sec) @ Ascaf_91:0-34837
PoolWorker-23,  processing 1121983 (33639.7 per sec) reads @ chr6:5000000-10000000
PoolWorker-23 countReadsInRegions_worker: processing 5000 (146.3 per sec) @ chr6:5000000-10000000
PoolWorker-23,  processing 678723 (34134.8 per sec) reads @ chr19:5000000-10000000
PoolWorker-23 countReadsInRegions_worker: processing 5000 (246.2 per sec) @ chr19:5000000-10000000
PoolWorker-23,  processing 48300 (37653.9 per sec) reads @ Ascaf_110:0-27536
PoolWorker-23 countReadsInRegions_worker: processing 27 (20.1 per sec) @ Ascaf_110:0-27536
PoolWorker-23,  processing 30262 (38029.1 per sec) reads @ Ascaf_106:0-29590
PoolWorker-23 countReadsInRegions_worker: processing 29 (34.5 per sec) @ Ascaf_106:0-29590
PoolWorker-23,  processing 53369 (36981.1 per sec) reads @ Ascaf_57:0-58000
PoolWorker-23 countReadsInRegions_worker: processing 58 (38.8 per sec) @ Ascaf_57:0-58000
PoolWorker-23,  processing 1127278 (34269.5 per sec) reads @ chr12:15000000-20000000
PoolWorker-23 countReadsInRegions_worker: processing 5000 (149.2 per sec) @ chr12:15000000-20000000
PoolWorker-23,  processing 12727 (36191.5 per sec) reads @ Ascaf_166:0-50000
PoolWorker-23 countReadsInRegions_worker: processing 50 (122.4 per sec) @ Ascaf_166:0-50000
PoolWorker-23,  processing 1132253 (34280.4 per sec) reads @ chr11:10000000-15000000
PoolWorker-23 countReadsInRegions_worker: processing 5000 (148.7 per sec) @ chr11:10000000-15000000
PoolWorker-23,  processing 1221092 (34550.4 per sec) reads @ chr21:15000000-19873525
PoolWorker-23 countReadsInRegions_worker: processing 4873 (135.8 per sec) @ chr21:15000000-19873525
PoolWorker-23,  processing 1106720 (36184.3 per sec) reads @ chr9:15000000-20000000
PoolWorker-23 countReadsInRegions_worker: processing 5000 (160.9 per sec) @ chr9:15000000-20000000
PoolWorker-23,  processing 1088818 (48157.8 per sec) reads @ chr5:5000000-10000000
PoolWorker-23 countReadsInRegions_worker: processing 5000 (219.0 per sec) @ chr5:5000000-10000000
PoolWorker-17,  processing 1111564 (33209.0 per sec) reads @ chr16:10000000-15000000
PoolWorker-17 countReadsInRegions_worker: processing 5000 (146.1 per sec) @ chr16:10000000-15000000
PoolWorker-17,  processing 6588 (39258.5 per sec) reads @ Ascaf_88:0-36907
PoolWorker-17 countReadsInRegions_worker: processing 36 (170.5 per sec) @ Ascaf_88:0-36907
PoolWorker-17,  processing 886677 (34251.8 per sec) reads @ chr1:30000000-33917795
PoolWorker-17 countReadsInRegions_worker: processing 3917 (148.5 per sec) @ chr1:30000000-33917795
PoolWorker-17,  processing 1120392 (35200.2 per sec) reads @ chr8:15000000-20000000
PoolWorker-17 countReadsInRegions_worker: processing 5000 (153.8 per sec) @ chr8:15000000-20000000
PoolWorker-17,  processing 3899 (47141.1 per sec) reads @ Ascaf_135:0-17087
PoolWorker-17 countReadsInRegions_worker: processing 17 (141.9 per sec) @ Ascaf_135:0-17087
PoolWorker-17,  processing 5418 (43090.0 per sec) reads @ Ascaf_126:0-19574
PoolWorker-17 countReadsInRegions_worker: processing 19 (113.2 per sec) @ Ascaf_126:0-19574
PoolWorker-17,  processing 340301 (36530.5 per sec) reads @ Ascaf_25:0-178627
PoolWorker-17 countReadsInRegions_worker: processing 178 (18.8 per sec) @ Ascaf_25:0-178627
PoolWorker-17,  processing 1035930 (34500.3 per sec) reads @ chr21:0-5000000
PoolWorker-17 countReadsInRegions_worker: processing 5000 (163.5 per sec) @ chr21:0-5000000
PoolWorker-17,  processing 92967 (37411.0 per sec) reads @ Ascaf_48:0-71747
PoolWorker-17 countReadsInRegions_worker: processing 71 (27.9 per sec) @ Ascaf_48:0-71747
PoolWorker-17,  processing 6365 (31471.4 per sec) reads @ Ascaf_104:0-29894
PoolWorker-17 countReadsInRegions_worker: processing 29 (118.7 per sec) @ Ascaf_104:0-29894
PoolWorker-17,  processing 1086945 (34473.2 per sec) reads @ chr21:5000000-10000000
PoolWorker-17 countReadsInRegions_worker: processing 5000 (156.2 per sec) @ chr21:5000000-10000000
PoolWorker-17,  processing 3952 (36395.5 per sec) reads @ Ascaf_136:0-17062
PoolWorker-17 countReadsInRegions_worker: processing 17 (124.9 per sec) @ Ascaf_136:0-17062
PoolWorker-17,  processing 1117613 (37490.6 per sec) reads @ chr16:5000000-10000000
PoolWorker-17 countReadsInRegions_worker: processing 5000 (166.0 per sec) @ chr16:5000000-10000000
PoolWorker-17,  processing 1017099 (55126.2 per sec) reads @ chr10:15000000-19005646
PoolWorker-17 countReadsInRegions_worker: processing 4005 (214.4 per sec) @ chr10:15000000-19005646
PoolWorker-17,  processing 39517 (75058.3 per sec) reads @ Ascaf_24:0-187591
PoolWorker-17 countReadsInRegions_worker: processing 187 (346.0 per sec) @ Ascaf_24:0-187591
PoolWorker-17,  processing 15342 (70051.9 per sec) reads @ Ascaf_51:0-70629
PoolWorker-17 countReadsInRegions_worker: processing 70 (305.9 per sec) @ Ascaf_51:0-70629
PoolWorker-20,  processing 44527 (34031.0 per sec) reads @ Ascaf_29:0-143722
PoolWorker-20 countReadsInRegions_worker: processing 143 (107.9 per sec) @ Ascaf_29:0-143722
PoolWorker-20,  processing 1163370 (34088.8 per sec) reads @ chr15:15000000-20000000
PoolWorker-20 countReadsInRegions_worker: processing 5000 (143.1 per sec) @ chr15:15000000-20000000
PoolWorker-20,  processing 1100587 (34344.5 per sec) reads @ chr7:5000000-10000000
PoolWorker-20 countReadsInRegions_worker: processing 5000 (153.4 per sec) @ chr7:5000000-10000000
PoolWorker-20,  processing 9283 (27255.4 per sec) reads @ Ascaf_69:0-44691
PoolWorker-20 countReadsInRegions_worker: processing 44 (114.5 per sec) @ Ascaf_69:0-44691
PoolWorker-20,  processing 213 (58517.5 per sec) reads @ Ascaf_162:0-1000
PoolWorker-20 countReadsInRegions_worker: processing 1 (21.8 per sec) @ Ascaf_162:0-1000
PoolWorker-20,  processing 95190 (37159.2 per sec) reads @ Ascaf_50:0-70692
PoolWorker-20 countReadsInRegions_worker: processing 70 (26.5 per sec) @ Ascaf_50:0-70692
PoolWorker-20,  processing 1114879 (34360.0 per sec) reads @ chr18:10000000-15000000
PoolWorker-20 countReadsInRegions_worker: processing 5000 (151.6 per sec) @ chr18:10000000-15000000
PoolWorker-20,  processing 4520 (44616.4 per sec) reads @ Ascaf_125:0-19664
PoolWorker-20 countReadsInRegions_worker: processing 19 (133.4 per sec) @ Ascaf_125:0-19664
PoolWorker-20,  processing 78363 (35492.7 per sec) reads @ Ascaf_34:0-101478
PoolWorker-20 countReadsInRegions_worker: processing 101 (44.4 per sec) @ Ascaf_34:0-101478
PoolWorker-20,  processing 1109643 (35065.9 per sec) reads @ chr7:10000000-15000000
PoolWorker-20 countReadsInRegions_worker: processing 5000 (155.2 per sec) @ chr7:10000000-15000000
PoolWorker-20,  processing 3696 (39665.1 per sec) reads @ Ascaf_131:0-18319
PoolWorker-20 countReadsInRegions_worker: processing 18 (134.0 per sec) @ Ascaf_131:0-18319
PoolWorker-20,  processing 190019 (37350.6 per sec) reads @ Ascaf_43:0-83995
PoolWorker-20 countReadsInRegions_worker: processing 83 (16.0 per sec) @ Ascaf_43:0-83995
PoolWorker-20,  processing 805 (70140.3 per sec) reads @ Ascaf_158:0-3231
PoolWorker-20 countReadsInRegions_worker: processing 3 (57.9 per sec) @ Ascaf_158:0-3231
PoolWorker-20,  processing 1100839 (34583.9 per sec) reads @ chr1:5000000-10000000
PoolWorker-20 countReadsInRegions_worker: processing 5000 (154.7 per sec) @ chr1:5000000-10000000
PoolWorker-20,  processing 193 (48592.4 per sec) reads @ Ascaf_163:0-1000
PoolWorker-20 countReadsInRegions_worker: processing 1 (26.1 per sec) @ Ascaf_163:0-1000
PoolWorker-20,  processing 2234 (51092.0 per sec) reads @ Ascaf_128:0-19120
PoolWorker-20 countReadsInRegions_worker: processing 19 (225.1 per sec) @ Ascaf_128:0-19120
PoolWorker-20,  processing 44875 (34734.3 per sec) reads @ Ascaf_75:0-42641
PoolWorker-20 countReadsInRegions_worker: processing 42 (31.0 per sec) @ Ascaf_75:0-42641
PoolWorker-20,  processing 1065655 (39810.8 per sec) reads @ chr7:25000000-30000000
PoolWorker-20 countReadsInRegions_worker: processing 5000 (183.5 per sec) @ chr7:25000000-30000000
PoolWorker-20,  processing 3059 (72304.6 per sec) reads @ Ascaf_149:0-13452
PoolWorker-20 countReadsInRegions_worker: processing 13 (255.3 per sec) @ Ascaf_149:0-13452
PoolWorker-20,  processing 1110403 (67097.1 per sec) reads @ chr12:10000000-15000000
PoolWorker-20 countReadsInRegions_worker: processing 5000 (297.8 per sec) @ chr12:10000000-15000000
PoolWorker-31,  processing 650976 (33147.3 per sec) reads @ chr19:10000000-15000000
PoolWorker-31 countReadsInRegions_worker: processing 5000 (249.5 per sec) @ chr19:10000000-15000000
PoolWorker-31,  processing 1115197 (33898.4 per sec) reads @ chr13:10000000-15000000
PoolWorker-31 countReadsInRegions_worker: processing 5000 (149.0 per sec) @ chr13:10000000-15000000
PoolWorker-31,  processing 5182 (37970.0 per sec) reads @ Ascaf_118:0-22120
PoolWorker-31 countReadsInRegions_worker: processing 22 (122.3 per sec) @ Ascaf_118:0-22120
PoolWorker-31,  processing 3305 (37187.9 per sec) reads @ Ascaf_130:0-18457
PoolWorker-31 countReadsInRegions_worker: processing 18 (139.0 per sec) @ Ascaf_130:0-18457
PoolWorker-31,  processing 4486 (39150.7 per sec) reads @ Ascaf_121:0-21431
PoolWorker-31 countReadsInRegions_worker: processing 21 (134.3 per sec) @ Ascaf_121:0-21431
PoolWorker-31,  processing 793873 (34509.8 per sec) reads @ chr20:20000000-22998664
PoolWorker-31 countReadsInRegions_worker: processing 2998 (127.8 per sec) @ chr20:20000000-22998664
PoolWorker-31,  processing 28065 (37057.8 per sec) reads @ Ascaf_105:0-29809
PoolWorker-31 countReadsInRegions_worker: processing 29 (36.2 per sec) @ Ascaf_105:0-29809
PoolWorker-31,  processing 1035173 (33553.4 per sec) reads @ chr13:20000000-24369283
PoolWorker-31 countReadsInRegions_worker: processing 4369 (139.0 per sec) @ chr13:20000000-24369283
PoolWorker-31,  processing 3615 (40634.4 per sec) reads @ Ascaf_141:0-15738
PoolWorker-31 countReadsInRegions_worker: processing 15 (115.3 per sec) @ Ascaf_141:0-15738
PoolWorker-31,  processing 1091573 (34020.2 per sec) reads @ chr15:0-5000000
PoolWorker-31 countReadsInRegions_worker: processing 5000 (153.9 per sec) @ chr15:0-5000000
PoolWorker-31,  processing 4957 (28531.8 per sec) reads @ Ascaf_112:0-24428
PoolWorker-31 countReadsInRegions_worker: processing 24 (131.4 per sec) @ Ascaf_112:0-24428
PoolWorker-31,  processing 865575 (35088.2 per sec) reads @ chr8:20000000-23122080
PoolWorker-31 countReadsInRegions_worker: processing 3122 (124.7 per sec) @ chr8:20000000-23122080
PoolWorker-31,  processing 1189471 (36410.7 per sec) reads @ chr16:15000000-20000000
PoolWorker-31 countReadsInRegions_worker: processing 5000 (151.9 per sec) @ chr16:15000000-20000000
PoolWorker-31,  processing 1150396 (56197.3 per sec) reads @ chr5:0-5000000
PoolWorker-31 countReadsInRegions_worker: processing 5000 (241.7 per sec) @ chr5:0-5000000
PoolWorker-31,  processing 1281 (76122.9 per sec) reads @ Ascaf_156:0-5652
PoolWorker-31 countReadsInRegions_worker: processing 5 (205.2 per sec) @ Ascaf_156:0-5652
PoolWorker-31,  processing 400087 (81896.0 per sec) reads @ Ascaf_42:0-86089
PoolWorker-31 countReadsInRegions_worker: processing 86 (17.3 per sec) @ Ascaf_42:0-86089
PoolWorker-28,  processing 20787 (38042.2 per sec) reads @ Ascaf_84:0-38148
PoolWorker-28 countReadsInRegions_worker: processing 38 (63.5 per sec) @ Ascaf_84:0-38148
PoolWorker-28,  processing 8574 (38016.8 per sec) reads @ Ascaf_76:0-42514
PoolWorker-28 countReadsInRegions_worker: processing 42 (145.6 per sec) @ Ascaf_76:0-42514
PoolWorker-28,  processing 3462 (31790.9 per sec) reads @ Ascaf_168:0-25000
PoolWorker-28 countReadsInRegions_worker: processing 25 (155.2 per sec) @ Ascaf_168:0-25000
PoolWorker-28,  processing 90495 (35186.6 per sec) reads @ Ascaf_120:0-22000
PoolWorker-28 countReadsInRegions_worker: processing 22 (8.3 per sec) @ Ascaf_120:0-22000
PoolWorker-28,  processing 1100797 (33543.6 per sec) reads @ chr17:0-5000000
PoolWorker-28 countReadsInRegions_worker: processing 5000 (148.5 per sec) @ chr17:0-5000000
PoolWorker-28,  processing 5877 (37938.2 per sec) reads @ Ascaf_108:0-29345
PoolWorker-28 countReadsInRegions_worker: processing 29 (148.0 per sec) @ Ascaf_108:0-29345
PoolWorker-28,  processing 1113986 (34289.6 per sec) reads @ chr20:10000000-15000000
PoolWorker-28 countReadsInRegions_worker: processing 5000 (150.7 per sec) @ chr20:10000000-15000000
PoolWorker-28,  processing 2003 (36425.6 per sec) reads @ Ascaf_151:0-13242
PoolWorker-28 countReadsInRegions_worker: processing 13 (135.5 per sec) @ Ascaf_151:0-13242
PoolWorker-28,  processing 2162 (38059.5 per sec) reads @ Ascaf_140:0-15786
PoolWorker-28 countReadsInRegions_worker: processing 15 (157.6 per sec) @ Ascaf_140:0-15786
PoolWorker-28,  processing 1128364 (34035.7 per sec) reads @ chr4:30000000-35000000
PoolWorker-28 countReadsInRegions_worker: processing 5000 (147.9 per sec) @ chr4:30000000-35000000
PoolWorker-28,  processing 335 (55288.1 per sec) reads @ Ascaf_164:0-1000
PoolWorker-28 countReadsInRegions_worker: processing 1 (21.3 per sec) @ Ascaf_164:0-1000
PoolWorker-28,  processing 3025 (37129.4 per sec) reads @ Ascaf_116:0-22916
PoolWorker-28 countReadsInRegions_worker: processing 22 (179.8 per sec) @ Ascaf_116:0-22916
PoolWorker-28,  processing 349 (66935.5 per sec) reads @ Ascaf_160:0-2000
PoolWorker-28 countReadsInRegions_worker: processing 2 (43.7 per sec) @ Ascaf_160:0-2000
PoolWorker-28,  processing 1333074 (33759.1 per sec) reads @ chr4:25000000-30000000
PoolWorker-28 countReadsInRegions_worker: processing 5000 (124.7 per sec) @ chr4:25000000-30000000
PoolWorker-28,  processing 45197 (36247.0 per sec) reads @ Ascaf_64:0-51000
PoolWorker-28 countReadsInRegions_worker: processing 51 (38.9 per sec) @ Ascaf_64:0-51000
PoolWorker-28,  processing 1153488 (35216.6 per sec) reads @ chr10:10000000-15000000
PoolWorker-28 countReadsInRegions_worker: processing 5000 (150.3 per sec) @ chr10:10000000-15000000
PoolWorker-28,  processing 1416852 (45441.8 per sec) reads @ chr14:5000000-10000000
PoolWorker-28 countReadsInRegions_worker: processing 5000 (158.4 per sec) @ chr14:5000000-10000000
PoolWorker-28,  processing 1133601 (72711.8 per sec) reads @ chr9:5000000-10000000
PoolWorker-28 countReadsInRegions_worker: processing 5000 (316.0 per sec) @ chr9:5000000-10000000
PoolWorker-28,  processing 85243 (85341.8 per sec) reads @ Ascaf_32:0-110405
PoolWorker-28 countReadsInRegions_worker: processing 110 (108.0 per sec) @ Ascaf_32:0-110405
PoolWorker-28,  processing 10207 (83829.6 per sec) reads @ Ascaf_68:0-47437
PoolWorker-28 countReadsInRegions_worker: processing 47 (362.2 per sec) @ Ascaf_68:0-47437
PoolWorker-26,  processing 355 (14598.8 per sec) reads @ Ascaf_159:0-3139
PoolWorker-26 countReadsInRegions_worker: processing 3 (70.8 per sec) @ Ascaf_159:0-3139
PoolWorker-26,  processing 6081 (25122.0 per sec) reads @ Ascaf_54:0-60000
PoolWorker-26 countReadsInRegions_worker: processing 60 (210.7 per sec) @ Ascaf_54:0-60000
PoolWorker-26,  processing 4211 (27936.2 per sec) reads @ Ascaf_132:0-17867
PoolWorker-26 countReadsInRegions_worker: processing 17 (83.7 per sec) @ Ascaf_132:0-17867
PoolWorker-26,  processing 12573 (38865.8 per sec) reads @ Ascaf_59:0-57475
PoolWorker-26 countReadsInRegions_worker: processing 57 (151.0 per sec) @ Ascaf_59:0-57475
PoolWorker-26,  processing 1083435 (32864.1 per sec) reads @ chr11:0-5000000
PoolWorker-26 countReadsInRegions_worker: processing 5000 (148.4 per sec) @ chr11:0-5000000
PoolWorker-26,  processing 1122530 (34327.4 per sec) reads @ chr6:10000000-15000000
PoolWorker-26 countReadsInRegions_worker: processing 5000 (149.5 per sec) @ chr6:10000000-15000000
PoolWorker-26,  processing 469113 (37208.6 per sec) reads @ chr16:20000000-22188971
PoolWorker-26 countReadsInRegions_worker: processing 2188 (170.3 per sec) @ chr16:20000000-22188971
PoolWorker-26,  processing 5088 (37062.7 per sec) reads @ Ascaf_95:0-33544
PoolWorker-26 countReadsInRegions_worker: processing 33 (186.4 per sec) @ Ascaf_95:0-33544
PoolWorker-26,  processing 4591 (33925.5 per sec) reads @ Ascaf_97:0-33357
PoolWorker-26 countReadsInRegions_worker: processing 33 (187.8 per sec) @ Ascaf_97:0-33357
PoolWorker-26,  processing 38031 (34977.4 per sec) reads @ Ascaf_137:0-17000
PoolWorker-26 countReadsInRegions_worker: processing 17 (15.0 per sec) @ Ascaf_137:0-17000
PoolWorker-26,  processing 5251 (38161.0 per sec) reads @ Ascaf_103:0-30986
PoolWorker-26 countReadsInRegions_worker: processing 30 (168.1 per sec) @ Ascaf_103:0-30986
PoolWorker-26,  processing 809276 (35119.6 per sec) reads @ chr12:20000000-23704847
PoolWorker-26 countReadsInRegions_worker: processing 3704 (157.9 per sec) @ chr12:20000000-23704847
PoolWorker-26,  processing 10374 (36265.7 per sec) reads @ Ascaf_70:0-46916
PoolWorker-26 countReadsInRegions_worker: processing 46 (138.1 per sec) @ Ascaf_70:0-46916
PoolWorker-26,  processing 2128 (44154.7 per sec) reads @ Ascaf_153:0-10046
PoolWorker-26 countReadsInRegions_worker: processing 10 (112.3 per sec) @ Ascaf_153:0-10046
PoolWorker-26,  processing 20915 (35921.7 per sec) reads @ Ascaf_46:0-73387
PoolWorker-26 countReadsInRegions_worker: processing 73 (116.7 per sec) @ Ascaf_46:0-73387
PoolWorker-26,  processing 1122867 (33688.9 per sec) reads @ chr11:5000000-10000000
PoolWorker-26 countReadsInRegions_worker: processing 5000 (147.3 per sec) @ chr11:5000000-10000000
PoolWorker-26,  processing 1195695 (34551.5 per sec) reads @ chr17:10000000-15000000
PoolWorker-26 countReadsInRegions_worker: processing 5000 (142.4 per sec) @ chr17:10000000-15000000
PoolWorker-26,  processing 996024 (37008.2 per sec) reads @ chr5:15000000-18670498
PoolWorker-26 countReadsInRegions_worker: processing 3670 (135.2 per sec) @ chr5:15000000-18670498
PoolWorker-26,  processing 1112451 (65382.5 per sec) reads @ chr15:5000000-10000000
PoolWorker-26 countReadsInRegions_worker: processing 5000 (290.4 per sec) @ chr15:5000000-10000000
PoolWorker-26,  processing 1098183 (81591.9 per sec) reads @ chr20:15000000-20000000
PoolWorker-26 countReadsInRegions_worker: processing 5000 (366.9 per sec) @ chr20:15000000-20000000
output file: /storage/scratch/iee/dj20y461/Stickleback/Y_comp/Sex_chrom_stats/Read_depths/Gw/depths/Gw16_M.1kb.RPKM.depth
