genome partition size for multiprocessing: 1000000
using 16 processors for 657 number of tasks
Final scaling factor: 0.0284438586779
PoolWorker-29,  processing 433906 (31781.0 per sec) reads @ chr4:20000000-25000000
PoolWorker-29 countReadsInRegions_worker: processing 5000 (357.5 per sec) @ chr4:20000000-25000000
PoolWorker-29,  processing 450 (62902.0 per sec) reads @ Ascaf_151:0-13242
PoolWorker-29 countReadsInRegions_worker: processing 13 (138.9 per sec) @ Ascaf_151:0-13242
PoolWorker-29,  processing 334996 (32600.8 per sec) reads @ chr9:5000000-10000000
PoolWorker-29 countReadsInRegions_worker: processing 5000 (478.0 per sec) @ chr9:5000000-10000000
PoolWorker-29,  processing 338471 (33471.5 per sec) reads @ chr1:10000000-15000000
PoolWorker-29 countReadsInRegions_worker: processing 5000 (484.8 per sec) @ chr1:10000000-15000000
PoolWorker-29,  processing 1271 (40040.3 per sec) reads @ Ascaf_102:0-31073
PoolWorker-29 countReadsInRegions_worker: processing 31 (377.5 per sec) @ Ascaf_102:0-31073
PoolWorker-29,  processing 338322 (33108.9 per sec) reads @ chr13:10000000-15000000
PoolWorker-29 countReadsInRegions_worker: processing 5000 (481.7 per sec) @ chr13:10000000-15000000
PoolWorker-29,  processing 329800 (32854.5 per sec) reads @ chr15:5000000-10000000
PoolWorker-29 countReadsInRegions_worker: processing 5000 (487.3 per sec) @ chr15:5000000-10000000
PoolWorker-29,  processing 2782 (41426.0 per sec) reads @ Ascaf_87:0-36937
PoolWorker-29 countReadsInRegions_worker: processing 36 (335.7 per sec) @ Ascaf_87:0-36937
PoolWorker-22,  processing 24927 (33679.6 per sec) reads @ Ascaf_32:0-110405
PoolWorker-22 countReadsInRegions_worker: processing 110 (142.2 per sec) @ Ascaf_32:0-110405
PoolWorker-22,  processing 31573 (34551.7 per sec) reads @ Ascaf_28:0-145740
PoolWorker-22 countReadsInRegions_worker: processing 145 (146.3 per sec) @ Ascaf_28:0-145740
PoolWorker-22,  processing 13550 (33499.0 per sec) reads @ Ascaf_72:0-46000
PoolWorker-22 countReadsInRegions_worker: processing 46 (98.1 per sec) @ Ascaf_72:0-46000
PoolWorker-22,  processing 336559 (31900.1 per sec) reads @ chr4:30000000-35000000
PoolWorker-22 countReadsInRegions_worker: processing 5000 (464.5 per sec) @ chr4:30000000-35000000
PoolWorker-22,  processing 324933 (31364.0 per sec) reads @ chr20:15000000-20000000
PoolWorker-22 countReadsInRegions_worker: processing 5000 (472.9 per sec) @ chr20:15000000-20000000
PoolWorker-22,  processing 2373 (46091.0 per sec) reads @ Ascaf_63:0-51776
PoolWorker-22 countReadsInRegions_worker: processing 51 (480.3 per sec) @ Ascaf_63:0-51776
PoolWorker-22,  processing 4799 (35493.7 per sec) reads @ Ascaf_55:0-59833
PoolWorker-22 countReadsInRegions_worker: processing 59 (334.1 per sec) @ Ascaf_55:0-59833
PoolWorker-22,  processing 80 (34645.8 per sec) reads @ Ascaf_163:0-1000
PoolWorker-22 countReadsInRegions_worker: processing 1 (23.9 per sec) @ Ascaf_163:0-1000
PoolWorker-22,  processing 343537 (32735.1 per sec) reads @ chr20:10000000-15000000
PoolWorker-22 countReadsInRegions_worker: processing 5000 (468.0 per sec) @ chr20:10000000-15000000
PoolWorker-22,  processing 2232 (37277.1 per sec) reads @ Ascaf_69:0-44691
PoolWorker-22 countReadsInRegions_worker: processing 44 (404.0 per sec) @ Ascaf_69:0-44691
PoolWorker-22,  processing 50976 (35049.6 per sec) reads @ Ascaf_45:0-74461
PoolWorker-22 countReadsInRegions_worker: processing 74 (48.8 per sec) @ Ascaf_45:0-74461
PoolWorker-22,  processing 360025 (33212.8 per sec) reads @ chr18:0-5000000
PoolWorker-22 countReadsInRegions_worker: processing 5000 (454.9 per sec) @ chr18:0-5000000
PoolWorker-22,  processing 199397 (31905.6 per sec) reads @ chr19:10000000-15000000
PoolWorker-22 countReadsInRegions_worker: processing 5000 (785.8 per sec) @ chr19:10000000-15000000
PoolWorker-22,  processing 241279 (37802.7 per sec) reads @ chr12:20000000-23704847
PoolWorker-22 countReadsInRegions_worker: processing 3704 (572.3 per sec) @ chr12:20000000-23704847
PoolWorker-22,  processing 51095 (68993.2 per sec) reads @ Ascaf_98:0-33222
PoolWorker-22 countReadsInRegions_worker: processing 33 (43.7 per sec) @ Ascaf_98:0-33222
PoolWorker-22,  processing 4611 (68406.4 per sec) reads @ Ascaf_105:0-29809
PoolWorker-22 countReadsInRegions_worker: processing 29 (387.0 per sec) @ Ascaf_105:0-29809
PoolWorker-21,  processing 306613 (32315.5 per sec) reads @ chr11:15000000-19299255
PoolWorker-21 countReadsInRegions_worker: processing 4299 (443.2 per sec) @ chr11:15000000-19299255
PoolWorker-21,  processing 1649 (45912.9 per sec) reads @ Ascaf_142:0-15730
PoolWorker-21 countReadsInRegions_worker: processing 15 (154.7 per sec) @ Ascaf_142:0-15730
PoolWorker-21,  processing 828 (64646.7 per sec) reads @ Ascaf_138:0-16696
PoolWorker-21 countReadsInRegions_worker: processing 16 (221.8 per sec) @ Ascaf_138:0-16696
PoolWorker-21,  processing 314727 (30768.0 per sec) reads @ chr1:0-5000000
PoolWorker-21 countReadsInRegions_worker: processing 5000 (478.9 per sec) @ chr1:0-5000000
PoolWorker-21,  processing 334247 (31624.4 per sec) reads @ chr16:5000000-10000000
PoolWorker-21 countReadsInRegions_worker: processing 5000 (465.2 per sec) @ chr16:5000000-10000000
PoolWorker-21,  processing 326389 (33977.7 per sec) reads @ chr14:10000000-15000000
PoolWorker-21 countReadsInRegions_worker: processing 5000 (511.2 per sec) @ chr14:10000000-15000000
PoolWorker-21,  processing 1242 (60245.0 per sec) reads @ Ascaf_134:0-17659
PoolWorker-21 countReadsInRegions_worker: processing 17 (273.4 per sec) @ Ascaf_134:0-17659
PoolWorker-21,  processing 2052 (32208.5 per sec) reads @ Ascaf_104:0-29894
PoolWorker-21 countReadsInRegions_worker: processing 29 (288.9 per sec) @ Ascaf_104:0-29894
PoolWorker-21,  processing 461553 (33075.5 per sec) reads @ chr13:0-5000000
PoolWorker-21 countReadsInRegions_worker: processing 5000 (350.9 per sec) @ chr13:0-5000000
PoolWorker-21,  processing 3913 (40828.1 per sec) reads @ Ascaf_47:0-72017
PoolWorker-21 countReadsInRegions_worker: processing 72 (577.5 per sec) @ Ascaf_47:0-72017
PoolWorker-21,  processing 9081 (37213.6 per sec) reads @ Ascaf_79:0-41364
PoolWorker-21 countReadsInRegions_worker: processing 41 (143.1 per sec) @ Ascaf_79:0-41364
PoolWorker-21,  processing 1291 (36768.2 per sec) reads @ Ascaf_125:0-19664
PoolWorker-21 countReadsInRegions_worker: processing 19 (229.9 per sec) @ Ascaf_125:0-19664
PoolWorker-25,  processing 2961 (49444.0 per sec) reads @ Ascaf_133:0-49732
PoolWorker-25 countReadsInRegions_worker: processing 49 (578.5 per sec) @ Ascaf_133:0-49732
PoolWorker-25,  processing 7240 (42159.4 per sec) reads @ Ascaf_40:0-90738
PoolWorker-25 countReadsInRegions_worker: processing 90 (432.1 per sec) @ Ascaf_40:0-90738
PoolWorker-25,  processing 5358 (37800.3 per sec) reads @ Ascaf_161:0-1000
PoolWorker-25 countReadsInRegions_worker: processing 1 (4.9 per sec) @ Ascaf_161:0-1000
PoolWorker-25,  processing 798 (61036.4 per sec) reads @ Ascaf_130:0-18457
PoolWorker-25 countReadsInRegions_worker: processing 18 (267.7 per sec) @ Ascaf_130:0-18457
PoolWorker-25,  processing 3948 (36666.2 per sec) reads @ Ascaf_166:0-50000
PoolWorker-25 countReadsInRegions_worker: processing 50 (302.6 per sec) @ Ascaf_166:0-50000
PoolWorker-25,  processing 143 (52150.7 per sec) reads @ Ascaf_158:0-3231
PoolWorker-25 countReadsInRegions_worker: processing 3 (47.2 per sec) @ Ascaf_158:0-3231
PoolWorker-25,  processing 92 (53364.1 per sec) reads @ Ascaf_159:0-3139
PoolWorker-25 countReadsInRegions_worker: processing 3 (49.4 per sec) @ Ascaf_159:0-3139
PoolWorker-25,  processing 6918 (39790.8 per sec) reads @ Ascaf_59:0-57475
PoolWorker-25 countReadsInRegions_worker: processing 57 (244.4 per sec) @ Ascaf_59:0-57475
PoolWorker-25,  processing 328737 (32384.2 per sec) reads @ chr8:5000000-10000000
PoolWorker-25 countReadsInRegions_worker: processing 5000 (485.3 per sec) @ chr8:5000000-10000000
PoolWorker-25,  processing 561 (55765.0 per sec) reads @ Ascaf_145:0-15510
PoolWorker-25 countReadsInRegions_worker: processing 15 (874.4 per sec) @ Ascaf_145:0-15510
PoolWorker-25,  processing 1455 (66275.5 per sec) reads @ Ascaf_112:0-24428
PoolWorker-25 countReadsInRegions_worker: processing 24 (836.6 per sec) @ Ascaf_112:0-24428
PoolWorker-25,  processing 18448 (40722.7 per sec) reads @ Ascaf_137:0-17000
PoolWorker-25 countReadsInRegions_worker: processing 17 (36.7 per sec) @ Ascaf_137:0-17000
PoolWorker-25,  processing 1331 (57834.8 per sec) reads @ Ascaf_97:0-33357
PoolWorker-25 countReadsInRegions_worker: processing 33 (491.1 per sec) @ Ascaf_97:0-33357
PoolWorker-25,  processing 345411 (32497.5 per sec) reads @ chr2:10000000-15000000
PoolWorker-25 countReadsInRegions_worker: processing 5000 (461.2 per sec) @ chr2:10000000-15000000
PoolWorker-25,  processing 335308 (32382.8 per sec) reads @ chr3:10000000-15000000
PoolWorker-25 countReadsInRegions_worker: processing 5000 (475.5 per sec) @ chr3:10000000-15000000
PoolWorker-25,  processing 19530 (33457.0 per sec) reads @ Ascaf_34:0-101478
PoolWorker-25 countReadsInRegions_worker: processing 101 (160.8 per sec) @ Ascaf_34:0-101478
PoolWorker-25,  processing 7423 (34260.7 per sec) reads @ Ascaf_64:0-51000
PoolWorker-25 countReadsInRegions_worker: processing 51 (196.8 per sec) @ Ascaf_64:0-51000
PoolWorker-25,  processing 89952 (34126.3 per sec) reads @ Ascaf_42:0-86089
PoolWorker-25 countReadsInRegions_worker: processing 86 (31.8 per sec) @ Ascaf_42:0-86089
PoolWorker-25,  processing 260170 (32407.8 per sec) reads @ chr9:20000000-24303205
PoolWorker-25 countReadsInRegions_worker: processing 4303 (527.7 per sec) @ chr9:20000000-24303205
PoolWorker-25,  processing 38920 (35172.2 per sec) reads @ Ascaf_27:0-155775
PoolWorker-25 countReadsInRegions_worker: processing 155 (134.2 per sec) @ Ascaf_27:0-155775
PoolWorker-25,  processing 946 (62396.8 per sec) reads @ Ascaf_136:0-17062
PoolWorker-25 countReadsInRegions_worker: processing 17 (155.2 per sec) @ Ascaf_136:0-17062
PoolWorker-25,  processing 338407 (32939.2 per sec) reads @ chr2:15000000-20000000
PoolWorker-25 countReadsInRegions_worker: processing 5000 (475.2 per sec) @ chr2:15000000-20000000
PoolWorker-25,  processing 4767 (35533.8 per sec) reads @ Ascaf_106:0-29590
PoolWorker-25 countReadsInRegions_worker: processing 29 (164.6 per sec) @ Ascaf_106:0-29590
PoolWorker-25,  processing 530 (63626.5 per sec) reads @ Ascaf_116:0-22916
PoolWorker-25 countReadsInRegions_worker: processing 22 (468.2 per sec) @ Ascaf_116:0-22916
PoolWorker-28,  processing 1026 (41545.4 per sec) reads @ Ascaf_82:0-39089
PoolWorker-28 countReadsInRegions_worker: processing 39 (966.0 per sec) @ Ascaf_82:0-39089
PoolWorker-28,  processing 1236 (64580.0 per sec) reads @ Ascaf_132:0-17867
PoolWorker-28 countReadsInRegions_worker: processing 17 (272.3 per sec) @ Ascaf_132:0-17867
PoolWorker-28,  processing 331136 (32635.8 per sec) reads @ chr7:5000000-10000000
PoolWorker-28 countReadsInRegions_worker: processing 5000 (478.6 per sec) @ chr7:5000000-10000000
PoolWorker-28,  processing 266339 (31064.0 per sec) reads @ chr1:30000000-33917795
PoolWorker-28 countReadsInRegions_worker: processing 3917 (446.0 per sec) @ chr1:30000000-33917795
PoolWorker-28,  processing 11221 (37337.5 per sec) reads @ Ascaf_48:0-71747
PoolWorker-28 countReadsInRegions_worker: processing 71 (208.0 per sec) @ Ascaf_48:0-71747
PoolWorker-28,  processing 807 (64247.3 per sec) reads @ Ascaf_139:0-16678
PoolWorker-28 countReadsInRegions_worker: processing 16 (292.6 per sec) @ Ascaf_139:0-16678
PoolWorker-28,  processing 290090 (30884.2 per sec) reads @ chr13:20000000-24369283
PoolWorker-28 countReadsInRegions_worker: processing 4369 (453.6 per sec) @ chr13:20000000-24369283
PoolWorker-28,  processing 1930 (45390.4 per sec) reads @ Ascaf_91:0-34837
PoolWorker-28 countReadsInRegions_worker: processing 34 (355.8 per sec) @ Ascaf_91:0-34837
PoolWorker-28,  processing 1540 (41420.2 per sec) reads @ Ascaf_108:0-29345
PoolWorker-28 countReadsInRegions_worker: processing 29 (381.5 per sec) @ Ascaf_108:0-29345
PoolWorker-28,  processing 2333 (37560.5 per sec) reads @ Ascaf_80:0-41014
PoolWorker-28 countReadsInRegions_worker: processing 41 (402.0 per sec) @ Ascaf_80:0-41014
PoolWorker-28,  processing 2656 (39483.9 per sec) reads @ Ascaf_70:0-46916
PoolWorker-28 countReadsInRegions_worker: processing 46 (430.2 per sec) @ Ascaf_70:0-46916
PoolWorker-28,  processing 13256 (35412.5 per sec) reads @ Ascaf_35:0-99371
PoolWorker-28 countReadsInRegions_worker: processing 99 (238.3 per sec) @ Ascaf_35:0-99371
PoolWorker-28,  processing 16315 (34494.9 per sec) reads @ Ascaf_24:0-187591
PoolWorker-28 countReadsInRegions_worker: processing 187 (362.9 per sec) @ Ascaf_24:0-187591
PoolWorker-28,  processing 312285 (32825.1 per sec) reads @ chr2:0-5000000
PoolWorker-28 countReadsInRegions_worker: processing 5000 (516.3 per sec) @ chr2:0-5000000
PoolWorker-28,  processing 17007 (33511.7 per sec) reads @ Ascaf_57:0-58000
PoolWorker-28 countReadsInRegions_worker: processing 58 (105.3 per sec) @ Ascaf_57:0-58000
PoolWorker-28,  processing 1451 (42112.8 per sec) reads @ Ascaf_126:0-19574
PoolWorker-28 countReadsInRegions_worker: processing 19 (256.6 per sec) @ Ascaf_126:0-19574
PoolWorker-28,  processing 525 (59233.6 per sec) reads @ Ascaf_115:0-24004
PoolWorker-28 countReadsInRegions_worker: processing 24 (501.0 per sec) @ Ascaf_115:0-24004
PoolWorker-28,  processing 334541 (33042.3 per sec) reads @ chr6:5000000-10000000
PoolWorker-28 countReadsInRegions_worker: processing 5000 (476.2 per sec) @ chr6:5000000-10000000
PoolWorker-28,  processing 3263 (36686.0 per sec) reads @ Ascaf_58:0-57612
PoolWorker-28 countReadsInRegions_worker: processing 57 (443.7 per sec) @ Ascaf_58:0-57612
PoolWorker-28,  processing 297749 (37239.3 per sec) reads @ chr21:0-5000000
PoolWorker-28 countReadsInRegions_worker: processing 5000 (614.3 per sec) @ chr21:0-5000000
PoolWorker-24,  processing 343120 (32042.9 per sec) reads @ chr10:10000000-15000000
PoolWorker-24 countReadsInRegions_worker: processing 5000 (455.4 per sec) @ chr10:10000000-15000000
PoolWorker-24,  processing 421850 (33287.4 per sec) reads @ chr1:20000000-25000000
PoolWorker-24 countReadsInRegions_worker: processing 5000 (385.4 per sec) @ chr1:20000000-25000000
PoolWorker-24,  processing 130591 (32864.2 per sec) reads @ chr16:20000000-22188971
PoolWorker-24 countReadsInRegions_worker: processing 2188 (538.6 per sec) @ chr16:20000000-22188971
PoolWorker-24,  processing 1287 (38348.1 per sec) reads @ Ascaf_103:0-30986
PoolWorker-24 countReadsInRegions_worker: processing 30 (404.3 per sec) @ Ascaf_103:0-30986
PoolWorker-24,  processing 2065 (43340.6 per sec) reads @ Ascaf_88:0-36907
PoolWorker-24 countReadsInRegions_worker: processing 36 (414.5 per sec) @ Ascaf_88:0-36907
PoolWorker-24,  processing 4501 (38926.9 per sec) reads @ Ascaf_73:0-44649
PoolWorker-24 countReadsInRegions_worker: processing 44 (281.5 per sec) @ Ascaf_73:0-44649
PoolWorker-24,  processing 363454 (33015.5 per sec) reads @ chr21:15000000-19873525
PoolWorker-24 countReadsInRegions_worker: processing 4873 (434.6 per sec) @ chr21:15000000-19873525
PoolWorker-24,  processing 6113 (36846.4 per sec) reads @ Ascaf_107:0-29490
PoolWorker-24 countReadsInRegions_worker: processing 29 (139.7 per sec) @ Ascaf_107:0-29490
PoolWorker-24,  processing 333892 (33431.4 per sec) reads @ chr12:15000000-20000000
PoolWorker-24 countReadsInRegions_worker: processing 5000 (493.1 per sec) @ chr12:15000000-20000000
PoolWorker-24,  processing 2403 (38572.0 per sec) reads @ Ascaf_169:0-50000
PoolWorker-24 countReadsInRegions_worker: processing 50 (483.5 per sec) @ Ascaf_169:0-50000
PoolWorker-24,  processing 6445 (37954.6 per sec) reads @ Ascaf_90:0-35566
PoolWorker-24 countReadsInRegions_worker: processing 35 (166.9 per sec) @ Ascaf_90:0-35566
PoolWorker-24,  processing 347185 (35433.6 per sec) reads @ chr3:0-5000000
PoolWorker-24 countReadsInRegions_worker: processing 5000 (504.5 per sec) @ chr3:0-5000000
PoolWorker-17,  processing 1879 (32942.4 per sec) reads @ Ascaf_67:0-40269
PoolWorker-17 countReadsInRegions_worker: processing 40 (547.0 per sec) @ Ascaf_67:0-40269
PoolWorker-17,  processing 334734 (31959.9 per sec) reads @ chr4:5000000-10000000
PoolWorker-17 countReadsInRegions_worker: processing 5000 (463.3 per sec) @ chr4:5000000-10000000
PoolWorker-17,  processing 2065 (36393.4 per sec) reads @ Ascaf_85:0-37890
PoolWorker-17 countReadsInRegions_worker: processing 37 (377.5 per sec) @ Ascaf_85:0-37890
PoolWorker-17,  processing 453 (62848.0 per sec) reads @ Ascaf_153:0-10046
PoolWorker-17 countReadsInRegions_worker: processing 10 (174.3 per sec) @ Ascaf_153:0-10046
PoolWorker-17,  processing 534 (61112.1 per sec) reads @ Ascaf_140:0-15786
PoolWorker-17 countReadsInRegions_worker: processing 15 (313.1 per sec) @ Ascaf_140:0-15786
PoolWorker-17,  processing 26249 (34154.8 per sec) reads @ Ascaf_41:0-90399
PoolWorker-17 countReadsInRegions_worker: processing 90 (109.0 per sec) @ Ascaf_41:0-90399
PoolWorker-17,  processing 330789 (32058.0 per sec) reads @ chr11:10000000-15000000
PoolWorker-17 countReadsInRegions_worker: processing 5000 (473.5 per sec) @ chr11:10000000-15000000
PoolWorker-17,  processing 328664 (32504.5 per sec) reads @ chr10:5000000-10000000
PoolWorker-17 countReadsInRegions_worker: processing 5000 (481.4 per sec) @ chr10:5000000-10000000
PoolWorker-17,  processing 313753 (32516.1 per sec) reads @ chr17:0-5000000
PoolWorker-17 countReadsInRegions_worker: processing 5000 (509.0 per sec) @ chr17:0-5000000
PoolWorker-17,  processing 202461 (31956.6 per sec) reads @ chr19:5000000-10000000
PoolWorker-17 countReadsInRegions_worker: processing 5000 (774.6 per sec) @ chr19:5000000-10000000
PoolWorker-17,  processing 39326 (34352.9 per sec) reads @ Ascaf_33:0-106103
PoolWorker-17 countReadsInRegions_worker: processing 106 (88.9 per sec) @ Ascaf_33:0-106103
PoolWorker-17,  processing 343243 (34260.5 per sec) reads @ chr8:10000000-15000000
PoolWorker-17 countReadsInRegions_worker: processing 5000 (492.7 per sec) @ chr8:10000000-15000000
PoolWorker-31,  processing 67663 (34007.6 per sec) reads @ Ascaf_39:0-92659
PoolWorker-31 countReadsInRegions_worker: processing 92 (44.6 per sec) @ Ascaf_39:0-92659
PoolWorker-31,  processing 341459 (32356.5 per sec) reads @ chr7:10000000-15000000
PoolWorker-31 countReadsInRegions_worker: processing 5000 (463.3 per sec) @ chr7:10000000-15000000
PoolWorker-31,  processing 372920 (32829.1 per sec) reads @ chr20:0-5000000
PoolWorker-31 countReadsInRegions_worker: processing 5000 (430.8 per sec) @ chr20:0-5000000
PoolWorker-31,  processing 2518 (49801.0 per sec) reads @ Ascaf_78:0-41577
PoolWorker-31 countReadsInRegions_worker: processing 41 (444.5 per sec) @ Ascaf_78:0-41577
PoolWorker-31,  processing 331717 (32900.1 per sec) reads @ chr14:5000000-10000000
PoolWorker-31 countReadsInRegions_worker: processing 5000 (486.3 per sec) @ chr14:5000000-10000000
PoolWorker-31,  processing 1347 (40150.1 per sec) reads @ Ascaf_127:0-19159
PoolWorker-31 countReadsInRegions_worker: processing 19 (253.5 per sec) @ Ascaf_127:0-19159
PoolWorker-31,  processing 209225 (31410.7 per sec) reads @ chr18:15000000-18483836
PoolWorker-31 countReadsInRegions_worker: processing 3483 (513.8 per sec) @ chr18:15000000-18483836
PoolWorker-31,  processing 735 (65391.4 per sec) reads @ Ascaf_152:0-12206
PoolWorker-31 countReadsInRegions_worker: processing 12 (222.2 per sec) @ Ascaf_152:0-12206
PoolWorker-31,  processing 339680 (33033.5 per sec) reads @ chr9:10000000-15000000
PoolWorker-31 countReadsInRegions_worker: processing 5000 (478.0 per sec) @ chr9:10000000-15000000
PoolWorker-31,  processing 396182 (42985.6 per sec) reads @ chr17:5000000-10000000
PoolWorker-31 countReadsInRegions_worker: processing 5000 (535.4 per sec) @ chr17:5000000-10000000
PoolWorker-31,  processing 1302 (63068.6 per sec) reads @ Ascaf_117:0-22832
PoolWorker-31 countReadsInRegions_worker: processing 22 (792.6 per sec) @ Ascaf_117:0-22832
PoolWorker-31,  processing 308393 (65063.3 per sec) reads @ chr15:0-5000000
PoolWorker-31 countReadsInRegions_worker: processing 5000 (1039.4 per sec) @ chr15:0-5000000
PoolWorker-30,  processing 1304 (18863.3 per sec) reads @ Ascaf_60:0-24766
PoolWorker-30 countReadsInRegions_worker: processing 24 (260.4 per sec) @ Ascaf_60:0-24766
PoolWorker-30,  processing 5764 (23214.0 per sec) reads @ Ascaf_46:0-73387
PoolWorker-30 countReadsInRegions_worker: processing 73 (243.2 per sec) @ Ascaf_46:0-73387
PoolWorker-30,  processing 337182 (32340.8 per sec) reads @ chr9:0-5000000
PoolWorker-30 countReadsInRegions_worker: processing 5000 (468.1 per sec) @ chr9:0-5000000
PoolWorker-30,  processing 37394 (35500.0 per sec) reads @ Ascaf_50:0-70692
PoolWorker-30 countReadsInRegions_worker: processing 70 (62.9 per sec) @ Ascaf_50:0-70692
PoolWorker-30,  processing 32 (33504.2 per sec) reads @ Ascaf_165:0-1000
PoolWorker-30 countReadsInRegions_worker: processing 1 (25.0 per sec) @ Ascaf_165:0-1000
PoolWorker-30,  processing 998 (67807.9 per sec) reads @ Ascaf_141:0-15738
PoolWorker-30 countReadsInRegions_worker: processing 15 (277.5 per sec) @ Ascaf_141:0-15738
PoolWorker-30,  processing 6030 (37007.5 per sec) reads @ Ascaf_31:0-121444
PoolWorker-30 countReadsInRegions_worker: processing 121 (612.3 per sec) @ Ascaf_31:0-121444
PoolWorker-30,  processing 335328 (33331.0 per sec) reads @ chr15:15000000-20000000
PoolWorker-30 countReadsInRegions_worker: processing 5000 (486.6 per sec) @ chr15:15000000-20000000
PoolWorker-30,  processing 333470 (33631.0 per sec) reads @ chr1:25000000-30000000
PoolWorker-30 countReadsInRegions_worker: processing 5000 (489.4 per sec) @ chr1:25000000-30000000
PoolWorker-30,  processing 333811 (33438.7 per sec) reads @ chr1:5000000-10000000
PoolWorker-30 countReadsInRegions_worker: processing 5000 (491.3 per sec) @ chr1:5000000-10000000
PoolWorker-30,  processing 1969 (34947.4 per sec) reads @ Ascaf_94:0-33862
PoolWorker-30 countReadsInRegions_worker: processing 33 (344.0 per sec) @ Ascaf_94:0-33862
PoolWorker-30,  processing 2983 (35048.4 per sec) reads @ Ascaf_62:0-52951
PoolWorker-30 countReadsInRegions_worker: processing 52 (417.0 per sec) @ Ascaf_62:0-52951
PoolWorker-30,  processing 4475 (38402.1 per sec) reads @ Ascaf_129:0-19000
PoolWorker-30 countReadsInRegions_worker: processing 19 (121.7 per sec) @ Ascaf_129:0-19000
PoolWorker-30,  processing 3887 (41172.8 per sec) reads @ Ascaf_56:0-58445
PoolWorker-30 countReadsInRegions_worker: processing 58 (390.3 per sec) @ Ascaf_56:0-58445
PoolWorker-30,  processing 1933 (46094.1 per sec) reads @ Ascaf_101:0-31946
PoolWorker-30 countReadsInRegions_worker: processing 31 (384.1 per sec) @ Ascaf_101:0-31946
PoolWorker-30,  processing 18401 (35122.4 per sec) reads @ Ascaf_124:0-19772
PoolWorker-30 countReadsInRegions_worker: processing 19 (33.6 per sec) @ Ascaf_124:0-19772
PoolWorker-30,  processing 221993 (33035.2 per sec) reads @ chr14:15000000-18637407
PoolWorker-30 countReadsInRegions_worker: processing 3637 (530.7 per sec) @ chr14:15000000-18637407
PoolWorker-30,  processing 1396 (42445.9 per sec) reads @ Ascaf_118:0-22120
PoolWorker-30 countReadsInRegions_worker: processing 22 (295.3 per sec) @ Ascaf_118:0-22120
PoolWorker-30,  processing 1279 (39065.2 per sec) reads @ Ascaf_123:0-20153
PoolWorker-30 countReadsInRegions_worker: processing 20 (279.3 per sec) @ Ascaf_123:0-20153
PoolWorker-30,  processing 1781 (44685.9 per sec) reads @ Ascaf_99:0-33167
PoolWorker-30 countReadsInRegions_worker: processing 33 (417.6 per sec) @ Ascaf_99:0-33167
PoolWorker-30,  processing 1793 (45601.3 per sec) reads @ Ascaf_54:0-60000
PoolWorker-30 countReadsInRegions_worker: processing 60 (651.4 per sec) @ Ascaf_54:0-60000
PoolWorker-30,  processing 420 (62278.4 per sec) reads @ Ascaf_155:0-6589
PoolWorker-30 countReadsInRegions_worker: processing 6 (125.6 per sec) @ Ascaf_155:0-6589
PoolWorker-30,  processing 1065 (66780.3 per sec) reads @ Ascaf_148:0-14976
PoolWorker-30 countReadsInRegions_worker: processing 14 (253.1 per sec) @ Ascaf_148:0-14976
PoolWorker-30,  processing 307258 (33085.6 per sec) reads @ chr8:0-5000000
PoolWorker-30 countReadsInRegions_worker: processing 5000 (523.7 per sec) @ chr8:0-5000000
PoolWorker-32,  processing 341740 (31214.0 per sec) reads @ chr13:15000000-20000000
PoolWorker-32 countReadsInRegions_worker: processing 5000 (445.8 per sec) @ chr13:15000000-20000000
PoolWorker-32,  processing 326765 (32229.1 per sec) reads @ chr2:5000000-10000000
PoolWorker-32 countReadsInRegions_worker: processing 5000 (483.8 per sec) @ chr2:5000000-10000000
PoolWorker-32,  processing 1874 (42861.8 per sec) reads @ Ascaf_86:0-37568
PoolWorker-32 countReadsInRegions_worker: processing 37 (447.1 per sec) @ Ascaf_86:0-37568
PoolWorker-32,  processing 1073 (64774.8 per sec) reads @ Ascaf_167:0-25000
PoolWorker-32 countReadsInRegions_worker: processing 25 (437.1 per sec) @ Ascaf_167:0-25000
PoolWorker-32,  processing 24253 (34562.6 per sec) reads @ Ascaf_96:0-33398
PoolWorker-32 countReadsInRegions_worker: processing 33 (44.7 per sec) @ Ascaf_96:0-33398
PoolWorker-32,  processing 3612 (38050.7 per sec) reads @ Ascaf_81:0-40000
PoolWorker-32 countReadsInRegions_worker: processing 40 (293.9 per sec) @ Ascaf_81:0-40000
PoolWorker-32,  processing 161970 (32082.0 per sec) reads @ chr19:20000000-23715829
PoolWorker-32 countReadsInRegions_worker: processing 3715 (720.4 per sec) @ chr19:20000000-23715829
PoolWorker-32,  processing 342745 (31924.9 per sec) reads @ chr3:5000000-10000000
PoolWorker-32 countReadsInRegions_worker: processing 5000 (457.7 per sec) @ chr3:5000000-10000000
PoolWorker-32,  processing 6725 (38898.4 per sec) reads @ Ascaf_84:0-38148
PoolWorker-32 countReadsInRegions_worker: processing 38 (178.3 per sec) @ Ascaf_84:0-38148
PoolWorker-32,  processing 2698 (37590.2 per sec) reads @ Ascaf_68:0-47437
PoolWorker-32 countReadsInRegions_worker: processing 47 (416.4 per sec) @ Ascaf_68:0-47437
PoolWorker-32,  processing 1525 (42744.7 per sec) reads @ Ascaf_111:0-25158
PoolWorker-32 countReadsInRegions_worker: processing 25 (335.9 per sec) @ Ascaf_111:0-25158
PoolWorker-32,  processing 22629 (34728.3 per sec) reads @ Ascaf_53:0-64139
PoolWorker-32 countReadsInRegions_worker: processing 64 (93.7 per sec) @ Ascaf_53:0-64139
PoolWorker-32,  processing 2735 (41039.6 per sec) reads @ Ascaf_83:0-38959
PoolWorker-32 countReadsInRegions_worker: processing 38 (367.2 per sec) @ Ascaf_83:0-38959
PoolWorker-32,  processing 342250 (32777.5 per sec) reads @ chr15:10000000-15000000
PoolWorker-32 countReadsInRegions_worker: processing 5000 (471.9 per sec) @ chr15:10000000-15000000
PoolWorker-32,  processing 2155 (36288.0 per sec) reads @ Ascaf_77:0-41997
PoolWorker-32 countReadsInRegions_worker: processing 41 (423.0 per sec) @ Ascaf_77:0-41997
PoolWorker-32,  processing 24212 (34803.1 per sec) reads @ Ascaf_110:0-27536
PoolWorker-32 countReadsInRegions_worker: processing 27 (36.6 per sec) @ Ascaf_110:0-27536
PoolWorker-32,  processing 355083 (36678.6 per sec) reads @ chr16:0-5000000
PoolWorker-32 countReadsInRegions_worker: processing 5000 (510.8 per sec) @ chr16:0-5000000
PoolWorker-32,  processing 302 (59437.8 per sec) reads @ Ascaf_156:0-5652
PoolWorker-32 countReadsInRegions_worker: processing 5 (413.5 per sec) @ Ascaf_156:0-5652
PoolWorker-32,  processing 1714 (61334.7 per sec) reads @ Ascaf_93:0-34038
PoolWorker-32 countReadsInRegions_worker: processing 34 (976.6 per sec) @ Ascaf_93:0-34038
PoolWorker-32,  processing 349131 (65930.5 per sec) reads @ chr1:15000000-20000000
PoolWorker-32 countReadsInRegions_worker: processing 5000 (930.0 per sec) @ chr1:15000000-20000000
PoolWorker-20,  processing 38320 (67439.5 per sec) reads @ Ascaf_30:0-130979
PoolWorker-20 countReadsInRegions_worker: processing 130 (222.8 per sec) @ Ascaf_30:0-130979
PoolWorker-20,  processing 62 (47367.4 per sec) reads @ Ascaf_160:0-2000
PoolWorker-20 countReadsInRegions_worker: processing 2 (32.2 per sec) @ Ascaf_160:0-2000
PoolWorker-20,  processing 370115 (32214.7 per sec) reads @ chr17:10000000-15000000
PoolWorker-20 countReadsInRegions_worker: processing 5000 (426.4 per sec) @ chr17:10000000-15000000
PoolWorker-20,  processing 53963 (34984.3 per sec) reads @ Ascaf_120:0-22000
PoolWorker-20 countReadsInRegions_worker: processing 22 (13.8 per sec) @ Ascaf_120:0-22000
PoolWorker-20,  processing 882 (63756.0 per sec) reads @ Ascaf_144:0-15519
PoolWorker-20 countReadsInRegions_worker: processing 15 (124.7 per sec) @ Ascaf_144:0-15519
PoolWorker-20,  processing 969 (66306.9 per sec) reads @ Ascaf_149:0-13452
PoolWorker-20 countReadsInRegions_worker: processing 13 (233.9 per sec) @ Ascaf_149:0-13452
PoolWorker-20,  processing 5131 (35799.7 per sec) reads @ Ascaf_49:0-70996
PoolWorker-20 countReadsInRegions_worker: processing 70 (381.9 per sec) @ Ascaf_49:0-70996
PoolWorker-20,  processing 340476 (32189.5 per sec) reads @ chr13:5000000-10000000
PoolWorker-20 countReadsInRegions_worker: processing 5000 (463.3 per sec) @ chr13:5000000-10000000
PoolWorker-20,  processing 1636 (44022.3 per sec) reads @ Ascaf_95:0-33544
PoolWorker-20 countReadsInRegions_worker: processing 33 (419.4 per sec) @ Ascaf_95:0-33544
PoolWorker-20,  processing 1770 (42235.3 per sec) reads @ Ascaf_66:0-47454
PoolWorker-20 countReadsInRegions_worker: processing 47 (578.3 per sec) @ Ascaf_66:0-47454
PoolWorker-20,  processing 20643 (35292.1 per sec) reads @ Ascaf_43:0-83995
PoolWorker-20 countReadsInRegions_worker: processing 83 (132.2 per sec) @ Ascaf_43:0-83995
PoolWorker-20,  processing 2399 (37912.7 per sec) reads @ Ascaf_76:0-42514
PoolWorker-20 countReadsInRegions_worker: processing 42 (400.3 per sec) @ Ascaf_76:0-42514
PoolWorker-20,  processing 340250 (32831.1 per sec) reads @ chr8:15000000-20000000
PoolWorker-20 countReadsInRegions_worker: processing 5000 (470.0 per sec) @ chr8:15000000-20000000
PoolWorker-20,  processing 2093 (36865.5 per sec) reads @ Ascaf_168:0-25000
PoolWorker-20 countReadsInRegions_worker: processing 25 (255.0 per sec) @ Ascaf_168:0-25000
PoolWorker-20,  processing 294089 (33644.5 per sec) reads @ chr5:15000000-18670498
PoolWorker-20 countReadsInRegions_worker: processing 3670 (412.9 per sec) @ chr5:15000000-18670498
PoolWorker-20,  processing 1967 (35212.4 per sec) reads @ Ascaf_100:0-32247
PoolWorker-20 countReadsInRegions_worker: processing 32 (329.1 per sec) @ Ascaf_100:0-32247
PoolWorker-20,  processing 328414 (33264.9 per sec) reads @ chr9:15000000-20000000
PoolWorker-20 countReadsInRegions_worker: processing 5000 (497.7 per sec) @ chr9:15000000-20000000
PoolWorker-20,  processing 332989 (46633.6 per sec) reads @ chr17:15000000-20000000
PoolWorker-20 countReadsInRegions_worker: processing 5000 (683.7 per sec) @ chr17:15000000-20000000
PoolWorker-20,  processing 7463 (69266.7 per sec) reads @ Ascaf_114:0-24031
PoolWorker-20 countReadsInRegions_worker: processing 24 (207.9 per sec) @ Ascaf_114:0-24031
PoolWorker-20,  processing 313624 (66016.9 per sec) reads @ chr6:15000000-20000000
PoolWorker-20 countReadsInRegions_worker: processing 5000 (1036.7 per sec) @ chr6:15000000-20000000
PoolWorker-26,  processing 189425 (30839.2 per sec) reads @ chr20:20000000-22998664
PoolWorker-26 countReadsInRegions_worker: processing 2998 (476.6 per sec) @ chr20:20000000-22998664
PoolWorker-26,  processing 339063 (33179.7 per sec) reads @ chr18:5000000-10000000
PoolWorker-26 countReadsInRegions_worker: processing 5000 (477.1 per sec) @ chr18:5000000-10000000
PoolWorker-26,  processing 302379 (32852.5 per sec) reads @ chr3:15000000-20000000
PoolWorker-26 countReadsInRegions_worker: processing 5000 (532.5 per sec) @ chr3:15000000-20000000
PoolWorker-26,  processing 3978 (34070.4 per sec) reads @ Ascaf_65:0-47651
PoolWorker-26 countReadsInRegions_worker: processing 47 (296.4 per sec) @ Ascaf_65:0-47651
PoolWorker-26,  processing 243586 (32739.2 per sec) reads @ chr17:20000000-23682274
PoolWorker-26 countReadsInRegions_worker: processing 3682 (483.3 per sec) @ chr17:20000000-23682274
PoolWorker-26,  processing 8901 (34492.2 per sec) reads @ Ascaf_119:0-22101
PoolWorker-26 countReadsInRegions_worker: processing 22 (76.0 per sec) @ Ascaf_119:0-22101
PoolWorker-26,  processing 11807 (34664.4 per sec) reads @ Ascaf_23:0-264707
PoolWorker-26 countReadsInRegions_worker: processing 264 (689.7 per sec) @ Ascaf_23:0-264707
PoolWorker-26,  processing 313215 (35339.5 per sec) reads @ chr7:25000000-30000000
PoolWorker-26 countReadsInRegions_worker: processing 5000 (552.9 per sec) @ chr7:25000000-30000000
PoolWorker-26,  processing 15460 (35855.7 per sec) reads @ Ascaf_75:0-42641
PoolWorker-26 countReadsInRegions_worker: processing 42 (85.7 per sec) @ Ascaf_75:0-42641
PoolWorker-26,  processing 793 (64603.0 per sec) reads @ Ascaf_147:0-15099
PoolWorker-26 countReadsInRegions_worker: processing 15 (310.2 per sec) @ Ascaf_147:0-15099
PoolWorker-26,  processing 1108 (67074.0 per sec) reads @ Ascaf_121:0-21431
PoolWorker-26 countReadsInRegions_worker: processing 21 (379.9 per sec) @ Ascaf_121:0-21431
PoolWorker-26,  processing 19378 (33861.9 per sec) reads @ chr3:20000000-20313673
PoolWorker-26 countReadsInRegions_worker: processing 313 (509.8 per sec) @ chr3:20000000-20313673
PoolWorker-26,  processing 315826 (32976.5 per sec) reads @ chr5:5000000-10000000
PoolWorker-26 countReadsInRegions_worker: processing 5000 (509.3 per sec) @ chr5:5000000-10000000
PoolWorker-26,  processing 304848 (43303.2 per sec) reads @ chr4:0-5000000
PoolWorker-26 countReadsInRegions_worker: processing 5000 (699.2 per sec) @ chr4:0-5000000
PoolWorker-26,  processing 330657 (64918.6 per sec) reads @ chr12:0-5000000
PoolWorker-26 countReadsInRegions_worker: processing 5000 (962.1 per sec) @ chr12:0-5000000
PoolWorker-26,  processing 60002 (74113.9 per sec) reads @ chr15:20000000-20219940
PoolWorker-26 countReadsInRegions_worker: processing 219 (264.5 per sec) @ chr15:20000000-20219940
PoolWorker-27,  processing 39624 (33817.5 per sec) reads @ Ascaf_89:0-36000
PoolWorker-27 countReadsInRegions_worker: processing 36 (29.5 per sec) @ Ascaf_89:0-36000
PoolWorker-27,  processing 1168 (61950.0 per sec) reads @ Ascaf_150:0-13271
PoolWorker-27 countReadsInRegions_worker: processing 13 (162.2 per sec) @ Ascaf_150:0-13271
PoolWorker-27,  processing 27203 (36094.2 per sec) reads @ Ascaf_25:0-178627
PoolWorker-27 countReadsInRegions_worker: processing 178 (216.5 per sec) @ Ascaf_25:0-178627
PoolWorker-27,  processing 391755 (32183.3 per sec) reads @ chr4:25000000-30000000
PoolWorker-27 countReadsInRegions_worker: processing 5000 (401.8 per sec) @ chr4:25000000-30000000
PoolWorker-27,  processing 329383 (31796.0 per sec) reads @ chr5:0-5000000
PoolWorker-27 countReadsInRegions_worker: processing 5000 (473.8 per sec) @ chr5:0-5000000
PoolWorker-27,  processing 342400 (33000.8 per sec) reads @ chr6:10000000-15000000
PoolWorker-27 countReadsInRegions_worker: processing 5000 (468.4 per sec) @ chr6:10000000-15000000
PoolWorker-27,  processing 304520 (33711.2 per sec) reads @ chr10:15000000-19005646
PoolWorker-27 countReadsInRegions_worker: processing 4005 (435.2 per sec) @ chr10:15000000-19005646
PoolWorker-27,  processing 186771 (33519.5 per sec) reads @ chr19:15000000-20000000
PoolWorker-27 countReadsInRegions_worker: processing 5000 (879.6 per sec) @ chr19:15000000-20000000
PoolWorker-27,  processing 339002 (37092.3 per sec) reads @ chr12:10000000-15000000
PoolWorker-27 countReadsInRegions_worker: processing 5000 (535.8 per sec) @ chr12:10000000-15000000
PoolWorker-27,  processing 176353 (54997.9 per sec) reads @ chr2:25000000-26977752
PoolWorker-27 countReadsInRegions_worker: processing 1977 (598.7 per sec) @ chr2:25000000-26977752
PoolWorker-27,  processing 331117 (67303.7 per sec) reads @ chr18:10000000-15000000
PoolWorker-27 countReadsInRegions_worker: processing 5000 (1001.3 per sec) @ chr18:10000000-15000000
PoolWorker-27,  processing 1191 (73632.0 per sec) reads @ Ascaf_135:0-17087
PoolWorker-27 countReadsInRegions_worker: processing 17 (754.5 per sec) @ Ascaf_135:0-17087
PoolWorker-19,  processing 393313 (31828.9 per sec) reads @ chr6:0-5000000
PoolWorker-19 countReadsInRegions_worker: processing 5000 (395.0 per sec) @ chr6:0-5000000
PoolWorker-19,  processing 391505 (32092.0 per sec) reads @ chr14:0-5000000
PoolWorker-19 countReadsInRegions_worker: processing 5000 (401.6 per sec) @ chr14:0-5000000
PoolWorker-19,  processing 357588 (32669.7 per sec) reads @ chr5:10000000-15000000
PoolWorker-19 countReadsInRegions_worker: processing 5000 (447.5 per sec) @ chr5:10000000-15000000
PoolWorker-19,  processing 1106 (37706.4 per sec) reads @ Ascaf_122:0-20728
PoolWorker-19 countReadsInRegions_worker: processing 20 (336.1 per sec) @ Ascaf_122:0-20728
PoolWorker-19,  processing 72 (49312.5 per sec) reads @ Ascaf_162:0-1000
PoolWorker-19 countReadsInRegions_worker: processing 1 (23.5 per sec) @ Ascaf_162:0-1000
PoolWorker-19,  processing 304476 (32188.4 per sec) reads @ chr10:0-5000000
PoolWorker-19 countReadsInRegions_worker: processing 5000 (519.5 per sec) @ chr10:0-5000000
PoolWorker-19,  processing 3353 (37155.3 per sec) reads @ Ascaf_61:0-54508
PoolWorker-19 countReadsInRegions_worker: processing 54 (416.8 per sec) @ Ascaf_61:0-54508
PoolWorker-19,  processing 13337 (31989.5 per sec) reads @ Ascaf_52:0-64568
PoolWorker-19 countReadsInRegions_worker: processing 64 (139.5 per sec) @ Ascaf_52:0-64568
PoolWorker-19,  processing 6873 (36026.9 per sec) reads @ Ascaf_92:0-34608
PoolWorker-19 countReadsInRegions_worker: processing 34 (146.9 per sec) @ Ascaf_92:0-34608
PoolWorker-19,  processing 863 (62951.0 per sec) reads @ Ascaf_146:0-15502
PoolWorker-19 countReadsInRegions_worker: processing 15 (284.6 per sec) @ Ascaf_146:0-15502
PoolWorker-19,  processing 5463 (37236.0 per sec) reads @ Ascaf_37:0-98231
PoolWorker-19 countReadsInRegions_worker: processing 98 (511.7 per sec) @ Ascaf_37:0-98231
PoolWorker-19,  processing 31962 (34269.6 per sec) reads @ Ascaf_113:0-24387
PoolWorker-19 countReadsInRegions_worker: processing 24 (24.3 per sec) @ Ascaf_113:0-24387
PoolWorker-19,  processing 331992 (32087.5 per sec) reads @ chr20:5000000-10000000
PoolWorker-19 countReadsInRegions_worker: processing 5000 (477.6 per sec) @ chr20:5000000-10000000
PoolWorker-19,  processing 309859 (56746.5 per sec) reads @ chr11:0-5000000
PoolWorker-19 countReadsInRegions_worker: processing 5000 (901.0 per sec) @ chr11:0-5000000
PoolWorker-19,  processing 4585 (60115.3 per sec) reads @ Ascaf_51:0-70629
PoolWorker-19 countReadsInRegions_worker: processing 70 (830.5 per sec) @ Ascaf_51:0-70629
PoolWorker-19,  processing 314900 (67742.4 per sec) reads @ chr21:5000000-10000000
PoolWorker-19 countReadsInRegions_worker: processing 5000 (1061.8 per sec) @ chr21:5000000-10000000
PoolWorker-18,  processing 82 (39765.6 per sec) reads @ Ascaf_164:0-1000
PoolWorker-18 countReadsInRegions_worker: processing 1 (55.1 per sec) @ Ascaf_164:0-1000
PoolWorker-18,  processing 407 (61752.3 per sec) reads @ Ascaf_128:0-19120
PoolWorker-18 countReadsInRegions_worker: processing 19 (291.2 per sec) @ Ascaf_128:0-19120
PoolWorker-18,  processing 7803 (33514.0 per sec) reads @ Ascaf_44:0-77777
PoolWorker-18 countReadsInRegions_worker: processing 77 (319.2 per sec) @ Ascaf_44:0-77777
PoolWorker-18,  processing 336134 (31861.7 per sec) reads @ chr12:5000000-10000000
PoolWorker-18 countReadsInRegions_worker: processing 5000 (462.0 per sec) @ chr12:5000000-10000000
PoolWorker-18,  processing 5823 (64962.0 per sec) reads @ Ascaf_71:0-32519
PoolWorker-18 countReadsInRegions_worker: processing 32 (324.4 per sec) @ Ascaf_71:0-32519
PoolWorker-18,  processing 16818 (65696.3 per sec) reads @ Ascaf_36:0-98486
PoolWorker-18 countReadsInRegions_worker: processing 98 (368.8 per sec) @ Ascaf_36:0-98486
PoolWorker-18,  processing 339928 (32665.0 per sec) reads @ chr2:20000000-25000000
PoolWorker-18 countReadsInRegions_worker: processing 5000 (471.1 per sec) @ chr2:20000000-25000000
PoolWorker-18,  processing 343562 (35581.9 per sec) reads @ chr21:10000000-15000000
PoolWorker-18 countReadsInRegions_worker: processing 5000 (502.7 per sec) @ chr21:10000000-15000000
PoolWorker-18,  processing 47066 (33624.8 per sec) reads @ chr4:40000000-40647937
PoolWorker-18 countReadsInRegions_worker: processing 647 (440.2 per sec) @ chr4:40000000-40647937
PoolWorker-18,  processing 31614 (34995.1 per sec) reads @ Ascaf_74:0-44000
PoolWorker-18 countReadsInRegions_worker: processing 44 (46.6 per sec) @ Ascaf_74:0-44000
PoolWorker-18,  processing 741 (64620.3 per sec) reads @ Ascaf_143:0-15560
PoolWorker-18 countReadsInRegions_worker: processing 15 (284.0 per sec) @ Ascaf_143:0-15560
PoolWorker-18,  processing 317 (54740.6 per sec) reads @ Ascaf_154:0-6709
PoolWorker-18 countReadsInRegions_worker: processing 6 (135.5 per sec) @ Ascaf_154:0-6709
PoolWorker-18,  processing 77499 (31917.9 per sec) reads @ chr6:20000000-21248438
PoolWorker-18 countReadsInRegions_worker: processing 1248 (500.1 per sec) @ chr6:20000000-21248438
PoolWorker-18,  processing 12531 (36501.1 per sec) reads @ Ascaf_29:0-143722
PoolWorker-18 countReadsInRegions_worker: processing 143 (372.3 per sec) @ Ascaf_29:0-143722
PoolWorker-18,  processing 375894 (33202.5 per sec) reads @ chr16:15000000-20000000
PoolWorker-18 countReadsInRegions_worker: processing 5000 (433.6 per sec) @ chr16:15000000-20000000
PoolWorker-18,  processing 26625 (34112.5 per sec) reads @ Ascaf_22:0-446888
PoolWorker-18 countReadsInRegions_worker: processing 446 (541.4 per sec) @ Ascaf_22:0-446888
PoolWorker-18,  processing 546059 (43492.8 per sec) reads @ chr19:0-5000000
PoolWorker-18 countReadsInRegions_worker: processing 5000 (393.1 per sec) @ chr19:0-5000000
PoolWorker-18,  processing 75305 (70756.0 per sec) reads @ Ascaf_26:0-156806
PoolWorker-18 countReadsInRegions_worker: processing 156 (143.8 per sec) @ Ascaf_26:0-156806
PoolWorker-18,  processing 257638 (67107.5 per sec) reads @ chr8:20000000-23122080
PoolWorker-18 countReadsInRegions_worker: processing 3122 (800.0 per sec) @ chr8:20000000-23122080
PoolWorker-18,  processing 309186 (76832.5 per sec) reads @ chr4:35000000-40000000
PoolWorker-18 countReadsInRegions_worker: processing 5000 (1224.8 per sec) @ chr4:35000000-40000000
PoolWorker-23,  processing 336927 (31903.5 per sec) reads @ chr4:15000000-20000000
PoolWorker-23 countReadsInRegions_worker: processing 5000 (462.7 per sec) @ chr4:15000000-20000000
PoolWorker-23,  processing 237903 (32762.3 per sec) reads @ chr7:30000000-33914388
PoolWorker-23 countReadsInRegions_worker: processing 3914 (525.3 per sec) @ chr7:30000000-33914388
PoolWorker-23,  processing 1685 (43108.9 per sec) reads @ Ascaf_109:0-28244
PoolWorker-23 countReadsInRegions_worker: processing 28 (349.3 per sec) @ Ascaf_109:0-28244
PoolWorker-23,  processing 344734 (32994.8 per sec) reads @ chr4:10000000-15000000
PoolWorker-23 countReadsInRegions_worker: processing 5000 (470.8 per sec) @ chr4:10000000-15000000
PoolWorker-23,  processing 896 (64795.9 per sec) reads @ Ascaf_131:0-18319
PoolWorker-23 countReadsInRegions_worker: processing 18 (327.8 per sec) @ Ascaf_131:0-18319
PoolWorker-23,  processing 406775 (32485.6 per sec) reads @ chr7:20000000-25000000
PoolWorker-23 countReadsInRegions_worker: processing 5000 (392.8 per sec) @ chr7:20000000-25000000
PoolWorker-23,  processing 13434 (33816.2 per sec) reads @ Ascaf_38:0-95573
PoolWorker-23 countReadsInRegions_worker: processing 95 (215.8 per sec) @ Ascaf_38:0-95573
PoolWorker-23,  processing 337032 (34644.0 per sec) reads @ chr16:10000000-15000000
PoolWorker-23 countReadsInRegions_worker: processing 5000 (508.4 per sec) @ chr16:10000000-15000000
PoolWorker-23,  processing 362274 (36417.6 per sec) reads @ chr7:15000000-20000000
PoolWorker-23 countReadsInRegions_worker: processing 5000 (496.9 per sec) @ chr7:15000000-20000000
PoolWorker-23,  processing 96 (44565.9 per sec) reads @ Ascaf_157:0-3527
PoolWorker-23 countReadsInRegions_worker: processing 3 (318.6 per sec) @ Ascaf_157:0-3527
PoolWorker-23,  processing 331492 (65282.2 per sec) reads @ chr11:5000000-10000000
PoolWorker-23 countReadsInRegions_worker: processing 5000 (971.5 per sec) @ chr11:5000000-10000000
PoolWorker-23,  processing 315094 (75269.0 per sec) reads @ chr7:0-5000000
PoolWorker-23 countReadsInRegions_worker: processing 5000 (1174.5 per sec) @ chr7:0-5000000
output file: /storage/scratch/iee/dj20y461/Stickleback/Y_comp/Sex_chrom_stats/Read_depths/Gw/depths/2007MA_M_2.1kb.RPKM.depth
