genome partition size for multiprocessing: 1000000
using 16 processors for 657 number of tasks
Final scaling factor: 0.0333375527563
PoolWorker-31,  processing 10229 (23118.7 per sec) reads @ Ascaf_119:0-22101
PoolWorker-31 countReadsInRegions_worker: processing 22 (22.9 per sec) @ Ascaf_119:0-22101
PoolWorker-31,  processing 1049 (61066.3 per sec) reads @ Ascaf_117:0-22832
PoolWorker-31 countReadsInRegions_worker: processing 22 (298.2 per sec) @ Ascaf_117:0-22832
PoolWorker-31,  processing 291824 (31427.4 per sec) reads @ chr9:10000000-15000000
PoolWorker-31 countReadsInRegions_worker: processing 5000 (526.0 per sec) @ chr9:10000000-15000000
PoolWorker-31,  processing 286958 (32502.6 per sec) reads @ chr4:15000000-20000000
PoolWorker-31 countReadsInRegions_worker: processing 5000 (554.0 per sec) @ chr4:15000000-20000000
PoolWorker-31,  processing 280616 (32366.3 per sec) reads @ chr11:10000000-15000000
PoolWorker-31 countReadsInRegions_worker: processing 5000 (566.8 per sec) @ chr11:10000000-15000000
PoolWorker-31,  processing 284564 (32929.2 per sec) reads @ chr9:5000000-10000000
PoolWorker-31 countReadsInRegions_worker: processing 5000 (567.2 per sec) @ chr9:5000000-10000000
PoolWorker-31,  processing 308765 (32755.9 per sec) reads @ chr7:15000000-20000000
PoolWorker-31 countReadsInRegions_worker: processing 5000 (519.4 per sec) @ chr7:15000000-20000000
PoolWorker-31,  processing 618 (60198.3 per sec) reads @ Ascaf_130:0-18457
PoolWorker-31 countReadsInRegions_worker: processing 18 (362.1 per sec) @ Ascaf_130:0-18457
PoolWorker-28,  processing 2923 (21813.6 per sec) reads @ Ascaf_58:0-57612
PoolWorker-28 countReadsInRegions_worker: processing 57 (347.0 per sec) @ Ascaf_58:0-57612
PoolWorker-28,  processing 330583 (31970.1 per sec) reads @ chr6:0-5000000
PoolWorker-28 countReadsInRegions_worker: processing 5000 (472.1 per sec) @ chr6:0-5000000
PoolWorker-28,  processing 930 (67181.7 per sec) reads @ Ascaf_82:0-39089
PoolWorker-28 countReadsInRegions_worker: processing 39 (591.6 per sec) @ Ascaf_82:0-39089
PoolWorker-28,  processing 289117 (32094.3 per sec) reads @ chr4:30000000-35000000
PoolWorker-28 countReadsInRegions_worker: processing 5000 (541.0 per sec) @ chr4:30000000-35000000
PoolWorker-28,  processing 22952 (34938.9 per sec) reads @ Ascaf_34:0-101478
PoolWorker-28 countReadsInRegions_worker: processing 101 (144.3 per sec) @ Ascaf_34:0-101478
PoolWorker-28,  processing 1109 (63512.7 per sec) reads @ Ascaf_167:0-25000
PoolWorker-28 countReadsInRegions_worker: processing 25 (455.2 per sec) @ Ascaf_167:0-25000
PoolWorker-28,  processing 660 (61896.1 per sec) reads @ Ascaf_131:0-18319
PoolWorker-28 countReadsInRegions_worker: processing 18 (379.2 per sec) @ Ascaf_131:0-18319
PoolWorker-28,  processing 300493 (32368.4 per sec) reads @ chr16:15000000-20000000
PoolWorker-28 countReadsInRegions_worker: processing 5000 (527.9 per sec) @ chr16:15000000-20000000
PoolWorker-28,  processing 147471 (33692.2 per sec) reads @ chr2:25000000-26977752
PoolWorker-28 countReadsInRegions_worker: processing 1977 (442.5 per sec) @ chr2:25000000-26977752
PoolWorker-28,  processing 702 (64742.0 per sec) reads @ Ascaf_136:0-17062
PoolWorker-28 countReadsInRegions_worker: processing 17 (350.6 per sec) @ Ascaf_136:0-17062
PoolWorker-28,  processing 2576 (38388.7 per sec) reads @ Ascaf_63:0-51776
PoolWorker-28 countReadsInRegions_worker: processing 51 (485.6 per sec) @ Ascaf_63:0-51776
PoolWorker-28,  processing 6 (10791.5 per sec) reads @ Ascaf_165:0-1000
PoolWorker-28 countReadsInRegions_worker: processing 1 (25.6 per sec) @ Ascaf_165:0-1000
PoolWorker-28,  processing 2214 (37161.9 per sec) reads @ Ascaf_78:0-41577
PoolWorker-28 countReadsInRegions_worker: processing 41 (423.4 per sec) @ Ascaf_78:0-41577
PoolWorker-28,  processing 2269 (36743.7 per sec) reads @ Ascaf_68:0-47437
PoolWorker-28 countReadsInRegions_worker: processing 47 (473.4 per sec) @ Ascaf_68:0-47437
PoolWorker-28,  processing 486 (60582.9 per sec) reads @ Ascaf_145:0-15510
PoolWorker-28 countReadsInRegions_worker: processing 15 (333.5 per sec) @ Ascaf_145:0-15510
PoolWorker-28,  processing 5550 (39655.1 per sec) reads @ Ascaf_59:0-57475
PoolWorker-28 countReadsInRegions_worker: processing 57 (320.4 per sec) @ Ascaf_59:0-57475
PoolWorker-28,  processing 290094 (32515.8 per sec) reads @ chr20:10000000-15000000
PoolWorker-28 countReadsInRegions_worker: processing 5000 (547.2 per sec) @ chr20:10000000-15000000
PoolWorker-28,  processing 2582 (39067.5 per sec) reads @ Ascaf_169:0-50000
PoolWorker-28 countReadsInRegions_worker: processing 50 (471.6 per sec) @ Ascaf_169:0-50000
PoolWorker-28,  processing 2591 (40756.4 per sec) reads @ Ascaf_142:0-15730
PoolWorker-28 countReadsInRegions_worker: processing 15 (148.0 per sec) @ Ascaf_142:0-15730
PoolWorker-28,  processing 182051 (35417.3 per sec) reads @ chr18:15000000-18483836
PoolWorker-28 countReadsInRegions_worker: processing 3483 (665.0 per sec) @ chr18:15000000-18483836
PoolWorker-32,  processing 256641 (31466.1 per sec) reads @ chr10:0-5000000
PoolWorker-32 countReadsInRegions_worker: processing 5000 (597.8 per sec) @ chr10:0-5000000
PoolWorker-32,  processing 2247 (46608.7 per sec) reads @ Ascaf_76:0-42514
PoolWorker-32 countReadsInRegions_worker: processing 42 (203.7 per sec) @ Ascaf_76:0-42514
PoolWorker-32,  processing 67930 (34752.6 per sec) reads @ Ascaf_42:0-86089
PoolWorker-32 countReadsInRegions_worker: processing 86 (42.2 per sec) @ Ascaf_42:0-86089
PoolWorker-32,  processing 326800 (33072.8 per sec) reads @ chr17:5000000-10000000
PoolWorker-32 countReadsInRegions_worker: processing 5000 (496.1 per sec) @ chr17:5000000-10000000
PoolWorker-32,  processing 266052 (33425.1 per sec) reads @ chr7:25000000-30000000
PoolWorker-32 countReadsInRegions_worker: processing 5000 (617.2 per sec) @ chr7:25000000-30000000
PoolWorker-32,  processing 5340 (37475.3 per sec) reads @ Ascaf_84:0-38148
PoolWorker-32 countReadsInRegions_worker: processing 38 (207.9 per sec) @ Ascaf_84:0-38148
PoolWorker-32,  processing 357310 (33525.1 per sec) reads @ chr1:20000000-25000000
PoolWorker-32 countReadsInRegions_worker: processing 5000 (460.9 per sec) @ chr1:20000000-25000000
PoolWorker-32,  processing 283295 (33534.0 per sec) reads @ chr4:5000000-10000000
PoolWorker-32 countReadsInRegions_worker: processing 5000 (580.9 per sec) @ chr4:5000000-10000000
PoolWorker-22,  processing 26846 (33036.3 per sec) reads @ Ascaf_27:0-155775
PoolWorker-22 countReadsInRegions_worker: processing 155 (188.1 per sec) @ Ascaf_27:0-155775
PoolWorker-22,  processing 1095 (65932.1 per sec) reads @ Ascaf_126:0-19574
PoolWorker-22 countReadsInRegions_worker: processing 19 (244.9 per sec) @ Ascaf_126:0-19574
PoolWorker-22,  processing 313318 (32269.4 per sec) reads @ chr17:10000000-15000000
PoolWorker-22 countReadsInRegions_worker: processing 5000 (502.6 per sec) @ chr17:10000000-15000000
PoolWorker-22,  processing 1125 (64905.9 per sec) reads @ Ascaf_127:0-19159
PoolWorker-22 countReadsInRegions_worker: processing 19 (248.0 per sec) @ Ascaf_127:0-19159
PoolWorker-22,  processing 102 (57595.5 per sec) reads @ Ascaf_159:0-3139
PoolWorker-22 countReadsInRegions_worker: processing 3 (49.2 per sec) @ Ascaf_159:0-3139
PoolWorker-22,  processing 225819 (31577.7 per sec) reads @ chr9:20000000-24303205
PoolWorker-22 countReadsInRegions_worker: processing 4303 (589.9 per sec) @ chr9:20000000-24303205
PoolWorker-22,  processing 264794 (32870.7 per sec) reads @ chr4:35000000-40000000
PoolWorker-22 countReadsInRegions_worker: processing 5000 (604.0 per sec) @ chr4:35000000-40000000
PoolWorker-22,  processing 113419 (32991.1 per sec) reads @ chr16:20000000-22188971
PoolWorker-22 countReadsInRegions_worker: processing 2188 (623.3 per sec) @ chr16:20000000-22188971
PoolWorker-22,  processing 317435 (33395.7 per sec) reads @ chr20:0-5000000
PoolWorker-22 countReadsInRegions_worker: processing 5000 (517.4 per sec) @ chr20:0-5000000
PoolWorker-22,  processing 877 (67399.7 per sec) reads @ Ascaf_122:0-20728
PoolWorker-22 countReadsInRegions_worker: processing 20 (402.0 per sec) @ Ascaf_122:0-20728
PoolWorker-22,  processing 288271 (32927.3 per sec) reads @ chr3:5000000-10000000
PoolWorker-22 countReadsInRegions_worker: processing 5000 (558.4 per sec) @ chr3:5000000-10000000
PoolWorker-22,  processing 2548 (39260.3 per sec) reads @ Ascaf_62:0-52951
PoolWorker-22 countReadsInRegions_worker: processing 52 (497.8 per sec) @ Ascaf_62:0-52951
PoolWorker-23,  processing 1327 (39452.8 per sec) reads @ Ascaf_111:0-25158
PoolWorker-23 countReadsInRegions_worker: processing 25 (470.9 per sec) @ Ascaf_111:0-25158
PoolWorker-23,  processing 1305 (27617.9 per sec) reads @ Ascaf_109:0-28244
PoolWorker-23 countReadsInRegions_worker: processing 28 (321.5 per sec) @ Ascaf_109:0-28244
PoolWorker-23,  processing 918 (39665.1 per sec) reads @ Ascaf_121:0-21431
PoolWorker-23 countReadsInRegions_worker: processing 21 (260.4 per sec) @ Ascaf_121:0-21431
PoolWorker-23,  processing 546685 (31609.1 per sec) reads @ chr19:0-5000000
PoolWorker-23 countReadsInRegions_worker: processing 5000 (282.4 per sec) @ chr19:0-5000000
PoolWorker-23,  processing 5638 (38414.6 per sec) reads @ Ascaf_44:0-77777
PoolWorker-23 countReadsInRegions_worker: processing 77 (416.5 per sec) @ Ascaf_44:0-77777
PoolWorker-23,  processing 207872 (32499.4 per sec) reads @ chr7:30000000-33914388
PoolWorker-23 countReadsInRegions_worker: processing 3914 (600.3 per sec) @ chr7:30000000-33914388
PoolWorker-23,  processing 216271 (33095.9 per sec) reads @ chr17:20000000-23682274
PoolWorker-23 countReadsInRegions_worker: processing 3682 (553.6 per sec) @ chr17:20000000-23682274
PoolWorker-23,  processing 3119 (36592.9 per sec) reads @ Ascaf_47:0-72017
PoolWorker-23 countReadsInRegions_worker: processing 72 (575.5 per sec) @ Ascaf_47:0-72017
PoolWorker-23,  processing 30289 (34620.7 per sec) reads @ Ascaf_22:0-446888
PoolWorker-23 countReadsInRegions_worker: processing 446 (479.6 per sec) @ Ascaf_22:0-446888
PoolWorker-23,  processing 12646 (35588.9 per sec) reads @ Ascaf_72:0-46000
PoolWorker-23 countReadsInRegions_worker: processing 46 (113.0 per sec) @ Ascaf_72:0-46000
PoolWorker-23,  processing 1841 (44064.2 per sec) reads @ Ascaf_86:0-37568
PoolWorker-23 countReadsInRegions_worker: processing 37 (469.3 per sec) @ Ascaf_86:0-37568
PoolWorker-23,  processing 2802 (41074.2 per sec) reads @ Ascaf_61:0-54508
PoolWorker-23 countReadsInRegions_worker: processing 54 (505.7 per sec) @ Ascaf_61:0-54508
PoolWorker-23,  processing 12277 (34570.6 per sec) reads @ Ascaf_36:0-98486
PoolWorker-23 countReadsInRegions_worker: processing 98 (239.9 per sec) @ Ascaf_36:0-98486
PoolWorker-23,  processing 74 (52411.1 per sec) reads @ Ascaf_160:0-2000
PoolWorker-23 countReadsInRegions_worker: processing 2 (61.8 per sec) @ Ascaf_160:0-2000
PoolWorker-23,  processing 289268 (33326.4 per sec) reads @ chr7:10000000-15000000
PoolWorker-23 countReadsInRegions_worker: processing 5000 (566.7 per sec) @ chr7:10000000-15000000
PoolWorker-23,  processing 268873 (34224.8 per sec) reads @ chr1:0-5000000
PoolWorker-23 countReadsInRegions_worker: processing 5000 (625.3 per sec) @ chr1:0-5000000
PoolWorker-21,  processing 276985 (32990.7 per sec) reads @ chr9:15000000-20000000
PoolWorker-21 countReadsInRegions_worker: processing 5000 (581.9 per sec) @ chr9:15000000-20000000
PoolWorker-21,  processing 282199 (33368.9 per sec) reads @ chr12:5000000-10000000
PoolWorker-21 countReadsInRegions_worker: processing 5000 (576.8 per sec) @ chr12:5000000-10000000
PoolWorker-21,  processing 38494 (35006.9 per sec) reads @ Ascaf_45:0-74461
PoolWorker-21 countReadsInRegions_worker: processing 74 (64.6 per sec) @ Ascaf_45:0-74461
PoolWorker-21,  processing 86 (43023.6 per sec) reads @ Ascaf_157:0-3527
PoolWorker-21 countReadsInRegions_worker: processing 3 (77.0 per sec) @ Ascaf_157:0-3527
PoolWorker-21,  processing 266709 (32975.7 per sec) reads @ chr5:5000000-10000000
PoolWorker-21 countReadsInRegions_worker: processing 5000 (604.1 per sec) @ chr5:5000000-10000000
PoolWorker-21,  processing 285099 (33355.7 per sec) reads @ chr6:10000000-15000000
PoolWorker-21 countReadsInRegions_worker: processing 5000 (576.0 per sec) @ chr6:10000000-15000000
PoolWorker-21,  processing 281139 (33021.2 per sec) reads @ chr10:5000000-10000000
PoolWorker-21 countReadsInRegions_worker: processing 5000 (574.4 per sec) @ chr10:5000000-10000000
PoolWorker-21,  processing 312378 (40370.3 per sec) reads @ chr21:15000000-19873525
PoolWorker-21 countReadsInRegions_worker: processing 4873 (617.8 per sec) @ chr21:15000000-19873525
PoolWorker-27,  processing 1783 (64419.4 per sec) reads @ Ascaf_88:0-36907
PoolWorker-27 countReadsInRegions_worker: processing 36 (618.3 per sec) @ Ascaf_88:0-36907
PoolWorker-27,  processing 54152 (35772.6 per sec) reads @ Ascaf_39:0-92659
PoolWorker-27 countReadsInRegions_worker: processing 92 (56.9 per sec) @ Ascaf_39:0-92659
PoolWorker-27,  processing 16540 (34844.8 per sec) reads @ Ascaf_75:0-42641
PoolWorker-27 countReadsInRegions_worker: processing 42 (78.1 per sec) @ Ascaf_75:0-42641
PoolWorker-27,  processing 67911 (34833.6 per sec) reads @ Ascaf_26:0-156806
PoolWorker-27 countReadsInRegions_worker: processing 156 (76.7 per sec) @ Ascaf_26:0-156806
PoolWorker-27,  processing 7239 (37076.3 per sec) reads @ Ascaf_52:0-64568
PoolWorker-27 countReadsInRegions_worker: processing 64 (251.2 per sec) @ Ascaf_52:0-64568
PoolWorker-27,  processing 1269 (66599.6 per sec) reads @ Ascaf_112:0-24428
PoolWorker-27 countReadsInRegions_worker: processing 24 (322.8 per sec) @ Ascaf_112:0-24428
PoolWorker-27,  processing 56 (44018.2 per sec) reads @ Ascaf_162:0-1000
PoolWorker-27 countReadsInRegions_worker: processing 1 (17.0 per sec) @ Ascaf_162:0-1000
PoolWorker-27,  processing 5124 (36779.7 per sec) reads @ Ascaf_92:0-34608
PoolWorker-27 countReadsInRegions_worker: processing 34 (172.0 per sec) @ Ascaf_92:0-34608
PoolWorker-27,  processing 24181 (35496.6 per sec) reads @ Ascaf_53:0-64139
PoolWorker-27 countReadsInRegions_worker: processing 64 (86.0 per sec) @ Ascaf_53:0-64139
PoolWorker-27,  processing 518 (58949.7 per sec) reads @ Ascaf_115:0-24004
PoolWorker-27 countReadsInRegions_worker: processing 24 (353.2 per sec) @ Ascaf_115:0-24004
PoolWorker-27,  processing 1521 (41136.8 per sec) reads @ Ascaf_108:0-29345
PoolWorker-27 countReadsInRegions_worker: processing 29 (302.9 per sec) @ Ascaf_108:0-29345
PoolWorker-27,  processing 544 (63212.0 per sec) reads @ Ascaf_152:0-12206
PoolWorker-27 countReadsInRegions_worker: processing 12 (179.0 per sec) @ Ascaf_152:0-12206
PoolWorker-27,  processing 889 (68311.9 per sec) reads @ Ascaf_118:0-22120
PoolWorker-27 countReadsInRegions_worker: processing 22 (307.0 per sec) @ Ascaf_118:0-22120
PoolWorker-27,  processing 275126 (32813.4 per sec) reads @ chr14:10000000-15000000
PoolWorker-27 countReadsInRegions_worker: processing 5000 (579.0 per sec) @ chr14:10000000-15000000
PoolWorker-27,  processing 286706 (32532.5 per sec) reads @ chr12:15000000-20000000
PoolWorker-27 countReadsInRegions_worker: processing 5000 (560.0 per sec) @ chr12:15000000-20000000
PoolWorker-27,  processing 34228 (34263.3 per sec) reads @ Ascaf_120:0-22000
PoolWorker-27 countReadsInRegions_worker: processing 22 (21.1 per sec) @ Ascaf_120:0-22000
PoolWorker-27,  processing 584 (63596.3 per sec) reads @ Ascaf_146:0-15502
PoolWorker-27 countReadsInRegions_worker: processing 15 (314.1 per sec) @ Ascaf_146:0-15502
PoolWorker-27,  processing 223362 (32924.2 per sec) reads @ chr8:20000000-23122080
PoolWorker-27 countReadsInRegions_worker: processing 3122 (451.5 per sec) @ chr8:20000000-23122080
PoolWorker-27,  processing 37074 (35151.9 per sec) reads @ Ascaf_50:0-70692
PoolWorker-27 countReadsInRegions_worker: processing 70 (63.0 per sec) @ Ascaf_50:0-70692
PoolWorker-27,  processing 2392 (38354.4 per sec) reads @ Ascaf_70:0-46916
PoolWorker-27 countReadsInRegions_worker: processing 46 (460.8 per sec) @ Ascaf_70:0-46916
PoolWorker-27,  processing 19897 (33835.6 per sec) reads @ Ascaf_32:0-110405
PoolWorker-27 countReadsInRegions_worker: processing 110 (175.3 per sec) @ Ascaf_32:0-110405
PoolWorker-27,  processing 4677 (33428.2 per sec) reads @ Ascaf_73:0-44649
PoolWorker-27 countReadsInRegions_worker: processing 44 (245.2 per sec) @ Ascaf_73:0-44649
PoolWorker-27,  processing 4780 (39412.2 per sec) reads @ Ascaf_55:0-59833
PoolWorker-27 countReadsInRegions_worker: processing 59 (371.8 per sec) @ Ascaf_55:0-59833
PoolWorker-27,  processing 2191 (36909.8 per sec) reads @ Ascaf_83:0-38959
PoolWorker-27 countReadsInRegions_worker: processing 38 (392.4 per sec) @ Ascaf_83:0-38959
PoolWorker-27,  processing 285643 (33090.6 per sec) reads @ chr2:15000000-20000000
PoolWorker-27 countReadsInRegions_worker: processing 5000 (569.5 per sec) @ chr2:15000000-20000000
PoolWorker-27,  processing 296678 (35781.8 per sec) reads @ chr5:10000000-15000000
PoolWorker-27 countReadsInRegions_worker: processing 5000 (595.6 per sec) @ chr5:10000000-15000000
PoolWorker-27,  processing 1185 (67437.1 per sec) reads @ Ascaf_54:0-60000
PoolWorker-27 countReadsInRegions_worker: processing 60 (2620.9 per sec) @ Ascaf_54:0-60000
PoolWorker-27,  processing 1807 (43729.7 per sec) reads @ Ascaf_69:0-44691
PoolWorker-27 countReadsInRegions_worker: processing 44 (541.9 per sec) @ Ascaf_69:0-44691
PoolWorker-19,  processing 1041 (64750.7 per sec) reads @ Ascaf_134:0-17659
PoolWorker-19 countReadsInRegions_worker: processing 17 (750.2 per sec) @ Ascaf_134:0-17659
PoolWorker-19,  processing 4780 (60219.7 per sec) reads @ Ascaf_71:0-32519
PoolWorker-19 countReadsInRegions_worker: processing 32 (262.9 per sec) @ Ascaf_71:0-32519
PoolWorker-19,  processing 396416 (33904.1 per sec) reads @ chr13:0-5000000
PoolWorker-19 countReadsInRegions_worker: processing 5000 (416.1 per sec) @ chr13:0-5000000
PoolWorker-19,  processing 18416 (34917.0 per sec) reads @ Ascaf_96:0-33398
PoolWorker-19 countReadsInRegions_worker: processing 33 (55.9 per sec) @ Ascaf_96:0-33398
PoolWorker-19,  processing 336458 (32309.3 per sec) reads @ chr4:25000000-30000000
PoolWorker-19 countReadsInRegions_worker: processing 5000 (470.6 per sec) @ chr4:25000000-30000000
PoolWorker-19,  processing 844 (66513.7 per sec) reads @ Ascaf_102:0-31073
PoolWorker-19 countReadsInRegions_worker: processing 31 (650.6 per sec) @ Ascaf_102:0-31073
PoolWorker-19,  processing 134622 (32986.9 per sec) reads @ chr19:20000000-23715829
PoolWorker-19 countReadsInRegions_worker: processing 3715 (890.5 per sec) @ chr19:20000000-23715829
PoolWorker-19,  processing 258960 (32713.5 per sec) reads @ chr15:0-5000000
PoolWorker-19 countReadsInRegions_worker: processing 5000 (616.8 per sec) @ chr15:0-5000000
PoolWorker-19,  processing 1599 (42148.9 per sec) reads @ Ascaf_100:0-32247
PoolWorker-19 countReadsInRegions_worker: processing 32 (416.5 per sec) @ Ascaf_100:0-32247
PoolWorker-19,  processing 282824 (33266.9 per sec) reads @ chr8:5000000-10000000
PoolWorker-19 countReadsInRegions_worker: processing 5000 (577.2 per sec) @ chr8:5000000-10000000
PoolWorker-19,  processing 50215 (35249.7 per sec) reads @ chr15:20000000-20219940
PoolWorker-19 countReadsInRegions_worker: processing 219 (147.5 per sec) @ chr15:20000000-20219940
PoolWorker-19,  processing 170 (55338.1 per sec) reads @ Ascaf_158:0-3231
PoolWorker-19 countReadsInRegions_worker: processing 3 (72.3 per sec) @ Ascaf_158:0-3231
PoolWorker-19,  processing 751 (63397.9 per sec) reads @ Ascaf_147:0-15099
PoolWorker-19 countReadsInRegions_worker: processing 15 (305.4 per sec) @ Ascaf_147:0-15099
PoolWorker-19,  processing 877 (65702.2 per sec) reads @ Ascaf_141:0-15738
PoolWorker-19 countReadsInRegions_worker: processing 15 (300.0 per sec) @ Ascaf_141:0-15738
PoolWorker-19,  processing 173045 (38351.9 per sec) reads @ chr20:20000000-22998664
PoolWorker-19 countReadsInRegions_worker: processing 2998 (647.5 per sec) @ chr20:20000000-22998664
PoolWorker-19,  processing 267865 (63427.8 per sec) reads @ chr21:5000000-10000000
PoolWorker-19 countReadsInRegions_worker: processing 5000 (1160.7 per sec) @ chr21:5000000-10000000
PoolWorker-17,  processing 289190 (30521.8 per sec) reads @ chr21:10000000-15000000
PoolWorker-17 countReadsInRegions_worker: processing 5000 (491.2 per sec) @ chr21:10000000-15000000
PoolWorker-17,  processing 14955 (34831.8 per sec) reads @ Ascaf_24:0-187591
PoolWorker-17 countReadsInRegions_worker: processing 187 (386.7 per sec) @ Ascaf_24:0-187591
PoolWorker-17,  processing 275231 (32570.9 per sec) reads @ chr12:0-5000000
PoolWorker-17 countReadsInRegions_worker: processing 5000 (578.0 per sec) @ chr12:0-5000000
PoolWorker-17,  processing 288705 (32897.6 per sec) reads @ chr2:20000000-25000000
PoolWorker-17 countReadsInRegions_worker: processing 5000 (557.5 per sec) @ chr2:20000000-25000000
PoolWorker-17,  processing 4399 (33664.9 per sec) reads @ Ascaf_166:0-50000
PoolWorker-17 countReadsInRegions_worker: processing 50 (213.6 per sec) @ Ascaf_166:0-50000
PoolWorker-17,  processing 6697 (38377.1 per sec) reads @ Ascaf_90:0-35566
PoolWorker-17 countReadsInRegions_worker: processing 35 (153.3 per sec) @ Ascaf_90:0-35566
PoolWorker-17,  processing 157905 (33492.8 per sec) reads @ chr19:15000000-20000000
PoolWorker-17 countReadsInRegions_worker: processing 5000 (1042.0 per sec) @ chr19:15000000-20000000
PoolWorker-17,  processing 44949 (34848.0 per sec) reads @ Ascaf_89:0-36000
PoolWorker-17 countReadsInRegions_worker: processing 36 (26.7 per sec) @ Ascaf_89:0-36000
PoolWorker-17,  processing 265684 (31986.8 per sec) reads @ chr7:0-5000000
PoolWorker-17 countReadsInRegions_worker: processing 5000 (588.1 per sec) @ chr7:0-5000000
PoolWorker-17,  processing 5970 (35891.0 per sec) reads @ Ascaf_114:0-24031
PoolWorker-17 countReadsInRegions_worker: processing 24 (116.1 per sec) @ Ascaf_114:0-24031
PoolWorker-17,  processing 247956 (35576.8 per sec) reads @ chr13:20000000-24369283
PoolWorker-17 countReadsInRegions_worker: processing 4369 (619.4 per sec) @ chr13:20000000-24369283
PoolWorker-17,  processing 283445 (59292.1 per sec) reads @ chr16:5000000-10000000
PoolWorker-17 countReadsInRegions_worker: processing 5000 (1033.3 per sec) @ chr16:5000000-10000000
PoolWorker-30,  processing 343632 (31976.8 per sec) reads @ chr7:20000000-25000000
PoolWorker-30 countReadsInRegions_worker: processing 5000 (454.8 per sec) @ chr7:20000000-25000000
PoolWorker-30,  processing 2474 (38855.3 per sec) reads @ Ascaf_133:0-49732
PoolWorker-30 countReadsInRegions_worker: processing 49 (397.6 per sec) @ Ascaf_133:0-49732
PoolWorker-30,  processing 1156 (57469.8 per sec) reads @ Ascaf_97:0-33357
PoolWorker-30 countReadsInRegions_worker: processing 33 (415.0 per sec) @ Ascaf_97:0-33357
PoolWorker-30,  processing 203942 (32354.6 per sec) reads @ chr12:20000000-23704847
PoolWorker-30 countReadsInRegions_worker: processing 3704 (568.3 per sec) @ chr12:20000000-23704847
PoolWorker-30,  processing 283601 (33372.6 per sec) reads @ chr6:5000000-10000000
PoolWorker-30 countReadsInRegions_worker: processing 5000 (578.5 per sec) @ chr6:5000000-10000000
PoolWorker-30,  processing 586 (65074.5 per sec) reads @ Ascaf_143:0-15560
PoolWorker-30 countReadsInRegions_worker: processing 15 (310.0 per sec) @ Ascaf_143:0-15560
PoolWorker-30,  processing 2421 (38813.0 per sec) reads @ Ascaf_168:0-25000
PoolWorker-30 countReadsInRegions_worker: processing 25 (274.5 per sec) @ Ascaf_168:0-25000
PoolWorker-30,  processing 9874 (39062.4 per sec) reads @ Ascaf_79:0-41364
PoolWorker-30 countReadsInRegions_worker: processing 41 (134.5 per sec) @ Ascaf_79:0-41364
PoolWorker-30,  processing 276304 (32099.7 per sec) reads @ chr5:0-5000000
PoolWorker-30 countReadsInRegions_worker: processing 5000 (571.3 per sec) @ chr5:0-5000000
PoolWorker-30,  processing 290373 (32898.3 per sec) reads @ chr18:5000000-10000000
PoolWorker-30 countReadsInRegions_worker: processing 5000 (556.1 per sec) @ chr18:5000000-10000000
PoolWorker-30,  processing 40852 (34350.8 per sec) reads @ Ascaf_98:0-33222
PoolWorker-30 countReadsInRegions_worker: processing 33 (26.2 per sec) @ Ascaf_98:0-33222
PoolWorker-30,  processing 13602 (35846.3 per sec) reads @ Ascaf_124:0-19772
PoolWorker-30 countReadsInRegions_worker: processing 19 (45.4 per sec) @ Ascaf_124:0-19772
PoolWorker-30,  processing 678 (64774.7 per sec) reads @ Ascaf_144:0-15519
PoolWorker-30 countReadsInRegions_worker: processing 15 (312.6 per sec) @ Ascaf_144:0-15519
PoolWorker-30,  processing 4098 (35422.3 per sec) reads @ Ascaf_49:0-70996
PoolWorker-30 countReadsInRegions_worker: processing 70 (457.0 per sec) @ Ascaf_49:0-70996
PoolWorker-30,  processing 287525 (47461.2 per sec) reads @ chr8:15000000-20000000
PoolWorker-30 countReadsInRegions_worker: processing 5000 (808.5 per sec) @ chr8:15000000-20000000
PoolWorker-30,  processing 20547 (70249.3 per sec) reads @ Ascaf_110:0-27536
PoolWorker-30 countReadsInRegions_worker: processing 27 (89.8 per sec) @ Ascaf_110:0-27536
PoolWorker-18,  processing 5976 (38646.3 per sec) reads @ Ascaf_40:0-90738
PoolWorker-18 countReadsInRegions_worker: processing 90 (555.1 per sec) @ Ascaf_40:0-90738
PoolWorker-18,  processing 280782 (32315.1 per sec) reads @ chr20:5000000-10000000
PoolWorker-18 countReadsInRegions_worker: processing 5000 (561.9 per sec) @ chr20:5000000-10000000
PoolWorker-18,  processing 1709 (41909.0 per sec) reads @ Ascaf_66:0-47454
PoolWorker-18 countReadsInRegions_worker: processing 47 (471.1 per sec) @ Ascaf_66:0-47454
PoolWorker-18,  processing 1071 (63606.8 per sec) reads @ Ascaf_60:0-24766
PoolWorker-18 countReadsInRegions_worker: processing 24 (316.6 per sec) @ Ascaf_60:0-24766
PoolWorker-18,  processing 291877 (34624.4 per sec) reads @ chr4:10000000-15000000
PoolWorker-18 countReadsInRegions_worker: processing 5000 (579.2 per sec) @ chr4:10000000-15000000
PoolWorker-18,  processing 284424 (32941.7 per sec) reads @ chr3:10000000-15000000
PoolWorker-18 countReadsInRegions_worker: processing 5000 (565.1 per sec) @ chr3:10000000-15000000
PoolWorker-18,  processing 2137 (36864.5 per sec) reads @ Ascaf_87:0-36937
PoolWorker-18 countReadsInRegions_worker: processing 36 (369.5 per sec) @ Ascaf_87:0-36937
PoolWorker-18,  processing 27850 (34629.4 per sec) reads @ Ascaf_41:0-90399
PoolWorker-18 countReadsInRegions_worker: processing 90 (106.0 per sec) @ Ascaf_41:0-90399
PoolWorker-18,  processing 246839 (33520.3 per sec) reads @ chr21:0-5000000
PoolWorker-18 countReadsInRegions_worker: processing 5000 (665.5 per sec) @ chr21:0-5000000
PoolWorker-18,  processing 6108 (36728.6 per sec) reads @ Ascaf_107:0-29490
PoolWorker-18 countReadsInRegions_worker: processing 29 (137.7 per sec) @ Ascaf_107:0-29490
PoolWorker-18,  processing 1685 (43522.2 per sec) reads @ Ascaf_94:0-33862
PoolWorker-18 countReadsInRegions_worker: processing 33 (500.9 per sec) @ Ascaf_94:0-33862
PoolWorker-18,  processing 29271 (34840.6 per sec) reads @ Ascaf_74:0-44000
PoolWorker-18 countReadsInRegions_worker: processing 44 (49.9 per sec) @ Ascaf_74:0-44000
PoolWorker-18,  processing 273919 (33992.8 per sec) reads @ chr20:15000000-20000000
PoolWorker-18 countReadsInRegions_worker: processing 5000 (607.6 per sec) @ chr20:15000000-20000000
PoolWorker-18,  processing 11647 (37640.3 per sec) reads @ Ascaf_29:0-143722
PoolWorker-18 countReadsInRegions_worker: processing 143 (396.0 per sec) @ Ascaf_29:0-143722
PoolWorker-18,  processing 276673 (41464.8 per sec) reads @ chr18:10000000-15000000
PoolWorker-18 countReadsInRegions_worker: processing 5000 (739.2 per sec) @ chr18:10000000-15000000
PoolWorker-18,  processing 285060 (67080.5 per sec) reads @ chr13:5000000-10000000
PoolWorker-18 countReadsInRegions_worker: processing 5000 (1158.6 per sec) @ chr13:5000000-10000000
PoolWorker-24,  processing 1479 (40541.8 per sec) reads @ Ascaf_85:0-37890
PoolWorker-24 countReadsInRegions_worker: processing 37 (782.6 per sec) @ Ascaf_85:0-37890
PoolWorker-24,  processing 260387 (32001.5 per sec) reads @ chr4:0-5000000
PoolWorker-24 countReadsInRegions_worker: processing 5000 (598.1 per sec) @ chr4:0-5000000
PoolWorker-24,  processing 285640 (33289.8 per sec) reads @ chr7:5000000-10000000
PoolWorker-24 countReadsInRegions_worker: processing 5000 (565.3 per sec) @ chr7:5000000-10000000
PoolWorker-24,  processing 2154 (48438.1 per sec) reads @ Ascaf_65:0-47651
PoolWorker-24 countReadsInRegions_worker: processing 47 (470.5 per sec) @ Ascaf_65:0-47651
PoolWorker-24,  processing 2418 (38453.6 per sec) reads @ Ascaf_81:0-40000
PoolWorker-24 countReadsInRegions_worker: processing 40 (386.9 per sec) @ Ascaf_81:0-40000
PoolWorker-24,  processing 1990 (45469.1 per sec) reads @ Ascaf_80:0-41014
PoolWorker-24 countReadsInRegions_worker: processing 41 (586.1 per sec) @ Ascaf_80:0-41014
PoolWorker-24,  processing 1125 (36744.3 per sec) reads @ Ascaf_103:0-30986
PoolWorker-24 countReadsInRegions_worker: processing 30 (492.3 per sec) @ Ascaf_103:0-30986
PoolWorker-24,  processing 1444 (65033.6 per sec) reads @ Ascaf_99:0-33167
PoolWorker-24 countReadsInRegions_worker: processing 33 (552.0 per sec) @ Ascaf_99:0-33167
PoolWorker-24,  processing 1117 (63501.8 per sec) reads @ Ascaf_123:0-20153
PoolWorker-24 countReadsInRegions_worker: processing 20 (349.6 per sec) @ Ascaf_123:0-20153
PoolWorker-24,  processing 553 (61658.0 per sec) reads @ Ascaf_139:0-16678
PoolWorker-24 countReadsInRegions_worker: processing 16 (367.8 per sec) @ Ascaf_139:0-16678
PoolWorker-24,  processing 278711 (33220.2 per sec) reads @ chr15:5000000-10000000
PoolWorker-24 countReadsInRegions_worker: processing 5000 (579.6 per sec) @ chr15:5000000-10000000
PoolWorker-24,  processing 259480 (32824.3 per sec) reads @ chr11:0-5000000
PoolWorker-24 countReadsInRegions_worker: processing 5000 (622.3 per sec) @ chr11:0-5000000
PoolWorker-24,  processing 288142 (33353.3 per sec) reads @ chr13:10000000-15000000
PoolWorker-24 countReadsInRegions_worker: processing 5000 (568.9 per sec) @ chr13:10000000-15000000
PoolWorker-24,  processing 32396 (35246.4 per sec) reads @ Ascaf_30:0-130979
PoolWorker-24 countReadsInRegions_worker: processing 130 (133.4 per sec) @ Ascaf_30:0-130979
PoolWorker-24,  processing 288235 (37369.9 per sec) reads @ chr1:10000000-15000000
PoolWorker-24 countReadsInRegions_worker: processing 5000 (640.0 per sec) @ chr1:10000000-15000000
PoolWorker-24,  processing 306929 (67444.7 per sec) reads @ chr18:0-5000000
PoolWorker-24 countReadsInRegions_worker: processing 5000 (1081.5 per sec) @ chr18:0-5000000
PoolWorker-20,  processing 68309 (40206.8 per sec) reads @ chr6:20000000-21248438
PoolWorker-20 countReadsInRegions_worker: processing 1248 (717.0 per sec) @ chr6:20000000-21248438
PoolWorker-20,  processing 24433 (49433.2 per sec) reads @ Ascaf_43:0-83995
PoolWorker-20 countReadsInRegions_worker: processing 83 (148.9 per sec) @ Ascaf_43:0-83995
PoolWorker-20,  processing 282272 (32860.0 per sec) reads @ chr17:15000000-20000000
PoolWorker-20 countReadsInRegions_worker: processing 5000 (572.0 per sec) @ chr17:15000000-20000000
PoolWorker-20,  processing 1441 (66292.2 per sec) reads @ Ascaf_95:0-33544
PoolWorker-20 countReadsInRegions_worker: processing 33 (407.4 per sec) @ Ascaf_95:0-33544
PoolWorker-20,  processing 5671 (38747.7 per sec) reads @ Ascaf_31:0-121444
PoolWorker-20 countReadsInRegions_worker: processing 121 (585.8 per sec) @ Ascaf_31:0-121444
PoolWorker-20,  processing 307 (62858.3 per sec) reads @ Ascaf_155:0-6589
PoolWorker-20 countReadsInRegions_worker: processing 6 (94.1 per sec) @ Ascaf_155:0-6589
PoolWorker-20,  processing 293878 (33154.4 per sec) reads @ chr2:10000000-15000000
PoolWorker-20 countReadsInRegions_worker: processing 5000 (552.7 per sec) @ chr2:10000000-15000000
PoolWorker-20,  processing 11113 (34238.6 per sec) reads @ Ascaf_57:0-58000
PoolWorker-20 countReadsInRegions_worker: processing 58 (157.7 per sec) @ Ascaf_57:0-58000
PoolWorker-20,  processing 259521 (32588.3 per sec) reads @ chr8:0-5000000
PoolWorker-20 countReadsInRegions_worker: processing 5000 (616.4 per sec) @ chr8:0-5000000
PoolWorker-20,  processing 1054 (61165.5 per sec) reads @ Ascaf_132:0-17867
PoolWorker-20 countReadsInRegions_worker: processing 17 (401.4 per sec) @ Ascaf_132:0-17867
PoolWorker-20,  processing 1859 (32015.2 per sec) reads @ Ascaf_104:0-29894
PoolWorker-20 countReadsInRegions_worker: processing 29 (458.0 per sec) @ Ascaf_104:0-29894
PoolWorker-20,  processing 213889 (32851.7 per sec) reads @ chr1:30000000-33917795
PoolWorker-20 countReadsInRegions_worker: processing 3917 (590.2 per sec) @ chr1:30000000-33917795
PoolWorker-20,  processing 715 (66216.1 per sec) reads @ Ascaf_128:0-19120
PoolWorker-20 countReadsInRegions_worker: processing 19 (391.7 per sec) @ Ascaf_128:0-19120
PoolWorker-20,  processing 1846 (45177.4 per sec) reads @ Ascaf_77:0-41997
PoolWorker-20 countReadsInRegions_worker: processing 41 (523.1 per sec) @ Ascaf_77:0-41997
PoolWorker-20,  processing 838 (65823.2 per sec) reads @ Ascaf_149:0-13452
PoolWorker-20 countReadsInRegions_worker: processing 13 (256.2 per sec) @ Ascaf_149:0-13452
PoolWorker-20,  processing 901 (68138.0 per sec) reads @ Ascaf_148:0-14976
PoolWorker-20 countReadsInRegions_worker: processing 14 (319.7 per sec) @ Ascaf_148:0-14976
PoolWorker-20,  processing 277414 (33800.0 per sec) reads @ chr2:5000000-10000000
PoolWorker-20 countReadsInRegions_worker: processing 5000 (591.6 per sec) @ chr2:5000000-10000000
PoolWorker-20,  processing 12315 (35307.2 per sec) reads @ Ascaf_35:0-99371
PoolWorker-20 countReadsInRegions_worker: processing 99 (253.9 per sec) @ Ascaf_35:0-99371
PoolWorker-20,  processing 432 (62772.9 per sec) reads @ Ascaf_151:0-13242
PoolWorker-20 countReadsInRegions_worker: processing 13 (289.7 per sec) @ Ascaf_151:0-13242
PoolWorker-20,  processing 5249 (37280.3 per sec) reads @ Ascaf_46:0-73387
PoolWorker-20 countReadsInRegions_worker: processing 73 (412.2 per sec) @ Ascaf_46:0-73387
PoolWorker-20,  processing 15434 (34047.8 per sec) reads @ chr3:20000000-20313673
PoolWorker-20 countReadsInRegions_worker: processing 313 (632.3 per sec) @ chr3:20000000-20313673
PoolWorker-20,  processing 310 (57631.9 per sec) reads @ Ascaf_154:0-6709
PoolWorker-20 countReadsInRegions_worker: processing 6 (135.6 per sec) @ Ascaf_154:0-6709
PoolWorker-20,  processing 1042 (66197.1 per sec) reads @ Ascaf_125:0-19664
PoolWorker-20 countReadsInRegions_worker: processing 19 (360.0 per sec) @ Ascaf_125:0-19664
PoolWorker-20,  processing 214 (57714.8 per sec) reads @ Ascaf_156:0-5652
PoolWorker-20 countReadsInRegions_worker: processing 5 (118.5 per sec) @ Ascaf_156:0-5652
PoolWorker-20,  processing 4645 (41746.8 per sec) reads @ Ascaf_56:0-58445
PoolWorker-20 countReadsInRegions_worker: processing 58 (390.1 per sec) @ Ascaf_56:0-58445
PoolWorker-20,  processing 281632 (42127.6 per sec) reads @ chr11:5000000-10000000
PoolWorker-20 countReadsInRegions_worker: processing 5000 (737.2 per sec) @ chr11:5000000-10000000
PoolWorker-20,  processing 4156 (68598.9 per sec) reads @ Ascaf_105:0-29809
PoolWorker-20 countReadsInRegions_worker: processing 29 (437.8 per sec) @ Ascaf_105:0-29809
PoolWorker-20,  processing 294997 (68203.7 per sec) reads @ chr13:15000000-20000000
PoolWorker-20 countReadsInRegions_worker: processing 5000 (1139.7 per sec) @ chr13:15000000-20000000
PoolWorker-29,  processing 420 (61046.1 per sec) reads @ Ascaf_140:0-15786
PoolWorker-29 countReadsInRegions_worker: processing 15 (516.8 per sec) @ Ascaf_140:0-15786
PoolWorker-29,  processing 169283 (32222.1 per sec) reads @ chr19:10000000-15000000
PoolWorker-29 countReadsInRegions_worker: processing 5000 (927.5 per sec) @ chr19:10000000-15000000
PoolWorker-29,  processing 299362 (32823.3 per sec) reads @ chr1:15000000-20000000
PoolWorker-29 countReadsInRegions_worker: processing 5000 (532.6 per sec) @ chr1:15000000-20000000
PoolWorker-29,  processing 257299 (33669.5 per sec) reads @ chr5:15000000-18670498
PoolWorker-29 countReadsInRegions_worker: processing 3670 (471.1 per sec) @ chr5:15000000-18670498
PoolWorker-29,  processing 368236 (33189.5 per sec) reads @ chr4:20000000-25000000
PoolWorker-29 countReadsInRegions_worker: processing 5000 (443.1 per sec) @ chr4:20000000-25000000
PoolWorker-29,  processing 10683 (34643.4 per sec) reads @ Ascaf_23:0-264707
PoolWorker-29 countReadsInRegions_worker: processing 264 (761.6 per sec) @ Ascaf_23:0-264707
PoolWorker-29,  processing 260706 (32479.5 per sec) reads @ chr2:0-5000000
PoolWorker-29 countReadsInRegions_worker: processing 5000 (609.3 per sec) @ chr2:0-5000000
PoolWorker-29,  processing 14294 (35729.3 per sec) reads @ Ascaf_137:0-17000
PoolWorker-29 countReadsInRegions_worker: processing 17 (38.7 per sec) @ Ascaf_137:0-17000
PoolWorker-29,  processing 302095 (36767.9 per sec) reads @ chr16:0-5000000
PoolWorker-29 countReadsInRegions_worker: processing 5000 (601.2 per sec) @ chr16:0-5000000
PoolWorker-29,  processing 292632 (55486.2 per sec) reads @ chr9:0-5000000
PoolWorker-29 countReadsInRegions_worker: processing 5000 (927.6 per sec) @ chr9:0-5000000
PoolWorker-29,  processing 284535 (76879.9 per sec) reads @ chr1:5000000-10000000
PoolWorker-29 countReadsInRegions_worker: processing 5000 (1329.6 per sec) @ chr1:5000000-10000000
PoolWorker-29,  processing 770 (73382.0 per sec) reads @ Ascaf_138:0-16696
PoolWorker-29 countReadsInRegions_worker: processing 16 (1056.0 per sec) @ Ascaf_138:0-16696
PoolWorker-25,  processing 22321 (68211.9 per sec) reads @ Ascaf_113:0-24387
PoolWorker-25 countReadsInRegions_worker: processing 24 (70.3 per sec) @ Ascaf_113:0-24387
PoolWorker-25,  processing 1664 (66107.7 per sec) reads @ Ascaf_91:0-34837
PoolWorker-25 countReadsInRegions_worker: processing 34 (1089.2 per sec) @ Ascaf_91:0-34837
PoolWorker-25,  processing 7249 (60397.4 per sec) reads @ Ascaf_37:0-98231
PoolWorker-25 countReadsInRegions_worker: processing 98 (775.8 per sec) @ Ascaf_37:0-98231
PoolWorker-25,  processing 269696 (32346.6 per sec) reads @ chr6:15000000-20000000
PoolWorker-25 countReadsInRegions_worker: processing 5000 (585.5 per sec) @ chr6:15000000-20000000
PoolWorker-25,  processing 44049 (33222.5 per sec) reads @ chr4:40000000-40647937
PoolWorker-25 countReadsInRegions_worker: processing 647 (461.2 per sec) @ chr4:40000000-40647937
PoolWorker-25,  processing 291099 (32579.8 per sec) reads @ chr15:15000000-20000000
PoolWorker-25 countReadsInRegions_worker: processing 5000 (548.8 per sec) @ chr15:15000000-20000000
PoolWorker-25,  processing 192735 (32132.0 per sec) reads @ chr14:15000000-18637407
PoolWorker-25 countReadsInRegions_worker: processing 3637 (593.3 per sec) @ chr14:15000000-18637407
PoolWorker-25,  processing 17723 (36074.3 per sec) reads @ Ascaf_38:0-95573
PoolWorker-25 countReadsInRegions_worker: processing 95 (178.1 per sec) @ Ascaf_38:0-95573
PoolWorker-25,  processing 462 (62339.7 per sec) reads @ Ascaf_153:0-10046
PoolWorker-25 countReadsInRegions_worker: processing 10 (232.7 per sec) @ Ascaf_153:0-10046
PoolWorker-25,  processing 259687 (32398.9 per sec) reads @ chr3:15000000-20000000
PoolWorker-25 countReadsInRegions_worker: processing 5000 (613.7 per sec) @ chr3:15000000-20000000
PoolWorker-25,  processing 1812 (34464.5 per sec) reads @ Ascaf_67:0-40269
PoolWorker-25 countReadsInRegions_worker: processing 40 (485.9 per sec) @ Ascaf_67:0-40269
PoolWorker-25,  processing 10622 (34986.3 per sec) reads @ Ascaf_64:0-51000
PoolWorker-25 countReadsInRegions_worker: processing 51 (144.0 per sec) @ Ascaf_64:0-51000
PoolWorker-25,  processing 32193 (35646.4 per sec) reads @ Ascaf_33:0-106103
PoolWorker-25 countReadsInRegions_worker: processing 106 (112.4 per sec) @ Ascaf_33:0-106103
PoolWorker-25,  processing 1670 (41634.4 per sec) reads @ Ascaf_93:0-34038
PoolWorker-25 countReadsInRegions_worker: processing 34 (438.0 per sec) @ Ascaf_93:0-34038
PoolWorker-25,  processing 285499 (33043.2 per sec) reads @ chr16:10000000-15000000
PoolWorker-25 countReadsInRegions_worker: processing 5000 (562.3 per sec) @ chr16:10000000-15000000
PoolWorker-25,  processing 4010 (32916.1 per sec) reads @ Ascaf_51:0-70629
PoolWorker-25 countReadsInRegions_worker: processing 70 (444.5 per sec) @ Ascaf_51:0-70629
PoolWorker-25,  processing 289839 (44454.6 per sec) reads @ chr12:10000000-15000000
PoolWorker-25 countReadsInRegions_worker: processing 5000 (755.3 per sec) @ chr12:10000000-15000000
PoolWorker-25,  processing 291284 (66200.7 per sec) reads @ chr8:10000000-15000000
PoolWorker-25 countReadsInRegions_worker: processing 5000 (1119.3 per sec) @ chr8:10000000-15000000
PoolWorker-25,  processing 338724 (76921.9 per sec) reads @ chr14:0-5000000
PoolWorker-25 countReadsInRegions_worker: processing 5000 (1120.1 per sec) @ chr14:0-5000000
PoolWorker-25,  processing 10416 (81975.1 per sec) reads @ Ascaf_48:0-71747
PoolWorker-25 countReadsInRegions_worker: processing 71 (537.3 per sec) @ Ascaf_48:0-71747
PoolWorker-26,  processing 31597 (65902.3 per sec) reads @ Ascaf_25:0-178627
PoolWorker-26 countReadsInRegions_worker: processing 178 (362.9 per sec) @ Ascaf_25:0-178627
PoolWorker-26,  processing 483 (63369.2 per sec) reads @ Ascaf_116:0-22916
PoolWorker-26 countReadsInRegions_worker: processing 22 (410.5 per sec) @ Ascaf_116:0-22916
PoolWorker-26,  processing 4213 (37339.7 per sec) reads @ Ascaf_106:0-29590
PoolWorker-26 countReadsInRegions_worker: processing 29 (172.3 per sec) @ Ascaf_106:0-29590
PoolWorker-26,  processing 284238 (32268.8 per sec) reads @ chr14:5000000-10000000
PoolWorker-26 countReadsInRegions_worker: processing 5000 (553.5 per sec) @ chr14:5000000-10000000
PoolWorker-26,  processing 997 (57646.3 per sec) reads @ Ascaf_150:0-13271
PoolWorker-26 countReadsInRegions_worker: processing 13 (222.1 per sec) @ Ascaf_150:0-13271
PoolWorker-26,  processing 24122 (34614.6 per sec) reads @ Ascaf_28:0-145740
PoolWorker-26 countReadsInRegions_worker: processing 145 (205.5 per sec) @ Ascaf_28:0-145740
PoolWorker-26,  processing 981 (65698.2 per sec) reads @ Ascaf_135:0-17087
PoolWorker-26 countReadsInRegions_worker: processing 17 (230.2 per sec) @ Ascaf_135:0-17087
PoolWorker-26,  processing 116 (40279.8 per sec) reads @ Ascaf_163:0-1000
PoolWorker-26 countReadsInRegions_worker: processing 1 (16.3 per sec) @ Ascaf_163:0-1000
PoolWorker-26,  processing 259407 (33374.3 per sec) reads @ chr10:15000000-19005646
PoolWorker-26 countReadsInRegions_worker: processing 4005 (504.5 per sec) @ chr10:15000000-19005646
PoolWorker-26,  processing 3873 (33317.3 per sec) reads @ Ascaf_129:0-19000
PoolWorker-26 countReadsInRegions_worker: processing 19 (124.7 per sec) @ Ascaf_129:0-19000
PoolWorker-26,  processing 84 (47406.0 per sec) reads @ Ascaf_164:0-1000
PoolWorker-26 countReadsInRegions_worker: processing 1 (25.6 per sec) @ Ascaf_164:0-1000
PoolWorker-26,  processing 265441 (32696.5 per sec) reads @ chr17:0-5000000
PoolWorker-26 countReadsInRegions_worker: processing 5000 (602.9 per sec) @ chr17:0-5000000
PoolWorker-26,  processing 296626 (33029.3 per sec) reads @ chr3:0-5000000
PoolWorker-26 countReadsInRegions_worker: processing 5000 (546.0 per sec) @ chr3:0-5000000
PoolWorker-26,  processing 1742 (66498.7 per sec) reads @ Ascaf_101:0-31946
PoolWorker-26 countReadsInRegions_worker: processing 31 (472.6 per sec) @ Ascaf_101:0-31946
PoolWorker-26,  processing 3615 (38278.7 per sec) reads @ Ascaf_161:0-1000
PoolWorker-26 countReadsInRegions_worker: processing 1 (7.5 per sec) @ Ascaf_161:0-1000
PoolWorker-26,  processing 294745 (33205.7 per sec) reads @ chr10:10000000-15000000
PoolWorker-26 countReadsInRegions_worker: processing 5000 (547.5 per sec) @ chr10:10000000-15000000
PoolWorker-26,  processing 172017 (33551.8 per sec) reads @ chr19:5000000-10000000
PoolWorker-26 countReadsInRegions_worker: processing 5000 (954.8 per sec) @ chr19:5000000-10000000
PoolWorker-26,  processing 263780 (53794.9 per sec) reads @ chr11:15000000-19299255
PoolWorker-26 countReadsInRegions_worker: processing 4299 (860.7 per sec) @ chr11:15000000-19299255
PoolWorker-26,  processing 284713 (75619.1 per sec) reads @ chr1:25000000-30000000
PoolWorker-26 countReadsInRegions_worker: processing 5000 (1306.7 per sec) @ chr1:25000000-30000000
PoolWorker-26,  processing 294631 (82842.0 per sec) reads @ chr15:10000000-15000000
PoolWorker-26 countReadsInRegions_worker: processing 5000 (1383.4 per sec) @ chr15:10000000-15000000
output file: /storage/scratch/iee/dj20y461/Stickleback/Y_comp/Sex_chrom_stats/Read_depths/Gw/depths/2003ME_M_2.1kb.RPKM.depth
