genome partition size for multiprocessing: 1000000
using 16 processors for 657 number of tasks
Final scaling factor: 0.0286826245508
PoolWorker-31,  processing 35702 (68937.8 per sec) reads @ Ascaf_27:0-155775
PoolWorker-31 countReadsInRegions_worker: processing 155 (285.3 per sec) @ Ascaf_27:0-155775
PoolWorker-31,  processing 667 (11669.4 per sec) reads @ Ascaf_140:0-15786
PoolWorker-31 countReadsInRegions_worker: processing 15 (230.7 per sec) @ Ascaf_140:0-15786
PoolWorker-31,  processing 4899 (60411.4 per sec) reads @ Ascaf_56:0-58445
PoolWorker-31 countReadsInRegions_worker: processing 58 (302.7 per sec) @ Ascaf_56:0-58445
PoolWorker-31,  processing 302718 (32292.4 per sec) reads @ chr21:0-5000000
PoolWorker-31 countReadsInRegions_worker: processing 5000 (521.1 per sec) @ chr21:0-5000000
PoolWorker-31,  processing 313749 (33172.4 per sec) reads @ chr20:5000000-10000000
PoolWorker-31 countReadsInRegions_worker: processing 5000 (518.1 per sec) @ chr20:5000000-10000000
PoolWorker-31,  processing 7280 (40032.8 per sec) reads @ Ascaf_73:0-44649
PoolWorker-31 countReadsInRegions_worker: processing 44 (185.4 per sec) @ Ascaf_73:0-44649
PoolWorker-31,  processing 2333 (36315.2 per sec) reads @ Ascaf_86:0-37568
PoolWorker-31 countReadsInRegions_worker: processing 37 (348.5 per sec) @ Ascaf_86:0-37568
PoolWorker-31,  processing 24538 (34930.2 per sec) reads @ Ascaf_119:0-22101
PoolWorker-31 countReadsInRegions_worker: processing 22 (28.9 per sec) @ Ascaf_119:0-22101
PoolWorker-31,  processing 23038 (36951.2 per sec) reads @ Ascaf_35:0-99371
PoolWorker-31 countReadsInRegions_worker: processing 99 (148.5 per sec) @ Ascaf_35:0-99371
PoolWorker-31,  processing 59416 (36058.8 per sec) reads @ Ascaf_26:0-156806
PoolWorker-31 countReadsInRegions_worker: processing 156 (91.8 per sec) @ Ascaf_26:0-156806
PoolWorker-31,  processing 40483 (35410.1 per sec) reads @ Ascaf_120:0-22000
PoolWorker-31 countReadsInRegions_worker: processing 22 (18.5 per sec) @ Ascaf_120:0-22000
PoolWorker-31,  processing 288646 (34233.4 per sec) reads @ chr10:15000000-19005646
PoolWorker-31 countReadsInRegions_worker: processing 4005 (461.6 per sec) @ chr10:15000000-19005646
PoolWorker-31,  processing 344998 (33519.7 per sec) reads @ chr18:0-5000000
PoolWorker-31 countReadsInRegions_worker: processing 5000 (477.6 per sec) @ chr18:0-5000000
PoolWorker-31,  processing 1939 (46196.5 per sec) reads @ Ascaf_100:0-32247
PoolWorker-31 countReadsInRegions_worker: processing 32 (331.3 per sec) @ Ascaf_100:0-32247
PoolWorker-31,  processing 320707 (33801.9 per sec) reads @ chr1:10000000-15000000
PoolWorker-31 countReadsInRegions_worker: processing 5000 (513.5 per sec) @ chr1:10000000-15000000
PoolWorker-31,  processing 16692 (36563.8 per sec) reads @ Ascaf_124:0-19772
PoolWorker-31 countReadsInRegions_worker: processing 19 (37.1 per sec) @ Ascaf_124:0-19772
PoolWorker-19,  processing 15203 (34114.7 per sec) reads @ Ascaf_52:0-64568
PoolWorker-19 countReadsInRegions_worker: processing 64 (137.6 per sec) @ Ascaf_52:0-64568
PoolWorker-19,  processing 2016 (47290.4 per sec) reads @ Ascaf_85:0-37890
PoolWorker-19 countReadsInRegions_worker: processing 37 (370.9 per sec) @ Ascaf_85:0-37890
PoolWorker-19,  processing 729 (65444.8 per sec) reads @ Ascaf_139:0-16678
PoolWorker-19 countReadsInRegions_worker: processing 16 (246.0 per sec) @ Ascaf_139:0-16678
PoolWorker-19,  processing 876 (64091.0 per sec) reads @ Ascaf_144:0-15519
PoolWorker-19 countReadsInRegions_worker: processing 15 (188.3 per sec) @ Ascaf_144:0-15519
PoolWorker-19,  processing 257513 (32387.7 per sec) reads @ chr1:30000000-33917795
PoolWorker-19 countReadsInRegions_worker: processing 3917 (479.3 per sec) @ chr1:30000000-33917795
PoolWorker-19,  processing 324543 (33533.1 per sec) reads @ chr3:10000000-15000000
PoolWorker-19 countReadsInRegions_worker: processing 5000 (504.8 per sec) @ chr3:10000000-15000000
PoolWorker-19,  processing 341350 (34398.6 per sec) reads @ chr17:10000000-15000000
PoolWorker-19 countReadsInRegions_worker: processing 5000 (493.8 per sec) @ chr17:10000000-15000000
PoolWorker-19,  processing 12930 (36459.4 per sec) reads @ Ascaf_44:0-77777
PoolWorker-19 countReadsInRegions_worker: processing 77 (195.2 per sec) @ Ascaf_44:0-77777
PoolWorker-19,  processing 371074 (33168.0 per sec) reads @ chr7:20000000-25000000
PoolWorker-19 countReadsInRegions_worker: processing 5000 (439.0 per sec) @ chr7:20000000-25000000
PoolWorker-19,  processing 308872 (33037.3 per sec) reads @ chr10:0-5000000
PoolWorker-19 countReadsInRegions_worker: processing 5000 (525.5 per sec) @ chr10:0-5000000
PoolWorker-19,  processing 331278 (36451.2 per sec) reads @ chr5:10000000-15000000
PoolWorker-19 countReadsInRegions_worker: processing 5000 (539.7 per sec) @ chr5:10000000-15000000
PoolWorker-19,  processing 1359 (41059.9 per sec) reads @ Ascaf_112:0-24428
PoolWorker-19 countReadsInRegions_worker: processing 24 (329.8 per sec) @ Ascaf_112:0-24428
PoolWorker-24,  processing 341666 (32669.7 per sec) reads @ chr16:15000000-20000000
PoolWorker-24 countReadsInRegions_worker: processing 5000 (465.6 per sec) @ chr16:15000000-20000000
PoolWorker-24,  processing 317816 (33322.0 per sec) reads @ chr17:15000000-20000000
PoolWorker-24 countReadsInRegions_worker: processing 5000 (510.9 per sec) @ chr17:15000000-20000000
PoolWorker-24,  processing 324089 (34024.6 per sec) reads @ chr2:10000000-15000000
PoolWorker-24 countReadsInRegions_worker: processing 5000 (515.4 per sec) @ chr2:10000000-15000000
PoolWorker-24,  processing 296545 (33543.8 per sec) reads @ chr11:15000000-19299255
PoolWorker-24 countReadsInRegions_worker: processing 4299 (478.5 per sec) @ chr11:15000000-19299255
PoolWorker-24,  processing 16291 (36900.6 per sec) reads @ Ascaf_38:0-95573
PoolWorker-24 countReadsInRegions_worker: processing 95 (190.3 per sec) @ Ascaf_38:0-95573
PoolWorker-24,  processing 4039 (35672.9 per sec) reads @ Ascaf_61:0-54508
PoolWorker-24 countReadsInRegions_worker: processing 54 (342.1 per sec) @ Ascaf_61:0-54508
PoolWorker-24,  processing 17899 (36796.1 per sec) reads @ Ascaf_79:0-41364
PoolWorker-24 countReadsInRegions_worker: processing 41 (77.5 per sec) @ Ascaf_79:0-41364
PoolWorker-24,  processing 2059 (36249.9 per sec) reads @ Ascaf_88:0-36907
PoolWorker-24 countReadsInRegions_worker: processing 36 (365.6 per sec) @ Ascaf_88:0-36907
PoolWorker-24,  processing 5156 (39111.5 per sec) reads @ Ascaf_55:0-59833
PoolWorker-24 countReadsInRegions_worker: processing 59 (342.9 per sec) @ Ascaf_55:0-59833
PoolWorker-24,  processing 231386 (32358.5 per sec) reads @ chr14:15000000-18637407
PoolWorker-24 countReadsInRegions_worker: processing 3637 (498.0 per sec) @ chr14:15000000-18637407
PoolWorker-24,  processing 889 (65994.2 per sec) reads @ Ascaf_149:0-13452
PoolWorker-24 countReadsInRegions_worker: processing 13 (235.8 per sec) @ Ascaf_149:0-13452
PoolWorker-24,  processing 312354 (33842.7 per sec) reads @ chr2:5000000-10000000
PoolWorker-24 countReadsInRegions_worker: processing 5000 (533.2 per sec) @ chr2:5000000-10000000
PoolWorker-29,  processing 3339 (36108.6 per sec) reads @ Ascaf_81:0-40000
PoolWorker-29 countReadsInRegions_worker: processing 40 (327.6 per sec) @ Ascaf_81:0-40000
PoolWorker-29,  processing 320369 (32458.7 per sec) reads @ chr10:5000000-10000000
PoolWorker-29 countReadsInRegions_worker: processing 5000 (492.4 per sec) @ chr10:5000000-10000000
PoolWorker-29,  processing 2444 (43691.2 per sec) reads @ Ascaf_80:0-41014
PoolWorker-29 countReadsInRegions_worker: processing 41 (347.3 per sec) @ Ascaf_80:0-41014
PoolWorker-29,  processing 1136 (63139.1 per sec) reads @ Ascaf_136:0-17062
PoolWorker-29 countReadsInRegions_worker: processing 17 (215.2 per sec) @ Ascaf_136:0-17062
PoolWorker-29,  processing 6370 (37229.0 per sec) reads @ Ascaf_40:0-90738
PoolWorker-29 countReadsInRegions_worker: processing 90 (386.1 per sec) @ Ascaf_40:0-90738
PoolWorker-29,  processing 327554 (33800.2 per sec) reads @ chr1:15000000-20000000
PoolWorker-29 countReadsInRegions_worker: processing 5000 (503.0 per sec) @ chr1:15000000-20000000
PoolWorker-29,  processing 1901 (47089.4 per sec) reads @ Ascaf_111:0-25158
PoolWorker-29 countReadsInRegions_worker: processing 25 (270.0 per sec) @ Ascaf_111:0-25158
PoolWorker-29,  processing 313105 (33033.9 per sec) reads @ chr7:0-5000000
PoolWorker-29 countReadsInRegions_worker: processing 5000 (518.8 per sec) @ chr7:0-5000000
PoolWorker-29,  processing 836 (62393.2 per sec) reads @ Ascaf_130:0-18457
PoolWorker-29 countReadsInRegions_worker: processing 18 (420.0 per sec) @ Ascaf_130:0-18457
PoolWorker-29,  processing 1111 (33700.3 per sec) reads @ Ascaf_131:0-18319
PoolWorker-29 countReadsInRegions_worker: processing 18 (377.6 per sec) @ Ascaf_131:0-18319
PoolWorker-29,  processing 48134 (35808.3 per sec) reads @ Ascaf_98:0-33222
PoolWorker-29 countReadsInRegions_worker: processing 33 (23.5 per sec) @ Ascaf_98:0-33222
PoolWorker-29,  processing 307377 (33721.1 per sec) reads @ chr21:5000000-10000000
PoolWorker-29 countReadsInRegions_worker: processing 5000 (537.9 per sec) @ chr21:5000000-10000000
PoolWorker-29,  processing 267965 (34487.2 per sec) reads @ chr5:15000000-18670498
PoolWorker-29 countReadsInRegions_worker: processing 3670 (458.9 per sec) @ chr5:15000000-18670498
PoolWorker-29,  processing 12738 (36263.2 per sec) reads @ Ascaf_24:0-187591
PoolWorker-29 countReadsInRegions_worker: processing 187 (478.8 per sec) @ Ascaf_24:0-187591
PoolWorker-29,  processing 2393 (34182.7 per sec) reads @ Ascaf_104:0-29894
PoolWorker-29 countReadsInRegions_worker: processing 29 (258.9 per sec) @ Ascaf_104:0-29894
PoolWorker-29,  processing 329715 (36733.7 per sec) reads @ chr5:0-5000000
PoolWorker-29 countReadsInRegions_worker: processing 5000 (550.2 per sec) @ chr5:0-5000000
PoolWorker-17,  processing 3138 (47443.3 per sec) reads @ Ascaf_118:0-22120
PoolWorker-17 countReadsInRegions_worker: processing 22 (288.5 per sec) @ Ascaf_118:0-22120
PoolWorker-17,  processing 47 (41120.6 per sec) reads @ Ascaf_162:0-1000
PoolWorker-17 countReadsInRegions_worker: processing 1 (35.1 per sec) @ Ascaf_162:0-1000
PoolWorker-17,  processing 33900 (34188.9 per sec) reads @ Ascaf_30:0-130979
PoolWorker-17 countReadsInRegions_worker: processing 130 (127.8 per sec) @ Ascaf_30:0-130979
PoolWorker-17,  processing 1052 (36299.7 per sec) reads @ Ascaf_135:0-17087
PoolWorker-17 countReadsInRegions_worker: processing 17 (320.9 per sec) @ Ascaf_135:0-17087
PoolWorker-17,  processing 306820 (32772.7 per sec) reads @ chr7:25000000-30000000
PoolWorker-17 countReadsInRegions_worker: processing 5000 (521.4 per sec) @ chr7:25000000-30000000
PoolWorker-17,  processing 46256 (36124.0 per sec) reads @ chr15:20000000-20219940
PoolWorker-17 countReadsInRegions_worker: processing 219 (160.6 per sec) @ chr15:20000000-20219940
PoolWorker-17,  processing 321791 (33443.9 per sec) reads @ chr16:10000000-15000000
PoolWorker-17 countReadsInRegions_worker: processing 5000 (509.3 per sec) @ chr16:10000000-15000000
PoolWorker-17,  processing 335025 (32801.4 per sec) reads @ chr3:0-5000000
PoolWorker-17 countReadsInRegions_worker: processing 5000 (481.8 per sec) @ chr3:0-5000000
PoolWorker-17,  processing 330404 (35283.2 per sec) reads @ chr12:10000000-15000000
PoolWorker-17 countReadsInRegions_worker: processing 5000 (523.9 per sec) @ chr12:10000000-15000000
PoolWorker-17,  processing 1124 (37729.4 per sec) reads @ Ascaf_132:0-17867
PoolWorker-17 countReadsInRegions_worker: processing 17 (237.7 per sec) @ Ascaf_132:0-17867
PoolWorker-17,  processing 309049 (32561.8 per sec) reads @ chr2:0-5000000
PoolWorker-17 countReadsInRegions_worker: processing 5000 (517.9 per sec) @ chr2:0-5000000
PoolWorker-17,  processing 307151 (35674.1 per sec) reads @ chr5:5000000-10000000
PoolWorker-17 countReadsInRegions_worker: processing 5000 (572.9 per sec) @ chr5:5000000-10000000
PoolWorker-25,  processing 559 (60471.9 per sec) reads @ Ascaf_151:0-13242
PoolWorker-25 countReadsInRegions_worker: processing 13 (190.2 per sec) @ Ascaf_151:0-13242
PoolWorker-25,  processing 2113 (58617.9 per sec) reads @ Ascaf_91:0-34837
PoolWorker-25 countReadsInRegions_worker: processing 34 (612.5 per sec) @ Ascaf_91:0-34837
PoolWorker-25,  processing 34340 (35079.7 per sec) reads @ Ascaf_48:0-71747
PoolWorker-25 countReadsInRegions_worker: processing 71 (69.1 per sec) @ Ascaf_48:0-71747
PoolWorker-25,  processing 8737 (40075.8 per sec) reads @ Ascaf_64:0-51000
PoolWorker-25 countReadsInRegions_worker: processing 51 (206.5 per sec) @ Ascaf_64:0-51000
PoolWorker-25,  processing 3947 (34463.5 per sec) reads @ Ascaf_58:0-57612
PoolWorker-25 countReadsInRegions_worker: processing 57 (324.0 per sec) @ Ascaf_58:0-57612
PoolWorker-25,  processing 2479 (39102.1 per sec) reads @ Ascaf_77:0-41997
PoolWorker-25 countReadsInRegions_worker: processing 41 (329.4 per sec) @ Ascaf_77:0-41997
PoolWorker-25,  processing 406839 (33362.4 per sec) reads @ chr13:0-5000000
PoolWorker-25 countReadsInRegions_worker: processing 5000 (401.1 per sec) @ chr13:0-5000000
PoolWorker-25,  processing 66272 (33291.1 per sec) reads @ chr4:40000000-40647937
PoolWorker-25 countReadsInRegions_worker: processing 647 (314.7 per sec) @ chr4:40000000-40647937
PoolWorker-25,  processing 739 (67389.7 per sec) reads @ Ascaf_152:0-12206
PoolWorker-25 countReadsInRegions_worker: processing 12 (230.3 per sec) @ Ascaf_152:0-12206
PoolWorker-25,  processing 54559 (34268.2 per sec) reads @ Ascaf_25:0-178627
PoolWorker-25 countReadsInRegions_worker: processing 178 (108.0 per sec) @ Ascaf_25:0-178627
PoolWorker-25,  processing 381245 (33653.3 per sec) reads @ chr1:20000000-25000000
PoolWorker-25 countReadsInRegions_worker: processing 5000 (430.7 per sec) @ chr1:20000000-25000000
PoolWorker-25,  processing 2766 (34313.9 per sec) reads @ Ascaf_76:0-42514
PoolWorker-25 countReadsInRegions_worker: processing 42 (341.8 per sec) @ Ascaf_76:0-42514
PoolWorker-25,  processing 318964 (33018.5 per sec) reads @ chr7:5000000-10000000
PoolWorker-25 countReadsInRegions_worker: processing 5000 (507.9 per sec) @ chr7:5000000-10000000
PoolWorker-25,  processing 34902 (36083.3 per sec) reads @ Ascaf_28:0-145740
PoolWorker-25 countReadsInRegions_worker: processing 145 (142.9 per sec) @ Ascaf_28:0-145740
PoolWorker-25,  processing 2587 (41366.1 per sec) reads @ Ascaf_78:0-41577
PoolWorker-25 countReadsInRegions_worker: processing 41 (398.4 per sec) @ Ascaf_78:0-41577
PoolWorker-25,  processing 315912 (33129.9 per sec) reads @ chr9:15000000-20000000
PoolWorker-25 countReadsInRegions_worker: processing 5000 (514.9 per sec) @ chr9:15000000-20000000
PoolWorker-25,  processing 343408 (36201.3 per sec) reads @ chr21:15000000-19873525
PoolWorker-25 countReadsInRegions_worker: processing 4873 (504.9 per sec) @ chr21:15000000-19873525
PoolWorker-25,  processing 184 (57002.1 per sec) reads @ Ascaf_158:0-3231
PoolWorker-25 countReadsInRegions_worker: processing 3 (270.3 per sec) @ Ascaf_158:0-3231
PoolWorker-25,  processing 32848 (54245.3 per sec) reads @ Ascaf_50:0-70692
PoolWorker-25 countReadsInRegions_worker: processing 70 (113.2 per sec) @ Ascaf_50:0-70692
PoolWorker-25,  processing 9286 (71181.1 per sec) reads @ Ascaf_31:0-121444
PoolWorker-25 countReadsInRegions_worker: processing 121 (867.7 per sec) @ Ascaf_31:0-121444
PoolWorker-20,  processing 316859 (32123.3 per sec) reads @ chr20:15000000-20000000
PoolWorker-20 countReadsInRegions_worker: processing 5000 (496.0 per sec) @ chr20:15000000-20000000
PoolWorker-20,  processing 1121 (65140.1 per sec) reads @ Ascaf_127:0-19159
PoolWorker-20 countReadsInRegions_worker: processing 19 (237.8 per sec) @ Ascaf_127:0-19159
PoolWorker-20,  processing 318629 (33315.9 per sec) reads @ chr13:5000000-10000000
PoolWorker-20 countReadsInRegions_worker: processing 5000 (512.1 per sec) @ chr13:5000000-10000000
PoolWorker-20,  processing 56312 (34311.1 per sec) reads @ Ascaf_39:0-92659
PoolWorker-20 countReadsInRegions_worker: processing 92 (53.5 per sec) @ Ascaf_39:0-92659
PoolWorker-20,  processing 119 (40216.1 per sec) reads @ Ascaf_163:0-1000
PoolWorker-20 countReadsInRegions_worker: processing 1 (23.3 per sec) @ Ascaf_163:0-1000
PoolWorker-20,  processing 59450 (36448.6 per sec) reads @ Ascaf_45:0-74461
PoolWorker-20 countReadsInRegions_worker: processing 74 (43.7 per sec) @ Ascaf_45:0-74461
PoolWorker-20,  processing 323894 (32925.0 per sec) reads @ chr4:5000000-10000000
PoolWorker-20 countReadsInRegions_worker: processing 5000 (497.8 per sec) @ chr4:5000000-10000000
PoolWorker-20,  processing 8095 (35394.2 per sec) reads @ Ascaf_71:0-32519
PoolWorker-20 countReadsInRegions_worker: processing 32 (121.3 per sec) @ Ascaf_71:0-32519
PoolWorker-20,  processing 320221 (33512.3 per sec) reads @ chr13:10000000-15000000
PoolWorker-20 countReadsInRegions_worker: processing 5000 (514.1 per sec) @ chr13:10000000-15000000
PoolWorker-20,  processing 1528 (13769.0 per sec) reads @ Ascaf_168:0-25000
PoolWorker-20 countReadsInRegions_worker: processing 25 (163.1 per sec) @ Ascaf_168:0-25000
PoolWorker-20,  processing 309256 (33197.3 per sec) reads @ chr6:15000000-20000000
PoolWorker-20 countReadsInRegions_worker: processing 5000 (527.4 per sec) @ chr6:15000000-20000000
PoolWorker-20,  processing 317456 (43917.3 per sec) reads @ chr2:15000000-20000000
PoolWorker-20 countReadsInRegions_worker: processing 5000 (681.7 per sec) @ chr2:15000000-20000000
PoolWorker-23,  processing 1054 (64881.9 per sec) reads @ Ascaf_134:0-17659
PoolWorker-23 countReadsInRegions_worker: processing 17 (262.7 per sec) @ Ascaf_134:0-17659
PoolWorker-23,  processing 3413 (37966.5 per sec) reads @ Ascaf_161:0-1000
PoolWorker-23 countReadsInRegions_worker: processing 1 (8.3 per sec) @ Ascaf_161:0-1000
PoolWorker-23,  processing 1181 (67555.0 per sec) reads @ Ascaf_82:0-39089
PoolWorker-23 countReadsInRegions_worker: processing 39 (495.5 per sec) @ Ascaf_82:0-39089
PoolWorker-23,  processing 12566 (35927.4 per sec) reads @ Ascaf_36:0-98486
PoolWorker-23 countReadsInRegions_worker: processing 98 (237.6 per sec) @ Ascaf_36:0-98486
PoolWorker-23,  processing 324291 (32670.1 per sec) reads @ chr4:10000000-15000000
PoolWorker-23 countReadsInRegions_worker: processing 5000 (490.7 per sec) @ chr4:10000000-15000000
PoolWorker-23,  processing 19504 (34946.6 per sec) reads @ Ascaf_41:0-90399
PoolWorker-23 countReadsInRegions_worker: processing 90 (144.6 per sec) @ Ascaf_41:0-90399
PoolWorker-23,  processing 318772 (33116.2 per sec) reads @ chr6:5000000-10000000
PoolWorker-23 countReadsInRegions_worker: processing 5000 (506.7 per sec) @ chr6:5000000-10000000
PoolWorker-23,  processing 320415 (33342.7 per sec) reads @ chr19:5000000-10000000
PoolWorker-23 countReadsInRegions_worker: processing 5000 (511.3 per sec) @ chr19:5000000-10000000
PoolWorker-23,  processing 1540 (42947.0 per sec) reads @ Ascaf_126:0-19574
PoolWorker-23 countReadsInRegions_worker: processing 19 (244.3 per sec) @ Ascaf_126:0-19574
PoolWorker-23,  processing 316346 (32616.0 per sec) reads @ chr15:0-5000000
PoolWorker-23 countReadsInRegions_worker: processing 5000 (505.4 per sec) @ chr15:0-5000000
PoolWorker-23,  processing 244523 (33272.0 per sec) reads @ chr20:20000000-22998664
PoolWorker-23 countReadsInRegions_worker: processing 2998 (400.3 per sec) @ chr20:20000000-22998664
PoolWorker-23,  processing 592 (59846.4 per sec) reads @ Ascaf_115:0-24004
PoolWorker-23 countReadsInRegions_worker: processing 24 (465.3 per sec) @ Ascaf_115:0-24004
PoolWorker-23,  processing 107161 (35860.8 per sec) reads @ Ascaf_42:0-86089
PoolWorker-23 countReadsInRegions_worker: processing 86 (28.1 per sec) @ Ascaf_42:0-86089
PoolWorker-23,  processing 348943 (39328.7 per sec) reads @ chr17:20000000-23682274
PoolWorker-23 countReadsInRegions_worker: processing 3682 (410.0 per sec) @ chr17:20000000-23682274
PoolWorker-23,  processing 1212 (64708.5 per sec) reads @ Ascaf_103:0-30986
PoolWorker-23 countReadsInRegions_worker: processing 30 (1138.0 per sec) @ Ascaf_103:0-30986
PoolWorker-23,  processing 2335 (69593.6 per sec) reads @ Ascaf_87:0-36937
PoolWorker-23 countReadsInRegions_worker: processing 36 (873.5 per sec) @ Ascaf_87:0-36937
PoolWorker-18,  processing 2139 (36299.1 per sec) reads @ Ascaf_101:0-31946
PoolWorker-18 countReadsInRegions_worker: processing 31 (452.2 per sec) @ Ascaf_101:0-31946
PoolWorker-18,  processing 135264 (32255.9 per sec) reads @ chr16:20000000-22188971
PoolWorker-18 countReadsInRegions_worker: processing 2188 (513.0 per sec) @ chr16:20000000-22188971
PoolWorker-18,  processing 1350 (67744.0 per sec) reads @ Ascaf_60:0-24766
PoolWorker-18 countReadsInRegions_worker: processing 24 (235.7 per sec) @ Ascaf_60:0-24766
PoolWorker-18,  processing 295114 (31641.9 per sec) reads @ chr13:20000000-24369283
PoolWorker-18 countReadsInRegions_worker: processing 4369 (455.0 per sec) @ chr13:20000000-24369283
PoolWorker-18,  processing 21316 (34977.4 per sec) reads @ Ascaf_72:0-46000
PoolWorker-18 countReadsInRegions_worker: processing 46 (66.0 per sec) @ Ascaf_72:0-46000
PoolWorker-18,  processing 326993 (32922.5 per sec) reads @ chr20:10000000-15000000
PoolWorker-18 countReadsInRegions_worker: processing 5000 (488.7 per sec) @ chr20:10000000-15000000
PoolWorker-18,  processing 54362 (35347.6 per sec) reads @ Ascaf_74:0-44000
PoolWorker-18 countReadsInRegions_worker: processing 44 (27.7 per sec) @ Ascaf_74:0-44000
PoolWorker-18,  processing 37507 (36492.1 per sec) reads @ Ascaf_96:0-33398
PoolWorker-18 countReadsInRegions_worker: processing 33 (30.3 per sec) @ Ascaf_96:0-33398
PoolWorker-18,  processing 366667 (33458.1 per sec) reads @ chr6:0-5000000
PoolWorker-18 countReadsInRegions_worker: processing 5000 (447.4 per sec) @ chr6:0-5000000
PoolWorker-18,  processing 8769 (36441.4 per sec) reads @ Ascaf_129:0-19000
PoolWorker-18 countReadsInRegions_worker: processing 19 (67.5 per sec) @ Ascaf_129:0-19000
PoolWorker-18,  processing 779 (64428.5 per sec) reads @ Ascaf_145:0-15510
PoolWorker-18 countReadsInRegions_worker: processing 15 (289.3 per sec) @ Ascaf_145:0-15510
PoolWorker-18,  processing 1317 (37210.7 per sec) reads @ Ascaf_97:0-33357
PoolWorker-18 countReadsInRegions_worker: processing 33 (436.8 per sec) @ Ascaf_97:0-33357
PoolWorker-18,  processing 321370 (33765.3 per sec) reads @ chr2:20000000-25000000
PoolWorker-18 countReadsInRegions_worker: processing 5000 (516.1 per sec) @ chr2:20000000-25000000
PoolWorker-18,  processing 1469 (43555.7 per sec) reads @ Ascaf_128:0-19120
PoolWorker-18 countReadsInRegions_worker: processing 19 (250.2 per sec) @ Ascaf_128:0-19120
PoolWorker-18,  processing 2358 (38745.2 per sec) reads @ Ascaf_169:0-50000
PoolWorker-18 countReadsInRegions_worker: processing 50 (495.1 per sec) @ Ascaf_169:0-50000
PoolWorker-18,  processing 8783 (25220.6 per sec) reads @ Ascaf_75:0-42641
PoolWorker-18 countReadsInRegions_worker: processing 42 (108.0 per sec) @ Ascaf_75:0-42641
PoolWorker-18,  processing 82 (54333.8 per sec) reads @ Ascaf_160:0-2000
PoolWorker-18 countReadsInRegions_worker: processing 2 (48.2 per sec) @ Ascaf_160:0-2000
PoolWorker-18,  processing 81871 (31200.6 per sec) reads @ chr6:20000000-21248438
PoolWorker-18 countReadsInRegions_worker: processing 1248 (463.9 per sec) @ chr6:20000000-21248438
PoolWorker-18,  processing 5617 (32783.1 per sec) reads @ Ascaf_166:0-50000
PoolWorker-18 countReadsInRegions_worker: processing 50 (233.7 per sec) @ Ascaf_166:0-50000
PoolWorker-18,  processing 2301 (36984.6 per sec) reads @ Ascaf_67:0-40269
PoolWorker-18 countReadsInRegions_worker: processing 40 (385.3 per sec) @ Ascaf_67:0-40269
PoolWorker-18,  processing 2785 (34252.0 per sec) reads @ Ascaf_70:0-46916
PoolWorker-18 countReadsInRegions_worker: processing 46 (378.0 per sec) @ Ascaf_70:0-46916
PoolWorker-18,  processing 310445 (36289.1 per sec) reads @ chr17:0-5000000
PoolWorker-18 countReadsInRegions_worker: processing 5000 (576.6 per sec) @ chr17:0-5000000
PoolWorker-18,  processing 12339 (69413.4 per sec) reads @ Ascaf_137:0-17000
PoolWorker-18 countReadsInRegions_worker: processing 17 (90.7 per sec) @ Ascaf_137:0-17000
PoolWorker-18,  processing 222707 (65674.6 per sec) reads @ chr18:15000000-18483836
PoolWorker-18 countReadsInRegions_worker: processing 3483 (1012.5 per sec) @ chr18:15000000-18483836
PoolWorker-30,  processing 106 (43248.7 per sec) reads @ Ascaf_159:0-3139
PoolWorker-30 countReadsInRegions_worker: processing 3 (254.2 per sec) @ Ascaf_159:0-3139
PoolWorker-30,  processing 20872 (29720.3 per sec) reads @ Ascaf_23:0-264707
PoolWorker-30 countReadsInRegions_worker: processing 264 (370.0 per sec) @ Ascaf_23:0-264707
PoolWorker-30,  processing 323582 (33207.3 per sec) reads @ chr7:10000000-15000000
PoolWorker-30 countReadsInRegions_worker: processing 5000 (500.9 per sec) @ chr7:10000000-15000000
PoolWorker-30,  processing 195 (44308.4 per sec) reads @ Ascaf_164:0-1000
PoolWorker-30 countReadsInRegions_worker: processing 1 (14.6 per sec) @ Ascaf_164:0-1000
PoolWorker-30,  processing 316557 (33472.1 per sec) reads @ chr8:5000000-10000000
PoolWorker-30 countReadsInRegions_worker: processing 5000 (515.5 per sec) @ chr8:5000000-10000000
PoolWorker-30,  processing 30487 (35122.6 per sec) reads @ Ascaf_34:0-101478
PoolWorker-30 countReadsInRegions_worker: processing 101 (110.3 per sec) @ Ascaf_34:0-101478
PoolWorker-30,  processing 17924 (37350.2 per sec) reads @ Ascaf_110:0-27536
PoolWorker-30 countReadsInRegions_worker: processing 27 (51.5 per sec) @ Ascaf_110:0-27536
PoolWorker-30,  processing 321878 (33735.6 per sec) reads @ chr18:10000000-15000000
PoolWorker-30 countReadsInRegions_worker: processing 5000 (514.6 per sec) @ chr18:10000000-15000000
PoolWorker-30,  processing 1991 (48057.0 per sec) reads @ Ascaf_65:0-47651
PoolWorker-30 countReadsInRegions_worker: processing 47 (576.4 per sec) @ Ascaf_65:0-47651
PoolWorker-30,  processing 14706 (37116.9 per sec) reads @ Ascaf_57:0-58000
PoolWorker-30 countReadsInRegions_worker: processing 58 (132.3 per sec) @ Ascaf_57:0-58000
PoolWorker-30,  processing 318615 (33088.2 per sec) reads @ chr15:5000000-10000000
PoolWorker-30 countReadsInRegions_worker: processing 5000 (508.4 per sec) @ chr15:5000000-10000000
PoolWorker-30,  processing 249625 (33597.6 per sec) reads @ chr7:30000000-33914388
PoolWorker-30 countReadsInRegions_worker: processing 3914 (517.0 per sec) @ chr7:30000000-33914388
PoolWorker-30,  processing 320116 (34691.6 per sec) reads @ chr1:25000000-30000000
PoolWorker-30 countReadsInRegions_worker: processing 5000 (532.0 per sec) @ chr1:25000000-30000000
PoolWorker-30,  processing 2371 (27915.5 per sec) reads @ Ascaf_83:0-38959
PoolWorker-30 countReadsInRegions_worker: processing 38 (254.2 per sec) @ Ascaf_83:0-38959
PoolWorker-30,  processing 320526 (60059.5 per sec) reads @ chr21:10000000-15000000
PoolWorker-30 countReadsInRegions_worker: processing 5000 (911.5 per sec) @ chr21:10000000-15000000
PoolWorker-30,  processing 53729 (71429.1 per sec) reads @ Ascaf_43:0-83995
PoolWorker-30 countReadsInRegions_worker: processing 83 (107.9 per sec) @ Ascaf_43:0-83995
PoolWorker-32,  processing 1447 (40161.2 per sec) reads @ Ascaf_117:0-22832
PoolWorker-32 countReadsInRegions_worker: processing 22 (491.2 per sec) @ Ascaf_117:0-22832
PoolWorker-32,  processing 1555 (43230.5 per sec) reads @ Ascaf_95:0-33544
PoolWorker-32 countReadsInRegions_worker: processing 33 (331.8 per sec) @ Ascaf_95:0-33544
PoolWorker-32,  processing 288 (58273.9 per sec) reads @ Ascaf_156:0-5652
PoolWorker-32 countReadsInRegions_worker: processing 5 (76.0 per sec) @ Ascaf_156:0-5652
PoolWorker-32,  processing 358362 (33106.5 per sec) reads @ chr17:5000000-10000000
PoolWorker-32 countReadsInRegions_worker: processing 5000 (449.0 per sec) @ chr17:5000000-10000000
PoolWorker-32,  processing 4743 (38109.2 per sec) reads @ Ascaf_49:0-70996
PoolWorker-32 countReadsInRegions_worker: processing 70 (376.3 per sec) @ Ascaf_49:0-70996
PoolWorker-32,  processing 991 (66987.2 per sec) reads @ Ascaf_141:0-15738
PoolWorker-32 countReadsInRegions_worker: processing 15 (198.6 per sec) @ Ascaf_141:0-15738
PoolWorker-32,  processing 37 (35956.7 per sec) reads @ Ascaf_165:0-1000
PoolWorker-32 countReadsInRegions_worker: processing 1 (35.0 per sec) @ Ascaf_165:0-1000
PoolWorker-32,  processing 4402 (37793.8 per sec) reads @ Ascaf_51:0-70629
PoolWorker-32 countReadsInRegions_worker: processing 70 (443.8 per sec) @ Ascaf_51:0-70629
PoolWorker-32,  processing 710 (40110.4 per sec) reads @ Ascaf_116:0-22916
PoolWorker-32 countReadsInRegions_worker: processing 22 (776.6 per sec) @ Ascaf_116:0-22916
PoolWorker-32,  processing 1022 (68305.5 per sec) reads @ Ascaf_148:0-14976
PoolWorker-32 countReadsInRegions_worker: processing 14 (179.6 per sec) @ Ascaf_148:0-14976
PoolWorker-32,  processing 14030 (54001.8 per sec) reads @ Ascaf_90:0-35566
PoolWorker-32 countReadsInRegions_worker: processing 35 (103.0 per sec) @ Ascaf_90:0-35566
PoolWorker-32,  processing 274314 (32554.3 per sec) reads @ chr9:20000000-24303205
PoolWorker-32 countReadsInRegions_worker: processing 4303 (497.9 per sec) @ chr9:20000000-24303205
PoolWorker-32,  processing 316919 (32336.9 per sec) reads @ chr14:5000000-10000000
PoolWorker-32 countReadsInRegions_worker: processing 5000 (498.4 per sec) @ chr14:5000000-10000000
PoolWorker-32,  processing 874 (65077.6 per sec) reads @ Ascaf_147:0-15099
PoolWorker-32 countReadsInRegions_worker: processing 15 (225.2 per sec) @ Ascaf_147:0-15099
PoolWorker-32,  processing 389213 (33826.1 per sec) reads @ chr4:20000000-25000000
PoolWorker-32 countReadsInRegions_worker: processing 5000 (427.0 per sec) @ chr4:20000000-25000000
PoolWorker-32,  processing 305605 (32783.7 per sec) reads @ chr3:15000000-20000000
PoolWorker-32 countReadsInRegions_worker: processing 5000 (526.7 per sec) @ chr3:15000000-20000000
PoolWorker-32,  processing 332584 (41386.0 per sec) reads @ chr7:15000000-20000000
PoolWorker-32 countReadsInRegions_worker: processing 5000 (611.7 per sec) @ chr7:15000000-20000000
PoolWorker-32,  processing 360 (60504.5 per sec) reads @ Ascaf_155:0-6589
PoolWorker-32 countReadsInRegions_worker: processing 6 (437.5 per sec) @ Ascaf_155:0-6589
PoolWorker-32,  processing 2003 (70059.5 per sec) reads @ Ascaf_54:0-60000
PoolWorker-32 countReadsInRegions_worker: processing 60 (1675.7 per sec) @ Ascaf_54:0-60000
PoolWorker-32,  processing 319012 (65084.7 per sec) reads @ chr18:5000000-10000000
PoolWorker-32 countReadsInRegions_worker: processing 5000 (1004.8 per sec) @ chr18:5000000-10000000
PoolWorker-28,  processing 1145 (36811.9 per sec) reads @ Ascaf_121:0-21431
PoolWorker-28 countReadsInRegions_worker: processing 21 (417.8 per sec) @ Ascaf_121:0-21431
PoolWorker-28,  processing 2046 (44767.4 per sec) reads @ Ascaf_93:0-34038
PoolWorker-28 countReadsInRegions_worker: processing 34 (317.6 per sec) @ Ascaf_93:0-34038
PoolWorker-28,  processing 3137 (42351.8 per sec) reads @ Ascaf_133:0-49732
PoolWorker-28 countReadsInRegions_worker: processing 49 (361.6 per sec) @ Ascaf_133:0-49732
PoolWorker-28,  processing 312963 (32040.2 per sec) reads @ chr11:0-5000000
PoolWorker-28 countReadsInRegions_worker: processing 5000 (499.0 per sec) @ chr11:0-5000000
PoolWorker-28,  processing 373 (58117.9 per sec) reads @ Ascaf_154:0-6709
PoolWorker-28 countReadsInRegions_worker: processing 6 (88.4 per sec) @ Ascaf_154:0-6709
PoolWorker-28,  processing 326435 (32217.0 per sec) reads @ chr1:0-5000000
PoolWorker-28 countReadsInRegions_worker: processing 5000 (483.2 per sec) @ chr1:0-5000000
PoolWorker-28,  processing 316120 (33704.1 per sec) reads @ chr14:10000000-15000000
PoolWorker-28 countReadsInRegions_worker: processing 5000 (516.8 per sec) @ chr14:10000000-15000000
PoolWorker-28,  processing 35258 (33391.3 per sec) reads @ Ascaf_22:0-446888
PoolWorker-28 countReadsInRegions_worker: processing 446 (404.7 per sec) @ Ascaf_22:0-446888
PoolWorker-28,  processing 318119 (32540.7 per sec) reads @ chr4:35000000-40000000
PoolWorker-28 countReadsInRegions_worker: processing 5000 (502.5 per sec) @ chr4:35000000-40000000
PoolWorker-28,  processing 1439 (42605.4 per sec) reads @ Ascaf_122:0-20728
PoolWorker-28 countReadsInRegions_worker: processing 20 (263.8 per sec) @ Ascaf_122:0-20728
PoolWorker-28,  processing 5509 (39911.9 per sec) reads @ Ascaf_59:0-57475
PoolWorker-28 countReadsInRegions_worker: processing 57 (319.1 per sec) @ Ascaf_59:0-57475
PoolWorker-28,  processing 307545 (32871.9 per sec) reads @ chr4:0-5000000
PoolWorker-28 countReadsInRegions_worker: processing 5000 (524.8 per sec) @ chr4:0-5000000
PoolWorker-28,  processing 22263 (35065.1 per sec) reads @ chr3:20000000-20313673
PoolWorker-28 countReadsInRegions_worker: processing 313 (451.5 per sec) @ chr3:20000000-20313673
PoolWorker-28,  processing 319040 (35796.6 per sec) reads @ chr19:10000000-15000000
PoolWorker-28 countReadsInRegions_worker: processing 5000 (553.5 per sec) @ chr19:10000000-15000000
PoolWorker-28,  processing 645 (67069.8 per sec) reads @ Ascaf_143:0-15560
PoolWorker-28 countReadsInRegions_worker: processing 15 (862.7 per sec) @ Ascaf_143:0-15560
PoolWorker-28,  processing 323664 (66497.0 per sec) reads @ chr12:15000000-20000000
PoolWorker-28 countReadsInRegions_worker: processing 5000 (1011.9 per sec) @ chr12:15000000-20000000
PoolWorker-21,  processing 327452 (31857.1 per sec) reads @ chr11:10000000-15000000
PoolWorker-21 countReadsInRegions_worker: processing 5000 (475.1 per sec) @ chr11:10000000-15000000
PoolWorker-21,  processing 326144 (33511.5 per sec) reads @ chr16:0-5000000
PoolWorker-21 countReadsInRegions_worker: processing 5000 (504.5 per sec) @ chr16:0-5000000
PoolWorker-21,  processing 5857 (43107.4 per sec) reads @ Ascaf_84:0-38148
PoolWorker-21 countReadsInRegions_worker: processing 38 (202.1 per sec) @ Ascaf_84:0-38148
PoolWorker-21,  processing 6662 (38951.4 per sec) reads @ Ascaf_105:0-29809
PoolWorker-21 countReadsInRegions_worker: processing 29 (137.6 per sec) @ Ascaf_105:0-29809
PoolWorker-21,  processing 322434 (33702.9 per sec) reads @ chr19:15000000-20000000
PoolWorker-21 countReadsInRegions_worker: processing 5000 (510.4 per sec) @ chr19:15000000-20000000
PoolWorker-21,  processing 328293 (33491.5 per sec) reads @ chr13:15000000-20000000
PoolWorker-21 countReadsInRegions_worker: processing 5000 (501.0 per sec) @ chr13:15000000-20000000
PoolWorker-21,  processing 320385 (34355.3 per sec) reads @ chr15:15000000-20000000
PoolWorker-21 countReadsInRegions_worker: processing 5000 (521.8 per sec) @ chr15:15000000-20000000
PoolWorker-21,  processing 22390 (36001.8 per sec) reads @ Ascaf_113:0-24387
PoolWorker-21 countReadsInRegions_worker: processing 24 (36.1 per sec) @ Ascaf_113:0-24387
PoolWorker-21,  processing 1469 (43384.6 per sec) reads @ Ascaf_102:0-31073
PoolWorker-21 countReadsInRegions_worker: processing 31 (407.6 per sec) @ Ascaf_102:0-31073
PoolWorker-21,  processing 11912 (37031.3 per sec) reads @ Ascaf_29:0-143722
PoolWorker-21 countReadsInRegions_worker: processing 143 (400.6 per sec) @ Ascaf_29:0-143722
PoolWorker-21,  processing 12542 (35978.2 per sec) reads @ Ascaf_37:0-98231
PoolWorker-21 countReadsInRegions_worker: processing 98 (247.4 per sec) @ Ascaf_37:0-98231
PoolWorker-21,  processing 796 (34487.1 per sec) reads @ Ascaf_146:0-15502
PoolWorker-21 countReadsInRegions_worker: processing 15 (258.6 per sec) @ Ascaf_146:0-15502
PoolWorker-21,  processing 3020 (42144.0 per sec) reads @ Ascaf_62:0-52951
PoolWorker-21 countReadsInRegions_worker: processing 52 (483.5 per sec) @ Ascaf_62:0-52951
PoolWorker-21,  processing 5511 (38948.1 per sec) reads @ Ascaf_92:0-34608
PoolWorker-21 countReadsInRegions_worker: processing 34 (186.9 per sec) @ Ascaf_92:0-34608
PoolWorker-21,  processing 11111 (35535.1 per sec) reads @ Ascaf_32:0-110405
PoolWorker-21 countReadsInRegions_worker: processing 110 (309.2 per sec) @ Ascaf_32:0-110405
PoolWorker-21,  processing 1214 (35897.0 per sec) reads @ Ascaf_125:0-19664
PoolWorker-21 countReadsInRegions_worker: processing 19 (264.3 per sec) @ Ascaf_125:0-19664
PoolWorker-21,  processing 1786 (14330.1 per sec) reads @ Ascaf_99:0-33167
PoolWorker-21 countReadsInRegions_worker: processing 33 (200.7 per sec) @ Ascaf_99:0-33167
PoolWorker-21,  processing 319045 (37335.0 per sec) reads @ chr1:5000000-10000000
PoolWorker-21 countReadsInRegions_worker: processing 5000 (578.5 per sec) @ chr1:5000000-10000000
PoolWorker-21,  processing 914 (65958.8 per sec) reads @ Ascaf_138:0-16696
PoolWorker-21 countReadsInRegions_worker: processing 16 (739.5 per sec) @ Ascaf_138:0-16696
PoolWorker-21,  processing 320261 (68387.6 per sec) reads @ chr11:5000000-10000000
PoolWorker-21 countReadsInRegions_worker: processing 5000 (1053.1 per sec) @ chr11:5000000-10000000
PoolWorker-22,  processing 40181 (35849.1 per sec) reads @ Ascaf_33:0-106103
PoolWorker-22 countReadsInRegions_worker: processing 106 (92.5 per sec) @ Ascaf_33:0-106103
PoolWorker-22,  processing 360491 (33796.9 per sec) reads @ chr14:0-5000000
PoolWorker-22 countReadsInRegions_worker: processing 5000 (456.3 per sec) @ chr14:0-5000000
PoolWorker-22,  processing 4030 (27683.0 per sec) reads @ Ascaf_47:0-72017
PoolWorker-22 countReadsInRegions_worker: processing 72 (334.8 per sec) @ Ascaf_47:0-72017
PoolWorker-22,  processing 265943 (33560.1 per sec) reads @ chr19:20000000-23715829
PoolWorker-22 countReadsInRegions_worker: processing 3715 (457.4 per sec) @ chr19:20000000-23715829
PoolWorker-22,  processing 319086 (33405.9 per sec) reads @ chr10:10000000-15000000
PoolWorker-22 countReadsInRegions_worker: processing 5000 (508.6 per sec) @ chr10:10000000-15000000
PoolWorker-22,  processing 5055 (47216.1 per sec) reads @ Ascaf_46:0-73387
PoolWorker-22 countReadsInRegions_worker: processing 73 (491.4 per sec) @ Ascaf_46:0-73387
PoolWorker-22,  processing 235341 (34358.8 per sec) reads @ chr8:20000000-23122080
PoolWorker-22 countReadsInRegions_worker: processing 3122 (449.0 per sec) @ chr8:20000000-23122080
PoolWorker-22,  processing 322763 (33499.5 per sec) reads @ chr12:5000000-10000000
PoolWorker-22 countReadsInRegions_worker: processing 5000 (509.2 per sec) @ chr12:5000000-10000000
PoolWorker-22,  processing 319027 (33795.0 per sec) reads @ chr6:10000000-15000000
PoolWorker-22 countReadsInRegions_worker: processing 5000 (515.6 per sec) @ chr6:10000000-15000000
PoolWorker-22,  processing 321467 (48021.9 per sec) reads @ chr9:5000000-10000000
PoolWorker-22 countReadsInRegions_worker: processing 5000 (735.2 per sec) @ chr9:5000000-10000000
PoolWorker-22,  processing 2144 (66158.9 per sec) reads @ Ascaf_94:0-33862
PoolWorker-22 countReadsInRegions_worker: processing 33 (818.3 per sec) @ Ascaf_94:0-33862
PoolWorker-22,  processing 332338 (73277.5 per sec) reads @ chr15:10000000-15000000
PoolWorker-22 countReadsInRegions_worker: processing 5000 (1084.1 per sec) @ chr15:10000000-15000000
PoolWorker-26,  processing 323791 (32439.3 per sec) reads @ chr4:30000000-35000000
PoolWorker-26 countReadsInRegions_worker: processing 5000 (490.1 per sec) @ chr4:30000000-35000000
PoolWorker-26,  processing 52890 (36917.9 per sec) reads @ Ascaf_53:0-64139
PoolWorker-26 countReadsInRegions_worker: processing 64 (42.6 per sec) @ Ascaf_53:0-64139
PoolWorker-26,  processing 1472 (63116.7 per sec) reads @ Ascaf_123:0-20153
PoolWorker-26 countReadsInRegions_worker: processing 20 (474.8 per sec) @ Ascaf_123:0-20153
PoolWorker-26,  processing 2367 (38568.1 per sec) reads @ Ascaf_69:0-44691
PoolWorker-26 countReadsInRegions_worker: processing 44 (370.9 per sec) @ Ascaf_69:0-44691
PoolWorker-26,  processing 9094 (47549.8 per sec) reads @ Ascaf_114:0-24031
PoolWorker-26 countReadsInRegions_worker: processing 24 (109.7 per sec) @ Ascaf_114:0-24031
PoolWorker-26,  processing 996 (27805.7 per sec) reads @ Ascaf_167:0-25000
PoolWorker-26 countReadsInRegions_worker: processing 25 (227.4 per sec) @ Ascaf_167:0-25000
PoolWorker-26,  processing 8193 (45533.6 per sec) reads @ Ascaf_106:0-29590
PoolWorker-26 countReadsInRegions_worker: processing 29 (119.7 per sec) @ Ascaf_106:0-29590
PoolWorker-26,  processing 576 (51906.1 per sec) reads @ Ascaf_153:0-10046
PoolWorker-26 countReadsInRegions_worker: processing 10 (138.6 per sec) @ Ascaf_153:0-10046
PoolWorker-26,  processing 124 (57386.5 per sec) reads @ Ascaf_157:0-3527
PoolWorker-26 countReadsInRegions_worker: processing 3 (57.2 per sec) @ Ascaf_157:0-3527
PoolWorker-26,  processing 2031 (34315.0 per sec) reads @ Ascaf_66:0-47454
PoolWorker-26 countReadsInRegions_worker: processing 47 (472.9 per sec) @ Ascaf_66:0-47454
PoolWorker-26,  processing 316554 (33480.4 per sec) reads @ chr4:15000000-20000000
PoolWorker-26 countReadsInRegions_worker: processing 5000 (517.7 per sec) @ chr4:15000000-20000000
PoolWorker-26,  processing 346721 (34028.7 per sec) reads @ chr20:0-5000000
PoolWorker-26 countReadsInRegions_worker: processing 5000 (481.8 per sec) @ chr20:0-5000000
PoolWorker-26,  processing 322841 (33376.8 per sec) reads @ chr8:10000000-15000000
PoolWorker-26 countReadsInRegions_worker: processing 5000 (508.9 per sec) @ chr8:10000000-15000000
PoolWorker-26,  processing 326580 (33086.9 per sec) reads @ chr8:15000000-20000000
PoolWorker-26 countReadsInRegions_worker: processing 5000 (498.0 per sec) @ chr8:15000000-20000000
PoolWorker-26,  processing 2001 (48075.4 per sec) reads @ Ascaf_142:0-15730
PoolWorker-26 countReadsInRegions_worker: processing 15 (178.8 per sec) @ Ascaf_142:0-15730
PoolWorker-26,  processing 2315 (14942.9 per sec) reads @ Ascaf_150:0-13271
PoolWorker-26 countReadsInRegions_worker: processing 13 (62.5 per sec) @ Ascaf_150:0-13271
PoolWorker-26,  processing 62394 (35523.2 per sec) reads @ Ascaf_89:0-36000
PoolWorker-26 countReadsInRegions_worker: processing 36 (19.8 per sec) @ Ascaf_89:0-36000
PoolWorker-26,  processing 712044 (53809.4 per sec) reads @ chr19:0-5000000
PoolWorker-26 countReadsInRegions_worker: processing 5000 (372.6 per sec) @ chr19:0-5000000
PoolWorker-26,  processing 4612 (72998.9 per sec) reads @ Ascaf_63:0-51776
PoolWorker-26 countReadsInRegions_worker: processing 51 (726.8 per sec) @ Ascaf_63:0-51776
PoolWorker-26,  processing 155076 (86175.3 per sec) reads @ chr2:25000000-26977752
PoolWorker-26 countReadsInRegions_worker: processing 1977 (1080.7 per sec) @ chr2:25000000-26977752
PoolWorker-27,  processing 328560 (31646.9 per sec) reads @ chr4:25000000-30000000
PoolWorker-27 countReadsInRegions_worker: processing 5000 (471.7 per sec) @ chr4:25000000-30000000
PoolWorker-27,  processing 245589 (33422.4 per sec) reads @ chr12:20000000-23704847
PoolWorker-27 countReadsInRegions_worker: processing 3704 (496.4 per sec) @ chr12:20000000-23704847
PoolWorker-27,  processing 1933 (44728.8 per sec) reads @ Ascaf_108:0-29345
PoolWorker-27 countReadsInRegions_worker: processing 29 (339.1 per sec) @ Ascaf_108:0-29345
PoolWorker-27,  processing 1699 (41208.8 per sec) reads @ Ascaf_109:0-28244
PoolWorker-27 countReadsInRegions_worker: processing 28 (339.7 per sec) @ Ascaf_109:0-28244
PoolWorker-27,  processing 2947 (33207.8 per sec) reads @ Ascaf_68:0-47437
PoolWorker-27 countReadsInRegions_worker: processing 47 (379.7 per sec) @ Ascaf_68:0-47437
PoolWorker-27,  processing 319528 (33494.9 per sec) reads @ chr16:5000000-10000000
PoolWorker-27 countReadsInRegions_worker: processing 5000 (510.3 per sec) @ chr16:5000000-10000000
PoolWorker-27,  processing 12823 (36507.1 per sec) reads @ Ascaf_107:0-29490
PoolWorker-27 countReadsInRegions_worker: processing 29 (72.2 per sec) @ Ascaf_107:0-29490
PoolWorker-27,  processing 315511 (33422.5 per sec) reads @ chr8:0-5000000
PoolWorker-27 countReadsInRegions_worker: processing 5000 (520.7 per sec) @ chr8:0-5000000
PoolWorker-27,  processing 327999 (32921.4 per sec) reads @ chr12:0-5000000
PoolWorker-27 countReadsInRegions_worker: processing 5000 (494.2 per sec) @ chr12:0-5000000
PoolWorker-27,  processing 326457 (35475.0 per sec) reads @ chr9:10000000-15000000
PoolWorker-27 countReadsInRegions_worker: processing 5000 (537.4 per sec) @ chr9:10000000-15000000
PoolWorker-27,  processing 323608 (52201.0 per sec) reads @ chr3:5000000-10000000
PoolWorker-27 countReadsInRegions_worker: processing 5000 (797.8 per sec) @ chr3:5000000-10000000
PoolWorker-27,  processing 320066 (71392.1 per sec) reads @ chr9:0-5000000
PoolWorker-27 countReadsInRegions_worker: processing 5000 (1093.6 per sec) @ chr9:0-5000000
output file: /storage/scratch/iee/dj20y461/Stickleback/Y_comp/Sex_chrom_stats/Read_depths/Gw/depths/2007MA_F_2.1kb.RPKM.depth
