genome partition size for multiprocessing: 1000000
using 16 processors for 657 number of tasks
Final scaling factor: 0.0623465806517
PoolWorker-27,  processing 157432 (38602.0 per sec) reads @ chr7:25000000-30000000
PoolWorker-27 countReadsInRegions_worker: processing 5000 (1201.9 per sec) @ chr7:25000000-30000000
PoolWorker-27,  processing 1175 (70245.8 per sec) reads @ Ascaf_87:0-36937
PoolWorker-27 countReadsInRegions_worker: processing 36 (493.0 per sec) @ Ascaf_87:0-36937
PoolWorker-27,  processing 171494 (35190.1 per sec) reads @ chr17:10000000-15000000
PoolWorker-27 countReadsInRegions_worker: processing 5000 (999.4 per sec) @ chr17:10000000-15000000
PoolWorker-27,  processing 145717 (34942.5 per sec) reads @ chr20:5000000-10000000
PoolWorker-27 countReadsInRegions_worker: processing 5000 (1161.7 per sec) @ chr20:5000000-10000000
PoolWorker-27,  processing 234054 (34229.7 per sec) reads @ chr19:0-5000000
PoolWorker-27 countReadsInRegions_worker: processing 5000 (715.2 per sec) @ chr19:0-5000000
PoolWorker-27,  processing 377 (61052.2 per sec) reads @ Ascaf_116:0-22916
PoolWorker-27 countReadsInRegions_worker: processing 22 (519.0 per sec) @ Ascaf_116:0-22916
PoolWorker-27,  processing 8656 (39004.2 per sec) reads @ Ascaf_53:0-64139
PoolWorker-27 countReadsInRegions_worker: processing 64 (248.8 per sec) @ Ascaf_53:0-64139
PoolWorker-27,  processing 164034 (33915.9 per sec) reads @ chr8:0-5000000
PoolWorker-27 countReadsInRegions_worker: processing 5000 (1011.5 per sec) @ chr8:0-5000000
PoolWorker-24,  processing 155330 (31864.1 per sec) reads @ chr4:35000000-40000000
PoolWorker-24 countReadsInRegions_worker: processing 5000 (1006.7 per sec) @ chr4:35000000-40000000
PoolWorker-24,  processing 3405 (46607.5 per sec) reads @ Ascaf_79:0-41364
PoolWorker-24 countReadsInRegions_worker: processing 41 (317.4 per sec) @ Ascaf_79:0-41364
PoolWorker-24,  processing 106485 (33754.9 per sec) reads @ chr18:15000000-18483836
PoolWorker-24 countReadsInRegions_worker: processing 3483 (1068.9 per sec) @ chr18:15000000-18483836
PoolWorker-24,  processing 149213 (34877.1 per sec) reads @ chr5:5000000-10000000
PoolWorker-24 countReadsInRegions_worker: processing 5000 (1125.7 per sec) @ chr5:5000000-10000000
PoolWorker-24,  processing 155256 (35391.6 per sec) reads @ chr11:0-5000000
PoolWorker-24 countReadsInRegions_worker: processing 5000 (1111.5 per sec) @ chr11:0-5000000
PoolWorker-24,  processing 1671 (47116.9 per sec) reads @ Ascaf_55:0-59833
PoolWorker-24 countReadsInRegions_worker: processing 59 (848.0 per sec) @ Ascaf_55:0-59833
PoolWorker-24,  processing 17106 (39236.7 per sec) reads @ Ascaf_98:0-33222
PoolWorker-24 countReadsInRegions_worker: processing 33 (69.8 per sec) @ Ascaf_98:0-33222
PoolWorker-24,  processing 127737 (35845.9 per sec) reads @ chr11:15000000-19299255
PoolWorker-24 countReadsInRegions_worker: processing 4299 (1177.8 per sec) @ chr11:15000000-19299255
PoolWorker-24,  processing 1667 (43820.2 per sec) reads @ Ascaf_62:0-52951
PoolWorker-24 countReadsInRegions_worker: processing 52 (700.4 per sec) @ Ascaf_62:0-52951
PoolWorker-24,  processing 1247 (66638.2 per sec) reads @ Ascaf_68:0-47437
PoolWorker-24 countReadsInRegions_worker: processing 47 (879.0 per sec) @ Ascaf_68:0-47437
PoolWorker-24,  processing 1447 (68595.1 per sec) reads @ Ascaf_133:0-49732
PoolWorker-24 countReadsInRegions_worker: processing 49 (867.4 per sec) @ Ascaf_133:0-49732
PoolWorker-24,  processing 150835 (35839.7 per sec) reads @ chr16:5000000-10000000
PoolWorker-24 countReadsInRegions_worker: processing 5000 (1170.5 per sec) @ chr16:5000000-10000000
PoolWorker-25,  processing 92427 (30441.8 per sec) reads @ chr19:5000000-10000000
PoolWorker-25 countReadsInRegions_worker: processing 5000 (1601.0 per sec) @ chr19:5000000-10000000
PoolWorker-25,  processing 1421 (73764.6 per sec) reads @ Ascaf_106:0-29590
PoolWorker-25 countReadsInRegions_worker: processing 29 (374.3 per sec) @ Ascaf_106:0-29590
PoolWorker-25,  processing 1884 (50489.2 per sec) reads @ Ascaf_76:0-42514
PoolWorker-25 countReadsInRegions_worker: processing 42 (451.9 per sec) @ Ascaf_76:0-42514
PoolWorker-25,  processing 1147 (40597.7 per sec) reads @ Ascaf_94:0-33862
PoolWorker-25 countReadsInRegions_worker: processing 33 (294.7 per sec) @ Ascaf_94:0-33862
PoolWorker-25,  processing 163191 (36258.7 per sec) reads @ chr11:10000000-15000000
PoolWorker-25 countReadsInRegions_worker: processing 5000 (1073.9 per sec) @ chr11:10000000-15000000
PoolWorker-25,  processing 136201 (35192.6 per sec) reads @ chr21:0-5000000
PoolWorker-25 countReadsInRegions_worker: processing 5000 (1259.0 per sec) @ chr21:0-5000000
PoolWorker-25,  processing 159650 (35189.5 per sec) reads @ chr14:10000000-15000000
PoolWorker-25 countReadsInRegions_worker: processing 5000 (1075.1 per sec) @ chr14:10000000-15000000
PoolWorker-25,  processing 1327 (67445.9 per sec) reads @ Ascaf_70:0-46916
PoolWorker-25 countReadsInRegions_worker: processing 46 (825.1 per sec) @ Ascaf_70:0-46916
PoolWorker-25,  processing 57746 (37192.5 per sec) reads @ Ascaf_119:0-22101
PoolWorker-25 countReadsInRegions_worker: processing 22 (13.7 per sec) @ Ascaf_119:0-22101
PoolWorker-25,  processing 162687 (34943.1 per sec) reads @ chr18:10000000-15000000
PoolWorker-25 countReadsInRegions_worker: processing 5000 (1037.1 per sec) @ chr18:10000000-15000000
PoolWorker-25,  processing 354 (65047.9 per sec) reads @ Ascaf_122:0-20728
PoolWorker-25 countReadsInRegions_worker: processing 20 (503.3 per sec) @ Ascaf_122:0-20728
PoolWorker-25,  processing 420 (65016.0 per sec) reads @ Ascaf_149:0-13452
PoolWorker-25 countReadsInRegions_worker: processing 13 (316.0 per sec) @ Ascaf_149:0-13452
PoolWorker-25,  processing 41815 (34046.8 per sec) reads @ chr6:20000000-21248438
PoolWorker-25 countReadsInRegions_worker: processing 1248 (978.3 per sec) @ chr6:20000000-21248438
PoolWorker-25,  processing 2486 (53850.3 per sec) reads @ Ascaf_31:0-121444
PoolWorker-25 countReadsInRegions_worker: processing 121 (1295.5 per sec) @ Ascaf_31:0-121444
PoolWorker-25,  processing 1250 (41987.0 per sec) reads @ Ascaf_169:0-50000
PoolWorker-25 countReadsInRegions_worker: processing 50 (855.9 per sec) @ Ascaf_169:0-50000
PoolWorker-25,  processing 102454 (37631.5 per sec) reads @ chr19:10000000-15000000
PoolWorker-25 countReadsInRegions_worker: processing 5000 (1801.2 per sec) @ chr19:10000000-15000000
PoolWorker-23,  processing 159688 (32929.3 per sec) reads @ chr4:10000000-15000000
PoolWorker-23 countReadsInRegions_worker: processing 5000 (1009.0 per sec) @ chr4:10000000-15000000
PoolWorker-23,  processing 417 (67236.6 per sec) reads @ Ascaf_148:0-14976
PoolWorker-23 countReadsInRegions_worker: processing 14 (190.7 per sec) @ Ascaf_148:0-14976
PoolWorker-23,  processing 21624 (38161.3 per sec) reads @ Ascaf_39:0-92659
PoolWorker-23 countReadsInRegions_worker: processing 92 (147.1 per sec) @ Ascaf_39:0-92659
PoolWorker-23,  processing 78917 (33618.1 per sec) reads @ chr19:20000000-23715829
PoolWorker-23 countReadsInRegions_worker: processing 3715 (1528.0 per sec) @ chr19:20000000-23715829
PoolWorker-23,  processing 11730 (40389.1 per sec) reads @ Ascaf_25:0-178627
PoolWorker-23 countReadsInRegions_worker: processing 178 (510.7 per sec) @ Ascaf_25:0-178627
PoolWorker-23,  processing 693 (58818.9 per sec) reads @ Ascaf_97:0-33357
PoolWorker-23 countReadsInRegions_worker: processing 33 (489.8 per sec) @ Ascaf_97:0-33357
PoolWorker-23,  processing 137835 (34348.2 per sec) reads @ chr9:20000000-24303205
PoolWorker-23 countReadsInRegions_worker: processing 4303 (1036.0 per sec) @ chr9:20000000-24303205
PoolWorker-23,  processing 150303 (36899.1 per sec) reads @ chr6:15000000-20000000
PoolWorker-23 countReadsInRegions_worker: processing 5000 (1161.4 per sec) @ chr6:15000000-20000000
PoolWorker-23,  processing 384 (64362.7 per sec) reads @ Ascaf_131:0-18319
PoolWorker-23 countReadsInRegions_worker: processing 18 (437.8 per sec) @ Ascaf_131:0-18319
PoolWorker-23,  processing 157108 (35205.3 per sec) reads @ chr8:5000000-10000000
PoolWorker-23 countReadsInRegions_worker: processing 5000 (1096.5 per sec) @ chr8:5000000-10000000
PoolWorker-23,  processing 24 (31213.4 per sec) reads @ Ascaf_160:0-2000
PoolWorker-23 countReadsInRegions_worker: processing 2 (57.6 per sec) @ Ascaf_160:0-2000
PoolWorker-23,  processing 145442 (34022.4 per sec) reads @ chr4:0-5000000
PoolWorker-23 countReadsInRegions_worker: processing 5000 (1147.6 per sec) @ chr4:0-5000000
PoolWorker-20,  processing 2011 (21168.2 per sec) reads @ Ascaf_58:0-57612
PoolWorker-20 countReadsInRegions_worker: processing 57 (559.2 per sec) @ Ascaf_58:0-57612
PoolWorker-20,  processing 1352 (45757.6 per sec) reads @ Ascaf_104:0-29894
PoolWorker-20 countReadsInRegions_worker: processing 29 (382.2 per sec) @ Ascaf_104:0-29894
PoolWorker-20,  processing 1896 (42583.8 per sec) reads @ Ascaf_114:0-24031
PoolWorker-20 countReadsInRegions_worker: processing 24 (266.1 per sec) @ Ascaf_114:0-24031
PoolWorker-20,  processing 9402 (28914.6 per sec) reads @ Ascaf_110:0-27536
PoolWorker-20 countReadsInRegions_worker: processing 27 (72.4 per sec) @ Ascaf_110:0-27536
PoolWorker-20,  processing 127785 (33470.7 per sec) reads @ chr1:30000000-33917795
PoolWorker-20 countReadsInRegions_worker: processing 3917 (993.5 per sec) @ chr1:30000000-33917795
PoolWorker-20,  processing 164967 (36304.2 per sec) reads @ chr17:5000000-10000000
PoolWorker-20 countReadsInRegions_worker: processing 5000 (1068.4 per sec) @ chr17:5000000-10000000
PoolWorker-20,  processing 161860 (35036.2 per sec) reads @ chr8:10000000-15000000
PoolWorker-20 countReadsInRegions_worker: processing 5000 (1042.7 per sec) @ chr8:10000000-15000000
PoolWorker-20,  processing 11870 (39605.9 per sec) reads @ Ascaf_28:0-145740
PoolWorker-20 countReadsInRegions_worker: processing 145 (405.8 per sec) @ Ascaf_28:0-145740
PoolWorker-20,  processing 166 (57857.3 per sec) reads @ Ascaf_158:0-3231
PoolWorker-20 countReadsInRegions_worker: processing 3 (51.3 per sec) @ Ascaf_158:0-3231
PoolWorker-20,  processing 560 (73203.6 per sec) reads @ Ascaf_142:0-15730
PoolWorker-20 countReadsInRegions_worker: processing 15 (237.5 per sec) @ Ascaf_142:0-15730
PoolWorker-20,  processing 518 (63691.6 per sec) reads @ Ascaf_103:0-30986
PoolWorker-20 countReadsInRegions_worker: processing 30 (402.0 per sec) @ Ascaf_103:0-30986
PoolWorker-20,  processing 140047 (35109.6 per sec) reads @ chr16:0-5000000
PoolWorker-20 countReadsInRegions_worker: processing 5000 (1217.3 per sec) @ chr16:0-5000000
PoolWorker-20,  processing 156585 (34989.4 per sec) reads @ chr1:15000000-20000000
PoolWorker-20 countReadsInRegions_worker: processing 5000 (1081.0 per sec) @ chr1:15000000-20000000
PoolWorker-20,  processing 135574 (38911.5 per sec) reads @ chr13:20000000-24369283
PoolWorker-20 countReadsInRegions_worker: processing 4369 (1217.0 per sec) @ chr13:20000000-24369283
PoolWorker-20,  processing 13263 (40668.3 per sec) reads @ Ascaf_38:0-95573
PoolWorker-20 countReadsInRegions_worker: processing 95 (252.5 per sec) @ Ascaf_38:0-95573
PoolWorker-20,  processing 2861 (42339.5 per sec) reads @ Ascaf_64:0-51000
PoolWorker-20 countReadsInRegions_worker: processing 51 (497.6 per sec) @ Ascaf_64:0-51000
PoolWorker-31,  processing 172 (51681.4 per sec) reads @ Ascaf_155:0-6589
PoolWorker-31 countReadsInRegions_worker: processing 6 (664.2 per sec) @ Ascaf_155:0-6589
PoolWorker-31,  processing 144079 (33715.3 per sec) reads @ chr18:0-5000000
PoolWorker-31 countReadsInRegions_worker: processing 5000 (1138.6 per sec) @ chr18:0-5000000
PoolWorker-31,  processing 160921 (35497.5 per sec) reads @ chr12:5000000-10000000
PoolWorker-31 countReadsInRegions_worker: processing 5000 (1070.1 per sec) @ chr12:5000000-10000000
PoolWorker-31,  processing 1246 (69402.8 per sec) reads @ Ascaf_83:0-38959
PoolWorker-31 countReadsInRegions_worker: processing 38 (563.3 per sec) @ Ascaf_83:0-38959
PoolWorker-31,  processing 372 (67588.5 per sec) reads @ Ascaf_102:0-31073
PoolWorker-31 countReadsInRegions_worker: processing 31 (502.7 per sec) @ Ascaf_102:0-31073
PoolWorker-31,  processing 526 (67229.5 per sec) reads @ Ascaf_145:0-15510
PoolWorker-31 countReadsInRegions_worker: processing 15 (237.0 per sec) @ Ascaf_145:0-15510
PoolWorker-31,  processing 10645 (35529.4 per sec) reads @ Ascaf_41:0-90399
PoolWorker-31 countReadsInRegions_worker: processing 90 (252.3 per sec) @ Ascaf_41:0-90399
PoolWorker-31,  processing 15 (22223.4 per sec) reads @ Ascaf_165:0-1000
PoolWorker-31 countReadsInRegions_worker: processing 1 (17.7 per sec) @ Ascaf_165:0-1000
PoolWorker-31,  processing 3236 (53670.2 per sec) reads @ Ascaf_37:0-98231
PoolWorker-31 countReadsInRegions_worker: processing 98 (857.8 per sec) @ Ascaf_37:0-98231
PoolWorker-31,  processing 145250 (35542.8 per sec) reads @ chr7:15000000-20000000
PoolWorker-31 countReadsInRegions_worker: processing 5000 (1194.0 per sec) @ chr7:15000000-20000000
PoolWorker-31,  processing 155336 (35147.0 per sec) reads @ chr3:15000000-20000000
PoolWorker-31 countReadsInRegions_worker: processing 5000 (1098.6 per sec) @ chr3:15000000-20000000
PoolWorker-31,  processing 148877 (33845.2 per sec) reads @ chr2:0-5000000
PoolWorker-31 countReadsInRegions_worker: processing 5000 (1103.4 per sec) @ chr2:0-5000000
PoolWorker-31,  processing 473 (67842.1 per sec) reads @ Ascaf_60:0-24766
PoolWorker-31 countReadsInRegions_worker: processing 24 (549.6 per sec) @ Ascaf_60:0-24766
PoolWorker-31,  processing 2302 (48090.6 per sec) reads @ Ascaf_107:0-29490
PoolWorker-31 countReadsInRegions_worker: processing 29 (360.8 per sec) @ Ascaf_107:0-29490
PoolWorker-31,  processing 12129 (36117.9 per sec) reads @ Ascaf_33:0-106103
PoolWorker-31 countReadsInRegions_worker: processing 106 (288.8 per sec) @ Ascaf_33:0-106103
PoolWorker-31,  processing 159700 (40499.9 per sec) reads @ chr14:0-5000000
PoolWorker-31 countReadsInRegions_worker: processing 5000 (1234.1 per sec) @ chr14:0-5000000
PoolWorker-30,  processing 160643 (33889.5 per sec) reads @ chr2:10000000-15000000
PoolWorker-30 countReadsInRegions_worker: processing 5000 (1035.5 per sec) @ chr2:10000000-15000000
PoolWorker-30,  processing 46 (36680.2 per sec) reads @ Ascaf_164:0-1000
PoolWorker-30 countReadsInRegions_worker: processing 1 (17.1 per sec) @ Ascaf_164:0-1000
PoolWorker-30,  processing 9501 (38271.4 per sec) reads @ Ascaf_113:0-24387
PoolWorker-30 countReadsInRegions_worker: processing 24 (78.6 per sec) @ Ascaf_113:0-24387
PoolWorker-30,  processing 387 (64458.6 per sec) reads @ Ascaf_121:0-21431
PoolWorker-30 countReadsInRegions_worker: processing 21 (342.1 per sec) @ Ascaf_121:0-21431
PoolWorker-30,  processing 156019 (34922.6 per sec) reads @ chr7:0-5000000
PoolWorker-30 countReadsInRegions_worker: processing 5000 (1097.9 per sec) @ chr7:0-5000000
PoolWorker-30,  processing 849 (58733.7 per sec) reads @ Ascaf_127:0-19159
PoolWorker-30 countReadsInRegions_worker: processing 19 (771.1 per sec) @ Ascaf_127:0-19159
PoolWorker-30,  processing 338 (60132.1 per sec) reads @ Ascaf_144:0-15519
PoolWorker-30 countReadsInRegions_worker: processing 15 (249.9 per sec) @ Ascaf_144:0-15519
PoolWorker-30,  processing 4666 (36919.5 per sec) reads @ Ascaf_29:0-143722
PoolWorker-30 countReadsInRegions_worker: processing 143 (805.6 per sec) @ Ascaf_29:0-143722
PoolWorker-30,  processing 150847 (34604.6 per sec) reads @ chr8:15000000-20000000
PoolWorker-30 countReadsInRegions_worker: processing 5000 (1116.5 per sec) @ chr8:15000000-20000000
PoolWorker-30,  processing 8085 (40169.5 per sec) reads @ Ascaf_75:0-42641
PoolWorker-30 countReadsInRegions_worker: processing 42 (154.6 per sec) @ Ascaf_75:0-42641
PoolWorker-30,  processing 1970 (49357.4 per sec) reads @ Ascaf_65:0-47651
PoolWorker-30 countReadsInRegions_worker: processing 47 (519.9 per sec) @ Ascaf_65:0-47651
PoolWorker-30,  processing 1099 (69019.6 per sec) reads @ Ascaf_78:0-41577
PoolWorker-30 countReadsInRegions_worker: processing 41 (618.8 per sec) @ Ascaf_78:0-41577
PoolWorker-30,  processing 1180 (67294.1 per sec) reads @ Ascaf_81:0-40000
PoolWorker-30 countReadsInRegions_worker: processing 40 (557.3 per sec) @ Ascaf_81:0-40000
PoolWorker-30,  processing 164843 (34632.4 per sec) reads @ chr3:10000000-15000000
PoolWorker-30 countReadsInRegions_worker: processing 5000 (1028.4 per sec) @ chr3:10000000-15000000
PoolWorker-30,  processing 7577 (39918.2 per sec) reads @ Ascaf_35:0-99371
PoolWorker-30 countReadsInRegions_worker: processing 99 (436.0 per sec) @ Ascaf_35:0-99371
PoolWorker-30,  processing 163589 (34967.7 per sec) reads @ chr9:10000000-15000000
PoolWorker-30 countReadsInRegions_worker: processing 5000 (1042.6 per sec) @ chr9:10000000-15000000
PoolWorker-30,  processing 164801 (57778.8 per sec) reads @ chr10:5000000-10000000
PoolWorker-30 countReadsInRegions_worker: processing 5000 (1712.6 per sec) @ chr10:5000000-10000000
PoolWorker-30,  processing 27381 (73985.1 per sec) reads @ Ascaf_42:0-86089
PoolWorker-30 countReadsInRegions_worker: processing 86 (228.4 per sec) @ Ascaf_42:0-86089
PoolWorker-30,  processing 1005 (66214.4 per sec) reads @ Ascaf_77:0-41997
PoolWorker-30 countReadsInRegions_worker: processing 41 (2327.1 per sec) @ Ascaf_77:0-41997
PoolWorker-30,  processing 2644 (53790.3 per sec) reads @ Ascaf_44:0-77777
PoolWorker-30 countReadsInRegions_worker: processing 77 (1018.1 per sec) @ Ascaf_44:0-77777
PoolWorker-26,  processing 407 (59939.7 per sec) reads @ Ascaf_115:0-24004
PoolWorker-26 countReadsInRegions_worker: processing 24 (558.1 per sec) @ Ascaf_115:0-24004
PoolWorker-26,  processing 503 (60683.9 per sec) reads @ Ascaf_136:0-17062
PoolWorker-26 countReadsInRegions_worker: processing 17 (265.6 per sec) @ Ascaf_136:0-17062
PoolWorker-26,  processing 142521 (33787.5 per sec) reads @ chr4:15000000-20000000
PoolWorker-26 countReadsInRegions_worker: processing 5000 (1149.6 per sec) @ chr4:15000000-20000000
PoolWorker-26,  processing 154836 (34553.1 per sec) reads @ chr9:5000000-10000000
PoolWorker-26 countReadsInRegions_worker: processing 5000 (1084.7 per sec) @ chr9:5000000-10000000
PoolWorker-26,  processing 477 (69523.7 per sec) reads @ Ascaf_134:0-17659
PoolWorker-26 countReadsInRegions_worker: processing 17 (269.3 per sec) @ Ascaf_134:0-17659
PoolWorker-26,  processing 2163 (52423.6 per sec) reads @ Ascaf_92:0-34608
PoolWorker-26 countReadsInRegions_worker: processing 34 (350.1 per sec) @ Ascaf_92:0-34608
PoolWorker-26,  processing 19516 (37037.7 per sec) reads @ Ascaf_43:0-83995
PoolWorker-26 countReadsInRegions_worker: processing 83 (141.6 per sec) @ Ascaf_43:0-83995
PoolWorker-26,  processing 301 (65908.9 per sec) reads @ Ascaf_138:0-16696
PoolWorker-26 countReadsInRegions_worker: processing 16 (263.7 per sec) @ Ascaf_138:0-16696
PoolWorker-26,  processing 1866 (48961.1 per sec) reads @ Ascaf_56:0-58445
PoolWorker-26 countReadsInRegions_worker: processing 58 (612.1 per sec) @ Ascaf_56:0-58445
PoolWorker-26,  processing 158284 (36333.2 per sec) reads @ chr15:10000000-15000000
PoolWorker-26 countReadsInRegions_worker: processing 5000 (1105.2 per sec) @ chr15:10000000-15000000
PoolWorker-26,  processing 153387 (34839.4 per sec) reads @ chr13:15000000-20000000
PoolWorker-26 countReadsInRegions_worker: processing 5000 (1103.2 per sec) @ chr13:15000000-20000000
PoolWorker-26,  processing 1020 (66867.6 per sec) reads @ Ascaf_69:0-44691
PoolWorker-26 countReadsInRegions_worker: processing 44 (847.3 per sec) @ Ascaf_69:0-44691
PoolWorker-26,  processing 1172 (63502.4 per sec) reads @ Ascaf_86:0-37568
PoolWorker-26 countReadsInRegions_worker: processing 37 (696.3 per sec) @ Ascaf_86:0-37568
PoolWorker-26,  processing 755 (67713.7 per sec) reads @ Ascaf_99:0-33167
PoolWorker-26 countReadsInRegions_worker: processing 33 (707.5 per sec) @ Ascaf_99:0-33167
PoolWorker-26,  processing 1110 (69017.0 per sec) reads @ Ascaf_108:0-29345
PoolWorker-26 countReadsInRegions_worker: processing 29 (580.1 per sec) @ Ascaf_108:0-29345
PoolWorker-26,  processing 162690 (35772.9 per sec) reads @ chr1:20000000-25000000
PoolWorker-26 countReadsInRegions_worker: processing 5000 (1066.6 per sec) @ chr1:20000000-25000000
PoolWorker-26,  processing 3694 (42672.2 per sec) reads @ Ascaf_59:0-57475
PoolWorker-26 countReadsInRegions_worker: processing 57 (467.5 per sec) @ Ascaf_59:0-57475
PoolWorker-26,  processing 13723 (39047.4 per sec) reads @ Ascaf_50:0-70692
PoolWorker-26 countReadsInRegions_worker: processing 70 (179.8 per sec) @ Ascaf_50:0-70692
PoolWorker-26,  processing 152990 (39533.6 per sec) reads @ chr16:15000000-20000000
PoolWorker-26 countReadsInRegions_worker: processing 5000 (1269.4 per sec) @ chr16:15000000-20000000
PoolWorker-26,  processing 1989 (67270.9 per sec) reads @ Ascaf_49:0-70996
PoolWorker-26 countReadsInRegions_worker: processing 70 (2191.2 per sec) @ Ascaf_49:0-70996
PoolWorker-18,  processing 1755 (59838.7 per sec) reads @ Ascaf_51:0-70629
PoolWorker-18 countReadsInRegions_worker: processing 70 (2097.4 per sec) @ Ascaf_51:0-70629
PoolWorker-18,  processing 161908 (33194.4 per sec) reads @ chr3:5000000-10000000
PoolWorker-18 countReadsInRegions_worker: processing 5000 (1007.6 per sec) @ chr3:5000000-10000000
PoolWorker-18,  processing 6385 (40138.5 per sec) reads @ Ascaf_124:0-19772
PoolWorker-18 countReadsInRegions_worker: processing 19 (89.5 per sec) @ Ascaf_124:0-19772
PoolWorker-18,  processing 666 (66866.3 per sec) reads @ Ascaf_123:0-20153
PoolWorker-18 countReadsInRegions_worker: processing 20 (305.6 per sec) @ Ascaf_123:0-20153
PoolWorker-18,  processing 11812 (39361.0 per sec) reads @ Ascaf_22:0-446888
PoolWorker-18 countReadsInRegions_worker: processing 446 (1280.4 per sec) @ Ascaf_22:0-446888
PoolWorker-18,  processing 305 (59475.7 per sec) reads @ Ascaf_146:0-15502
PoolWorker-18 countReadsInRegions_worker: processing 15 (244.8 per sec) @ Ascaf_146:0-15502
PoolWorker-18,  processing 3577 (46099.5 per sec) reads @ Ascaf_166:0-50000
PoolWorker-18 countReadsInRegions_worker: processing 50 (372.7 per sec) @ Ascaf_166:0-50000
PoolWorker-18,  processing 7088 (40232.5 per sec) reads @ Ascaf_137:0-17000
PoolWorker-18 countReadsInRegions_worker: processing 17 (73.7 per sec) @ Ascaf_137:0-17000
PoolWorker-18,  processing 16957 (38460.9 per sec) reads @ Ascaf_120:0-22000
PoolWorker-18 countReadsInRegions_worker: processing 22 (44.3 per sec) @ Ascaf_120:0-22000
PoolWorker-18,  processing 152876 (34133.8 per sec) reads @ chr12:15000000-20000000
PoolWorker-18 countReadsInRegions_worker: processing 5000 (1091.8 per sec) @ chr12:15000000-20000000
PoolWorker-18,  processing 290 (60203.3 per sec) reads @ Ascaf_143:0-15560
PoolWorker-18 countReadsInRegions_worker: processing 15 (247.4 per sec) @ Ascaf_143:0-15560
PoolWorker-18,  processing 138347 (33611.9 per sec) reads @ chr3:0-5000000
PoolWorker-18 countReadsInRegions_worker: processing 5000 (1178.3 per sec) @ chr3:0-5000000
PoolWorker-18,  processing 291 (60425.9 per sec) reads @ Ascaf_139:0-16678
PoolWorker-18 countReadsInRegions_worker: processing 16 (406.1 per sec) @ Ascaf_139:0-16678
PoolWorker-18,  processing 19685 (38618.7 per sec) reads @ chr15:20000000-20219940
PoolWorker-18 countReadsInRegions_worker: processing 219 (393.4 per sec) @ chr15:20000000-20219940
PoolWorker-18,  processing 18 (24456.6 per sec) reads @ Ascaf_162:0-1000
PoolWorker-18 countReadsInRegions_worker: processing 1 (28.2 per sec) @ Ascaf_162:0-1000
PoolWorker-18,  processing 43 (28070.8 per sec) reads @ Ascaf_163:0-1000
PoolWorker-18 countReadsInRegions_worker: processing 1 (44.2 per sec) @ Ascaf_163:0-1000
PoolWorker-18,  processing 146197 (34486.0 per sec) reads @ chr21:10000000-15000000
PoolWorker-18 countReadsInRegions_worker: processing 5000 (1153.7 per sec) @ chr21:10000000-15000000
PoolWorker-18,  processing 155155 (34620.7 per sec) reads @ chr6:5000000-10000000
PoolWorker-18 countReadsInRegions_worker: processing 5000 (1080.5 per sec) @ chr6:5000000-10000000
PoolWorker-18,  processing 144352 (40009.7 per sec) reads @ chr17:0-5000000
PoolWorker-18 countReadsInRegions_worker: processing 5000 (1361.6 per sec) @ chr17:0-5000000
PoolWorker-18,  processing 1234 (72850.0 per sec) reads @ Ascaf_105:0-29809
PoolWorker-18 countReadsInRegions_worker: processing 29 (1497.3 per sec) @ Ascaf_105:0-29809
PoolWorker-21,  processing 871 (65572.5 per sec) reads @ Ascaf_95:0-33544
PoolWorker-21 countReadsInRegions_worker: processing 33 (1998.2 per sec) @ Ascaf_95:0-33544
PoolWorker-21,  processing 534 (69665.9 per sec) reads @ Ascaf_54:0-60000
PoolWorker-21 countReadsInRegions_worker: processing 60 (6068.0 per sec) @ Ascaf_54:0-60000
PoolWorker-21,  processing 141629 (34080.1 per sec) reads @ chr1:25000000-30000000
PoolWorker-21 countReadsInRegions_worker: processing 5000 (1180.1 per sec) @ chr1:25000000-30000000
PoolWorker-21,  processing 149700 (34814.5 per sec) reads @ chr13:5000000-10000000
PoolWorker-21 countReadsInRegions_worker: processing 5000 (1127.9 per sec) @ chr13:5000000-10000000
PoolWorker-21,  processing 14790 (39091.2 per sec) reads @ Ascaf_30:0-130979
PoolWorker-21 countReadsInRegions_worker: processing 130 (294.4 per sec) @ Ascaf_30:0-130979
PoolWorker-21,  processing 157913 (35214.1 per sec) reads @ chr7:10000000-15000000
PoolWorker-21 countReadsInRegions_worker: processing 5000 (1076.4 per sec) @ chr7:10000000-15000000
PoolWorker-21,  processing 1755 (47936.6 per sec) reads @ Ascaf_73:0-44649
PoolWorker-21 countReadsInRegions_worker: processing 44 (469.8 per sec) @ Ascaf_73:0-44649
PoolWorker-21,  processing 512 (65724.5 per sec) reads @ Ascaf_117:0-22832
PoolWorker-21 countReadsInRegions_worker: processing 22 (343.3 per sec) @ Ascaf_117:0-22832
PoolWorker-21,  processing 717 (69720.3 per sec) reads @ Ascaf_141:0-15738
PoolWorker-21 countReadsInRegions_worker: processing 15 (225.7 per sec) @ Ascaf_141:0-15738
PoolWorker-21,  processing 94961 (34774.3 per sec) reads @ chr19:15000000-20000000
PoolWorker-21 countReadsInRegions_worker: processing 5000 (1774.5 per sec) @ chr19:15000000-20000000
PoolWorker-21,  processing 58 (46073.8 per sec) reads @ Ascaf_157:0-3527
PoolWorker-21 countReadsInRegions_worker: processing 3 (80.0 per sec) @ Ascaf_157:0-3527
PoolWorker-21,  processing 533 (69665.4 per sec) reads @ Ascaf_135:0-17087
PoolWorker-21 countReadsInRegions_worker: processing 17 (407.8 per sec) @ Ascaf_135:0-17087
PoolWorker-21,  processing 67552 (35831.2 per sec) reads @ chr4:40000000-40647937
PoolWorker-21 countReadsInRegions_worker: processing 647 (332.8 per sec) @ chr4:40000000-40647937
PoolWorker-21,  processing 160210 (34522.5 per sec) reads @ chr16:10000000-15000000
PoolWorker-21 countReadsInRegions_worker: processing 5000 (1044.6 per sec) @ chr16:10000000-15000000
PoolWorker-21,  processing 587 (59527.5 per sec) reads @ Ascaf_130:0-18457
PoolWorker-21 countReadsInRegions_worker: processing 18 (406.5 per sec) @ Ascaf_130:0-18457
PoolWorker-21,  processing 935 (69228.8 per sec) reads @ Ascaf_101:0-31946
PoolWorker-21 countReadsInRegions_worker: processing 31 (648.0 per sec) @ Ascaf_101:0-31946
PoolWorker-21,  processing 294 (61610.1 per sec) reads @ Ascaf_151:0-13242
PoolWorker-21 countReadsInRegions_worker: processing 13 (331.5 per sec) @ Ascaf_151:0-13242
PoolWorker-21,  processing 164800 (42405.9 per sec) reads @ chr1:5000000-10000000
PoolWorker-21 countReadsInRegions_worker: processing 5000 (1263.2 per sec) @ chr1:5000000-10000000
PoolWorker-21,  processing 69926 (68339.1 per sec) reads @ chr16:20000000-22188971
PoolWorker-21 countReadsInRegions_worker: processing 2188 (2104.2 per sec) @ chr16:20000000-22188971
PoolWorker-21,  processing 5955 (72394.2 per sec) reads @ Ascaf_24:0-187591
PoolWorker-21 countReadsInRegions_worker: processing 187 (2188.6 per sec) @ Ascaf_24:0-187591
PoolWorker-17,  processing 5167 (69435.0 per sec) reads @ Ascaf_36:0-98486
PoolWorker-17 countReadsInRegions_worker: processing 98 (1245.8 per sec) @ Ascaf_36:0-98486
PoolWorker-17,  processing 133296 (36150.1 per sec) reads @ chr10:15000000-19005646
PoolWorker-17 countReadsInRegions_worker: processing 4005 (1068.0 per sec) @ chr10:15000000-19005646
PoolWorker-17,  processing 197 (59371.8 per sec) reads @ Ascaf_140:0-15786
PoolWorker-17 countReadsInRegions_worker: processing 15 (252.9 per sec) @ Ascaf_140:0-15786
PoolWorker-17,  processing 973 (68151.7 per sec) reads @ Ascaf_80:0-41014
PoolWorker-17 countReadsInRegions_worker: processing 41 (663.0 per sec) @ Ascaf_80:0-41014
PoolWorker-17,  processing 16096 (40178.9 per sec) reads @ Ascaf_45:0-74461
PoolWorker-17 countReadsInRegions_worker: processing 74 (161.8 per sec) @ Ascaf_45:0-74461
PoolWorker-17,  processing 155558 (34710.5 per sec) reads @ chr1:10000000-15000000
PoolWorker-17 countReadsInRegions_worker: processing 5000 (1085.2 per sec) @ chr1:10000000-15000000
PoolWorker-17,  processing 97835 (34497.8 per sec) reads @ chr12:20000000-23704847
PoolWorker-17 countReadsInRegions_worker: processing 3704 (1268.1 per sec) @ chr12:20000000-23704847
PoolWorker-17,  processing 1986 (45721.4 per sec) reads @ Ascaf_61:0-54508
PoolWorker-17 countReadsInRegions_worker: processing 54 (532.8 per sec) @ Ascaf_61:0-54508
PoolWorker-17,  processing 509 (66543.1 per sec) reads @ Ascaf_147:0-15099
PoolWorker-17 countReadsInRegions_worker: processing 15 (236.3 per sec) @ Ascaf_147:0-15099
PoolWorker-17,  processing 150270 (35799.6 per sec) reads @ chr4:30000000-35000000
PoolWorker-17 countReadsInRegions_worker: processing 5000 (1155.9 per sec) @ chr4:30000000-35000000
PoolWorker-17,  processing 159141 (35271.3 per sec) reads @ chr4:20000000-25000000
PoolWorker-17 countReadsInRegions_worker: processing 5000 (1081.2 per sec) @ chr4:20000000-25000000
PoolWorker-17,  processing 142998 (33595.2 per sec) reads @ chr5:10000000-15000000
PoolWorker-17 countReadsInRegions_worker: processing 5000 (1148.4 per sec) @ chr5:10000000-15000000
PoolWorker-17,  processing 152133 (45561.3 per sec) reads @ chr2:5000000-10000000
PoolWorker-17 countReadsInRegions_worker: processing 5000 (1466.1 per sec) @ chr2:5000000-10000000
PoolWorker-17,  processing 6803 (72095.4 per sec) reads @ Ascaf_23:0-264707
PoolWorker-17 countReadsInRegions_worker: processing 264 (2701.1 per sec) @ Ascaf_23:0-264707
PoolWorker-17,  processing 965 (74945.4 per sec) reads @ Ascaf_111:0-25158
PoolWorker-17 countReadsInRegions_worker: processing 25 (1640.2 per sec) @ Ascaf_111:0-25158
PoolWorker-17,  processing 2613 (76587.3 per sec) reads @ Ascaf_90:0-35566
PoolWorker-17 countReadsInRegions_worker: processing 35 (953.0 per sec) @ Ascaf_90:0-35566
PoolWorker-22,  processing 13654 (73694.7 per sec) reads @ Ascaf_89:0-36000
PoolWorker-22 countReadsInRegions_worker: processing 36 (188.7 per sec) @ Ascaf_89:0-36000
PoolWorker-22,  processing 738 (65274.8 per sec) reads @ Ascaf_150:0-13271
PoolWorker-22 countReadsInRegions_worker: processing 13 (948.8 per sec) @ Ascaf_150:0-13271
PoolWorker-22,  processing 443 (67954.4 per sec) reads @ Ascaf_132:0-17867
PoolWorker-22 countReadsInRegions_worker: processing 17 (1952.0 per sec) @ Ascaf_132:0-17867
PoolWorker-22,  processing 146095 (36907.0 per sec) reads @ chr21:5000000-10000000
PoolWorker-22 countReadsInRegions_worker: processing 5000 (1239.1 per sec) @ chr21:5000000-10000000
PoolWorker-22,  processing 159801 (34675.8 per sec) reads @ chr6:0-5000000
PoolWorker-22 countReadsInRegions_worker: processing 5000 (1054.2 per sec) @ chr6:0-5000000
PoolWorker-22,  processing 1245 (69787.4 per sec) reads @ Ascaf_88:0-36907
PoolWorker-22 countReadsInRegions_worker: processing 36 (498.4 per sec) @ Ascaf_88:0-36907
PoolWorker-22,  processing 1143 (70404.0 per sec) reads @ Ascaf_161:0-1000
PoolWorker-22 countReadsInRegions_worker: processing 1 (13.9 per sec) @ Ascaf_161:0-1000
PoolWorker-22,  processing 13993 (38208.9 per sec) reads @ Ascaf_48:0-71747
PoolWorker-22 countReadsInRegions_worker: processing 71 (162.5 per sec) @ Ascaf_48:0-71747
PoolWorker-22,  processing 9043 (41139.7 per sec) reads @ Ascaf_32:0-110405
PoolWorker-22 countReadsInRegions_worker: processing 110 (399.7 per sec) @ Ascaf_32:0-110405
PoolWorker-22,  processing 158232 (33875.4 per sec) reads @ chr20:15000000-20000000
PoolWorker-22 countReadsInRegions_worker: processing 5000 (1042.9 per sec) @ chr20:15000000-20000000
PoolWorker-22,  processing 481 (66814.4 per sec) reads @ Ascaf_125:0-19664
PoolWorker-22 countReadsInRegions_worker: processing 19 (303.0 per sec) @ Ascaf_125:0-19664
PoolWorker-22,  processing 153711 (34717.6 per sec) reads @ chr9:15000000-20000000
PoolWorker-22 countReadsInRegions_worker: processing 5000 (1100.8 per sec) @ chr9:15000000-20000000
PoolWorker-22,  processing 156757 (33746.8 per sec) reads @ chr15:0-5000000
PoolWorker-22 countReadsInRegions_worker: processing 5000 (1052.3 per sec) @ chr15:0-5000000
PoolWorker-22,  processing 5083 (39979.9 per sec) reads @ Ascaf_129:0-19000
PoolWorker-22 countReadsInRegions_worker: processing 19 (115.6 per sec) @ Ascaf_129:0-19000
PoolWorker-22,  processing 183610 (38940.1 per sec) reads @ chr13:0-5000000
PoolWorker-22 countReadsInRegions_worker: processing 5000 (1043.5 per sec) @ chr13:0-5000000
PoolWorker-22,  processing 2412 (75573.0 per sec) reads @ Ascaf_71:0-32519
PoolWorker-22 countReadsInRegions_worker: processing 32 (925.0 per sec) @ Ascaf_71:0-32519
PoolWorker-32,  processing 774 (61811.3 per sec) reads @ Ascaf_100:0-32247
PoolWorker-32 countReadsInRegions_worker: processing 32 (459.3 per sec) @ Ascaf_100:0-32247
PoolWorker-32,  processing 147180 (33007.3 per sec) reads @ chr18:5000000-10000000
PoolWorker-32 countReadsInRegions_worker: processing 5000 (1089.6 per sec) @ chr18:5000000-10000000
PoolWorker-32,  processing 758 (63215.2 per sec) reads @ Ascaf_167:0-25000
PoolWorker-32 countReadsInRegions_worker: processing 25 (365.1 per sec) @ Ascaf_167:0-25000
PoolWorker-32,  processing 158942 (34168.4 per sec) reads @ chr4:25000000-30000000
PoolWorker-32 countReadsInRegions_worker: processing 5000 (1045.0 per sec) @ chr4:25000000-30000000
PoolWorker-32,  processing 1059 (65229.9 per sec) reads @ Ascaf_93:0-34038
PoolWorker-32 countReadsInRegions_worker: processing 34 (468.0 per sec) @ Ascaf_93:0-34038
PoolWorker-32,  processing 115806 (34347.1 per sec) reads @ chr5:15000000-18670498
PoolWorker-32 countReadsInRegions_worker: processing 3670 (1047.6 per sec) @ chr5:15000000-18670498
PoolWorker-32,  processing 145755 (36472.9 per sec) reads @ chr20:0-5000000
PoolWorker-32 countReadsInRegions_worker: processing 5000 (1210.3 per sec) @ chr20:0-5000000
PoolWorker-32,  processing 156391 (33627.1 per sec) reads @ chr17:15000000-20000000
PoolWorker-32 countReadsInRegions_worker: processing 5000 (1049.3 per sec) @ chr17:15000000-20000000
PoolWorker-32,  processing 146251 (33522.3 per sec) reads @ chr10:0-5000000
PoolWorker-32 countReadsInRegions_worker: processing 5000 (1122.1 per sec) @ chr10:0-5000000
PoolWorker-32,  processing 297 (65736.6 per sec) reads @ Ascaf_152:0-12206
PoolWorker-32 countReadsInRegions_worker: processing 12 (296.6 per sec) @ Ascaf_152:0-12206
PoolWorker-32,  processing 402 (68518.8 per sec) reads @ Ascaf_82:0-39089
PoolWorker-32 countReadsInRegions_worker: processing 39 (1326.9 per sec) @ Ascaf_82:0-39089
PoolWorker-32,  processing 161404 (58294.2 per sec) reads @ chr15:5000000-10000000
PoolWorker-32 countReadsInRegions_worker: processing 5000 (1762.2 per sec) @ chr15:5000000-10000000
PoolWorker-29,  processing 9182 (26604.6 per sec) reads @ Ascaf_96:0-33398
PoolWorker-29 countReadsInRegions_worker: processing 33 (89.2 per sec) @ Ascaf_96:0-33398
PoolWorker-29,  processing 158265 (33521.2 per sec) reads @ chr13:10000000-15000000
PoolWorker-29 countReadsInRegions_worker: processing 5000 (1037.0 per sec) @ chr13:10000000-15000000
PoolWorker-29,  processing 515 (71648.8 per sec) reads @ Ascaf_118:0-22120
PoolWorker-29 countReadsInRegions_worker: processing 22 (338.3 per sec) @ Ascaf_118:0-22120
PoolWorker-29,  processing 149203 (34394.2 per sec) reads @ chr5:0-5000000
PoolWorker-29 countReadsInRegions_worker: processing 5000 (1133.8 per sec) @ chr5:0-5000000
PoolWorker-29,  processing 136761 (35042.3 per sec) reads @ chr15:15000000-20000000
PoolWorker-29 countReadsInRegions_worker: processing 5000 (1238.5 per sec) @ chr15:15000000-20000000
PoolWorker-29,  processing 142991 (35036.2 per sec) reads @ chr14:5000000-10000000
PoolWorker-29 countReadsInRegions_worker: processing 5000 (1190.4 per sec) @ chr14:5000000-10000000
PoolWorker-29,  processing 98 (47458.9 per sec) reads @ Ascaf_156:0-5652
PoolWorker-29 countReadsInRegions_worker: processing 5 (131.0 per sec) @ Ascaf_156:0-5652
PoolWorker-29,  processing 12867 (38947.7 per sec) reads @ Ascaf_74:0-44000
PoolWorker-29 countReadsInRegions_worker: processing 44 (120.0 per sec) @ Ascaf_74:0-44000
PoolWorker-29,  processing 165267 (34463.0 per sec) reads @ chr11:5000000-10000000
PoolWorker-29 countReadsInRegions_worker: processing 5000 (1016.2 per sec) @ chr11:5000000-10000000
PoolWorker-29,  processing 153238 (37738.7 per sec) reads @ chr6:10000000-15000000
PoolWorker-29 countReadsInRegions_worker: processing 5000 (1202.0 per sec) @ chr6:10000000-15000000
PoolWorker-29,  processing 5292 (72071.6 per sec) reads @ Ascaf_72:0-46000
PoolWorker-29 countReadsInRegions_worker: processing 46 (431.5 per sec) @ Ascaf_72:0-46000
PoolWorker-29,  processing 164037 (68737.8 per sec) reads @ chr7:20000000-25000000
PoolWorker-29 countReadsInRegions_worker: processing 5000 (2068.1 per sec) @ chr7:20000000-25000000
PoolWorker-19,  processing 158396 (34312.0 per sec) reads @ chr1:0-5000000
PoolWorker-19 countReadsInRegions_worker: processing 5000 (1064.9 per sec) @ chr1:0-5000000
PoolWorker-19,  processing 137814 (34940.5 per sec) reads @ chr21:15000000-19873525
PoolWorker-19 countReadsInRegions_worker: processing 4873 (1198.0 per sec) @ chr21:15000000-19873525
PoolWorker-19,  processing 167415 (36723.3 per sec) reads @ chr12:10000000-15000000
PoolWorker-19 countReadsInRegions_worker: processing 5000 (1059.9 per sec) @ chr12:10000000-15000000
PoolWorker-19,  processing 3563 (48690.9 per sec) reads @ Ascaf_52:0-64568
PoolWorker-19 countReadsInRegions_worker: processing 64 (493.7 per sec) @ Ascaf_52:0-64568
PoolWorker-19,  processing 132 (57218.7 per sec) reads @ Ascaf_154:0-6709
PoolWorker-19 countReadsInRegions_worker: processing 6 (102.8 per sec) @ Ascaf_154:0-6709
PoolWorker-19,  processing 291 (66959.8 per sec) reads @ Ascaf_168:0-25000
PoolWorker-19 countReadsInRegions_worker: processing 25 (418.0 per sec) @ Ascaf_168:0-25000
PoolWorker-19,  processing 156161 (34062.6 per sec) reads @ chr12:0-5000000
PoolWorker-19 countReadsInRegions_worker: processing 5000 (1066.1 per sec) @ chr12:0-5000000
PoolWorker-19,  processing 65846 (36499.9 per sec) reads @ chr2:25000000-26977752
PoolWorker-19 countReadsInRegions_worker: processing 1977 (1060.9 per sec) @ chr2:25000000-26977752
PoolWorker-19,  processing 1941 (50223.9 per sec) reads @ Ascaf_84:0-38148
PoolWorker-19 countReadsInRegions_worker: processing 38 (521.5 per sec) @ Ascaf_84:0-38148
PoolWorker-19,  processing 690 (67219.5 per sec) reads @ Ascaf_112:0-24428
PoolWorker-19 countReadsInRegions_worker: processing 24 (538.7 per sec) @ Ascaf_112:0-24428
PoolWorker-19,  processing 1755 (46417.6 per sec) reads @ Ascaf_47:0-72017
PoolWorker-19 countReadsInRegions_worker: processing 72 (990.6 per sec) @ Ascaf_47:0-72017
PoolWorker-19,  processing 10645 (39227.2 per sec) reads @ Ascaf_27:0-155775
PoolWorker-19 countReadsInRegions_worker: processing 155 (504.8 per sec) @ Ascaf_27:0-155775
PoolWorker-19,  processing 5569 (39707.9 per sec) reads @ Ascaf_57:0-58000
PoolWorker-19 countReadsInRegions_worker: processing 58 (330.6 per sec) @ Ascaf_57:0-58000
PoolWorker-19,  processing 1443 (70683.1 per sec) reads @ Ascaf_128:0-19120
PoolWorker-19 countReadsInRegions_worker: processing 19 (343.4 per sec) @ Ascaf_128:0-19120
PoolWorker-19,  processing 842 (67587.9 per sec) reads @ Ascaf_91:0-34837
PoolWorker-19 countReadsInRegions_worker: processing 34 (564.5 per sec) @ Ascaf_91:0-34837
PoolWorker-19,  processing 2507 (40358.8 per sec) reads @ Ascaf_46:0-73387
PoolWorker-19 countReadsInRegions_worker: processing 73 (750.5 per sec) @ Ascaf_46:0-73387
PoolWorker-19,  processing 154769 (35595.0 per sec) reads @ chr2:15000000-20000000
PoolWorker-19 countReadsInRegions_worker: processing 5000 (1126.2 per sec) @ chr2:15000000-20000000
PoolWorker-19,  processing 141467 (48357.9 per sec) reads @ chr9:0-5000000
PoolWorker-19 countReadsInRegions_worker: processing 5000 (1672.9 per sec) @ chr9:0-5000000
PoolWorker-19,  processing 151930 (79044.0 per sec) reads @ chr7:5000000-10000000
PoolWorker-19 countReadsInRegions_worker: processing 5000 (2563.5 per sec) @ chr7:5000000-10000000
PoolWorker-19,  processing 9529 (38857.1 per sec) reads @ chr3:20000000-20313673
PoolWorker-19 countReadsInRegions_worker: processing 313 (1259.1 per sec) @ chr3:20000000-20313673
PoolWorker-28,  processing 703 (25577.5 per sec) reads @ Ascaf_109:0-28244
PoolWorker-28 countReadsInRegions_worker: processing 28 (535.6 per sec) @ Ascaf_109:0-28244
PoolWorker-28,  processing 2851 (23722.8 per sec) reads @ Ascaf_40:0-90738
PoolWorker-28 countReadsInRegions_worker: processing 90 (436.2 per sec) @ Ascaf_40:0-90738
PoolWorker-28,  processing 8950 (38279.0 per sec) reads @ Ascaf_34:0-101478
PoolWorker-28 countReadsInRegions_worker: processing 101 (346.7 per sec) @ Ascaf_34:0-101478
PoolWorker-28,  processing 148245 (34342.8 per sec) reads @ chr7:30000000-33914388
PoolWorker-28 countReadsInRegions_worker: processing 3914 (883.0 per sec) @ chr7:30000000-33914388
PoolWorker-28,  processing 116334 (33473.7 per sec) reads @ chr14:15000000-18637407
PoolWorker-28 countReadsInRegions_worker: processing 3637 (1020.6 per sec) @ chr14:15000000-18637407
PoolWorker-28,  processing 1150 (73135.8 per sec) reads @ Ascaf_126:0-19574
PoolWorker-28 countReadsInRegions_worker: processing 19 (285.2 per sec) @ Ascaf_126:0-19574
PoolWorker-28,  processing 94960 (36135.2 per sec) reads @ chr8:20000000-23122080
PoolWorker-28 countReadsInRegions_worker: processing 3122 (1150.5 per sec) @ chr8:20000000-23122080
PoolWorker-28,  processing 140805 (35562.3 per sec) reads @ chr2:20000000-25000000
PoolWorker-28 countReadsInRegions_worker: processing 5000 (1223.2 per sec) @ chr2:20000000-25000000
PoolWorker-28,  processing 48 (44492.1 per sec) reads @ Ascaf_159:0-3139
PoolWorker-28 countReadsInRegions_worker: processing 3 (84.8 per sec) @ Ascaf_159:0-3139
PoolWorker-28,  processing 239 (57259.3 per sec) reads @ Ascaf_153:0-10046
PoolWorker-28 countReadsInRegions_worker: processing 10 (262.4 per sec) @ Ascaf_153:0-10046
PoolWorker-28,  processing 2125 (47760.4 per sec) reads @ Ascaf_63:0-51776
PoolWorker-28 countReadsInRegions_worker: processing 51 (648.2 per sec) @ Ascaf_63:0-51776
PoolWorker-28,  processing 1086 (64405.5 per sec) reads @ Ascaf_66:0-47454
PoolWorker-28 countReadsInRegions_worker: processing 47 (910.8 per sec) @ Ascaf_66:0-47454
PoolWorker-28,  processing 120784 (34679.0 per sec) reads @ chr20:20000000-22998664
PoolWorker-28 countReadsInRegions_worker: processing 2998 (840.5 per sec) @ chr20:20000000-22998664
PoolWorker-28,  processing 25174 (39232.6 per sec) reads @ Ascaf_26:0-156806
PoolWorker-28 countReadsInRegions_worker: processing 156 (225.1 per sec) @ Ascaf_26:0-156806
PoolWorker-28,  processing 128332 (32468.9 per sec) reads @ chr17:20000000-23682274
PoolWorker-28 countReadsInRegions_worker: processing 3682 (909.2 per sec) @ chr17:20000000-23682274
PoolWorker-28,  processing 844 (67531.3 per sec) reads @ Ascaf_85:0-37890
PoolWorker-28 countReadsInRegions_worker: processing 37 (762.2 per sec) @ Ascaf_85:0-37890
PoolWorker-28,  processing 1293 (65952.0 per sec) reads @ Ascaf_67:0-40269
PoolWorker-28 countReadsInRegions_worker: processing 40 (525.2 per sec) @ Ascaf_67:0-40269
PoolWorker-28,  processing 160506 (35983.0 per sec) reads @ chr4:5000000-10000000
PoolWorker-28 countReadsInRegions_worker: processing 5000 (1103.2 per sec) @ chr4:5000000-10000000
PoolWorker-28,  processing 153224 (78546.2 per sec) reads @ chr10:10000000-15000000
PoolWorker-28 countReadsInRegions_worker: processing 5000 (2516.0 per sec) @ chr10:10000000-15000000
PoolWorker-28,  processing 168599 (88147.5 per sec) reads @ chr20:10000000-15000000
PoolWorker-28 countReadsInRegions_worker: processing 5000 (2568.0 per sec) @ chr20:10000000-15000000
output file: /storage/scratch/iee/dj20y461/Stickleback/Y_comp/Sex_chrom_stats/Read_depths/Gw/depths/2003QE_M_2.1kb.RPKM.depth
