genome partition size for multiprocessing: 1000000
using 16 processors for 657 number of tasks
Final scaling factor: 0.00924027741937
PoolWorker-19,  processing 16345 (71384.0 per sec) reads @ Ascaf_142:0-15730
PoolWorker-19 countReadsInRegions_worker: processing 15 (62.4 per sec) @ Ascaf_142:0-15730
PoolWorker-19,  processing 15937 (34287.6 per sec) reads @ Ascaf_69:0-44691
PoolWorker-19 countReadsInRegions_worker: processing 44 (89.2 per sec) @ Ascaf_69:0-44691
PoolWorker-19,  processing 1210136 (33097.9 per sec) reads @ chr5:0-5000000
PoolWorker-19 countReadsInRegions_worker: processing 5000 (133.7 per sec) @ chr5:0-5000000
PoolWorker-19,  processing 1147570 (33872.0 per sec) reads @ chr4:0-5000000
PoolWorker-19 countReadsInRegions_worker: processing 5000 (144.7 per sec) @ chr4:0-5000000
PoolWorker-19,  processing 827524 (36171.5 per sec) reads @ Ascaf_89:0-36000
PoolWorker-19 countReadsInRegions_worker: processing 36 (1.5 per sec) @ Ascaf_89:0-36000
PoolWorker-19,  processing 1288656 (33782.1 per sec) reads @ chr8:0-5000000
PoolWorker-19 countReadsInRegions_worker: processing 5000 (128.9 per sec) @ chr8:0-5000000
PoolWorker-19,  processing 8052 (36323.6 per sec) reads @ Ascaf_109:0-28244
PoolWorker-19 countReadsInRegions_worker: processing 28 (106.6 per sec) @ Ascaf_109:0-28244
PoolWorker-19,  processing 987011 (35299.1 per sec) reads @ chr18:0-5000000
PoolWorker-19 countReadsInRegions_worker: processing 5000 (176.1 per sec) @ chr18:0-5000000
PoolWorker-32,  processing 948391 (34307.1 per sec) reads @ chr3:0-5000000
PoolWorker-32 countReadsInRegions_worker: processing 5000 (176.7 per sec) @ chr3:0-5000000
PoolWorker-32,  processing 5511 (39245.8 per sec) reads @ Ascaf_121:0-21431
PoolWorker-32 countReadsInRegions_worker: processing 21 (111.7 per sec) @ Ascaf_121:0-21431
PoolWorker-32,  processing 344978 (33959.8 per sec) reads @ chr6:20000000-21248438
PoolWorker-32 countReadsInRegions_worker: processing 1248 (120.7 per sec) @ chr6:20000000-21248438
PoolWorker-32,  processing 2600 (36604.7 per sec) reads @ Ascaf_115:0-24004
PoolWorker-32 countReadsInRegions_worker: processing 24 (216.2 per sec) @ Ascaf_115:0-24004
PoolWorker-32,  processing 1176378 (35006.7 per sec) reads @ chr21:15000000-19873525
PoolWorker-32 countReadsInRegions_worker: processing 4873 (142.1 per sec) @ chr21:15000000-19873525
PoolWorker-32,  processing 61431 (35768.1 per sec) reads @ Ascaf_32:0-110405
PoolWorker-32 countReadsInRegions_worker: processing 110 (61.4 per sec) @ Ascaf_32:0-110405
PoolWorker-32,  processing 5810 (40366.9 per sec) reads @ Ascaf_101:0-31946
PoolWorker-32 countReadsInRegions_worker: processing 31 (97.9 per sec) @ Ascaf_101:0-31946
PoolWorker-32,  processing 860156 (34543.3 per sec) reads @ chr5:5000000-10000000
PoolWorker-32 countReadsInRegions_worker: processing 5000 (197.5 per sec) @ chr5:5000000-10000000
PoolWorker-32,  processing 11615 (37861.1 per sec) reads @ Ascaf_118:0-22120
PoolWorker-32 countReadsInRegions_worker: processing 22 (64.1 per sec) @ Ascaf_118:0-22120
PoolWorker-32,  processing 42364 (32196.8 per sec) reads @ Ascaf_55:0-59833
PoolWorker-32 countReadsInRegions_worker: processing 59 (43.3 per sec) @ Ascaf_55:0-59833
PoolWorker-32,  processing 258955 (36168.5 per sec) reads @ Ascaf_113:0-24387
PoolWorker-32 countReadsInRegions_worker: processing 24 (3.3 per sec) @ Ascaf_113:0-24387
PoolWorker-32,  processing 859955 (34935.7 per sec) reads @ chr8:20000000-23122080
PoolWorker-32 countReadsInRegions_worker: processing 3122 (124.6 per sec) @ chr8:20000000-23122080
PoolWorker-32,  processing 589978 (32436.9 per sec) reads @ chr16:20000000-22188971
PoolWorker-32 countReadsInRegions_worker: processing 2188 (118.6 per sec) @ chr16:20000000-22188971
PoolWorker-32,  processing 977811 (35769.3 per sec) reads @ chr17:0-5000000
PoolWorker-32 countReadsInRegions_worker: processing 5000 (180.2 per sec) @ chr17:0-5000000
PoolWorker-32,  processing 193 (53137.8 per sec) reads @ Ascaf_164:0-1000
PoolWorker-32 countReadsInRegions_worker: processing 1 (23.3 per sec) @ Ascaf_164:0-1000
PoolWorker-32,  processing 7700 (31312.0 per sec) reads @ Ascaf_66:0-47454
PoolWorker-32 countReadsInRegions_worker: processing 47 (156.9 per sec) @ Ascaf_66:0-47454
PoolWorker-27,  processing 6292 (23954.2 per sec) reads @ Ascaf_136:0-17062
PoolWorker-27 countReadsInRegions_worker: processing 17 (55.6 per sec) @ Ascaf_136:0-17062
PoolWorker-27,  processing 113133 (35301.3 per sec) reads @ Ascaf_129:0-19000
PoolWorker-27 countReadsInRegions_worker: processing 19 (5.7 per sec) @ Ascaf_129:0-19000
PoolWorker-27,  processing 163358 (36151.6 per sec) reads @ Ascaf_107:0-29490
PoolWorker-27 countReadsInRegions_worker: processing 29 (6.2 per sec) @ Ascaf_107:0-29490
PoolWorker-27,  processing 1612 (68895.0 per sec) reads @ Ascaf_155:0-6589
PoolWorker-27 countReadsInRegions_worker: processing 6 (102.4 per sec) @ Ascaf_155:0-6589
PoolWorker-27,  processing 388980 (34990.7 per sec) reads @ Ascaf_120:0-22000
PoolWorker-27 countReadsInRegions_worker: processing 22 (1.9 per sec) @ Ascaf_120:0-22000
PoolWorker-27,  processing 782934 (34931.7 per sec) reads @ chr11:5000000-10000000
PoolWorker-27 countReadsInRegions_worker: processing 5000 (218.0 per sec) @ chr11:5000000-10000000
PoolWorker-27,  processing 1845 (37200.5 per sec) reads @ Ascaf_152:0-12206
PoolWorker-27 countReadsInRegions_worker: processing 12 (142.0 per sec) @ Ascaf_152:0-12206
PoolWorker-27,  processing 1145008 (34443.8 per sec) reads @ chr2:0-5000000
PoolWorker-27 countReadsInRegions_worker: processing 5000 (146.7 per sec) @ chr2:0-5000000
PoolWorker-27,  processing 153 (59009.5 per sec) reads @ Ascaf_165:0-1000
PoolWorker-27 countReadsInRegions_worker: processing 1 (23.6 per sec) @ Ascaf_165:0-1000
PoolWorker-27,  processing 1174226 (33918.9 per sec) reads @ chr1:0-5000000
PoolWorker-27 countReadsInRegions_worker: processing 5000 (142.4 per sec) @ chr1:0-5000000
PoolWorker-27,  processing 11682 (28397.7 per sec) reads @ Ascaf_80:0-41014
PoolWorker-27 countReadsInRegions_worker: processing 41 (84.4 per sec) @ Ascaf_80:0-41014
PoolWorker-27,  processing 767427 (35169.9 per sec) reads @ chr10:10000000-15000000
PoolWorker-27 countReadsInRegions_worker: processing 5000 (226.2 per sec) @ chr10:10000000-15000000
PoolWorker-27,  processing 936068 (35354.4 per sec) reads @ chr10:15000000-19005646
PoolWorker-27 countReadsInRegions_worker: processing 4005 (149.1 per sec) @ chr10:15000000-19005646
PoolWorker-27,  processing 5784 (39910.5 per sec) reads @ Ascaf_123:0-20153
PoolWorker-27 countReadsInRegions_worker: processing 20 (108.0 per sec) @ Ascaf_123:0-20153
PoolWorker-27,  processing 680272 (37814.7 per sec) reads @ chr12:10000000-15000000
PoolWorker-27 countReadsInRegions_worker: processing 5000 (274.0 per sec) @ chr12:10000000-15000000
PoolWorker-27,  processing 4476 (43472.3 per sec) reads @ Ascaf_138:0-16696
PoolWorker-27 countReadsInRegions_worker: processing 16 (102.6 per sec) @ Ascaf_138:0-16696
PoolWorker-29,  processing 189992 (36449.9 per sec) reads @ Ascaf_124:0-19772
PoolWorker-29 countReadsInRegions_worker: processing 19 (3.6 per sec) @ Ascaf_124:0-19772
PoolWorker-29,  processing 1243900 (34851.3 per sec) reads @ chr6:0-5000000
PoolWorker-29 countReadsInRegions_worker: processing 5000 (137.5 per sec) @ chr6:0-5000000
PoolWorker-29,  processing 3656 (41825.9 per sec) reads @ Ascaf_125:0-19664
PoolWorker-29 countReadsInRegions_worker: processing 19 (149.0 per sec) @ Ascaf_125:0-19664
PoolWorker-29,  processing 220621 (36303.7 per sec) reads @ Ascaf_35:0-99371
PoolWorker-29 countReadsInRegions_worker: processing 99 (16.0 per sec) @ Ascaf_35:0-99371
PoolWorker-29,  processing 13511 (36165.0 per sec) reads @ Ascaf_93:0-34038
PoolWorker-29 countReadsInRegions_worker: processing 34 (81.9 per sec) @ Ascaf_93:0-34038
PoolWorker-29,  processing 195574 (35807.6 per sec) reads @ Ascaf_90:0-35566
PoolWorker-29 countReadsInRegions_worker: processing 35 (6.3 per sec) @ Ascaf_90:0-35566
PoolWorker-29,  processing 841780 (35783.8 per sec) reads @ Ascaf_45:0-74461
PoolWorker-29 countReadsInRegions_worker: processing 74 (3.1 per sec) @ Ascaf_45:0-74461
PoolWorker-29,  processing 1205765 (34214.1 per sec) reads @ chr9:20000000-24303205
PoolWorker-29 countReadsInRegions_worker: processing 4303 (119.8 per sec) @ chr9:20000000-24303205
PoolWorker-29,  processing 7011 (37188.3 per sec) reads @ Ascaf_88:0-36907
PoolWorker-29 countReadsInRegions_worker: processing 36 (156.6 per sec) @ Ascaf_88:0-36907
PoolWorker-29,  processing 755703 (35028.4 per sec) reads @ chr4:15000000-20000000
PoolWorker-29 countReadsInRegions_worker: processing 5000 (228.4 per sec) @ chr4:15000000-20000000
PoolWorker-29,  processing 103389 (31334.2 per sec) reads @ Ascaf_38:0-95573
PoolWorker-29 countReadsInRegions_worker: processing 95 (28.0 per sec) @ Ascaf_38:0-95573
PoolWorker-29,  processing 1457917 (35823.9 per sec) reads @ chr1:20000000-25000000
PoolWorker-29 countReadsInRegions_worker: processing 5000 (120.9 per sec) @ chr1:20000000-25000000
PoolWorker-20,  processing 51743 (61271.5 per sec) reads @ Ascaf_56:0-58445
PoolWorker-20 countReadsInRegions_worker: processing 58 (66.2 per sec) @ Ascaf_56:0-58445
PoolWorker-20,  processing 9351 (38201.6 per sec) reads @ Ascaf_102:0-31073
PoolWorker-20 countReadsInRegions_worker: processing 31 (101.2 per sec) @ Ascaf_102:0-31073
PoolWorker-20,  processing 1226306 (35486.6 per sec) reads @ Ascaf_42:0-86089
PoolWorker-20 countReadsInRegions_worker: processing 86 (2.4 per sec) @ Ascaf_42:0-86089
PoolWorker-20,  processing 1178695 (34293.2 per sec) reads @ chr3:15000000-20000000
PoolWorker-20 countReadsInRegions_worker: processing 5000 (142.5 per sec) @ chr3:15000000-20000000
PoolWorker-20,  processing 984175 (33954.3 per sec) reads @ chr14:15000000-18637407
PoolWorker-20 countReadsInRegions_worker: processing 3637 (123.3 per sec) @ chr14:15000000-18637407
PoolWorker-20,  processing 6643 (38979.0 per sec) reads @ Ascaf_99:0-33167
PoolWorker-20 countReadsInRegions_worker: processing 33 (156.4 per sec) @ Ascaf_99:0-33167
PoolWorker-20,  processing 838031 (34918.6 per sec) reads @ chr21:5000000-10000000
PoolWorker-20 countReadsInRegions_worker: processing 5000 (204.6 per sec) @ chr21:5000000-10000000
PoolWorker-20,  processing 799568 (35281.4 per sec) reads @ chr15:15000000-20000000
PoolWorker-20 countReadsInRegions_worker: processing 5000 (217.4 per sec) @ chr15:15000000-20000000
PoolWorker-20,  processing 25803 (31303.6 per sec) reads @ Ascaf_72:0-46000
PoolWorker-20 countReadsInRegions_worker: processing 46 (52.9 per sec) @ Ascaf_72:0-46000
PoolWorker-20,  processing 700894 (35143.2 per sec) reads @ chr16:10000000-15000000
PoolWorker-20 countReadsInRegions_worker: processing 5000 (246.7 per sec) @ chr16:10000000-15000000
PoolWorker-20,  processing 379137 (35405.5 per sec) reads @ chr19:10000000-15000000
PoolWorker-20 countReadsInRegions_worker: processing 5000 (459.3 per sec) @ chr19:10000000-15000000
PoolWorker-20,  processing 1988 (36936.5 per sec) reads @ Ascaf_141:0-15738
PoolWorker-20 countReadsInRegions_worker: processing 15 (163.5 per sec) @ Ascaf_141:0-15738
PoolWorker-23,  processing 17020 (23287.0 per sec) reads @ Ascaf_62:0-52951
PoolWorker-23 countReadsInRegions_worker: processing 52 (68.5 per sec) @ Ascaf_62:0-52951
PoolWorker-23,  processing 4944 (39691.8 per sec) reads @ Ascaf_87:0-36937
PoolWorker-23 countReadsInRegions_worker: processing 36 (195.6 per sec) @ Ascaf_87:0-36937
PoolWorker-23,  processing 672720 (34930.9 per sec) reads @ Ascaf_53:0-64139
PoolWorker-23 countReadsInRegions_worker: processing 64 (3.3 per sec) @ Ascaf_53:0-64139
PoolWorker-23,  processing 6901 (39944.6 per sec) reads @ Ascaf_65:0-47651
PoolWorker-23 countReadsInRegions_worker: processing 47 (219.9 per sec) @ Ascaf_65:0-47651
PoolWorker-23,  processing 35695 (36084.9 per sec) reads @ Ascaf_24:0-187591
PoolWorker-23 countReadsInRegions_worker: processing 187 (178.2 per sec) @ Ascaf_24:0-187591
PoolWorker-23,  processing 188 (59176.7 per sec) reads @ Ascaf_157:0-3527
PoolWorker-23 countReadsInRegions_worker: processing 3 (69.8 per sec) @ Ascaf_157:0-3527
PoolWorker-23,  processing 492124 (36389.2 per sec) reads @ Ascaf_39:0-92659
PoolWorker-23 countReadsInRegions_worker: processing 92 (6.6 per sec) @ Ascaf_39:0-92659
PoolWorker-23,  processing 760343 (35083.3 per sec) reads @ chr7:25000000-30000000
PoolWorker-23 countReadsInRegions_worker: processing 5000 (226.8 per sec) @ chr7:25000000-30000000
PoolWorker-23,  processing 32479 (36563.2 per sec) reads @ Ascaf_29:0-143722
PoolWorker-23 countReadsInRegions_worker: processing 143 (152.9 per sec) @ Ascaf_29:0-143722
PoolWorker-23,  processing 3919 (34151.0 per sec) reads @ Ascaf_97:0-33357
PoolWorker-23 countReadsInRegions_worker: processing 33 (210.5 per sec) @ Ascaf_97:0-33357
PoolWorker-23,  processing 638011 (35267.6 per sec) reads @ chr1:10000000-15000000
PoolWorker-23 countReadsInRegions_worker: processing 5000 (271.9 per sec) @ chr1:10000000-15000000
PoolWorker-23,  processing 1916 (47931.2 per sec) reads @ Ascaf_151:0-13242
PoolWorker-23 countReadsInRegions_worker: processing 13 (162.5 per sec) @ Ascaf_151:0-13242
PoolWorker-23,  processing 670587 (35274.4 per sec) reads @ chr2:15000000-20000000
PoolWorker-23 countReadsInRegions_worker: processing 5000 (259.0 per sec) @ chr2:15000000-20000000
PoolWorker-23,  processing 26911 (37681.0 per sec) reads @ Ascaf_59:0-57475
PoolWorker-23 countReadsInRegions_worker: processing 57 (74.5 per sec) @ Ascaf_59:0-57475
PoolWorker-23,  processing 13682 (30392.1 per sec) reads @ Ascaf_122:0-20728
PoolWorker-23 countReadsInRegions_worker: processing 20 (40.5 per sec) @ Ascaf_122:0-20728
PoolWorker-23,  processing 80108 (36736.8 per sec) reads @ Ascaf_44:0-77777
PoolWorker-23 countReadsInRegions_worker: processing 77 (34.3 per sec) @ Ascaf_44:0-77777
PoolWorker-23,  processing 27420 (32910.0 per sec) reads @ Ascaf_63:0-51776
PoolWorker-23 countReadsInRegions_worker: processing 51 (58.1 per sec) @ Ascaf_63:0-51776
PoolWorker-23,  processing 1136706 (33758.0 per sec) reads @ chr10:0-5000000
PoolWorker-23 countReadsInRegions_worker: processing 5000 (146.4 per sec) @ chr10:0-5000000
PoolWorker-23,  processing 825778 (34796.7 per sec) reads @ chr7:15000000-20000000
PoolWorker-23 countReadsInRegions_worker: processing 5000 (207.6 per sec) @ chr7:15000000-20000000
PoolWorker-23,  processing 781997 (35983.6 per sec) reads @ chr13:15000000-20000000
PoolWorker-23 countReadsInRegions_worker: processing 5000 (227.2 per sec) @ chr13:15000000-20000000
PoolWorker-21,  processing 5093 (33398.0 per sec) reads @ Ascaf_100:0-32247
PoolWorker-21 countReadsInRegions_worker: processing 32 (197.5 per sec) @ Ascaf_100:0-32247
PoolWorker-21,  processing 12002 (40216.0 per sec) reads @ Ascaf_85:0-37890
PoolWorker-21 countReadsInRegions_worker: processing 37 (100.8 per sec) @ Ascaf_85:0-37890
PoolWorker-21,  processing 767950 (34654.9 per sec) reads @ chr12:5000000-10000000
PoolWorker-21 countReadsInRegions_worker: processing 5000 (221.0 per sec) @ chr12:5000000-10000000
PoolWorker-21,  processing 102415 (34873.7 per sec) reads @ Ascaf_37:0-98231
PoolWorker-21 countReadsInRegions_worker: processing 98 (32.7 per sec) @ Ascaf_37:0-98231
PoolWorker-21,  processing 25709 (35636.9 per sec) reads @ Ascaf_64:0-51000
PoolWorker-21 countReadsInRegions_worker: processing 51 (67.1 per sec) @ Ascaf_64:0-51000
PoolWorker-21,  processing 1017716 (35258.3 per sec) reads @ chr20:0-5000000
PoolWorker-21 countReadsInRegions_worker: processing 5000 (170.3 per sec) @ chr20:0-5000000
PoolWorker-21,  processing 6504 (38407.9 per sec) reads @ Ascaf_104:0-29894
PoolWorker-21 countReadsInRegions_worker: processing 29 (130.2 per sec) @ Ascaf_104:0-29894
PoolWorker-21,  processing 8314 (32666.9 per sec) reads @ Ascaf_130:0-18457
PoolWorker-21 countReadsInRegions_worker: processing 18 (61.0 per sec) @ Ascaf_130:0-18457
PoolWorker-21,  processing 489339 (36845.9 per sec) reads @ Ascaf_74:0-44000
PoolWorker-21 countReadsInRegions_worker: processing 44 (3.3 per sec) @ Ascaf_74:0-44000
PoolWorker-21,  processing 1262249 (34759.7 per sec) reads @ chr15:0-5000000
PoolWorker-21 countReadsInRegions_worker: processing 5000 (135.6 per sec) @ chr15:0-5000000
PoolWorker-21,  processing 2104651 (35027.9 per sec) reads @ chr19:0-5000000
PoolWorker-21 countReadsInRegions_worker: processing 5000 (82.4 per sec) @ chr19:0-5000000
PoolWorker-21,  processing 735960 (45263.6 per sec) reads @ chr17:15000000-20000000
PoolWorker-21 countReadsInRegions_worker: processing 5000 (304.6 per sec) @ chr17:15000000-20000000
PoolWorker-18,  processing 868602 (33501.9 per sec) reads @ chr14:10000000-15000000
PoolWorker-18 countReadsInRegions_worker: processing 5000 (188.5 per sec) @ chr14:10000000-15000000
PoolWorker-18,  processing 4386 (38209.9 per sec) reads @ Ascaf_103:0-30986
PoolWorker-18 countReadsInRegions_worker: processing 30 (193.6 per sec) @ Ascaf_103:0-30986
PoolWorker-18,  processing 770604 (34344.2 per sec) reads @ chr3:10000000-15000000
PoolWorker-18 countReadsInRegions_worker: processing 5000 (218.8 per sec) @ chr3:10000000-15000000
PoolWorker-18,  processing 718653 (35338.0 per sec) reads @ chr16:5000000-10000000
PoolWorker-18 countReadsInRegions_worker: processing 5000 (240.7 per sec) @ chr16:5000000-10000000
PoolWorker-18,  processing 38588 (37176.3 per sec) reads @ Ascaf_161:0-1000
PoolWorker-18 countReadsInRegions_worker: processing 1 (0.9 per sec) @ Ascaf_161:0-1000
PoolWorker-18,  processing 108373 (35837.9 per sec) reads @ Ascaf_114:0-24031
PoolWorker-18 countReadsInRegions_worker: processing 24 (7.8 per sec) @ Ascaf_114:0-24031
PoolWorker-18,  processing 816340 (34843.7 per sec) reads @ chr9:5000000-10000000
PoolWorker-18 countReadsInRegions_worker: processing 5000 (210.0 per sec) @ chr9:5000000-10000000
PoolWorker-18,  processing 40109 (37294.0 per sec) reads @ Ascaf_57:0-58000
PoolWorker-18 countReadsInRegions_worker: processing 58 (51.6 per sec) @ Ascaf_57:0-58000
PoolWorker-18,  processing 661639 (34900.6 per sec) reads @ chr7:10000000-15000000
PoolWorker-18 countReadsInRegions_worker: processing 5000 (258.6 per sec) @ chr7:10000000-15000000
PoolWorker-18,  processing 1640 (44771.9 per sec) reads @ Ascaf_156:0-5652
PoolWorker-18 countReadsInRegions_worker: processing 5 (64.0 per sec) @ Ascaf_156:0-5652
PoolWorker-18,  processing 784307 (35519.8 per sec) reads @ chr4:30000000-35000000
PoolWorker-18 countReadsInRegions_worker: processing 5000 (223.1 per sec) @ chr4:30000000-35000000
PoolWorker-18,  processing 19354 (31023.9 per sec) reads @ Ascaf_150:0-13271
PoolWorker-18 countReadsInRegions_worker: processing 13 (19.5 per sec) @ Ascaf_150:0-13271
PoolWorker-18,  processing 470058 (36036.5 per sec) reads @ Ascaf_30:0-130979
PoolWorker-18 countReadsInRegions_worker: processing 130 (9.8 per sec) @ Ascaf_30:0-130979
PoolWorker-18,  processing 68501 (32430.5 per sec) reads @ chr3:20000000-20313673
PoolWorker-18 countReadsInRegions_worker: processing 313 (143.8 per sec) @ chr3:20000000-20313673
PoolWorker-18,  processing 630779 (38702.9 per sec) reads @ chr2:25000000-26977752
PoolWorker-18 countReadsInRegions_worker: processing 1977 (119.3 per sec) @ chr2:25000000-26977752
PoolWorker-18,  processing 797480 (55428.3 per sec) reads @ chr3:5000000-10000000
PoolWorker-18 countReadsInRegions_worker: processing 5000 (342.9 per sec) @ chr3:5000000-10000000
PoolWorker-28,  processing 2277 (66473.8 per sec) reads @ Ascaf_140:0-15786
PoolWorker-28 countReadsInRegions_worker: processing 15 (346.6 per sec) @ Ascaf_140:0-15786
PoolWorker-28,  processing 18269 (32884.2 per sec) reads @ Ascaf_54:0-60000
PoolWorker-28 countReadsInRegions_worker: processing 60 (106.0 per sec) @ Ascaf_54:0-60000
PoolWorker-28,  processing 454378 (35234.9 per sec) reads @ Ascaf_98:0-33222
PoolWorker-28 countReadsInRegions_worker: processing 33 (2.5 per sec) @ Ascaf_98:0-33222
PoolWorker-28,  processing 3093 (37405.6 per sec) reads @ Ascaf_167:0-25000
PoolWorker-28 countReadsInRegions_worker: processing 25 (109.2 per sec) @ Ascaf_167:0-25000
PoolWorker-28,  processing 5560 (18909.6 per sec) reads @ Ascaf_95:0-33544
PoolWorker-28 countReadsInRegions_worker: processing 33 (98.8 per sec) @ Ascaf_95:0-33544
PoolWorker-28,  processing 738937 (33629.7 per sec) reads @ chr12:15000000-20000000
PoolWorker-28 countReadsInRegions_worker: processing 5000 (222.8 per sec) @ chr12:15000000-20000000
PoolWorker-28,  processing 1126153 (34147.2 per sec) reads @ chr11:0-5000000
PoolWorker-28 countReadsInRegions_worker: processing 5000 (149.0 per sec) @ chr11:0-5000000
PoolWorker-28,  processing 713705 (35714.2 per sec) reads @ chr4:5000000-10000000
PoolWorker-28 countReadsInRegions_worker: processing 5000 (246.2 per sec) @ chr4:5000000-10000000
PoolWorker-28,  processing 656056 (35340.6 per sec) reads @ chr6:10000000-15000000
PoolWorker-28 countReadsInRegions_worker: processing 5000 (265.1 per sec) @ chr6:10000000-15000000
PoolWorker-28,  processing 837402 (35582.8 per sec) reads @ chr11:15000000-19299255
PoolWorker-28 countReadsInRegions_worker: processing 4299 (179.6 per sec) @ chr11:15000000-19299255
PoolWorker-28,  processing 738995 (34048.3 per sec) reads @ chr10:5000000-10000000
PoolWorker-28 countReadsInRegions_worker: processing 5000 (226.2 per sec) @ chr10:5000000-10000000
PoolWorker-28,  processing 9752 (25870.2 per sec) reads @ Ascaf_77:0-41997
PoolWorker-28 countReadsInRegions_worker: processing 41 (97.9 per sec) @ Ascaf_77:0-41997
PoolWorker-28,  processing 1206704 (37705.4 per sec) reads @ chr14:0-5000000
PoolWorker-28 countReadsInRegions_worker: processing 5000 (153.9 per sec) @ chr14:0-5000000
PoolWorker-28,  processing 196669 (70143.9 per sec) reads @ Ascaf_48:0-71747
PoolWorker-28 countReadsInRegions_worker: processing 71 (24.8 per sec) @ Ascaf_48:0-71747
PoolWorker-28,  processing 2346 (71945.5 per sec) reads @ Ascaf_153:0-10046
PoolWorker-28 countReadsInRegions_worker: processing 10 (249.6 per sec) @ Ascaf_153:0-10046
PoolWorker-28,  processing 10224 (43288.8 per sec) reads @ Ascaf_82:0-39089
PoolWorker-28 countReadsInRegions_worker: processing 39 (159.3 per sec) @ Ascaf_82:0-39089
PoolWorker-26,  processing 268074 (32771.2 per sec) reads @ chr4:40000000-40647937
PoolWorker-26 countReadsInRegions_worker: processing 647 (77.6 per sec) @ chr4:40000000-40647937
PoolWorker-26,  processing 3235 (57959.3 per sec) reads @ Ascaf_127:0-19159
PoolWorker-26 countReadsInRegions_worker: processing 19 (196.1 per sec) @ Ascaf_127:0-19159
PoolWorker-26,  processing 162 (45660.7 per sec) reads @ Ascaf_163:0-1000
PoolWorker-26 countReadsInRegions_worker: processing 1 (90.7 per sec) @ Ascaf_163:0-1000
PoolWorker-26,  processing 617549 (34063.3 per sec) reads @ chr8:10000000-15000000
PoolWorker-26 countReadsInRegions_worker: processing 5000 (271.3 per sec) @ chr8:10000000-15000000
PoolWorker-26,  processing 1254508 (34483.6 per sec) reads @ chr7:20000000-25000000
PoolWorker-26 countReadsInRegions_worker: processing 5000 (135.1 per sec) @ chr7:20000000-25000000
PoolWorker-26,  processing 713881 (35127.7 per sec) reads @ chr1:5000000-10000000
PoolWorker-26 countReadsInRegions_worker: processing 5000 (241.9 per sec) @ chr1:5000000-10000000
PoolWorker-26,  processing 9644 (21574.9 per sec) reads @ Ascaf_40:0-90738
PoolWorker-26 countReadsInRegions_worker: processing 90 (183.8 per sec) @ Ascaf_40:0-90738
PoolWorker-26,  processing 16604 (28230.2 per sec) reads @ Ascaf_58:0-57612
PoolWorker-26 countReadsInRegions_worker: processing 57 (90.5 per sec) @ Ascaf_58:0-57612
PoolWorker-26,  processing 12782 (36104.6 per sec) reads @ Ascaf_68:0-47437
PoolWorker-26 countReadsInRegions_worker: processing 47 (116.2 per sec) @ Ascaf_68:0-47437
PoolWorker-26,  processing 926027 (34343.1 per sec) reads @ chr18:15000000-18483836
PoolWorker-26 countReadsInRegions_worker: processing 3483 (126.9 per sec) @ chr18:15000000-18483836
PoolWorker-26,  processing 3684 (40593.7 per sec) reads @ Ascaf_139:0-16678
PoolWorker-26 countReadsInRegions_worker: processing 16 (122.6 per sec) @ Ascaf_139:0-16678
PoolWorker-26,  processing 745640 (35955.7 per sec) reads @ chr6:5000000-10000000
PoolWorker-26 countReadsInRegions_worker: processing 5000 (236.1 per sec) @ chr6:5000000-10000000
PoolWorker-26,  processing 865645 (36663.4 per sec) reads @ chr9:0-5000000
PoolWorker-26 countReadsInRegions_worker: processing 5000 (209.7 per sec) @ chr9:0-5000000
PoolWorker-26,  processing 381188 (36284.7 per sec) reads @ Ascaf_96:0-33398
PoolWorker-26 countReadsInRegions_worker: processing 33 (3.1 per sec) @ Ascaf_96:0-33398
PoolWorker-26,  processing 6844 (36005.7 per sec) reads @ Ascaf_108:0-29345
PoolWorker-26 countReadsInRegions_worker: processing 29 (124.8 per sec) @ Ascaf_108:0-29345
PoolWorker-26,  processing 1384513 (54110.5 per sec) reads @ chr4:20000000-25000000
PoolWorker-26 countReadsInRegions_worker: processing 5000 (193.3 per sec) @ chr4:20000000-25000000
PoolWorker-30,  processing 3169 (31041.9 per sec) reads @ Ascaf_126:0-19574
PoolWorker-30 countReadsInRegions_worker: processing 19 (170.1 per sec) @ Ascaf_126:0-19574
PoolWorker-30,  processing 52254 (34191.0 per sec) reads @ Ascaf_75:0-42641
PoolWorker-30 countReadsInRegions_worker: processing 42 (26.0 per sec) @ Ascaf_75:0-42641
PoolWorker-30,  processing 635692 (33530.5 per sec) reads @ chr12:20000000-23704847
PoolWorker-30 countReadsInRegions_worker: processing 3704 (190.9 per sec) @ chr12:20000000-23704847
PoolWorker-30,  processing 12752 (34910.4 per sec) reads @ Ascaf_111:0-25158
PoolWorker-30 countReadsInRegions_worker: processing 25 (58.1 per sec) @ Ascaf_111:0-25158
PoolWorker-30,  processing 1156340 (33399.3 per sec) reads @ chr13:20000000-24369283
PoolWorker-30 countReadsInRegions_worker: processing 4369 (123.9 per sec) @ chr13:20000000-24369283
PoolWorker-30,  processing 159355 (36277.5 per sec) reads @ Ascaf_137:0-17000
PoolWorker-30 countReadsInRegions_worker: processing 17 (3.8 per sec) @ Ascaf_137:0-17000
PoolWorker-30,  processing 886763 (34473.4 per sec) reads @ chr9:15000000-20000000
PoolWorker-30 countReadsInRegions_worker: processing 5000 (191.1 per sec) @ chr9:15000000-20000000
PoolWorker-30,  processing 20755 (34363.4 per sec) reads @ Ascaf_61:0-54508
PoolWorker-30 countReadsInRegions_worker: processing 54 (83.9 per sec) @ Ascaf_61:0-54508
PoolWorker-30,  processing 479084 (34492.2 per sec) reads @ chr19:5000000-10000000
PoolWorker-30 countReadsInRegions_worker: processing 5000 (354.6 per sec) @ chr19:5000000-10000000
PoolWorker-30,  processing 315590 (34282.7 per sec) reads @ chr19:20000000-23715829
PoolWorker-30 countReadsInRegions_worker: processing 3715 (396.1 per sec) @ chr19:20000000-23715829
PoolWorker-30,  processing 614244 (34819.5 per sec) reads @ chr13:10000000-15000000
PoolWorker-30 countReadsInRegions_worker: processing 5000 (279.2 per sec) @ chr13:10000000-15000000
PoolWorker-30,  processing 560724 (34276.8 per sec) reads @ chr2:10000000-15000000
PoolWorker-30 countReadsInRegions_worker: processing 5000 (300.5 per sec) @ chr2:10000000-15000000
PoolWorker-30,  processing 9046 (35325.7 per sec) reads @ Ascaf_67:0-40269
PoolWorker-30 countReadsInRegions_worker: processing 40 (133.7 per sec) @ Ascaf_67:0-40269
PoolWorker-30,  processing 708488 (35743.5 per sec) reads @ chr18:5000000-10000000
PoolWorker-30 countReadsInRegions_worker: processing 5000 (248.1 per sec) @ chr18:5000000-10000000
PoolWorker-30,  processing 100882 (33917.1 per sec) reads @ Ascaf_22:0-446888
PoolWorker-30 countReadsInRegions_worker: processing 446 (146.5 per sec) @ Ascaf_22:0-446888
PoolWorker-30,  processing 916045 (47537.5 per sec) reads @ chr20:15000000-20000000
PoolWorker-30 countReadsInRegions_worker: processing 5000 (256.0 per sec) @ chr20:15000000-20000000
PoolWorker-24,  processing 691685 (34851.0 per sec) reads @ chr21:10000000-15000000
PoolWorker-24 countReadsInRegions_worker: processing 5000 (246.3 per sec) @ chr21:10000000-15000000
PoolWorker-24,  processing 7071 (37502.4 per sec) reads @ Ascaf_117:0-22832
PoolWorker-24 countReadsInRegions_worker: processing 22 (96.9 per sec) @ Ascaf_117:0-22832
PoolWorker-24,  processing 7625 (38058.0 per sec) reads @ Ascaf_81:0-40000
PoolWorker-24 countReadsInRegions_worker: processing 40 (167.2 per sec) @ Ascaf_81:0-40000
PoolWorker-24,  processing 1518732 (35013.6 per sec) reads @ chr13:0-5000000
PoolWorker-24 countReadsInRegions_worker: processing 5000 (113.2 per sec) @ chr13:0-5000000
PoolWorker-24,  processing 272339 (37662.3 per sec) reads @ Ascaf_50:0-70692
PoolWorker-24 countReadsInRegions_worker: processing 70 (9.5 per sec) @ Ascaf_50:0-70692
PoolWorker-24,  processing 457895 (35134.3 per sec) reads @ chr19:15000000-20000000
PoolWorker-24 countReadsInRegions_worker: processing 5000 (376.7 per sec) @ chr19:15000000-20000000
PoolWorker-24,  processing 334 (63703.2 per sec) reads @ Ascaf_116:0-22916
PoolWorker-24 countReadsInRegions_worker: processing 22 (473.7 per sec) @ Ascaf_116:0-22916
PoolWorker-24,  processing 63722 (36668.0 per sec) reads @ Ascaf_34:0-101478
PoolWorker-24 countReadsInRegions_worker: processing 101 (56.1 per sec) @ Ascaf_34:0-101478
PoolWorker-24,  processing 762921 (34689.5 per sec) reads @ chr15:5000000-10000000
PoolWorker-24 countReadsInRegions_worker: processing 5000 (224.0 per sec) @ chr15:5000000-10000000
PoolWorker-24,  processing 750127 (36813.4 per sec) reads @ chr1:15000000-20000000
PoolWorker-24 countReadsInRegions_worker: processing 5000 (241.6 per sec) @ chr1:15000000-20000000
PoolWorker-24,  processing 73697 (36364.1 per sec) reads @ Ascaf_73:0-44649
PoolWorker-24 countReadsInRegions_worker: processing 44 (21.0 per sec) @ Ascaf_73:0-44649
PoolWorker-24,  processing 74607 (36344.4 per sec) reads @ Ascaf_106:0-29590
PoolWorker-24 countReadsInRegions_worker: processing 29 (13.7 per sec) @ Ascaf_106:0-29590
PoolWorker-24,  processing 686033 (35079.4 per sec) reads @ chr8:5000000-10000000
PoolWorker-24 countReadsInRegions_worker: processing 5000 (252.2 per sec) @ chr8:5000000-10000000
PoolWorker-24,  processing 733203 (36377.5 per sec) reads @ chr13:5000000-10000000
PoolWorker-24 countReadsInRegions_worker: processing 5000 (244.0 per sec) @ chr13:5000000-10000000
PoolWorker-24,  processing 668251 (53084.8 per sec) reads @ chr4:10000000-15000000
PoolWorker-24 countReadsInRegions_worker: processing 5000 (391.7 per sec) @ chr4:10000000-15000000
PoolWorker-24,  processing 681645 (73507.9 per sec) reads @ chr20:10000000-15000000
PoolWorker-24 countReadsInRegions_worker: processing 5000 (533.0 per sec) @ chr20:10000000-15000000
PoolWorker-25,  processing 1132815 (33123.5 per sec) reads @ chr7:0-5000000
PoolWorker-25 countReadsInRegions_worker: processing 5000 (142.9 per sec) @ chr7:0-5000000
PoolWorker-25,  processing 530905 (36007.7 per sec) reads @ Ascaf_27:0-155775
PoolWorker-25 countReadsInRegions_worker: processing 155 (10.3 per sec) @ Ascaf_27:0-155775
PoolWorker-25,  processing 392353 (36182.9 per sec) reads @ Ascaf_43:0-83995
PoolWorker-25 countReadsInRegions_worker: processing 83 (7.5 per sec) @ Ascaf_43:0-83995
PoolWorker-25,  processing 209 (61564.0 per sec) reads @ Ascaf_159:0-3139
PoolWorker-25 countReadsInRegions_worker: processing 3 (70.4 per sec) @ Ascaf_159:0-3139
PoolWorker-25,  processing 8493 (37950.8 per sec) reads @ Ascaf_46:0-73387
PoolWorker-25 countReadsInRegions_worker: processing 73 (262.7 per sec) @ Ascaf_46:0-73387
PoolWorker-25,  processing 235758 (36402.5 per sec) reads @ Ascaf_79:0-41364
PoolWorker-25 countReadsInRegions_worker: processing 41 (6.2 per sec) @ Ascaf_79:0-41364
PoolWorker-25,  processing 5143 (37486.8 per sec) reads @ Ascaf_145:0-15510
PoolWorker-25 countReadsInRegions_worker: processing 15 (84.7 per sec) @ Ascaf_145:0-15510
PoolWorker-25,  processing 49291 (36285.5 per sec) reads @ Ascaf_119:0-22101
PoolWorker-25 countReadsInRegions_worker: processing 22 (15.7 per sec) @ Ascaf_119:0-22101
PoolWorker-25,  processing 9444 (38233.4 per sec) reads @ Ascaf_91:0-34837
PoolWorker-25 countReadsInRegions_worker: processing 34 (117.5 per sec) @ Ascaf_91:0-34837
PoolWorker-25,  processing 11021 (38624.2 per sec) reads @ Ascaf_168:0-25000
PoolWorker-25 countReadsInRegions_worker: processing 25 (76.1 per sec) @ Ascaf_168:0-25000
PoolWorker-25,  processing 714227 (34743.5 per sec) reads @ chr2:20000000-25000000
PoolWorker-25 countReadsInRegions_worker: processing 5000 (239.4 per sec) @ chr2:20000000-25000000
PoolWorker-25,  processing 13542 (37114.8 per sec) reads @ Ascaf_133:0-49732
PoolWorker-25 countReadsInRegions_worker: processing 49 (119.9 per sec) @ Ascaf_133:0-49732
PoolWorker-25,  processing 918486 (35415.5 per sec) reads @ chr4:25000000-30000000
PoolWorker-25 countReadsInRegions_worker: processing 5000 (189.9 per sec) @ chr4:25000000-30000000
PoolWorker-25,  processing 382 (11674.4 per sec) reads @ Ascaf_128:0-19120
PoolWorker-25 countReadsInRegions_worker: processing 19 (257.9 per sec) @ Ascaf_128:0-19120
PoolWorker-25,  processing 1145016 (34334.5 per sec) reads @ chr21:0-5000000
PoolWorker-25 countReadsInRegions_worker: processing 5000 (147.6 per sec) @ chr21:0-5000000
PoolWorker-25,  processing 5056 (37486.3 per sec) reads @ Ascaf_146:0-15502
PoolWorker-25 countReadsInRegions_worker: processing 15 (85.1 per sec) @ Ascaf_146:0-15502
PoolWorker-25,  processing 12434 (38812.6 per sec) reads @ Ascaf_84:0-38148
PoolWorker-25 countReadsInRegions_worker: processing 38 (105.2 per sec) @ Ascaf_84:0-38148
PoolWorker-25,  processing 871238 (36824.3 per sec) reads @ chr5:15000000-18670498
PoolWorker-25 countReadsInRegions_worker: processing 3670 (152.6 per sec) @ chr5:15000000-18670498
PoolWorker-25,  processing 816139 (52869.2 per sec) reads @ chr5:10000000-15000000
PoolWorker-25 countReadsInRegions_worker: processing 5000 (319.0 per sec) @ chr5:10000000-15000000
PoolWorker-25,  processing 470761 (78413.1 per sec) reads @ chr15:20000000-20219940
PoolWorker-25 countReadsInRegions_worker: processing 219 (36.0 per sec) @ chr15:20000000-20219940
PoolWorker-22,  processing 1624 (66721.0 per sec) reads @ Ascaf_149:0-13452
PoolWorker-22 countReadsInRegions_worker: processing 13 (390.3 per sec) @ Ascaf_149:0-13452
PoolWorker-22,  processing 35971 (66651.6 per sec) reads @ Ascaf_23:0-264707
PoolWorker-22 countReadsInRegions_worker: processing 264 (477.7 per sec) @ Ascaf_23:0-264707
PoolWorker-22,  processing 6835 (40977.0 per sec) reads @ Ascaf_94:0-33862
PoolWorker-22 countReadsInRegions_worker: processing 33 (188.5 per sec) @ Ascaf_94:0-33862
PoolWorker-22,  processing 903381 (34039.6 per sec) reads @ chr11:10000000-15000000
PoolWorker-22 countReadsInRegions_worker: processing 5000 (183.4 per sec) @ chr11:10000000-15000000
PoolWorker-22,  processing 1032374 (34266.5 per sec) reads @ chr16:15000000-20000000
PoolWorker-22 countReadsInRegions_worker: processing 5000 (162.3 per sec) @ chr16:15000000-20000000
PoolWorker-22,  processing 12846 (36908.8 per sec) reads @ Ascaf_169:0-50000
PoolWorker-22 countReadsInRegions_worker: processing 50 (128.2 per sec) @ Ascaf_169:0-50000
PoolWorker-22,  processing 852219 (34655.4 per sec) reads @ chr18:10000000-15000000
PoolWorker-22 countReadsInRegions_worker: processing 5000 (200.1 per sec) @ chr18:10000000-15000000
PoolWorker-22,  processing 1231 (41263.3 per sec) reads @ Ascaf_134:0-17659
PoolWorker-22 countReadsInRegions_worker: processing 17 (229.7 per sec) @ Ascaf_134:0-17659
PoolWorker-22,  processing 1429 (42556.5 per sec) reads @ Ascaf_132:0-17867
PoolWorker-22 countReadsInRegions_worker: processing 17 (232.2 per sec) @ Ascaf_132:0-17867
PoolWorker-22,  processing 1165517 (33899.1 per sec) reads @ chr20:20000000-22998664
PoolWorker-22 countReadsInRegions_worker: processing 2998 (86.0 per sec) @ chr20:20000000-22998664
PoolWorker-22,  processing 459520 (36835.1 per sec) reads @ Ascaf_33:0-106103
PoolWorker-22 countReadsInRegions_worker: processing 106 (8.4 per sec) @ Ascaf_33:0-106103
PoolWorker-22,  processing 203071 (37105.2 per sec) reads @ Ascaf_110:0-27536
PoolWorker-22 countReadsInRegions_worker: processing 27 (4.8 per sec) @ Ascaf_110:0-27536
PoolWorker-22,  processing 2231 (37900.2 per sec) reads @ Ascaf_154:0-6709
PoolWorker-22 countReadsInRegions_worker: processing 6 (59.6 per sec) @ Ascaf_154:0-6709
PoolWorker-22,  processing 1829516 (38691.1 per sec) reads @ chr17:20000000-23682274
PoolWorker-22 countReadsInRegions_worker: processing 3682 (77.2 per sec) @ chr17:20000000-23682274
PoolWorker-22,  processing 759177 (63204.6 per sec) reads @ chr15:10000000-15000000
PoolWorker-22 countReadsInRegions_worker: processing 5000 (410.7 per sec) @ chr15:10000000-15000000
PoolWorker-22,  processing 80514 (73628.1 per sec) reads @ Ascaf_36:0-98486
PoolWorker-22 countReadsInRegions_worker: processing 98 (88.1 per sec) @ Ascaf_36:0-98486
PoolWorker-31,  processing 1048869 (35673.2 per sec) reads @ chr17:5000000-10000000
PoolWorker-31 countReadsInRegions_worker: processing 5000 (166.1 per sec) @ chr17:5000000-10000000
PoolWorker-31,  processing 2807 (41899.3 per sec) reads @ Ascaf_147:0-15099
PoolWorker-31 countReadsInRegions_worker: processing 15 (136.9 per sec) @ Ascaf_147:0-15099
PoolWorker-31,  processing 1460260 (34133.9 per sec) reads @ chr12:0-5000000
PoolWorker-31 countReadsInRegions_worker: processing 5000 (114.9 per sec) @ chr12:0-5000000
PoolWorker-31,  processing 14002 (34936.7 per sec) reads @ Ascaf_51:0-70629
PoolWorker-31 countReadsInRegions_worker: processing 70 (161.1 per sec) @ Ascaf_51:0-70629
PoolWorker-31,  processing 887648 (35271.6 per sec) reads @ chr16:0-5000000
PoolWorker-31 countReadsInRegions_worker: processing 5000 (195.8 per sec) @ chr16:0-5000000
PoolWorker-31,  processing 9271 (39002.8 per sec) reads @ Ascaf_78:0-41577
PoolWorker-31 countReadsInRegions_worker: processing 41 (148.1 per sec) @ Ascaf_78:0-41577
PoolWorker-31,  processing 1699 (10314.1 per sec) reads @ Ascaf_148:0-14976
PoolWorker-31 countReadsInRegions_worker: processing 14 (67.8 per sec) @ Ascaf_148:0-14976
PoolWorker-31,  processing 551994 (36528.9 per sec) reads @ Ascaf_26:0-156806
PoolWorker-31 countReadsInRegions_worker: processing 156 (10.2 per sec) @ Ascaf_26:0-156806
PoolWorker-31,  processing 1659 (45900.9 per sec) reads @ Ascaf_143:0-15560
PoolWorker-31 countReadsInRegions_worker: processing 15 (173.4 per sec) @ Ascaf_143:0-15560
PoolWorker-31,  processing 380755 (36489.6 per sec) reads @ Ascaf_28:0-145740
PoolWorker-31 countReadsInRegions_worker: processing 145 (13.6 per sec) @ Ascaf_28:0-145740
PoolWorker-31,  processing 11925 (37034.0 per sec) reads @ Ascaf_71:0-32519
PoolWorker-31 countReadsInRegions_worker: processing 32 (84.7 per sec) @ Ascaf_71:0-32519
PoolWorker-31,  processing 119287 (35824.3 per sec) reads @ Ascaf_52:0-64568
PoolWorker-31 countReadsInRegions_worker: processing 64 (18.8 per sec) @ Ascaf_52:0-64568
PoolWorker-31,  processing 12195 (35335.1 per sec) reads @ Ascaf_76:0-42514
PoolWorker-31 countReadsInRegions_worker: processing 42 (104.4 per sec) @ Ascaf_76:0-42514
PoolWorker-31,  processing 4794 (31886.8 per sec) reads @ Ascaf_60:0-24766
PoolWorker-31 countReadsInRegions_worker: processing 24 (124.7 per sec) @ Ascaf_60:0-24766
PoolWorker-31,  processing 5018 (35047.1 per sec) reads @ Ascaf_83:0-38959
PoolWorker-31 countReadsInRegions_worker: processing 38 (207.3 per sec) @ Ascaf_83:0-38959
PoolWorker-31,  processing 756711 (36733.8 per sec) reads @ Ascaf_25:0-178627
PoolWorker-31 countReadsInRegions_worker: processing 178 (8.5 per sec) @ Ascaf_25:0-178627
PoolWorker-31,  processing 1012101 (36681.0 per sec) reads @ chr1:30000000-33917795
PoolWorker-31 countReadsInRegions_worker: processing 3917 (140.4 per sec) @ chr1:30000000-33917795
PoolWorker-31,  processing 800943 (60234.8 per sec) reads @ chr8:15000000-20000000
PoolWorker-31 countReadsInRegions_worker: processing 5000 (369.6 per sec) @ chr8:15000000-20000000
PoolWorker-31,  processing 16675 (73712.1 per sec) reads @ Ascaf_47:0-72017
PoolWorker-31 countReadsInRegions_worker: processing 72 (305.9 per sec) @ Ascaf_47:0-72017
PoolWorker-31,  processing 643482 (78500.3 per sec) reads @ chr9:10000000-15000000
PoolWorker-31 countReadsInRegions_worker: processing 5000 (601.6 per sec) @ chr9:10000000-15000000
PoolWorker-17,  processing 3868 (17621.1 per sec) reads @ Ascaf_112:0-24428
PoolWorker-17 countReadsInRegions_worker: processing 24 (90.2 per sec) @ Ascaf_112:0-24428
PoolWorker-17,  processing 129325 (34394.2 per sec) reads @ Ascaf_41:0-90399
PoolWorker-17 countReadsInRegions_worker: processing 90 (23.1 per sec) @ Ascaf_41:0-90399
PoolWorker-17,  processing 12601 (32148.4 per sec) reads @ Ascaf_86:0-37568
PoolWorker-17 countReadsInRegions_worker: processing 37 (84.9 per sec) @ Ascaf_86:0-37568
PoolWorker-17,  processing 745750 (34268.2 per sec) reads @ chr17:10000000-15000000
PoolWorker-17 countReadsInRegions_worker: processing 5000 (225.8 per sec) @ chr17:10000000-15000000
PoolWorker-17,  processing 8143 (63020.4 per sec) reads @ Ascaf_131:0-18319
PoolWorker-17 countReadsInRegions_worker: processing 18 (130.3 per sec) @ Ascaf_131:0-18319
PoolWorker-17,  processing 906933 (34449.5 per sec) reads @ chr6:15000000-20000000
PoolWorker-17 countReadsInRegions_worker: processing 5000 (186.7 per sec) @ chr6:15000000-20000000
PoolWorker-17,  processing 832 (70729.7 per sec) reads @ Ascaf_158:0-3231
PoolWorker-17 countReadsInRegions_worker: processing 3 (40.4 per sec) @ Ascaf_158:0-3231
PoolWorker-17,  processing 508 (71591.5 per sec) reads @ Ascaf_160:0-2000
PoolWorker-17 countReadsInRegions_worker: processing 2 (43.5 per sec) @ Ascaf_160:0-2000
PoolWorker-17,  processing 11856 (37517.7 per sec) reads @ Ascaf_166:0-50000
PoolWorker-17 countReadsInRegions_worker: processing 50 (140.2 per sec) @ Ascaf_166:0-50000
PoolWorker-17,  processing 10439 (29861.3 per sec) reads @ Ascaf_49:0-70996
PoolWorker-17 countReadsInRegions_worker: processing 70 (178.4 per sec) @ Ascaf_49:0-70996
PoolWorker-17,  processing 68273 (32629.0 per sec) reads @ Ascaf_31:0-121444
PoolWorker-17 countReadsInRegions_worker: processing 121 (56.1 per sec) @ Ascaf_31:0-121444
PoolWorker-17,  processing 1748 (46922.5 per sec) reads @ Ascaf_135:0-17087
PoolWorker-17 countReadsInRegions_worker: processing 17 (221.3 per sec) @ Ascaf_135:0-17087
PoolWorker-17,  processing 85020 (36417.8 per sec) reads @ Ascaf_92:0-34608
PoolWorker-17 countReadsInRegions_worker: processing 34 (14.1 per sec) @ Ascaf_92:0-34608
PoolWorker-17,  processing 1144256 (34381.5 per sec) reads @ chr7:30000000-33914388
PoolWorker-17 countReadsInRegions_worker: processing 3914 (115.4 per sec) @ chr7:30000000-33914388
PoolWorker-17,  processing 897912 (35214.0 per sec) reads @ chr1:25000000-30000000
PoolWorker-17 countReadsInRegions_worker: processing 5000 (193.1 per sec) @ chr1:25000000-30000000
PoolWorker-17,  processing 268 (13933.7 per sec) reads @ Ascaf_162:0-1000
PoolWorker-17 countReadsInRegions_worker: processing 1 (36.0 per sec) @ Ascaf_162:0-1000
PoolWorker-17,  processing 9876 (36287.1 per sec) reads @ Ascaf_70:0-46916
PoolWorker-17 countReadsInRegions_worker: processing 46 (146.1 per sec) @ Ascaf_70:0-46916
PoolWorker-17,  processing 651970 (35302.3 per sec) reads @ chr2:5000000-10000000
PoolWorker-17 countReadsInRegions_worker: processing 5000 (265.4 per sec) @ chr2:5000000-10000000
PoolWorker-17,  processing 3060 (36536.1 per sec) reads @ Ascaf_144:0-15519
PoolWorker-17 countReadsInRegions_worker: processing 15 (119.3 per sec) @ Ascaf_144:0-15519
PoolWorker-17,  processing 691469 (35383.1 per sec) reads @ chr7:5000000-10000000
PoolWorker-17 countReadsInRegions_worker: processing 5000 (252.0 per sec) @ chr7:5000000-10000000
PoolWorker-17,  processing 762732 (35327.2 per sec) reads @ chr14:5000000-10000000
PoolWorker-17 countReadsInRegions_worker: processing 5000 (228.2 per sec) @ chr14:5000000-10000000
PoolWorker-17,  processing 647081 (65910.3 per sec) reads @ chr20:5000000-10000000
PoolWorker-17 countReadsInRegions_worker: processing 5000 (500.7 per sec) @ chr20:5000000-10000000
PoolWorker-17,  processing 1079972 (78360.7 per sec) reads @ chr4:35000000-40000000
PoolWorker-17 countReadsInRegions_worker: processing 5000 (358.0 per sec) @ chr4:35000000-40000000
PoolWorker-17,  processing 59341 (92265.0 per sec) reads @ Ascaf_105:0-29809
PoolWorker-17 countReadsInRegions_worker: processing 29 (44.0 per sec) @ Ascaf_105:0-29809
output file: /storage/scratch/iee/dj20y461/Stickleback/Y_comp/Sex_chrom_stats/Read_depths/Gw/depths/Gw05_M.1kb.RPKM.depth
