genome partition size for multiprocessing: 1000000
using 16 processors for 657 number of tasks
Final scaling factor: 0.005362708966
PoolWorker-31,  processing 148009 (34751.3 per sec) reads @ Ascaf_30:0-130979
PoolWorker-31 countReadsInRegions_worker: processing 130 (29.8 per sec) @ Ascaf_30:0-130979
PoolWorker-31,  processing 1569764 (34771.5 per sec) reads @ chr10:15000000-19005646
PoolWorker-31 countReadsInRegions_worker: processing 4005 (87.0 per sec) @ chr10:15000000-19005646
PoolWorker-31,  processing 3866 (41998.0 per sec) reads @ Ascaf_143:0-15560
PoolWorker-31 countReadsInRegions_worker: processing 15 (104.1 per sec) @ Ascaf_143:0-15560
PoolWorker-31,  processing 39277 (38009.6 per sec) reads @ Ascaf_129:0-19000
PoolWorker-31 countReadsInRegions_worker: processing 19 (17.6 per sec) @ Ascaf_129:0-19000
PoolWorker-31,  processing 32067 (38712.8 per sec) reads @ Ascaf_106:0-29590
PoolWorker-31 countReadsInRegions_worker: processing 29 (32.6 per sec) @ Ascaf_106:0-29590
PoolWorker-31,  processing 126757 (35381.6 per sec) reads @ Ascaf_32:0-110405
PoolWorker-31 countReadsInRegions_worker: processing 110 (30.0 per sec) @ Ascaf_32:0-110405
PoolWorker-31,  processing 9104 (37785.0 per sec) reads @ Ascaf_95:0-33544
PoolWorker-31 countReadsInRegions_worker: processing 33 (116.7 per sec) @ Ascaf_95:0-33544
PoolWorker-31,  processing 352899 (37816.2 per sec) reads @ Ascaf_45:0-74461
PoolWorker-31 countReadsInRegions_worker: processing 74 (7.8 per sec) @ Ascaf_45:0-74461
PoolWorker-31,  processing 1706331 (35339.9 per sec) reads @ chr2:10000000-15000000
PoolWorker-31 countReadsInRegions_worker: processing 5000 (101.7 per sec) @ chr2:10000000-15000000
PoolWorker-31,  processing 226413 (38308.7 per sec) reads @ Ascaf_98:0-33222
PoolWorker-31 countReadsInRegions_worker: processing 33 (5.5 per sec) @ Ascaf_98:0-33222
PoolWorker-31,  processing 106548 (34976.0 per sec) reads @ chr3:20000000-20313673
PoolWorker-31 countReadsInRegions_worker: processing 313 (100.2 per sec) @ chr3:20000000-20313673
PoolWorker-31,  processing 103249 (37447.3 per sec) reads @ Ascaf_57:0-58000
PoolWorker-31 countReadsInRegions_worker: processing 58 (20.5 per sec) @ Ascaf_57:0-58000
PoolWorker-31,  processing 4535 (19550.4 per sec) reads @ Ascaf_130:0-18457
PoolWorker-31 countReadsInRegions_worker: processing 18 (65.8 per sec) @ Ascaf_130:0-18457
PoolWorker-31,  processing 1726074 (35316.4 per sec) reads @ chr2:15000000-20000000
PoolWorker-31 countReadsInRegions_worker: processing 5000 (100.7 per sec) @ chr2:15000000-20000000
PoolWorker-31,  processing 1729121 (35432.9 per sec) reads @ chr15:5000000-10000000
PoolWorker-31 countReadsInRegions_worker: processing 5000 (100.7 per sec) @ chr15:5000000-10000000
PoolWorker-31,  processing 1707954 (35403.3 per sec) reads @ chr6:10000000-15000000
PoolWorker-31 countReadsInRegions_worker: processing 5000 (102.0 per sec) @ chr6:10000000-15000000
PoolWorker-24,  processing 1722546 (33475.4 per sec) reads @ chr1:0-5000000
PoolWorker-24 countReadsInRegions_worker: processing 5000 (95.1 per sec) @ chr1:0-5000000
PoolWorker-24,  processing 15963 (36705.2 per sec) reads @ Ascaf_70:0-46916
PoolWorker-24 countReadsInRegions_worker: processing 46 (96.2 per sec) @ Ascaf_70:0-46916
PoolWorker-24,  processing 6796 (40357.2 per sec) reads @ Ascaf_125:0-19664
PoolWorker-24 countReadsInRegions_worker: processing 19 (89.9 per sec) @ Ascaf_125:0-19664
PoolWorker-24,  processing 1919839 (36035.8 per sec) reads @ chr7:15000000-20000000
PoolWorker-24 countReadsInRegions_worker: processing 5000 (91.7 per sec) @ chr7:15000000-20000000
PoolWorker-24,  processing 10205 (36672.8 per sec) reads @ Ascaf_88:0-36907
PoolWorker-24 countReadsInRegions_worker: processing 36 (112.3 per sec) @ Ascaf_88:0-36907
PoolWorker-24,  processing 49253 (33241.3 per sec) reads @ Ascaf_166:0-50000
PoolWorker-24 countReadsInRegions_worker: processing 50 (33.1 per sec) @ Ascaf_166:0-50000
PoolWorker-24,  processing 129790 (38123.3 per sec) reads @ Ascaf_50:0-70692
PoolWorker-24 countReadsInRegions_worker: processing 70 (20.0 per sec) @ Ascaf_50:0-70692
PoolWorker-24,  processing 1725912 (35549.9 per sec) reads @ chr4:5000000-10000000
PoolWorker-24 countReadsInRegions_worker: processing 5000 (101.1 per sec) @ chr4:5000000-10000000
PoolWorker-24,  processing 1801885 (35790.6 per sec) reads @ chr9:0-5000000
PoolWorker-24 countReadsInRegions_worker: processing 5000 (97.6 per sec) @ chr9:0-5000000
PoolWorker-24,  processing 2329322 (36080.4 per sec) reads @ chr14:5000000-10000000
PoolWorker-24 countReadsInRegions_worker: processing 5000 (76.0 per sec) @ chr14:5000000-10000000
PoolWorker-24,  processing 12041 (38129.5 per sec) reads @ Ascaf_85:0-37890
PoolWorker-24 countReadsInRegions_worker: processing 37 (103.2 per sec) @ Ascaf_85:0-37890
PoolWorker-24,  processing 9461 (35932.4 per sec) reads @ Ascaf_104:0-29894
PoolWorker-24 countReadsInRegions_worker: processing 29 (94.0 per sec) @ Ascaf_104:0-29894
PoolWorker-21,  processing 1794016 (34716.3 per sec) reads @ chr2:20000000-25000000
PoolWorker-21 countReadsInRegions_worker: processing 5000 (94.4 per sec) @ chr2:20000000-25000000
PoolWorker-21,  processing 12994 (38018.0 per sec) reads @ Ascaf_94:0-33862
PoolWorker-21 countReadsInRegions_worker: processing 33 (86.6 per sec) @ Ascaf_94:0-33862
PoolWorker-21,  processing 1051892 (35489.1 per sec) reads @ chr19:5000000-10000000
PoolWorker-21 countReadsInRegions_worker: processing 5000 (165.4 per sec) @ chr19:5000000-10000000
PoolWorker-21,  processing 249199 (37596.9 per sec) reads @ Ascaf_25:0-178627
PoolWorker-21 countReadsInRegions_worker: processing 178 (25.9 per sec) @ Ascaf_25:0-178627
PoolWorker-21,  processing 5060 (42701.5 per sec) reads @ Ascaf_148:0-14976
PoolWorker-21 countReadsInRegions_worker: processing 14 (81.1 per sec) @ Ascaf_148:0-14976
PoolWorker-21,  processing 410288 (38123.8 per sec) reads @ Ascaf_89:0-36000
PoolWorker-21 countReadsInRegions_worker: processing 36 (3.3 per sec) @ Ascaf_89:0-36000
PoolWorker-21,  processing 1172242 (35370.7 per sec) reads @ chr18:15000000-18483836
PoolWorker-21 countReadsInRegions_worker: processing 3483 (103.4 per sec) @ chr18:15000000-18483836
PoolWorker-21,  processing 1977349 (35380.7 per sec) reads @ chr12:0-5000000
PoolWorker-21 countReadsInRegions_worker: processing 5000 (88.1 per sec) @ chr12:0-5000000
PoolWorker-21,  processing 4523 (40121.0 per sec) reads @ Ascaf_146:0-15502
PoolWorker-21 countReadsInRegions_worker: processing 15 (97.9 per sec) @ Ascaf_146:0-15502
PoolWorker-21,  processing 1744126 (35588.5 per sec) reads @ chr11:5000000-10000000
PoolWorker-21 countReadsInRegions_worker: processing 5000 (100.6 per sec) @ chr11:5000000-10000000
PoolWorker-21,  processing 1850627 (37407.8 per sec) reads @ chr5:10000000-15000000
PoolWorker-21 countReadsInRegions_worker: processing 5000 (99.3 per sec) @ chr5:10000000-15000000
PoolWorker-21,  processing 32943 (36370.4 per sec) reads @ Ascaf_71:0-32519
PoolWorker-21 countReadsInRegions_worker: processing 32 (32.8 per sec) @ Ascaf_71:0-32519
PoolWorker-20,  processing 750916 (34594.9 per sec) reads @ chr19:20000000-23715829
PoolWorker-20 countReadsInRegions_worker: processing 3715 (166.9 per sec) @ chr19:20000000-23715829
PoolWorker-20,  processing 5876 (42363.0 per sec) reads @ Ascaf_121:0-21431
PoolWorker-20 countReadsInRegions_worker: processing 21 (65.7 per sec) @ Ascaf_121:0-21431
PoolWorker-20,  processing 1705879 (35439.7 per sec) reads @ chr1:5000000-10000000
PoolWorker-20 countReadsInRegions_worker: processing 5000 (101.6 per sec) @ chr1:5000000-10000000
PoolWorker-20,  processing 4594 (42906.5 per sec) reads @ Ascaf_82:0-39089
PoolWorker-20 countReadsInRegions_worker: processing 39 (263.3 per sec) @ Ascaf_82:0-39089
PoolWorker-20,  processing 1694741 (35929.0 per sec) reads @ chr21:0-5000000
PoolWorker-20 countReadsInRegions_worker: processing 5000 (104.0 per sec) @ chr21:0-5000000
PoolWorker-20,  processing 51449 (39688.3 per sec) reads @ Ascaf_90:0-35566
PoolWorker-20 countReadsInRegions_worker: processing 35 (25.7 per sec) @ Ascaf_90:0-35566
PoolWorker-20,  processing 1694221 (36421.6 per sec) reads @ chr17:15000000-20000000
PoolWorker-20 countReadsInRegions_worker: processing 5000 (105.5 per sec) @ chr17:15000000-20000000
PoolWorker-20,  processing 23110 (40414.3 per sec) reads @ Ascaf_59:0-57475
PoolWorker-20 countReadsInRegions_worker: processing 57 (89.4 per sec) @ Ascaf_59:0-57475
PoolWorker-20,  processing 76872 (37257.6 per sec) reads @ Ascaf_64:0-51000
PoolWorker-20 countReadsInRegions_worker: processing 51 (24.0 per sec) @ Ascaf_64:0-51000
PoolWorker-20,  processing 1698970 (36076.7 per sec) reads @ chr20:5000000-10000000
PoolWorker-20 countReadsInRegions_worker: processing 5000 (104.5 per sec) @ chr20:5000000-10000000
PoolWorker-20,  processing 49878 (35742.8 per sec) reads @ Ascaf_23:0-264707
PoolWorker-20 countReadsInRegions_worker: processing 264 (180.9 per sec) @ Ascaf_23:0-264707
PoolWorker-20,  processing 872162 (36750.6 per sec) reads @ chr2:25000000-26977752
PoolWorker-20 countReadsInRegions_worker: processing 1977 (82.0 per sec) @ chr2:25000000-26977752
PoolWorker-20,  processing 10080 (38940.7 per sec) reads @ Ascaf_109:0-28244
PoolWorker-20 countReadsInRegions_worker: processing 28 (93.2 per sec) @ Ascaf_109:0-28244
PoolWorker-20,  processing 1818893 (38160.0 per sec) reads @ chr1:15000000-20000000
PoolWorker-20 countReadsInRegions_worker: processing 5000 (102.9 per sec) @ chr1:15000000-20000000
PoolWorker-20,  processing 381 (64423.7 per sec) reads @ Ascaf_162:0-1000
PoolWorker-20 countReadsInRegions_worker: processing 1 (21.7 per sec) @ Ascaf_162:0-1000
PoolWorker-20,  processing 16306 (35249.1 per sec) reads @ Ascaf_133:0-49732
PoolWorker-20 countReadsInRegions_worker: processing 49 (97.1 per sec) @ Ascaf_133:0-49732
PoolWorker-26,  processing 39884 (37506.9 per sec) reads @ Ascaf_114:0-24031
PoolWorker-26 countReadsInRegions_worker: processing 24 (22.0 per sec) @ Ascaf_114:0-24031
PoolWorker-26,  processing 1856528 (35574.0 per sec) reads @ chr3:0-5000000
PoolWorker-26 countReadsInRegions_worker: processing 5000 (93.4 per sec) @ chr3:0-5000000
PoolWorker-26,  processing 31175 (36913.4 per sec) reads @ Ascaf_46:0-73387
PoolWorker-26 countReadsInRegions_worker: processing 73 (80.2 per sec) @ Ascaf_46:0-73387
PoolWorker-26,  processing 1459248 (35506.1 per sec) reads @ chr1:30000000-33917795
PoolWorker-26 countReadsInRegions_worker: processing 3917 (93.2 per sec) @ chr1:30000000-33917795
PoolWorker-26,  processing 86748 (49565.2 per sec) reads @ Ascaf_48:0-71747
PoolWorker-26 countReadsInRegions_worker: processing 71 (38.6 per sec) @ Ascaf_48:0-71747
PoolWorker-26,  processing 59976 (38385.5 per sec) reads @ Ascaf_52:0-64568
PoolWorker-26 countReadsInRegions_worker: processing 64 (39.4 per sec) @ Ascaf_52:0-64568
PoolWorker-26,  processing 5238 (40421.3 per sec) reads @ Ascaf_147:0-15099
PoolWorker-26 countReadsInRegions_worker: processing 15 (87.0 per sec) @ Ascaf_147:0-15099
PoolWorker-26,  processing 1527822 (34638.7 per sec) reads @ chr9:20000000-24303205
PoolWorker-26 countReadsInRegions_worker: processing 4303 (95.7 per sec) @ chr9:20000000-24303205
PoolWorker-26,  processing 1737719 (36185.5 per sec) reads @ chr12:15000000-20000000
PoolWorker-26 countReadsInRegions_worker: processing 5000 (102.0 per sec) @ chr12:15000000-20000000
PoolWorker-26,  processing 1776999 (36193.1 per sec) reads @ chr4:10000000-15000000
PoolWorker-26 countReadsInRegions_worker: processing 5000 (99.8 per sec) @ chr4:10000000-15000000
PoolWorker-26,  processing 2006808 (40790.3 per sec) reads @ chr14:0-5000000
PoolWorker-26 countReadsInRegions_worker: processing 5000 (99.7 per sec) @ chr14:0-5000000
PoolWorker-26,  processing 24108 (54286.7 per sec) reads @ Ascaf_47:0-72017
PoolWorker-26 countReadsInRegions_worker: processing 72 (147.7 per sec) @ Ascaf_47:0-72017
PoolWorker-22,  processing 1516024 (34725.2 per sec) reads @ chr5:15000000-18670498
PoolWorker-22 countReadsInRegions_worker: processing 3670 (82.2 per sec) @ chr5:15000000-18670498
PoolWorker-22,  processing 5224 (38305.8 per sec) reads @ Ascaf_138:0-16696
PoolWorker-22 countReadsInRegions_worker: processing 16 (89.1 per sec) @ Ascaf_138:0-16696
PoolWorker-22,  processing 7214 (33785.4 per sec) reads @ Ascaf_97:0-33357
PoolWorker-22 countReadsInRegions_worker: processing 33 (129.4 per sec) @ Ascaf_97:0-33357
PoolWorker-22,  processing 4007 (37429.0 per sec) reads @ Ascaf_116:0-22916
PoolWorker-22 countReadsInRegions_worker: processing 22 (147.0 per sec) @ Ascaf_116:0-22916
PoolWorker-22,  processing 151762 (41590.8 per sec) reads @ Ascaf_120:0-22000
PoolWorker-22 countReadsInRegions_worker: processing 22 (5.9 per sec) @ Ascaf_120:0-22000
PoolWorker-22,  processing 72753 (37969.9 per sec) reads @ Ascaf_124:0-19772
PoolWorker-22 countReadsInRegions_worker: processing 19 (9.6 per sec) @ Ascaf_124:0-19772
PoolWorker-22,  processing 1719685 (35668.2 per sec) reads @ chr7:10000000-15000000
PoolWorker-22 countReadsInRegions_worker: processing 5000 (101.4 per sec) @ chr7:10000000-15000000
PoolWorker-22,  processing 232636 (37911.8 per sec) reads @ Ascaf_27:0-155775
PoolWorker-22 countReadsInRegions_worker: processing 155 (24.7 per sec) @ Ascaf_27:0-155775
PoolWorker-22,  processing 14410 (34344.7 per sec) reads @ Ascaf_80:0-41014
PoolWorker-22 countReadsInRegions_worker: processing 41 (88.8 per sec) @ Ascaf_80:0-41014
PoolWorker-22,  processing 2256425 (36114.2 per sec) reads @ chr13:0-5000000
PoolWorker-22 countReadsInRegions_worker: processing 5000 (78.4 per sec) @ chr13:0-5000000
PoolWorker-22,  processing 113852 (36874.6 per sec) reads @ Ascaf_41:0-90399
PoolWorker-22 countReadsInRegions_worker: processing 90 (28.3 per sec) @ Ascaf_41:0-90399
PoolWorker-22,  processing 7952 (37424.9 per sec) reads @ Ascaf_112:0-24428
PoolWorker-22 countReadsInRegions_worker: processing 24 (93.7 per sec) @ Ascaf_112:0-24428
PoolWorker-22,  processing 6260 (40556.4 per sec) reads @ Ascaf_132:0-17867
PoolWorker-22 countReadsInRegions_worker: processing 17 (86.7 per sec) @ Ascaf_132:0-17867
PoolWorker-22,  processing 146545 (38050.3 per sec) reads @ Ascaf_96:0-33398
PoolWorker-22 countReadsInRegions_worker: processing 33 (8.4 per sec) @ Ascaf_96:0-33398
PoolWorker-22,  processing 5436 (39505.5 per sec) reads @ Ascaf_141:0-15738
PoolWorker-22 countReadsInRegions_worker: processing 15 (83.1 per sec) @ Ascaf_141:0-15738
PoolWorker-22,  processing 11398 (38447.7 per sec) reads @ Ascaf_101:0-31946
PoolWorker-22 countReadsInRegions_worker: processing 31 (91.6 per sec) @ Ascaf_101:0-31946
PoolWorker-22,  processing 552589 (37032.2 per sec) reads @ Ascaf_42:0-86089
PoolWorker-22 countReadsInRegions_worker: processing 86 (5.7 per sec) @ Ascaf_42:0-86089
PoolWorker-22,  processing 960179 (35320.6 per sec) reads @ chr19:15000000-20000000
PoolWorker-22 countReadsInRegions_worker: processing 5000 (181.0 per sec) @ chr19:15000000-20000000
PoolWorker-22,  processing 2885 (43739.9 per sec) reads @ Ascaf_151:0-13242
PoolWorker-22 countReadsInRegions_worker: processing 13 (119.9 per sec) @ Ascaf_151:0-13242
PoolWorker-22,  processing 1671398 (35239.3 per sec) reads @ chr6:15000000-20000000
PoolWorker-22 countReadsInRegions_worker: processing 5000 (103.7 per sec) @ chr6:15000000-20000000
PoolWorker-22,  processing 127 (55125.4 per sec) reads @ Ascaf_165:0-1000
PoolWorker-22 countReadsInRegions_worker: processing 1 (22.7 per sec) @ Ascaf_165:0-1000
PoolWorker-22,  processing 5310 (24501.4 per sec) reads @ Ascaf_118:0-22120
PoolWorker-22 countReadsInRegions_worker: processing 22 (88.4 per sec) @ Ascaf_118:0-22120
PoolWorker-22,  processing 93647 (37380.4 per sec) reads @ Ascaf_24:0-187591
PoolWorker-22 countReadsInRegions_worker: processing 187 (72.2 per sec) @ Ascaf_24:0-187591
PoolWorker-22,  processing 1705538 (47068.9 per sec) reads @ chr9:15000000-20000000
PoolWorker-22 countReadsInRegions_worker: processing 5000 (136.4 per sec) @ chr9:15000000-20000000
PoolWorker-19,  processing 1782383 (34482.1 per sec) reads @ chr13:5000000-10000000
PoolWorker-19 countReadsInRegions_worker: processing 5000 (94.5 per sec) @ chr13:5000000-10000000
PoolWorker-19,  processing 1989544 (35641.7 per sec) reads @ chr6:0-5000000
PoolWorker-19 countReadsInRegions_worker: processing 5000 (87.6 per sec) @ chr6:0-5000000
PoolWorker-19,  processing 3645 (40984.2 per sec) reads @ Ascaf_140:0-15786
PoolWorker-19 countReadsInRegions_worker: processing 15 (113.2 per sec) @ Ascaf_140:0-15786
PoolWorker-19,  processing 1744003 (35823.5 per sec) reads @ chr18:10000000-15000000
PoolWorker-19 countReadsInRegions_worker: processing 5000 (101.0 per sec) @ chr18:10000000-15000000
PoolWorker-19,  processing 10034 (37423.5 per sec) reads @ Ascaf_108:0-29345
PoolWorker-19 countReadsInRegions_worker: processing 29 (93.4 per sec) @ Ascaf_108:0-29345
PoolWorker-19,  processing 1753992 (35833.4 per sec) reads @ chr4:30000000-35000000
PoolWorker-19 countReadsInRegions_worker: processing 5000 (100.5 per sec) @ chr4:30000000-35000000
PoolWorker-19,  processing 1782584 (35878.5 per sec) reads @ chr21:10000000-15000000
PoolWorker-19 countReadsInRegions_worker: processing 5000 (98.8 per sec) @ chr21:10000000-15000000
PoolWorker-19,  processing 1623000 (40355.2 per sec) reads @ chr17:20000000-23682274
PoolWorker-19 countReadsInRegions_worker: processing 3682 (90.4 per sec) @ chr17:20000000-23682274
PoolWorker-27,  processing 235984 (36339.9 per sec) reads @ Ascaf_33:0-106103
PoolWorker-27 countReadsInRegions_worker: processing 106 (15.8 per sec) @ Ascaf_33:0-106103
PoolWorker-27,  processing 1771450 (35185.6 per sec) reads @ chr9:5000000-10000000
PoolWorker-27 countReadsInRegions_worker: processing 5000 (97.3 per sec) @ chr9:5000000-10000000
PoolWorker-27,  processing 1724689 (35160.7 per sec) reads @ chr17:0-5000000
PoolWorker-27 countReadsInRegions_worker: processing 5000 (99.6 per sec) @ chr17:0-5000000
PoolWorker-27,  processing 13532 (40122.8 per sec) reads @ Ascaf_83:0-38959
PoolWorker-27 countReadsInRegions_worker: processing 38 (99.5 per sec) @ Ascaf_83:0-38959
PoolWorker-27,  processing 1697754 (35819.5 per sec) reads @ chr16:10000000-15000000
PoolWorker-27 countReadsInRegions_worker: processing 5000 (103.6 per sec) @ chr16:10000000-15000000
PoolWorker-27,  processing 2053386 (35893.2 per sec) reads @ chr7:20000000-25000000
PoolWorker-27 countReadsInRegions_worker: processing 5000 (85.7 per sec) @ chr7:20000000-25000000
PoolWorker-27,  processing 1696826 (35872.3 per sec) reads @ chr7:5000000-10000000
PoolWorker-27 countReadsInRegions_worker: processing 5000 (103.8 per sec) @ chr7:5000000-10000000
PoolWorker-27,  processing 171191 (38962.6 per sec) reads @ Ascaf_28:0-145740
PoolWorker-27 countReadsInRegions_worker: processing 145 (32.2 per sec) @ Ascaf_28:0-145740
PoolWorker-27,  processing 1681767 (41574.4 per sec) reads @ chr2:5000000-10000000
PoolWorker-27 countReadsInRegions_worker: processing 5000 (122.2 per sec) @ chr2:5000000-10000000
PoolWorker-27,  processing 187976 (67367.5 per sec) reads @ Ascaf_53:0-64139
PoolWorker-27 countReadsInRegions_worker: processing 64 (22.6 per sec) @ Ascaf_53:0-64139
PoolWorker-27,  processing 3264 (47174.6 per sec) reads @ Ascaf_128:0-19120
PoolWorker-27 countReadsInRegions_worker: processing 19 (190.7 per sec) @ Ascaf_128:0-19120
PoolWorker-27,  processing 24563 (38963.0 per sec) reads @ Ascaf_56:0-58445
PoolWorker-27 countReadsInRegions_worker: processing 58 (85.7 per sec) @ Ascaf_56:0-58445
PoolWorker-28,  processing 10782 (72100.7 per sec) reads @ Ascaf_100:0-32247
PoolWorker-28 countReadsInRegions_worker: processing 32 (199.3 per sec) @ Ascaf_100:0-32247
PoolWorker-28,  processing 302806 (35319.3 per sec) reads @ chr4:40000000-40647937
PoolWorker-28 countReadsInRegions_worker: processing 647 (73.8 per sec) @ chr4:40000000-40647937
PoolWorker-28,  processing 15115 (38440.5 per sec) reads @ Ascaf_161:0-1000
PoolWorker-28 countReadsInRegions_worker: processing 1 (2.2 per sec) @ Ascaf_161:0-1000
PoolWorker-28,  processing 1713846 (34228.2 per sec) reads @ chr4:35000000-40000000
PoolWorker-28 countReadsInRegions_worker: processing 5000 (97.9 per sec) @ chr4:35000000-40000000
PoolWorker-28,  processing 1952569 (35833.6 per sec) reads @ chr20:0-5000000
PoolWorker-28 countReadsInRegions_worker: processing 5000 (90.2 per sec) @ chr20:0-5000000
PoolWorker-28,  processing 1865473 (35810.4 per sec) reads @ chr16:15000000-20000000
PoolWorker-28 countReadsInRegions_worker: processing 5000 (94.2 per sec) @ chr16:15000000-20000000
PoolWorker-28,  processing 15687 (36833.4 per sec) reads @ Ascaf_68:0-47437
PoolWorker-28 countReadsInRegions_worker: processing 47 (100.2 per sec) @ Ascaf_68:0-47437
PoolWorker-28,  processing 1933475 (36158.7 per sec) reads @ chr21:15000000-19873525
PoolWorker-28 countReadsInRegions_worker: processing 4873 (89.5 per sec) @ chr21:15000000-19873525
PoolWorker-28,  processing 231269 (38056.7 per sec) reads @ Ascaf_43:0-83995
PoolWorker-28 countReadsInRegions_worker: processing 83 (13.4 per sec) @ Ascaf_43:0-83995
PoolWorker-28,  processing 4997 (37304.6 per sec) reads @ Ascaf_144:0-15519
PoolWorker-28 countReadsInRegions_worker: processing 15 (79.6 per sec) @ Ascaf_144:0-15519
PoolWorker-28,  processing 128401 (37347.5 per sec) reads @ Ascaf_34:0-101478
PoolWorker-28 countReadsInRegions_worker: processing 101 (28.6 per sec) @ Ascaf_34:0-101478
PoolWorker-28,  processing 25776 (30723.5 per sec) reads @ Ascaf_31:0-121444
PoolWorker-28 countReadsInRegions_worker: processing 121 (136.7 per sec) @ Ascaf_31:0-121444
PoolWorker-28,  processing 1775362 (36460.1 per sec) reads @ chr15:10000000-15000000
PoolWorker-28 countReadsInRegions_worker: processing 5000 (101.1 per sec) @ chr15:10000000-15000000
PoolWorker-28,  processing 1875587 (60465.8 per sec) reads @ chr17:10000000-15000000
PoolWorker-28 countReadsInRegions_worker: processing 5000 (158.7 per sec) @ chr17:10000000-15000000
PoolWorker-28,  processing 7855 (74393.6 per sec) reads @ Ascaf_117:0-22832
PoolWorker-28 countReadsInRegions_worker: processing 22 (191.7 per sec) @ Ascaf_117:0-22832
PoolWorker-28,  processing 7855 (74068.8 per sec) reads @ Ascaf_103:0-30986
PoolWorker-28 countReadsInRegions_worker: processing 30 (261.2 per sec) @ Ascaf_103:0-30986
PoolWorker-23,  processing 114365 (37377.2 per sec) reads @ Ascaf_119:0-22101
PoolWorker-23 countReadsInRegions_worker: processing 22 (7.0 per sec) @ Ascaf_119:0-22101
PoolWorker-23,  processing 1711177 (34500.3 per sec) reads @ chr14:10000000-15000000
PoolWorker-23 countReadsInRegions_worker: processing 5000 (98.4 per sec) @ chr14:10000000-15000000
PoolWorker-23,  processing 1717918 (35465.1 per sec) reads @ chr8:15000000-20000000
PoolWorker-23 countReadsInRegions_worker: processing 5000 (101.5 per sec) @ chr8:15000000-20000000
PoolWorker-23,  processing 3585 (40318.5 per sec) reads @ Ascaf_145:0-15510
PoolWorker-23 countReadsInRegions_worker: processing 15 (115.3 per sec) @ Ascaf_145:0-15510
PoolWorker-23,  processing 13974 (35865.2 per sec) reads @ Ascaf_78:0-41577
PoolWorker-23 countReadsInRegions_worker: processing 41 (94.7 per sec) @ Ascaf_78:0-41577
PoolWorker-23,  processing 12939 (36904.9 per sec) reads @ Ascaf_77:0-41997
PoolWorker-23 countReadsInRegions_worker: processing 41 (104.3 per sec) @ Ascaf_77:0-41997
PoolWorker-23,  processing 36483 (36643.5 per sec) reads @ Ascaf_92:0-34608
PoolWorker-23 countReadsInRegions_worker: processing 34 (32.2 per sec) @ Ascaf_92:0-34608
PoolWorker-23,  processing 1700831 (35693.2 per sec) reads @ chr8:5000000-10000000
PoolWorker-23 countReadsInRegions_worker: processing 5000 (102.8 per sec) @ chr8:5000000-10000000
PoolWorker-23,  processing 34356 (28853.5 per sec) reads @ Ascaf_44:0-77777
PoolWorker-23 countReadsInRegions_worker: processing 77 (62.3 per sec) @ Ascaf_44:0-77777
PoolWorker-23,  processing 1775787 (35662.9 per sec) reads @ chr4:15000000-20000000
PoolWorker-23 countReadsInRegions_worker: processing 5000 (98.6 per sec) @ chr4:15000000-20000000
PoolWorker-23,  processing 305 (18342.5 per sec) reads @ Ascaf_164:0-1000
PoolWorker-23 countReadsInRegions_worker: processing 1 (18.5 per sec) @ Ascaf_164:0-1000
PoolWorker-23,  processing 8255 (42246.5 per sec) reads @ Ascaf_126:0-19574
PoolWorker-23 countReadsInRegions_worker: processing 19 (80.1 per sec) @ Ascaf_126:0-19574
PoolWorker-23,  processing 4570 (37322.6 per sec) reads @ Ascaf_139:0-16678
PoolWorker-23 countReadsInRegions_worker: processing 16 (96.4 per sec) @ Ascaf_139:0-16678
PoolWorker-23,  processing 3185851 (35659.2 per sec) reads @ chr19:0-5000000
PoolWorker-23 countReadsInRegions_worker: processing 5000 (55.4 per sec) @ chr19:0-5000000
PoolWorker-23,  processing 83985 (52100.7 per sec) reads @ Ascaf_36:0-98486
PoolWorker-23 countReadsInRegions_worker: processing 98 (59.5 per sec) @ Ascaf_36:0-98486
PoolWorker-23,  processing 1731671 (67150.0 per sec) reads @ chr3:10000000-15000000
PoolWorker-23 countReadsInRegions_worker: processing 5000 (191.1 per sec) @ chr3:10000000-15000000
PoolWorker-25,  processing 1710569 (33772.5 per sec) reads @ chr2:0-5000000
PoolWorker-25 countReadsInRegions_worker: processing 5000 (96.4 per sec) @ chr2:0-5000000
PoolWorker-25,  processing 58127 (39015.4 per sec) reads @ Ascaf_29:0-143722
PoolWorker-25 countReadsInRegions_worker: processing 143 (92.0 per sec) @ Ascaf_29:0-143722
PoolWorker-25,  processing 1694902 (35777.9 per sec) reads @ chr5:5000000-10000000
PoolWorker-25 countReadsInRegions_worker: processing 5000 (103.4 per sec) @ chr5:5000000-10000000
PoolWorker-25,  processing 5855 (40363.7 per sec) reads @ Ascaf_150:0-13271
PoolWorker-25 countReadsInRegions_worker: processing 13 (64.9 per sec) @ Ascaf_150:0-13271
PoolWorker-25,  processing 42955 (39021.6 per sec) reads @ Ascaf_84:0-38148
PoolWorker-25 countReadsInRegions_worker: processing 38 (33.1 per sec) @ Ascaf_84:0-38148
PoolWorker-25,  processing 4735 (40985.0 per sec) reads @ Ascaf_149:0-13452
PoolWorker-25 countReadsInRegions_worker: processing 13 (81.9 per sec) @ Ascaf_149:0-13452
PoolWorker-25,  processing 1691033 (34658.5 per sec) reads @ chr7:0-5000000
PoolWorker-25 countReadsInRegions_worker: processing 5000 (100.7 per sec) @ chr7:0-5000000
PoolWorker-25,  processing 7173 (38386.0 per sec) reads @ Ascaf_60:0-24766
PoolWorker-25 countReadsInRegions_worker: processing 24 (104.3 per sec) @ Ascaf_60:0-24766
PoolWorker-25,  processing 106782 (37289.0 per sec) reads @ Ascaf_35:0-99371
PoolWorker-25 countReadsInRegions_worker: processing 99 (33.7 per sec) @ Ascaf_35:0-99371
PoolWorker-25,  processing 1715686 (34964.1 per sec) reads @ chr15:0-5000000
PoolWorker-25 countReadsInRegions_worker: processing 5000 (100.2 per sec) @ chr15:0-5000000
PoolWorker-25,  processing 1721604 (35964.8 per sec) reads @ chr13:10000000-15000000
PoolWorker-25 countReadsInRegions_worker: processing 5000 (102.6 per sec) @ chr13:10000000-15000000
PoolWorker-25,  processing 10657 (38829.7 per sec) reads @ Ascaf_99:0-33167
PoolWorker-25 countReadsInRegions_worker: processing 33 (102.7 per sec) @ Ascaf_99:0-33167
PoolWorker-25,  processing 181505 (40950.9 per sec) reads @ Ascaf_74:0-44000
PoolWorker-25 countReadsInRegions_worker: processing 44 (9.7 per sec) @ Ascaf_74:0-44000
PoolWorker-25,  processing 1646166 (40832.8 per sec) reads @ chr11:15000000-19299255
PoolWorker-25 countReadsInRegions_worker: processing 4299 (105.1 per sec) @ chr11:15000000-19299255
PoolWorker-25,  processing 1658425 (60018.5 per sec) reads @ chr13:20000000-24369283
PoolWorker-25 countReadsInRegions_worker: processing 4369 (156.0 per sec) @ chr13:20000000-24369283
PoolWorker-25,  processing 20753 (54962.0 per sec) reads @ Ascaf_65:0-47651
PoolWorker-25 countReadsInRegions_worker: processing 47 (121.0 per sec) @ Ascaf_65:0-47651
PoolWorker-32,  processing 33064 (34634.5 per sec) reads @ Ascaf_40:0-90738
PoolWorker-32 countReadsInRegions_worker: processing 90 (90.8 per sec) @ Ascaf_40:0-90738
PoolWorker-32,  processing 1339622 (34734.5 per sec) reads @ chr8:20000000-23122080
PoolWorker-32 countReadsInRegions_worker: processing 3122 (79.0 per sec) @ chr8:20000000-23122080
PoolWorker-32,  processing 5852 (39198.4 per sec) reads @ Ascaf_136:0-17062
PoolWorker-32 countReadsInRegions_worker: processing 17 (79.0 per sec) @ Ascaf_136:0-17062
PoolWorker-32,  processing 6666 (41070.3 per sec) reads @ Ascaf_127:0-19159
PoolWorker-32 countReadsInRegions_worker: processing 19 (92.8 per sec) @ Ascaf_127:0-19159
PoolWorker-32,  processing 10828 (37190.8 per sec) reads @ Ascaf_66:0-47454
PoolWorker-32 countReadsInRegions_worker: processing 47 (140.2 per sec) @ Ascaf_66:0-47454
PoolWorker-32,  processing 1688578 (34780.3 per sec) reads @ chr11:0-5000000
PoolWorker-32 countReadsInRegions_worker: processing 5000 (100.7 per sec) @ chr11:0-5000000
PoolWorker-32,  processing 1716008 (36215.2 per sec) reads @ chr9:10000000-15000000
PoolWorker-32 countReadsInRegions_worker: processing 5000 (103.4 per sec) @ chr9:10000000-15000000
PoolWorker-32,  processing 14552 (29833.5 per sec) reads @ Ascaf_169:0-50000
PoolWorker-32 countReadsInRegions_worker: processing 50 (94.2 per sec) @ Ascaf_169:0-50000
PoolWorker-32,  processing 1939794 (35263.7 per sec) reads @ chr18:0-5000000
PoolWorker-32 countReadsInRegions_worker: processing 5000 (89.3 per sec) @ chr18:0-5000000
PoolWorker-32,  processing 6760 (35790.5 per sec) reads @ Ascaf_54:0-60000
PoolWorker-32 countReadsInRegions_worker: processing 60 (246.2 per sec) @ Ascaf_54:0-60000
PoolWorker-32,  processing 1663230 (34601.2 per sec) reads @ chr3:15000000-20000000
PoolWorker-32 countReadsInRegions_worker: processing 5000 (102.2 per sec) @ chr3:15000000-20000000
PoolWorker-32,  processing 68626 (36083.8 per sec) reads @ Ascaf_79:0-41364
PoolWorker-32 countReadsInRegions_worker: processing 41 (20.8 per sec) @ Ascaf_79:0-41364
PoolWorker-32,  processing 278316 (37984.1 per sec) reads @ Ascaf_26:0-156806
PoolWorker-32 countReadsInRegions_worker: processing 156 (20.9 per sec) @ Ascaf_26:0-156806
PoolWorker-32,  processing 11354 (33089.8 per sec) reads @ Ascaf_86:0-37568
PoolWorker-32 countReadsInRegions_worker: processing 37 (96.1 per sec) @ Ascaf_86:0-37568
PoolWorker-32,  processing 33642 (37161.0 per sec) reads @ Ascaf_73:0-44649
PoolWorker-32 countReadsInRegions_worker: processing 44 (46.2 per sec) @ Ascaf_73:0-44649
PoolWorker-32,  processing 60527 (35115.9 per sec) reads @ Ascaf_75:0-42641
PoolWorker-32 countReadsInRegions_worker: processing 42 (23.5 per sec) @ Ascaf_75:0-42641
PoolWorker-32,  processing 1819203 (40007.7 per sec) reads @ chr15:15000000-20000000
PoolWorker-32 countReadsInRegions_worker: processing 5000 (108.9 per sec) @ chr15:15000000-20000000
PoolWorker-32,  processing 656 (69669.6 per sec) reads @ Ascaf_159:0-3139
PoolWorker-32 countReadsInRegions_worker: processing 3 (169.3 per sec) @ Ascaf_159:0-3139
PoolWorker-32,  processing 2141 (70015.2 per sec) reads @ Ascaf_154:0-6709
PoolWorker-32 countReadsInRegions_worker: processing 6 (155.1 per sec) @ Ascaf_154:0-6709
PoolWorker-32,  processing 1707204 (71826.1 per sec) reads @ chr20:15000000-20000000
PoolWorker-32 countReadsInRegions_worker: processing 5000 (206.6 per sec) @ chr20:15000000-20000000
PoolWorker-17,  processing 1766238 (34815.3 per sec) reads @ chr6:5000000-10000000
PoolWorker-17 countReadsInRegions_worker: processing 5000 (96.1 per sec) @ chr6:5000000-10000000
PoolWorker-17,  processing 8788 (39580.8 per sec) reads @ Ascaf_168:0-25000
PoolWorker-17 countReadsInRegions_worker: processing 25 (89.6 per sec) @ Ascaf_168:0-25000
PoolWorker-17,  processing 20689 (40584.4 per sec) reads @ Ascaf_142:0-15730
PoolWorker-17 countReadsInRegions_worker: processing 15 (27.1 per sec) @ Ascaf_142:0-15730
PoolWorker-17,  processing 10361 (36810.7 per sec) reads @ Ascaf_67:0-40269
PoolWorker-17 countReadsInRegions_worker: processing 40 (123.1 per sec) @ Ascaf_67:0-40269
PoolWorker-17,  processing 418062 (36632.1 per sec) reads @ chr6:20000000-21248438
PoolWorker-17 countReadsInRegions_worker: processing 1248 (107.4 per sec) @ chr6:20000000-21248438
PoolWorker-17,  processing 1009337 (35667.1 per sec) reads @ chr19:10000000-15000000
PoolWorker-17 countReadsInRegions_worker: processing 5000 (172.5 per sec) @ chr19:10000000-15000000
PoolWorker-17,  processing 5426 (36116.2 per sec) reads @ Ascaf_131:0-18319
PoolWorker-17 countReadsInRegions_worker: processing 18 (94.2 per sec) @ Ascaf_131:0-18319
PoolWorker-17,  processing 1708285 (35836.2 per sec) reads @ chr12:5000000-10000000
PoolWorker-17 countReadsInRegions_worker: processing 5000 (103.2 per sec) @ chr12:5000000-10000000
PoolWorker-17,  processing 104621 (38034.0 per sec) reads @ Ascaf_113:0-24387
PoolWorker-17 countReadsInRegions_worker: processing 24 (8.5 per sec) @ Ascaf_113:0-24387
PoolWorker-17,  processing 739789 (35058.2 per sec) reads @ chr16:20000000-22188971
PoolWorker-17 countReadsInRegions_worker: processing 2188 (101.9 per sec) @ chr16:20000000-22188971
PoolWorker-17,  processing 4377 (40060.1 per sec) reads @ Ascaf_102:0-31073
PoolWorker-17 countReadsInRegions_worker: processing 31 (206.4 per sec) @ Ascaf_102:0-31073
PoolWorker-17,  processing 1714288 (36566.2 per sec) reads @ chr1:10000000-15000000
PoolWorker-17 countReadsInRegions_worker: processing 5000 (105.0 per sec) @ chr1:10000000-15000000
PoolWorker-17,  processing 2911 (43322.9 per sec) reads @ Ascaf_115:0-24004
PoolWorker-17 countReadsInRegions_worker: processing 24 (197.4 per sec) @ Ascaf_115:0-24004
PoolWorker-17,  processing 16702 (37563.1 per sec) reads @ Ascaf_62:0-52951
PoolWorker-17 countReadsInRegions_worker: processing 52 (106.6 per sec) @ Ascaf_62:0-52951
PoolWorker-17,  processing 1283480 (36014.2 per sec) reads @ chr12:20000000-23704847
PoolWorker-17 countReadsInRegions_worker: processing 3704 (102.0 per sec) @ chr12:20000000-23704847
PoolWorker-17,  processing 10887 (38414.6 per sec) reads @ Ascaf_93:0-34038
PoolWorker-17 countReadsInRegions_worker: processing 34 (100.1 per sec) @ Ascaf_93:0-34038
PoolWorker-17,  processing 1767992 (38985.1 per sec) reads @ chr3:5000000-10000000
PoolWorker-17 countReadsInRegions_worker: processing 5000 (108.2 per sec) @ chr3:5000000-10000000
PoolWorker-17,  processing 3338 (18281.8 per sec) reads @ Ascaf_153:0-10046
PoolWorker-17 countReadsInRegions_worker: processing 10 (45.3 per sec) @ Ascaf_153:0-10046
PoolWorker-17,  processing 1808435 (59060.6 per sec) reads @ chr10:10000000-15000000
PoolWorker-17 countReadsInRegions_worker: processing 5000 (161.2 per sec) @ chr10:10000000-15000000
PoolWorker-17,  processing 24844 (70748.6 per sec) reads @ Ascaf_51:0-70629
PoolWorker-17 countReadsInRegions_worker: processing 70 (193.2 per sec) @ Ascaf_51:0-70629
PoolWorker-18,  processing 1691073 (33698.7 per sec) reads @ chr10:0-5000000
PoolWorker-18 countReadsInRegions_worker: processing 5000 (97.3 per sec) @ chr10:0-5000000
PoolWorker-18,  processing 26712 (36876.8 per sec) reads @ Ascaf_55:0-59833
PoolWorker-18 countReadsInRegions_worker: processing 59 (76.5 per sec) @ Ascaf_55:0-59833
PoolWorker-18,  processing 102226 (41315.8 per sec) reads @ Ascaf_38:0-95573
PoolWorker-18 countReadsInRegions_worker: processing 95 (37.5 per sec) @ Ascaf_38:0-95573
PoolWorker-18,  processing 41342 (42108.4 per sec) reads @ Ascaf_37:0-98231
PoolWorker-18 countReadsInRegions_worker: processing 98 (98.3 per sec) @ Ascaf_37:0-98231
PoolWorker-18,  processing 179931 (36948.6 per sec) reads @ Ascaf_22:0-446888
PoolWorker-18 countReadsInRegions_worker: processing 446 (89.9 per sec) @ Ascaf_22:0-446888
PoolWorker-18,  processing 1268 (41940.7 per sec) reads @ Ascaf_158:0-3231
PoolWorker-18 countReadsInRegions_worker: processing 3 (42.5 per sec) @ Ascaf_158:0-3231
PoolWorker-18,  processing 24742 (38494.9 per sec) reads @ Ascaf_105:0-29809
PoolWorker-18 countReadsInRegions_worker: processing 29 (42.4 per sec) @ Ascaf_105:0-29809
PoolWorker-18,  processing 1135359 (35411.7 per sec) reads @ chr20:20000000-22998664
PoolWorker-18 countReadsInRegions_worker: processing 2998 (91.6 per sec) @ chr20:20000000-22998664
PoolWorker-18,  processing 18266 (25613.9 per sec) reads @ Ascaf_61:0-54508
PoolWorker-18 countReadsInRegions_worker: processing 54 (74.5 per sec) @ Ascaf_61:0-54508
PoolWorker-18,  processing 15119 (35283.1 per sec) reads @ Ascaf_69:0-44691
PoolWorker-18 countReadsInRegions_worker: processing 44 (93.0 per sec) @ Ascaf_69:0-44691
PoolWorker-18,  processing 1803 (49965.5 per sec) reads @ Ascaf_156:0-5652
PoolWorker-18 countReadsInRegions_worker: processing 5 (65.8 per sec) @ Ascaf_156:0-5652
PoolWorker-18,  processing 76974 (37101.3 per sec) reads @ Ascaf_110:0-27536
PoolWorker-18 countReadsInRegions_worker: processing 27 (12.6 per sec) @ Ascaf_110:0-27536
PoolWorker-18,  processing 4371 (45510.8 per sec) reads @ Ascaf_122:0-20728
PoolWorker-18 countReadsInRegions_worker: processing 20 (145.6 per sec) @ Ascaf_122:0-20728
PoolWorker-18,  processing 1710818 (34694.3 per sec) reads @ chr8:0-5000000
PoolWorker-18 countReadsInRegions_worker: processing 5000 (99.4 per sec) @ chr8:0-5000000
PoolWorker-18,  processing 1671213 (35633.3 per sec) reads @ chr4:0-5000000
PoolWorker-18 countReadsInRegions_worker: processing 5000 (104.8 per sec) @ chr4:0-5000000
PoolWorker-18,  processing 241866 (36785.7 per sec) reads @ chr15:20000000-20219940
PoolWorker-18 countReadsInRegions_worker: processing 219 (32.6 per sec) @ chr15:20000000-20219940
PoolWorker-18,  processing 1843838 (35938.5 per sec) reads @ chr1:25000000-30000000
PoolWorker-18 countReadsInRegions_worker: processing 5000 (95.7 per sec) @ chr1:25000000-30000000
PoolWorker-18,  processing 2276333 (44005.1 per sec) reads @ chr4:20000000-25000000
PoolWorker-18 countReadsInRegions_worker: processing 5000 (95.6 per sec) @ chr4:20000000-25000000
PoolWorker-18,  processing 6997 (27767.6 per sec) reads @ Ascaf_111:0-25158
PoolWorker-18 countReadsInRegions_worker: processing 25 (95.6 per sec) @ Ascaf_111:0-25158
PoolWorker-18,  processing 1736014 (67116.0 per sec) reads @ chr16:5000000-10000000
PoolWorker-18 countReadsInRegions_worker: processing 5000 (190.3 per sec) @ chr16:5000000-10000000
PoolWorker-29,  processing 1804219 (33898.8 per sec) reads @ chr5:0-5000000
PoolWorker-29 countReadsInRegions_worker: processing 5000 (91.9 per sec) @ chr5:0-5000000
PoolWorker-29,  processing 18608 (30864.5 per sec) reads @ Ascaf_58:0-57612
PoolWorker-29 countReadsInRegions_worker: processing 57 (88.2 per sec) @ Ascaf_58:0-57612
PoolWorker-29,  processing 3892 (42760.8 per sec) reads @ Ascaf_152:0-12206
PoolWorker-29 countReadsInRegions_worker: processing 12 (89.4 per sec) @ Ascaf_152:0-12206
PoolWorker-29,  processing 70965 (37287.3 per sec) reads @ Ascaf_137:0-17000
PoolWorker-29 countReadsInRegions_worker: processing 17 (8.6 per sec) @ Ascaf_137:0-17000
PoolWorker-29,  processing 14162 (35419.0 per sec) reads @ Ascaf_87:0-36937
PoolWorker-29 countReadsInRegions_worker: processing 36 (79.0 per sec) @ Ascaf_87:0-36937
PoolWorker-29,  processing 13615 (29121.6 per sec) reads @ Ascaf_76:0-42514
PoolWorker-29 countReadsInRegions_worker: processing 42 (82.4 per sec) @ Ascaf_76:0-42514
PoolWorker-29,  processing 1966128 (36407.1 per sec) reads @ chr17:5000000-10000000
PoolWorker-29 countReadsInRegions_worker: processing 5000 (90.5 per sec) @ chr17:5000000-10000000
PoolWorker-29,  processing 2150548 (36498.7 per sec) reads @ chr1:20000000-25000000
PoolWorker-29 countReadsInRegions_worker: processing 5000 (83.3 per sec) @ chr1:20000000-25000000
PoolWorker-29,  processing 1361157 (35665.5 per sec) reads @ chr7:30000000-33914388
PoolWorker-29 countReadsInRegions_worker: processing 3914 (100.9 per sec) @ chr7:30000000-33914388
PoolWorker-29,  processing 16689 (29560.5 per sec) reads @ Ascaf_81:0-40000
PoolWorker-29 countReadsInRegions_worker: processing 40 (65.7 per sec) @ Ascaf_81:0-40000
PoolWorker-29,  processing 12204 (36738.6 per sec) reads @ Ascaf_91:0-34837
PoolWorker-29 countReadsInRegions_worker: processing 34 (92.6 per sec) @ Ascaf_91:0-34837
PoolWorker-29,  processing 1720537 (36149.2 per sec) reads @ chr12:10000000-15000000
PoolWorker-29 countReadsInRegions_worker: processing 5000 (103.4 per sec) @ chr12:10000000-15000000
PoolWorker-29,  processing 49611 (39018.2 per sec) reads @ Ascaf_107:0-29490
PoolWorker-29 countReadsInRegions_worker: processing 29 (21.7 per sec) @ Ascaf_107:0-29490
PoolWorker-29,  processing 1738751 (42667.8 per sec) reads @ chr20:10000000-15000000
PoolWorker-29 countReadsInRegions_worker: processing 5000 (121.2 per sec) @ chr20:10000000-15000000
PoolWorker-29,  processing 1867389 (68710.1 per sec) reads @ chr16:0-5000000
PoolWorker-29 countReadsInRegions_worker: processing 5000 (181.2 per sec) @ chr16:0-5000000
PoolWorker-29,  processing 1732770 (87263.3 per sec) reads @ chr18:5000000-10000000
PoolWorker-29 countReadsInRegions_worker: processing 5000 (247.6 per sec) @ chr18:5000000-10000000
PoolWorker-30,  processing 7607 (43494.7 per sec) reads @ Ascaf_123:0-20153
PoolWorker-30 countReadsInRegions_worker: processing 20 (93.1 per sec) @ Ascaf_123:0-20153
PoolWorker-30,  processing 12905 (37590.1 per sec) reads @ Ascaf_63:0-51776
PoolWorker-30 countReadsInRegions_worker: processing 51 (125.3 per sec) @ Ascaf_63:0-51776
PoolWorker-30,  processing 2277 (50865.6 per sec) reads @ Ascaf_155:0-6589
PoolWorker-30 countReadsInRegions_worker: processing 6 (55.1 per sec) @ Ascaf_155:0-6589
PoolWorker-30,  processing 2078136 (34252.7 per sec) reads @ chr4:25000000-30000000
PoolWorker-30 countReadsInRegions_worker: processing 5000 (80.3 per sec) @ chr4:25000000-30000000
PoolWorker-30,  processing 465 (68292.0 per sec) reads @ Ascaf_157:0-3527
PoolWorker-30 countReadsInRegions_worker: processing 3 (26.0 per sec) @ Ascaf_157:0-3527
PoolWorker-30,  processing 6416 (39971.6 per sec) reads @ Ascaf_134:0-17659
PoolWorker-30 countReadsInRegions_worker: processing 17 (84.4 per sec) @ Ascaf_134:0-17659
PoolWorker-30,  processing 401 (54460.9 per sec) reads @ Ascaf_163:0-1000
PoolWorker-30 countReadsInRegions_worker: processing 1 (21.0 per sec) @ Ascaf_163:0-1000
PoolWorker-30,  processing 1799347 (35948.1 per sec) reads @ chr11:10000000-15000000
PoolWorker-30 countReadsInRegions_worker: processing 5000 (97.6 per sec) @ chr11:10000000-15000000
PoolWorker-30,  processing 210016 (36281.6 per sec) reads @ Ascaf_39:0-92659
PoolWorker-30 countReadsInRegions_worker: processing 92 (15.6 per sec) @ Ascaf_39:0-92659
PoolWorker-30,  processing 7978 (37355.6 per sec) reads @ Ascaf_167:0-25000
PoolWorker-30 countReadsInRegions_worker: processing 25 (97.4 per sec) @ Ascaf_167:0-25000
PoolWorker-30,  processing 1722585 (35661.5 per sec) reads @ chr10:5000000-10000000
PoolWorker-30 countReadsInRegions_worker: processing 5000 (101.5 per sec) @ chr10:5000000-10000000
PoolWorker-30,  processing 7047 (38192.9 per sec) reads @ Ascaf_135:0-17087
PoolWorker-30 countReadsInRegions_worker: processing 17 (74.4 per sec) @ Ascaf_135:0-17087
PoolWorker-30,  processing 654 (70398.4 per sec) reads @ Ascaf_160:0-2000
PoolWorker-30 countReadsInRegions_worker: processing 2 (39.8 per sec) @ Ascaf_160:0-2000
PoolWorker-30,  processing 77473 (35944.6 per sec) reads @ Ascaf_72:0-46000
PoolWorker-30 countReadsInRegions_worker: processing 46 (20.7 per sec) @ Ascaf_72:0-46000
PoolWorker-30,  processing 1666923 (36865.3 per sec) reads @ chr7:25000000-30000000
PoolWorker-30 countReadsInRegions_worker: processing 5000 (108.7 per sec) @ chr7:25000000-30000000
PoolWorker-30,  processing 1818693 (35405.8 per sec) reads @ chr13:15000000-20000000
PoolWorker-30 countReadsInRegions_worker: processing 5000 (95.7 per sec) @ chr13:15000000-20000000
PoolWorker-30,  processing 1235192 (42888.7 per sec) reads @ chr14:15000000-18637407
PoolWorker-30 countReadsInRegions_worker: processing 3637 (124.1 per sec) @ chr14:15000000-18637407
PoolWorker-30,  processing 1687741 (66675.1 per sec) reads @ chr21:5000000-10000000
PoolWorker-30 countReadsInRegions_worker: processing 5000 (194.2 per sec) @ chr21:5000000-10000000
PoolWorker-30,  processing 1715951 (83781.0 per sec) reads @ chr8:10000000-15000000
PoolWorker-30 countReadsInRegions_worker: processing 5000 (240.5 per sec) @ chr8:10000000-15000000
PoolWorker-30,  processing 24528 (85705.6 per sec) reads @ Ascaf_49:0-70996
PoolWorker-30 countReadsInRegions_worker: processing 70 (236.7 per sec) @ Ascaf_49:0-70996
output file: /storage/scratch/iee/dj20y461/Stickleback/Y_comp/Sex_chrom_stats/Read_depths/Gw/depths/Gw10a_M.1kb.RPKM.depth
