genome partition size for multiprocessing: 1000000
using 16 processors for 657 number of tasks
Final scaling factor: 0.00732602466158
PoolWorker-31,  processing 5659 (30366.1 per sec) reads @ Ascaf_121:0-21431
PoolWorker-31 countReadsInRegions_worker: processing 21 (106.1 per sec) @ Ascaf_121:0-21431
PoolWorker-31,  processing 288255 (33743.7 per sec) reads @ Ascaf_39:0-92659
PoolWorker-31 countReadsInRegions_worker: processing 92 (10.5 per sec) @ Ascaf_39:0-92659
PoolWorker-31,  processing 3249 (35550.1 per sec) reads @ Ascaf_139:0-16678
PoolWorker-31 countReadsInRegions_worker: processing 16 (118.9 per sec) @ Ascaf_139:0-16678
PoolWorker-31,  processing 1112720 (33298.7 per sec) reads @ chr10:15000000-19005646
PoolWorker-31 countReadsInRegions_worker: processing 4005 (117.5 per sec) @ chr10:15000000-19005646
PoolWorker-31,  processing 18605 (34148.8 per sec) reads @ Ascaf_62:0-52951
PoolWorker-31 countReadsInRegions_worker: processing 52 (88.2 per sec) @ Ascaf_62:0-52951
PoolWorker-31,  processing 701373 (35244.3 per sec) reads @ Ascaf_42:0-86089
PoolWorker-31 countReadsInRegions_worker: processing 86 (4.3 per sec) @ Ascaf_42:0-86089
PoolWorker-31,  processing 1225136 (33168.1 per sec) reads @ chr15:15000000-20000000
PoolWorker-31 countReadsInRegions_worker: processing 5000 (133.5 per sec) @ chr15:15000000-20000000
PoolWorker-31,  processing 127527 (35354.6 per sec) reads @ Ascaf_110:0-27536
PoolWorker-31 countReadsInRegions_worker: processing 27 (7.3 per sec) @ Ascaf_110:0-27536
PoolWorker-31,  processing 1143263 (34052.5 per sec) reads @ chr4:10000000-15000000
PoolWorker-31 countReadsInRegions_worker: processing 5000 (146.9 per sec) @ chr4:10000000-15000000
PoolWorker-31,  processing 1202823 (34091.5 per sec) reads @ chr7:15000000-20000000
PoolWorker-31 countReadsInRegions_worker: processing 5000 (139.8 per sec) @ chr7:15000000-20000000
PoolWorker-31,  processing 7431 (20173.0 per sec) reads @ Ascaf_130:0-18457
PoolWorker-31 countReadsInRegions_worker: processing 18 (43.7 per sec) @ Ascaf_130:0-18457
PoolWorker-31,  processing 17471 (35509.0 per sec) reads @ Ascaf_49:0-70996
PoolWorker-31 countReadsInRegions_worker: processing 70 (127.8 per sec) @ Ascaf_49:0-70996
PoolWorker-31,  processing 7603 (36393.3 per sec) reads @ Ascaf_101:0-31946
PoolWorker-31 countReadsInRegions_worker: processing 31 (122.7 per sec) @ Ascaf_101:0-31946
PoolWorker-31,  processing 37582 (36623.9 per sec) reads @ Ascaf_105:0-29809
PoolWorker-31 countReadsInRegions_worker: processing 29 (26.7 per sec) @ Ascaf_105:0-29809
PoolWorker-31,  processing 1175 (38715.0 per sec) reads @ Ascaf_160:0-2000
PoolWorker-31 countReadsInRegions_worker: processing 2 (29.2 per sec) @ Ascaf_160:0-2000
PoolWorker-31,  processing 1367611 (33874.0 per sec) reads @ chr21:15000000-19873525
PoolWorker-31 countReadsInRegions_worker: processing 4873 (118.8 per sec) @ chr21:15000000-19873525
PoolWorker-29,  processing 12200 (24651.6 per sec) reads @ Ascaf_119:0-22101
PoolWorker-29 countReadsInRegions_worker: processing 22 (40.7 per sec) @ Ascaf_119:0-22101
PoolWorker-29,  processing 1156816 (32106.0 per sec) reads @ chr10:10000000-15000000
PoolWorker-29 countReadsInRegions_worker: processing 5000 (135.8 per sec) @ chr10:10000000-15000000
PoolWorker-29,  processing 67601 (35165.0 per sec) reads @ Ascaf_57:0-58000
PoolWorker-29 countReadsInRegions_worker: processing 58 (29.1 per sec) @ Ascaf_57:0-58000
PoolWorker-29,  processing 10120 (34907.5 per sec) reads @ Ascaf_168:0-25000
PoolWorker-29 countReadsInRegions_worker: processing 25 (75.2 per sec) @ Ascaf_168:0-25000
PoolWorker-29,  processing 1210011 (32434.0 per sec) reads @ chr11:10000000-15000000
PoolWorker-29 countReadsInRegions_worker: processing 5000 (132.0 per sec) @ chr11:10000000-15000000
PoolWorker-29,  processing 126684 (35566.5 per sec) reads @ Ascaf_35:0-99371
PoolWorker-29 countReadsInRegions_worker: processing 99 (27.1 per sec) @ Ascaf_35:0-99371
PoolWorker-29,  processing 4496 (37768.1 per sec) reads @ Ascaf_127:0-19159
PoolWorker-29 countReadsInRegions_worker: processing 19 (103.1 per sec) @ Ascaf_127:0-19159
PoolWorker-29,  processing 29678 (30820.9 per sec) reads @ Ascaf_84:0-38148
PoolWorker-29 countReadsInRegions_worker: processing 38 (37.2 per sec) @ Ascaf_84:0-38148
PoolWorker-29,  processing 1035284 (32318.4 per sec) reads @ chr20:20000000-22998664
PoolWorker-29 countReadsInRegions_worker: processing 2998 (91.9 per sec) @ chr20:20000000-22998664
PoolWorker-29,  processing 189 (57602.3 per sec) reads @ Ascaf_157:0-3527
PoolWorker-29 countReadsInRegions_worker: processing 3 (63.7 per sec) @ Ascaf_157:0-3527
PoolWorker-29,  processing 1746603 (33725.8 per sec) reads @ chr13:0-5000000
PoolWorker-29 countReadsInRegions_worker: processing 5000 (95.1 per sec) @ chr13:0-5000000
PoolWorker-29,  processing 1131761 (32973.7 per sec) reads @ chr7:5000000-10000000
PoolWorker-29 countReadsInRegions_worker: processing 5000 (143.2 per sec) @ chr7:5000000-10000000
PoolWorker-29,  processing 12619 (33703.2 per sec) reads @ Ascaf_76:0-42514
PoolWorker-29 countReadsInRegions_worker: processing 42 (97.3 per sec) @ Ascaf_76:0-42514
PoolWorker-29,  processing 3914 (40945.7 per sec) reads @ Ascaf_135:0-17087
PoolWorker-29 countReadsInRegions_worker: processing 17 (126.7 per sec) @ Ascaf_135:0-17087
PoolWorker-29,  processing 12400 (36053.9 per sec) reads @ Ascaf_133:0-49732
PoolWorker-29 countReadsInRegions_worker: processing 49 (119.0 per sec) @ Ascaf_133:0-49732
PoolWorker-29,  processing 8406 (33277.0 per sec) reads @ Ascaf_94:0-33862
PoolWorker-29 countReadsInRegions_worker: processing 33 (112.1 per sec) @ Ascaf_94:0-33862
PoolWorker-29,  processing 11452 (34209.4 per sec) reads @ Ascaf_68:0-47437
PoolWorker-29 countReadsInRegions_worker: processing 47 (124.7 per sec) @ Ascaf_68:0-47437
PoolWorker-29,  processing 653822 (32057.0 per sec) reads @ chr16:20000000-22188971
PoolWorker-29 countReadsInRegions_worker: processing 2188 (105.8 per sec) @ chr16:20000000-22188971
PoolWorker-29,  processing 5316 (37917.8 per sec) reads @ Ascaf_60:0-24766
PoolWorker-29 countReadsInRegions_worker: processing 24 (130.6 per sec) @ Ascaf_60:0-24766
PoolWorker-29,  processing 1939 (45572.1 per sec) reads @ Ascaf_153:0-10046
PoolWorker-29 countReadsInRegions_worker: processing 10 (119.8 per sec) @ Ascaf_153:0-10046
PoolWorker-28,  processing 821 (63437.7 per sec) reads @ Ascaf_128:0-19120
PoolWorker-28 countReadsInRegions_worker: processing 19 (847.0 per sec) @ Ascaf_128:0-19120
PoolWorker-28,  processing 10544 (66838.7 per sec) reads @ Ascaf_80:0-41014
PoolWorker-28 countReadsInRegions_worker: processing 41 (232.9 per sec) @ Ascaf_80:0-41014
PoolWorker-28,  processing 945624 (33113.5 per sec) reads @ chr8:20000000-23122080
PoolWorker-28 countReadsInRegions_worker: processing 3122 (107.0 per sec) @ chr8:20000000-23122080
PoolWorker-28,  processing 11511 (36495.5 per sec) reads @ Ascaf_69:0-44691
PoolWorker-28 countReadsInRegions_worker: processing 44 (95.1 per sec) @ Ascaf_69:0-44691
PoolWorker-28,  processing 92 (57006.3 per sec) reads @ Ascaf_165:0-1000
PoolWorker-28 countReadsInRegions_worker: processing 1 (22.8 per sec) @ Ascaf_165:0-1000
PoolWorker-28,  processing 6992 (31203.9 per sec) reads @ Ascaf_100:0-32247
PoolWorker-28 countReadsInRegions_worker: processing 32 (122.8 per sec) @ Ascaf_100:0-32247
PoolWorker-28,  processing 269810 (34731.9 per sec) reads @ Ascaf_33:0-106103
PoolWorker-28 countReadsInRegions_worker: processing 106 (13.4 per sec) @ Ascaf_33:0-106103
PoolWorker-28,  processing 11652 (37484.6 per sec) reads @ Ascaf_85:0-37890
PoolWorker-28 countReadsInRegions_worker: processing 37 (104.1 per sec) @ Ascaf_85:0-37890
PoolWorker-28,  processing 308303 (34379.2 per sec) reads @ Ascaf_53:0-64139
PoolWorker-28 countReadsInRegions_worker: processing 64 (7.0 per sec) @ Ascaf_53:0-64139
PoolWorker-28,  processing 107137 (34257.8 per sec) reads @ Ascaf_38:0-95573
PoolWorker-28 countReadsInRegions_worker: processing 95 (29.5 per sec) @ Ascaf_38:0-95573
PoolWorker-28,  processing 11124 (35681.9 per sec) reads @ Ascaf_70:0-46916
PoolWorker-28 countReadsInRegions_worker: processing 46 (130.1 per sec) @ Ascaf_70:0-46916
PoolWorker-28,  processing 1021596 (32236.8 per sec) reads @ chr14:15000000-18637407
PoolWorker-28 countReadsInRegions_worker: processing 3637 (112.9 per sec) @ chr14:15000000-18637407
PoolWorker-28,  processing 2768 (42115.0 per sec) reads @ Ascaf_152:0-12206
PoolWorker-28 countReadsInRegions_worker: processing 12 (110.6 per sec) @ Ascaf_152:0-12206
PoolWorker-28,  processing 1124768 (34158.1 per sec) reads @ chr19:10000000-15000000
PoolWorker-28 countReadsInRegions_worker: processing 5000 (149.2 per sec) @ chr19:10000000-15000000
PoolWorker-28,  processing 69301 (34665.4 per sec) reads @ Ascaf_44:0-77777
PoolWorker-28 countReadsInRegions_worker: processing 77 (37.3 per sec) @ Ascaf_44:0-77777
PoolWorker-28,  processing 547 (13152.5 per sec) reads @ Ascaf_163:0-1000
PoolWorker-28 countReadsInRegions_worker: processing 1 (11.8 per sec) @ Ascaf_163:0-1000
PoolWorker-28,  processing 1237727 (32865.9 per sec) reads @ chr11:0-5000000
PoolWorker-28 countReadsInRegions_worker: processing 5000 (130.8 per sec) @ chr11:0-5000000
PoolWorker-28,  processing 1166626 (33284.8 per sec) reads @ chr7:30000000-33914388
PoolWorker-28 countReadsInRegions_worker: processing 3914 (110.0 per sec) @ chr7:30000000-33914388
PoolWorker-28,  processing 19293 (36932.5 per sec) reads @ Ascaf_142:0-15730
PoolWorker-28 countReadsInRegions_worker: processing 15 (25.8 per sec) @ Ascaf_142:0-15730
PoolWorker-28,  processing 4799 (35195.7 per sec) reads @ Ascaf_123:0-20153
PoolWorker-28 countReadsInRegions_worker: processing 20 (112.5 per sec) @ Ascaf_123:0-20153
PoolWorker-28,  processing 1159337 (35233.4 per sec) reads @ chr12:5000000-10000000
PoolWorker-28 countReadsInRegions_worker: processing 5000 (149.4 per sec) @ chr12:5000000-10000000
PoolWorker-28,  processing 2131 (67052.7 per sec) reads @ Ascaf_151:0-13242
PoolWorker-28 countReadsInRegions_worker: processing 13 (239.5 per sec) @ Ascaf_151:0-13242
PoolWorker-28,  processing 21377 (46454.6 per sec) reads @ Ascaf_40:0-90738
PoolWorker-28 countReadsInRegions_worker: processing 90 (190.4 per sec) @ Ascaf_40:0-90738
PoolWorker-28,  processing 305 (64197.5 per sec) reads @ Ascaf_159:0-3139
PoolWorker-28 countReadsInRegions_worker: processing 3 (229.4 per sec) @ Ascaf_159:0-3139
PoolWorker-21,  processing 1156924 (32779.7 per sec) reads @ chr4:15000000-20000000
PoolWorker-21 countReadsInRegions_worker: processing 5000 (138.9 per sec) @ chr4:15000000-20000000
PoolWorker-21,  processing 1100698 (34242.5 per sec) reads @ chr7:25000000-30000000
PoolWorker-21 countReadsInRegions_worker: processing 5000 (152.7 per sec) @ chr7:25000000-30000000
PoolWorker-21,  processing 672661 (34327.8 per sec) reads @ chr2:25000000-26977752
PoolWorker-21 countReadsInRegions_worker: processing 1977 (99.4 per sec) @ chr2:25000000-26977752
PoolWorker-21,  processing 1184088 (33928.6 per sec) reads @ chr13:15000000-20000000
PoolWorker-21 countReadsInRegions_worker: processing 5000 (140.9 per sec) @ chr13:15000000-20000000
PoolWorker-21,  processing 1119970 (33047.6 per sec) reads @ chr1:30000000-33917795
PoolWorker-21 countReadsInRegions_worker: processing 3917 (113.6 per sec) @ chr1:30000000-33917795
PoolWorker-21,  processing 7720 (35879.4 per sec) reads @ Ascaf_95:0-33544
PoolWorker-21 countReadsInRegions_worker: processing 33 (127.8 per sec) @ Ascaf_95:0-33544
PoolWorker-21,  processing 1119294 (34208.3 per sec) reads @ chr1:10000000-15000000
PoolWorker-21 countReadsInRegions_worker: processing 5000 (150.6 per sec) @ chr1:10000000-15000000
PoolWorker-21,  processing 1185716 (33780.7 per sec) reads @ chr4:25000000-30000000
PoolWorker-21 countReadsInRegions_worker: processing 5000 (137.7 per sec) @ chr4:25000000-30000000
PoolWorker-17,  processing 166721 (39022.2 per sec) reads @ Ascaf_22:0-446888
PoolWorker-17 countReadsInRegions_worker: processing 446 (102.7 per sec) @ Ascaf_22:0-446888
PoolWorker-17,  processing 1308004 (31668.0 per sec) reads @ chr8:0-5000000
PoolWorker-17 countReadsInRegions_worker: processing 5000 (118.9 per sec) @ chr8:0-5000000
PoolWorker-17,  processing 12026 (33042.1 per sec) reads @ Ascaf_102:0-31073
PoolWorker-17 countReadsInRegions_worker: processing 31 (76.3 per sec) @ Ascaf_102:0-31073
PoolWorker-17,  processing 1172462 (33280.4 per sec) reads @ chr19:15000000-20000000
PoolWorker-17 countReadsInRegions_worker: processing 5000 (139.7 per sec) @ chr19:15000000-20000000
PoolWorker-17,  processing 105091 (34419.2 per sec) reads @ Ascaf_79:0-41364
PoolWorker-17 countReadsInRegions_worker: processing 41 (13.1 per sec) @ Ascaf_79:0-41364
PoolWorker-17,  processing 1373004 (32194.3 per sec) reads @ chr5:0-5000000
PoolWorker-17 countReadsInRegions_worker: processing 5000 (115.2 per sec) @ chr5:0-5000000
PoolWorker-17,  processing 399926 (35190.5 per sec) reads @ Ascaf_89:0-36000
PoolWorker-17 countReadsInRegions_worker: processing 36 (3.1 per sec) @ Ascaf_89:0-36000
PoolWorker-17,  processing 1117685 (33384.6 per sec) reads @ chr8:10000000-15000000
PoolWorker-17 countReadsInRegions_worker: processing 5000 (147.3 per sec) @ chr8:10000000-15000000
PoolWorker-17,  processing 381035 (31992.5 per sec) reads @ chr6:20000000-21248438
PoolWorker-17 countReadsInRegions_worker: processing 1248 (103.1 per sec) @ chr6:20000000-21248438
PoolWorker-17,  processing 1348649 (33021.6 per sec) reads @ chr13:20000000-24369283
PoolWorker-17 countReadsInRegions_worker: processing 4369 (105.3 per sec) @ chr13:20000000-24369283
PoolWorker-17,  processing 5492 (33924.5 per sec) reads @ Ascaf_131:0-18319
PoolWorker-17 countReadsInRegions_worker: processing 18 (87.8 per sec) @ Ascaf_131:0-18319
PoolWorker-17,  processing 43184 (37573.0 per sec) reads @ Ascaf_23:0-264707
PoolWorker-17 countReadsInRegions_worker: processing 264 (220.4 per sec) @ Ascaf_23:0-264707
PoolWorker-25,  processing 1112832 (31698.1 per sec) reads @ chr2:5000000-10000000
PoolWorker-25 countReadsInRegions_worker: processing 5000 (139.6 per sec) @ chr2:5000000-10000000
PoolWorker-25,  processing 1139293 (33598.9 per sec) reads @ chr5:15000000-18670498
PoolWorker-25 countReadsInRegions_worker: processing 3670 (106.5 per sec) @ chr5:15000000-18670498
PoolWorker-25,  processing 1335088 (32466.3 per sec) reads @ chr15:0-5000000
PoolWorker-25 countReadsInRegions_worker: processing 5000 (119.7 per sec) @ chr15:0-5000000
PoolWorker-25,  processing 1218079 (33207.6 per sec) reads @ chr14:5000000-10000000
PoolWorker-25 countReadsInRegions_worker: processing 5000 (134.1 per sec) @ chr14:5000000-10000000
PoolWorker-25,  processing 3279 (39431.4 per sec) reads @ Ascaf_148:0-14976
PoolWorker-25 countReadsInRegions_worker: processing 14 (107.7 per sec) @ Ascaf_148:0-14976
PoolWorker-25,  processing 5874 (36506.7 per sec) reads @ Ascaf_112:0-24428
PoolWorker-25 countReadsInRegions_worker: processing 24 (118.9 per sec) @ Ascaf_112:0-24428
PoolWorker-25,  processing 36868 (32252.1 per sec) reads @ Ascaf_56:0-58445
PoolWorker-25 countReadsInRegions_worker: processing 58 (48.7 per sec) @ Ascaf_56:0-58445
PoolWorker-25,  processing 644 (67883.0 per sec) reads @ Ascaf_158:0-3231
PoolWorker-25 countReadsInRegions_worker: processing 3 (61.1 per sec) @ Ascaf_158:0-3231
PoolWorker-25,  processing 1292287 (33357.7 per sec) reads @ chr20:0-5000000
PoolWorker-25 countReadsInRegions_worker: processing 5000 (126.7 per sec) @ chr20:0-5000000
PoolWorker-25,  processing 1196637 (34089.3 per sec) reads @ chr12:15000000-20000000
PoolWorker-25 countReadsInRegions_worker: processing 5000 (140.5 per sec) @ chr12:15000000-20000000
PoolWorker-25,  processing 872256 (46170.2 per sec) reads @ chr19:20000000-23715829
PoolWorker-25 countReadsInRegions_worker: processing 3715 (194.1 per sec) @ chr19:20000000-23715829
PoolWorker-25,  processing 10166 (69361.3 per sec) reads @ Ascaf_118:0-22120
PoolWorker-25 countReadsInRegions_worker: processing 22 (141.0 per sec) @ Ascaf_118:0-22120
PoolWorker-18,  processing 19505 (36547.2 per sec) reads @ Ascaf_61:0-54508
PoolWorker-18 countReadsInRegions_worker: processing 54 (97.5 per sec) @ Ascaf_61:0-54508
PoolWorker-18,  processing 7997 (33178.4 per sec) reads @ Ascaf_93:0-34038
PoolWorker-18 countReadsInRegions_worker: processing 34 (125.5 per sec) @ Ascaf_93:0-34038
PoolWorker-18,  processing 3115 (43537.8 per sec) reads @ Ascaf_141:0-15738
PoolWorker-18 countReadsInRegions_worker: processing 15 (112.1 per sec) @ Ascaf_141:0-15738
PoolWorker-18,  processing 270 (60459.2 per sec) reads @ Ascaf_162:0-1000
PoolWorker-18 countReadsInRegions_worker: processing 1 (15.1 per sec) @ Ascaf_162:0-1000
PoolWorker-18,  processing 1437139 (31214.0 per sec) reads @ chr12:0-5000000
PoolWorker-18 countReadsInRegions_worker: processing 5000 (106.1 per sec) @ chr12:0-5000000
PoolWorker-18,  processing 2406 (16635.6 per sec) reads @ Ascaf_115:0-24004
PoolWorker-18 countReadsInRegions_worker: processing 24 (129.2 per sec) @ Ascaf_115:0-24004
PoolWorker-18,  processing 10893 (31981.9 per sec) reads @ Ascaf_66:0-47454
PoolWorker-18 countReadsInRegions_worker: processing 47 (122.7 per sec) @ Ascaf_66:0-47454
PoolWorker-18,  processing 19915 (34624.1 per sec) reads @ Ascaf_65:0-47651
PoolWorker-18 countReadsInRegions_worker: processing 47 (75.9 per sec) @ Ascaf_65:0-47651
PoolWorker-18,  processing 100406 (34362.6 per sec) reads @ Ascaf_48:0-71747
PoolWorker-18 countReadsInRegions_worker: processing 71 (23.7 per sec) @ Ascaf_48:0-71747
PoolWorker-18,  processing 2632 (12875.0 per sec) reads @ Ascaf_140:0-15786
PoolWorker-18 countReadsInRegions_worker: processing 15 (58.0 per sec) @ Ascaf_140:0-15786
PoolWorker-18,  processing 1373719 (31728.2 per sec) reads @ chr1:0-5000000
PoolWorker-18 countReadsInRegions_worker: processing 5000 (113.7 per sec) @ chr1:0-5000000
PoolWorker-18,  processing 184366 (34378.9 per sec) reads @ Ascaf_50:0-70692
PoolWorker-18 countReadsInRegions_worker: processing 70 (12.7 per sec) @ Ascaf_50:0-70692
PoolWorker-18,  processing 8421 (29586.1 per sec) reads @ Ascaf_91:0-34837
PoolWorker-18 countReadsInRegions_worker: processing 34 (103.7 per sec) @ Ascaf_91:0-34837
PoolWorker-18,  processing 4971 (31249.0 per sec) reads @ Ascaf_97:0-33357
PoolWorker-18 countReadsInRegions_worker: processing 33 (165.5 per sec) @ Ascaf_97:0-33357
PoolWorker-18,  processing 1127209 (33085.6 per sec) reads @ chr7:10000000-15000000
PoolWorker-18 countReadsInRegions_worker: processing 5000 (144.4 per sec) @ chr7:10000000-15000000
PoolWorker-18,  processing 1530375 (32659.1 per sec) reads @ chr4:20000000-25000000
PoolWorker-18 countReadsInRegions_worker: processing 5000 (104.9 per sec) @ chr4:20000000-25000000
PoolWorker-18,  processing 8028 (23989.0 per sec) reads @ Ascaf_82:0-39089
PoolWorker-18 countReadsInRegions_worker: processing 39 (103.6 per sec) @ Ascaf_82:0-39089
PoolWorker-18,  processing 34634 (33782.7 per sec) reads @ Ascaf_64:0-51000
PoolWorker-18 countReadsInRegions_worker: processing 51 (47.2 per sec) @ Ascaf_64:0-51000
PoolWorker-18,  processing 197967 (33763.1 per sec) reads @ Ascaf_120:0-22000
PoolWorker-18 countReadsInRegions_worker: processing 22 (3.7 per sec) @ Ascaf_120:0-22000
PoolWorker-18,  processing 9313 (36293.6 per sec) reads @ Ascaf_77:0-41997
PoolWorker-18 countReadsInRegions_worker: processing 41 (141.6 per sec) @ Ascaf_77:0-41997
PoolWorker-18,  processing 3657 (38728.4 per sec) reads @ Ascaf_147:0-15099
PoolWorker-18 countReadsInRegions_worker: processing 15 (111.8 per sec) @ Ascaf_147:0-15099
PoolWorker-18,  processing 10953 (34663.5 per sec) reads @ Ascaf_104:0-29894
PoolWorker-18 countReadsInRegions_worker: processing 29 (80.5 per sec) @ Ascaf_104:0-29894
PoolWorker-18,  processing 1148674 (33560.6 per sec) reads @ chr6:5000000-10000000
PoolWorker-18 countReadsInRegions_worker: processing 5000 (144.1 per sec) @ chr6:5000000-10000000
PoolWorker-18,  processing 1134952 (56685.4 per sec) reads @ chr4:5000000-10000000
PoolWorker-18 countReadsInRegions_worker: processing 5000 (245.8 per sec) @ chr4:5000000-10000000
PoolWorker-30,  processing 1362897 (31844.2 per sec) reads @ chr17:20000000-23682274
PoolWorker-30 countReadsInRegions_worker: processing 3682 (84.5 per sec) @ chr17:20000000-23682274
PoolWorker-30,  processing 1447720 (33428.0 per sec) reads @ chr14:0-5000000
PoolWorker-30 countReadsInRegions_worker: processing 5000 (113.3 per sec) @ chr14:0-5000000
PoolWorker-30,  processing 9990 (35940.8 per sec) reads @ Ascaf_111:0-25158
PoolWorker-30 countReadsInRegions_worker: processing 25 (77.3 per sec) @ Ascaf_111:0-25158
PoolWorker-30,  processing 1197000 (33145.9 per sec) reads @ chr9:15000000-20000000
PoolWorker-30 countReadsInRegions_worker: processing 5000 (136.2 per sec) @ chr9:15000000-20000000
PoolWorker-30,  processing 19781 (34775.4 per sec) reads @ Ascaf_161:0-1000
PoolWorker-30 countReadsInRegions_worker: processing 1 (1.6 per sec) @ Ascaf_161:0-1000
PoolWorker-30,  processing 1132469 (33521.5 per sec) reads @ chr13:10000000-15000000
PoolWorker-30 countReadsInRegions_worker: processing 5000 (145.6 per sec) @ chr13:10000000-15000000
PoolWorker-30,  processing 46666 (34497.9 per sec) reads @ Ascaf_92:0-34608
PoolWorker-30 countReadsInRegions_worker: processing 34 (24.0 per sec) @ Ascaf_92:0-34608
PoolWorker-30,  processing 51581 (31868.0 per sec) reads @ Ascaf_31:0-121444
PoolWorker-30 countReadsInRegions_worker: processing 121 (72.6 per sec) @ Ascaf_31:0-121444
PoolWorker-30,  processing 17919 (28214.6 per sec) reads @ Ascaf_166:0-50000
PoolWorker-30 countReadsInRegions_worker: processing 50 (73.4 per sec) @ Ascaf_166:0-50000
PoolWorker-30,  processing 460749 (34567.7 per sec) reads @ Ascaf_45:0-74461
PoolWorker-30 countReadsInRegions_worker: processing 74 (5.5 per sec) @ Ascaf_45:0-74461
PoolWorker-30,  processing 1152562 (33341.2 per sec) reads @ chr21:10000000-15000000
PoolWorker-30 countReadsInRegions_worker: processing 5000 (142.5 per sec) @ chr21:10000000-15000000
PoolWorker-30,  processing 19596 (33160.6 per sec) reads @ Ascaf_58:0-57612
PoolWorker-30 countReadsInRegions_worker: processing 57 (89.9 per sec) @ Ascaf_58:0-57612
PoolWorker-30,  processing 273461 (35650.3 per sec) reads @ Ascaf_74:0-44000
PoolWorker-30 countReadsInRegions_worker: processing 44 (5.6 per sec) @ Ascaf_74:0-44000
PoolWorker-30,  processing 95140 (34758.6 per sec) reads @ Ascaf_137:0-17000
PoolWorker-30 countReadsInRegions_worker: processing 17 (6.0 per sec) @ Ascaf_137:0-17000
PoolWorker-30,  processing 1155305 (43462.8 per sec) reads @ chr13:5000000-10000000
PoolWorker-30 countReadsInRegions_worker: processing 5000 (185.5 per sec) @ chr13:5000000-10000000
PoolWorker-30,  processing 88057 (69707.6 per sec) reads @ Ascaf_90:0-35566
PoolWorker-30 countReadsInRegions_worker: processing 35 (27.2 per sec) @ Ascaf_90:0-35566
PoolWorker-26,  processing 306949 (33548.0 per sec) reads @ Ascaf_27:0-155775
PoolWorker-26 countReadsInRegions_worker: processing 155 (16.6 per sec) @ Ascaf_27:0-155775
PoolWorker-26,  processing 1199357 (32271.6 per sec) reads @ chr17:0-5000000
PoolWorker-26 countReadsInRegions_worker: processing 5000 (132.2 per sec) @ chr17:0-5000000
PoolWorker-26,  processing 59566 (34102.3 per sec) reads @ Ascaf_24:0-187591
PoolWorker-26 countReadsInRegions_worker: processing 187 (103.3 per sec) @ Ascaf_24:0-187591
PoolWorker-26,  processing 249969 (35026.6 per sec) reads @ Ascaf_30:0-130979
PoolWorker-26 countReadsInRegions_worker: processing 130 (17.9 per sec) @ Ascaf_30:0-130979
PoolWorker-26,  processing 1121 (29027.1 per sec) reads @ Ascaf_156:0-5652
PoolWorker-26 countReadsInRegions_worker: processing 5 (29.6 per sec) @ Ascaf_156:0-5652
PoolWorker-26,  processing 384482 (34500.0 per sec) reads @ Ascaf_25:0-178627
PoolWorker-26 countReadsInRegions_worker: processing 178 (15.7 per sec) @ Ascaf_25:0-178627
PoolWorker-26,  processing 83114 (31741.3 per sec) reads @ Ascaf_75:0-42641
PoolWorker-26 countReadsInRegions_worker: processing 42 (15.6 per sec) @ Ascaf_75:0-42641
PoolWorker-26,  processing 7960 (36047.5 per sec) reads @ Ascaf_87:0-36937
PoolWorker-26 countReadsInRegions_worker: processing 36 (136.0 per sec) @ Ascaf_87:0-36937
PoolWorker-26,  processing 1241846 (33637.6 per sec) reads @ chr18:0-5000000
PoolWorker-26 countReadsInRegions_worker: processing 5000 (132.1 per sec) @ chr18:0-5000000
PoolWorker-26,  processing 1256864 (33088.5 per sec) reads @ chr21:0-5000000
PoolWorker-26 countReadsInRegions_worker: processing 5000 (129.7 per sec) @ chr21:0-5000000
PoolWorker-26,  processing 1342 (40301.5 per sec) reads @ Ascaf_154:0-6709
PoolWorker-26 countReadsInRegions_worker: processing 6 (79.5 per sec) @ Ascaf_154:0-6709
PoolWorker-26,  processing 1174256 (33519.6 per sec) reads @ chr3:10000000-15000000
PoolWorker-26 countReadsInRegions_worker: processing 5000 (140.7 per sec) @ chr3:10000000-15000000
PoolWorker-26,  processing 2662 (30405.1 per sec) reads @ Ascaf_143:0-15560
PoolWorker-26 countReadsInRegions_worker: processing 15 (115.2 per sec) @ Ascaf_143:0-15560
PoolWorker-26,  processing 1312712 (32574.1 per sec) reads @ chr4:0-5000000
PoolWorker-26 countReadsInRegions_worker: processing 5000 (122.1 per sec) @ chr4:0-5000000
PoolWorker-26,  processing 1213087 (46624.9 per sec) reads @ chr1:25000000-30000000
PoolWorker-26 countReadsInRegions_worker: processing 5000 (190.3 per sec) @ chr1:25000000-30000000
PoolWorker-26,  processing 3034 (65922.3 per sec) reads @ Ascaf_144:0-15519
PoolWorker-26 countReadsInRegions_worker: processing 15 (272.8 per sec) @ Ascaf_144:0-15519
PoolWorker-32,  processing 1288416 (31740.4 per sec) reads @ chr2:0-5000000
PoolWorker-32 countReadsInRegions_worker: processing 5000 (120.8 per sec) @ chr2:0-5000000
PoolWorker-32,  processing 1449995 (33085.8 per sec) reads @ chr7:20000000-25000000
PoolWorker-32 countReadsInRegions_worker: processing 5000 (112.0 per sec) @ chr7:20000000-25000000
PoolWorker-32,  processing 1246867 (32423.1 per sec) reads @ chr10:0-5000000
PoolWorker-32 countReadsInRegions_worker: processing 5000 (127.9 per sec) @ chr10:0-5000000
PoolWorker-32,  processing 1132886 (33421.9 per sec) reads @ chr21:5000000-10000000
PoolWorker-32 countReadsInRegions_worker: processing 5000 (145.0 per sec) @ chr21:5000000-10000000
PoolWorker-32,  processing 1173379 (33265.6 per sec) reads @ chr16:5000000-10000000
PoolWorker-32 countReadsInRegions_worker: processing 5000 (139.2 per sec) @ chr16:5000000-10000000
PoolWorker-32,  processing 1158026 (35255.0 per sec) reads @ chr1:15000000-20000000
PoolWorker-32 countReadsInRegions_worker: processing 5000 (150.8 per sec) @ chr1:15000000-20000000
PoolWorker-32,  processing 1143554 (50270.8 per sec) reads @ chr16:10000000-15000000
PoolWorker-32 countReadsInRegions_worker: processing 5000 (217.3 per sec) @ chr16:10000000-15000000
PoolWorker-32,  processing 83790 (67495.4 per sec) reads @ chr3:20000000-20313673
PoolWorker-32 countReadsInRegions_worker: processing 313 (247.7 per sec) @ chr3:20000000-20313673
PoolWorker-22,  processing 18339 (26618.0 per sec) reads @ Ascaf_46:0-73387
PoolWorker-22 countReadsInRegions_worker: processing 73 (104.0 per sec) @ Ascaf_46:0-73387
PoolWorker-22,  processing 76453 (33209.8 per sec) reads @ Ascaf_37:0-98231
PoolWorker-22 countReadsInRegions_worker: processing 98 (40.9 per sec) @ Ascaf_37:0-98231
PoolWorker-22,  processing 1173026 (32249.9 per sec) reads @ chr10:5000000-10000000
PoolWorker-22 countReadsInRegions_worker: processing 5000 (134.5 per sec) @ chr10:5000000-10000000
PoolWorker-22,  processing 36461 (35559.7 per sec) reads @ Ascaf_55:0-59833
PoolWorker-22 countReadsInRegions_worker: processing 59 (53.6 per sec) @ Ascaf_55:0-59833
PoolWorker-22,  processing 4569 (37521.6 per sec) reads @ Ascaf_167:0-25000
PoolWorker-22 countReadsInRegions_worker: processing 25 (154.0 per sec) @ Ascaf_167:0-25000
PoolWorker-22,  processing 1595 (39678.5 per sec) reads @ Ascaf_155:0-6589
PoolWorker-22 countReadsInRegions_worker: processing 6 (67.7 per sec) @ Ascaf_155:0-6589
PoolWorker-22,  processing 1279535 (32050.5 per sec) reads @ chr16:15000000-20000000
PoolWorker-22 countReadsInRegions_worker: processing 5000 (123.2 per sec) @ chr16:15000000-20000000
PoolWorker-22,  processing 1196577 (33048.3 per sec) reads @ chr6:15000000-20000000
PoolWorker-22 countReadsInRegions_worker: processing 5000 (135.9 per sec) @ chr6:15000000-20000000
PoolWorker-22,  processing 1135038 (33274.3 per sec) reads @ chr18:5000000-10000000
PoolWorker-22 countReadsInRegions_worker: processing 5000 (144.3 per sec) @ chr18:5000000-10000000
PoolWorker-22,  processing 14944 (26570.4 per sec) reads @ Ascaf_47:0-72017
PoolWorker-22 countReadsInRegions_worker: processing 72 (119.1 per sec) @ Ascaf_47:0-72017
PoolWorker-22,  processing 1206818 (33762.8 per sec) reads @ chr15:10000000-15000000
PoolWorker-22 countReadsInRegions_worker: processing 5000 (137.5 per sec) @ chr15:10000000-15000000
PoolWorker-22,  processing 69810 (35455.4 per sec) reads @ Ascaf_107:0-29490
PoolWorker-22 countReadsInRegions_worker: processing 29 (14.3 per sec) @ Ascaf_107:0-29490
PoolWorker-22,  processing 14311 (32419.7 per sec) reads @ Ascaf_169:0-50000
PoolWorker-22 countReadsInRegions_worker: processing 50 (102.8 per sec) @ Ascaf_169:0-50000
PoolWorker-22,  processing 209587 (34976.0 per sec) reads @ Ascaf_96:0-33398
PoolWorker-22 countReadsInRegions_worker: processing 33 (5.4 per sec) @ Ascaf_96:0-33398
PoolWorker-22,  processing 1226243 (36794.2 per sec) reads @ chr9:0-5000000
PoolWorker-22 countReadsInRegions_worker: processing 5000 (147.8 per sec) @ chr9:0-5000000
PoolWorker-22,  processing 1198422 (57040.1 per sec) reads @ chr3:5000000-10000000
PoolWorker-22 countReadsInRegions_worker: processing 5000 (234.9 per sec) @ chr3:5000000-10000000
PoolWorker-24,  processing 1247003 (31648.2 per sec) reads @ chr4:35000000-40000000
PoolWorker-24 countReadsInRegions_worker: processing 5000 (124.4 per sec) @ chr4:35000000-40000000
PoolWorker-24,  processing 4130 (40795.3 per sec) reads @ Ascaf_145:0-15510
PoolWorker-24 countReadsInRegions_worker: processing 15 (105.2 per sec) @ Ascaf_145:0-15510
PoolWorker-24,  processing 9606 (33207.6 per sec) reads @ Ascaf_67:0-40269
PoolWorker-24 countReadsInRegions_worker: processing 40 (121.4 per sec) @ Ascaf_67:0-40269
PoolWorker-24,  processing 8459 (37309.3 per sec) reads @ Ascaf_88:0-36907
PoolWorker-24 countReadsInRegions_worker: processing 36 (128.3 per sec) @ Ascaf_88:0-36907
PoolWorker-24,  processing 1193513 (32797.4 per sec) reads @ chr18:10000000-15000000
PoolWorker-24 countReadsInRegions_worker: processing 5000 (134.3 per sec) @ chr18:10000000-15000000
PoolWorker-24,  processing 5467 (33105.8 per sec) reads @ Ascaf_150:0-13271
PoolWorker-24 countReadsInRegions_worker: processing 13 (63.1 per sec) @ Ascaf_150:0-13271
PoolWorker-24,  processing 65971 (35119.1 per sec) reads @ Ascaf_73:0-44649
PoolWorker-24 countReadsInRegions_worker: processing 44 (22.6 per sec) @ Ascaf_73:0-44649
PoolWorker-24,  processing 1157668 (32927.6 per sec) reads @ chr20:10000000-15000000
PoolWorker-24 countReadsInRegions_worker: processing 5000 (140.0 per sec) @ chr20:10000000-15000000
PoolWorker-24,  processing 42056 (34813.8 per sec) reads @ Ascaf_129:0-19000
PoolWorker-24 countReadsInRegions_worker: processing 19 (15.0 per sec) @ Ascaf_129:0-19000
PoolWorker-24,  processing 396156 (34268.7 per sec) reads @ Ascaf_26:0-156806
PoolWorker-24 countReadsInRegions_worker: processing 156 (13.3 per sec) @ Ascaf_26:0-156806
PoolWorker-24,  processing 1186044 (32919.8 per sec) reads @ chr4:30000000-35000000
PoolWorker-24 countReadsInRegions_worker: processing 5000 (137.1 per sec) @ chr4:30000000-35000000
PoolWorker-24,  processing 277542 (34871.1 per sec) reads @ chr15:20000000-20219940
PoolWorker-24 countReadsInRegions_worker: processing 219 (27.0 per sec) @ chr15:20000000-20219940
PoolWorker-24,  processing 118086 (36017.9 per sec) reads @ Ascaf_34:0-101478
PoolWorker-24 countReadsInRegions_worker: processing 101 (29.2 per sec) @ Ascaf_34:0-101478
PoolWorker-24,  processing 1037944 (33634.4 per sec) reads @ chr12:20000000-23704847
PoolWorker-24 countReadsInRegions_worker: processing 3704 (118.4 per sec) @ chr12:20000000-23704847
PoolWorker-24,  processing 1123535 (39162.6 per sec) reads @ chr2:15000000-20000000
PoolWorker-24 countReadsInRegions_worker: processing 5000 (171.7 per sec) @ chr2:15000000-20000000
PoolWorker-24,  processing 1168213 (60534.5 per sec) reads @ chr20:15000000-20000000
PoolWorker-24 countReadsInRegions_worker: processing 5000 (255.4 per sec) @ chr20:15000000-20000000
PoolWorker-20,  processing 1136175 (31776.7 per sec) reads @ chr17:15000000-20000000
PoolWorker-20 countReadsInRegions_worker: processing 5000 (137.0 per sec) @ chr17:15000000-20000000
PoolWorker-20,  processing 3306 (37829.9 per sec) reads @ Ascaf_149:0-13452
PoolWorker-20 countReadsInRegions_worker: processing 13 (91.7 per sec) @ Ascaf_149:0-13452
PoolWorker-20,  processing 942770 (31645.8 per sec) reads @ chr18:15000000-18483836
PoolWorker-20 countReadsInRegions_worker: processing 3483 (115.1 per sec) @ chr18:15000000-18483836
PoolWorker-20,  processing 39317 (35868.8 per sec) reads @ Ascaf_59:0-57475
PoolWorker-20 countReadsInRegions_worker: processing 57 (49.4 per sec) @ Ascaf_59:0-57475
PoolWorker-20,  processing 14536 (31817.2 per sec) reads @ Ascaf_86:0-37568
PoolWorker-20 countReadsInRegions_worker: processing 37 (71.9 per sec) @ Ascaf_86:0-37568
PoolWorker-20,  processing 16364 (35322.0 per sec) reads @ Ascaf_122:0-20728
PoolWorker-20 countReadsInRegions_worker: processing 20 (39.5 per sec) @ Ascaf_122:0-20728
PoolWorker-20,  processing 291892 (32813.4 per sec) reads @ Ascaf_98:0-33222
PoolWorker-20 countReadsInRegions_worker: processing 33 (3.6 per sec) @ Ascaf_98:0-33222
PoolWorker-20,  processing 1358146 (32541.8 per sec) reads @ chr7:0-5000000
PoolWorker-20 countReadsInRegions_worker: processing 5000 (117.8 per sec) @ chr7:0-5000000
PoolWorker-20,  processing 3875 (35931.8 per sec) reads @ Ascaf_132:0-17867
PoolWorker-20 countReadsInRegions_worker: processing 17 (114.2 per sec) @ Ascaf_132:0-17867
PoolWorker-20,  processing 1159897 (33618.0 per sec) reads @ chr19:5000000-10000000
PoolWorker-20 countReadsInRegions_worker: processing 5000 (142.6 per sec) @ chr19:5000000-10000000
PoolWorker-20,  processing 10306 (32849.3 per sec) reads @ Ascaf_78:0-41577
PoolWorker-20 countReadsInRegions_worker: processing 41 (117.4 per sec) @ Ascaf_78:0-41577
PoolWorker-20,  processing 132840 (34415.6 per sec) reads @ Ascaf_72:0-46000
PoolWorker-20 countReadsInRegions_worker: processing 46 (11.6 per sec) @ Ascaf_72:0-46000
PoolWorker-20,  processing 1197842 (31989.3 per sec) reads @ chr9:20000000-24303205
PoolWorker-20 countReadsInRegions_worker: processing 4303 (113.0 per sec) @ chr9:20000000-24303205
PoolWorker-20,  processing 1533787 (36384.6 per sec) reads @ chr1:20000000-25000000
PoolWorker-20 countReadsInRegions_worker: processing 5000 (117.4 per sec) @ chr1:20000000-25000000
PoolWorker-20,  processing 1282891 (64341.4 per sec) reads @ chr3:15000000-20000000
PoolWorker-20 countReadsInRegions_worker: processing 5000 (247.5 per sec) @ chr3:15000000-20000000
PoolWorker-20,  processing 4630 (74235.5 per sec) reads @ Ascaf_136:0-17062
PoolWorker-20 countReadsInRegions_worker: processing 17 (241.7 per sec) @ Ascaf_136:0-17062
PoolWorker-23,  processing 5534 (49248.8 per sec) reads @ Ascaf_117:0-22832
PoolWorker-23 countReadsInRegions_worker: processing 22 (169.1 per sec) @ Ascaf_117:0-22832
PoolWorker-23,  processing 8871 (32176.6 per sec) reads @ Ascaf_109:0-28244
PoolWorker-23 countReadsInRegions_worker: processing 28 (82.1 per sec) @ Ascaf_109:0-28244
PoolWorker-23,  processing 1175899 (32206.6 per sec) reads @ chr14:10000000-15000000
PoolWorker-23 countReadsInRegions_worker: processing 5000 (133.9 per sec) @ chr14:10000000-15000000
PoolWorker-23,  processing 75916 (34755.3 per sec) reads @ Ascaf_36:0-98486
PoolWorker-23 countReadsInRegions_worker: processing 98 (43.5 per sec) @ Ascaf_36:0-98486
PoolWorker-23,  processing 1167278 (32949.1 per sec) reads @ chr5:5000000-10000000
PoolWorker-23 countReadsInRegions_worker: processing 5000 (138.9 per sec) @ chr5:5000000-10000000
PoolWorker-23,  processing 1194069 (33288.6 per sec) reads @ chr11:5000000-10000000
PoolWorker-23 countReadsInRegions_worker: processing 5000 (136.9 per sec) @ chr11:5000000-10000000
PoolWorker-23,  processing 4845 (35936.3 per sec) reads @ Ascaf_125:0-19664
PoolWorker-23 countReadsInRegions_worker: processing 19 (106.5 per sec) @ Ascaf_125:0-19664
PoolWorker-23,  processing 5107 (36977.0 per sec) reads @ Ascaf_126:0-19574
PoolWorker-23 countReadsInRegions_worker: processing 19 (106.3 per sec) @ Ascaf_126:0-19574
PoolWorker-23,  processing 144581 (35299.1 per sec) reads @ Ascaf_113:0-24387
PoolWorker-23 countReadsInRegions_worker: processing 24 (5.7 per sec) @ Ascaf_113:0-24387
PoolWorker-23,  processing 1140803 (32897.9 per sec) reads @ chr1:5000000-10000000
PoolWorker-23 countReadsInRegions_worker: processing 5000 (142.2 per sec) @ chr1:5000000-10000000
PoolWorker-23,  processing 1250061 (33222.7 per sec) reads @ chr16:0-5000000
PoolWorker-23 countReadsInRegions_worker: processing 5000 (131.0 per sec) @ chr16:0-5000000
PoolWorker-23,  processing 1519 (30957.7 per sec) reads @ Ascaf_116:0-22916
PoolWorker-23 countReadsInRegions_worker: processing 22 (273.8 per sec) @ Ascaf_116:0-22916
PoolWorker-23,  processing 88557 (35487.7 per sec) reads @ Ascaf_52:0-64568
PoolWorker-23 countReadsInRegions_worker: processing 64 (25.1 per sec) @ Ascaf_52:0-64568
PoolWorker-23,  processing 1288461 (33712.2 per sec) reads @ chr3:0-5000000
PoolWorker-23 countReadsInRegions_worker: processing 5000 (129.1 per sec) @ chr3:0-5000000
PoolWorker-23,  processing 1112076 (52351.0 per sec) reads @ chr20:5000000-10000000
PoolWorker-23 countReadsInRegions_worker: processing 5000 (233.1 per sec) @ chr20:5000000-10000000
PoolWorker-23,  processing 1157673 (74992.8 per sec) reads @ chr15:5000000-10000000
PoolWorker-23 countReadsInRegions_worker: processing 5000 (319.6 per sec) @ chr15:5000000-10000000
PoolWorker-27,  processing 16590 (55981.1 per sec) reads @ Ascaf_51:0-70629
PoolWorker-27 countReadsInRegions_worker: processing 70 (220.6 per sec) @ Ascaf_51:0-70629
PoolWorker-27,  processing 1289842 (32215.9 per sec) reads @ chr5:10000000-15000000
PoolWorker-27 countReadsInRegions_worker: processing 5000 (122.4 per sec) @ chr5:10000000-15000000
PoolWorker-27,  processing 4194 (37083.9 per sec) reads @ Ascaf_138:0-16696
PoolWorker-27 countReadsInRegions_worker: processing 16 (103.2 per sec) @ Ascaf_138:0-16696
PoolWorker-27,  processing 3703 (60898.8 per sec) reads @ Ascaf_134:0-17659
PoolWorker-27 countReadsInRegions_worker: processing 17 (167.9 per sec) @ Ascaf_134:0-17659
PoolWorker-27,  processing 250450 (34558.5 per sec) reads @ Ascaf_28:0-145740
PoolWorker-27 countReadsInRegions_worker: processing 145 (19.6 per sec) @ Ascaf_28:0-145740
PoolWorker-27,  processing 48514 (34770.6 per sec) reads @ Ascaf_106:0-29590
PoolWorker-27 countReadsInRegions_worker: processing 29 (20.1 per sec) @ Ascaf_106:0-29590
PoolWorker-27,  processing 9260 (37441.1 per sec) reads @ Ascaf_83:0-38959
PoolWorker-27 countReadsInRegions_worker: processing 38 (126.7 per sec) @ Ascaf_83:0-38959
PoolWorker-27,  processing 5188 (36480.2 per sec) reads @ Ascaf_103:0-30986
PoolWorker-27 countReadsInRegions_worker: processing 30 (163.1 per sec) @ Ascaf_103:0-30986
PoolWorker-27,  processing 1141285 (33227.3 per sec) reads @ chr9:10000000-15000000
PoolWorker-27 countReadsInRegions_worker: processing 5000 (143.2 per sec) @ chr9:10000000-15000000
PoolWorker-27,  processing 237619 (34282.1 per sec) reads @ Ascaf_43:0-83995
PoolWorker-27 countReadsInRegions_worker: processing 83 (11.8 per sec) @ Ascaf_43:0-83995
PoolWorker-27,  processing 783 (4982.5 per sec) reads @ Ascaf_164:0-1000
PoolWorker-27 countReadsInRegions_worker: processing 1 (3.5 per sec) @ Ascaf_164:0-1000
PoolWorker-27,  processing 1114775 (32915.5 per sec) reads @ chr6:10000000-15000000
PoolWorker-27 countReadsInRegions_worker: processing 5000 (145.7 per sec) @ chr6:10000000-15000000
PoolWorker-27,  processing 6714 (35485.2 per sec) reads @ Ascaf_108:0-29345
PoolWorker-27 countReadsInRegions_worker: processing 29 (126.0 per sec) @ Ascaf_108:0-29345
PoolWorker-27,  processing 1182177 (33217.5 per sec) reads @ chr9:5000000-10000000
PoolWorker-27 countReadsInRegions_worker: processing 5000 (138.3 per sec) @ chr9:5000000-10000000
PoolWorker-27,  processing 25405 (32873.2 per sec) reads @ Ascaf_63:0-51776
PoolWorker-27 countReadsInRegions_worker: processing 51 (62.4 per sec) @ Ascaf_63:0-51776
PoolWorker-27,  processing 46623 (33647.1 per sec) reads @ Ascaf_32:0-110405
PoolWorker-27 countReadsInRegions_worker: processing 110 (75.9 per sec) @ Ascaf_32:0-110405
PoolWorker-27,  processing 3442321 (38063.7 per sec) reads @ chr19:0-5000000
PoolWorker-27 countReadsInRegions_worker: processing 5000 (54.8 per sec) @ chr19:0-5000000
PoolWorker-27,  processing 11777 (72311.5 per sec) reads @ Ascaf_81:0-40000
PoolWorker-27 countReadsInRegions_worker: processing 40 (232.0 per sec) @ Ascaf_81:0-40000
PoolWorker-27,  processing 47309 (65271.5 per sec) reads @ Ascaf_29:0-143722
PoolWorker-27 countReadsInRegions_worker: processing 143 (193.2 per sec) @ Ascaf_29:0-143722
PoolWorker-27,  processing 1111207 (77992.8 per sec) reads @ chr2:10000000-15000000
PoolWorker-27 countReadsInRegions_worker: processing 5000 (346.2 per sec) @ chr2:10000000-15000000
PoolWorker-19,  processing 85902 (32075.1 per sec) reads @ Ascaf_41:0-90399
PoolWorker-19 countReadsInRegions_worker: processing 90 (32.7 per sec) @ Ascaf_41:0-90399
PoolWorker-19,  processing 218441 (31845.6 per sec) reads @ chr4:40000000-40647937
PoolWorker-19 countReadsInRegions_worker: processing 647 (92.0 per sec) @ chr4:40000000-40647937
PoolWorker-19,  processing 19538 (32817.2 per sec) reads @ Ascaf_54:0-60000
PoolWorker-19 countReadsInRegions_worker: processing 60 (94.9 per sec) @ Ascaf_54:0-60000
PoolWorker-19,  processing 1125692 (32473.0 per sec) reads @ chr8:5000000-10000000
PoolWorker-19 countReadsInRegions_worker: processing 5000 (141.5 per sec) @ chr8:5000000-10000000
PoolWorker-19,  processing 1189485 (33269.1 per sec) reads @ chr2:20000000-25000000
PoolWorker-19 countReadsInRegions_worker: processing 5000 (137.5 per sec) @ chr2:20000000-25000000
PoolWorker-19,  processing 1154420 (33103.3 per sec) reads @ chr8:15000000-20000000
PoolWorker-19 countReadsInRegions_worker: processing 5000 (141.0 per sec) @ chr8:15000000-20000000
PoolWorker-19,  processing 3416 (38328.1 per sec) reads @ Ascaf_146:0-15502
PoolWorker-19 countReadsInRegions_worker: processing 15 (115.3 per sec) @ Ascaf_146:0-15502
PoolWorker-19,  processing 1148041 (33899.3 per sec) reads @ chr11:15000000-19299255
PoolWorker-19 countReadsInRegions_worker: processing 4299 (124.9 per sec) @ chr11:15000000-19299255
PoolWorker-19,  processing 50551 (33606.2 per sec) reads @ Ascaf_71:0-32519
PoolWorker-19 countReadsInRegions_worker: processing 32 (20.6 per sec) @ Ascaf_71:0-32519
PoolWorker-19,  processing 107169 (34174.0 per sec) reads @ Ascaf_124:0-19772
PoolWorker-19 countReadsInRegions_worker: processing 19 (5.9 per sec) @ Ascaf_124:0-19772
PoolWorker-19,  processing 55929 (34676.3 per sec) reads @ Ascaf_114:0-24031
PoolWorker-19 countReadsInRegions_worker: processing 24 (14.3 per sec) @ Ascaf_114:0-24031
PoolWorker-19,  processing 7629 (35238.7 per sec) reads @ Ascaf_99:0-33167
PoolWorker-19 countReadsInRegions_worker: processing 33 (127.6 per sec) @ Ascaf_99:0-33167
PoolWorker-19,  processing 1165155 (33237.7 per sec) reads @ chr12:10000000-15000000
PoolWorker-19 countReadsInRegions_worker: processing 5000 (140.7 per sec) @ chr12:10000000-15000000
PoolWorker-19,  processing 1201987 (34330.9 per sec) reads @ chr17:10000000-15000000
PoolWorker-19 countReadsInRegions_worker: processing 5000 (140.9 per sec) @ chr17:10000000-15000000
PoolWorker-19,  processing 1493443 (58349.8 per sec) reads @ chr6:0-5000000
PoolWorker-19 countReadsInRegions_worker: processing 5000 (192.9 per sec) @ chr6:0-5000000
PoolWorker-19,  processing 1312074 (76118.9 per sec) reads @ chr17:5000000-10000000
PoolWorker-19 countReadsInRegions_worker: processing 5000 (286.3 per sec) @ chr17:5000000-10000000
output file: /storage/scratch/iee/dj20y461/Stickleback/Y_comp/Sex_chrom_stats/Read_depths/Gw/depths/Gw03_F.1kb.RPKM.depth
