genome partition size for multiprocessing: 1000000
using 16 processors for 657 number of tasks
Final scaling factor: 0.00939286590607
PoolWorker-30,  processing 781658 (33532.2 per sec) reads @ chr3:10000000-15000000
PoolWorker-30 countReadsInRegions_worker: processing 5000 (209.2 per sec) @ chr3:10000000-15000000
PoolWorker-30,  processing 1398824 (35252.2 per sec) reads @ chr14:0-5000000
PoolWorker-30 countReadsInRegions_worker: processing 5000 (123.8 per sec) @ chr14:0-5000000
PoolWorker-30,  processing 9773 (37572.0 per sec) reads @ Ascaf_85:0-37890
PoolWorker-30 countReadsInRegions_worker: processing 37 (122.3 per sec) @ Ascaf_85:0-37890
PoolWorker-30,  processing 713285 (34581.7 per sec) reads @ chr4:10000000-15000000
PoolWorker-30 countReadsInRegions_worker: processing 5000 (238.2 per sec) @ chr4:10000000-15000000
PoolWorker-30,  processing 20926 (37166.8 per sec) reads @ Ascaf_84:0-38148
PoolWorker-30 countReadsInRegions_worker: processing 38 (62.7 per sec) @ Ascaf_84:0-38148
PoolWorker-30,  processing 8698 (38494.4 per sec) reads @ Ascaf_77:0-41997
PoolWorker-30 countReadsInRegions_worker: processing 41 (153.2 per sec) @ Ascaf_77:0-41997
PoolWorker-30,  processing 56464 (33944.0 per sec) reads @ Ascaf_129:0-19000
PoolWorker-30 countReadsInRegions_worker: processing 19 (11.1 per sec) @ Ascaf_129:0-19000
PoolWorker-30,  processing 984071 (35686.2 per sec) reads @ chr8:20000000-23122080
PoolWorker-30 countReadsInRegions_worker: processing 3122 (111.5 per sec) @ chr8:20000000-23122080
PoolWorker-30,  processing 20272 (30779.3 per sec) reads @ Ascaf_54:0-60000
PoolWorker-30 countReadsInRegions_worker: processing 60 (85.5 per sec) @ Ascaf_54:0-60000
PoolWorker-30,  processing 850197 (34638.2 per sec) reads @ chr20:15000000-20000000
PoolWorker-30 countReadsInRegions_worker: processing 5000 (200.9 per sec) @ chr20:15000000-20000000
PoolWorker-30,  processing 1011577 (34500.1 per sec) reads @ chr11:0-5000000
PoolWorker-30 countReadsInRegions_worker: processing 5000 (168.0 per sec) @ chr11:0-5000000
PoolWorker-30,  processing 33688 (33219.4 per sec) reads @ Ascaf_119:0-22101
PoolWorker-30 countReadsInRegions_worker: processing 22 (20.7 per sec) @ Ascaf_119:0-22101
PoolWorker-18,  processing 1732 (30978.4 per sec) reads @ Ascaf_153:0-10046
PoolWorker-18 countReadsInRegions_worker: processing 10 (152.0 per sec) @ Ascaf_153:0-10046
PoolWorker-18,  processing 428592 (35433.4 per sec) reads @ Ascaf_74:0-44000
PoolWorker-18 countReadsInRegions_worker: processing 44 (3.6 per sec) @ Ascaf_74:0-44000
PoolWorker-18,  processing 1138807 (34087.6 per sec) reads @ chr17:5000000-10000000
PoolWorker-18 countReadsInRegions_worker: processing 5000 (146.0 per sec) @ chr17:5000000-10000000
PoolWorker-18,  processing 779968 (35254.7 per sec) reads @ chr2:20000000-25000000
PoolWorker-18 countReadsInRegions_worker: processing 5000 (221.5 per sec) @ chr2:20000000-25000000
PoolWorker-18,  processing 14255 (36257.4 per sec) reads @ Ascaf_102:0-31073
PoolWorker-18 countReadsInRegions_worker: processing 31 (70.9 per sec) @ Ascaf_102:0-31073
PoolWorker-18,  processing 74710 (36715.3 per sec) reads @ Ascaf_90:0-35566
PoolWorker-18 countReadsInRegions_worker: processing 35 (16.7 per sec) @ Ascaf_90:0-35566
PoolWorker-18,  processing 829794 (35092.1 per sec) reads @ chr7:15000000-20000000
PoolWorker-18 countReadsInRegions_worker: processing 5000 (207.6 per sec) @ chr7:15000000-20000000
PoolWorker-18,  processing 772491 (35106.2 per sec) reads @ chr12:15000000-20000000
PoolWorker-18 countReadsInRegions_worker: processing 5000 (224.2 per sec) @ chr12:15000000-20000000
PoolWorker-18,  processing 7684 (23326.1 per sec) reads @ Ascaf_70:0-46916
PoolWorker-18 countReadsInRegions_worker: processing 46 (123.4 per sec) @ Ascaf_70:0-46916
PoolWorker-18,  processing 66186 (35851.2 per sec) reads @ Ascaf_55:0-59833
PoolWorker-18 countReadsInRegions_worker: processing 59 (30.8 per sec) @ Ascaf_55:0-59833
PoolWorker-18,  processing 805722 (34543.6 per sec) reads @ chr5:5000000-10000000
PoolWorker-18 countReadsInRegions_worker: processing 5000 (211.2 per sec) @ chr5:5000000-10000000
PoolWorker-18,  processing 1071673 (34026.3 per sec) reads @ chr2:0-5000000
PoolWorker-18 countReadsInRegions_worker: processing 5000 (156.1 per sec) @ chr2:0-5000000
PoolWorker-27,  processing 7420 (22168.9 per sec) reads @ Ascaf_78:0-41577
PoolWorker-27 countReadsInRegions_worker: processing 41 (103.2 per sec) @ Ascaf_78:0-41577
PoolWorker-27,  processing 705995 (33670.0 per sec) reads @ chr2:15000000-20000000
PoolWorker-27 countReadsInRegions_worker: processing 5000 (233.4 per sec) @ chr2:15000000-20000000
PoolWorker-27,  processing 2714 (42244.5 per sec) reads @ Ascaf_139:0-16678
PoolWorker-27 countReadsInRegions_worker: processing 16 (150.3 per sec) @ Ascaf_139:0-16678
PoolWorker-27,  processing 968255 (34289.2 per sec) reads @ chr16:15000000-20000000
PoolWorker-27 countReadsInRegions_worker: processing 5000 (173.9 per sec) @ chr16:15000000-20000000
PoolWorker-27,  processing 2299 (39492.9 per sec) reads @ Ascaf_149:0-13452
PoolWorker-27 countReadsInRegions_worker: processing 13 (129.7 per sec) @ Ascaf_149:0-13452
PoolWorker-27,  processing 11582 (37011.3 per sec) reads @ Ascaf_65:0-47651
PoolWorker-27 countReadsInRegions_worker: processing 47 (132.4 per sec) @ Ascaf_65:0-47651
PoolWorker-27,  processing 840163 (35171.9 per sec) reads @ chr15:15000000-20000000
PoolWorker-27 countReadsInRegions_worker: processing 5000 (205.0 per sec) @ chr15:15000000-20000000
PoolWorker-27,  processing 1112565 (32859.3 per sec) reads @ chr13:20000000-24369283
PoolWorker-27 countReadsInRegions_worker: processing 4369 (126.7 per sec) @ chr13:20000000-24369283
PoolWorker-27,  processing 142506 (38721.1 per sec) reads @ Ascaf_124:0-19772
PoolWorker-27 countReadsInRegions_worker: processing 19 (5.0 per sec) @ Ascaf_124:0-19772
PoolWorker-27,  processing 88158 (36881.9 per sec) reads @ Ascaf_44:0-77777
PoolWorker-27 countReadsInRegions_worker: processing 77 (31.1 per sec) @ Ascaf_44:0-77777
PoolWorker-27,  processing 1010574 (33814.6 per sec) reads @ chr4:0-5000000
PoolWorker-27 countReadsInRegions_worker: processing 5000 (164.3 per sec) @ chr4:0-5000000
PoolWorker-27,  processing 267545 (36615.6 per sec) reads @ Ascaf_53:0-64139
PoolWorker-27 countReadsInRegions_worker: processing 64 (8.6 per sec) @ Ascaf_53:0-64139
PoolWorker-27,  processing 1521 (43414.7 per sec) reads @ Ascaf_155:0-6589
PoolWorker-27 countReadsInRegions_worker: processing 6 (77.7 per sec) @ Ascaf_155:0-6589
PoolWorker-27,  processing 12826 (33035.7 per sec) reads @ Ascaf_49:0-70996
PoolWorker-27 countReadsInRegions_worker: processing 70 (165.6 per sec) @ Ascaf_49:0-70996
PoolWorker-27,  processing 707172 (34582.8 per sec) reads @ chr7:10000000-15000000
PoolWorker-27 countReadsInRegions_worker: processing 5000 (240.7 per sec) @ chr7:10000000-15000000
PoolWorker-27,  processing 50835 (36990.6 per sec) reads @ Ascaf_59:0-57475
PoolWorker-27 countReadsInRegions_worker: processing 57 (40.0 per sec) @ Ascaf_59:0-57475
PoolWorker-32,  processing 994113 (33310.2 per sec) reads @ chr4:35000000-40000000
PoolWorker-32 countReadsInRegions_worker: processing 5000 (163.9 per sec) @ chr4:35000000-40000000
PoolWorker-32,  processing 69 (51377.1 per sec) reads @ Ascaf_165:0-1000
PoolWorker-32 countReadsInRegions_worker: processing 1 (24.1 per sec) @ Ascaf_165:0-1000
PoolWorker-32,  processing 9813 (36463.2 per sec) reads @ Ascaf_80:0-41014
PoolWorker-32 countReadsInRegions_worker: processing 41 (132.1 per sec) @ Ascaf_80:0-41014
PoolWorker-32,  processing 192364 (36541.7 per sec) reads @ Ascaf_41:0-90399
PoolWorker-32 countReadsInRegions_worker: processing 90 (16.7 per sec) @ Ascaf_41:0-90399
PoolWorker-32,  processing 855334 (35558.6 per sec) reads @ chr9:15000000-20000000
PoolWorker-32 countReadsInRegions_worker: processing 5000 (203.4 per sec) @ chr9:15000000-20000000
PoolWorker-32,  processing 269338 (37686.0 per sec) reads @ Ascaf_113:0-24387
PoolWorker-32 countReadsInRegions_worker: processing 24 (3.3 per sec) @ Ascaf_113:0-24387
PoolWorker-32,  processing 766397 (35025.1 per sec) reads @ chr8:15000000-20000000
PoolWorker-32 countReadsInRegions_worker: processing 5000 (224.5 per sec) @ chr8:15000000-20000000
PoolWorker-32,  processing 19276 (36021.4 per sec) reads @ Ascaf_61:0-54508
PoolWorker-32 countReadsInRegions_worker: processing 54 (90.8 per sec) @ Ascaf_61:0-54508
PoolWorker-32,  processing 120311 (37340.2 per sec) reads @ Ascaf_22:0-446888
PoolWorker-32 countReadsInRegions_worker: processing 446 (134.6 per sec) @ Ascaf_22:0-446888
PoolWorker-32,  processing 81694 (37186.1 per sec) reads @ Ascaf_107:0-29490
PoolWorker-32 countReadsInRegions_worker: processing 29 (12.8 per sec) @ Ascaf_107:0-29490
PoolWorker-32,  processing 485895 (35378.9 per sec) reads @ chr19:5000000-10000000
PoolWorker-32 countReadsInRegions_worker: processing 5000 (357.9 per sec) @ chr19:5000000-10000000
PoolWorker-32,  processing 12714 (34955.9 per sec) reads @ Ascaf_168:0-25000
PoolWorker-32 countReadsInRegions_worker: processing 25 (61.7 per sec) @ Ascaf_168:0-25000
PoolWorker-32,  processing 5541 (39119.8 per sec) reads @ Ascaf_99:0-33167
PoolWorker-32 countReadsInRegions_worker: processing 33 (181.0 per sec) @ Ascaf_99:0-33167
PoolWorker-32,  processing 879748 (34955.9 per sec) reads @ chr17:0-5000000
PoolWorker-32 countReadsInRegions_worker: processing 5000 (195.5 per sec) @ chr17:0-5000000
PoolWorker-32,  processing 18945 (33268.7 per sec) reads @ Ascaf_111:0-25158
PoolWorker-32 countReadsInRegions_worker: processing 25 (40.8 per sec) @ Ascaf_111:0-25158
PoolWorker-32,  processing 648798 (35295.5 per sec) reads @ chr2:10000000-15000000
PoolWorker-32 countReadsInRegions_worker: processing 5000 (266.9 per sec) @ chr2:10000000-15000000
PoolWorker-32,  processing 15131 (37335.1 per sec) reads @ Ascaf_71:0-32519
PoolWorker-32 countReadsInRegions_worker: processing 32 (69.1 per sec) @ Ascaf_71:0-32519
PoolWorker-32,  processing 726440 (35201.5 per sec) reads @ chr8:5000000-10000000
PoolWorker-32 countReadsInRegions_worker: processing 5000 (239.9 per sec) @ chr8:5000000-10000000
PoolWorker-32,  processing 17795 (74206.5 per sec) reads @ Ascaf_169:0-50000
PoolWorker-32 countReadsInRegions_worker: processing 50 (199.9 per sec) @ Ascaf_169:0-50000
PoolWorker-32,  processing 12715 (67837.2 per sec) reads @ Ascaf_51:0-70629
PoolWorker-32 countReadsInRegions_worker: processing 70 (355.3 per sec) @ Ascaf_51:0-70629
PoolWorker-28,  processing 5171 (21042.2 per sec) reads @ Ascaf_117:0-22832
PoolWorker-28 countReadsInRegions_worker: processing 22 (81.1 per sec) @ Ascaf_117:0-22832
PoolWorker-28,  processing 5430 (29576.6 per sec) reads @ Ascaf_100:0-32247
PoolWorker-28 countReadsInRegions_worker: processing 32 (132.7 per sec) @ Ascaf_100:0-32247
PoolWorker-28,  processing 824648 (34039.6 per sec) reads @ chr11:15000000-19299255
PoolWorker-28 countReadsInRegions_worker: processing 4299 (173.7 per sec) @ chr11:15000000-19299255
PoolWorker-28,  processing 891797 (35081.7 per sec) reads @ chr16:0-5000000
PoolWorker-28 countReadsInRegions_worker: processing 5000 (192.8 per sec) @ chr16:0-5000000
PoolWorker-28,  processing 1345940 (35031.2 per sec) reads @ chr6:0-5000000
PoolWorker-28 countReadsInRegions_worker: processing 5000 (127.5 per sec) @ chr6:0-5000000
PoolWorker-28,  processing 170 (58078.7 per sec) reads @ Ascaf_162:0-1000
PoolWorker-28 countReadsInRegions_worker: processing 1 (23.4 per sec) @ Ascaf_162:0-1000
PoolWorker-28,  processing 3731 (40526.6 per sec) reads @ Ascaf_103:0-30986
PoolWorker-28 countReadsInRegions_worker: processing 30 (226.3 per sec) @ Ascaf_103:0-30986
PoolWorker-28,  processing 10249 (37923.6 per sec) reads @ Ascaf_68:0-47437
PoolWorker-28 countReadsInRegions_worker: processing 47 (147.2 per sec) @ Ascaf_68:0-47437
PoolWorker-28,  processing 614349 (36527.0 per sec) reads @ chr15:20000000-20219940
PoolWorker-28 countReadsInRegions_worker: processing 219 (12.8 per sec) @ chr15:20000000-20219940
PoolWorker-28,  processing 1021629 (34387.9 per sec) reads @ chr10:0-5000000
PoolWorker-28 countReadsInRegions_worker: processing 5000 (165.3 per sec) @ chr10:0-5000000
PoolWorker-28,  processing 687938 (34990.6 per sec) reads @ chr6:10000000-15000000
PoolWorker-28 countReadsInRegions_worker: processing 5000 (251.1 per sec) @ chr6:10000000-15000000
PoolWorker-28,  processing 783328 (36584.6 per sec) reads @ Ascaf_45:0-74461
PoolWorker-28 countReadsInRegions_worker: processing 74 (3.4 per sec) @ Ascaf_45:0-74461
PoolWorker-26,  processing 3335 (27544.0 per sec) reads @ Ascaf_126:0-19574
PoolWorker-26 countReadsInRegions_worker: processing 19 (114.7 per sec) @ Ascaf_126:0-19574
PoolWorker-26,  processing 95719 (33157.8 per sec) reads @ Ascaf_32:0-110405
PoolWorker-26 countReadsInRegions_worker: processing 110 (37.2 per sec) @ Ascaf_32:0-110405
PoolWorker-26,  processing 2929 (43356.5 per sec) reads @ Ascaf_144:0-15519
PoolWorker-26 countReadsInRegions_worker: processing 15 (115.1 per sec) @ Ascaf_144:0-15519
PoolWorker-26,  processing 5851 (34420.7 per sec) reads @ Ascaf_150:0-13271
PoolWorker-26 countReadsInRegions_worker: processing 13 (55.8 per sec) @ Ascaf_150:0-13271
PoolWorker-26,  processing 154 (48536.4 per sec) reads @ Ascaf_163:0-1000
PoolWorker-26 countReadsInRegions_worker: processing 1 (15.4 per sec) @ Ascaf_163:0-1000
PoolWorker-26,  processing 25514 (36412.3 per sec) reads @ Ascaf_64:0-51000
PoolWorker-26 countReadsInRegions_worker: processing 51 (65.4 per sec) @ Ascaf_64:0-51000
PoolWorker-26,  processing 741097 (34639.3 per sec) reads @ chr16:5000000-10000000
PoolWorker-26 countReadsInRegions_worker: processing 5000 (227.8 per sec) @ chr16:5000000-10000000
PoolWorker-26,  processing 558764 (32138.6 per sec) reads @ chr16:20000000-22188971
PoolWorker-26 countReadsInRegions_worker: processing 2188 (123.7 per sec) @ chr16:20000000-22188971
PoolWorker-26,  processing 888185 (34786.0 per sec) reads @ chr6:15000000-20000000
PoolWorker-26 countReadsInRegions_worker: processing 5000 (192.0 per sec) @ chr6:15000000-20000000
PoolWorker-26,  processing 797655 (35043.1 per sec) reads @ chr21:5000000-10000000
PoolWorker-26 countReadsInRegions_worker: processing 5000 (215.6 per sec) @ chr21:5000000-10000000
PoolWorker-26,  processing 1173695 (35131.7 per sec) reads @ chr17:20000000-23682274
PoolWorker-26 countReadsInRegions_worker: processing 3682 (108.3 per sec) @ chr17:20000000-23682274
PoolWorker-26,  processing 65132 (36389.5 per sec) reads @ Ascaf_105:0-29809
PoolWorker-26 countReadsInRegions_worker: processing 29 (15.7 per sec) @ Ascaf_105:0-29809
PoolWorker-26,  processing 60757 (37842.3 per sec) reads @ Ascaf_56:0-58445
PoolWorker-26 countReadsInRegions_worker: processing 58 (34.7 per sec) @ Ascaf_56:0-58445
PoolWorker-26,  processing 5048 (36400.6 per sec) reads @ Ascaf_131:0-18319
PoolWorker-26 countReadsInRegions_worker: processing 18 (99.4 per sec) @ Ascaf_131:0-18319
PoolWorker-26,  processing 736317 (35073.9 per sec) reads @ chr7:25000000-30000000
PoolWorker-26 countReadsInRegions_worker: processing 5000 (234.8 per sec) @ chr7:25000000-30000000
PoolWorker-26,  processing 1110698 (36622.4 per sec) reads @ chr15:0-5000000
PoolWorker-26 countReadsInRegions_worker: processing 5000 (163.4 per sec) @ chr15:0-5000000
PoolWorker-25,  processing 490519 (34061.2 per sec) reads @ Ascaf_98:0-33222
PoolWorker-25 countReadsInRegions_worker: processing 33 (2.2 per sec) @ Ascaf_98:0-33222
PoolWorker-25,  processing 81286 (36242.4 per sec) reads @ Ascaf_48:0-71747
PoolWorker-25 countReadsInRegions_worker: processing 71 (30.5 per sec) @ Ascaf_48:0-71747
PoolWorker-25,  processing 811348 (34299.0 per sec) reads @ chr9:5000000-10000000
PoolWorker-25 countReadsInRegions_worker: processing 5000 (206.2 per sec) @ chr9:5000000-10000000
PoolWorker-25,  processing 38659 (36379.9 per sec) reads @ Ascaf_34:0-101478
PoolWorker-25 countReadsInRegions_worker: processing 101 (91.1 per sec) @ Ascaf_34:0-101478
PoolWorker-25,  processing 4036 (38945.9 per sec) reads @ Ascaf_121:0-21431
PoolWorker-25 countReadsInRegions_worker: processing 21 (145.5 per sec) @ Ascaf_121:0-21431
PoolWorker-25,  processing 774063 (34603.9 per sec) reads @ chr10:5000000-10000000
PoolWorker-25 countReadsInRegions_worker: processing 5000 (219.8 per sec) @ chr10:5000000-10000000
PoolWorker-25,  processing 799483 (35613.8 per sec) reads @ chr3:5000000-10000000
PoolWorker-25 countReadsInRegions_worker: processing 5000 (219.3 per sec) @ chr3:5000000-10000000
PoolWorker-25,  processing 8741 (36274.4 per sec) reads @ Ascaf_93:0-34038
PoolWorker-25 countReadsInRegions_worker: processing 34 (119.3 per sec) @ Ascaf_93:0-34038
PoolWorker-25,  processing 327968 (33568.0 per sec) reads @ chr6:20000000-21248438
PoolWorker-25 countReadsInRegions_worker: processing 1248 (125.7 per sec) @ chr6:20000000-21248438
PoolWorker-25,  processing 954625 (35726.8 per sec) reads @ chr3:0-5000000
PoolWorker-25 countReadsInRegions_worker: processing 5000 (184.0 per sec) @ chr3:0-5000000
PoolWorker-25,  processing 1236433 (34823.0 per sec) reads @ chr21:15000000-19873525
PoolWorker-25 countReadsInRegions_worker: processing 4873 (135.2 per sec) @ chr21:15000000-19873525
PoolWorker-25,  processing 888543 (41492.6 per sec) reads @ chr9:0-5000000
PoolWorker-25 countReadsInRegions_worker: processing 5000 (230.7 per sec) @ chr9:0-5000000
PoolWorker-24,  processing 6357 (70701.6 per sec) reads @ Ascaf_95:0-33544
PoolWorker-24 countReadsInRegions_worker: processing 33 (330.8 per sec) @ Ascaf_95:0-33544
PoolWorker-24,  processing 694299 (34989.2 per sec) reads @ Ascaf_39:0-92659
PoolWorker-24 countReadsInRegions_worker: processing 92 (4.5 per sec) @ Ascaf_39:0-92659
PoolWorker-24,  processing 151748 (34787.1 per sec) reads @ Ascaf_75:0-42641
PoolWorker-24 countReadsInRegions_worker: processing 42 (9.4 per sec) @ Ascaf_75:0-42641
PoolWorker-24,  processing 338909 (35692.7 per sec) reads @ chr19:20000000-23715829
PoolWorker-24 countReadsInRegions_worker: processing 3715 (383.1 per sec) @ chr19:20000000-23715829
PoolWorker-24,  processing 1063 (29800.9 per sec) reads @ Ascaf_156:0-5652
PoolWorker-24 countReadsInRegions_worker: processing 5 (27.0 per sec) @ Ascaf_156:0-5652
PoolWorker-24,  processing 14094 (37597.8 per sec) reads @ Ascaf_122:0-20728
PoolWorker-24 countReadsInRegions_worker: processing 20 (48.0 per sec) @ Ascaf_122:0-20728
PoolWorker-24,  processing 6863 (39673.1 per sec) reads @ Ascaf_94:0-33862
PoolWorker-24 countReadsInRegions_worker: processing 33 (153.0 per sec) @ Ascaf_94:0-33862
PoolWorker-24,  processing 695988 (36029.6 per sec) reads @ chr2:25000000-26977752
PoolWorker-24 countReadsInRegions_worker: processing 1977 (100.7 per sec) @ chr2:25000000-26977752
PoolWorker-24,  processing 179353 (36337.4 per sec) reads @ Ascaf_38:0-95573
PoolWorker-24 countReadsInRegions_worker: processing 95 (18.7 per sec) @ Ascaf_38:0-95573
PoolWorker-24,  processing 89716 (35126.2 per sec) reads @ Ascaf_31:0-121444
PoolWorker-24 countReadsInRegions_worker: processing 121 (46.1 per sec) @ Ascaf_31:0-121444
PoolWorker-24,  processing 1878 (48364.6 per sec) reads @ Ascaf_141:0-15738
PoolWorker-24 countReadsInRegions_worker: processing 15 (185.9 per sec) @ Ascaf_141:0-15738
PoolWorker-24,  processing 75468 (33584.9 per sec) reads @ Ascaf_37:0-98231
PoolWorker-24 countReadsInRegions_worker: processing 98 (42.3 per sec) @ Ascaf_37:0-98231
PoolWorker-24,  processing 65787 (39339.0 per sec) reads @ Ascaf_106:0-29590
PoolWorker-24 countReadsInRegions_worker: processing 29 (16.7 per sec) @ Ascaf_106:0-29590
PoolWorker-24,  processing 42651 (36774.4 per sec) reads @ Ascaf_57:0-58000
PoolWorker-24 countReadsInRegions_worker: processing 58 (48.0 per sec) @ Ascaf_57:0-58000
PoolWorker-24,  processing 779842 (34307.5 per sec) reads @ chr13:5000000-10000000
PoolWorker-24 countReadsInRegions_worker: processing 5000 (216.2 per sec) @ chr13:5000000-10000000
PoolWorker-24,  processing 550212 (35593.5 per sec) reads @ Ascaf_27:0-155775
PoolWorker-24 countReadsInRegions_worker: processing 155 (9.8 per sec) @ Ascaf_27:0-155775
PoolWorker-24,  processing 1565538 (35687.6 per sec) reads @ chr1:20000000-25000000
PoolWorker-24 countReadsInRegions_worker: processing 5000 (112.3 per sec) @ chr1:20000000-25000000
PoolWorker-24,  processing 13932 (29473.3 per sec) reads @ Ascaf_40:0-90738
PoolWorker-24 countReadsInRegions_worker: processing 90 (170.5 per sec) @ Ascaf_40:0-90738
PoolWorker-24,  processing 2278 (50939.3 per sec) reads @ Ascaf_132:0-17867
PoolWorker-24 countReadsInRegions_worker: processing 17 (203.5 per sec) @ Ascaf_132:0-17867
PoolWorker-24,  processing 142 (62391.7 per sec) reads @ Ascaf_157:0-3527
PoolWorker-24 countReadsInRegions_worker: processing 3 (66.8 per sec) @ Ascaf_157:0-3527
PoolWorker-24,  processing 639471 (35613.0 per sec) reads @ chr12:20000000-23704847
PoolWorker-24 countReadsInRegions_worker: processing 3704 (202.7 per sec) @ chr12:20000000-23704847
PoolWorker-24,  processing 4074 (38390.5 per sec) reads @ Ascaf_138:0-16696
PoolWorker-24 countReadsInRegions_worker: processing 16 (107.4 per sec) @ Ascaf_138:0-16696
PoolWorker-24,  processing 68646 (33848.9 per sec) reads @ Ascaf_92:0-34608
PoolWorker-24 countReadsInRegions_worker: processing 34 (16.2 per sec) @ Ascaf_92:0-34608
PoolWorker-24,  processing 748475 (56153.6 per sec) reads @ chr18:5000000-10000000
PoolWorker-24 countReadsInRegions_worker: processing 5000 (370.3 per sec) @ chr18:5000000-10000000
PoolWorker-22,  processing 753663 (35075.5 per sec) reads @ chr17:15000000-20000000
PoolWorker-22 countReadsInRegions_worker: processing 5000 (227.5 per sec) @ chr17:15000000-20000000
PoolWorker-22,  processing 707085 (35620.8 per sec) reads @ chr9:10000000-15000000
PoolWorker-22 countReadsInRegions_worker: processing 5000 (246.4 per sec) @ chr9:10000000-15000000
PoolWorker-22,  processing 1088393 (33725.0 per sec) reads @ chr5:0-5000000
PoolWorker-22 countReadsInRegions_worker: processing 5000 (152.5 per sec) @ chr5:0-5000000
PoolWorker-22,  processing 268855 (36831.9 per sec) reads @ Ascaf_43:0-83995
PoolWorker-22 countReadsInRegions_worker: processing 83 (11.1 per sec) @ Ascaf_43:0-83995
PoolWorker-22,  processing 675196 (36468.2 per sec) reads @ chr13:10000000-15000000
PoolWorker-22 countReadsInRegions_worker: processing 5000 (265.9 per sec) @ chr13:10000000-15000000
PoolWorker-22,  processing 798757 (35121.9 per sec) reads @ chr15:10000000-15000000
PoolWorker-22 countReadsInRegions_worker: processing 5000 (216.6 per sec) @ chr15:10000000-15000000
PoolWorker-22,  processing 1056191 (35408.6 per sec) reads @ chr20:0-5000000
PoolWorker-22 countReadsInRegions_worker: processing 5000 (164.4 per sec) @ chr20:0-5000000
PoolWorker-22,  processing 1804 (47561.3 per sec) reads @ Ascaf_143:0-15560
PoolWorker-22 countReadsInRegions_worker: processing 15 (185.7 per sec) @ Ascaf_143:0-15560
PoolWorker-22,  processing 3853 (40371.8 per sec) reads @ Ascaf_145:0-15510
PoolWorker-22 countReadsInRegions_worker: processing 15 (109.3 per sec) @ Ascaf_145:0-15510
PoolWorker-22,  processing 1187102 (37840.5 per sec) reads @ chr12:0-5000000
PoolWorker-22 countReadsInRegions_worker: processing 5000 (158.0 per sec) @ chr12:0-5000000
PoolWorker-22,  processing 2528 (71940.7 per sec) reads @ Ascaf_147:0-15099
PoolWorker-22 countReadsInRegions_worker: processing 15 (344.1 per sec) @ Ascaf_147:0-15099
PoolWorker-22,  processing 210 (63891.2 per sec) reads @ Ascaf_159:0-3139
PoolWorker-22 countReadsInRegions_worker: processing 3 (261.9 per sec) @ Ascaf_159:0-3139
PoolWorker-20,  processing 79577 (71632.5 per sec) reads @ Ascaf_73:0-44649
PoolWorker-20 countReadsInRegions_worker: processing 44 (38.5 per sec) @ Ascaf_73:0-44649
PoolWorker-20,  processing 950098 (33990.6 per sec) reads @ chr4:25000000-30000000
PoolWorker-20 countReadsInRegions_worker: processing 5000 (174.8 per sec) @ chr4:25000000-30000000
PoolWorker-20,  processing 1366 (42020.3 per sec) reads @ Ascaf_154:0-6709
PoolWorker-20 countReadsInRegions_worker: processing 6 (80.6 per sec) @ Ascaf_154:0-6709
PoolWorker-20,  processing 1007981 (35890.1 per sec) reads @ chr5:15000000-18670498
PoolWorker-20 countReadsInRegions_worker: processing 3670 (128.0 per sec) @ chr5:15000000-18670498
PoolWorker-20,  processing 1739331 (34065.4 per sec) reads @ chr19:0-5000000
PoolWorker-20 countReadsInRegions_worker: processing 5000 (96.1 per sec) @ chr19:0-5000000
PoolWorker-20,  processing 3970 (36857.2 per sec) reads @ Ascaf_60:0-24766
PoolWorker-20 countReadsInRegions_worker: processing 24 (159.7 per sec) @ Ascaf_60:0-24766
PoolWorker-20,  processing 12508 (35419.9 per sec) reads @ Ascaf_76:0-42514
PoolWorker-20 countReadsInRegions_worker: processing 42 (102.9 per sec) @ Ascaf_76:0-42514
PoolWorker-20,  processing 3702 (40975.4 per sec) reads @ Ascaf_146:0-15502
PoolWorker-20 countReadsInRegions_worker: processing 15 (114.3 per sec) @ Ascaf_146:0-15502
PoolWorker-20,  processing 806116 (34247.6 per sec) reads @ chr18:15000000-18483836
PoolWorker-20 countReadsInRegions_worker: processing 3483 (145.4 per sec) @ chr18:15000000-18483836
PoolWorker-20,  processing 1245280 (36667.1 per sec) reads @ Ascaf_42:0-86089
PoolWorker-20 countReadsInRegions_worker: processing 86 (2.5 per sec) @ Ascaf_42:0-86089
PoolWorker-20,  processing 11238 (34489.5 per sec) reads @ Ascaf_66:0-47454
PoolWorker-20 countReadsInRegions_worker: processing 47 (127.6 per sec) @ Ascaf_66:0-47454
PoolWorker-20,  processing 1031795 (50186.8 per sec) reads @ chr7:0-5000000
PoolWorker-20 countReadsInRegions_worker: processing 5000 (240.0 per sec) @ chr7:0-5000000
PoolWorker-31,  processing 35573 (68188.7 per sec) reads @ Ascaf_72:0-46000
PoolWorker-31 countReadsInRegions_worker: processing 46 (85.6 per sec) @ Ascaf_72:0-46000
PoolWorker-31,  processing 714765 (35696.6 per sec) reads @ Ascaf_89:0-36000
PoolWorker-31 countReadsInRegions_worker: processing 36 (1.8 per sec) @ Ascaf_89:0-36000
PoolWorker-31,  processing 33624 (36259.7 per sec) reads @ Ascaf_29:0-143722
PoolWorker-31 countReadsInRegions_worker: processing 143 (146.9 per sec) @ Ascaf_29:0-143722
PoolWorker-31,  processing 14227 (39216.5 per sec) reads @ Ascaf_118:0-22120
PoolWorker-31 countReadsInRegions_worker: processing 22 (53.9 per sec) @ Ascaf_118:0-22120
PoolWorker-31,  processing 3306 (35472.0 per sec) reads @ Ascaf_97:0-33357
PoolWorker-31 countReadsInRegions_worker: processing 33 (221.3 per sec) @ Ascaf_97:0-33357
PoolWorker-31,  processing 758327 (34822.6 per sec) reads @ chr14:5000000-10000000
PoolWorker-31 countReadsInRegions_worker: processing 5000 (225.2 per sec) @ chr14:5000000-10000000
PoolWorker-31,  processing 1090993 (33848.7 per sec) reads @ chr21:0-5000000
PoolWorker-31 countReadsInRegions_worker: processing 5000 (152.3 per sec) @ chr21:0-5000000
PoolWorker-31,  processing 11244 (35007.1 per sec) reads @ Ascaf_67:0-40269
PoolWorker-31 countReadsInRegions_worker: processing 40 (108.2 per sec) @ Ascaf_67:0-40269
PoolWorker-31,  processing 411063 (36225.3 per sec) reads @ Ascaf_120:0-22000
PoolWorker-31 countReadsInRegions_worker: processing 22 (1.9 per sec) @ Ascaf_120:0-22000
PoolWorker-31,  processing 3877 (34224.0 per sec) reads @ Ascaf_167:0-25000
PoolWorker-31 countReadsInRegions_worker: processing 25 (165.6 per sec) @ Ascaf_167:0-25000
PoolWorker-31,  processing 70084 (32491.9 per sec) reads @ chr3:20000000-20313673
PoolWorker-31 countReadsInRegions_worker: processing 313 (140.2 per sec) @ chr3:20000000-20313673
PoolWorker-31,  processing 876 (69424.3 per sec) reads @ Ascaf_116:0-22916
PoolWorker-31 countReadsInRegions_worker: processing 22 (416.6 per sec) @ Ascaf_116:0-22916
PoolWorker-31,  processing 9690 (26558.4 per sec) reads @ Ascaf_166:0-50000
PoolWorker-31 countReadsInRegions_worker: processing 50 (121.8 per sec) @ Ascaf_166:0-50000
PoolWorker-31,  processing 70477 (36587.4 per sec) reads @ Ascaf_36:0-98486
PoolWorker-31 countReadsInRegions_worker: processing 98 (49.0 per sec) @ Ascaf_36:0-98486
PoolWorker-31,  processing 11776 (35043.1 per sec) reads @ Ascaf_47:0-72017
PoolWorker-31 countReadsInRegions_worker: processing 72 (189.4 per sec) @ Ascaf_47:0-72017
PoolWorker-31,  processing 45962 (36396.6 per sec) reads @ Ascaf_24:0-187591
PoolWorker-31 countReadsInRegions_worker: processing 187 (141.0 per sec) @ Ascaf_24:0-187591
PoolWorker-31,  processing 840350 (34419.2 per sec) reads @ chr11:10000000-15000000
PoolWorker-31 countReadsInRegions_worker: processing 5000 (200.9 per sec) @ chr11:10000000-15000000
PoolWorker-31,  processing 1518368 (35191.1 per sec) reads @ chr4:20000000-25000000
PoolWorker-31 countReadsInRegions_worker: processing 5000 (113.9 per sec) @ chr4:20000000-25000000
PoolWorker-31,  processing 987559 (44944.2 per sec) reads @ chr18:0-5000000
PoolWorker-31 countReadsInRegions_worker: processing 5000 (224.8 per sec) @ chr18:0-5000000
PoolWorker-31,  processing 7259 (61117.7 per sec) reads @ Ascaf_130:0-18457
PoolWorker-31 countReadsInRegions_worker: processing 18 (140.7 per sec) @ Ascaf_130:0-18457
PoolWorker-17,  processing 849194 (33108.2 per sec) reads @ chr1:25000000-30000000
PoolWorker-17 countReadsInRegions_worker: processing 5000 (190.4 per sec) @ chr1:25000000-30000000
PoolWorker-17,  processing 694692 (34729.2 per sec) reads @ chr2:5000000-10000000
PoolWorker-17 countReadsInRegions_worker: processing 5000 (244.6 per sec) @ chr2:5000000-10000000
PoolWorker-17,  processing 694960 (34573.9 per sec) reads @ chr8:10000000-15000000
PoolWorker-17 countReadsInRegions_worker: processing 5000 (245.0 per sec) @ chr8:10000000-15000000
PoolWorker-17,  processing 781585 (34315.2 per sec) reads @ chr13:15000000-20000000
PoolWorker-17 countReadsInRegions_worker: processing 5000 (216.4 per sec) @ chr13:15000000-20000000
PoolWorker-17,  processing 15907 (37131.6 per sec) reads @ Ascaf_82:0-39089
PoolWorker-17 countReadsInRegions_worker: processing 39 (82.4 per sec) @ Ascaf_82:0-39089
PoolWorker-17,  processing 15467 (36514.3 per sec) reads @ Ascaf_62:0-52951
PoolWorker-17 countReadsInRegions_worker: processing 52 (111.1 per sec) @ Ascaf_62:0-52951
PoolWorker-17,  processing 960007 (35026.2 per sec) reads @ chr10:15000000-19005646
PoolWorker-17 countReadsInRegions_worker: processing 4005 (143.2 per sec) @ chr10:15000000-19005646
PoolWorker-17,  processing 21323 (34841.5 per sec) reads @ Ascaf_58:0-57612
PoolWorker-17 countReadsInRegions_worker: processing 57 (85.2 per sec) @ Ascaf_58:0-57612
PoolWorker-17,  processing 1829 (35836.0 per sec) reads @ Ascaf_134:0-17659
PoolWorker-17 countReadsInRegions_worker: processing 17 (193.0 per sec) @ Ascaf_134:0-17659
PoolWorker-17,  processing 165567 (36901.6 per sec) reads @ Ascaf_137:0-17000
PoolWorker-17 countReadsInRegions_worker: processing 17 (3.7 per sec) @ Ascaf_137:0-17000
PoolWorker-17,  processing 802245 (35030.9 per sec) reads @ chr11:5000000-10000000
PoolWorker-17 countReadsInRegions_worker: processing 5000 (214.5 per sec) @ chr11:5000000-10000000
PoolWorker-17,  processing 593 (68888.6 per sec) reads @ Ascaf_158:0-3231
PoolWorker-17 countReadsInRegions_worker: processing 3 (59.4 per sec) @ Ascaf_158:0-3231
PoolWorker-17,  processing 8249 (34424.5 per sec) reads @ Ascaf_104:0-29894
PoolWorker-17 countReadsInRegions_worker: processing 29 (103.2 per sec) @ Ascaf_104:0-29894
PoolWorker-17,  processing 720922 (35150.9 per sec) reads @ chr20:10000000-15000000
PoolWorker-17 countReadsInRegions_worker: processing 5000 (240.1 per sec) @ chr20:10000000-15000000
PoolWorker-17,  processing 763270 (45738.2 per sec) reads @ chr12:5000000-10000000
PoolWorker-17 countReadsInRegions_worker: processing 5000 (296.2 per sec) @ chr12:5000000-10000000
PoolWorker-17,  processing 752305 (75200.8 per sec) reads @ chr6:5000000-10000000
PoolWorker-17 countReadsInRegions_worker: processing 5000 (493.1 per sec) @ chr6:5000000-10000000
PoolWorker-23,  processing 1698 (54960.4 per sec) reads @ Ascaf_152:0-12206
PoolWorker-23 countReadsInRegions_worker: processing 12 (174.8 per sec) @ Ascaf_152:0-12206
PoolWorker-23,  processing 7006 (45153.1 per sec) reads @ Ascaf_91:0-34837
PoolWorker-23 countReadsInRegions_worker: processing 34 (175.9 per sec) @ Ascaf_91:0-34837
PoolWorker-23,  processing 736215 (33934.0 per sec) reads @ chr21:10000000-15000000
PoolWorker-23 countReadsInRegions_worker: processing 5000 (225.3 per sec) @ chr21:10000000-15000000
PoolWorker-23,  processing 19301 (36444.3 per sec) reads @ Ascaf_142:0-15730
PoolWorker-23 countReadsInRegions_worker: processing 15 (26.2 per sec) @ Ascaf_142:0-15730
PoolWorker-23,  processing 1094631 (33812.6 per sec) reads @ chr8:0-5000000
PoolWorker-23 countReadsInRegions_worker: processing 5000 (151.5 per sec) @ chr8:0-5000000
PoolWorker-23,  processing 461659 (35215.6 per sec) reads @ chr19:15000000-20000000
PoolWorker-23 countReadsInRegions_worker: processing 5000 (372.9 per sec) @ chr19:15000000-20000000
PoolWorker-23,  processing 786329 (35007.8 per sec) reads @ chr4:15000000-20000000
PoolWorker-23 countReadsInRegions_worker: processing 5000 (218.4 per sec) @ chr4:15000000-20000000
PoolWorker-23,  processing 6982 (36945.9 per sec) reads @ Ascaf_88:0-36907
PoolWorker-23 countReadsInRegions_worker: processing 36 (155.8 per sec) @ Ascaf_88:0-36907
PoolWorker-23,  processing 810100 (34683.3 per sec) reads @ chr4:30000000-35000000
PoolWorker-23 countReadsInRegions_worker: processing 5000 (210.1 per sec) @ chr4:30000000-35000000
PoolWorker-23,  processing 6331 (38016.7 per sec) reads @ Ascaf_109:0-28244
PoolWorker-23 countReadsInRegions_worker: processing 28 (134.6 per sec) @ Ascaf_109:0-28244
PoolWorker-23,  processing 10187 (37122.2 per sec) reads @ Ascaf_69:0-44691
PoolWorker-23 countReadsInRegions_worker: processing 44 (138.8 per sec) @ Ascaf_69:0-44691
PoolWorker-23,  processing 901 (71175.6 per sec) reads @ Ascaf_128:0-19120
PoolWorker-23 countReadsInRegions_worker: processing 19 (348.6 per sec) @ Ascaf_128:0-19120
PoolWorker-23,  processing 3505 (38887.4 per sec) reads @ Ascaf_127:0-19159
PoolWorker-23 countReadsInRegions_worker: processing 19 (143.2 per sec) @ Ascaf_127:0-19159
PoolWorker-23,  processing 719646 (35075.8 per sec) reads @ chr12:10000000-15000000
PoolWorker-23 countReadsInRegions_worker: processing 5000 (239.9 per sec) @ chr12:10000000-15000000
PoolWorker-23,  processing 2642 (42278.1 per sec) reads @ Ascaf_135:0-17087
PoolWorker-23 countReadsInRegions_worker: processing 17 (163.8 per sec) @ Ascaf_135:0-17087
PoolWorker-23,  processing 888756 (33649.5 per sec) reads @ chr1:30000000-33917795
PoolWorker-23 countReadsInRegions_worker: processing 3917 (146.1 per sec) @ chr1:30000000-33917795
PoolWorker-23,  processing 3757 (41801.5 per sec) reads @ Ascaf_125:0-19664
PoolWorker-23 countReadsInRegions_worker: processing 19 (145.2 per sec) @ Ascaf_125:0-19664
PoolWorker-23,  processing 14954 (19898.4 per sec) reads @ Ascaf_86:0-37568
PoolWorker-23 countReadsInRegions_worker: processing 37 (46.5 per sec) @ Ascaf_86:0-37568
PoolWorker-23,  processing 1101143 (44789.3 per sec) reads @ chr1:0-5000000
PoolWorker-23 countReadsInRegions_worker: processing 5000 (201.3 per sec) @ chr1:0-5000000
PoolWorker-23,  processing 9229 (47617.8 per sec) reads @ Ascaf_81:0-40000
PoolWorker-23 countReadsInRegions_worker: processing 40 (197.2 per sec) @ Ascaf_81:0-40000
PoolWorker-29,  processing 2404 (23636.5 per sec) reads @ Ascaf_115:0-24004
PoolWorker-29 countReadsInRegions_worker: processing 24 (166.8 per sec) @ Ascaf_115:0-24004
PoolWorker-29,  processing 1014 (70519.4 per sec) reads @ Ascaf_160:0-2000
PoolWorker-29 countReadsInRegions_worker: processing 2 (33.2 per sec) @ Ascaf_160:0-2000
PoolWorker-29,  processing 738012 (33632.2 per sec) reads @ chr7:5000000-10000000
PoolWorker-29 countReadsInRegions_worker: processing 5000 (222.7 per sec) @ chr7:5000000-10000000
PoolWorker-29,  processing 5690 (39687.0 per sec) reads @ Ascaf_83:0-38959
PoolWorker-29 countReadsInRegions_worker: processing 38 (204.3 per sec) @ Ascaf_83:0-38959
PoolWorker-29,  processing 360423 (36450.9 per sec) reads @ Ascaf_96:0-33398
PoolWorker-29 countReadsInRegions_worker: processing 33 (3.3 per sec) @ Ascaf_96:0-33398
PoolWorker-29,  processing 788855 (34855.8 per sec) reads @ chr10:10000000-15000000
PoolWorker-29 countReadsInRegions_worker: processing 5000 (216.5 per sec) @ chr10:10000000-15000000
PoolWorker-29,  processing 3787 (19144.7 per sec) reads @ Ascaf_112:0-24428
PoolWorker-29 countReadsInRegions_worker: processing 24 (100.4 per sec) @ Ascaf_112:0-24428
PoolWorker-29,  processing 990818 (34432.4 per sec) reads @ chr7:30000000-33914388
PoolWorker-29 countReadsInRegions_worker: processing 3914 (133.6 per sec) @ chr7:30000000-33914388
PoolWorker-29,  processing 11686 (35910.6 per sec) reads @ Ascaf_46:0-73387
PoolWorker-29 countReadsInRegions_worker: processing 73 (197.7 per sec) @ Ascaf_46:0-73387
PoolWorker-29,  processing 409345 (35912.6 per sec) reads @ Ascaf_33:0-106103
PoolWorker-29 countReadsInRegions_worker: processing 106 (9.1 per sec) @ Ascaf_33:0-106103
PoolWorker-29,  processing 112752 (36933.0 per sec) reads @ Ascaf_79:0-41364
PoolWorker-29 countReadsInRegions_worker: processing 41 (13.1 per sec) @ Ascaf_79:0-41364
PoolWorker-29,  processing 2081 (26062.3 per sec) reads @ Ascaf_140:0-15786
PoolWorker-29 countReadsInRegions_worker: processing 15 (122.7 per sec) @ Ascaf_140:0-15786
PoolWorker-29,  processing 160106 (37101.0 per sec) reads @ Ascaf_35:0-99371
PoolWorker-29 countReadsInRegions_worker: processing 99 (22.4 per sec) @ Ascaf_35:0-99371
PoolWorker-29,  processing 138679 (36061.1 per sec) reads @ Ascaf_52:0-64568
PoolWorker-29 countReadsInRegions_worker: processing 64 (16.3 per sec) @ Ascaf_52:0-64568
PoolWorker-29,  processing 1836538 (35126.1 per sec) reads @ chr13:0-5000000
PoolWorker-29 countReadsInRegions_worker: processing 5000 (94.1 per sec) @ chr13:0-5000000
PoolWorker-29,  processing 403 (54436.4 per sec) reads @ Ascaf_164:0-1000
PoolWorker-29 countReadsInRegions_worker: processing 1 (20.9 per sec) @ Ascaf_164:0-1000
PoolWorker-29,  processing 729111 (37925.5 per sec) reads @ chr16:10000000-15000000
PoolWorker-29 countReadsInRegions_worker: processing 5000 (256.4 per sec) @ chr16:10000000-15000000
PoolWorker-29,  processing 773425 (73432.0 per sec) reads @ chr15:5000000-10000000
PoolWorker-29 countReadsInRegions_worker: processing 5000 (469.2 per sec) @ chr15:5000000-10000000
PoolWorker-29,  processing 5671 (82620.9 per sec) reads @ Ascaf_87:0-36937
PoolWorker-29 countReadsInRegions_worker: processing 36 (470.7 per sec) @ Ascaf_87:0-36937
PoolWorker-29,  processing 486529 (82187.0 per sec) reads @ Ascaf_28:0-145740
PoolWorker-29 countReadsInRegions_worker: processing 145 (24.1 per sec) @ Ascaf_28:0-145740
PoolWorker-21,  processing 4540 (31463.7 per sec) reads @ Ascaf_136:0-17062
PoolWorker-21 countReadsInRegions_worker: processing 17 (89.3 per sec) @ Ascaf_136:0-17062
PoolWorker-21,  processing 284524 (37158.7 per sec) reads @ Ascaf_110:0-27536
PoolWorker-21 countReadsInRegions_worker: processing 27 (3.4 per sec) @ Ascaf_110:0-27536
PoolWorker-21,  processing 1683 (46008.6 per sec) reads @ Ascaf_151:0-13242
PoolWorker-21 countReadsInRegions_worker: processing 13 (165.8 per sec) @ Ascaf_151:0-13242
PoolWorker-21,  processing 823355 (34265.8 per sec) reads @ chr18:10000000-15000000
PoolWorker-21 countReadsInRegions_worker: processing 5000 (203.8 per sec) @ chr18:10000000-15000000
PoolWorker-21,  processing 691085 (34904.9 per sec) reads @ chr20:5000000-10000000
PoolWorker-21 countReadsInRegions_worker: processing 5000 (248.4 per sec) @ chr20:5000000-10000000
PoolWorker-21,  processing 1961 (50093.1 per sec) reads @ Ascaf_148:0-14976
PoolWorker-21 countReadsInRegions_worker: processing 14 (175.2 per sec) @ Ascaf_148:0-14976
PoolWorker-21,  processing 825533 (34976.3 per sec) reads @ chr14:10000000-15000000
PoolWorker-21 countReadsInRegions_worker: processing 5000 (208.0 per sec) @ chr14:10000000-15000000
PoolWorker-21,  processing 796665 (35491.3 per sec) reads @ chr17:10000000-15000000
PoolWorker-21 countReadsInRegions_worker: processing 5000 (219.1 per sec) @ chr17:10000000-15000000
PoolWorker-21,  processing 96363 (37119.0 per sec) reads @ Ascaf_114:0-24031
PoolWorker-21 countReadsInRegions_worker: processing 24 (9.0 per sec) @ Ascaf_114:0-24031
PoolWorker-21,  processing 7773 (35965.8 per sec) reads @ Ascaf_108:0-29345
PoolWorker-21 countReadsInRegions_worker: processing 29 (112.6 per sec) @ Ascaf_108:0-29345
PoolWorker-21,  processing 1077036 (33301.7 per sec) reads @ chr9:20000000-24303205
PoolWorker-21 countReadsInRegions_worker: processing 4303 (130.8 per sec) @ chr9:20000000-24303205
PoolWorker-21,  processing 408626 (35195.0 per sec) reads @ chr19:10000000-15000000
PoolWorker-21 countReadsInRegions_worker: processing 5000 (423.5 per sec) @ chr19:10000000-15000000
PoolWorker-21,  processing 737648 (34887.6 per sec) reads @ chr1:5000000-10000000
PoolWorker-21 countReadsInRegions_worker: processing 5000 (232.7 per sec) @ chr1:5000000-10000000
PoolWorker-21,  processing 1051625 (48249.9 per sec) reads @ chr3:15000000-20000000
PoolWorker-21 countReadsInRegions_worker: processing 5000 (226.8 per sec) @ chr3:15000000-20000000
PoolWorker-21,  processing 689502 (81246.9 per sec) reads @ chr1:10000000-15000000
PoolWorker-21 countReadsInRegions_worker: processing 5000 (580.7 per sec) @ chr1:10000000-15000000
PoolWorker-21,  processing 5190 (92622.2 per sec) reads @ Ascaf_101:0-31946
PoolWorker-21 countReadsInRegions_worker: processing 31 (491.4 per sec) @ Ascaf_101:0-31946
PoolWorker-19,  processing 742238 (33533.1 per sec) reads @ chr4:5000000-10000000
PoolWorker-19 countReadsInRegions_worker: processing 5000 (221.5 per sec) @ chr4:5000000-10000000
PoolWorker-19,  processing 251569 (34094.7 per sec) reads @ chr4:40000000-40647937
PoolWorker-19 countReadsInRegions_worker: processing 647 (86.2 per sec) @ chr4:40000000-40647937
PoolWorker-19,  processing 4560 (18598.7 per sec) reads @ Ascaf_123:0-20153
PoolWorker-19 countReadsInRegions_worker: processing 20 (60.5 per sec) @ Ascaf_123:0-20153
PoolWorker-19,  processing 867904 (34813.6 per sec) reads @ chr5:10000000-15000000
PoolWorker-19 countReadsInRegions_worker: processing 5000 (197.2 per sec) @ chr5:10000000-15000000
PoolWorker-19,  processing 358268 (36281.0 per sec) reads @ Ascaf_25:0-178627
PoolWorker-19 countReadsInRegions_worker: processing 178 (17.7 per sec) @ Ascaf_25:0-178627
PoolWorker-19,  processing 847108 (34159.3 per sec) reads @ chr14:15000000-18637407
PoolWorker-19 countReadsInRegions_worker: processing 3637 (144.1 per sec) @ chr14:15000000-18637407
PoolWorker-19,  processing 886932 (34041.8 per sec) reads @ chr20:20000000-22998664
PoolWorker-19 countReadsInRegions_worker: processing 2998 (113.0 per sec) @ chr20:20000000-22998664
PoolWorker-19,  processing 10591 (38173.5 per sec) reads @ Ascaf_133:0-49732
PoolWorker-19 countReadsInRegions_worker: processing 49 (152.7 per sec) @ Ascaf_133:0-49732
PoolWorker-19,  processing 773863 (35126.0 per sec) reads @ chr1:15000000-20000000
PoolWorker-19 countReadsInRegions_worker: processing 5000 (222.1 per sec) @ chr1:15000000-20000000
PoolWorker-19,  processing 36771 (35173.7 per sec) reads @ Ascaf_23:0-264707
PoolWorker-19 countReadsInRegions_worker: processing 264 (242.2 per sec) @ Ascaf_23:0-264707
PoolWorker-19,  processing 398440 (37078.7 per sec) reads @ Ascaf_50:0-70692
PoolWorker-19 countReadsInRegions_worker: processing 70 (6.4 per sec) @ Ascaf_50:0-70692
PoolWorker-19,  processing 397297 (36108.1 per sec) reads @ Ascaf_30:0-130979
PoolWorker-19 countReadsInRegions_worker: processing 130 (11.6 per sec) @ Ascaf_30:0-130979
PoolWorker-19,  processing 43005 (36063.5 per sec) reads @ Ascaf_161:0-1000
PoolWorker-19 countReadsInRegions_worker: processing 1 (0.8 per sec) @ Ascaf_161:0-1000
PoolWorker-19,  processing 1352397 (51811.9 per sec) reads @ chr7:20000000-25000000
PoolWorker-19 countReadsInRegions_worker: processing 5000 (189.3 per sec) @ chr7:20000000-25000000
PoolWorker-19,  processing 844207 (84853.0 per sec) reads @ Ascaf_26:0-156806
PoolWorker-19 countReadsInRegions_worker: processing 156 (15.4 per sec) @ Ascaf_26:0-156806
PoolWorker-19,  processing 17333 (85199.5 per sec) reads @ Ascaf_63:0-51776
PoolWorker-19 countReadsInRegions_worker: processing 51 (241.3 per sec) @ Ascaf_63:0-51776
output file: /storage/scratch/iee/dj20y461/Stickleback/Y_comp/Sex_chrom_stats/Read_depths/Gw/depths/Gw08_M.1kb.RPKM.depth
