genome partition size for multiprocessing: 1000000
using 16 processors for 657 number of tasks
Final scaling factor: 0.00668244159469
PoolWorker-18,  processing 6630 (26664.7 per sec) reads @ Ascaf_112:0-24428
PoolWorker-18 countReadsInRegions_worker: processing 24 (92.5 per sec) @ Ascaf_112:0-24428
PoolWorker-18,  processing 1374895 (34376.0 per sec) reads @ chr9:15000000-20000000
PoolWorker-18 countReadsInRegions_worker: processing 5000 (121.6 per sec) @ chr9:15000000-20000000
PoolWorker-18,  processing 1350464 (35795.3 per sec) reads @ chr9:10000000-15000000
PoolWorker-18 countReadsInRegions_worker: processing 5000 (130.5 per sec) @ chr9:10000000-15000000
PoolWorker-18,  processing 1352616 (37547.8 per sec) reads @ chr6:10000000-15000000
PoolWorker-18 countReadsInRegions_worker: processing 5000 (135.9 per sec) @ chr6:10000000-15000000
PoolWorker-18,  processing 1354076 (35319.8 per sec) reads @ chr13:20000000-24369283
PoolWorker-18 countReadsInRegions_worker: processing 4369 (112.0 per sec) @ chr13:20000000-24369283
PoolWorker-18,  processing 3106 (47019.2 per sec) reads @ Ascaf_128:0-19120
PoolWorker-18 countReadsInRegions_worker: processing 19 (174.0 per sec) @ Ascaf_128:0-19120
PoolWorker-18,  processing 1559524 (36305.2 per sec) reads @ chr18:0-5000000
PoolWorker-18 countReadsInRegions_worker: processing 5000 (114.6 per sec) @ chr18:0-5000000
PoolWorker-18,  processing 4232 (38025.4 per sec) reads @ Ascaf_147:0-15099
PoolWorker-18 countReadsInRegions_worker: processing 15 (98.3 per sec) @ Ascaf_147:0-15099
PoolWorker-18,  processing 3617 (40966.7 per sec) reads @ Ascaf_149:0-13452
PoolWorker-18 countReadsInRegions_worker: processing 13 (100.3 per sec) @ Ascaf_149:0-13452
PoolWorker-18,  processing 19291 (35532.2 per sec) reads @ Ascaf_49:0-70996
PoolWorker-18 countReadsInRegions_worker: processing 70 (116.7 per sec) @ Ascaf_49:0-70996
PoolWorker-18,  processing 611402 (35932.3 per sec) reads @ chr19:20000000-23715829
PoolWorker-18 countReadsInRegions_worker: processing 3715 (214.9 per sec) @ chr19:20000000-23715829
PoolWorker-18,  processing 183372 (38238.2 per sec) reads @ Ascaf_98:0-33222
PoolWorker-18 countReadsInRegions_worker: processing 33 (6.7 per sec) @ Ascaf_98:0-33222
PoolWorker-23,  processing 13231 (71520.8 per sec) reads @ Ascaf_68:0-47437
PoolWorker-23 countReadsInRegions_worker: processing 47 (238.9 per sec) @ Ascaf_68:0-47437
PoolWorker-23,  processing 1457614 (34832.5 per sec) reads @ chr9:0-5000000
PoolWorker-23 countReadsInRegions_worker: processing 5000 (116.6 per sec) @ chr9:0-5000000
PoolWorker-23,  processing 924736 (35367.5 per sec) reads @ chr20:20000000-22998664
PoolWorker-23 countReadsInRegions_worker: processing 2998 (112.2 per sec) @ chr20:20000000-22998664
PoolWorker-23,  processing 1365044 (36253.7 per sec) reads @ chr4:5000000-10000000
PoolWorker-23 countReadsInRegions_worker: processing 5000 (130.1 per sec) @ chr4:5000000-10000000
PoolWorker-23,  processing 1085672 (35382.3 per sec) reads @ chr7:30000000-33914388
PoolWorker-23 countReadsInRegions_worker: processing 3914 (125.7 per sec) @ chr7:30000000-33914388
PoolWorker-23,  processing 113972 (38741.3 per sec) reads @ Ascaf_124:0-19772
PoolWorker-23 countReadsInRegions_worker: processing 19 (6.3 per sec) @ Ascaf_124:0-19772
PoolWorker-23,  processing 5944 (38596.4 per sec) reads @ Ascaf_123:0-20153
PoolWorker-23 countReadsInRegions_worker: processing 20 (103.4 per sec) @ Ascaf_123:0-20153
PoolWorker-23,  processing 1397028 (35605.7 per sec) reads @ chr20:15000000-20000000
PoolWorker-23 countReadsInRegions_worker: processing 5000 (125.2 per sec) @ chr20:15000000-20000000
PoolWorker-23,  processing 1366465 (35508.0 per sec) reads @ chr21:0-5000000
PoolWorker-23 countReadsInRegions_worker: processing 5000 (128.1 per sec) @ chr21:0-5000000
PoolWorker-23,  processing 295403 (37524.8 per sec) reads @ Ascaf_33:0-106103
PoolWorker-23 countReadsInRegions_worker: processing 106 (13.2 per sec) @ Ascaf_33:0-106103
PoolWorker-23,  processing 5220 (75499.0 per sec) reads @ Ascaf_135:0-17087
PoolWorker-23 countReadsInRegions_worker: processing 17 (158.4 per sec) @ Ascaf_135:0-17087
PoolWorker-23,  processing 57765 (47785.7 per sec) reads @ Ascaf_48:0-71747
PoolWorker-23 countReadsInRegions_worker: processing 71 (57.9 per sec) @ Ascaf_48:0-71747
PoolWorker-28,  processing 488 (62000.4 per sec) reads @ Ascaf_159:0-3139
PoolWorker-28 countReadsInRegions_worker: processing 3 (42.8 per sec) @ Ascaf_159:0-3139
PoolWorker-28,  processing 1371829 (33947.5 per sec) reads @ chr10:5000000-10000000
PoolWorker-28 countReadsInRegions_worker: processing 5000 (120.8 per sec) @ chr10:5000000-10000000
PoolWorker-28,  processing 1396477 (34645.4 per sec) reads @ chr4:15000000-20000000
PoolWorker-28 countReadsInRegions_worker: processing 5000 (121.8 per sec) @ chr4:15000000-20000000
PoolWorker-28,  processing 4670 (39889.9 per sec) reads @ Ascaf_138:0-16696
PoolWorker-28 countReadsInRegions_worker: processing 16 (99.8 per sec) @ Ascaf_138:0-16696
PoolWorker-28,  processing 1085729 (36150.2 per sec) reads @ chr8:20000000-23122080
PoolWorker-28 countReadsInRegions_worker: processing 3122 (102.2 per sec) @ chr8:20000000-23122080
PoolWorker-28,  processing 9993 (36915.8 per sec) reads @ Ascaf_169:0-50000
PoolWorker-28 countReadsInRegions_worker: processing 50 (153.8 per sec) @ Ascaf_169:0-50000
PoolWorker-28,  processing 4350 (39102.2 per sec) reads @ Ascaf_118:0-22120
PoolWorker-28 countReadsInRegions_worker: processing 22 (142.5 per sec) @ Ascaf_118:0-22120
PoolWorker-28,  processing 1512662 (35254.3 per sec) reads @ chr16:15000000-20000000
PoolWorker-28 countReadsInRegions_worker: processing 5000 (114.5 per sec) @ chr16:15000000-20000000
PoolWorker-28,  processing 1369318 (36011.7 per sec) reads @ chr12:10000000-15000000
PoolWorker-28 countReadsInRegions_worker: processing 5000 (129.2 per sec) @ chr12:10000000-15000000
PoolWorker-28,  processing 1349125 (36022.8 per sec) reads @ chr6:15000000-20000000
PoolWorker-28 countReadsInRegions_worker: processing 5000 (131.0 per sec) @ chr6:15000000-20000000
PoolWorker-28,  processing 28879 (36803.5 per sec) reads @ Ascaf_71:0-32519
PoolWorker-28 countReadsInRegions_worker: processing 32 (38.5 per sec) @ Ascaf_71:0-32519
PoolWorker-28,  processing 3021 (45207.0 per sec) reads @ Ascaf_143:0-15560
PoolWorker-28 countReadsInRegions_worker: processing 15 (124.4 per sec) @ Ascaf_143:0-15560
PoolWorker-29,  processing 37593 (39917.3 per sec) reads @ Ascaf_107:0-29490
PoolWorker-29 countReadsInRegions_worker: processing 29 (29.1 per sec) @ Ascaf_107:0-29490
PoolWorker-29,  processing 581052 (36421.1 per sec) reads @ Ascaf_42:0-86089
PoolWorker-29 countReadsInRegions_worker: processing 86 (5.3 per sec) @ Ascaf_42:0-86089
PoolWorker-29,  processing 118479 (36999.3 per sec) reads @ Ascaf_120:0-22000
PoolWorker-29 countReadsInRegions_worker: processing 22 (6.7 per sec) @ Ascaf_120:0-22000
PoolWorker-29,  processing 1357467 (36177.8 per sec) reads @ chr1:10000000-15000000
PoolWorker-29 countReadsInRegions_worker: processing 5000 (130.5 per sec) @ chr1:10000000-15000000
PoolWorker-29,  processing 86843 (35754.3 per sec) reads @ chr3:20000000-20313673
PoolWorker-29 countReadsInRegions_worker: processing 313 (125.3 per sec) @ chr3:20000000-20313673
PoolWorker-29,  processing 5456 (39852.7 per sec) reads @ Ascaf_125:0-19664
PoolWorker-29 countReadsInRegions_worker: processing 19 (106.7 per sec) @ Ascaf_125:0-19664
PoolWorker-29,  processing 187969 (38403.8 per sec) reads @ Ascaf_43:0-83995
PoolWorker-29 countReadsInRegions_worker: processing 83 (16.6 per sec) @ Ascaf_43:0-83995
PoolWorker-29,  processing 1894932 (36200.0 per sec) reads @ chr14:5000000-10000000
PoolWorker-29 countReadsInRegions_worker: processing 5000 (93.6 per sec) @ chr14:5000000-10000000
PoolWorker-29,  processing 761851 (36122.8 per sec) reads @ chr19:15000000-20000000
PoolWorker-29 countReadsInRegions_worker: processing 5000 (233.4 per sec) @ chr19:15000000-20000000
PoolWorker-29,  processing 288631 (38288.6 per sec) reads @ Ascaf_89:0-36000
PoolWorker-29 countReadsInRegions_worker: processing 36 (4.7 per sec) @ Ascaf_89:0-36000
PoolWorker-29,  processing 6258 (39130.1 per sec) reads @ Ascaf_168:0-25000
PoolWorker-29 countReadsInRegions_worker: processing 25 (123.7 per sec) @ Ascaf_168:0-25000
PoolWorker-29,  processing 26466 (32814.6 per sec) reads @ Ascaf_40:0-90738
PoolWorker-29 countReadsInRegions_worker: processing 90 (104.2 per sec) @ Ascaf_40:0-90738
PoolWorker-29,  processing 5910 (22338.2 per sec) reads @ Ascaf_54:0-60000
PoolWorker-29 countReadsInRegions_worker: processing 60 (195.5 per sec) @ Ascaf_54:0-60000
PoolWorker-29,  processing 8595 (39060.0 per sec) reads @ Ascaf_99:0-33167
PoolWorker-29 countReadsInRegions_worker: processing 33 (126.2 per sec) @ Ascaf_99:0-33167
PoolWorker-29,  processing 207 (51750.7 per sec) reads @ Ascaf_163:0-1000
PoolWorker-29 countReadsInRegions_worker: processing 1 (22.5 per sec) @ Ascaf_163:0-1000
PoolWorker-29,  processing 85514 (37741.1 per sec) reads @ Ascaf_119:0-22101
PoolWorker-29 countReadsInRegions_worker: processing 22 (9.4 per sec) @ Ascaf_119:0-22101
PoolWorker-29,  processing 77993 (36908.1 per sec) reads @ Ascaf_41:0-90399
PoolWorker-29 countReadsInRegions_worker: processing 90 (41.3 per sec) @ Ascaf_41:0-90399
PoolWorker-29,  processing 1563150 (36280.7 per sec) reads @ chr21:15000000-19873525
PoolWorker-29 countReadsInRegions_worker: processing 4873 (111.1 per sec) @ chr21:15000000-19873525
PoolWorker-29,  processing 4125 (40736.4 per sec) reads @ Ascaf_144:0-15519
PoolWorker-29 countReadsInRegions_worker: processing 15 (108.2 per sec) @ Ascaf_144:0-15519
PoolWorker-29,  processing 72191 (37743.1 per sec) reads @ Ascaf_24:0-187591
PoolWorker-29 countReadsInRegions_worker: processing 187 (94.4 per sec) @ Ascaf_24:0-187591
PoolWorker-29,  processing 41979 (39695.4 per sec) reads @ Ascaf_137:0-17000
PoolWorker-29 countReadsInRegions_worker: processing 17 (15.8 per sec) @ Ascaf_137:0-17000
PoolWorker-29,  processing 5385 (43301.3 per sec) reads @ Ascaf_127:0-19159
PoolWorker-29 countReadsInRegions_worker: processing 19 (107.0 per sec) @ Ascaf_127:0-19159
PoolWorker-29,  processing 9000 (41066.8 per sec) reads @ Ascaf_65:0-47651
PoolWorker-29 countReadsInRegions_worker: processing 47 (178.7 per sec) @ Ascaf_65:0-47651
PoolWorker-29,  processing 1369427 (37895.4 per sec) reads @ chr21:5000000-10000000
PoolWorker-29 countReadsInRegions_worker: processing 5000 (137.2 per sec) @ chr21:5000000-10000000
PoolWorker-17,  processing 7715 (68489.4 per sec) reads @ Ascaf_104:0-29894
PoolWorker-17 countReadsInRegions_worker: processing 29 (235.1 per sec) @ Ascaf_104:0-29894
PoolWorker-17,  processing 1744 (45553.1 per sec) reads @ Ascaf_154:0-6709
PoolWorker-17 countReadsInRegions_worker: processing 6 (100.0 per sec) @ Ascaf_154:0-6709
PoolWorker-17,  processing 465 (65371.3 per sec) reads @ Ascaf_157:0-3527
PoolWorker-17 countReadsInRegions_worker: processing 3 (43.4 per sec) @ Ascaf_157:0-3527
PoolWorker-17,  processing 1383477 (34070.7 per sec) reads @ chr3:10000000-15000000
PoolWorker-17 countReadsInRegions_worker: processing 5000 (119.9 per sec) @ chr3:10000000-15000000
PoolWorker-17,  processing 71319 (37398.4 per sec) reads @ Ascaf_113:0-24387
PoolWorker-17 countReadsInRegions_worker: processing 24 (12.2 per sec) @ Ascaf_113:0-24387
PoolWorker-17,  processing 1451792 (34668.0 per sec) reads @ chr13:15000000-20000000
PoolWorker-17 countReadsInRegions_worker: processing 5000 (117.3 per sec) @ chr13:15000000-20000000
PoolWorker-17,  processing 802084 (34577.8 per sec) reads @ chr19:10000000-15000000
PoolWorker-17 countReadsInRegions_worker: processing 5000 (210.9 per sec) @ chr19:10000000-15000000
PoolWorker-17,  processing 241171 (36265.3 per sec) reads @ Ascaf_27:0-155775
PoolWorker-17 countReadsInRegions_worker: processing 155 (22.8 per sec) @ Ascaf_27:0-155775
PoolWorker-17,  processing 9674 (36285.2 per sec) reads @ Ascaf_94:0-33862
PoolWorker-17 countReadsInRegions_worker: processing 33 (107.1 per sec) @ Ascaf_94:0-33862
PoolWorker-17,  processing 9479 (35163.5 per sec) reads @ Ascaf_86:0-37568
PoolWorker-17 countReadsInRegions_worker: processing 37 (118.8 per sec) @ Ascaf_86:0-37568
PoolWorker-17,  processing 1352113 (35320.4 per sec) reads @ chr7:5000000-10000000
PoolWorker-17 countReadsInRegions_worker: processing 5000 (128.5 per sec) @ chr7:5000000-10000000
PoolWorker-17,  processing 1374149 (35167.5 per sec) reads @ chr18:5000000-10000000
PoolWorker-17 countReadsInRegions_worker: processing 5000 (125.7 per sec) @ chr18:5000000-10000000
PoolWorker-17,  processing 278 (61628.8 per sec) reads @ Ascaf_162:0-1000
PoolWorker-17 countReadsInRegions_worker: processing 1 (22.0 per sec) @ Ascaf_162:0-1000
PoolWorker-17,  processing 280 (67258.8 per sec) reads @ Ascaf_160:0-2000
PoolWorker-17 countReadsInRegions_worker: processing 2 (44.7 per sec) @ Ascaf_160:0-2000
PoolWorker-17,  processing 175034 (36538.4 per sec) reads @ chr15:20000000-20219940
PoolWorker-17 countReadsInRegions_worker: processing 219 (44.6 per sec) @ chr15:20000000-20219940
PoolWorker-17,  processing 1472374 (37303.3 per sec) reads @ chr17:10000000-15000000
PoolWorker-17 countReadsInRegions_worker: processing 5000 (124.7 per sec) @ chr17:10000000-15000000
PoolWorker-21,  processing 1365851 (34525.2 per sec) reads @ chr11:15000000-19299255
PoolWorker-21 countReadsInRegions_worker: processing 4299 (105.9 per sec) @ chr11:15000000-19299255
PoolWorker-21,  processing 1415062 (34876.1 per sec) reads @ chr17:0-5000000
PoolWorker-21 countReadsInRegions_worker: processing 5000 (120.9 per sec) @ chr17:0-5000000
PoolWorker-21,  processing 11118 (37389.3 per sec) reads @ Ascaf_76:0-42514
PoolWorker-21 countReadsInRegions_worker: processing 42 (123.1 per sec) @ Ascaf_76:0-42514
PoolWorker-21,  processing 85241 (36626.2 per sec) reads @ Ascaf_32:0-110405
PoolWorker-21 countReadsInRegions_worker: processing 110 (45.7 per sec) @ Ascaf_32:0-110405
PoolWorker-21,  processing 14357 (37786.9 per sec) reads @ Ascaf_58:0-57612
PoolWorker-21 countReadsInRegions_worker: processing 57 (130.7 per sec) @ Ascaf_58:0-57612
PoolWorker-21,  processing 1468005 (35834.2 per sec) reads @ chr16:0-5000000
PoolWorker-21 countReadsInRegions_worker: processing 5000 (120.2 per sec) @ chr16:0-5000000
PoolWorker-21,  processing 48887 (37734.0 per sec) reads @ Ascaf_29:0-143722
PoolWorker-21 countReadsInRegions_worker: processing 143 (105.3 per sec) @ Ascaf_29:0-143722
PoolWorker-21,  processing 1353606 (36271.4 per sec) reads @ chr8:5000000-10000000
PoolWorker-21 countReadsInRegions_worker: processing 5000 (131.6 per sec) @ chr8:5000000-10000000
PoolWorker-21,  processing 29674 (34610.9 per sec) reads @ Ascaf_73:0-44649
PoolWorker-21 countReadsInRegions_worker: processing 44 (48.7 per sec) @ Ascaf_73:0-44649
PoolWorker-21,  processing 1411105 (34783.9 per sec) reads @ chr8:0-5000000
PoolWorker-21 countReadsInRegions_worker: processing 5000 (121.4 per sec) @ chr8:0-5000000
PoolWorker-21,  processing 1441489 (41713.1 per sec) reads @ chr13:5000000-10000000
PoolWorker-21 countReadsInRegions_worker: processing 5000 (142.8 per sec) @ chr13:5000000-10000000
PoolWorker-21,  processing 38470 (77206.8 per sec) reads @ Ascaf_37:0-98231
PoolWorker-21 countReadsInRegions_worker: processing 98 (190.7 per sec) @ Ascaf_37:0-98231
PoolWorker-22,  processing 5606 (72737.3 per sec) reads @ Ascaf_142:0-15730
PoolWorker-22 countReadsInRegions_worker: processing 15 (172.3 per sec) @ Ascaf_142:0-15730
PoolWorker-22,  processing 1406259 (34867.3 per sec) reads @ chr4:30000000-35000000
PoolWorker-22 countReadsInRegions_worker: processing 5000 (120.8 per sec) @ chr4:30000000-35000000
PoolWorker-22,  processing 13129 (37612.3 per sec) reads @ Ascaf_81:0-40000
PoolWorker-22 countReadsInRegions_worker: processing 40 (101.5 per sec) @ Ascaf_81:0-40000
PoolWorker-22,  processing 237670 (36523.1 per sec) reads @ chr4:40000000-40647937
PoolWorker-22 countReadsInRegions_worker: processing 647 (97.1 per sec) @ chr4:40000000-40647937
PoolWorker-22,  processing 56923 (38217.3 per sec) reads @ Ascaf_79:0-41364
PoolWorker-22 countReadsInRegions_worker: processing 41 (26.4 per sec) @ Ascaf_79:0-41364
PoolWorker-22,  processing 1382596 (35289.0 per sec) reads @ chr10:0-5000000
PoolWorker-22 countReadsInRegions_worker: processing 5000 (125.2 per sec) @ chr10:0-5000000
PoolWorker-22,  processing 3465 (39910.2 per sec) reads @ Ascaf_139:0-16678
PoolWorker-22 countReadsInRegions_worker: processing 16 (123.0 per sec) @ Ascaf_139:0-16678
PoolWorker-22,  processing 1360821 (36303.7 per sec) reads @ chr2:15000000-20000000
PoolWorker-22 countReadsInRegions_worker: processing 5000 (131.4 per sec) @ chr2:15000000-20000000
PoolWorker-22,  processing 1374816 (36142.3 per sec) reads @ chr14:10000000-15000000
PoolWorker-22 countReadsInRegions_worker: processing 5000 (129.0 per sec) @ chr14:10000000-15000000
PoolWorker-22,  processing 7185 (37233.8 per sec) reads @ Ascaf_108:0-29345
PoolWorker-22 countReadsInRegions_worker: processing 29 (137.7 per sec) @ Ascaf_108:0-29345
PoolWorker-22,  processing 4986 (36183.7 per sec) reads @ Ascaf_131:0-18319
PoolWorker-22 countReadsInRegions_worker: processing 18 (97.5 per sec) @ Ascaf_131:0-18319
PoolWorker-22,  processing 4198 (41233.2 per sec) reads @ Ascaf_150:0-13271
PoolWorker-22 countReadsInRegions_worker: processing 13 (86.0 per sec) @ Ascaf_150:0-13271
PoolWorker-22,  processing 4616 (40815.6 per sec) reads @ Ascaf_122:0-20728
PoolWorker-22 countReadsInRegions_worker: processing 20 (129.5 per sec) @ Ascaf_122:0-20728
PoolWorker-22,  processing 1347365 (35176.8 per sec) reads @ chr17:15000000-20000000
PoolWorker-22 countReadsInRegions_worker: processing 5000 (128.3 per sec) @ chr17:15000000-20000000
PoolWorker-22,  processing 19530 (33940.3 per sec) reads @ Ascaf_51:0-70629
PoolWorker-22 countReadsInRegions_worker: processing 70 (113.2 per sec) @ Ascaf_51:0-70629
PoolWorker-22,  processing 1497165 (41416.4 per sec) reads @ chr5:0-5000000
PoolWorker-22 countReadsInRegions_worker: processing 5000 (136.9 per sec) @ chr5:0-5000000
PoolWorker-30,  processing 1262166 (34256.5 per sec) reads @ chr9:20000000-24303205
PoolWorker-30 countReadsInRegions_worker: processing 4303 (113.9 per sec) @ chr9:20000000-24303205
PoolWorker-30,  processing 81588 (38270.5 per sec) reads @ Ascaf_57:0-58000
PoolWorker-30 countReadsInRegions_worker: processing 58 (26.4 per sec) @ Ascaf_57:0-58000
PoolWorker-30,  processing 1369444 (35671.3 per sec) reads @ chr16:5000000-10000000
PoolWorker-30 countReadsInRegions_worker: processing 5000 (127.6 per sec) @ chr16:5000000-10000000
PoolWorker-30,  processing 141882 (38388.2 per sec) reads @ Ascaf_39:0-92659
PoolWorker-30 countReadsInRegions_worker: processing 92 (24.3 per sec) @ Ascaf_39:0-92659
PoolWorker-30,  processing 73397 (21163.5 per sec) reads @ Ascaf_36:0-98486
PoolWorker-30 countReadsInRegions_worker: processing 98 (27.7 per sec) @ Ascaf_36:0-98486
PoolWorker-30,  processing 4937 (42673.2 per sec) reads @ Ascaf_134:0-17659
PoolWorker-30 countReadsInRegions_worker: processing 17 (106.7 per sec) @ Ascaf_134:0-17659
PoolWorker-30,  processing 27921 (36689.4 per sec) reads @ Ascaf_106:0-29590
PoolWorker-30 countReadsInRegions_worker: processing 29 (35.9 per sec) @ Ascaf_106:0-29590
PoolWorker-30,  processing 8578 (39011.5 per sec) reads @ Ascaf_88:0-36907
PoolWorker-30 countReadsInRegions_worker: processing 36 (136.8 per sec) @ Ascaf_88:0-36907
PoolWorker-30,  processing 23393 (35504.5 per sec) reads @ Ascaf_23:0-264707
PoolWorker-30 countReadsInRegions_worker: processing 264 (368.4 per sec) @ Ascaf_23:0-264707
PoolWorker-30,  processing 19039 (38321.7 per sec) reads @ Ascaf_55:0-59833
PoolWorker-30 countReadsInRegions_worker: processing 59 (109.3 per sec) @ Ascaf_55:0-59833
PoolWorker-30,  processing 7405 (38503.8 per sec) reads @ Ascaf_95:0-33544
PoolWorker-30 countReadsInRegions_worker: processing 33 (140.9 per sec) @ Ascaf_95:0-33544
PoolWorker-30,  processing 1357335 (35952.4 per sec) reads @ chr13:10000000-15000000
PoolWorker-30 countReadsInRegions_worker: processing 5000 (130.3 per sec) @ chr13:10000000-15000000
PoolWorker-30,  processing 1345865 (36351.9 per sec) reads @ chr1:5000000-10000000
PoolWorker-30 countReadsInRegions_worker: processing 5000 (132.6 per sec) @ chr1:5000000-10000000
PoolWorker-30,  processing 119352 (37382.2 per sec) reads @ Ascaf_50:0-70692
PoolWorker-30 countReadsInRegions_worker: processing 70 (21.4 per sec) @ Ascaf_50:0-70692
PoolWorker-30,  processing 31198 (37091.0 per sec) reads @ Ascaf_84:0-38148
PoolWorker-30 countReadsInRegions_worker: processing 38 (42.8 per sec) @ Ascaf_84:0-38148
PoolWorker-30,  processing 1393040 (36220.6 per sec) reads @ chr4:10000000-15000000
PoolWorker-30 countReadsInRegions_worker: processing 5000 (127.7 per sec) @ chr4:10000000-15000000
PoolWorker-30,  processing 5570 (39119.5 per sec) reads @ Ascaf_167:0-25000
PoolWorker-30 countReadsInRegions_worker: processing 25 (134.7 per sec) @ Ascaf_167:0-25000
PoolWorker-30,  processing 1409546 (42364.6 per sec) reads @ chr18:10000000-15000000
PoolWorker-30 countReadsInRegions_worker: processing 5000 (148.6 per sec) @ chr18:10000000-15000000
PoolWorker-30,  processing 180612 (68786.3 per sec) reads @ Ascaf_25:0-178627
PoolWorker-30 countReadsInRegions_worker: processing 178 (66.7 per sec) @ Ascaf_25:0-178627
PoolWorker-30,  processing 356 (61399.4 per sec) reads @ Ascaf_164:0-1000
PoolWorker-30 countReadsInRegions_worker: processing 1 (71.0 per sec) @ Ascaf_164:0-1000
PoolWorker-24,  processing 1925 (35624.3 per sec) reads @ Ascaf_155:0-6589
PoolWorker-24 countReadsInRegions_worker: processing 6 (84.0 per sec) @ Ascaf_155:0-6589
PoolWorker-24,  processing 10371 (42755.5 per sec) reads @ Ascaf_91:0-34837
PoolWorker-24 countReadsInRegions_worker: processing 34 (111.0 per sec) @ Ascaf_91:0-34837
PoolWorker-24,  processing 1667200 (34123.6 per sec) reads @ chr4:25000000-30000000
PoolWorker-24 countReadsInRegions_worker: processing 5000 (99.9 per sec) @ chr4:25000000-30000000
PoolWorker-24,  processing 151965 (38629.5 per sec) reads @ Ascaf_96:0-33398
PoolWorker-24 countReadsInRegions_worker: processing 33 (8.2 per sec) @ Ascaf_96:0-33398
PoolWorker-24,  processing 1434972 (35233.9 per sec) reads @ chr10:10000000-15000000
PoolWorker-24 countReadsInRegions_worker: processing 5000 (120.5 per sec) @ chr10:10000000-15000000
PoolWorker-24,  processing 1436335 (36108.1 per sec) reads @ chr2:20000000-25000000
PoolWorker-24 countReadsInRegions_worker: processing 5000 (123.3 per sec) @ chr2:20000000-25000000
PoolWorker-24,  processing 1212837 (35520.9 per sec) reads @ chr1:30000000-33917795
PoolWorker-24 countReadsInRegions_worker: processing 3917 (112.7 per sec) @ chr1:30000000-33917795
PoolWorker-24,  processing 1446000 (35863.6 per sec) reads @ chr11:10000000-15000000
PoolWorker-24 countReadsInRegions_worker: processing 5000 (121.8 per sec) @ chr11:10000000-15000000
PoolWorker-24,  processing 1046505 (36572.4 per sec) reads @ chr14:15000000-18637407
PoolWorker-24 countReadsInRegions_worker: processing 3637 (126.0 per sec) @ chr14:15000000-18637407
PoolWorker-24,  processing 3660 (70226.5 per sec) reads @ Ascaf_130:0-18457
PoolWorker-24 countReadsInRegions_worker: processing 18 (294.4 per sec) @ Ascaf_130:0-18457
PoolWorker-24,  processing 602296 (63071.7 per sec) reads @ chr16:20000000-22188971
PoolWorker-24 countReadsInRegions_worker: processing 2188 (225.9 per sec) @ chr16:20000000-22188971
PoolWorker-24,  processing 2617 (70990.6 per sec) reads @ Ascaf_140:0-15786
PoolWorker-24 countReadsInRegions_worker: processing 15 (327.3 per sec) @ Ascaf_140:0-15786
PoolWorker-19,  processing 5680 (47094.4 per sec) reads @ Ascaf_97:0-33357
PoolWorker-19 countReadsInRegions_worker: processing 33 (189.0 per sec) @ Ascaf_97:0-33357
PoolWorker-19,  processing 1526984 (34852.9 per sec) reads @ chr7:15000000-20000000
PoolWorker-19 countReadsInRegions_worker: processing 5000 (110.8 per sec) @ chr7:15000000-20000000
PoolWorker-19,  processing 22713 (38450.1 per sec) reads @ Ascaf_92:0-34608
PoolWorker-19 countReadsInRegions_worker: processing 34 (53.5 per sec) @ Ascaf_92:0-34608
PoolWorker-19,  processing 1438207 (34877.7 per sec) reads @ chr15:0-5000000
PoolWorker-19 countReadsInRegions_worker: processing 5000 (118.8 per sec) @ chr15:0-5000000
PoolWorker-19,  processing 1511611 (35860.4 per sec) reads @ chr3:0-5000000
PoolWorker-19 countReadsInRegions_worker: processing 5000 (116.3 per sec) @ chr3:0-5000000
PoolWorker-19,  processing 44024 (38095.3 per sec) reads @ Ascaf_90:0-35566
PoolWorker-19 countReadsInRegions_worker: processing 35 (28.7 per sec) @ Ascaf_90:0-35566
PoolWorker-19,  processing 4147 (38662.6 per sec) reads @ Ascaf_141:0-15738
PoolWorker-19 countReadsInRegions_worker: processing 15 (101.3 per sec) @ Ascaf_141:0-15738
PoolWorker-19,  processing 6599 (39160.2 per sec) reads @ Ascaf_117:0-22832
PoolWorker-19 countReadsInRegions_worker: processing 22 (104.6 per sec) @ Ascaf_117:0-22832
PoolWorker-19,  processing 55757 (38882.0 per sec) reads @ Ascaf_110:0-27536
PoolWorker-19 countReadsInRegions_worker: processing 27 (18.0 per sec) @ Ascaf_110:0-27536
PoolWorker-19,  processing 1470200 (35873.4 per sec) reads @ chr1:25000000-30000000
PoolWorker-19 countReadsInRegions_worker: processing 5000 (119.9 per sec) @ chr1:25000000-30000000
PoolWorker-19,  processing 1366575 (34861.6 per sec) reads @ chr4:0-5000000
PoolWorker-19 countReadsInRegions_worker: processing 5000 (125.3 per sec) @ chr4:0-5000000
PoolWorker-19,  processing 1375269 (43433.8 per sec) reads @ chr7:0-5000000
PoolWorker-19 countReadsInRegions_worker: processing 5000 (156.2 per sec) @ chr7:0-5000000
PoolWorker-20,  processing 27557 (37652.3 per sec) reads @ Ascaf_31:0-121444
PoolWorker-20 countReadsInRegions_worker: processing 121 (162.0 per sec) @ Ascaf_31:0-121444
PoolWorker-20,  processing 975830 (33599.6 per sec) reads @ chr18:15000000-18483836
PoolWorker-20 countReadsInRegions_worker: processing 3483 (117.3 per sec) @ chr18:15000000-18483836
PoolWorker-20,  processing 2768 (42308.0 per sec) reads @ Ascaf_153:0-10046
PoolWorker-20 countReadsInRegions_worker: processing 10 (93.0 per sec) @ Ascaf_153:0-10046
PoolWorker-20,  processing 1374048 (35930.5 per sec) reads @ chr12:5000000-10000000
PoolWorker-20 countReadsInRegions_worker: processing 5000 (127.7 per sec) @ chr12:5000000-10000000
PoolWorker-20,  processing 251875 (37467.1 per sec) reads @ Ascaf_30:0-130979
PoolWorker-20 countReadsInRegions_worker: processing 130 (19.0 per sec) @ Ascaf_30:0-130979
PoolWorker-20,  processing 8033 (37630.9 per sec) reads @ Ascaf_111:0-25158
PoolWorker-20 countReadsInRegions_worker: processing 25 (97.2 per sec) @ Ascaf_111:0-25158
PoolWorker-20,  processing 6082 (37291.9 per sec) reads @ Ascaf_60:0-24766
PoolWorker-20 countReadsInRegions_worker: processing 24 (117.6 per sec) @ Ascaf_60:0-24766
PoolWorker-20,  processing 22548 (39258.5 per sec) reads @ Ascaf_44:0-77777
PoolWorker-20 countReadsInRegions_worker: processing 77 (124.5 per sec) @ Ascaf_44:0-77777
PoolWorker-20,  processing 1347230 (37998.3 per sec) reads @ chr7:10000000-15000000
PoolWorker-20 countReadsInRegions_worker: processing 5000 (138.4 per sec) @ chr7:10000000-15000000
PoolWorker-20,  processing 13074 (37148.2 per sec) reads @ Ascaf_70:0-46916
PoolWorker-20 countReadsInRegions_worker: processing 46 (112.4 per sec) @ Ascaf_70:0-46916
PoolWorker-20,  processing 4032 (37308.4 per sec) reads @ Ascaf_146:0-15502
PoolWorker-20 countReadsInRegions_worker: processing 15 (100.4 per sec) @ Ascaf_146:0-15502
PoolWorker-20,  processing 1375878 (35439.5 per sec) reads @ chr5:5000000-10000000
PoolWorker-20 countReadsInRegions_worker: processing 5000 (126.9 per sec) @ chr5:5000000-10000000
PoolWorker-20,  processing 26135 (37944.3 per sec) reads @ Ascaf_105:0-29809
PoolWorker-20 countReadsInRegions_worker: processing 29 (39.4 per sec) @ Ascaf_105:0-29809
PoolWorker-20,  processing 196006 (38625.9 per sec) reads @ Ascaf_28:0-145740
PoolWorker-20 countReadsInRegions_worker: processing 145 (27.8 per sec) @ Ascaf_28:0-145740
PoolWorker-20,  processing 59941 (34040.8 per sec) reads @ Ascaf_64:0-51000
PoolWorker-20 countReadsInRegions_worker: processing 51 (27.9 per sec) @ Ascaf_64:0-51000
PoolWorker-20,  processing 3463 (40358.5 per sec) reads @ Ascaf_152:0-12206
PoolWorker-20 countReadsInRegions_worker: processing 12 (93.4 per sec) @ Ascaf_152:0-12206
PoolWorker-20,  processing 8834 (36706.6 per sec) reads @ Ascaf_100:0-32247
PoolWorker-20 countReadsInRegions_worker: processing 32 (113.4 per sec) @ Ascaf_100:0-32247
PoolWorker-20,  processing 1242641 (36461.6 per sec) reads @ chr5:15000000-18670498
PoolWorker-20 countReadsInRegions_worker: processing 3670 (105.8 per sec) @ chr5:15000000-18670498
PoolWorker-20,  processing 23029 (31431.9 per sec) reads @ Ascaf_46:0-73387
PoolWorker-20 countReadsInRegions_worker: processing 73 (93.7 per sec) @ Ascaf_46:0-73387
PoolWorker-20,  processing 10940 (28467.0 per sec) reads @ Ascaf_87:0-36937
PoolWorker-20 countReadsInRegions_worker: processing 36 (84.1 per sec) @ Ascaf_87:0-36937
PoolWorker-20,  processing 15164 (37949.2 per sec) reads @ Ascaf_61:0-54508
PoolWorker-20 countReadsInRegions_worker: processing 54 (118.6 per sec) @ Ascaf_61:0-54508
PoolWorker-20,  processing 1422579 (38288.9 per sec) reads @ chr15:10000000-15000000
PoolWorker-20 countReadsInRegions_worker: processing 5000 (133.2 per sec) @ chr15:10000000-15000000
PoolWorker-20,  processing 57090 (45076.4 per sec) reads @ Ascaf_52:0-64568
PoolWorker-20 countReadsInRegions_worker: processing 64 (48.6 per sec) @ Ascaf_52:0-64568
PoolWorker-20,  processing 1331451 (63341.5 per sec) reads @ chr20:5000000-10000000
PoolWorker-20 countReadsInRegions_worker: processing 5000 (234.9 per sec) @ chr20:5000000-10000000
PoolWorker-25,  processing 1419210 (34409.9 per sec) reads @ chr9:5000000-10000000
PoolWorker-25 countReadsInRegions_worker: processing 5000 (118.1 per sec) @ chr9:5000000-10000000
PoolWorker-25,  processing 9282 (38211.7 per sec) reads @ Ascaf_101:0-31946
PoolWorker-25 countReadsInRegions_worker: processing 31 (108.0 per sec) @ Ascaf_101:0-31946
PoolWorker-25,  processing 1328573 (35944.0 per sec) reads @ chr2:10000000-15000000
PoolWorker-25 countReadsInRegions_worker: processing 5000 (132.6 per sec) @ chr2:10000000-15000000
PoolWorker-25,  processing 4835 (41327.6 per sec) reads @ Ascaf_132:0-17867
PoolWorker-25 countReadsInRegions_worker: processing 17 (107.2 per sec) @ Ascaf_132:0-17867
PoolWorker-25,  processing 1024138 (33394.2 per sec) reads @ chr12:20000000-23704847
PoolWorker-25 countReadsInRegions_worker: processing 3704 (119.0 per sec) @ chr12:20000000-23704847
PoolWorker-25,  processing 2982 (45420.6 per sec) reads @ Ascaf_102:0-31073
PoolWorker-25 countReadsInRegions_worker: processing 31 (288.6 per sec) @ Ascaf_102:0-31073
PoolWorker-25,  processing 2511 (41828.4 per sec) reads @ Ascaf_151:0-13242
PoolWorker-25 countReadsInRegions_worker: processing 13 (128.8 per sec) @ Ascaf_151:0-13242
PoolWorker-25,  processing 2321764 (34952.3 per sec) reads @ chr19:0-5000000
PoolWorker-25 countReadsInRegions_worker: processing 5000 (73.9 per sec) @ chr19:0-5000000
PoolWorker-25,  processing 1398427 (36180.4 per sec) reads @ chr8:15000000-20000000
PoolWorker-25 countReadsInRegions_worker: processing 5000 (127.2 per sec) @ chr8:15000000-20000000
PoolWorker-25,  processing 1349636 (43489.3 per sec) reads @ chr3:15000000-20000000
PoolWorker-25 countReadsInRegions_worker: processing 5000 (159.2 per sec) @ chr3:15000000-20000000
PoolWorker-25,  processing 1252487 (77117.4 per sec) reads @ chr10:15000000-19005646
PoolWorker-25 countReadsInRegions_worker: processing 4005 (242.9 per sec) @ chr10:15000000-19005646
PoolWorker-25,  processing 140868 (83548.5 per sec) reads @ Ascaf_53:0-64139
PoolWorker-25 countReadsInRegions_worker: processing 64 (37.2 per sec) @ Ascaf_53:0-64139
PoolWorker-26,  processing 1405739 (34463.0 per sec) reads @ chr11:5000000-10000000
PoolWorker-26 countReadsInRegions_worker: processing 5000 (119.5 per sec) @ chr11:5000000-10000000
PoolWorker-26,  processing 101320 (37319.0 per sec) reads @ Ascaf_38:0-95573
PoolWorker-26 countReadsInRegions_worker: processing 95 (33.9 per sec) @ Ascaf_38:0-95573
PoolWorker-26,  processing 15255 (36399.0 per sec) reads @ Ascaf_62:0-52951
PoolWorker-26 countReadsInRegions_worker: processing 52 (114.7 per sec) @ Ascaf_62:0-52951
PoolWorker-26,  processing 1393722 (35416.0 per sec) reads @ chr15:5000000-10000000
PoolWorker-26 countReadsInRegions_worker: processing 5000 (124.8 per sec) @ chr15:5000000-10000000
PoolWorker-26,  processing 1500721 (34855.7 per sec) reads @ chr12:0-5000000
PoolWorker-26 countReadsInRegions_worker: processing 5000 (114.3 per sec) @ chr12:0-5000000
PoolWorker-26,  processing 97065 (37641.0 per sec) reads @ Ascaf_34:0-101478
PoolWorker-26 countReadsInRegions_worker: processing 101 (37.9 per sec) @ Ascaf_34:0-101478
PoolWorker-26,  processing 1585889 (35850.2 per sec) reads @ chr7:20000000-25000000
PoolWorker-26 countReadsInRegions_worker: processing 5000 (111.1 per sec) @ chr7:20000000-25000000
PoolWorker-26,  processing 12050 (37446.0 per sec) reads @ Ascaf_69:0-44691
PoolWorker-26 countReadsInRegions_worker: processing 44 (120.2 per sec) @ Ascaf_69:0-44691
PoolWorker-26,  processing 1398849 (36254.8 per sec) reads @ chr6:5000000-10000000
PoolWorker-26 countReadsInRegions_worker: processing 5000 (127.6 per sec) @ chr6:5000000-10000000
PoolWorker-26,  processing 10386 (38994.2 per sec) reads @ Ascaf_83:0-38959
PoolWorker-26 countReadsInRegions_worker: processing 38 (123.2 per sec) @ Ascaf_83:0-38959
PoolWorker-26,  processing 1426763 (44717.1 per sec) reads @ chr3:5000000-10000000
PoolWorker-26 countReadsInRegions_worker: processing 5000 (155.0 per sec) @ chr3:5000000-10000000
PoolWorker-26,  processing 1706581 (77865.7 per sec) reads @ chr1:20000000-25000000
PoolWorker-26 countReadsInRegions_worker: processing 5000 (224.3 per sec) @ chr1:20000000-25000000
PoolWorker-32,  processing 841529 (33720.9 per sec) reads @ chr19:5000000-10000000
PoolWorker-32 countReadsInRegions_worker: processing 5000 (196.1 per sec) @ chr19:5000000-10000000
PoolWorker-32,  processing 197970 (37406.7 per sec) reads @ Ascaf_26:0-156806
PoolWorker-32 countReadsInRegions_worker: processing 156 (28.8 per sec) @ Ascaf_26:0-156806
PoolWorker-32,  processing 1383613 (34515.9 per sec) reads @ chr4:35000000-40000000
PoolWorker-32 countReadsInRegions_worker: processing 5000 (122.3 per sec) @ chr4:35000000-40000000
PoolWorker-32,  processing 1569212 (35621.1 per sec) reads @ chr6:0-5000000
PoolWorker-32 countReadsInRegions_worker: processing 5000 (111.7 per sec) @ chr6:0-5000000
PoolWorker-32,  processing 1380161 (34965.7 per sec) reads @ chr11:0-5000000
PoolWorker-32 countReadsInRegions_worker: processing 5000 (124.5 per sec) @ chr11:0-5000000
PoolWorker-32,  processing 3828 (42858.1 per sec) reads @ Ascaf_148:0-14976
PoolWorker-32 countReadsInRegions_worker: processing 14 (105.8 per sec) @ Ascaf_148:0-14976
PoolWorker-32,  processing 9376 (39546.2 per sec) reads @ Ascaf_161:0-1000
PoolWorker-32 countReadsInRegions_worker: processing 1 (3.6 per sec) @ Ascaf_161:0-1000
PoolWorker-32,  processing 9800 (36084.7 per sec) reads @ Ascaf_93:0-34038
PoolWorker-32 countReadsInRegions_worker: processing 34 (107.8 per sec) @ Ascaf_93:0-34038
PoolWorker-32,  processing 1408899 (35269.4 per sec) reads @ chr2:0-5000000
PoolWorker-32 countReadsInRegions_worker: processing 5000 (123.0 per sec) @ chr2:0-5000000
PoolWorker-32,  processing 1458533 (36244.5 per sec) reads @ chr5:10000000-15000000
PoolWorker-32 countReadsInRegions_worker: processing 5000 (122.1 per sec) @ chr5:10000000-15000000
PoolWorker-32,  processing 1329338 (63510.0 per sec) reads @ chr2:5000000-10000000
PoolWorker-32 countReadsInRegions_worker: processing 5000 (235.1 per sec) @ chr2:5000000-10000000
PoolWorker-32,  processing 1442110 (82235.5 per sec) reads @ chr15:15000000-20000000
PoolWorker-32 countReadsInRegions_worker: processing 5000 (280.2 per sec) @ chr15:15000000-20000000
PoolWorker-27,  processing 103830 (35325.4 per sec) reads @ Ascaf_35:0-99371
PoolWorker-27 countReadsInRegions_worker: processing 99 (32.6 per sec) @ Ascaf_35:0-99371
PoolWorker-27,  processing 330931 (36574.3 per sec) reads @ Ascaf_45:0-74461
PoolWorker-27 countReadsInRegions_worker: processing 74 (8.0 per sec) @ Ascaf_45:0-74461
PoolWorker-27,  processing 8531 (37891.1 per sec) reads @ Ascaf_66:0-47454
PoolWorker-27 countReadsInRegions_worker: processing 47 (177.7 per sec) @ Ascaf_66:0-47454
PoolWorker-27,  processing 5240 (42036.7 per sec) reads @ Ascaf_136:0-17062
PoolWorker-27 countReadsInRegions_worker: processing 17 (96.3 per sec) @ Ascaf_136:0-17062
PoolWorker-27,  processing 6565 (36863.2 per sec) reads @ Ascaf_63:0-51776
PoolWorker-27 countReadsInRegions_worker: processing 51 (232.5 per sec) @ Ascaf_63:0-51776
PoolWorker-27,  processing 1527721 (35430.0 per sec) reads @ chr17:5000000-10000000
PoolWorker-27 countReadsInRegions_worker: processing 5000 (113.7 per sec) @ chr17:5000000-10000000
PoolWorker-27,  processing 143858 (36183.5 per sec) reads @ Ascaf_22:0-446888
PoolWorker-27 countReadsInRegions_worker: processing 446 (109.8 per sec) @ Ascaf_22:0-446888
PoolWorker-27,  processing 9014 (38848.6 per sec) reads @ Ascaf_85:0-37890
PoolWorker-27 countReadsInRegions_worker: processing 37 (137.5 per sec) @ Ascaf_85:0-37890
PoolWorker-27,  processing 198074 (37921.0 per sec) reads @ Ascaf_74:0-44000
PoolWorker-27 countReadsInRegions_worker: processing 44 (8.3 per sec) @ Ascaf_74:0-44000
PoolWorker-27,  processing 95 (60317.7 per sec) reads @ Ascaf_165:0-1000
PoolWorker-27 countReadsInRegions_worker: processing 1 (21.1 per sec) @ Ascaf_165:0-1000
PoolWorker-27,  processing 1379171 (35856.7 per sec) reads @ chr12:15000000-20000000
PoolWorker-27 countReadsInRegions_worker: processing 5000 (127.9 per sec) @ chr12:15000000-20000000
PoolWorker-27,  processing 1448439 (36158.0 per sec) reads @ chr1:15000000-20000000
PoolWorker-27 countReadsInRegions_worker: processing 5000 (122.6 per sec) @ chr1:15000000-20000000
PoolWorker-27,  processing 1775 (42727.8 per sec) reads @ Ascaf_156:0-5652
PoolWorker-27 countReadsInRegions_worker: processing 5 (61.0 per sec) @ Ascaf_156:0-5652
PoolWorker-27,  processing 1344862 (36574.3 per sec) reads @ chr8:10000000-15000000
PoolWorker-27 countReadsInRegions_worker: processing 5000 (133.9 per sec) @ chr8:10000000-15000000
PoolWorker-27,  processing 1210142 (35715.7 per sec) reads @ chr17:20000000-23682274
PoolWorker-27 countReadsInRegions_worker: processing 3682 (106.8 per sec) @ chr17:20000000-23682274
PoolWorker-27,  processing 11809 (38642.8 per sec) reads @ Ascaf_78:0-41577
PoolWorker-27 countReadsInRegions_worker: processing 41 (117.2 per sec) @ Ascaf_78:0-41577
PoolWorker-27,  processing 1070 (71615.1 per sec) reads @ Ascaf_158:0-3231
PoolWorker-27 countReadsInRegions_worker: processing 3 (47.4 per sec) @ Ascaf_158:0-3231
PoolWorker-27,  processing 26726 (38559.9 per sec) reads @ Ascaf_129:0-19000
PoolWorker-27 countReadsInRegions_worker: processing 19 (25.7 per sec) @ Ascaf_129:0-19000
PoolWorker-27,  processing 13563 (37427.9 per sec) reads @ Ascaf_133:0-49732
PoolWorker-27 countReadsInRegions_worker: processing 49 (121.1 per sec) @ Ascaf_133:0-49732
PoolWorker-27,  processing 12316 (35917.9 per sec) reads @ Ascaf_80:0-41014
PoolWorker-27 countReadsInRegions_worker: processing 41 (110.2 per sec) @ Ascaf_80:0-41014
PoolWorker-27,  processing 6546 (39320.8 per sec) reads @ Ascaf_103:0-30986
PoolWorker-27 countReadsInRegions_worker: processing 30 (142.7 per sec) @ Ascaf_103:0-30986
PoolWorker-27,  processing 5373 (41969.0 per sec) reads @ Ascaf_121:0-21431
PoolWorker-27 countReadsInRegions_worker: processing 21 (122.8 per sec) @ Ascaf_121:0-21431
PoolWorker-27,  processing 20496 (34855.2 per sec) reads @ Ascaf_47:0-72017
PoolWorker-27 countReadsInRegions_worker: processing 72 (111.3 per sec) @ Ascaf_47:0-72017
PoolWorker-27,  processing 3403 (51303.2 per sec) reads @ Ascaf_82:0-39089
PoolWorker-27 countReadsInRegions_worker: processing 39 (364.6 per sec) @ Ascaf_82:0-39089
PoolWorker-27,  processing 1795772 (54490.7 per sec) reads @ chr13:0-5000000
PoolWorker-27 countReadsInRegions_worker: processing 5000 (149.8 per sec) @ chr13:0-5000000
PoolWorker-27,  processing 11457 (76382.5 per sec) reads @ Ascaf_77:0-41997
PoolWorker-27 countReadsInRegions_worker: processing 41 (257.7 per sec) @ Ascaf_77:0-41997
PoolWorker-27,  processing 3331 (78367.2 per sec) reads @ Ascaf_145:0-15510
PoolWorker-27 countReadsInRegions_worker: processing 15 (296.3 per sec) @ Ascaf_145:0-15510
PoolWorker-27,  processing 1411741 (77509.0 per sec) reads @ chr1:0-5000000
PoolWorker-27 countReadsInRegions_worker: processing 5000 (270.1 per sec) @ chr1:0-5000000
PoolWorker-31,  processing 2977 (35002.6 per sec) reads @ Ascaf_116:0-22916
PoolWorker-31 countReadsInRegions_worker: processing 22 (176.7 per sec) @ Ascaf_116:0-22916
PoolWorker-31,  processing 17598 (40467.6 per sec) reads @ Ascaf_59:0-57475
PoolWorker-31 countReadsInRegions_worker: processing 57 (116.8 per sec) @ Ascaf_59:0-57475
PoolWorker-31,  processing 55948 (34520.6 per sec) reads @ Ascaf_75:0-42641
PoolWorker-31 countReadsInRegions_worker: processing 42 (24.5 per sec) @ Ascaf_75:0-42641
PoolWorker-31,  processing 1841722 (34937.0 per sec) reads @ chr4:20000000-25000000
PoolWorker-31 countReadsInRegions_worker: processing 5000 (92.6 per sec) @ chr4:20000000-25000000
PoolWorker-31,  processing 36627 (37938.9 per sec) reads @ Ascaf_114:0-24031
PoolWorker-31 countReadsInRegions_worker: processing 24 (23.4 per sec) @ Ascaf_114:0-24031
PoolWorker-31,  processing 1579706 (36700.8 per sec) reads @ chr14:0-5000000
PoolWorker-31 countReadsInRegions_worker: processing 5000 (113.6 per sec) @ chr14:0-5000000
PoolWorker-31,  processing 6579 (42308.7 per sec) reads @ Ascaf_126:0-19574
PoolWorker-31 countReadsInRegions_worker: processing 19 (96.5 per sec) @ Ascaf_126:0-19574
PoolWorker-31,  processing 1408920 (35938.7 per sec) reads @ chr21:10000000-15000000
PoolWorker-31 countReadsInRegions_worker: processing 5000 (125.3 per sec) @ chr21:10000000-15000000
PoolWorker-31,  processing 705137 (36155.0 per sec) reads @ chr2:25000000-26977752
PoolWorker-31 countReadsInRegions_worker: processing 1977 (99.8 per sec) @ chr2:25000000-26977752
PoolWorker-31,  processing 342829 (34929.3 per sec) reads @ chr6:20000000-21248438
PoolWorker-31 countReadsInRegions_worker: processing 1248 (124.9 per sec) @ chr6:20000000-21248438
PoolWorker-31,  processing 1373997 (36118.0 per sec) reads @ chr20:10000000-15000000
PoolWorker-31 countReadsInRegions_worker: processing 5000 (129.0 per sec) @ chr20:10000000-15000000
PoolWorker-31,  processing 39742 (36533.3 per sec) reads @ Ascaf_166:0-50000
PoolWorker-31 countReadsInRegions_worker: processing 50 (44.0 per sec) @ Ascaf_166:0-50000
PoolWorker-31,  processing 2458 (40551.6 per sec) reads @ Ascaf_115:0-24004
PoolWorker-31 countReadsInRegions_worker: processing 24 (235.5 per sec) @ Ascaf_115:0-24004
PoolWorker-31,  processing 8313 (37585.6 per sec) reads @ Ascaf_109:0-28244
PoolWorker-31 countReadsInRegions_worker: processing 28 (106.4 per sec) @ Ascaf_109:0-28244
PoolWorker-31,  processing 8964 (28138.8 per sec) reads @ Ascaf_67:0-40269
PoolWorker-31 countReadsInRegions_worker: processing 40 (108.6 per sec) @ Ascaf_67:0-40269
PoolWorker-31,  processing 67361 (37086.4 per sec) reads @ Ascaf_72:0-46000
PoolWorker-31 countReadsInRegions_worker: processing 46 (24.4 per sec) @ Ascaf_72:0-46000
PoolWorker-31,  processing 18775 (38223.7 per sec) reads @ Ascaf_56:0-58445
PoolWorker-31 countReadsInRegions_worker: processing 58 (110.2 per sec) @ Ascaf_56:0-58445
PoolWorker-31,  processing 1352501 (42469.1 per sec) reads @ chr16:10000000-15000000
PoolWorker-31 countReadsInRegions_worker: processing 5000 (155.4 per sec) @ chr16:10000000-15000000
PoolWorker-31,  processing 1541953 (76201.7 per sec) reads @ chr20:0-5000000
PoolWorker-31 countReadsInRegions_worker: processing 5000 (243.3 per sec) @ chr20:0-5000000
PoolWorker-31,  processing 1331756 (84898.5 per sec) reads @ chr7:25000000-30000000
PoolWorker-31 countReadsInRegions_worker: processing 5000 (313.9 per sec) @ chr7:25000000-30000000
output file: /storage/scratch/iee/dj20y461/Stickleback/Y_comp/Sex_chrom_stats/Read_depths/Gw/depths/Gw9a_M.1kb.RPKM.depth
