genome partition size for multiprocessing: 1000000
using 16 processors for 657 number of tasks
Final scaling factor: 0.00723980915052
PoolWorker-19,  processing 1255321 (34858.8 per sec) reads @ chr20:10000000-15000000
PoolWorker-19 countReadsInRegions_worker: processing 5000 (135.9 per sec) @ chr20:10000000-15000000
PoolWorker-19,  processing 1240806 (35339.4 per sec) reads @ chr11:0-5000000
PoolWorker-19 countReadsInRegions_worker: processing 5000 (139.8 per sec) @ chr11:0-5000000
PoolWorker-19,  processing 6743 (38331.7 per sec) reads @ Ascaf_108:0-29345
PoolWorker-19 countReadsInRegions_worker: processing 29 (133.4 per sec) @ Ascaf_108:0-29345
PoolWorker-19,  processing 1580 (45141.5 per sec) reads @ Ascaf_156:0-5652
PoolWorker-19 countReadsInRegions_worker: processing 5 (65.9 per sec) @ Ascaf_156:0-5652
PoolWorker-19,  processing 32007 (39769.6 per sec) reads @ Ascaf_55:0-59833
PoolWorker-19 countReadsInRegions_worker: processing 59 (69.4 per sec) @ Ascaf_55:0-59833
PoolWorker-19,  processing 1297242 (37597.4 per sec) reads @ chr13:5000000-10000000
PoolWorker-19 countReadsInRegions_worker: processing 5000 (141.6 per sec) @ chr13:5000000-10000000
PoolWorker-19,  processing 4393 (39884.5 per sec) reads @ Ascaf_102:0-31073
PoolWorker-19 countReadsInRegions_worker: processing 31 (203.1 per sec) @ Ascaf_102:0-31073
PoolWorker-19,  processing 1266580 (36455.6 per sec) reads @ chr1:30000000-33917795
PoolWorker-19 countReadsInRegions_worker: processing 3917 (110.7 per sec) @ chr1:30000000-33917795
PoolWorker-19,  processing 1229647 (36854.1 per sec) reads @ chr2:10000000-15000000
PoolWorker-19 countReadsInRegions_worker: processing 5000 (147.5 per sec) @ chr2:10000000-15000000
PoolWorker-19,  processing 6799 (33035.3 per sec) reads @ Ascaf_95:0-33544
PoolWorker-19 countReadsInRegions_worker: processing 33 (133.7 per sec) @ Ascaf_95:0-33544
PoolWorker-19,  processing 171618 (36681.8 per sec) reads @ Ascaf_43:0-83995
PoolWorker-19 countReadsInRegions_worker: processing 83 (17.3 per sec) @ Ascaf_43:0-83995
PoolWorker-19,  processing 1275601 (36019.8 per sec) reads @ chr15:5000000-10000000
PoolWorker-19 countReadsInRegions_worker: processing 5000 (139.1 per sec) @ chr15:5000000-10000000
PoolWorker-18,  processing 1362127 (34690.1 per sec) reads @ chr16:0-5000000
PoolWorker-18 countReadsInRegions_worker: processing 5000 (123.9 per sec) @ chr16:0-5000000
PoolWorker-18,  processing 11893 (37045.9 per sec) reads @ Ascaf_69:0-44691
PoolWorker-18 countReadsInRegions_worker: processing 44 (120.6 per sec) @ Ascaf_69:0-44691
PoolWorker-18,  processing 20970 (37562.7 per sec) reads @ Ascaf_166:0-50000
PoolWorker-18 countReadsInRegions_worker: processing 50 (81.2 per sec) @ Ascaf_166:0-50000
PoolWorker-18,  processing 22593 (37151.5 per sec) reads @ Ascaf_46:0-73387
PoolWorker-18 countReadsInRegions_worker: processing 73 (111.6 per sec) @ Ascaf_46:0-73387
PoolWorker-18,  processing 9855 (36451.9 per sec) reads @ Ascaf_76:0-42514
PoolWorker-18 countReadsInRegions_worker: processing 42 (134.6 per sec) @ Ascaf_76:0-42514
PoolWorker-18,  processing 81955 (36169.0 per sec) reads @ Ascaf_32:0-110405
PoolWorker-18 countReadsInRegions_worker: processing 110 (47.1 per sec) @ Ascaf_32:0-110405
PoolWorker-18,  processing 12372 (38269.6 per sec) reads @ Ascaf_133:0-49732
PoolWorker-18 countReadsInRegions_worker: processing 49 (134.1 per sec) @ Ascaf_133:0-49732
PoolWorker-18,  processing 36609 (35793.3 per sec) reads @ Ascaf_114:0-24031
PoolWorker-18 countReadsInRegions_worker: processing 24 (22.4 per sec) @ Ascaf_114:0-24031
PoolWorker-18,  processing 1824 (47596.7 per sec) reads @ Ascaf_155:0-6589
PoolWorker-18 countReadsInRegions_worker: processing 6 (75.6 per sec) @ Ascaf_155:0-6589
PoolWorker-18,  processing 1281442 (35152.7 per sec) reads @ chr10:0-5000000
PoolWorker-18 countReadsInRegions_worker: processing 5000 (134.5 per sec) @ chr10:0-5000000
PoolWorker-18,  processing 5983 (41413.1 per sec) reads @ Ascaf_167:0-25000
PoolWorker-18 countReadsInRegions_worker: processing 25 (124.5 per sec) @ Ascaf_167:0-25000
PoolWorker-18,  processing 5653 (39637.9 per sec) reads @ Ascaf_60:0-24766
PoolWorker-18 countReadsInRegions_worker: processing 24 (130.6 per sec) @ Ascaf_60:0-24766
PoolWorker-18,  processing 1146807 (36126.6 per sec) reads @ chr10:15000000-19005646
PoolWorker-18 countReadsInRegions_worker: processing 4005 (124.1 per sec) @ chr10:15000000-19005646
PoolWorker-18,  processing 3420 (38970.9 per sec) reads @ Ascaf_139:0-16678
PoolWorker-18 countReadsInRegions_worker: processing 16 (124.6 per sec) @ Ascaf_139:0-16678
PoolWorker-18,  processing 201955 (39226.4 per sec) reads @ Ascaf_27:0-155775
PoolWorker-18 countReadsInRegions_worker: processing 155 (29.4 per sec) @ Ascaf_27:0-155775
PoolWorker-18,  processing 7765 (35687.2 per sec) reads @ Ascaf_66:0-47454
PoolWorker-18 countReadsInRegions_worker: processing 47 (180.6 per sec) @ Ascaf_66:0-47454
PoolWorker-18,  processing 39444 (38317.2 per sec) reads @ Ascaf_129:0-19000
PoolWorker-18 countReadsInRegions_worker: processing 19 (17.4 per sec) @ Ascaf_129:0-19000
PoolWorker-18,  processing 305735 (35406.4 per sec) reads @ chr6:20000000-21248438
PoolWorker-18 countReadsInRegions_worker: processing 1248 (141.0 per sec) @ chr6:20000000-21248438
PoolWorker-18,  processing 1247178 (36664.6 per sec) reads @ chr13:10000000-15000000
PoolWorker-18 countReadsInRegions_worker: processing 5000 (144.4 per sec) @ chr13:10000000-15000000
PoolWorker-18,  processing 1333435 (36361.2 per sec) reads @ chr5:10000000-15000000
PoolWorker-18 countReadsInRegions_worker: processing 5000 (133.9 per sec) @ chr5:10000000-15000000
PoolWorker-18,  processing 5404 (38322.7 per sec) reads @ Ascaf_123:0-20153
PoolWorker-18 countReadsInRegions_worker: processing 20 (109.8 per sec) @ Ascaf_123:0-20153
PoolWorker-18,  processing 20942 (39336.3 per sec) reads @ Ascaf_56:0-58445
PoolWorker-18 countReadsInRegions_worker: processing 58 (98.2 per sec) @ Ascaf_56:0-58445
PoolWorker-18,  processing 12862 (36714.6 per sec) reads @ Ascaf_63:0-51776
PoolWorker-18 countReadsInRegions_worker: processing 51 (129.8 per sec) @ Ascaf_63:0-51776
PoolWorker-18,  processing 11939 (37014.1 per sec) reads @ Ascaf_58:0-57612
PoolWorker-18 countReadsInRegions_worker: processing 57 (156.3 per sec) @ Ascaf_58:0-57612
PoolWorker-18,  processing 8102 (38153.3 per sec) reads @ Ascaf_99:0-33167
PoolWorker-18 countReadsInRegions_worker: processing 33 (129.1 per sec) @ Ascaf_99:0-33167
PoolWorker-18,  processing 1670268 (47057.5 per sec) reads @ chr14:5000000-10000000
PoolWorker-18 countReadsInRegions_worker: processing 5000 (139.1 per sec) @ chr14:5000000-10000000
PoolWorker-18,  processing 3128 (24300.3 per sec) reads @ Ascaf_116:0-22916
PoolWorker-18 countReadsInRegions_worker: processing 22 (161.0 per sec) @ Ascaf_116:0-22916
PoolWorker-18,  processing 319 (77465.4 per sec) reads @ Ascaf_160:0-2000
PoolWorker-18 countReadsInRegions_worker: processing 2 (173.7 per sec) @ Ascaf_160:0-2000
PoolWorker-28,  processing 1295123 (34958.8 per sec) reads @ chr10:10000000-15000000
PoolWorker-28 countReadsInRegions_worker: processing 5000 (131.6 per sec) @ chr10:10000000-15000000
PoolWorker-28,  processing 1271405 (34884.0 per sec) reads @ chr4:35000000-40000000
PoolWorker-28 countReadsInRegions_worker: processing 5000 (134.9 per sec) @ chr4:35000000-40000000
PoolWorker-28,  processing 4500 (25480.7 per sec) reads @ Ascaf_122:0-20728
PoolWorker-28 countReadsInRegions_worker: processing 20 (92.6 per sec) @ Ascaf_122:0-20728
PoolWorker-28,  processing 12236 (37767.6 per sec) reads @ Ascaf_68:0-47437
PoolWorker-28 countReadsInRegions_worker: processing 47 (127.5 per sec) @ Ascaf_68:0-47437
PoolWorker-28,  processing 1562916 (36451.7 per sec) reads @ chr1:20000000-25000000
PoolWorker-28 countReadsInRegions_worker: processing 5000 (114.5 per sec) @ chr1:20000000-25000000
PoolWorker-28,  processing 1314754 (36305.2 per sec) reads @ chr11:10000000-15000000
PoolWorker-28 countReadsInRegions_worker: processing 5000 (135.7 per sec) @ chr11:10000000-15000000
PoolWorker-28,  processing 1256032 (36075.2 per sec) reads @ chr12:5000000-10000000
PoolWorker-28 countReadsInRegions_worker: processing 5000 (141.2 per sec) @ chr12:5000000-10000000
PoolWorker-28,  processing 26341 (39523.9 per sec) reads @ Ascaf_84:0-38148
PoolWorker-28 countReadsInRegions_worker: processing 38 (53.3 per sec) @ Ascaf_84:0-38148
PoolWorker-28,  processing 9003 (26244.1 per sec) reads @ Ascaf_93:0-34038
PoolWorker-28 countReadsInRegions_worker: processing 34 (85.2 per sec) @ Ascaf_93:0-34038
PoolWorker-28,  processing 41069 (38967.0 per sec) reads @ Ascaf_29:0-143722
PoolWorker-28 countReadsInRegions_worker: processing 143 (128.3 per sec) @ Ascaf_29:0-143722
PoolWorker-28,  processing 568026 (37060.1 per sec) reads @ chr19:20000000-23715829
PoolWorker-28 countReadsInRegions_worker: processing 3715 (237.8 per sec) @ chr19:20000000-23715829
PoolWorker-28,  processing 4476 (43817.8 per sec) reads @ Ascaf_131:0-18319
PoolWorker-28 countReadsInRegions_worker: processing 18 (124.2 per sec) @ Ascaf_131:0-18319
PoolWorker-28,  processing 213980 (36515.2 per sec) reads @ chr4:40000000-40647937
PoolWorker-28 countReadsInRegions_worker: processing 647 (108.2 per sec) @ chr4:40000000-40647937
PoolWorker-28,  processing 99964 (38701.9 per sec) reads @ Ascaf_50:0-70692
PoolWorker-28 countReadsInRegions_worker: processing 70 (26.4 per sec) @ Ascaf_50:0-70692
PoolWorker-28,  processing 3044 (45340.8 per sec) reads @ Ascaf_145:0-15510
PoolWorker-28 countReadsInRegions_worker: processing 15 (122.3 per sec) @ Ascaf_145:0-15510
PoolWorker-28,  processing 142151 (58156.6 per sec) reads @ Ascaf_22:0-446888
PoolWorker-28 countReadsInRegions_worker: processing 446 (175.6 per sec) @ Ascaf_22:0-446888
PoolWorker-31,  processing 1233318 (34630.1 per sec) reads @ chr20:5000000-10000000
PoolWorker-31 countReadsInRegions_worker: processing 5000 (137.4 per sec) @ chr20:5000000-10000000
PoolWorker-31,  processing 1266456 (35035.2 per sec) reads @ chr16:5000000-10000000
PoolWorker-31 countReadsInRegions_worker: processing 5000 (135.5 per sec) @ chr16:5000000-10000000
PoolWorker-31,  processing 1303752 (35107.3 per sec) reads @ chr1:0-5000000
PoolWorker-31 countReadsInRegions_worker: processing 5000 (132.2 per sec) @ chr1:0-5000000
PoolWorker-31,  processing 1286418 (35419.3 per sec) reads @ chr15:0-5000000
PoolWorker-31 countReadsInRegions_worker: processing 5000 (135.2 per sec) @ chr15:0-5000000
PoolWorker-31,  processing 1355940 (36421.2 per sec) reads @ chr17:10000000-15000000
PoolWorker-31 countReadsInRegions_worker: processing 5000 (132.3 per sec) @ chr17:10000000-15000000
PoolWorker-31,  processing 33561 (37064.6 per sec) reads @ Ascaf_44:0-77777
PoolWorker-31 countReadsInRegions_worker: processing 77 (79.4 per sec) @ Ascaf_44:0-77777
PoolWorker-31,  processing 4889 (41540.2 per sec) reads @ Ascaf_132:0-17867
PoolWorker-31 countReadsInRegions_worker: processing 17 (108.6 per sec) @ Ascaf_132:0-17867
PoolWorker-31,  processing 1237366 (36325.5 per sec) reads @ chr2:5000000-10000000
PoolWorker-31 countReadsInRegions_worker: processing 5000 (144.7 per sec) @ chr2:5000000-10000000
PoolWorker-26,  processing 158029 (36317.5 per sec) reads @ Ascaf_33:0-106103
PoolWorker-26 countReadsInRegions_worker: processing 106 (23.7 per sec) @ Ascaf_33:0-106103
PoolWorker-26,  processing 75793 (38048.5 per sec) reads @ Ascaf_79:0-41364
PoolWorker-26 countReadsInRegions_worker: processing 41 (19.6 per sec) @ Ascaf_79:0-41364
PoolWorker-26,  processing 1283796 (34420.7 per sec) reads @ chr8:0-5000000
PoolWorker-26 countReadsInRegions_worker: processing 5000 (131.7 per sec) @ chr8:0-5000000
PoolWorker-26,  processing 9730 (39401.2 per sec) reads @ Ascaf_87:0-36937
PoolWorker-26 countReadsInRegions_worker: processing 36 (123.7 per sec) @ Ascaf_87:0-36937
PoolWorker-26,  processing 2628 (42602.8 per sec) reads @ Ascaf_140:0-15786
PoolWorker-26 countReadsInRegions_worker: processing 15 (144.3 per sec) @ Ascaf_140:0-15786
PoolWorker-26,  processing 1263077 (36067.3 per sec) reads @ chr10:5000000-10000000
PoolWorker-26 countReadsInRegions_worker: processing 5000 (140.5 per sec) @ chr10:5000000-10000000
PoolWorker-26,  processing 8165 (38652.9 per sec) reads @ Ascaf_85:0-37890
PoolWorker-26 countReadsInRegions_worker: processing 37 (140.1 per sec) @ Ascaf_85:0-37890
PoolWorker-26,  processing 1291418 (36670.2 per sec) reads @ chr9:5000000-10000000
PoolWorker-26 countReadsInRegions_worker: processing 5000 (139.4 per sec) @ chr9:5000000-10000000
PoolWorker-26,  processing 1228575 (35676.0 per sec) reads @ chr21:0-5000000
PoolWorker-26 countReadsInRegions_worker: processing 5000 (143.2 per sec) @ chr21:0-5000000
PoolWorker-26,  processing 1518981 (36618.3 per sec) reads @ chr20:0-5000000
PoolWorker-26 countReadsInRegions_worker: processing 5000 (118.4 per sec) @ chr20:0-5000000
PoolWorker-26,  processing 1234305 (39055.0 per sec) reads @ chr11:15000000-19299255
PoolWorker-26 countReadsInRegions_worker: processing 4299 (134.1 per sec) @ chr11:15000000-19299255
PoolWorker-26,  processing 8881 (40424.8 per sec) reads @ Ascaf_88:0-36907
PoolWorker-26 countReadsInRegions_worker: processing 36 (136.9 per sec) @ Ascaf_88:0-36907
PoolWorker-27,  processing 1680 (50174.7 per sec) reads @ Ascaf_154:0-6709
PoolWorker-27 countReadsInRegions_worker: processing 6 (121.0 per sec) @ Ascaf_154:0-6709
PoolWorker-27,  processing 6328 (72513.9 per sec) reads @ Ascaf_117:0-22832
PoolWorker-27 countReadsInRegions_worker: processing 22 (227.6 per sec) @ Ascaf_117:0-22832
PoolWorker-27,  processing 96448 (38416.3 per sec) reads @ Ascaf_120:0-22000
PoolWorker-27 countReadsInRegions_worker: processing 22 (8.6 per sec) @ Ascaf_120:0-22000
PoolWorker-27,  processing 1247790 (35128.6 per sec) reads @ chr8:10000000-15000000
PoolWorker-27 countReadsInRegions_worker: processing 5000 (137.0 per sec) @ chr8:10000000-15000000
PoolWorker-27,  processing 10398 (38884.2 per sec) reads @ Ascaf_78:0-41577
PoolWorker-27 countReadsInRegions_worker: processing 41 (133.6 per sec) @ Ascaf_78:0-41577
PoolWorker-27,  processing 1254055 (35589.5 per sec) reads @ chr2:0-5000000
PoolWorker-27 countReadsInRegions_worker: processing 5000 (138.9 per sec) @ chr2:0-5000000
PoolWorker-27,  processing 1258277 (36020.3 per sec) reads @ chr5:5000000-10000000
PoolWorker-27 countReadsInRegions_worker: processing 5000 (140.8 per sec) @ chr5:5000000-10000000
PoolWorker-27,  processing 26024 (36624.6 per sec) reads @ Ascaf_71:0-32519
PoolWorker-27 countReadsInRegions_worker: processing 32 (41.7 per sec) @ Ascaf_71:0-32519
PoolWorker-27,  processing 1407781 (37045.7 per sec) reads @ chr21:15000000-19873525
PoolWorker-27 countReadsInRegions_worker: processing 4873 (125.7 per sec) @ chr21:15000000-19873525
PoolWorker-27,  processing 4696 (40474.0 per sec) reads @ Ascaf_136:0-17062
PoolWorker-27 countReadsInRegions_worker: processing 17 (108.5 per sec) @ Ascaf_136:0-17062
PoolWorker-27,  processing 697248 (36678.3 per sec) reads @ chr19:15000000-20000000
PoolWorker-27 countReadsInRegions_worker: processing 5000 (257.6 per sec) @ chr19:15000000-20000000
PoolWorker-27,  processing 32350 (37742.7 per sec) reads @ Ascaf_73:0-44649
PoolWorker-27 countReadsInRegions_worker: processing 44 (47.3 per sec) @ Ascaf_73:0-44649
PoolWorker-27,  processing 769651 (35751.3 per sec) reads @ chr19:5000000-10000000
PoolWorker-27 countReadsInRegions_worker: processing 5000 (228.9 per sec) @ chr19:5000000-10000000
PoolWorker-27,  processing 1261295 (35145.6 per sec) reads @ chr13:20000000-24369283
PoolWorker-27 countReadsInRegions_worker: processing 4369 (120.0 per sec) @ chr13:20000000-24369283
PoolWorker-27,  processing 64101 (39043.9 per sec) reads @ Ascaf_72:0-46000
PoolWorker-27 countReadsInRegions_worker: processing 46 (26.8 per sec) @ Ascaf_72:0-46000
PoolWorker-27,  processing 368 (58320.3 per sec) reads @ Ascaf_157:0-3527
PoolWorker-27 countReadsInRegions_worker: processing 3 (130.5 per sec) @ Ascaf_157:0-3527
PoolWorker-17,  processing 1253308 (35119.6 per sec) reads @ chr6:15000000-20000000
PoolWorker-17 countReadsInRegions_worker: processing 5000 (136.6 per sec) @ chr6:15000000-20000000
PoolWorker-17,  processing 28370 (36232.1 per sec) reads @ Ascaf_92:0-34608
PoolWorker-17 countReadsInRegions_worker: processing 34 (41.0 per sec) @ Ascaf_92:0-34608
PoolWorker-17,  processing 1457273 (36615.4 per sec) reads @ chr18:0-5000000
PoolWorker-17 countReadsInRegions_worker: processing 5000 (122.9 per sec) @ chr18:0-5000000
PoolWorker-17,  processing 1275238 (35316.4 per sec) reads @ chr7:0-5000000
PoolWorker-17 countReadsInRegions_worker: processing 5000 (135.5 per sec) @ chr7:0-5000000
PoolWorker-17,  processing 13267 (37358.5 per sec) reads @ Ascaf_62:0-52951
PoolWorker-17 countReadsInRegions_worker: processing 52 (130.8 per sec) @ Ascaf_62:0-52951
PoolWorker-17,  processing 1235440 (36257.7 per sec) reads @ chr6:10000000-15000000
PoolWorker-17 countReadsInRegions_worker: processing 5000 (144.1 per sec) @ chr6:10000000-15000000
PoolWorker-17,  processing 13008 (37851.8 per sec) reads @ Ascaf_81:0-40000
PoolWorker-17 countReadsInRegions_worker: processing 40 (103.6 per sec) @ Ascaf_81:0-40000
PoolWorker-17,  processing 1328227 (36960.9 per sec) reads @ chr15:15000000-20000000
PoolWorker-17 countReadsInRegions_worker: processing 5000 (136.8 per sec) @ chr15:15000000-20000000
PoolWorker-17,  processing 9551 (35988.4 per sec) reads @ Ascaf_83:0-38959
PoolWorker-17 countReadsInRegions_worker: processing 38 (122.9 per sec) @ Ascaf_83:0-38959
PoolWorker-17,  processing 461768 (37692.7 per sec) reads @ Ascaf_42:0-86089
PoolWorker-17 countReadsInRegions_worker: processing 86 (6.9 per sec) @ Ascaf_42:0-86089
PoolWorker-17,  processing 1328874 (42037.5 per sec) reads @ chr9:0-5000000
PoolWorker-17 countReadsInRegions_worker: processing 5000 (156.2 per sec) @ chr9:0-5000000
PoolWorker-17,  processing 179651 (76908.4 per sec) reads @ Ascaf_26:0-156806
PoolWorker-17 countReadsInRegions_worker: processing 156 (65.6 per sec) @ Ascaf_26:0-156806
PoolWorker-21,  processing 1280658 (34391.5 per sec) reads @ chr8:15000000-20000000
PoolWorker-21 countReadsInRegions_worker: processing 5000 (130.6 per sec) @ chr8:15000000-20000000
PoolWorker-21,  processing 1264771 (35506.5 per sec) reads @ chr4:5000000-10000000
PoolWorker-21 countReadsInRegions_worker: processing 5000 (138.0 per sec) @ chr4:5000000-10000000
PoolWorker-21,  processing 3727 (40845.2 per sec) reads @ Ascaf_144:0-15519
PoolWorker-21 countReadsInRegions_worker: processing 15 (110.0 per sec) @ Ascaf_144:0-15519
PoolWorker-21,  processing 41126 (38300.0 per sec) reads @ Ascaf_137:0-17000
PoolWorker-21 countReadsInRegions_worker: processing 17 (15.1 per sec) @ Ascaf_137:0-17000
PoolWorker-21,  processing 11288 (35855.6 per sec) reads @ Ascaf_80:0-41014
PoolWorker-21 countReadsInRegions_worker: processing 41 (114.1 per sec) @ Ascaf_80:0-41014
PoolWorker-21,  processing 5699 (24720.0 per sec) reads @ Ascaf_168:0-25000
PoolWorker-21 countReadsInRegions_worker: processing 25 (91.8 per sec) @ Ascaf_168:0-25000
PoolWorker-21,  processing 1292655 (35451.6 per sec) reads @ chr17:0-5000000
PoolWorker-21 countReadsInRegions_worker: processing 5000 (134.6 per sec) @ chr17:0-5000000
PoolWorker-21,  processing 7895 (36929.3 per sec) reads @ Ascaf_111:0-25158
PoolWorker-21 countReadsInRegions_worker: processing 25 (100.5 per sec) @ Ascaf_111:0-25158
PoolWorker-21,  processing 478 (59788.2 per sec) reads @ Ascaf_164:0-1000
PoolWorker-21 countReadsInRegions_worker: processing 1 (5.9 per sec) @ Ascaf_164:0-1000
PoolWorker-21,  processing 837 (71209.6 per sec) reads @ Ascaf_158:0-3231
PoolWorker-21 countReadsInRegions_worker: processing 3 (65.7 per sec) @ Ascaf_158:0-3231
PoolWorker-21,  processing 1342151 (35065.7 per sec) reads @ chr5:0-5000000
PoolWorker-21 countReadsInRegions_worker: processing 5000 (128.5 per sec) @ chr5:0-5000000
PoolWorker-21,  processing 4943 (41813.6 per sec) reads @ Ascaf_125:0-19664
PoolWorker-21 countReadsInRegions_worker: processing 19 (119.1 per sec) @ Ascaf_125:0-19664
PoolWorker-21,  processing 50407 (39822.0 per sec) reads @ Ascaf_124:0-19772
PoolWorker-21 countReadsInRegions_worker: processing 19 (14.3 per sec) @ Ascaf_124:0-19772
PoolWorker-21,  processing 1269589 (35883.9 per sec) reads @ chr14:10000000-15000000
PoolWorker-21 countReadsInRegions_worker: processing 5000 (138.9 per sec) @ chr14:10000000-15000000
PoolWorker-21,  processing 69228 (34992.0 per sec) reads @ Ascaf_75:0-42641
PoolWorker-21 countReadsInRegions_worker: processing 42 (20.6 per sec) @ Ascaf_75:0-42641
PoolWorker-21,  processing 30389 (38470.5 per sec) reads @ Ascaf_31:0-121444
PoolWorker-21 countReadsInRegions_worker: processing 121 (144.9 per sec) @ Ascaf_31:0-121444
PoolWorker-21,  processing 8610 (35567.1 per sec) reads @ Ascaf_86:0-37568
PoolWorker-21 countReadsInRegions_worker: processing 37 (131.3 per sec) @ Ascaf_86:0-37568
PoolWorker-21,  processing 234 (62434.3 per sec) reads @ Ascaf_162:0-1000
PoolWorker-21 countReadsInRegions_worker: processing 1 (21.8 per sec) @ Ascaf_162:0-1000
PoolWorker-21,  processing 4312 (39832.3 per sec) reads @ Ascaf_134:0-17659
PoolWorker-21 countReadsInRegions_worker: processing 17 (114.1 per sec) @ Ascaf_134:0-17659
PoolWorker-21,  processing 1424527 (38837.5 per sec) reads @ chr16:15000000-20000000
PoolWorker-21 countReadsInRegions_worker: processing 5000 (133.3 per sec) @ chr16:15000000-20000000
PoolWorker-29,  processing 11994 (39778.1 per sec) reads @ Ascaf_70:0-46916
PoolWorker-29 countReadsInRegions_worker: processing 46 (143.5 per sec) @ Ascaf_70:0-46916
PoolWorker-29,  processing 302852 (36301.2 per sec) reads @ Ascaf_45:0-74461
PoolWorker-29 countReadsInRegions_worker: processing 74 (8.6 per sec) @ Ascaf_45:0-74461
PoolWorker-29,  processing 1480669 (35036.3 per sec) reads @ chr7:20000000-25000000
PoolWorker-29 countReadsInRegions_worker: processing 5000 (116.1 per sec) @ chr7:20000000-25000000
PoolWorker-29,  processing 6274 (38005.8 per sec) reads @ Ascaf_103:0-30986
PoolWorker-29 countReadsInRegions_worker: processing 30 (136.9 per sec) @ Ascaf_103:0-30986
PoolWorker-29,  processing 637598 (36921.2 per sec) reads @ chr2:25000000-26977752
PoolWorker-29 countReadsInRegions_worker: processing 1977 (112.3 per sec) @ chr2:25000000-26977752
PoolWorker-29,  processing 67174 (38299.1 per sec) reads @ Ascaf_113:0-24387
PoolWorker-29 countReadsInRegions_worker: processing 24 (12.9 per sec) @ Ascaf_113:0-24387
PoolWorker-29,  processing 3876 (20017.6 per sec) reads @ Ascaf_128:0-19120
PoolWorker-29 countReadsInRegions_worker: processing 19 (80.5 per sec) @ Ascaf_128:0-19120
PoolWorker-29,  processing 930432 (35980.8 per sec) reads @ chr12:20000000-23704847
PoolWorker-29 countReadsInRegions_worker: processing 3704 (140.7 per sec) @ chr12:20000000-23704847
PoolWorker-29,  processing 9420 (38353.9 per sec) reads @ Ascaf_169:0-50000
PoolWorker-29 countReadsInRegions_worker: processing 50 (173.1 per sec) @ Ascaf_169:0-50000
PoolWorker-29,  processing 1259406 (36470.6 per sec) reads @ chr1:10000000-15000000
PoolWorker-29 countReadsInRegions_worker: processing 5000 (142.6 per sec) @ chr1:10000000-15000000
PoolWorker-29,  processing 3888 (42131.3 per sec) reads @ Ascaf_147:0-15099
PoolWorker-29 countReadsInRegions_worker: processing 15 (111.1 per sec) @ Ascaf_147:0-15099
PoolWorker-29,  processing 87990 (38915.5 per sec) reads @ Ascaf_38:0-95573
PoolWorker-29 countReadsInRegions_worker: processing 95 (40.8 per sec) @ Ascaf_38:0-95573
PoolWorker-29,  processing 1273042 (36516.5 per sec) reads @ chr18:5000000-10000000
PoolWorker-29 countReadsInRegions_worker: processing 5000 (140.8 per sec) @ chr18:5000000-10000000
PoolWorker-29,  processing 17039 (32550.0 per sec) reads @ Ascaf_51:0-70629
PoolWorker-29 countReadsInRegions_worker: processing 70 (123.1 per sec) @ Ascaf_51:0-70629
PoolWorker-29,  processing 1441063 (36626.4 per sec) reads @ chr14:0-5000000
PoolWorker-29 countReadsInRegions_worker: processing 5000 (124.9 per sec) @ chr14:0-5000000
PoolWorker-29,  processing 1291378 (52502.3 per sec) reads @ chr4:15000000-20000000
PoolWorker-29 countReadsInRegions_worker: processing 5000 (200.3 per sec) @ chr4:15000000-20000000
PoolWorker-32,  processing 139339 (36861.7 per sec) reads @ Ascaf_39:0-92659
PoolWorker-32 countReadsInRegions_worker: processing 92 (23.9 per sec) @ Ascaf_39:0-92659
PoolWorker-32,  processing 1400440 (34934.4 per sec) reads @ chr3:0-5000000
PoolWorker-32 countReadsInRegions_worker: processing 5000 (121.8 per sec) @ chr3:0-5000000
PoolWorker-32,  processing 1237611 (35691.4 per sec) reads @ chr7:25000000-30000000
PoolWorker-32 countReadsInRegions_worker: processing 5000 (141.4 per sec) @ chr7:25000000-30000000
PoolWorker-32,  processing 155390 (38905.0 per sec) reads @ Ascaf_30:0-130979
PoolWorker-32 countReadsInRegions_worker: processing 130 (31.7 per sec) @ Ascaf_30:0-130979
PoolWorker-32,  processing 3094 (45984.1 per sec) reads @ Ascaf_152:0-12206
PoolWorker-32 countReadsInRegions_worker: processing 12 (99.2 per sec) @ Ascaf_152:0-12206
PoolWorker-32,  processing 3903 (40637.7 per sec) reads @ Ascaf_138:0-16696
PoolWorker-32 countReadsInRegions_worker: processing 16 (117.9 per sec) @ Ascaf_138:0-16696
PoolWorker-32,  processing 53284 (38844.0 per sec) reads @ Ascaf_52:0-64568
PoolWorker-32 countReadsInRegions_worker: processing 64 (44.5 per sec) @ Ascaf_52:0-64568
PoolWorker-32,  processing 18314 (37966.9 per sec) reads @ Ascaf_47:0-72017
PoolWorker-32 countReadsInRegions_worker: processing 72 (136.5 per sec) @ Ascaf_47:0-72017
PoolWorker-32,  processing 5106 (38491.4 per sec) reads @ Ascaf_127:0-19159
PoolWorker-32 countReadsInRegions_worker: processing 19 (108.2 per sec) @ Ascaf_127:0-19159
PoolWorker-32,  processing 3734 (42555.2 per sec) reads @ Ascaf_148:0-14976
PoolWorker-32 countReadsInRegions_worker: processing 14 (109.0 per sec) @ Ascaf_148:0-14976
PoolWorker-32,  processing 1255186 (36487.8 per sec) reads @ chr1:5000000-10000000
PoolWorker-32 countReadsInRegions_worker: processing 5000 (142.3 per sec) @ chr1:5000000-10000000
PoolWorker-32,  processing 46458 (38590.3 per sec) reads @ Ascaf_37:0-98231
PoolWorker-32 countReadsInRegions_worker: processing 98 (78.1 per sec) @ Ascaf_37:0-98231
PoolWorker-32,  processing 73853 (39328.0 per sec) reads @ Ascaf_119:0-22101
PoolWorker-32 countReadsInRegions_worker: processing 22 (11.3 per sec) @ Ascaf_119:0-22101
PoolWorker-32,  processing 6194 (42809.9 per sec) reads @ Ascaf_126:0-19574
PoolWorker-32 countReadsInRegions_worker: processing 19 (102.2 per sec) @ Ascaf_126:0-19574
PoolWorker-32,  processing 1281179 (36071.7 per sec) reads @ chr20:15000000-20000000
PoolWorker-32 countReadsInRegions_worker: processing 5000 (138.1 per sec) @ chr20:15000000-20000000
PoolWorker-32,  processing 10737 (28456.9 per sec) reads @ Ascaf_77:0-41997
PoolWorker-32 countReadsInRegions_worker: processing 41 (97.8 per sec) @ Ascaf_77:0-41997
PoolWorker-32,  processing 1673054 (37139.8 per sec) reads @ chr4:20000000-25000000
PoolWorker-32 countReadsInRegions_worker: processing 5000 (109.0 per sec) @ chr4:20000000-25000000
PoolWorker-32,  processing 24346 (37698.9 per sec) reads @ Ascaf_40:0-90738
PoolWorker-32 countReadsInRegions_worker: processing 90 (128.1 per sec) @ Ascaf_40:0-90738
PoolWorker-32,  processing 1296809 (45241.7 per sec) reads @ chr3:5000000-10000000
PoolWorker-32 countReadsInRegions_worker: processing 5000 (172.6 per sec) @ chr3:5000000-10000000
PoolWorker-32,  processing 200970 (77770.4 per sec) reads @ Ascaf_74:0-44000
PoolWorker-32 countReadsInRegions_worker: processing 44 (16.7 per sec) @ Ascaf_74:0-44000
PoolWorker-25,  processing 4010 (27236.3 per sec) reads @ Ascaf_150:0-13271
PoolWorker-25 countReadsInRegions_worker: processing 13 (63.7 per sec) @ Ascaf_150:0-13271
PoolWorker-25,  processing 28994 (36432.2 per sec) reads @ Ascaf_106:0-29590
PoolWorker-25 countReadsInRegions_worker: processing 29 (33.5 per sec) @ Ascaf_106:0-29590
PoolWorker-25,  processing 25127 (38820.3 per sec) reads @ Ascaf_105:0-29809
PoolWorker-25 countReadsInRegions_worker: processing 29 (40.6 per sec) @ Ascaf_105:0-29809
PoolWorker-25,  processing 1257281 (35275.7 per sec) reads @ chr16:10000000-15000000
PoolWorker-25 countReadsInRegions_worker: processing 5000 (136.8 per sec) @ chr16:10000000-15000000
PoolWorker-25,  processing 1257737 (36292.9 per sec) reads @ chr12:10000000-15000000
PoolWorker-25 countReadsInRegions_worker: processing 5000 (141.2 per sec) @ chr12:10000000-15000000
PoolWorker-25,  processing 8107 (36944.6 per sec) reads @ Ascaf_67:0-40269
PoolWorker-25 countReadsInRegions_worker: processing 40 (152.0 per sec) @ Ascaf_67:0-40269
PoolWorker-25,  processing 1367143 (35976.0 per sec) reads @ chr1:25000000-30000000
PoolWorker-25 countReadsInRegions_worker: processing 5000 (129.0 per sec) @ chr1:25000000-30000000
PoolWorker-25,  processing 217880 (40351.0 per sec) reads @ Ascaf_53:0-64139
PoolWorker-25 countReadsInRegions_worker: processing 64 (11.6 per sec) @ Ascaf_53:0-64139
PoolWorker-25,  processing 887154 (34808.3 per sec) reads @ chr18:15000000-18483836
PoolWorker-25 countReadsInRegions_worker: processing 3483 (134.6 per sec) @ chr18:15000000-18483836
PoolWorker-25,  processing 1099705 (35121.7 per sec) reads @ chr9:20000000-24303205
PoolWorker-25 countReadsInRegions_worker: processing 4303 (135.4 per sec) @ chr9:20000000-24303205
PoolWorker-25,  processing 1264230 (35503.9 per sec) reads @ chr4:0-5000000
PoolWorker-25 countReadsInRegions_worker: processing 5000 (137.9 per sec) @ chr4:0-5000000
PoolWorker-25,  processing 1455002 (51726.1 per sec) reads @ chr6:0-5000000
PoolWorker-25 countReadsInRegions_worker: processing 5000 (175.8 per sec) @ chr6:0-5000000
PoolWorker-24,  processing 10449 (71991.5 per sec) reads @ Ascaf_94:0-33862
PoolWorker-24 countReadsInRegions_worker: processing 33 (212.3 per sec) @ Ascaf_94:0-33862
PoolWorker-24,  processing 1304823 (34638.0 per sec) reads @ chr1:15000000-20000000
PoolWorker-24 countReadsInRegions_worker: processing 5000 (129.6 per sec) @ chr1:15000000-20000000
PoolWorker-24,  processing 13243 (37627.4 per sec) reads @ Ascaf_61:0-54508
PoolWorker-24 countReadsInRegions_worker: processing 54 (132.4 per sec) @ Ascaf_61:0-54508
PoolWorker-24,  processing 165342 (37385.9 per sec) reads @ chr15:20000000-20219940
PoolWorker-24 countReadsInRegions_worker: processing 219 (48.5 per sec) @ chr15:20000000-20219940
PoolWorker-24,  processing 158158 (38487.8 per sec) reads @ Ascaf_98:0-33222
PoolWorker-24 countReadsInRegions_worker: processing 33 (7.8 per sec) @ Ascaf_98:0-33222
PoolWorker-24,  processing 8389 (38647.6 per sec) reads @ Ascaf_161:0-1000
PoolWorker-24 countReadsInRegions_worker: processing 1 (3.8 per sec) @ Ascaf_161:0-1000
PoolWorker-24,  processing 1288535 (35374.9 per sec) reads @ chr4:10000000-15000000
PoolWorker-24 countReadsInRegions_worker: processing 5000 (134.9 per sec) @ chr4:10000000-15000000
PoolWorker-24,  processing 1279178 (35311.0 per sec) reads @ chr11:5000000-10000000
PoolWorker-24 countReadsInRegions_worker: processing 5000 (135.8 per sec) @ chr11:5000000-10000000
PoolWorker-24,  processing 75640 (38977.5 per sec) reads @ Ascaf_48:0-71747
PoolWorker-24 countReadsInRegions_worker: processing 71 (35.3 per sec) @ Ascaf_48:0-71747
PoolWorker-24,  processing 5612 (40227.1 per sec) reads @ Ascaf_118:0-22120
PoolWorker-24 countReadsInRegions_worker: processing 22 (121.6 per sec) @ Ascaf_118:0-22120
PoolWorker-24,  processing 5873 (40793.5 per sec) reads @ Ascaf_112:0-24428
PoolWorker-24 countReadsInRegions_worker: processing 24 (129.7 per sec) @ Ascaf_112:0-24428
PoolWorker-24,  processing 281754 (37462.9 per sec) reads @ Ascaf_25:0-178627
PoolWorker-24 countReadsInRegions_worker: processing 178 (23.1 per sec) @ Ascaf_25:0-178627
PoolWorker-24,  processing 1399344 (36113.1 per sec) reads @ chr7:15000000-20000000
PoolWorker-24 countReadsInRegions_worker: processing 5000 (126.7 per sec) @ chr7:15000000-20000000
PoolWorker-24,  processing 147507 (39342.0 per sec) reads @ Ascaf_96:0-33398
PoolWorker-24 countReadsInRegions_worker: processing 33 (8.6 per sec) @ Ascaf_96:0-33398
PoolWorker-24,  processing 8341 (39850.0 per sec) reads @ Ascaf_101:0-31946
PoolWorker-24 countReadsInRegions_worker: processing 31 (123.6 per sec) @ Ascaf_101:0-31946
PoolWorker-24,  processing 4281 (38820.1 per sec) reads @ Ascaf_135:0-17087
PoolWorker-24 countReadsInRegions_worker: processing 17 (111.0 per sec) @ Ascaf_135:0-17087
PoolWorker-24,  processing 35835 (36860.9 per sec) reads @ Ascaf_23:0-264707
PoolWorker-24 countReadsInRegions_worker: processing 264 (256.0 per sec) @ Ascaf_23:0-264707
PoolWorker-24,  processing 5064 (41997.0 per sec) reads @ Ascaf_121:0-21431
PoolWorker-24 countReadsInRegions_worker: processing 21 (128.9 per sec) @ Ascaf_121:0-21431
PoolWorker-24,  processing 1245015 (35957.4 per sec) reads @ chr7:5000000-10000000
PoolWorker-24 countReadsInRegions_worker: processing 5000 (142.1 per sec) @ chr7:5000000-10000000
PoolWorker-24,  processing 1268202 (45610.2 per sec) reads @ chr3:10000000-15000000
PoolWorker-24 countReadsInRegions_worker: processing 5000 (177.8 per sec) @ chr3:10000000-15000000
PoolWorker-23,  processing 5088 (42565.0 per sec) reads @ Ascaf_97:0-33357
PoolWorker-23 countReadsInRegions_worker: processing 33 (210.0 per sec) @ Ascaf_97:0-33357
PoolWorker-23,  processing 951462 (34222.4 per sec) reads @ chr14:15000000-18637407
PoolWorker-23 countReadsInRegions_worker: processing 3637 (127.6 per sec) @ chr14:15000000-18637407
PoolWorker-23,  processing 35827 (38978.5 per sec) reads @ Ascaf_64:0-51000
PoolWorker-23 countReadsInRegions_worker: processing 51 (47.3 per sec) @ Ascaf_64:0-51000
PoolWorker-23,  processing 17976 (71777.6 per sec) reads @ Ascaf_49:0-70996
PoolWorker-23 countReadsInRegions_worker: processing 70 (267.8 per sec) @ Ascaf_49:0-70996
PoolWorker-23,  processing 76509 (36714.3 per sec) reads @ chr3:20000000-20313673
PoolWorker-23 countReadsInRegions_worker: processing 313 (146.6 per sec) @ chr3:20000000-20313673
PoolWorker-23,  processing 50614 (38383.0 per sec) reads @ Ascaf_110:0-27536
PoolWorker-23 countReadsInRegions_worker: processing 27 (19.7 per sec) @ Ascaf_110:0-27536
PoolWorker-23,  processing 2092 (37591.5 per sec) reads @ Ascaf_115:0-24004
PoolWorker-23 countReadsInRegions_worker: processing 24 (243.5 per sec) @ Ascaf_115:0-24004
PoolWorker-23,  processing 1298408 (35485.3 per sec) reads @ chr2:20000000-25000000
PoolWorker-23 countReadsInRegions_worker: processing 5000 (134.2 per sec) @ chr2:20000000-25000000
PoolWorker-23,  processing 170 (10756.7 per sec) reads @ Ascaf_163:0-1000
PoolWorker-23 countReadsInRegions_worker: processing 1 (19.6 per sec) @ Ascaf_163:0-1000
PoolWorker-23,  processing 1243158 (35991.7 per sec) reads @ chr8:5000000-10000000
PoolWorker-23 countReadsInRegions_worker: processing 5000 (142.1 per sec) @ chr8:5000000-10000000
PoolWorker-23,  processing 52875 (34732.0 per sec) reads @ Ascaf_24:0-187591
PoolWorker-23 countReadsInRegions_worker: processing 187 (117.9 per sec) @ Ascaf_24:0-187591
PoolWorker-23,  processing 9119 (40315.6 per sec) reads @ Ascaf_91:0-34837
PoolWorker-23 countReadsInRegions_worker: processing 34 (126.0 per sec) @ Ascaf_91:0-34837
PoolWorker-23,  processing 1270412 (36456.0 per sec) reads @ chr12:15000000-20000000
PoolWorker-23 countReadsInRegions_worker: processing 5000 (140.9 per sec) @ chr12:15000000-20000000
PoolWorker-23,  processing 3728 (40628.2 per sec) reads @ Ascaf_130:0-18457
PoolWorker-23 countReadsInRegions_worker: processing 18 (136.3 per sec) @ Ascaf_130:0-18457
PoolWorker-23,  processing 1218092 (35638.7 per sec) reads @ chr17:20000000-23682274
PoolWorker-23 countReadsInRegions_worker: processing 3682 (106.1 per sec) @ chr17:20000000-23682274
PoolWorker-23,  processing 8048 (37381.1 per sec) reads @ Ascaf_100:0-32247
PoolWorker-23 countReadsInRegions_worker: processing 32 (123.8 per sec) @ Ascaf_100:0-32247
PoolWorker-23,  processing 1414374 (36674.6 per sec) reads @ chr17:5000000-10000000
PoolWorker-23 countReadsInRegions_worker: processing 5000 (127.7 per sec) @ chr17:5000000-10000000
PoolWorker-23,  processing 448 (69553.2 per sec) reads @ Ascaf_159:0-3139
PoolWorker-23 countReadsInRegions_worker: processing 3 (61.8 per sec) @ Ascaf_159:0-3139
PoolWorker-23,  processing 536842 (42087.6 per sec) reads @ chr16:20000000-22188971
PoolWorker-23 countReadsInRegions_worker: processing 2188 (169.8 per sec) @ chr16:20000000-22188971
PoolWorker-23,  processing 990769 (75811.2 per sec) reads @ chr8:20000000-23122080
PoolWorker-23 countReadsInRegions_worker: processing 3122 (235.6 per sec) @ chr8:20000000-23122080
PoolWorker-20,  processing 1252275 (34939.2 per sec) reads @ chr2:15000000-20000000
PoolWorker-20 countReadsInRegions_worker: processing 5000 (136.5 per sec) @ chr2:15000000-20000000
PoolWorker-20,  processing 738473 (35259.9 per sec) reads @ chr19:10000000-15000000
PoolWorker-20 countReadsInRegions_worker: processing 5000 (234.3 per sec) @ chr19:10000000-15000000
PoolWorker-20,  processing 1281816 (36563.0 per sec) reads @ chr6:5000000-10000000
PoolWorker-20 countReadsInRegions_worker: processing 5000 (139.7 per sec) @ chr6:5000000-10000000
PoolWorker-20,  processing 858982 (35863.6 per sec) reads @ chr20:20000000-22998664
PoolWorker-20 countReadsInRegions_worker: processing 2998 (123.2 per sec) @ chr20:20000000-22998664
PoolWorker-20,  processing 5762 (37789.3 per sec) reads @ Ascaf_104:0-29894
PoolWorker-20 countReadsInRegions_worker: processing 29 (154.5 per sec) @ Ascaf_104:0-29894
PoolWorker-20,  processing 2581 (41038.0 per sec) reads @ Ascaf_153:0-10046
PoolWorker-20 countReadsInRegions_worker: processing 10 (86.6 per sec) @ Ascaf_153:0-10046
PoolWorker-20,  processing 1286891 (36376.1 per sec) reads @ chr18:10000000-15000000
PoolWorker-20 countReadsInRegions_worker: processing 5000 (139.1 per sec) @ chr18:10000000-15000000
PoolWorker-20,  processing 1243552 (36584.3 per sec) reads @ chr9:10000000-15000000
PoolWorker-20 countReadsInRegions_worker: processing 5000 (144.6 per sec) @ chr9:10000000-15000000
PoolWorker-20,  processing 1451627 (36816.0 per sec) reads @ chr12:0-5000000
PoolWorker-20 countReadsInRegions_worker: processing 5000 (125.6 per sec) @ chr12:0-5000000
PoolWorker-20,  processing 17460 (77361.4 per sec) reads @ Ascaf_142:0-15730
PoolWorker-20 countReadsInRegions_worker: processing 15 (63.3 per sec) @ Ascaf_142:0-15730
PoolWorker-20,  processing 17516 (45857.0 per sec) reads @ Ascaf_59:0-57475
PoolWorker-20 countReadsInRegions_worker: processing 57 (145.0 per sec) @ Ascaf_59:0-57475
PoolWorker-20,  processing 1249444 (72615.5 per sec) reads @ chr17:15000000-20000000
PoolWorker-20 countReadsInRegions_worker: processing 5000 (285.5 per sec) @ chr17:15000000-20000000
PoolWorker-22,  processing 3813 (35644.8 per sec) reads @ Ascaf_141:0-15738
PoolWorker-22 countReadsInRegions_worker: processing 15 (128.8 per sec) @ Ascaf_141:0-15738
PoolWorker-22,  processing 7065 (46967.5 per sec) reads @ Ascaf_109:0-28244
PoolWorker-22 countReadsInRegions_worker: processing 28 (148.8 per sec) @ Ascaf_109:0-28244
PoolWorker-22,  processing 993900 (34335.6 per sec) reads @ chr7:30000000-33914388
PoolWorker-22 countReadsInRegions_worker: processing 3914 (131.3 per sec) @ chr7:30000000-33914388
PoolWorker-22,  processing 2557082 (34717.0 per sec) reads @ chr19:0-5000000
PoolWorker-22 countReadsInRegions_worker: processing 5000 (66.7 per sec) @ chr19:0-5000000
PoolWorker-22,  processing 22696 (37654.6 per sec) reads @ Ascaf_65:0-47651
PoolWorker-22 countReadsInRegions_worker: processing 47 (72.5 per sec) @ Ascaf_65:0-47651
PoolWorker-22,  processing 3403 (40179.4 per sec) reads @ Ascaf_149:0-13452
PoolWorker-22 countReadsInRegions_worker: processing 13 (103.6 per sec) @ Ascaf_149:0-13452
PoolWorker-22,  processing 2273 (39667.0 per sec) reads @ Ascaf_151:0-13242
PoolWorker-22 countReadsInRegions_worker: processing 13 (132.4 per sec) @ Ascaf_151:0-13242
PoolWorker-22,  processing 11405 (38462.6 per sec) reads @ Ascaf_54:0-60000
PoolWorker-22 countReadsInRegions_worker: processing 60 (177.4 per sec) @ Ascaf_54:0-60000
PoolWorker-22,  processing 64144 (38916.3 per sec) reads @ Ascaf_90:0-35566
PoolWorker-22 countReadsInRegions_worker: processing 35 (20.4 per sec) @ Ascaf_90:0-35566
PoolWorker-22,  processing 1620840 (35852.5 per sec) reads @ chr13:0-5000000
PoolWorker-22 countReadsInRegions_worker: processing 5000 (108.9 per sec) @ chr13:0-5000000
PoolWorker-22,  processing 68382 (38980.8 per sec) reads @ Ascaf_57:0-58000
PoolWorker-22 countReadsInRegions_worker: processing 58 (31.9 per sec) @ Ascaf_57:0-58000
PoolWorker-22,  processing 1303424 (36185.1 per sec) reads @ chr21:10000000-15000000
PoolWorker-22 countReadsInRegions_worker: processing 5000 (136.5 per sec) @ chr21:10000000-15000000
PoolWorker-22,  processing 240281 (38490.1 per sec) reads @ Ascaf_89:0-36000
PoolWorker-22 countReadsInRegions_worker: processing 36 (5.6 per sec) @ Ascaf_89:0-36000
PoolWorker-22,  processing 4208 (38661.9 per sec) reads @ Ascaf_82:0-39089
PoolWorker-22 countReadsInRegions_worker: processing 39 (256.3 per sec) @ Ascaf_82:0-39089
PoolWorker-22,  processing 1269752 (39739.7 per sec) reads @ chr9:15000000-20000000
PoolWorker-22 countReadsInRegions_worker: processing 5000 (155.0 per sec) @ chr9:15000000-20000000
PoolWorker-22,  processing 1264434 (66438.7 per sec) reads @ chr21:5000000-10000000
PoolWorker-22 countReadsInRegions_worker: processing 5000 (259.7 per sec) @ chr21:5000000-10000000
PoolWorker-30,  processing 1122863 (34701.3 per sec) reads @ chr5:15000000-18670498
PoolWorker-30 countReadsInRegions_worker: processing 3670 (111.0 per sec) @ chr5:15000000-18670498
PoolWorker-30,  processing 1337655 (35393.9 per sec) reads @ chr13:15000000-20000000
PoolWorker-30 countReadsInRegions_worker: processing 5000 (129.5 per sec) @ chr13:15000000-20000000
PoolWorker-30,  processing 79556 (35674.8 per sec) reads @ Ascaf_41:0-90399
PoolWorker-30 countReadsInRegions_worker: processing 90 (38.9 per sec) @ Ascaf_41:0-90399
PoolWorker-30,  processing 60867 (37681.3 per sec) reads @ Ascaf_36:0-98486
PoolWorker-30 countReadsInRegions_worker: processing 98 (58.7 per sec) @ Ascaf_36:0-98486
PoolWorker-30,  processing 125812 (35060.4 per sec) reads @ Ascaf_34:0-101478
PoolWorker-30 countReadsInRegions_worker: processing 101 (27.7 per sec) @ Ascaf_34:0-101478
PoolWorker-30,  processing 2857 (44169.3 per sec) reads @ Ascaf_143:0-15560
PoolWorker-30 countReadsInRegions_worker: processing 15 (140.9 per sec) @ Ascaf_143:0-15560
PoolWorker-30,  processing 1525388 (35577.0 per sec) reads @ chr4:25000000-30000000
PoolWorker-30 countReadsInRegions_worker: processing 5000 (114.8 per sec) @ chr4:25000000-30000000
PoolWorker-30,  processing 1251607 (36991.8 per sec) reads @ chr7:10000000-15000000
PoolWorker-30 countReadsInRegions_worker: processing 5000 (145.0 per sec) @ chr7:10000000-15000000
PoolWorker-30,  processing 54 (47702.7 per sec) reads @ Ascaf_165:0-1000
PoolWorker-30 countReadsInRegions_worker: processing 1 (22.5 per sec) @ Ascaf_165:0-1000
PoolWorker-30,  processing 113882 (39327.1 per sec) reads @ Ascaf_28:0-145740
PoolWorker-30 countReadsInRegions_worker: processing 145 (48.9 per sec) @ Ascaf_28:0-145740
PoolWorker-30,  processing 1333636 (36192.6 per sec) reads @ chr15:10000000-15000000
PoolWorker-30 countReadsInRegions_worker: processing 5000 (133.6 per sec) @ chr15:10000000-15000000
PoolWorker-30,  processing 3775 (41306.0 per sec) reads @ Ascaf_146:0-15502
PoolWorker-30 countReadsInRegions_worker: processing 15 (113.2 per sec) @ Ascaf_146:0-15502
PoolWorker-30,  processing 1301963 (37803.7 per sec) reads @ chr4:30000000-35000000
PoolWorker-30 countReadsInRegions_worker: processing 5000 (142.9 per sec) @ chr4:30000000-35000000
PoolWorker-30,  processing 1254865 (70623.4 per sec) reads @ chr3:15000000-20000000
PoolWorker-30 countReadsInRegions_worker: processing 5000 (277.4 per sec) @ chr3:15000000-20000000
PoolWorker-30,  processing 55327 (97385.3 per sec) reads @ Ascaf_107:0-29490
PoolWorker-30 countReadsInRegions_worker: processing 29 (49.9 per sec) @ Ascaf_107:0-29490
PoolWorker-30,  processing 105908 (94977.6 per sec) reads @ Ascaf_35:0-99371
PoolWorker-30 countReadsInRegions_worker: processing 99 (87.1 per sec) @ Ascaf_35:0-99371
output file: /storage/scratch/iee/dj20y461/Stickleback/Y_comp/Sex_chrom_stats/Read_depths/Gw/depths/Gw11a_M.1kb.RPKM.depth
