genome partition size for multiprocessing: 1000000
using 16 processors for 657 number of tasks
Final scaling factor: 0.00726018853112
PoolWorker-30,  processing 216992 (35197.5 per sec) reads @ chr4:40000000-40647937
PoolWorker-30 countReadsInRegions_worker: processing 647 (101.8 per sec) @ chr4:40000000-40647937
PoolWorker-30,  processing 1271771 (35122.0 per sec) reads @ chr9:10000000-15000000
PoolWorker-30 countReadsInRegions_worker: processing 5000 (135.8 per sec) @ chr9:10000000-15000000
PoolWorker-30,  processing 391 (67391.5 per sec) reads @ Ascaf_159:0-3139
PoolWorker-30 countReadsInRegions_worker: processing 3 (64.4 per sec) @ Ascaf_159:0-3139
PoolWorker-30,  processing 2491 (43568.1 per sec) reads @ Ascaf_128:0-19120
PoolWorker-30 countReadsInRegions_worker: processing 19 (194.9 per sec) @ Ascaf_128:0-19120
PoolWorker-30,  processing 21828 (37323.7 per sec) reads @ Ascaf_71:0-32519
PoolWorker-30 countReadsInRegions_worker: processing 32 (50.9 per sec) @ Ascaf_71:0-32519
PoolWorker-30,  processing 4633 (41095.7 per sec) reads @ Ascaf_135:0-17087
PoolWorker-30 countReadsInRegions_worker: processing 17 (111.1 per sec) @ Ascaf_135:0-17087
PoolWorker-30,  processing 1370013 (36172.4 per sec) reads @ chr3:0-5000000
PoolWorker-30 countReadsInRegions_worker: processing 5000 (129.5 per sec) @ chr3:0-5000000
PoolWorker-30,  processing 278806 (40281.4 per sec) reads @ Ascaf_89:0-36000
PoolWorker-30 countReadsInRegions_worker: processing 36 (5.1 per sec) @ Ascaf_89:0-36000
PoolWorker-30,  processing 902270 (34744.6 per sec) reads @ chr14:15000000-18637407
PoolWorker-30 countReadsInRegions_worker: processing 3637 (137.6 per sec) @ chr14:15000000-18637407
PoolWorker-30,  processing 4828 (41765.4 per sec) reads @ Ascaf_125:0-19664
PoolWorker-30 countReadsInRegions_worker: processing 19 (120.5 per sec) @ Ascaf_125:0-19664
PoolWorker-30,  processing 7616 (34662.6 per sec) reads @ Ascaf_99:0-33167
PoolWorker-30 countReadsInRegions_worker: processing 33 (125.4 per sec) @ Ascaf_99:0-33167
PoolWorker-30,  processing 160883 (39090.8 per sec) reads @ Ascaf_98:0-33222
PoolWorker-30 countReadsInRegions_worker: processing 33 (7.9 per sec) @ Ascaf_98:0-33222
PoolWorker-30,  processing 25025 (44338.3 per sec) reads @ Ascaf_40:0-90738
PoolWorker-30 countReadsInRegions_worker: processing 90 (152.7 per sec) @ Ascaf_40:0-90738
PoolWorker-30,  processing 1299344 (35666.8 per sec) reads @ chr4:15000000-20000000
PoolWorker-30 countReadsInRegions_worker: processing 5000 (134.9 per sec) @ chr4:15000000-20000000
PoolWorker-30,  processing 1362586 (36530.5 per sec) reads @ chr1:25000000-30000000
PoolWorker-30 countReadsInRegions_worker: processing 5000 (130.7 per sec) @ chr1:25000000-30000000
PoolWorker-30,  processing 137060 (37232.5 per sec) reads @ Ascaf_96:0-33398
PoolWorker-30 countReadsInRegions_worker: processing 33 (8.7 per sec) @ Ascaf_96:0-33398
PoolWorker-19,  processing 58278 (57087.0 per sec) reads @ Ascaf_72:0-46000
PoolWorker-19 countReadsInRegions_worker: processing 46 (44.2 per sec) @ Ascaf_72:0-46000
PoolWorker-19,  processing 1661393 (35087.4 per sec) reads @ chr4:20000000-25000000
PoolWorker-19 countReadsInRegions_worker: processing 5000 (102.6 per sec) @ chr4:20000000-25000000
PoolWorker-19,  processing 1563 (69272.8 per sec) reads @ Ascaf_154:0-6709
PoolWorker-19 countReadsInRegions_worker: processing 6 (92.5 per sec) @ Ascaf_154:0-6709
PoolWorker-19,  processing 1314035 (35725.4 per sec) reads @ chr1:15000000-20000000
PoolWorker-19 countReadsInRegions_worker: processing 5000 (133.3 per sec) @ chr1:15000000-20000000
PoolWorker-19,  processing 1234431 (35863.0 per sec) reads @ chr11:15000000-19299255
PoolWorker-19 countReadsInRegions_worker: processing 4299 (122.8 per sec) @ chr11:15000000-19299255
PoolWorker-19,  processing 107178 (37392.9 per sec) reads @ Ascaf_120:0-22000
PoolWorker-19 countReadsInRegions_worker: processing 22 (7.5 per sec) @ Ascaf_120:0-22000
PoolWorker-19,  processing 79419 (37326.7 per sec) reads @ chr3:20000000-20313673
PoolWorker-19 countReadsInRegions_worker: processing 313 (142.6 per sec) @ chr3:20000000-20313673
PoolWorker-19,  processing 4298 (37472.3 per sec) reads @ Ascaf_131:0-18319
PoolWorker-19 countReadsInRegions_worker: processing 18 (112.9 per sec) @ Ascaf_131:0-18319
PoolWorker-19,  processing 1401160 (36196.3 per sec) reads @ chr7:15000000-20000000
PoolWorker-19 countReadsInRegions_worker: processing 5000 (126.7 per sec) @ chr7:15000000-20000000
PoolWorker-19,  processing 31668 (36712.0 per sec) reads @ Ascaf_23:0-264707
PoolWorker-19 countReadsInRegions_worker: processing 264 (290.7 per sec) @ Ascaf_23:0-264707
PoolWorker-19,  processing 1280953 (36400.7 per sec) reads @ chr18:5000000-10000000
PoolWorker-19 countReadsInRegions_worker: processing 5000 (139.6 per sec) @ chr18:5000000-10000000
PoolWorker-19,  processing 25367 (36975.8 per sec) reads @ Ascaf_92:0-34608
PoolWorker-19 countReadsInRegions_worker: processing 34 (46.5 per sec) @ Ascaf_92:0-34608
PoolWorker-20,  processing 1677992 (34358.6 per sec) reads @ chr14:5000000-10000000
PoolWorker-20 countReadsInRegions_worker: processing 5000 (99.9 per sec) @ chr14:5000000-10000000
PoolWorker-20,  processing 17304 (39078.6 per sec) reads @ Ascaf_65:0-47651
PoolWorker-20 countReadsInRegions_worker: processing 47 (96.5 per sec) @ Ascaf_65:0-47651
PoolWorker-20,  processing 3108 (42692.4 per sec) reads @ Ascaf_139:0-16678
PoolWorker-20 countReadsInRegions_worker: processing 16 (131.9 per sec) @ Ascaf_139:0-16678
PoolWorker-20,  processing 6301 (39575.7 per sec) reads @ Ascaf_95:0-33544
PoolWorker-20 countReadsInRegions_worker: processing 33 (163.0 per sec) @ Ascaf_95:0-33544
PoolWorker-20,  processing 1258082 (35133.3 per sec) reads @ chr4:35000000-40000000
PoolWorker-20 countReadsInRegions_worker: processing 5000 (137.1 per sec) @ chr4:35000000-40000000
PoolWorker-20,  processing 8520 (34911.6 per sec) reads @ Ascaf_93:0-34038
PoolWorker-20 countReadsInRegions_worker: processing 34 (117.5 per sec) @ Ascaf_93:0-34038
PoolWorker-20,  processing 9854 (36735.5 per sec) reads @ Ascaf_76:0-42514
PoolWorker-20 countReadsInRegions_worker: processing 42 (134.6 per sec) @ Ascaf_76:0-42514
PoolWorker-20,  processing 47797 (38282.8 per sec) reads @ Ascaf_37:0-98231
PoolWorker-20 countReadsInRegions_worker: processing 98 (74.0 per sec) @ Ascaf_37:0-98231
PoolWorker-20,  processing 208202 (37630.3 per sec) reads @ Ascaf_33:0-106103
PoolWorker-20 countReadsInRegions_worker: processing 106 (18.8 per sec) @ Ascaf_33:0-106103
PoolWorker-20,  processing 18235 (36184.9 per sec) reads @ Ascaf_49:0-70996
PoolWorker-20 countReadsInRegions_worker: processing 70 (128.8 per sec) @ Ascaf_49:0-70996
PoolWorker-20,  processing 1289374 (34830.9 per sec) reads @ chr9:5000000-10000000
PoolWorker-20 countReadsInRegions_worker: processing 5000 (133.0 per sec) @ chr9:5000000-10000000
PoolWorker-20,  processing 404 (4652.2 per sec) reads @ Ascaf_164:0-1000
PoolWorker-20 countReadsInRegions_worker: processing 1 (7.8 per sec) @ Ascaf_164:0-1000
PoolWorker-20,  processing 1276709 (35681.8 per sec) reads @ chr1:10000000-15000000
PoolWorker-20 countReadsInRegions_worker: processing 5000 (137.2 per sec) @ chr1:10000000-15000000
PoolWorker-20,  processing 1274059 (37000.5 per sec) reads @ chr3:10000000-15000000
PoolWorker-20 countReadsInRegions_worker: processing 5000 (142.9 per sec) @ chr3:10000000-15000000
PoolWorker-20,  processing 188104 (37469.8 per sec) reads @ chr15:20000000-20219940
PoolWorker-20 countReadsInRegions_worker: processing 219 (42.8 per sec) @ chr15:20000000-20219940
PoolWorker-20,  processing 308247 (36930.6 per sec) reads @ chr6:20000000-21248438
PoolWorker-20 countReadsInRegions_worker: processing 1248 (146.8 per sec) @ chr6:20000000-21248438
PoolWorker-23,  processing 1306696 (34628.4 per sec) reads @ chr10:10000000-15000000
PoolWorker-23 countReadsInRegions_worker: processing 5000 (129.3 per sec) @ chr10:10000000-15000000
PoolWorker-23,  processing 5627 (39009.5 per sec) reads @ Ascaf_117:0-22832
PoolWorker-23 countReadsInRegions_worker: processing 22 (118.5 per sec) @ Ascaf_117:0-22832
PoolWorker-23,  processing 1232706 (35328.2 per sec) reads @ chr7:25000000-30000000
PoolWorker-23 countReadsInRegions_worker: processing 5000 (140.5 per sec) @ chr7:25000000-30000000
PoolWorker-23,  processing 5166 (33568.1 per sec) reads @ Ascaf_60:0-24766
PoolWorker-23 countReadsInRegions_worker: processing 24 (136.2 per sec) @ Ascaf_60:0-24766
PoolWorker-23,  processing 9362 (35265.4 per sec) reads @ Ascaf_86:0-37568
PoolWorker-23 countReadsInRegions_worker: processing 37 (120.2 per sec) @ Ascaf_86:0-37568
PoolWorker-23,  processing 70860 (37611.6 per sec) reads @ Ascaf_36:0-98486
PoolWorker-23 countReadsInRegions_worker: processing 98 (50.2 per sec) @ Ascaf_36:0-98486
PoolWorker-23,  processing 1246829 (35329.1 per sec) reads @ chr5:5000000-10000000
PoolWorker-23 countReadsInRegions_worker: processing 5000 (139.5 per sec) @ chr5:5000000-10000000
PoolWorker-23,  processing 107827 (37736.6 per sec) reads @ Ascaf_50:0-70692
PoolWorker-23 countReadsInRegions_worker: processing 70 (23.7 per sec) @ Ascaf_50:0-70692
PoolWorker-23,  processing 1195724 (35217.0 per sec) reads @ chr17:20000000-23682274
PoolWorker-23 countReadsInRegions_worker: processing 3682 (106.4 per sec) @ chr17:20000000-23682274
PoolWorker-23,  processing 1265608 (35819.7 per sec) reads @ chr14:10000000-15000000
PoolWorker-23 countReadsInRegions_worker: processing 5000 (139.4 per sec) @ chr14:10000000-15000000
PoolWorker-23,  processing 1249734 (39038.1 per sec) reads @ chr2:0-5000000
PoolWorker-23 countReadsInRegions_worker: processing 5000 (153.6 per sec) @ chr2:0-5000000
PoolWorker-23,  processing 8852 (38286.7 per sec) reads @ Ascaf_161:0-1000
PoolWorker-23 countReadsInRegions_worker: processing 1 (3.9 per sec) @ Ascaf_161:0-1000
PoolWorker-28,  processing 526656 (33369.3 per sec) reads @ chr16:20000000-22188971
PoolWorker-28 countReadsInRegions_worker: processing 2188 (135.7 per sec) @ chr16:20000000-22188971
PoolWorker-28,  processing 80637 (39034.3 per sec) reads @ Ascaf_119:0-22101
PoolWorker-28 countReadsInRegions_worker: processing 22 (10.3 per sec) @ Ascaf_119:0-22101
PoolWorker-28,  processing 1512955 (34555.6 per sec) reads @ chr4:25000000-30000000
PoolWorker-28 countReadsInRegions_worker: processing 5000 (111.7 per sec) @ chr4:25000000-30000000
PoolWorker-28,  processing 3508 (41691.4 per sec) reads @ Ascaf_118:0-22120
PoolWorker-28 countReadsInRegions_worker: processing 22 (173.8 per sec) @ Ascaf_118:0-22120
PoolWorker-28,  processing 99353 (36123.0 per sec) reads @ Ascaf_32:0-110405
PoolWorker-28 countReadsInRegions_worker: processing 110 (38.8 per sec) @ Ascaf_32:0-110405
PoolWorker-28,  processing 1265987 (35184.2 per sec) reads @ chr15:0-5000000
PoolWorker-28 countReadsInRegions_worker: processing 5000 (136.2 per sec) @ chr15:0-5000000
PoolWorker-28,  processing 1439299 (36043.3 per sec) reads @ chr20:0-5000000
PoolWorker-28 countReadsInRegions_worker: processing 5000 (123.0 per sec) @ chr20:0-5000000
PoolWorker-28,  processing 8580 (35258.9 per sec) reads @ Ascaf_94:0-33862
PoolWorker-28 countReadsInRegions_worker: processing 33 (115.7 per sec) @ Ascaf_94:0-33862
PoolWorker-28,  processing 1467528 (35829.9 per sec) reads @ chr17:5000000-10000000
PoolWorker-28 countReadsInRegions_worker: processing 5000 (119.9 per sec) @ chr17:5000000-10000000
PoolWorker-28,  processing 53091 (37044.0 per sec) reads @ Ascaf_24:0-187591
PoolWorker-28 countReadsInRegions_worker: processing 187 (124.8 per sec) @ Ascaf_24:0-187591
PoolWorker-28,  processing 1328853 (40605.0 per sec) reads @ chr13:15000000-20000000
PoolWorker-28 countReadsInRegions_worker: processing 5000 (151.2 per sec) @ chr13:15000000-20000000
PoolWorker-28,  processing 3043 (45319.8 per sec) reads @ Ascaf_122:0-20728
PoolWorker-28 countReadsInRegions_worker: processing 20 (163.3 per sec) @ Ascaf_122:0-20728
PoolWorker-22,  processing 8286 (70179.3 per sec) reads @ Ascaf_100:0-32247
PoolWorker-22 countReadsInRegions_worker: processing 32 (249.2 per sec) @ Ascaf_100:0-32247
PoolWorker-22,  processing 1294093 (34128.7 per sec) reads @ chr5:0-5000000
PoolWorker-22 countReadsInRegions_worker: processing 5000 (128.8 per sec) @ chr5:0-5000000
PoolWorker-22,  processing 1254506 (35752.3 per sec) reads @ chr17:15000000-20000000
PoolWorker-22 countReadsInRegions_worker: processing 5000 (139.7 per sec) @ chr17:15000000-20000000
PoolWorker-22,  processing 4433 (39935.1 per sec) reads @ Ascaf_132:0-17867
PoolWorker-22 countReadsInRegions_worker: processing 17 (111.6 per sec) @ Ascaf_132:0-17867
PoolWorker-22,  processing 1247050 (35214.4 per sec) reads @ chr10:0-5000000
PoolWorker-22 countReadsInRegions_worker: processing 5000 (138.5 per sec) @ chr10:0-5000000
PoolWorker-22,  processing 28565 (35429.4 per sec) reads @ Ascaf_84:0-38148
PoolWorker-22 countReadsInRegions_worker: processing 38 (43.9 per sec) @ Ascaf_84:0-38148
PoolWorker-22,  processing 1480308 (36571.2 per sec) reads @ chr14:0-5000000
PoolWorker-22 countReadsInRegions_worker: processing 5000 (121.2 per sec) @ chr14:0-5000000
PoolWorker-22,  processing 17569 (38442.4 per sec) reads @ Ascaf_47:0-72017
PoolWorker-22 countReadsInRegions_worker: processing 72 (139.7 per sec) @ Ascaf_47:0-72017
PoolWorker-22,  processing 629027 (36585.5 per sec) reads @ chr2:25000000-26977752
PoolWorker-22 countReadsInRegions_worker: processing 1977 (113.1 per sec) @ chr2:25000000-26977752
PoolWorker-22,  processing 852162 (35378.4 per sec) reads @ chr20:20000000-22998664
PoolWorker-22 countReadsInRegions_worker: processing 2998 (120.2 per sec) @ chr20:20000000-22998664
PoolWorker-22,  processing 32958 (63396.5 per sec) reads @ Ascaf_166:0-50000
PoolWorker-22 countReadsInRegions_worker: processing 50 (90.2 per sec) @ Ascaf_166:0-50000
PoolWorker-22,  processing 1321701 (44119.2 per sec) reads @ chr9:0-5000000
PoolWorker-22 countReadsInRegions_worker: processing 5000 (164.9 per sec) @ chr9:0-5000000
PoolWorker-32,  processing 1322409 (34762.8 per sec) reads @ chr13:5000000-10000000
PoolWorker-32 countReadsInRegions_worker: processing 5000 (128.1 per sec) @ chr13:5000000-10000000
PoolWorker-32,  processing 1293420 (35259.5 per sec) reads @ chr3:5000000-10000000
PoolWorker-32 countReadsInRegions_worker: processing 5000 (133.8 per sec) @ chr3:5000000-10000000
PoolWorker-32,  processing 1696959 (35947.1 per sec) reads @ chr13:0-5000000
PoolWorker-32 countReadsInRegions_worker: processing 5000 (104.1 per sec) @ chr13:0-5000000
PoolWorker-32,  processing 929352 (35761.9 per sec) reads @ chr12:20000000-23704847
PoolWorker-32 countReadsInRegions_worker: processing 3704 (139.7 per sec) @ chr12:20000000-23704847
PoolWorker-32,  processing 12184 (39243.2 per sec) reads @ Ascaf_111:0-25158
PoolWorker-32 countReadsInRegions_worker: processing 25 (70.5 per sec) @ Ascaf_111:0-25158
PoolWorker-32,  processing 5688 (40572.4 per sec) reads @ Ascaf_126:0-19574
PoolWorker-32 countReadsInRegions_worker: processing 19 (104.3 per sec) @ Ascaf_126:0-19574
PoolWorker-32,  processing 1272732 (35907.5 per sec) reads @ chr4:5000000-10000000
PoolWorker-32 countReadsInRegions_worker: processing 5000 (138.9 per sec) @ chr4:5000000-10000000
PoolWorker-32,  processing 4760 (39907.4 per sec) reads @ Ascaf_136:0-17062
PoolWorker-32 countReadsInRegions_worker: processing 17 (98.2 per sec) @ Ascaf_136:0-17062
PoolWorker-32,  processing 7962 (40633.3 per sec) reads @ Ascaf_142:0-15730
PoolWorker-32 countReadsInRegions_worker: processing 15 (63.1 per sec) @ Ascaf_142:0-15730
PoolWorker-32,  processing 1262975 (38804.4 per sec) reads @ chr12:5000000-10000000
PoolWorker-32 countReadsInRegions_worker: processing 5000 (150.9 per sec) @ chr12:5000000-10000000
PoolWorker-32,  processing 303565 (58323.0 per sec) reads @ Ascaf_30:0-130979
PoolWorker-32 countReadsInRegions_worker: processing 130 (24.7 per sec) @ Ascaf_30:0-130979
PoolWorker-32,  processing 134051 (76065.2 per sec) reads @ Ascaf_53:0-64139
PoolWorker-32 countReadsInRegions_worker: processing 64 (35.6 per sec) @ Ascaf_53:0-64139
PoolWorker-31,  processing 2589 (40104.0 per sec) reads @ Ascaf_143:0-15560
PoolWorker-31 countReadsInRegions_worker: processing 15 (182.2 per sec) @ Ascaf_143:0-15560
PoolWorker-31,  processing 1290814 (34943.1 per sec) reads @ chr11:5000000-10000000
PoolWorker-31 countReadsInRegions_worker: processing 5000 (131.8 per sec) @ chr11:5000000-10000000
PoolWorker-31,  processing 165410 (38692.7 per sec) reads @ Ascaf_28:0-145740
PoolWorker-31 countReadsInRegions_worker: processing 145 (33.0 per sec) @ Ascaf_28:0-145740
PoolWorker-31,  processing 572306 (35333.7 per sec) reads @ chr19:20000000-23715829
PoolWorker-31 countReadsInRegions_worker: processing 3715 (224.5 per sec) @ chr19:20000000-23715829
PoolWorker-31,  processing 1326699 (35926.1 per sec) reads @ chr4:10000000-15000000
PoolWorker-31 countReadsInRegions_worker: processing 5000 (132.8 per sec) @ chr4:10000000-15000000
PoolWorker-31,  processing 46211 (38430.1 per sec) reads @ Ascaf_29:0-143722
PoolWorker-31 countReadsInRegions_worker: processing 143 (114.4 per sec) @ Ascaf_29:0-143722
PoolWorker-31,  processing 1267377 (36162.0 per sec) reads @ chr10:5000000-10000000
PoolWorker-31 countReadsInRegions_worker: processing 5000 (140.1 per sec) @ chr10:5000000-10000000
PoolWorker-31,  processing 31063 (39060.0 per sec) reads @ Ascaf_44:0-77777
PoolWorker-31 countReadsInRegions_worker: processing 77 (90.2 per sec) @ Ascaf_44:0-77777
PoolWorker-31,  processing 1268855 (36210.8 per sec) reads @ chr7:5000000-10000000
PoolWorker-31 countReadsInRegions_worker: processing 5000 (140.2 per sec) @ chr7:5000000-10000000
PoolWorker-31,  processing 873 (37707.5 per sec) reads @ Ascaf_158:0-3231
PoolWorker-31 countReadsInRegions_worker: processing 3 (45.5 per sec) @ Ascaf_158:0-3231
PoolWorker-31,  processing 185316 (38563.4 per sec) reads @ Ascaf_27:0-155775
PoolWorker-31 countReadsInRegions_worker: processing 155 (31.5 per sec) @ Ascaf_27:0-155775
PoolWorker-31,  processing 9750 (29791.7 per sec) reads @ Ascaf_83:0-38959
PoolWorker-31 countReadsInRegions_worker: processing 38 (103.2 per sec) @ Ascaf_83:0-38959
PoolWorker-31,  processing 855575 (35322.2 per sec) reads @ chr18:15000000-18483836
PoolWorker-31 countReadsInRegions_worker: processing 3483 (141.6 per sec) @ chr18:15000000-18483836
PoolWorker-31,  processing 7947 (36813.6 per sec) reads @ Ascaf_67:0-40269
PoolWorker-31 countReadsInRegions_worker: processing 40 (155.4 per sec) @ Ascaf_67:0-40269
PoolWorker-31,  processing 351 (66378.1 per sec) reads @ Ascaf_162:0-1000
PoolWorker-31 countReadsInRegions_worker: processing 1 (21.9 per sec) @ Ascaf_162:0-1000
PoolWorker-31,  processing 1306436 (46436.6 per sec) reads @ chr4:30000000-35000000
PoolWorker-31 countReadsInRegions_worker: processing 5000 (175.5 per sec) @ chr4:30000000-35000000
PoolWorker-25,  processing 1190216 (33656.7 per sec) reads @ chr13:20000000-24369283
PoolWorker-25 countReadsInRegions_worker: processing 4369 (120.4 per sec) @ chr13:20000000-24369283
PoolWorker-25,  processing 79911 (38325.7 per sec) reads @ Ascaf_124:0-19772
PoolWorker-25 countReadsInRegions_worker: processing 19 (8.8 per sec) @ Ascaf_124:0-19772
PoolWorker-25,  processing 138591 (40100.0 per sec) reads @ Ascaf_22:0-446888
PoolWorker-25 countReadsInRegions_worker: processing 446 (126.5 per sec) @ Ascaf_22:0-446888
PoolWorker-25,  processing 4531 (74840.5 per sec) reads @ Ascaf_134:0-17659
PoolWorker-25 countReadsInRegions_worker: processing 17 (244.2 per sec) @ Ascaf_134:0-17659
PoolWorker-25,  processing 1263459 (35339.2 per sec) reads @ chr1:5000000-10000000
PoolWorker-25 countReadsInRegions_worker: processing 5000 (137.3 per sec) @ chr1:5000000-10000000
PoolWorker-25,  processing 6987 (36055.6 per sec) reads @ Ascaf_108:0-29345
PoolWorker-25 countReadsInRegions_worker: processing 29 (124.3 per sec) @ Ascaf_108:0-29345
PoolWorker-25,  processing 10603 (38165.4 per sec) reads @ Ascaf_80:0-41014
PoolWorker-25 countReadsInRegions_worker: processing 41 (128.0 per sec) @ Ascaf_80:0-41014
PoolWorker-25,  processing 1825 (46190.8 per sec) reads @ Ascaf_155:0-6589
PoolWorker-25 countReadsInRegions_worker: processing 6 (73.4 per sec) @ Ascaf_155:0-6589
PoolWorker-25,  processing 1245119 (34690.9 per sec) reads @ chr8:0-5000000
PoolWorker-25 countReadsInRegions_worker: processing 5000 (137.1 per sec) @ chr8:0-5000000
PoolWorker-25,  processing 3653 (43416.2 per sec) reads @ Ascaf_148:0-14976
PoolWorker-25 countReadsInRegions_worker: processing 14 (113.2 per sec) @ Ascaf_148:0-14976
PoolWorker-25,  processing 1424597 (34973.8 per sec) reads @ chr16:15000000-20000000
PoolWorker-25 countReadsInRegions_worker: processing 5000 (120.6 per sec) @ chr16:15000000-20000000
PoolWorker-25,  processing 1414855 (36261.0 per sec) reads @ chr21:15000000-19873525
PoolWorker-25 countReadsInRegions_worker: processing 4873 (123.3 per sec) @ chr21:15000000-19873525
PoolWorker-25,  processing 381 (71912.1 per sec) reads @ Ascaf_160:0-2000
PoolWorker-25 countReadsInRegions_worker: processing 2 (42.0 per sec) @ Ascaf_160:0-2000
PoolWorker-25,  processing 49474 (35771.1 per sec) reads @ Ascaf_79:0-41364
PoolWorker-25 countReadsInRegions_worker: processing 41 (28.4 per sec) @ Ascaf_79:0-41364
PoolWorker-25,  processing 2788 (43767.0 per sec) reads @ Ascaf_152:0-12206
PoolWorker-25 countReadsInRegions_worker: processing 12 (113.2 per sec) @ Ascaf_152:0-12206
PoolWorker-25,  processing 68599 (38031.4 per sec) reads @ Ascaf_57:0-58000
PoolWorker-25 countReadsInRegions_worker: processing 58 (31.0 per sec) @ Ascaf_57:0-58000
PoolWorker-25,  processing 91 (60864.6 per sec) reads @ Ascaf_165:0-1000
PoolWorker-25 countReadsInRegions_worker: processing 1 (22.6 per sec) @ Ascaf_165:0-1000
PoolWorker-25,  processing 223535 (50933.5 per sec) reads @ Ascaf_74:0-44000
PoolWorker-25 countReadsInRegions_worker: processing 44 (9.7 per sec) @ Ascaf_74:0-44000
PoolWorker-25,  processing 1289785 (47320.4 per sec) reads @ chr6:5000000-10000000
PoolWorker-25 countReadsInRegions_worker: processing 5000 (181.2 per sec) @ chr6:5000000-10000000
PoolWorker-25,  processing 1307 (74046.5 per sec) reads @ Ascaf_156:0-5652
PoolWorker-25 countReadsInRegions_worker: processing 5 (193.2 per sec) @ Ascaf_156:0-5652
PoolWorker-27,  processing 1370752 (34774.2 per sec) reads @ chr17:10000000-15000000
PoolWorker-27 countReadsInRegions_worker: processing 5000 (123.5 per sec) @ chr17:10000000-15000000
PoolWorker-27,  processing 1217555 (34415.7 per sec) reads @ chr3:15000000-20000000
PoolWorker-27 countReadsInRegions_worker: processing 5000 (138.4 per sec) @ chr3:15000000-20000000
PoolWorker-27,  processing 447 (56383.2 per sec) reads @ Ascaf_163:0-1000
PoolWorker-27 countReadsInRegions_worker: processing 1 (19.7 per sec) @ Ascaf_163:0-1000
PoolWorker-27,  processing 4028 (36862.5 per sec) reads @ Ascaf_138:0-16696
PoolWorker-27 countReadsInRegions_worker: processing 16 (106.7 per sec) @ Ascaf_138:0-16696
PoolWorker-27,  processing 1109808 (34255.1 per sec) reads @ chr9:20000000-24303205
PoolWorker-27 countReadsInRegions_worker: processing 4303 (130.8 per sec) @ chr9:20000000-24303205
PoolWorker-27,  processing 1276084 (35452.1 per sec) reads @ chr15:5000000-10000000
PoolWorker-27 countReadsInRegions_worker: processing 5000 (136.6 per sec) @ chr15:5000000-10000000
PoolWorker-27,  processing 1259772 (35555.5 per sec) reads @ chr20:5000000-10000000
PoolWorker-27 countReadsInRegions_worker: processing 5000 (139.0 per sec) @ chr20:5000000-10000000
PoolWorker-27,  processing 9359 (26688.1 per sec) reads @ Ascaf_169:0-50000
PoolWorker-27 countReadsInRegions_worker: processing 50 (126.7 per sec) @ Ascaf_169:0-50000
PoolWorker-27,  processing 2272 (40146.9 per sec) reads @ Ascaf_151:0-13242
PoolWorker-27 countReadsInRegions_worker: processing 13 (134.0 per sec) @ Ascaf_151:0-13242
PoolWorker-27,  processing 1262401 (37566.5 per sec) reads @ chr16:10000000-15000000
PoolWorker-27 countReadsInRegions_worker: processing 5000 (147.2 per sec) @ chr16:10000000-15000000
PoolWorker-27,  processing 19949 (67398.7 per sec) reads @ Ascaf_59:0-57475
PoolWorker-27 countReadsInRegions_worker: processing 57 (185.6 per sec) @ Ascaf_59:0-57475
PoolWorker-27,  processing 984010 (57799.9 per sec) reads @ chr8:20000000-23122080
PoolWorker-27 countReadsInRegions_worker: processing 3122 (180.5 per sec) @ chr8:20000000-23122080
PoolWorker-21,  processing 1265146 (34843.7 per sec) reads @ chr20:10000000-15000000
PoolWorker-21 countReadsInRegions_worker: processing 5000 (134.3 per sec) @ chr20:10000000-15000000
PoolWorker-21,  processing 1256439 (35712.6 per sec) reads @ chr2:10000000-15000000
PoolWorker-21 countReadsInRegions_worker: processing 5000 (139.6 per sec) @ chr2:10000000-15000000
PoolWorker-21,  processing 8368 (23429.3 per sec) reads @ Ascaf_88:0-36907
PoolWorker-21 countReadsInRegions_worker: processing 36 (90.3 per sec) @ Ascaf_88:0-36907
PoolWorker-21,  processing 152503 (35309.9 per sec) reads @ Ascaf_39:0-92659
PoolWorker-21 countReadsInRegions_worker: processing 92 (20.8 per sec) @ Ascaf_39:0-92659
PoolWorker-21,  processing 1269507 (36032.2 per sec) reads @ chr13:10000000-15000000
PoolWorker-21 countReadsInRegions_worker: processing 5000 (139.2 per sec) @ chr13:10000000-15000000
PoolWorker-21,  processing 3869 (19737.7 per sec) reads @ Ascaf_141:0-15738
PoolWorker-21 countReadsInRegions_worker: processing 15 (59.9 per sec) @ Ascaf_141:0-15738
PoolWorker-21,  processing 1152560 (36762.3 per sec) reads @ chr10:15000000-19005646
PoolWorker-21 countReadsInRegions_worker: processing 4005 (125.4 per sec) @ chr10:15000000-19005646
PoolWorker-21,  processing 1276684 (36002.6 per sec) reads @ chr18:10000000-15000000
PoolWorker-21 countReadsInRegions_worker: processing 5000 (138.9 per sec) @ chr18:10000000-15000000
PoolWorker-21,  processing 115463 (39828.5 per sec) reads @ Ascaf_35:0-99371
PoolWorker-21 countReadsInRegions_worker: processing 99 (32.9 per sec) @ Ascaf_35:0-99371
PoolWorker-21,  processing 10021 (26956.5 per sec) reads @ Ascaf_78:0-41577
PoolWorker-21 countReadsInRegions_worker: processing 41 (98.8 per sec) @ Ascaf_78:0-41577
PoolWorker-21,  processing 1262667 (39119.1 per sec) reads @ chr17:0-5000000
PoolWorker-21 countReadsInRegions_worker: processing 5000 (152.1 per sec) @ chr17:0-5000000
PoolWorker-21,  processing 1178686 (67712.4 per sec) reads @ chr21:0-5000000
PoolWorker-21 countReadsInRegions_worker: processing 5000 (282.6 per sec) @ chr21:0-5000000
PoolWorker-24,  processing 3593 (32977.8 per sec) reads @ Ascaf_146:0-15502
PoolWorker-24 countReadsInRegions_worker: processing 15 (109.9 per sec) @ Ascaf_146:0-15502
PoolWorker-24,  processing 3214 (29184.7 per sec) reads @ Ascaf_130:0-18457
PoolWorker-24 countReadsInRegions_worker: processing 18 (110.8 per sec) @ Ascaf_130:0-18457
PoolWorker-24,  processing 1258379 (34991.3 per sec) reads @ chr8:5000000-10000000
PoolWorker-24 countReadsInRegions_worker: processing 5000 (135.5 per sec) @ chr8:5000000-10000000
PoolWorker-24,  processing 1094322 (35849.3 per sec) reads @ chr5:15000000-18670498
PoolWorker-24 countReadsInRegions_worker: processing 3670 (117.5 per sec) @ chr5:15000000-18670498
PoolWorker-24,  processing 2060 (37347.8 per sec) reads @ Ascaf_115:0-24004
PoolWorker-24 countReadsInRegions_worker: processing 24 (249.3 per sec) @ Ascaf_115:0-24004
PoolWorker-24,  processing 216867 (38932.2 per sec) reads @ Ascaf_26:0-156806
PoolWorker-24 countReadsInRegions_worker: processing 156 (27.2 per sec) @ Ascaf_26:0-156806
PoolWorker-24,  processing 5039 (37956.0 per sec) reads @ Ascaf_127:0-19159
PoolWorker-24 countReadsInRegions_worker: processing 19 (107.8 per sec) @ Ascaf_127:0-19159
PoolWorker-24,  processing 13892 (37465.9 per sec) reads @ Ascaf_61:0-54508
PoolWorker-24 countReadsInRegions_worker: processing 54 (130.7 per sec) @ Ascaf_61:0-54508
PoolWorker-24,  processing 34402 (38860.9 per sec) reads @ Ascaf_114:0-24031
PoolWorker-24 countReadsInRegions_worker: processing 24 (25.8 per sec) @ Ascaf_114:0-24031
PoolWorker-24,  processing 1334855 (35968.4 per sec) reads @ chr15:15000000-20000000
PoolWorker-24 countReadsInRegions_worker: processing 5000 (131.8 per sec) @ chr15:15000000-20000000
PoolWorker-24,  processing 1432657 (35831.0 per sec) reads @ chr18:0-5000000
PoolWorker-24 countReadsInRegions_worker: processing 5000 (122.8 per sec) @ chr18:0-5000000
PoolWorker-24,  processing 1364036 (36192.3 per sec) reads @ chr16:0-5000000
PoolWorker-24 countReadsInRegions_worker: processing 5000 (130.4 per sec) @ chr16:0-5000000
PoolWorker-24,  processing 5634 (22890.1 per sec) reads @ Ascaf_103:0-30986
PoolWorker-24 countReadsInRegions_worker: processing 30 (99.7 per sec) @ Ascaf_103:0-30986
PoolWorker-24,  processing 19892 (38945.8 per sec) reads @ Ascaf_73:0-44649
PoolWorker-24 countReadsInRegions_worker: processing 44 (79.4 per sec) @ Ascaf_73:0-44649
PoolWorker-24,  processing 1222083 (41132.9 per sec) reads @ chr11:0-5000000
PoolWorker-24 countReadsInRegions_worker: processing 5000 (166.6 per sec) @ chr11:0-5000000
PoolWorker-24,  processing 1243618 (67398.6 per sec) reads @ chr21:5000000-10000000
PoolWorker-24 countReadsInRegions_worker: processing 5000 (266.9 per sec) @ chr21:5000000-10000000
PoolWorker-29,  processing 22752 (26781.6 per sec) reads @ Ascaf_46:0-73387
PoolWorker-29 countReadsInRegions_worker: processing 73 (82.5 per sec) @ Ascaf_46:0-73387
PoolWorker-29,  processing 1247309 (34404.4 per sec) reads @ chr6:15000000-20000000
PoolWorker-29 countReadsInRegions_worker: processing 5000 (134.5 per sec) @ chr6:15000000-20000000
PoolWorker-29,  processing 11441 (33938.9 per sec) reads @ Ascaf_70:0-46916
PoolWorker-29 countReadsInRegions_worker: processing 46 (121.1 per sec) @ Ascaf_70:0-46916
PoolWorker-29,  processing 8709 (43100.4 per sec) reads @ Ascaf_91:0-34837
PoolWorker-29 countReadsInRegions_worker: processing 34 (132.2 per sec) @ Ascaf_91:0-34837
PoolWorker-29,  processing 418 (11689.1 per sec) reads @ Ascaf_157:0-3527
PoolWorker-29 countReadsInRegions_worker: processing 3 (38.3 per sec) @ Ascaf_157:0-3527
PoolWorker-29,  processing 5264 (33026.5 per sec) reads @ Ascaf_97:0-33357
PoolWorker-29 countReadsInRegions_worker: processing 33 (164.8 per sec) @ Ascaf_97:0-33357
PoolWorker-29,  processing 73906 (37982.6 per sec) reads @ Ascaf_113:0-24387
PoolWorker-29 countReadsInRegions_worker: processing 24 (11.9 per sec) @ Ascaf_113:0-24387
PoolWorker-29,  processing 5034 (37718.3 per sec) reads @ Ascaf_121:0-21431
PoolWorker-29 countReadsInRegions_worker: processing 21 (118.8 per sec) @ Ascaf_121:0-21431
PoolWorker-29,  processing 11165 (37227.7 per sec) reads @ Ascaf_69:0-44691
PoolWorker-29 countReadsInRegions_worker: processing 44 (123.8 per sec) @ Ascaf_69:0-44691
PoolWorker-29,  processing 5068 (18265.4 per sec) reads @ Ascaf_168:0-25000
PoolWorker-29 countReadsInRegions_worker: processing 25 (85.1 per sec) @ Ascaf_168:0-25000
PoolWorker-29,  processing 8253 (27710.6 per sec) reads @ Ascaf_101:0-31946
PoolWorker-29 countReadsInRegions_worker: processing 31 (92.8 per sec) @ Ascaf_101:0-31946
PoolWorker-29,  processing 7969 (38377.1 per sec) reads @ Ascaf_54:0-60000
PoolWorker-29 countReadsInRegions_worker: processing 60 (238.8 per sec) @ Ascaf_54:0-60000
PoolWorker-29,  processing 1331965 (35112.0 per sec) reads @ chr21:10000000-15000000
PoolWorker-29 countReadsInRegions_worker: processing 5000 (129.0 per sec) @ chr21:10000000-15000000
PoolWorker-29,  processing 85661 (37195.0 per sec) reads @ Ascaf_34:0-101478
PoolWorker-29 countReadsInRegions_worker: processing 101 (42.6 per sec) @ Ascaf_34:0-101478
PoolWorker-29,  processing 41919 (29435.2 per sec) reads @ Ascaf_75:0-42641
PoolWorker-29 countReadsInRegions_worker: processing 42 (28.6 per sec) @ Ascaf_75:0-42641
PoolWorker-29,  processing 1263625 (36049.9 per sec) reads @ chr8:15000000-20000000
PoolWorker-29 countReadsInRegions_worker: processing 5000 (139.9 per sec) @ chr8:15000000-20000000
PoolWorker-29,  processing 5201 (19669.1 per sec) reads @ Ascaf_167:0-25000
PoolWorker-29 countReadsInRegions_worker: processing 25 (81.2 per sec) @ Ascaf_167:0-25000
PoolWorker-29,  processing 2970 (34480.4 per sec) reads @ Ascaf_116:0-22916
PoolWorker-29 countReadsInRegions_worker: processing 22 (173.5 per sec) @ Ascaf_116:0-22916
PoolWorker-29,  processing 1372931 (34844.0 per sec) reads @ chr12:0-5000000
PoolWorker-29 countReadsInRegions_worker: processing 5000 (124.7 per sec) @ chr12:0-5000000
PoolWorker-29,  processing 1116203 (35519.6 per sec) reads @ chr1:30000000-33917795
PoolWorker-29 countReadsInRegions_worker: processing 3917 (122.8 per sec) @ chr1:30000000-33917795
PoolWorker-29,  processing 1340469 (39472.4 per sec) reads @ chr5:10000000-15000000
PoolWorker-29 countReadsInRegions_worker: processing 5000 (145.9 per sec) @ chr5:10000000-15000000
PoolWorker-29,  processing 17564 (65878.7 per sec) reads @ Ascaf_51:0-70629
PoolWorker-29 countReadsInRegions_worker: processing 70 (251.9 per sec) @ Ascaf_51:0-70629
PoolWorker-29,  processing 3463 (70922.6 per sec) reads @ Ascaf_147:0-15099
PoolWorker-29 countReadsInRegions_worker: processing 15 (260.2 per sec) @ Ascaf_147:0-15099
PoolWorker-29,  processing 1265125 (75464.2 per sec) reads @ chr8:10000000-15000000
PoolWorker-29 countReadsInRegions_worker: processing 5000 (294.0 per sec) @ chr8:10000000-15000000
PoolWorker-18,  processing 12271 (40429.0 per sec) reads @ Ascaf_133:0-49732
PoolWorker-18 countReadsInRegions_worker: processing 49 (149.3 per sec) @ Ascaf_133:0-49732
PoolWorker-18,  processing 40502 (35815.8 per sec) reads @ Ascaf_64:0-51000
PoolWorker-18 countReadsInRegions_worker: processing 51 (42.4 per sec) @ Ascaf_64:0-51000
PoolWorker-18,  processing 1251241 (34110.5 per sec) reads @ chr20:15000000-20000000
PoolWorker-18 countReadsInRegions_worker: processing 5000 (132.9 per sec) @ chr20:15000000-20000000
PoolWorker-18,  processing 3390 (39570.4 per sec) reads @ Ascaf_149:0-13452
PoolWorker-18 countReadsInRegions_worker: processing 13 (78.7 per sec) @ Ascaf_149:0-13452
PoolWorker-18,  processing 27228 (38204.1 per sec) reads @ Ascaf_129:0-19000
PoolWorker-18 countReadsInRegions_worker: processing 19 (25.1 per sec) @ Ascaf_129:0-19000
PoolWorker-18,  processing 1277746 (35775.2 per sec) reads @ chr12:15000000-20000000
PoolWorker-18 countReadsInRegions_worker: processing 5000 (137.1 per sec) @ chr12:15000000-20000000
PoolWorker-18,  processing 2571 (42105.3 per sec) reads @ Ascaf_145:0-15510
PoolWorker-18 countReadsInRegions_worker: processing 15 (144.5 per sec) @ Ascaf_145:0-15510
PoolWorker-18,  processing 17834 (37380.9 per sec) reads @ Ascaf_106:0-29590
PoolWorker-18 countReadsInRegions_worker: processing 29 (54.3 per sec) @ Ascaf_106:0-29590
PoolWorker-18,  processing 8276 (38774.9 per sec) reads @ Ascaf_85:0-37890
PoolWorker-18 countReadsInRegions_worker: processing 37 (145.1 per sec) @ Ascaf_85:0-37890
PoolWorker-18,  processing 32823 (38704.5 per sec) reads @ Ascaf_107:0-29490
PoolWorker-18 countReadsInRegions_worker: processing 29 (32.7 per sec) @ Ascaf_107:0-29490
PoolWorker-18,  processing 7082 (38567.1 per sec) reads @ Ascaf_109:0-28244
PoolWorker-18 countReadsInRegions_worker: processing 28 (123.6 per sec) @ Ascaf_109:0-28244
PoolWorker-18,  processing 117571 (37600.6 per sec) reads @ Ascaf_38:0-95573
PoolWorker-18 countReadsInRegions_worker: processing 95 (29.3 per sec) @ Ascaf_38:0-95573
PoolWorker-18,  processing 22602 (31419.4 per sec) reads @ Ascaf_105:0-29809
PoolWorker-18 countReadsInRegions_worker: processing 29 (38.0 per sec) @ Ascaf_105:0-29809
PoolWorker-18,  processing 1337680 (35801.1 per sec) reads @ chr15:10000000-15000000
PoolWorker-18 countReadsInRegions_worker: processing 5000 (130.9 per sec) @ chr15:10000000-15000000
PoolWorker-18,  processing 203462 (37178.9 per sec) reads @ Ascaf_43:0-83995
PoolWorker-18 countReadsInRegions_worker: processing 83 (14.8 per sec) @ Ascaf_43:0-83995
PoolWorker-18,  processing 7392 (34555.6 per sec) reads @ Ascaf_104:0-29894
PoolWorker-18 countReadsInRegions_worker: processing 29 (112.5 per sec) @ Ascaf_104:0-29894
PoolWorker-18,  processing 12065 (37222.9 per sec) reads @ Ascaf_62:0-52951
PoolWorker-18 countReadsInRegions_worker: processing 52 (136.4 per sec) @ Ascaf_62:0-52951
PoolWorker-18,  processing 496652 (37324.0 per sec) reads @ Ascaf_42:0-86089
PoolWorker-18 countReadsInRegions_worker: processing 86 (6.3 per sec) @ Ascaf_42:0-86089
PoolWorker-18,  processing 5759 (36131.1 per sec) reads @ Ascaf_112:0-24428
PoolWorker-18 countReadsInRegions_worker: processing 24 (121.3 per sec) @ Ascaf_112:0-24428
PoolWorker-18,  processing 12782 (37647.6 per sec) reads @ Ascaf_58:0-57612
PoolWorker-18 countReadsInRegions_worker: processing 57 (150.0 per sec) @ Ascaf_58:0-57612
PoolWorker-18,  processing 1495654 (35645.3 per sec) reads @ chr7:20000000-25000000
PoolWorker-18 countReadsInRegions_worker: processing 5000 (117.1 per sec) @ chr7:20000000-25000000
PoolWorker-18,  processing 2410 (43378.1 per sec) reads @ Ascaf_153:0-10046
PoolWorker-18 countReadsInRegions_worker: processing 10 (105.6 per sec) @ Ascaf_153:0-10046
PoolWorker-18,  processing 7807 (36688.1 per sec) reads @ Ascaf_66:0-47454
PoolWorker-18 countReadsInRegions_worker: processing 47 (186.1 per sec) @ Ascaf_66:0-47454
PoolWorker-18,  processing 3746 (46979.9 per sec) reads @ Ascaf_82:0-39089
PoolWorker-18 countReadsInRegions_worker: processing 39 (324.8 per sec) @ Ascaf_82:0-39089
PoolWorker-18,  processing 1560770 (38616.9 per sec) reads @ chr1:20000000-25000000
PoolWorker-18 countReadsInRegions_worker: processing 5000 (120.9 per sec) @ chr1:20000000-25000000
PoolWorker-18,  processing 72350 (42490.9 per sec) reads @ Ascaf_48:0-71747
PoolWorker-18 countReadsInRegions_worker: processing 71 (40.2 per sec) @ Ascaf_48:0-71747
PoolWorker-18,  processing 1277372 (73125.3 per sec) reads @ chr16:5000000-10000000
PoolWorker-18 countReadsInRegions_worker: processing 5000 (281.4 per sec) @ chr16:5000000-10000000
PoolWorker-18,  processing 703076 (83766.7 per sec) reads @ chr19:15000000-20000000
PoolWorker-18 countReadsInRegions_worker: processing 5000 (583.5 per sec) @ chr19:15000000-20000000
PoolWorker-17,  processing 5215 (27595.6 per sec) reads @ Ascaf_123:0-20153
PoolWorker-17 countReadsInRegions_worker: processing 20 (100.1 per sec) @ Ascaf_123:0-20153
PoolWorker-17,  processing 41546 (35729.4 per sec) reads @ Ascaf_52:0-64568
PoolWorker-17 countReadsInRegions_worker: processing 64 (51.8 per sec) @ Ascaf_52:0-64568
PoolWorker-17,  processing 1233465 (33922.7 per sec) reads @ chr4:0-5000000
PoolWorker-17 countReadsInRegions_worker: processing 5000 (134.7 per sec) @ chr4:0-5000000
PoolWorker-17,  processing 62342 (39727.6 per sec) reads @ Ascaf_110:0-27536
PoolWorker-17 countReadsInRegions_worker: processing 27 (16.4 per sec) @ Ascaf_110:0-27536
PoolWorker-17,  processing 49146 (38199.3 per sec) reads @ Ascaf_137:0-17000
PoolWorker-17 countReadsInRegions_worker: processing 17 (12.7 per sec) @ Ascaf_137:0-17000
PoolWorker-17,  processing 10039 (19281.9 per sec) reads @ Ascaf_77:0-41997
PoolWorker-17 countReadsInRegions_worker: processing 41 (73.4 per sec) @ Ascaf_77:0-41997
PoolWorker-17,  processing 1480939 (35491.3 per sec) reads @ chr6:0-5000000
PoolWorker-17 countReadsInRegions_worker: processing 5000 (117.4 per sec) @ chr6:0-5000000
PoolWorker-17,  processing 3629 (40457.9 per sec) reads @ Ascaf_144:0-15519
PoolWorker-17 countReadsInRegions_worker: processing 15 (114.9 per sec) @ Ascaf_144:0-15519
PoolWorker-17,  processing 10459 (36278.7 per sec) reads @ Ascaf_63:0-51776
PoolWorker-17 countReadsInRegions_worker: processing 51 (153.6 per sec) @ Ascaf_63:0-51776
PoolWorker-17,  processing 281944 (38462.8 per sec) reads @ Ascaf_45:0-74461
PoolWorker-17 countReadsInRegions_worker: processing 74 (9.9 per sec) @ Ascaf_45:0-74461
PoolWorker-17,  processing 2340749 (35294.4 per sec) reads @ chr19:0-5000000
PoolWorker-17 countReadsInRegions_worker: processing 5000 (73.9 per sec) @ chr19:0-5000000
PoolWorker-17,  processing 1270104 (35940.1 per sec) reads @ chr7:10000000-15000000
PoolWorker-17 countReadsInRegions_worker: processing 5000 (138.9 per sec) @ chr7:10000000-15000000
PoolWorker-17,  processing 1279783 (43654.6 per sec) reads @ chr6:10000000-15000000
PoolWorker-17 countReadsInRegions_worker: processing 5000 (167.9 per sec) @ chr6:10000000-15000000
PoolWorker-17,  processing 10064 (76310.7 per sec) reads @ Ascaf_87:0-36937
PoolWorker-17 countReadsInRegions_worker: processing 36 (254.0 per sec) @ Ascaf_87:0-36937
PoolWorker-17,  processing 775025 (64799.7 per sec) reads @ chr19:5000000-10000000
PoolWorker-17 countReadsInRegions_worker: processing 5000 (411.8 per sec) @ chr19:5000000-10000000
PoolWorker-17,  processing 1312512 (81558.3 per sec) reads @ chr2:20000000-25000000
PoolWorker-17 countReadsInRegions_worker: processing 5000 (306.0 per sec) @ chr2:20000000-25000000
PoolWorker-26,  processing 11554 (36239.6 per sec) reads @ Ascaf_68:0-47437
PoolWorker-26 countReadsInRegions_worker: processing 47 (131.0 per sec) @ Ascaf_68:0-47437
PoolWorker-26,  processing 1249981 (34828.1 per sec) reads @ chr2:5000000-10000000
PoolWorker-26 countReadsInRegions_worker: processing 5000 (135.8 per sec) @ chr2:5000000-10000000
PoolWorker-26,  processing 1306803 (35971.3 per sec) reads @ chr11:10000000-15000000
PoolWorker-26 countReadsInRegions_worker: processing 5000 (134.3 per sec) @ chr11:10000000-15000000
PoolWorker-26,  processing 1246956 (35457.0 per sec) reads @ chr7:0-5000000
PoolWorker-26 countReadsInRegions_worker: processing 5000 (139.5 per sec) @ chr7:0-5000000
PoolWorker-26,  processing 989979 (35680.6 per sec) reads @ chr7:30000000-33914388
PoolWorker-26 countReadsInRegions_worker: processing 3914 (138.9 per sec) @ chr7:30000000-33914388
PoolWorker-26,  processing 92425 (37531.2 per sec) reads @ Ascaf_41:0-90399
PoolWorker-26 countReadsInRegions_worker: processing 90 (35.5 per sec) @ Ascaf_41:0-90399
PoolWorker-26,  processing 4478 (43807.9 per sec) reads @ Ascaf_150:0-13271
PoolWorker-26 countReadsInRegions_worker: processing 13 (91.0 per sec) @ Ascaf_150:0-13271
PoolWorker-26,  processing 174563 (38370.4 per sec) reads @ Ascaf_25:0-178627
PoolWorker-26 countReadsInRegions_worker: processing 178 (38.3 per sec) @ Ascaf_25:0-178627
PoolWorker-26,  processing 2750 (32271.4 per sec) reads @ Ascaf_140:0-15786
PoolWorker-26 countReadsInRegions_worker: processing 15 (128.2 per sec) @ Ascaf_140:0-15786
PoolWorker-26,  processing 1268639 (35966.3 per sec) reads @ chr9:15000000-20000000
PoolWorker-26 countReadsInRegions_worker: processing 5000 (139.3 per sec) @ chr9:15000000-20000000
PoolWorker-26,  processing 13012 (38922.0 per sec) reads @ Ascaf_81:0-40000
PoolWorker-26 countReadsInRegions_worker: processing 40 (101.1 per sec) @ Ascaf_81:0-40000
PoolWorker-26,  processing 5438 (41557.4 per sec) reads @ Ascaf_102:0-31073
PoolWorker-26 countReadsInRegions_worker: processing 31 (177.9 per sec) @ Ascaf_102:0-31073
PoolWorker-26,  processing 23887 (40166.6 per sec) reads @ Ascaf_55:0-59833
PoolWorker-26 countReadsInRegions_worker: processing 59 (92.5 per sec) @ Ascaf_55:0-59833
PoolWorker-26,  processing 42943 (40044.7 per sec) reads @ Ascaf_90:0-35566
PoolWorker-26 countReadsInRegions_worker: processing 35 (30.8 per sec) @ Ascaf_90:0-35566
PoolWorker-26,  processing 19817 (38265.9 per sec) reads @ Ascaf_31:0-121444
PoolWorker-26 countReadsInRegions_worker: processing 121 (212.6 per sec) @ Ascaf_31:0-121444
PoolWorker-26,  processing 14722 (39812.9 per sec) reads @ Ascaf_56:0-58445
PoolWorker-26 countReadsInRegions_worker: processing 58 (140.2 per sec) @ Ascaf_56:0-58445
PoolWorker-26,  processing 1285420 (36490.6 per sec) reads @ chr1:0-5000000
PoolWorker-26 countReadsInRegions_worker: processing 5000 (139.7 per sec) @ chr1:0-5000000
PoolWorker-26,  processing 749594 (60149.7 per sec) reads @ chr19:10000000-15000000
PoolWorker-26 countReadsInRegions_worker: processing 5000 (395.0 per sec) @ chr19:10000000-15000000
PoolWorker-26,  processing 1271576 (79832.1 per sec) reads @ chr2:15000000-20000000
PoolWorker-26 countReadsInRegions_worker: processing 5000 (308.3 per sec) @ chr2:15000000-20000000
PoolWorker-26,  processing 1273694 (89189.2 per sec) reads @ chr12:10000000-15000000
PoolWorker-26 countReadsInRegions_worker: processing 5000 (343.8 per sec) @ chr12:10000000-15000000
output file: /storage/scratch/iee/dj20y461/Stickleback/Y_comp/Sex_chrom_stats/Read_depths/Gw/depths/Gw4a_M.1kb.RPKM.depth
