genome partition size for multiprocessing: 1000000
using 16 processors for 657 number of tasks
Final scaling factor: 0.00685220397646
PoolWorker-26,  processing 18514 (24914.9 per sec) reads @ Ascaf_51:0-70629
PoolWorker-26 countReadsInRegions_worker: processing 70 (89.8 per sec) @ Ascaf_51:0-70629
PoolWorker-26,  processing 341376 (34034.9 per sec) reads @ Ascaf_89:0-36000
PoolWorker-26 countReadsInRegions_worker: processing 36 (3.5 per sec) @ Ascaf_89:0-36000
PoolWorker-26,  processing 1299417 (32894.9 per sec) reads @ chr2:5000000-10000000
PoolWorker-26 countReadsInRegions_worker: processing 5000 (124.2 per sec) @ chr2:5000000-10000000
PoolWorker-26,  processing 1329480 (33725.6 per sec) reads @ chr16:10000000-15000000
PoolWorker-26 countReadsInRegions_worker: processing 5000 (124.5 per sec) @ chr16:10000000-15000000
PoolWorker-26,  processing 1018717 (32726.3 per sec) reads @ chr14:15000000-18637407
PoolWorker-26 countReadsInRegions_worker: processing 3637 (115.0 per sec) @ chr14:15000000-18637407
PoolWorker-26,  processing 1438038 (34276.6 per sec) reads @ chr16:0-5000000
PoolWorker-26 countReadsInRegions_worker: processing 5000 (117.2 per sec) @ chr16:0-5000000
PoolWorker-26,  processing 2287 (37409.6 per sec) reads @ Ascaf_115:0-24004
PoolWorker-26 countReadsInRegions_worker: processing 24 (231.3 per sec) @ Ascaf_115:0-24004
PoolWorker-26,  processing 1330841 (34049.6 per sec) reads @ chr6:10000000-15000000
PoolWorker-26 countReadsInRegions_worker: processing 5000 (125.8 per sec) @ chr6:10000000-15000000
PoolWorker-26,  processing 112873 (35103.4 per sec) reads @ Ascaf_50:0-70692
PoolWorker-26 countReadsInRegions_worker: processing 70 (21.3 per sec) @ Ascaf_50:0-70692
PoolWorker-26,  processing 806458 (33389.4 per sec) reads @ chr19:5000000-10000000
PoolWorker-26 countReadsInRegions_worker: processing 5000 (203.6 per sec) @ chr19:5000000-10000000
PoolWorker-26,  processing 118556 (35257.9 per sec) reads @ Ascaf_34:0-101478
PoolWorker-26 countReadsInRegions_worker: processing 101 (29.3 per sec) @ Ascaf_34:0-101478
PoolWorker-26,  processing 5722 (37200.8 per sec) reads @ Ascaf_123:0-20153
PoolWorker-26 countReadsInRegions_worker: processing 20 (102.8 per sec) @ Ascaf_123:0-20153
PoolWorker-25,  processing 927122 (31521.0 per sec) reads @ chr20:20000000-22998664
PoolWorker-25 countReadsInRegions_worker: processing 2998 (99.7 per sec) @ chr20:20000000-22998664
PoolWorker-25,  processing 54966 (35340.3 per sec) reads @ Ascaf_110:0-27536
PoolWorker-25 countReadsInRegions_worker: processing 27 (16.6 per sec) @ Ascaf_110:0-27536
PoolWorker-25,  processing 18981 (33550.4 per sec) reads @ Ascaf_49:0-70996
PoolWorker-25 countReadsInRegions_worker: processing 70 (112.4 per sec) @ Ascaf_49:0-70996
PoolWorker-25,  processing 3676 (39925.3 per sec) reads @ Ascaf_149:0-13452
PoolWorker-25 countReadsInRegions_worker: processing 13 (100.7 per sec) @ Ascaf_149:0-13452
PoolWorker-25,  processing 1345217 (32823.1 per sec) reads @ chr12:10000000-15000000
PoolWorker-25 countReadsInRegions_worker: processing 5000 (119.6 per sec) @ chr12:10000000-15000000
PoolWorker-25,  processing 5450 (33640.7 per sec) reads @ Ascaf_97:0-33357
PoolWorker-25 countReadsInRegions_worker: processing 33 (151.2 per sec) @ Ascaf_97:0-33357
PoolWorker-25,  processing 1360753 (33563.5 per sec) reads @ chr13:5000000-10000000
PoolWorker-25 countReadsInRegions_worker: processing 5000 (120.9 per sec) @ chr13:5000000-10000000
PoolWorker-25,  processing 1402010 (33222.6 per sec) reads @ chr15:10000000-15000000
PoolWorker-25 countReadsInRegions_worker: processing 5000 (116.4 per sec) @ chr15:10000000-15000000
PoolWorker-25,  processing 1336043 (33414.2 per sec) reads @ chr4:5000000-10000000
PoolWorker-25 countReadsInRegions_worker: processing 5000 (122.7 per sec) @ chr4:5000000-10000000
PoolWorker-25,  processing 3744 (35027.7 per sec) reads @ Ascaf_144:0-15519
PoolWorker-25 countReadsInRegions_worker: processing 15 (100.3 per sec) @ Ascaf_144:0-15519
PoolWorker-25,  processing 1321452 (32897.8 per sec) reads @ chr4:0-5000000
PoolWorker-25 countReadsInRegions_worker: processing 5000 (122.4 per sec) @ chr4:0-5000000
PoolWorker-25,  processing 89466 (34630.7 per sec) reads @ Ascaf_90:0-35566
PoolWorker-25 countReadsInRegions_worker: processing 35 (13.1 per sec) @ Ascaf_90:0-35566
PoolWorker-22,  processing 11623 (37948.6 per sec) reads @ Ascaf_69:0-44691
PoolWorker-22 countReadsInRegions_worker: processing 44 (138.4 per sec) @ Ascaf_69:0-44691
PoolWorker-22,  processing 2741 (41208.8 per sec) reads @ Ascaf_116:0-22916
PoolWorker-22 countReadsInRegions_worker: processing 22 (168.2 per sec) @ Ascaf_116:0-22916
PoolWorker-22,  processing 12990 (34652.3 per sec) reads @ Ascaf_70:0-46916
PoolWorker-22 countReadsInRegions_worker: processing 46 (106.5 per sec) @ Ascaf_70:0-46916
PoolWorker-22,  processing 64830 (33573.4 per sec) reads @ Ascaf_52:0-64568
PoolWorker-22 countReadsInRegions_worker: processing 64 (31.8 per sec) @ Ascaf_52:0-64568
PoolWorker-22,  processing 160385 (34568.4 per sec) reads @ Ascaf_28:0-145740
PoolWorker-22 countReadsInRegions_worker: processing 145 (30.2 per sec) @ Ascaf_28:0-145740
PoolWorker-22,  processing 4836 (38431.0 per sec) reads @ Ascaf_131:0-18319
PoolWorker-22 countReadsInRegions_worker: processing 18 (94.5 per sec) @ Ascaf_131:0-18319
PoolWorker-22,  processing 1324480 (31937.8 per sec) reads @ chr2:15000000-20000000
PoolWorker-22 countReadsInRegions_worker: processing 5000 (118.2 per sec) @ chr2:15000000-20000000
PoolWorker-22,  processing 11379 (34834.0 per sec) reads @ Ascaf_94:0-33862
PoolWorker-22 countReadsInRegions_worker: processing 33 (86.5 per sec) @ Ascaf_94:0-33862
PoolWorker-22,  processing 61821 (32876.5 per sec) reads @ Ascaf_75:0-42641
PoolWorker-22 countReadsInRegions_worker: processing 42 (21.6 per sec) @ Ascaf_75:0-42641
PoolWorker-22,  processing 25459 (32651.7 per sec) reads @ Ascaf_40:0-90738
PoolWorker-22 countReadsInRegions_worker: processing 90 (108.9 per sec) @ Ascaf_40:0-90738
PoolWorker-22,  processing 3310 (37957.5 per sec) reads @ Ascaf_128:0-19120
PoolWorker-22 countReadsInRegions_worker: processing 19 (147.9 per sec) @ Ascaf_128:0-19120
PoolWorker-22,  processing 565135 (32558.1 per sec) reads @ chr16:20000000-22188971
PoolWorker-22 countReadsInRegions_worker: processing 2188 (124.0 per sec) @ chr16:20000000-22188971
PoolWorker-22,  processing 1347735 (32606.8 per sec) reads @ chr14:10000000-15000000
PoolWorker-22 countReadsInRegions_worker: processing 5000 (118.7 per sec) @ chr14:10000000-15000000
PoolWorker-22,  processing 317784 (34382.8 per sec) reads @ Ascaf_53:0-64139
PoolWorker-22 countReadsInRegions_worker: processing 64 (6.8 per sec) @ Ascaf_53:0-64139
PoolWorker-22,  processing 1216796 (33152.2 per sec) reads @ chr10:15000000-19005646
PoolWorker-22 countReadsInRegions_worker: processing 4005 (107.3 per sec) @ chr10:15000000-19005646
PoolWorker-22,  processing 21543 (34820.4 per sec) reads @ Ascaf_46:0-73387
PoolWorker-22 countReadsInRegions_worker: processing 73 (107.6 per sec) @ Ascaf_46:0-73387
PoolWorker-22,  processing 9793 (33205.1 per sec) reads @ Ascaf_86:0-37568
PoolWorker-22 countReadsInRegions_worker: processing 37 (109.2 per sec) @ Ascaf_86:0-37568
PoolWorker-22,  processing 13224 (33404.7 per sec) reads @ Ascaf_58:0-57612
PoolWorker-22 countReadsInRegions_worker: processing 57 (130.1 per sec) @ Ascaf_58:0-57612
PoolWorker-22,  processing 4724 (34155.6 per sec) reads @ Ascaf_150:0-13271
PoolWorker-22 countReadsInRegions_worker: processing 13 (71.7 per sec) @ Ascaf_150:0-13271
PoolWorker-22,  processing 1346293 (32958.2 per sec) reads @ chr12:5000000-10000000
PoolWorker-22 countReadsInRegions_worker: processing 5000 (120.5 per sec) @ chr12:5000000-10000000
PoolWorker-22,  processing 1339486 (32322.7 per sec) reads @ chr4:35000000-40000000
PoolWorker-22 countReadsInRegions_worker: processing 5000 (118.7 per sec) @ chr4:35000000-40000000
PoolWorker-22,  processing 5063 (36902.6 per sec) reads @ Ascaf_82:0-39089
PoolWorker-22 countReadsInRegions_worker: processing 39 (214.0 per sec) @ Ascaf_82:0-39089
PoolWorker-22,  processing 13666 (35681.3 per sec) reads @ Ascaf_61:0-54508
PoolWorker-22 countReadsInRegions_worker: processing 54 (123.1 per sec) @ Ascaf_61:0-54508
PoolWorker-22,  processing 50406 (34725.9 per sec) reads @ Ascaf_64:0-51000
PoolWorker-22 countReadsInRegions_worker: processing 51 (33.6 per sec) @ Ascaf_64:0-51000
PoolWorker-23,  processing 1371477 (32617.2 per sec) reads @ chr9:5000000-10000000
PoolWorker-23 countReadsInRegions_worker: processing 5000 (116.2 per sec) @ chr9:5000000-10000000
PoolWorker-23,  processing 1511503 (33645.1 per sec) reads @ chr18:0-5000000
PoolWorker-23 countReadsInRegions_worker: processing 5000 (109.3 per sec) @ chr18:0-5000000
PoolWorker-23,  processing 4099 (39297.8 per sec) reads @ Ascaf_141:0-15738
PoolWorker-23 countReadsInRegions_worker: processing 15 (100.0 per sec) @ Ascaf_141:0-15738
PoolWorker-23,  processing 8840 (36100.3 per sec) reads @ Ascaf_161:0-1000
PoolWorker-23 countReadsInRegions_worker: processing 1 (3.5 per sec) @ Ascaf_161:0-1000
PoolWorker-23,  processing 1534621 (33656.0 per sec) reads @ chr20:0-5000000
PoolWorker-23 countReadsInRegions_worker: processing 5000 (107.6 per sec) @ chr20:0-5000000
PoolWorker-23,  processing 1144322 (33445.0 per sec) reads @ chr1:30000000-33917795
PoolWorker-23 countReadsInRegions_worker: processing 3917 (112.5 per sec) @ chr1:30000000-33917795
PoolWorker-23,  processing 1416902 (33567.8 per sec) reads @ chr13:15000000-20000000
PoolWorker-23 countReadsInRegions_worker: processing 5000 (116.5 per sec) @ chr13:15000000-20000000
PoolWorker-23,  processing 1367448 (36453.6 per sec) reads @ chr15:5000000-10000000
PoolWorker-23 countReadsInRegions_worker: processing 5000 (131.7 per sec) @ chr15:5000000-10000000
PoolWorker-28,  processing 195745 (34618.9 per sec) reads @ Ascaf_30:0-130979
PoolWorker-28 countReadsInRegions_worker: processing 130 (22.5 per sec) @ Ascaf_30:0-130979
PoolWorker-28,  processing 1376880 (32638.5 per sec) reads @ chr4:10000000-15000000
PoolWorker-28 countReadsInRegions_worker: processing 5000 (115.4 per sec) @ chr4:10000000-15000000
PoolWorker-28,  processing 1315192 (33373.6 per sec) reads @ chr8:10000000-15000000
PoolWorker-28 countReadsInRegions_worker: processing 5000 (124.8 per sec) @ chr8:10000000-15000000
PoolWorker-28,  processing 1421671 (33306.4 per sec) reads @ chr3:0-5000000
PoolWorker-28 countReadsInRegions_worker: processing 5000 (115.1 per sec) @ chr3:0-5000000
PoolWorker-28,  processing 45299 (35280.0 per sec) reads @ Ascaf_114:0-24031
PoolWorker-28 countReadsInRegions_worker: processing 24 (17.8 per sec) @ Ascaf_114:0-24031
PoolWorker-28,  processing 1344724 (33687.4 per sec) reads @ chr12:15000000-20000000
PoolWorker-28 countReadsInRegions_worker: processing 5000 (123.1 per sec) @ chr12:15000000-20000000
PoolWorker-28,  processing 1325507 (33910.9 per sec) reads @ chr13:10000000-15000000
PoolWorker-28 countReadsInRegions_worker: processing 5000 (125.7 per sec) @ chr13:10000000-15000000
PoolWorker-28,  processing 43209 (29602.2 per sec) reads @ Ascaf_37:0-98231
PoolWorker-28 countReadsInRegions_worker: processing 98 (64.4 per sec) @ Ascaf_37:0-98231
PoolWorker-28,  processing 68805 (35220.4 per sec) reads @ Ascaf_113:0-24387
PoolWorker-28 countReadsInRegions_worker: processing 24 (11.9 per sec) @ Ascaf_113:0-24387
PoolWorker-28,  processing 1386677 (35403.6 per sec) reads @ chr17:20000000-23682274
PoolWorker-28 countReadsInRegions_worker: processing 3682 (90.0 per sec) @ chr17:20000000-23682274
PoolWorker-28,  processing 16326 (33367.8 per sec) reads @ Ascaf_59:0-57475
PoolWorker-28 countReadsInRegions_worker: processing 57 (106.9 per sec) @ Ascaf_59:0-57475
PoolWorker-28,  processing 108915 (53915.5 per sec) reads @ Ascaf_79:0-41364
PoolWorker-28 countReadsInRegions_worker: processing 41 (19.3 per sec) @ Ascaf_79:0-41364
PoolWorker-27,  processing 1361163 (32286.1 per sec) reads @ chr4:15000000-20000000
PoolWorker-27 countReadsInRegions_worker: processing 5000 (115.5 per sec) @ chr4:15000000-20000000
PoolWorker-27,  processing 1323319 (32183.5 per sec) reads @ chr13:20000000-24369283
PoolWorker-27 countReadsInRegions_worker: processing 4369 (104.3 per sec) @ chr13:20000000-24369283
PoolWorker-27,  processing 1540357 (33260.1 per sec) reads @ chr6:0-5000000
PoolWorker-27 countReadsInRegions_worker: processing 5000 (105.9 per sec) @ chr6:0-5000000
PoolWorker-27,  processing 2661 (40515.8 per sec) reads @ Ascaf_153:0-10046
PoolWorker-27 countReadsInRegions_worker: processing 10 (94.2 per sec) @ Ascaf_153:0-10046
PoolWorker-27,  processing 6700 (35854.9 per sec) reads @ Ascaf_95:0-33544
PoolWorker-27 countReadsInRegions_worker: processing 33 (144.5 per sec) @ Ascaf_95:0-33544
PoolWorker-27,  processing 27148 (35988.8 per sec) reads @ Ascaf_84:0-38148
PoolWorker-27 countReadsInRegions_worker: processing 38 (47.5 per sec) @ Ascaf_84:0-38148
PoolWorker-27,  processing 9909 (33624.8 per sec) reads @ Ascaf_93:0-34038
PoolWorker-27 countReadsInRegions_worker: processing 34 (100.9 per sec) @ Ascaf_93:0-34038
PoolWorker-27,  processing 1422326 (33198.6 per sec) reads @ chr1:25000000-30000000
PoolWorker-27 countReadsInRegions_worker: processing 5000 (114.8 per sec) @ chr1:25000000-30000000
PoolWorker-27,  processing 150230 (35096.6 per sec) reads @ Ascaf_74:0-44000
PoolWorker-27 countReadsInRegions_worker: processing 44 (10.1 per sec) @ Ascaf_74:0-44000
PoolWorker-27,  processing 11430 (33608.9 per sec) reads @ Ascaf_80:0-41014
PoolWorker-27 countReadsInRegions_worker: processing 41 (107.1 per sec) @ Ascaf_80:0-41014
PoolWorker-27,  processing 4523 (38317.2 per sec) reads @ Ascaf_168:0-25000
PoolWorker-27 countReadsInRegions_worker: processing 25 (156.7 per sec) @ Ascaf_168:0-25000
PoolWorker-27,  processing 2297 (38264.2 per sec) reads @ Ascaf_151:0-13242
PoolWorker-27 countReadsInRegions_worker: processing 13 (128.5 per sec) @ Ascaf_151:0-13242
PoolWorker-27,  processing 3868 (35362.3 per sec) reads @ Ascaf_146:0-15502
PoolWorker-27 countReadsInRegions_worker: processing 15 (99.9 per sec) @ Ascaf_146:0-15502
PoolWorker-27,  processing 1403274 (33191.5 per sec) reads @ chr11:10000000-15000000
PoolWorker-27 countReadsInRegions_worker: processing 5000 (116.5 per sec) @ chr11:10000000-15000000
PoolWorker-27,  processing 1353682 (38050.9 per sec) reads @ chr10:0-5000000
PoolWorker-27 countReadsInRegions_worker: processing 5000 (138.6 per sec) @ chr10:0-5000000
PoolWorker-27,  processing 173249 (36374.8 per sec) reads @ chr15:20000000-20219940
PoolWorker-27 countReadsInRegions_worker: processing 219 (44.9 per sec) @ chr15:20000000-20219940
PoolWorker-17,  processing 44359 (66183.2 per sec) reads @ Ascaf_73:0-44649
PoolWorker-17 countReadsInRegions_worker: processing 44 (64.0 per sec) @ Ascaf_73:0-44649
PoolWorker-17,  processing 1382424 (32936.6 per sec) reads @ chr3:5000000-10000000
PoolWorker-17 countReadsInRegions_worker: processing 5000 (116.4 per sec) @ chr3:5000000-10000000
PoolWorker-17,  processing 1726 (44089.3 per sec) reads @ Ascaf_155:0-6589
PoolWorker-17 countReadsInRegions_worker: processing 6 (74.5 per sec) @ Ascaf_155:0-6589
PoolWorker-17,  processing 10571 (33672.6 per sec) reads @ Ascaf_76:0-42514
PoolWorker-17 countReadsInRegions_worker: processing 42 (118.0 per sec) @ Ascaf_76:0-42514
PoolWorker-17,  processing 66570 (34625.2 per sec) reads @ Ascaf_36:0-98486
PoolWorker-17 countReadsInRegions_worker: processing 98 (49.2 per sec) @ Ascaf_36:0-98486
PoolWorker-17,  processing 1720810 (33807.2 per sec) reads @ chr13:0-5000000
PoolWorker-17 countReadsInRegions_worker: processing 5000 (96.7 per sec) @ chr13:0-5000000
PoolWorker-17,  processing 1358684 (34193.6 per sec) reads @ chr6:5000000-10000000
PoolWorker-17 countReadsInRegions_worker: processing 5000 (123.3 per sec) @ chr6:5000000-10000000
PoolWorker-17,  processing 3118 (37749.0 per sec) reads @ Ascaf_152:0-12206
PoolWorker-17 countReadsInRegions_worker: processing 12 (95.1 per sec) @ Ascaf_152:0-12206
PoolWorker-17,  processing 402083 (35588.1 per sec) reads @ Ascaf_25:0-178627
PoolWorker-17 countReadsInRegions_worker: processing 178 (15.5 per sec) @ Ascaf_25:0-178627
PoolWorker-17,  processing 1374681 (33829.2 per sec) reads @ chr21:10000000-15000000
PoolWorker-17 countReadsInRegions_worker: processing 5000 (121.0 per sec) @ chr21:10000000-15000000
PoolWorker-17,  processing 1322797 (34596.1 per sec) reads @ chr7:10000000-15000000
PoolWorker-17 countReadsInRegions_worker: processing 5000 (128.8 per sec) @ chr7:10000000-15000000
PoolWorker-17,  processing 1314433 (39906.3 per sec) reads @ chr1:5000000-10000000
PoolWorker-17 countReadsInRegions_worker: processing 5000 (150.1 per sec) @ chr1:5000000-10000000
PoolWorker-32,  processing 1379518 (31829.9 per sec) reads @ chr18:10000000-15000000
PoolWorker-32 countReadsInRegions_worker: processing 5000 (112.7 per sec) @ chr18:10000000-15000000
PoolWorker-32,  processing 167084 (36089.5 per sec) reads @ Ascaf_96:0-33398
PoolWorker-32 countReadsInRegions_worker: processing 33 (7.0 per sec) @ Ascaf_96:0-33398
PoolWorker-32,  processing 8719 (35722.3 per sec) reads @ Ascaf_169:0-50000
PoolWorker-32 countReadsInRegions_worker: processing 50 (173.6 per sec) @ Ascaf_169:0-50000
PoolWorker-32,  processing 1295744 (32509.2 per sec) reads @ chr11:15000000-19299255
PoolWorker-32 countReadsInRegions_worker: processing 4299 (105.8 per sec) @ chr11:15000000-19299255
PoolWorker-32,  processing 1378166 (32322.5 per sec) reads @ chr8:0-5000000
PoolWorker-32 countReadsInRegions_worker: processing 5000 (115.3 per sec) @ chr8:0-5000000
PoolWorker-32,  processing 8568 (34828.7 per sec) reads @ Ascaf_100:0-32247
PoolWorker-32 countReadsInRegions_worker: processing 32 (110.5 per sec) @ Ascaf_100:0-32247
PoolWorker-32,  processing 1379833 (33266.1 per sec) reads @ chr15:15000000-20000000
PoolWorker-32 countReadsInRegions_worker: processing 5000 (118.2 per sec) @ chr15:15000000-20000000
PoolWorker-32,  processing 2890 (36020.2 per sec) reads @ Ascaf_140:0-15786
PoolWorker-32 countReadsInRegions_worker: processing 15 (124.1 per sec) @ Ascaf_140:0-15786
PoolWorker-32,  processing 239520 (35344.0 per sec) reads @ Ascaf_43:0-83995
PoolWorker-32 countReadsInRegions_worker: processing 83 (12.0 per sec) @ Ascaf_43:0-83995
PoolWorker-32,  processing 155144 (34706.0 per sec) reads @ Ascaf_27:0-155775
PoolWorker-32 countReadsInRegions_worker: processing 155 (33.9 per sec) @ Ascaf_27:0-155775
PoolWorker-32,  processing 1338616 (32656.7 per sec) reads @ chr10:5000000-10000000
PoolWorker-32 countReadsInRegions_worker: processing 5000 (120.0 per sec) @ chr10:5000000-10000000
PoolWorker-32,  processing 1445879 (38884.4 per sec) reads @ chr12:0-5000000
PoolWorker-32 countReadsInRegions_worker: processing 5000 (133.1 per sec) @ chr12:0-5000000
PoolWorker-24,  processing 58029 (32208.5 per sec) reads @ Ascaf_24:0-187591
PoolWorker-24 countReadsInRegions_worker: processing 187 (101.0 per sec) @ Ascaf_24:0-187591
PoolWorker-24,  processing 3260 (36864.1 per sec) reads @ Ascaf_139:0-16678
PoolWorker-24 countReadsInRegions_worker: processing 16 (105.8 per sec) @ Ascaf_139:0-16678
PoolWorker-24,  processing 3402 (37237.7 per sec) reads @ Ascaf_130:0-18457
PoolWorker-24 countReadsInRegions_worker: processing 18 (117.1 per sec) @ Ascaf_130:0-18457
PoolWorker-24,  processing 1364110 (32337.7 per sec) reads @ chr7:0-5000000
PoolWorker-24 countReadsInRegions_worker: processing 5000 (115.5 per sec) @ chr7:0-5000000
PoolWorker-24,  processing 67951 (35109.4 per sec) reads @ Ascaf_119:0-22101
PoolWorker-24 countReadsInRegions_worker: processing 22 (10.4 per sec) @ Ascaf_119:0-22101
PoolWorker-24,  processing 8959 (36599.6 per sec) reads @ Ascaf_85:0-37890
PoolWorker-24 countReadsInRegions_worker: processing 37 (129.1 per sec) @ Ascaf_85:0-37890
PoolWorker-24,  processing 115381 (35834.9 per sec) reads @ Ascaf_38:0-95573
PoolWorker-24 countReadsInRegions_worker: processing 95 (28.7 per sec) @ Ascaf_38:0-95573
PoolWorker-24,  processing 65695 (35656.1 per sec) reads @ Ascaf_124:0-19772
PoolWorker-24 countReadsInRegions_worker: processing 19 (10.0 per sec) @ Ascaf_124:0-19772
PoolWorker-24,  processing 8918 (36117.4 per sec) reads @ Ascaf_101:0-31946
PoolWorker-24 countReadsInRegions_worker: processing 31 (102.0 per sec) @ Ascaf_101:0-31946
PoolWorker-24,  processing 151457 (35460.4 per sec) reads @ Ascaf_39:0-92659
PoolWorker-24 countReadsInRegions_worker: processing 92 (21.0 per sec) @ Ascaf_39:0-92659
PoolWorker-24,  processing 534789 (34907.2 per sec) reads @ Ascaf_42:0-86089
PoolWorker-24 countReadsInRegions_worker: processing 86 (5.5 per sec) @ Ascaf_42:0-86089
PoolWorker-24,  processing 28118 (34937.3 per sec) reads @ Ascaf_166:0-50000
PoolWorker-24 countReadsInRegions_worker: processing 50 (58.7 per sec) @ Ascaf_166:0-50000
PoolWorker-24,  processing 1023 (69121.3 per sec) reads @ Ascaf_158:0-3231
PoolWorker-24 countReadsInRegions_worker: processing 3 (52.4 per sec) @ Ascaf_158:0-3231
PoolWorker-24,  processing 972631 (33434.9 per sec) reads @ chr12:20000000-23704847
PoolWorker-24 countReadsInRegions_worker: processing 3704 (125.2 per sec) @ chr12:20000000-23704847
PoolWorker-24,  processing 1554840 (33275.5 per sec) reads @ chr7:20000000-25000000
PoolWorker-24 countReadsInRegions_worker: processing 5000 (105.3 per sec) @ chr7:20000000-25000000
PoolWorker-24,  processing 1368635 (33336.8 per sec) reads @ chr1:0-5000000
PoolWorker-24 countReadsInRegions_worker: processing 5000 (119.6 per sec) @ chr1:0-5000000
PoolWorker-24,  processing 1375351 (34533.5 per sec) reads @ chr2:20000000-25000000
PoolWorker-24 countReadsInRegions_worker: processing 5000 (123.3 per sec) @ chr2:20000000-25000000
PoolWorker-24,  processing 1327990 (40633.7 per sec) reads @ chr5:5000000-10000000
PoolWorker-24 countReadsInRegions_worker: processing 5000 (151.2 per sec) @ chr5:5000000-10000000
PoolWorker-24,  processing 42934 (65189.7 per sec) reads @ Ascaf_137:0-17000
PoolWorker-24 countReadsInRegions_worker: processing 17 (24.4 per sec) @ Ascaf_137:0-17000
PoolWorker-24,  processing 6568 (69002.4 per sec) reads @ Ascaf_117:0-22832
PoolWorker-24 countReadsInRegions_worker: processing 22 (210.8 per sec) @ Ascaf_117:0-22832
PoolWorker-31,  processing 1324844 (32910.7 per sec) reads @ chr9:10000000-15000000
PoolWorker-31 countReadsInRegions_worker: processing 5000 (121.3 per sec) @ chr9:10000000-15000000
PoolWorker-31,  processing 3398 (38743.6 per sec) reads @ Ascaf_145:0-15510
PoolWorker-31 countReadsInRegions_worker: processing 15 (117.0 per sec) @ Ascaf_145:0-15510
PoolWorker-31,  processing 3985 (36382.4 per sec) reads @ Ascaf_167:0-25000
PoolWorker-31 countReadsInRegions_worker: processing 25 (167.0 per sec) @ Ascaf_167:0-25000
PoolWorker-31,  processing 1068229 (32978.0 per sec) reads @ chr7:30000000-33914388
PoolWorker-31 countReadsInRegions_worker: processing 3914 (118.9 per sec) @ chr7:30000000-33914388
PoolWorker-31,  processing 5133 (36964.8 per sec) reads @ Ascaf_127:0-19159
PoolWorker-31 countReadsInRegions_worker: processing 19 (104.6 per sec) @ Ascaf_127:0-19159
PoolWorker-31,  processing 8574 (35898.6 per sec) reads @ Ascaf_104:0-29894
PoolWorker-31 countReadsInRegions_worker: processing 29 (103.5 per sec) @ Ascaf_104:0-29894
PoolWorker-31,  processing 1314730 (32826.1 per sec) reads @ chr2:0-5000000
PoolWorker-31 countReadsInRegions_worker: processing 5000 (122.8 per sec) @ chr2:0-5000000
PoolWorker-31,  processing 1303466 (33636.9 per sec) reads @ chr20:5000000-10000000
PoolWorker-31 countReadsInRegions_worker: processing 5000 (126.7 per sec) @ chr20:5000000-10000000
PoolWorker-31,  processing 215209 (33854.4 per sec) reads @ chr4:40000000-40647937
PoolWorker-31 countReadsInRegions_worker: processing 647 (99.9 per sec) @ chr4:40000000-40647937
PoolWorker-31,  processing 4820 (41043.6 per sec) reads @ Ascaf_134:0-17659
PoolWorker-31 countReadsInRegions_worker: processing 17 (106.3 per sec) @ Ascaf_134:0-17659
PoolWorker-31,  processing 1927 (35111.7 per sec) reads @ Ascaf_154:0-6709
PoolWorker-31 countReadsInRegions_worker: processing 6 (50.5 per sec) @ Ascaf_154:0-6709
PoolWorker-31,  processing 1387554 (33873.2 per sec) reads @ chr1:15000000-20000000
PoolWorker-31 countReadsInRegions_worker: processing 5000 (120.3 per sec) @ chr1:15000000-20000000
PoolWorker-31,  processing 14434 (29742.6 per sec) reads @ Ascaf_81:0-40000
PoolWorker-31 countReadsInRegions_worker: processing 40 (74.0 per sec) @ Ascaf_81:0-40000
PoolWorker-31,  processing 1381842 (34634.5 per sec) reads @ chr5:10000000-15000000
PoolWorker-31 countReadsInRegions_worker: processing 5000 (123.3 per sec) @ chr5:10000000-15000000
PoolWorker-31,  processing 7846 (25949.2 per sec) reads @ Ascaf_66:0-47454
PoolWorker-31 countReadsInRegions_worker: processing 47 (137.4 per sec) @ Ascaf_66:0-47454
PoolWorker-31,  processing 1325923 (51653.4 per sec) reads @ chr11:0-5000000
PoolWorker-31 countReadsInRegions_worker: processing 5000 (192.3 per sec) @ chr11:0-5000000
PoolWorker-30,  processing 81670 (32266.2 per sec) reads @ chr3:20000000-20313673
PoolWorker-30 countReadsInRegions_worker: processing 313 (119.7 per sec) @ chr3:20000000-20313673
PoolWorker-30,  processing 1326888 (32414.4 per sec) reads @ chr8:15000000-20000000
PoolWorker-30 countReadsInRegions_worker: processing 5000 (119.3 per sec) @ chr8:15000000-20000000
PoolWorker-30,  processing 200292 (36724.9 per sec) reads @ Ascaf_26:0-156806
PoolWorker-30 countReadsInRegions_worker: processing 156 (27.9 per sec) @ Ascaf_26:0-156806
PoolWorker-30,  processing 9448 (35808.8 per sec) reads @ Ascaf_111:0-25158
PoolWorker-30 countReadsInRegions_worker: processing 25 (81.9 per sec) @ Ascaf_111:0-25158
PoolWorker-30,  processing 585733 (32343.8 per sec) reads @ chr19:20000000-23715829
PoolWorker-30 countReadsInRegions_worker: processing 3715 (202.0 per sec) @ chr19:20000000-23715829
PoolWorker-30,  processing 387 (60364.3 per sec) reads @ Ascaf_162:0-1000
PoolWorker-30 countReadsInRegions_worker: processing 1 (21.6 per sec) @ Ascaf_162:0-1000
PoolWorker-30,  processing 40625 (33979.8 per sec) reads @ Ascaf_23:0-264707
PoolWorker-30 countReadsInRegions_worker: processing 264 (210.3 per sec) @ Ascaf_23:0-264707
PoolWorker-30,  processing 11880 (33704.1 per sec) reads @ Ascaf_63:0-51776
PoolWorker-30 countReadsInRegions_worker: processing 51 (130.0 per sec) @ Ascaf_63:0-51776
PoolWorker-30,  processing 10976 (37566.3 per sec) reads @ Ascaf_78:0-41577
PoolWorker-30 countReadsInRegions_worker: processing 41 (122.1 per sec) @ Ascaf_78:0-41577
PoolWorker-30,  processing 14497 (33691.8 per sec) reads @ Ascaf_62:0-52951
PoolWorker-30 countReadsInRegions_worker: processing 52 (107.1 per sec) @ Ascaf_62:0-52951
PoolWorker-30,  processing 6635 (38878.3 per sec) reads @ Ascaf_126:0-19574
PoolWorker-30 countReadsInRegions_worker: processing 19 (91.1 per sec) @ Ascaf_126:0-19574
PoolWorker-30,  processing 1522738 (33156.3 per sec) reads @ chr14:0-5000000
PoolWorker-30 countReadsInRegions_worker: processing 5000 (106.8 per sec) @ chr14:0-5000000
PoolWorker-30,  processing 497 (61312.7 per sec) reads @ Ascaf_157:0-3527
PoolWorker-30 countReadsInRegions_worker: processing 3 (61.2 per sec) @ Ascaf_157:0-3527
PoolWorker-30,  processing 78986 (33451.4 per sec) reads @ Ascaf_41:0-90399
PoolWorker-30 countReadsInRegions_worker: processing 90 (37.1 per sec) @ Ascaf_41:0-90399
PoolWorker-30,  processing 1320999 (33420.8 per sec) reads @ chr7:5000000-10000000
PoolWorker-30 countReadsInRegions_worker: processing 5000 (124.3 per sec) @ chr7:5000000-10000000
PoolWorker-30,  processing 6015 (35520.9 per sec) reads @ Ascaf_122:0-20728
PoolWorker-30 countReadsInRegions_worker: processing 20 (97.2 per sec) @ Ascaf_122:0-20728
PoolWorker-30,  processing 4967 (39404.4 per sec) reads @ Ascaf_136:0-17062
PoolWorker-30 countReadsInRegions_worker: processing 17 (103.2 per sec) @ Ascaf_136:0-17062
PoolWorker-30,  processing 1323371 (33505.9 per sec) reads @ chr8:5000000-10000000
PoolWorker-30 countReadsInRegions_worker: processing 5000 (124.5 per sec) @ chr8:5000000-10000000
PoolWorker-30,  processing 1326585 (32825.7 per sec) reads @ chr21:5000000-10000000
PoolWorker-30 countReadsInRegions_worker: processing 5000 (122.0 per sec) @ chr21:5000000-10000000
PoolWorker-30,  processing 1351299 (50029.6 per sec) reads @ chr9:15000000-20000000
PoolWorker-30 countReadsInRegions_worker: processing 5000 (182.8 per sec) @ chr9:15000000-20000000
PoolWorker-29,  processing 1353849 (31931.1 per sec) reads @ chr4:30000000-35000000
PoolWorker-29 countReadsInRegions_worker: processing 5000 (115.2 per sec) @ chr4:30000000-35000000
PoolWorker-29,  processing 8610 (26216.0 per sec) reads @ Ascaf_54:0-60000
PoolWorker-29 countReadsInRegions_worker: processing 60 (162.3 per sec) @ Ascaf_54:0-60000
PoolWorker-29,  processing 70923 (35342.7 per sec) reads @ Ascaf_107:0-29490
PoolWorker-29 countReadsInRegions_worker: processing 29 (14.0 per sec) @ Ascaf_107:0-29490
PoolWorker-29,  processing 31357 (34655.7 per sec) reads @ Ascaf_31:0-121444
PoolWorker-29 countReadsInRegions_worker: processing 121 (126.9 per sec) @ Ascaf_31:0-121444
PoolWorker-29,  processing 268 (57350.7 per sec) reads @ Ascaf_164:0-1000
PoolWorker-29 countReadsInRegions_worker: processing 1 (22.1 per sec) @ Ascaf_164:0-1000
PoolWorker-29,  processing 27247 (30004.0 per sec) reads @ Ascaf_71:0-32519
PoolWorker-29 countReadsInRegions_worker: processing 32 (33.6 per sec) @ Ascaf_71:0-32519
PoolWorker-29,  processing 8596 (37550.7 per sec) reads @ Ascaf_88:0-36907
PoolWorker-29 countReadsInRegions_worker: processing 36 (125.8 per sec) @ Ascaf_88:0-36907
PoolWorker-29,  processing 250 (49349.4 per sec) reads @ Ascaf_163:0-1000
PoolWorker-29 countReadsInRegions_worker: processing 1 (23.7 per sec) @ Ascaf_163:0-1000
PoolWorker-29,  processing 1372224 (33536.7 per sec) reads @ chr9:0-5000000
PoolWorker-29 countReadsInRegions_worker: processing 5000 (119.7 per sec) @ chr9:0-5000000
PoolWorker-29,  processing 12595 (34837.8 per sec) reads @ Ascaf_68:0-47437
PoolWorker-29 countReadsInRegions_worker: processing 47 (115.7 per sec) @ Ascaf_68:0-47437
PoolWorker-29,  processing 5921 (34558.8 per sec) reads @ Ascaf_112:0-24428
PoolWorker-29 countReadsInRegions_worker: processing 24 (112.0 per sec) @ Ascaf_112:0-24428
PoolWorker-29,  processing 7752 (34187.4 per sec) reads @ Ascaf_109:0-28244
PoolWorker-29 countReadsInRegions_worker: processing 28 (106.6 per sec) @ Ascaf_109:0-28244
PoolWorker-29,  processing 183659 (34260.5 per sec) reads @ Ascaf_22:0-446888
PoolWorker-29 countReadsInRegions_worker: processing 446 (81.5 per sec) @ Ascaf_22:0-446888
PoolWorker-29,  processing 211 (60339.4 per sec) reads @ Ascaf_160:0-2000
PoolWorker-29 countReadsInRegions_worker: processing 2 (46.5 per sec) @ Ascaf_160:0-2000
PoolWorker-29,  processing 38093 (36446.7 per sec) reads @ Ascaf_55:0-59833
PoolWorker-29 countReadsInRegions_worker: processing 59 (53.3 per sec) @ Ascaf_55:0-59833
PoolWorker-29,  processing 288167 (35564.1 per sec) reads @ Ascaf_45:0-74461
PoolWorker-29 countReadsInRegions_worker: processing 74 (9.0 per sec) @ Ascaf_45:0-74461
PoolWorker-29,  processing 1354299 (33242.9 per sec) reads @ chr3:10000000-15000000
PoolWorker-29 countReadsInRegions_worker: processing 5000 (120.8 per sec) @ chr3:10000000-15000000
PoolWorker-29,  processing 326426 (32632.3 per sec) reads @ chr6:20000000-21248438
PoolWorker-29 countReadsInRegions_worker: processing 1248 (122.8 per sec) @ chr6:20000000-21248438
PoolWorker-29,  processing 782784 (32828.1 per sec) reads @ chr19:10000000-15000000
PoolWorker-29 countReadsInRegions_worker: processing 5000 (206.8 per sec) @ chr19:10000000-15000000
PoolWorker-29,  processing 6351 (36888.6 per sec) reads @ Ascaf_60:0-24766
PoolWorker-29 countReadsInRegions_worker: processing 24 (114.0 per sec) @ Ascaf_60:0-24766
PoolWorker-29,  processing 1149906 (33636.4 per sec) reads @ chr5:15000000-18670498
PoolWorker-29 countReadsInRegions_worker: processing 3670 (105.3 per sec) @ chr5:15000000-18670498
PoolWorker-29,  processing 1319644 (36830.1 per sec) reads @ chr3:15000000-20000000
PoolWorker-29 countReadsInRegions_worker: processing 5000 (137.9 per sec) @ chr3:15000000-20000000
PoolWorker-29,  processing 1032452 (56035.8 per sec) reads @ chr8:20000000-23122080
PoolWorker-29 countReadsInRegions_worker: processing 3122 (167.3 per sec) @ chr8:20000000-23122080
PoolWorker-29,  processing 70438 (77303.5 per sec) reads @ Ascaf_129:0-19000
PoolWorker-29 countReadsInRegions_worker: processing 19 (20.4 per sec) @ Ascaf_129:0-19000
PoolWorker-20,  processing 183059 (32645.3 per sec) reads @ Ascaf_33:0-106103
PoolWorker-20 countReadsInRegions_worker: processing 106 (18.5 per sec) @ Ascaf_33:0-106103
PoolWorker-20,  processing 32781 (34849.4 per sec) reads @ Ascaf_44:0-77777
PoolWorker-20 countReadsInRegions_worker: processing 77 (76.1 per sec) @ Ascaf_44:0-77777
PoolWorker-20,  processing 13122 (33907.8 per sec) reads @ Ascaf_133:0-49732
PoolWorker-20 countReadsInRegions_worker: processing 49 (105.6 per sec) @ Ascaf_133:0-49732
PoolWorker-20,  processing 1358249 (32075.7 per sec) reads @ chr17:0-5000000
PoolWorker-20 countReadsInRegions_worker: processing 5000 (115.8 per sec) @ chr17:0-5000000
PoolWorker-20,  processing 93327 (36069.4 per sec) reads @ Ascaf_48:0-71747
PoolWorker-20 countReadsInRegions_worker: processing 71 (26.7 per sec) @ Ascaf_48:0-71747
PoolWorker-20,  processing 1328869 (33470.9 per sec) reads @ chr1:10000000-15000000
PoolWorker-20 countReadsInRegions_worker: processing 5000 (123.6 per sec) @ chr1:10000000-15000000
PoolWorker-20,  processing 10658 (36079.9 per sec) reads @ Ascaf_83:0-38959
PoolWorker-20 countReadsInRegions_worker: processing 38 (112.0 per sec) @ Ascaf_83:0-38959
PoolWorker-20,  processing 1327174 (33090.2 per sec) reads @ chr17:15000000-20000000
PoolWorker-20 countReadsInRegions_worker: processing 5000 (122.8 per sec) @ chr17:15000000-20000000
PoolWorker-20,  processing 1361018 (33126.9 per sec) reads @ chr20:15000000-20000000
PoolWorker-20 countReadsInRegions_worker: processing 5000 (119.6 per sec) @ chr20:15000000-20000000
PoolWorker-20,  processing 1702 (33197.6 per sec) reads @ Ascaf_156:0-5652
PoolWorker-20 countReadsInRegions_worker: processing 5 (56.1 per sec) @ Ascaf_156:0-5652
PoolWorker-20,  processing 33604 (35780.5 per sec) reads @ Ascaf_105:0-29809
PoolWorker-20 countReadsInRegions_worker: processing 29 (29.5 per sec) @ Ascaf_105:0-29809
PoolWorker-20,  processing 1457999 (33757.6 per sec) reads @ chr17:10000000-15000000
PoolWorker-20 countReadsInRegions_worker: processing 5000 (113.7 per sec) @ chr17:10000000-15000000
PoolWorker-20,  processing 1643956 (38908.6 per sec) reads @ chr1:20000000-25000000
PoolWorker-20 countReadsInRegions_worker: processing 5000 (117.3 per sec) @ chr1:20000000-25000000
PoolWorker-20,  processing 4638 (23061.9 per sec) reads @ Ascaf_102:0-31073
PoolWorker-20 countReadsInRegions_worker: processing 31 (128.8 per sec) @ Ascaf_102:0-31073
PoolWorker-20,  processing 11099 (34297.5 per sec) reads @ Ascaf_77:0-41997
PoolWorker-20 countReadsInRegions_worker: processing 41 (111.5 per sec) @ Ascaf_77:0-41997
PoolWorker-20,  processing 747788 (65534.9 per sec) reads @ chr19:15000000-20000000
PoolWorker-20 countReadsInRegions_worker: processing 5000 (431.4 per sec) @ chr19:15000000-20000000
PoolWorker-21,  processing 52330 (33290.4 per sec) reads @ Ascaf_29:0-143722
PoolWorker-21 countReadsInRegions_worker: processing 143 (89.1 per sec) @ Ascaf_29:0-143722
PoolWorker-21,  processing 103392 (33158.9 per sec) reads @ Ascaf_120:0-22000
PoolWorker-21 countReadsInRegions_worker: processing 22 (6.8 per sec) @ Ascaf_120:0-22000
PoolWorker-21,  processing 3703 (41868.3 per sec) reads @ Ascaf_148:0-14976
PoolWorker-21 countReadsInRegions_worker: processing 14 (92.7 per sec) @ Ascaf_148:0-14976
PoolWorker-21,  processing 1307698 (31688.3 per sec) reads @ chr6:15000000-20000000
PoolWorker-21 countReadsInRegions_worker: processing 5000 (118.9 per sec) @ chr6:15000000-20000000
PoolWorker-21,  processing 5003 (33568.4 per sec) reads @ Ascaf_132:0-17867
PoolWorker-21 countReadsInRegions_worker: processing 17 (91.4 per sec) @ Ascaf_132:0-17867
PoolWorker-21,  processing 15233 (35726.6 per sec) reads @ Ascaf_65:0-47651
PoolWorker-21 countReadsInRegions_worker: processing 47 (100.2 per sec) @ Ascaf_65:0-47651
PoolWorker-21,  processing 1471792 (32781.2 per sec) reads @ chr7:15000000-20000000
PoolWorker-21 countReadsInRegions_worker: processing 5000 (109.6 per sec) @ chr7:15000000-20000000
PoolWorker-21,  processing 151369 (34245.5 per sec) reads @ Ascaf_35:0-99371
PoolWorker-21 countReadsInRegions_worker: processing 99 (21.8 per sec) @ Ascaf_35:0-99371
PoolWorker-21,  processing 70064 (34804.4 per sec) reads @ Ascaf_57:0-58000
PoolWorker-21 countReadsInRegions_worker: processing 58 (27.9 per sec) @ Ascaf_57:0-58000
PoolWorker-21,  processing 1170589 (32176.3 per sec) reads @ chr9:20000000-24303205
PoolWorker-21 countReadsInRegions_worker: processing 4303 (116.5 per sec) @ chr9:20000000-24303205
PoolWorker-21,  processing 1297794 (32880.5 per sec) reads @ chr7:25000000-30000000
PoolWorker-21 countReadsInRegions_worker: processing 5000 (124.5 per sec) @ chr7:25000000-30000000
PoolWorker-21,  processing 8446 (34049.4 per sec) reads @ Ascaf_67:0-40269
PoolWorker-21 countReadsInRegions_worker: processing 40 (132.0 per sec) @ Ascaf_67:0-40269
PoolWorker-21,  processing 4279 (36729.3 per sec) reads @ Ascaf_138:0-16696
PoolWorker-21 countReadsInRegions_worker: processing 16 (101.8 per sec) @ Ascaf_138:0-16696
PoolWorker-21,  processing 8667 (34984.3 per sec) reads @ Ascaf_99:0-33167
PoolWorker-21 countReadsInRegions_worker: processing 33 (109.0 per sec) @ Ascaf_99:0-33167
PoolWorker-21,  processing 4800 (35363.3 per sec) reads @ Ascaf_135:0-17087
PoolWorker-21 countReadsInRegions_worker: processing 17 (96.1 per sec) @ Ascaf_135:0-17087
PoolWorker-21,  processing 1330828 (32950.5 per sec) reads @ chr18:5000000-10000000
PoolWorker-21 countReadsInRegions_worker: processing 5000 (122.0 per sec) @ chr18:5000000-10000000
PoolWorker-21,  processing 1595843 (37171.6 per sec) reads @ chr4:25000000-30000000
PoolWorker-21 countReadsInRegions_worker: processing 5000 (115.5 per sec) @ chr4:25000000-30000000
PoolWorker-21,  processing 4494 (70221.0 per sec) reads @ Ascaf_118:0-22120
PoolWorker-21 countReadsInRegions_worker: processing 22 (303.2 per sec) @ Ascaf_118:0-22120
PoolWorker-21,  processing 1370297 (71014.5 per sec) reads @ chr11:5000000-10000000
PoolWorker-21 countReadsInRegions_worker: processing 5000 (255.0 per sec) @ chr11:5000000-10000000
PoolWorker-21,  processing 6710 (80634.5 per sec) reads @ Ascaf_142:0-15730
PoolWorker-21 countReadsInRegions_worker: processing 15 (165.0 per sec) @ Ascaf_142:0-15730
PoolWorker-18,  processing 7111 (63850.3 per sec) reads @ Ascaf_108:0-29345
PoolWorker-18 countReadsInRegions_worker: processing 29 (238.5 per sec) @ Ascaf_108:0-29345
PoolWorker-18,  processing 64415 (33614.2 per sec) reads @ Ascaf_72:0-46000
PoolWorker-18 countReadsInRegions_worker: processing 46 (23.3 per sec) @ Ascaf_72:0-46000
PoolWorker-18,  processing 9575 (37401.8 per sec) reads @ Ascaf_91:0-34837
PoolWorker-18 countReadsInRegions_worker: processing 34 (102.3 per sec) @ Ascaf_91:0-34837
PoolWorker-18,  processing 3938 (39934.3 per sec) reads @ Ascaf_147:0-15099
PoolWorker-18 countReadsInRegions_worker: processing 15 (93.3 per sec) @ Ascaf_147:0-15099
PoolWorker-18,  processing 642424 (33068.2 per sec) reads @ chr2:25000000-26977752
PoolWorker-18 countReadsInRegions_worker: processing 1977 (99.5 per sec) @ chr2:25000000-26977752
PoolWorker-18,  processing 1483740 (33650.7 per sec) reads @ chr17:5000000-10000000
PoolWorker-18 countReadsInRegions_worker: processing 5000 (111.1 per sec) @ chr17:5000000-10000000
PoolWorker-18,  processing 1375793 (33266.6 per sec) reads @ chr15:0-5000000
PoolWorker-18 countReadsInRegions_worker: processing 5000 (118.6 per sec) @ chr15:0-5000000
PoolWorker-18,  processing 1267109 (33204.4 per sec) reads @ chr21:0-5000000
PoolWorker-18 countReadsInRegions_worker: processing 5000 (128.8 per sec) @ chr21:0-5000000
PoolWorker-18,  processing 2786 (42377.8 per sec) reads @ Ascaf_143:0-15560
PoolWorker-18 countReadsInRegions_worker: processing 15 (140.6 per sec) @ Ascaf_143:0-15560
PoolWorker-18,  processing 162030 (36122.9 per sec) reads @ Ascaf_98:0-33222
PoolWorker-18 countReadsInRegions_worker: processing 33 (7.2 per sec) @ Ascaf_98:0-33222
PoolWorker-18,  processing 1748568 (33926.9 per sec) reads @ chr4:20000000-25000000
PoolWorker-18 countReadsInRegions_worker: processing 5000 (95.3 per sec) @ chr4:20000000-25000000
PoolWorker-18,  processing 927894 (32907.4 per sec) reads @ chr18:15000000-18483836
PoolWorker-18 countReadsInRegions_worker: processing 3483 (121.7 per sec) @ chr18:15000000-18483836
PoolWorker-18,  processing 1383328 (43012.2 per sec) reads @ chr10:10000000-15000000
PoolWorker-18 countReadsInRegions_worker: processing 5000 (153.6 per sec) @ chr10:10000000-15000000
PoolWorker-18,  processing 1340879 (76401.2 per sec) reads @ chr20:10000000-15000000
PoolWorker-18 countReadsInRegions_worker: processing 5000 (280.1 per sec) @ chr20:10000000-15000000
PoolWorker-18,  processing 5311 (39294.8 per sec) reads @ Ascaf_121:0-21431
PoolWorker-18 countReadsInRegions_worker: processing 21 (147.4 per sec) @ Ascaf_121:0-21431
PoolWorker-18,  processing 35646 (86383.3 per sec) reads @ Ascaf_92:0-34608
PoolWorker-18 countReadsInRegions_worker: processing 34 (80.3 per sec) @ Ascaf_92:0-34608
PoolWorker-19,  processing 1489131 (32985.2 per sec) reads @ chr21:15000000-19873525
PoolWorker-19 countReadsInRegions_worker: processing 4873 (105.6 per sec) @ chr21:15000000-19873525
PoolWorker-19,  processing 1303427 (33820.7 per sec) reads @ chr2:10000000-15000000
PoolWorker-19 countReadsInRegions_worker: processing 5000 (127.2 per sec) @ chr2:10000000-15000000
PoolWorker-19,  processing 104 (51585.6 per sec) reads @ Ascaf_165:0-1000
PoolWorker-19 countReadsInRegions_worker: processing 1 (24.7 per sec) @ Ascaf_165:0-1000
PoolWorker-19,  processing 1338019 (34007.7 per sec) reads @ chr16:5000000-10000000
PoolWorker-19 countReadsInRegions_worker: processing 5000 (125.0 per sec) @ chr16:5000000-10000000
PoolWorker-19,  processing 19477 (35353.5 per sec) reads @ Ascaf_47:0-72017
PoolWorker-19 countReadsInRegions_worker: processing 72 (121.1 per sec) @ Ascaf_47:0-72017
PoolWorker-19,  processing 5455 (41523.0 per sec) reads @ Ascaf_125:0-19664
PoolWorker-19 countReadsInRegions_worker: processing 19 (109.9 per sec) @ Ascaf_125:0-19664
PoolWorker-19,  processing 87379 (33420.2 per sec) reads @ Ascaf_32:0-110405
PoolWorker-19 countReadsInRegions_worker: processing 110 (40.8 per sec) @ Ascaf_32:0-110405
PoolWorker-19,  processing 26022 (36436.7 per sec) reads @ Ascaf_56:0-58445
PoolWorker-19 countReadsInRegions_worker: processing 58 (75.6 per sec) @ Ascaf_56:0-58445
PoolWorker-19,  processing 6054 (39936.1 per sec) reads @ Ascaf_103:0-30986
PoolWorker-19 countReadsInRegions_worker: processing 30 (153.8 per sec) @ Ascaf_103:0-30986
PoolWorker-19,  processing 1802963 (34008.1 per sec) reads @ chr14:5000000-10000000
PoolWorker-19 countReadsInRegions_worker: processing 5000 (92.6 per sec) @ chr14:5000000-10000000
PoolWorker-19,  processing 506 (26707.6 per sec) reads @ Ascaf_159:0-3139
PoolWorker-19 countReadsInRegions_worker: processing 3 (45.1 per sec) @ Ascaf_159:0-3139
PoolWorker-19,  processing 31526 (35816.7 per sec) reads @ Ascaf_106:0-29590
PoolWorker-19 countReadsInRegions_worker: processing 29 (31.4 per sec) @ Ascaf_106:0-29590
PoolWorker-19,  processing 1403713 (33618.8 per sec) reads @ chr16:15000000-20000000
PoolWorker-19 countReadsInRegions_worker: processing 5000 (117.2 per sec) @ chr16:15000000-20000000
PoolWorker-19,  processing 10570 (36039.8 per sec) reads @ Ascaf_87:0-36937
PoolWorker-19 countReadsInRegions_worker: processing 36 (107.2 per sec) @ Ascaf_87:0-36937
PoolWorker-19,  processing 1425162 (36973.0 per sec) reads @ chr5:0-5000000
PoolWorker-19 countReadsInRegions_worker: processing 5000 (127.8 per sec) @ chr5:0-5000000
PoolWorker-19,  processing 2597674 (78787.0 per sec) reads @ chr19:0-5000000
PoolWorker-19 countReadsInRegions_worker: processing 5000 (149.3 per sec) @ chr19:0-5000000
output file: /storage/scratch/iee/dj20y461/Stickleback/Y_comp/Sex_chrom_stats/Read_depths/Gw/depths/Gw17_M.1kb.RPKM.depth
