genome partition size for multiprocessing: 1000000
using 16 processors for 657 number of tasks
Final scaling factor: 0.00844342375835
PoolWorker-26,  processing 39956 (34055.5 per sec) reads @ Ascaf_29:0-143722
PoolWorker-26 countReadsInRegions_worker: processing 143 (114.8 per sec) @ Ascaf_29:0-143722
PoolWorker-26,  processing 2279 (19299.8 per sec) reads @ Ascaf_153:0-10046
PoolWorker-26 countReadsInRegions_worker: processing 10 (37.0 per sec) @ Ascaf_153:0-10046
PoolWorker-26,  processing 995612 (35841.5 per sec) reads @ chr16:0-5000000
PoolWorker-26 countReadsInRegions_worker: processing 5000 (175.6 per sec) @ chr16:0-5000000
PoolWorker-26,  processing 1122332 (38810.5 per sec) reads @ Ascaf_42:0-86089
PoolWorker-26 countReadsInRegions_worker: processing 86 (2.9 per sec) @ Ascaf_42:0-86089
PoolWorker-26,  processing 384184 (36859.6 per sec) reads @ Ascaf_28:0-145740
PoolWorker-26 countReadsInRegions_worker: processing 145 (13.6 per sec) @ Ascaf_28:0-145740
PoolWorker-26,  processing 710998 (35886.9 per sec) reads @ chr2:10000000-15000000
PoolWorker-26 countReadsInRegions_worker: processing 5000 (247.2 per sec) @ chr2:10000000-15000000
PoolWorker-26,  processing 858470 (35154.4 per sec) reads @ chr6:5000000-10000000
PoolWorker-26 countReadsInRegions_worker: processing 5000 (201.3 per sec) @ chr6:5000000-10000000
PoolWorker-26,  processing 90508 (36689.9 per sec) reads @ Ascaf_41:0-90399
PoolWorker-26 countReadsInRegions_worker: processing 90 (35.5 per sec) @ Ascaf_41:0-90399
PoolWorker-26,  processing 2136 (38627.7 per sec) reads @ Ascaf_141:0-15738
PoolWorker-26 countReadsInRegions_worker: processing 15 (156.4 per sec) @ Ascaf_141:0-15738
PoolWorker-26,  processing 70999 (35919.6 per sec) reads @ Ascaf_90:0-35566
PoolWorker-26 countReadsInRegions_worker: processing 35 (17.1 per sec) @ Ascaf_90:0-35566
PoolWorker-26,  processing 830743 (35524.8 per sec) reads @ chr12:10000000-15000000
PoolWorker-26 countReadsInRegions_worker: processing 5000 (210.6 per sec) @ chr12:10000000-15000000
PoolWorker-26,  processing 75472 (37628.2 per sec) reads @ Ascaf_36:0-98486
PoolWorker-26 countReadsInRegions_worker: processing 98 (46.9 per sec) @ Ascaf_36:0-98486
PoolWorker-26,  processing 17784 (38006.4 per sec) reads @ Ascaf_169:0-50000
PoolWorker-26 countReadsInRegions_worker: processing 50 (97.8 per sec) @ Ascaf_169:0-50000
PoolWorker-26,  processing 1975 (47797.6 per sec) reads @ Ascaf_154:0-6709
PoolWorker-26 countReadsInRegions_worker: processing 6 (61.9 per sec) @ Ascaf_154:0-6709
PoolWorker-26,  processing 385540 (36854.0 per sec) reads @ Ascaf_30:0-130979
PoolWorker-26 countReadsInRegions_worker: processing 130 (12.2 per sec) @ Ascaf_30:0-130979
PoolWorker-26,  processing 7447 (38032.3 per sec) reads @ Ascaf_109:0-28244
PoolWorker-26 countReadsInRegions_worker: processing 28 (117.3 per sec) @ Ascaf_109:0-28244
PoolWorker-26,  processing 839996 (35961.3 per sec) reads @ chr4:5000000-10000000
PoolWorker-26 countReadsInRegions_worker: processing 5000 (209.8 per sec) @ chr4:5000000-10000000
PoolWorker-26,  processing 2032 (37214.8 per sec) reads @ Ascaf_151:0-13242
PoolWorker-26 countReadsInRegions_worker: processing 13 (134.2 per sec) @ Ascaf_151:0-13242
PoolWorker-26,  processing 56005 (36682.6 per sec) reads @ Ascaf_24:0-187591
PoolWorker-26 countReadsInRegions_worker: processing 187 (117.5 per sec) @ Ascaf_24:0-187591
PoolWorker-26,  processing 58495 (36850.2 per sec) reads @ Ascaf_75:0-42641
PoolWorker-26 countReadsInRegions_worker: processing 42 (25.4 per sec) @ Ascaf_75:0-42641
PoolWorker-21,  processing 1126 (11857.2 per sec) reads @ Ascaf_128:0-19120
PoolWorker-21 countReadsInRegions_worker: processing 19 (168.0 per sec) @ Ascaf_128:0-19120
PoolWorker-21,  processing 2149 (37805.2 per sec) reads @ Ascaf_132:0-17867
PoolWorker-21 countReadsInRegions_worker: processing 17 (155.8 per sec) @ Ascaf_132:0-17867
PoolWorker-21,  processing 1223744 (34008.7 per sec) reads @ chr4:0-5000000
PoolWorker-21 countReadsInRegions_worker: processing 5000 (136.0 per sec) @ chr4:0-5000000
PoolWorker-21,  processing 655702 (35339.5 per sec) reads @ chr19:20000000-23715829
PoolWorker-21 countReadsInRegions_worker: processing 3715 (197.2 per sec) @ chr19:20000000-23715829
PoolWorker-21,  processing 2651 (48207.9 per sec) reads @ Ascaf_135:0-17087
PoolWorker-21 countReadsInRegions_worker: processing 17 (174.3 per sec) @ Ascaf_135:0-17087
PoolWorker-21,  processing 41491 (43426.4 per sec) reads @ Ascaf_161:0-1000
PoolWorker-21 countReadsInRegions_worker: processing 1 (1.0 per sec) @ Ascaf_161:0-1000
PoolWorker-21,  processing 756712 (36004.5 per sec) reads @ chr13:10000000-15000000
PoolWorker-21 countReadsInRegions_worker: processing 5000 (233.3 per sec) @ chr13:10000000-15000000
PoolWorker-21,  processing 5275 (42681.4 per sec) reads @ Ascaf_121:0-21431
PoolWorker-21 countReadsInRegions_worker: processing 21 (136.7 per sec) @ Ascaf_121:0-21431
PoolWorker-21,  processing 868397 (35291.0 per sec) reads @ chr10:5000000-10000000
PoolWorker-21 countReadsInRegions_worker: processing 5000 (200.1 per sec) @ chr10:5000000-10000000
PoolWorker-21,  processing 7163 (39945.5 per sec) reads @ Ascaf_88:0-36907
PoolWorker-21 countReadsInRegions_worker: processing 36 (161.5 per sec) @ Ascaf_88:0-36907
PoolWorker-21,  processing 3931 (35148.0 per sec) reads @ Ascaf_145:0-15510
PoolWorker-21 countReadsInRegions_worker: processing 15 (96.9 per sec) @ Ascaf_145:0-15510
PoolWorker-21,  processing 1147215 (35127.4 per sec) reads @ chr4:35000000-40000000
PoolWorker-21 countReadsInRegions_worker: processing 5000 (151.4 per sec) @ chr4:35000000-40000000
PoolWorker-21,  processing 43210 (35487.4 per sec) reads @ Ascaf_32:0-110405
PoolWorker-21 countReadsInRegions_worker: processing 110 (89.2 per sec) @ Ascaf_32:0-110405
PoolWorker-21,  processing 919093 (36033.7 per sec) reads @ chr4:25000000-30000000
PoolWorker-21 countReadsInRegions_worker: processing 5000 (192.4 per sec) @ chr4:25000000-30000000
PoolWorker-21,  processing 58448 (35415.8 per sec) reads @ Ascaf_92:0-34608
PoolWorker-21 countReadsInRegions_worker: processing 34 (19.8 per sec) @ Ascaf_92:0-34608
PoolWorker-21,  processing 926232 (36698.7 per sec) reads @ chr11:5000000-10000000
PoolWorker-21 countReadsInRegions_worker: processing 5000 (195.2 per sec) @ chr11:5000000-10000000
PoolWorker-18,  processing 1111123 (34280.2 per sec) reads @ chr16:15000000-20000000
PoolWorker-18 countReadsInRegions_worker: processing 5000 (150.7 per sec) @ chr16:15000000-20000000
PoolWorker-18,  processing 819742 (35482.5 per sec) reads @ chr21:10000000-15000000
PoolWorker-18 countReadsInRegions_worker: processing 5000 (212.7 per sec) @ chr21:10000000-15000000
PoolWorker-18,  processing 292283 (37396.9 per sec) reads @ Ascaf_113:0-24387
PoolWorker-18 countReadsInRegions_worker: processing 24 (3.0 per sec) @ Ascaf_113:0-24387
PoolWorker-18,  processing 691512 (37094.5 per sec) reads @ Ascaf_26:0-156806
PoolWorker-18 countReadsInRegions_worker: processing 156 (8.2 per sec) @ Ascaf_26:0-156806
PoolWorker-18,  processing 821100 (35897.1 per sec) reads @ chr8:5000000-10000000
PoolWorker-18 countReadsInRegions_worker: processing 5000 (214.8 per sec) @ chr8:5000000-10000000
PoolWorker-18,  processing 611826 (37500.2 per sec) reads @ Ascaf_45:0-74461
PoolWorker-18 countReadsInRegions_worker: processing 74 (4.4 per sec) @ Ascaf_45:0-74461
PoolWorker-18,  processing 763780 (36106.3 per sec) reads @ chr8:10000000-15000000
PoolWorker-18 countReadsInRegions_worker: processing 5000 (232.7 per sec) @ chr8:10000000-15000000
PoolWorker-18,  processing 779306 (36353.8 per sec) reads @ chr19:10000000-15000000
PoolWorker-18 countReadsInRegions_worker: processing 5000 (229.0 per sec) @ chr19:10000000-15000000
PoolWorker-18,  processing 9143 (31862.8 per sec) reads @ Ascaf_130:0-18457
PoolWorker-18 countReadsInRegions_worker: processing 18 (54.8 per sec) @ Ascaf_130:0-18457
PoolWorker-18,  processing 848098 (36404.1 per sec) reads @ chr7:5000000-10000000
PoolWorker-18 countReadsInRegions_worker: processing 5000 (211.5 per sec) @ chr7:5000000-10000000
PoolWorker-18,  processing 7097 (34360.9 per sec) reads @ Ascaf_94:0-33862
PoolWorker-18 countReadsInRegions_worker: processing 33 (132.0 per sec) @ Ascaf_94:0-33862
PoolWorker-18,  processing 13800 (39693.2 per sec) reads @ Ascaf_85:0-37890
PoolWorker-18 countReadsInRegions_worker: processing 37 (94.7 per sec) @ Ascaf_85:0-37890
PoolWorker-17,  processing 18497 (30338.9 per sec) reads @ Ascaf_56:0-58445
PoolWorker-17 countReadsInRegions_worker: processing 58 (89.9 per sec) @ Ascaf_56:0-58445
PoolWorker-17,  processing 6755 (38746.8 per sec) reads @ Ascaf_131:0-18319
PoolWorker-17 countReadsInRegions_worker: processing 18 (75.9 per sec) @ Ascaf_131:0-18319
PoolWorker-17,  processing 820897 (35052.2 per sec) reads @ chr20:10000000-15000000
PoolWorker-17 countReadsInRegions_worker: processing 5000 (207.8 per sec) @ chr20:10000000-15000000
PoolWorker-17,  processing 31407 (38091.3 per sec) reads @ Ascaf_64:0-51000
PoolWorker-17 countReadsInRegions_worker: processing 51 (57.6 per sec) @ Ascaf_64:0-51000
PoolWorker-17,  processing 4382 (31508.2 per sec) reads @ Ascaf_138:0-16696
PoolWorker-17 countReadsInRegions_worker: processing 16 (87.7 per sec) @ Ascaf_138:0-16696
PoolWorker-17,  processing 6957 (37314.7 per sec) reads @ Ascaf_118:0-22120
PoolWorker-17 countReadsInRegions_worker: processing 22 (96.4 per sec) @ Ascaf_118:0-22120
PoolWorker-17,  processing 1027316 (35107.1 per sec) reads @ chr6:15000000-20000000
PoolWorker-17 countReadsInRegions_worker: processing 5000 (167.9 per sec) @ chr6:15000000-20000000
PoolWorker-17,  processing 985170 (35739.4 per sec) reads @ chr9:0-5000000
PoolWorker-17 countReadsInRegions_worker: processing 5000 (177.9 per sec) @ chr9:0-5000000
PoolWorker-17,  processing 853038 (35712.6 per sec) reads @ chr17:15000000-20000000
PoolWorker-17 countReadsInRegions_worker: processing 5000 (205.6 per sec) @ chr17:15000000-20000000
PoolWorker-17,  processing 917585 (36248.9 per sec) reads @ chr3:5000000-10000000
PoolWorker-17 countReadsInRegions_worker: processing 5000 (194.4 per sec) @ chr3:5000000-10000000
PoolWorker-17,  processing 979211 (36157.7 per sec) reads @ chr9:15000000-20000000
PoolWorker-17 countReadsInRegions_worker: processing 5000 (181.2 per sec) @ chr9:15000000-20000000
PoolWorker-17,  processing 115417 (37586.4 per sec) reads @ Ascaf_48:0-71747
PoolWorker-17 countReadsInRegions_worker: processing 71 (22.6 per sec) @ Ascaf_48:0-71747
PoolWorker-17,  processing 184174 (34255.4 per sec) reads @ Ascaf_137:0-17000
PoolWorker-17 countReadsInRegions_worker: processing 17 (3.1 per sec) @ Ascaf_137:0-17000
PoolWorker-17,  processing 5759 (40606.9 per sec) reads @ Ascaf_102:0-31073
PoolWorker-17 countReadsInRegions_worker: processing 31 (167.5 per sec) @ Ascaf_102:0-31073
PoolWorker-17,  processing 16113 (35470.2 per sec) reads @ Ascaf_62:0-52951
PoolWorker-17 countReadsInRegions_worker: processing 52 (104.3 per sec) @ Ascaf_62:0-52951
PoolWorker-17,  processing 845517 (38442.2 per sec) reads @ chr18:5000000-10000000
PoolWorker-17 countReadsInRegions_worker: processing 5000 (223.8 per sec) @ chr18:5000000-10000000
PoolWorker-31,  processing 8594 (66012.7 per sec) reads @ Ascaf_66:0-47454
PoolWorker-31 countReadsInRegions_worker: processing 47 (334.6 per sec) @ Ascaf_66:0-47454
PoolWorker-31,  processing 1198739 (35059.6 per sec) reads @ chr2:0-5000000
PoolWorker-31 countReadsInRegions_worker: processing 5000 (143.7 per sec) @ chr2:0-5000000
PoolWorker-31,  processing 9075 (72281.4 per sec) reads @ Ascaf_168:0-25000
PoolWorker-31 countReadsInRegions_worker: processing 25 (185.2 per sec) @ Ascaf_168:0-25000
PoolWorker-31,  processing 7484 (71232.7 per sec) reads @ Ascaf_82:0-39089
PoolWorker-31 countReadsInRegions_worker: processing 39 (342.0 per sec) @ Ascaf_82:0-39089
PoolWorker-31,  processing 21011 (70801.8 per sec) reads @ Ascaf_71:0-32519
PoolWorker-31 countReadsInRegions_worker: processing 32 (103.9 per sec) @ Ascaf_71:0-32519
PoolWorker-31,  processing 81109 (35286.1 per sec) reads @ chr3:20000000-20313673
PoolWorker-31 countReadsInRegions_worker: processing 313 (134.0 per sec) @ chr3:20000000-20313673
PoolWorker-31,  processing 1032326 (34360.6 per sec) reads @ chr1:30000000-33917795
PoolWorker-31 countReadsInRegions_worker: processing 3917 (128.2 per sec) @ chr1:30000000-33917795
PoolWorker-31,  processing 951473 (35671.4 per sec) reads @ chr18:10000000-15000000
PoolWorker-31 countReadsInRegions_worker: processing 5000 (184.1 per sec) @ chr18:10000000-15000000
PoolWorker-31,  processing 993 (73213.0 per sec) reads @ Ascaf_158:0-3231
PoolWorker-31 countReadsInRegions_worker: processing 3 (53.8 per sec) @ Ascaf_158:0-3231
PoolWorker-31,  processing 807163 (37196.0 per sec) reads @ chr4:10000000-15000000
PoolWorker-31 countReadsInRegions_worker: processing 5000 (226.5 per sec) @ chr4:10000000-15000000
PoolWorker-31,  processing 6409 (38375.2 per sec) reads @ Ascaf_100:0-32247
PoolWorker-31 countReadsInRegions_worker: processing 32 (153.5 per sec) @ Ascaf_100:0-32247
PoolWorker-31,  processing 3522 (47516.1 per sec) reads @ Ascaf_139:0-16678
PoolWorker-31 countReadsInRegions_worker: processing 16 (137.8 per sec) @ Ascaf_139:0-16678
PoolWorker-31,  processing 67693 (38782.0 per sec) reads @ Ascaf_107:0-29490
PoolWorker-31 countReadsInRegions_worker: processing 29 (16.0 per sec) @ Ascaf_107:0-29490
PoolWorker-31,  processing 632 (4670.3 per sec) reads @ Ascaf_116:0-22916
PoolWorker-31 countReadsInRegions_worker: processing 22 (124.0 per sec) @ Ascaf_116:0-22916
PoolWorker-31,  processing 1392744 (35183.9 per sec) reads @ chr12:0-5000000
PoolWorker-31 countReadsInRegions_worker: processing 5000 (124.2 per sec) @ chr12:0-5000000
PoolWorker-31,  processing 1202745 (34981.6 per sec) reads @ chr9:20000000-24303205
PoolWorker-31 countReadsInRegions_worker: processing 4303 (124.0 per sec) @ chr9:20000000-24303205
PoolWorker-32,  processing 680220 (34980.9 per sec) reads @ chr2:25000000-26977752
PoolWorker-32 countReadsInRegions_worker: processing 1977 (99.6 per sec) @ chr2:25000000-26977752
PoolWorker-32,  processing 4538 (33606.9 per sec) reads @ Ascaf_112:0-24428
PoolWorker-32 countReadsInRegions_worker: processing 24 (134.7 per sec) @ Ascaf_112:0-24428
PoolWorker-32,  processing 336 (62162.5 per sec) reads @ Ascaf_162:0-1000
PoolWorker-32 countReadsInRegions_worker: processing 1 (18.7 per sec) @ Ascaf_162:0-1000
PoolWorker-32,  processing 1050373 (34926.6 per sec) reads @ chr17:0-5000000
PoolWorker-32 countReadsInRegions_worker: processing 5000 (163.0 per sec) @ chr17:0-5000000
PoolWorker-32,  processing 933327 (35859.7 per sec) reads @ chr21:5000000-10000000
PoolWorker-32 countReadsInRegions_worker: processing 5000 (188.4 per sec) @ chr21:5000000-10000000
PoolWorker-32,  processing 10527 (38873.3 per sec) reads @ Ascaf_111:0-25158
PoolWorker-32 countReadsInRegions_worker: processing 25 (79.4 per sec) @ Ascaf_111:0-25158
PoolWorker-32,  processing 790263 (36085.8 per sec) reads @ chr2:15000000-20000000
PoolWorker-32 countReadsInRegions_worker: processing 5000 (224.5 per sec) @ chr2:15000000-20000000
PoolWorker-32,  processing 53599 (38587.8 per sec) reads @ Ascaf_129:0-19000
PoolWorker-32 countReadsInRegions_worker: processing 19 (13.1 per sec) @ Ascaf_129:0-19000
PoolWorker-32,  processing 304841 (37841.4 per sec) reads @ Ascaf_25:0-178627
PoolWorker-32 countReadsInRegions_worker: processing 178 (21.6 per sec) @ Ascaf_25:0-178627
PoolWorker-32,  processing 548428 (38164.2 per sec) reads @ chr15:20000000-20219940
PoolWorker-32 countReadsInRegions_worker: processing 219 (15.0 per sec) @ chr15:20000000-20219940
PoolWorker-32,  processing 928356 (35642.5 per sec) reads @ chr4:30000000-35000000
PoolWorker-32 countReadsInRegions_worker: processing 5000 (188.7 per sec) @ chr4:30000000-35000000
PoolWorker-32,  processing 343436 (35378.2 per sec) reads @ chr6:20000000-21248438
PoolWorker-32 countReadsInRegions_worker: processing 1248 (126.3 per sec) @ chr6:20000000-21248438
PoolWorker-32,  processing 10287 (36455.8 per sec) reads @ Ascaf_70:0-46916
PoolWorker-32 countReadsInRegions_worker: processing 46 (140.9 per sec) @ Ascaf_70:0-46916
PoolWorker-32,  processing 4444 (39560.3 per sec) reads @ Ascaf_146:0-15502
PoolWorker-32 countReadsInRegions_worker: processing 15 (98.2 per sec) @ Ascaf_146:0-15502
PoolWorker-32,  processing 7961 (36528.2 per sec) reads @ Ascaf_108:0-29345
PoolWorker-32 countReadsInRegions_worker: processing 29 (111.6 per sec) @ Ascaf_108:0-29345
PoolWorker-32,  processing 1210104 (35605.2 per sec) reads @ chr3:15000000-20000000
PoolWorker-32 countReadsInRegions_worker: processing 5000 (145.7 per sec) @ chr3:15000000-20000000
PoolWorker-19,  processing 1765874 (35894.1 per sec) reads @ chr13:0-5000000
PoolWorker-19 countReadsInRegions_worker: processing 5000 (99.5 per sec) @ chr13:0-5000000
PoolWorker-19,  processing 2034 (50175.1 per sec) reads @ Ascaf_152:0-12206
PoolWorker-19 countReadsInRegions_worker: processing 12 (126.9 per sec) @ Ascaf_152:0-12206
PoolWorker-19,  processing 947299 (35414.7 per sec) reads @ chr5:5000000-10000000
PoolWorker-19 countReadsInRegions_worker: processing 5000 (183.1 per sec) @ chr5:5000000-10000000
PoolWorker-19,  processing 1205616 (35348.0 per sec) reads @ chr13:20000000-24369283
PoolWorker-19 countReadsInRegions_worker: processing 4369 (126.1 per sec) @ chr13:20000000-24369283
PoolWorker-19,  processing 5833 (40723.8 per sec) reads @ Ascaf_101:0-31946
PoolWorker-19 countReadsInRegions_worker: processing 31 (158.4 per sec) @ Ascaf_101:0-31946
PoolWorker-19,  processing 871471 (35483.4 per sec) reads @ chr4:15000000-20000000
PoolWorker-19 countReadsInRegions_worker: processing 5000 (200.1 per sec) @ chr4:15000000-20000000
PoolWorker-19,  processing 15730 (39620.1 per sec) reads @ Ascaf_84:0-38148
PoolWorker-19 countReadsInRegions_worker: processing 38 (86.0 per sec) @ Ascaf_84:0-38148
PoolWorker-19,  processing 826627 (35769.0 per sec) reads @ chr16:10000000-15000000
PoolWorker-19 countReadsInRegions_worker: processing 5000 (213.1 per sec) @ chr16:10000000-15000000
PoolWorker-19,  processing 1376 (38889.8 per sec) reads @ Ascaf_156:0-5652
PoolWorker-19 countReadsInRegions_worker: processing 5 (65.6 per sec) @ Ascaf_156:0-5652
PoolWorker-19,  processing 792971 (36434.6 per sec) reads @ chr6:10000000-15000000
PoolWorker-19 countReadsInRegions_worker: processing 5000 (226.3 per sec) @ chr6:10000000-15000000
PoolWorker-19,  processing 626067 (43353.9 per sec) reads @ chr16:20000000-22188971
PoolWorker-19 countReadsInRegions_worker: processing 2188 (149.5 per sec) @ chr16:20000000-22188971
PoolWorker-19,  processing 64706 (34974.7 per sec) reads @ Ascaf_72:0-46000
PoolWorker-19 countReadsInRegions_worker: processing 46 (24.6 per sec) @ Ascaf_72:0-46000
PoolWorker-23,  processing 14787 (33359.9 per sec) reads @ Ascaf_86:0-37568
PoolWorker-23 countReadsInRegions_worker: processing 37 (77.2 per sec) @ Ascaf_86:0-37568
PoolWorker-23,  processing 903671 (32456.8 per sec) reads @ chr15:10000000-15000000
PoolWorker-23 countReadsInRegions_worker: processing 5000 (168.2 per sec) @ chr15:10000000-15000000
PoolWorker-23,  processing 2280 (52287.8 per sec) reads @ Ascaf_148:0-14976
PoolWorker-23 countReadsInRegions_worker: processing 14 (267.2 per sec) @ Ascaf_148:0-14976
PoolWorker-23,  processing 20819 (36745.8 per sec) reads @ Ascaf_166:0-50000
PoolWorker-23 countReadsInRegions_worker: processing 50 (79.9 per sec) @ Ascaf_166:0-50000
PoolWorker-23,  processing 7750 (33763.6 per sec) reads @ Ascaf_104:0-29894
PoolWorker-23 countReadsInRegions_worker: processing 29 (95.3 per sec) @ Ascaf_104:0-29894
PoolWorker-23,  processing 225 (50256.6 per sec) reads @ Ascaf_163:0-1000
PoolWorker-23 countReadsInRegions_worker: processing 1 (22.2 per sec) @ Ascaf_163:0-1000
PoolWorker-23,  processing 2577 (41955.6 per sec) reads @ Ascaf_140:0-15786
PoolWorker-23 countReadsInRegions_worker: processing 15 (146.5 per sec) @ Ascaf_140:0-15786
PoolWorker-23,  processing 1149435 (33666.3 per sec) reads @ chr7:30000000-33914388
PoolWorker-23 countReadsInRegions_worker: processing 3914 (107.5 per sec) @ chr7:30000000-33914388
PoolWorker-23,  processing 1335137 (36542.8 per sec) reads @ chr21:15000000-19873525
PoolWorker-23 countReadsInRegions_worker: processing 4873 (128.5 per sec) @ chr21:15000000-19873525
PoolWorker-23,  processing 1583314 (36056.7 per sec) reads @ chr4:20000000-25000000
PoolWorker-23 countReadsInRegions_worker: processing 5000 (111.9 per sec) @ chr4:20000000-25000000
PoolWorker-23,  processing 43656 (34660.3 per sec) reads @ Ascaf_119:0-22101
PoolWorker-23 countReadsInRegions_worker: processing 22 (16.8 per sec) @ Ascaf_119:0-22101
PoolWorker-23,  processing 6236 (38671.0 per sec) reads @ Ascaf_95:0-33544
PoolWorker-23 countReadsInRegions_worker: processing 33 (163.5 per sec) @ Ascaf_95:0-33544
PoolWorker-23,  processing 8416 (38592.1 per sec) reads @ Ascaf_122:0-20728
PoolWorker-23 countReadsInRegions_worker: processing 20 (77.1 per sec) @ Ascaf_122:0-20728
PoolWorker-23,  processing 11814 (38560.2 per sec) reads @ Ascaf_68:0-47437
PoolWorker-23 countReadsInRegions_worker: processing 47 (134.8 per sec) @ Ascaf_68:0-47437
PoolWorker-23,  processing 3401 (39468.5 per sec) reads @ Ascaf_144:0-15519
PoolWorker-23 countReadsInRegions_worker: processing 15 (116.2 per sec) @ Ascaf_144:0-15519
PoolWorker-23,  processing 116832 (37979.3 per sec) reads @ Ascaf_37:0-98231
PoolWorker-23 countReadsInRegions_worker: processing 98 (31.1 per sec) @ Ascaf_37:0-98231
PoolWorker-23,  processing 4567 (39528.5 per sec) reads @ Ascaf_60:0-24766
PoolWorker-23 countReadsInRegions_worker: processing 24 (151.1 per sec) @ Ascaf_60:0-24766
PoolWorker-23,  processing 852685 (36487.6 per sec) reads @ chr16:5000000-10000000
PoolWorker-23 countReadsInRegions_worker: processing 5000 (210.3 per sec) @ chr16:5000000-10000000
PoolWorker-23,  processing 11587 (25318.0 per sec) reads @ Ascaf_93:0-34038
PoolWorker-23 countReadsInRegions_worker: processing 34 (67.9 per sec) @ Ascaf_93:0-34038
PoolWorker-23,  processing 903379 (47353.6 per sec) reads @ chr13:15000000-20000000
PoolWorker-23 countReadsInRegions_worker: processing 5000 (254.2 per sec) @ chr13:15000000-20000000
PoolWorker-25,  processing 12415 (36201.2 per sec) reads @ Ascaf_76:0-42514
PoolWorker-25 countReadsInRegions_worker: processing 42 (111.1 per sec) @ Ascaf_76:0-42514
PoolWorker-25,  processing 10620 (28950.9 per sec) reads @ Ascaf_78:0-41577
PoolWorker-25 countReadsInRegions_worker: processing 41 (12.9 per sec) @ Ascaf_78:0-41577
PoolWorker-25,  processing 92099 (20108.5 per sec) reads @ Ascaf_34:0-101478
PoolWorker-25 countReadsInRegions_worker: processing 101 (21.6 per sec) @ Ascaf_34:0-101478
PoolWorker-25,  processing 9257 (34727.7 per sec) reads @ Ascaf_81:0-40000
PoolWorker-25 countReadsInRegions_worker: processing 40 (129.7 per sec) @ Ascaf_81:0-40000
PoolWorker-25,  processing 3870 (34333.4 per sec) reads @ Ascaf_167:0-25000
PoolWorker-25 countReadsInRegions_worker: processing 25 (163.3 per sec) @ Ascaf_167:0-25000
PoolWorker-25,  processing 792097 (35142.6 per sec) reads @ chr2:5000000-10000000
PoolWorker-25 countReadsInRegions_worker: processing 5000 (216.2 per sec) @ chr2:5000000-10000000
PoolWorker-25,  processing 868267 (32388.8 per sec) reads @ chr1:15000000-20000000
PoolWorker-25 countReadsInRegions_worker: processing 5000 (183.5 per sec) @ chr1:15000000-20000000
PoolWorker-25,  processing 6196 (36454.6 per sec) reads @ Ascaf_87:0-36937
PoolWorker-25 countReadsInRegions_worker: processing 36 (168.7 per sec) @ Ascaf_87:0-36937
PoolWorker-25,  processing 502784 (36489.6 per sec) reads @ Ascaf_98:0-33222
PoolWorker-25 countReadsInRegions_worker: processing 33 (2.4 per sec) @ Ascaf_98:0-33222
PoolWorker-25,  processing 239198 (37244.6 per sec) reads @ Ascaf_110:0-27536
PoolWorker-25 countReadsInRegions_worker: processing 27 (4.1 per sec) @ Ascaf_110:0-27536
PoolWorker-25,  processing 948555 (35442.9 per sec) reads @ chr15:15000000-20000000
PoolWorker-25 countReadsInRegions_worker: processing 5000 (179.1 per sec) @ chr15:15000000-20000000
PoolWorker-25,  processing 1210418 (34651.2 per sec) reads @ chr7:0-5000000
PoolWorker-25 countReadsInRegions_worker: processing 5000 (141.1 per sec) @ chr7:0-5000000
PoolWorker-25,  processing 11145 (37630.4 per sec) reads @ Ascaf_46:0-73387
PoolWorker-25 countReadsInRegions_worker: processing 73 (214.5 per sec) @ Ascaf_46:0-73387
PoolWorker-25,  processing 1013050 (34549.4 per sec) reads @ chr20:20000000-22998664
PoolWorker-25 countReadsInRegions_worker: processing 2998 (100.4 per sec) @ chr20:20000000-22998664
PoolWorker-25,  processing 52902 (33808.6 per sec) reads @ Ascaf_57:0-58000
PoolWorker-25 countReadsInRegions_worker: processing 58 (35.6 per sec) @ Ascaf_57:0-58000
PoolWorker-25,  processing 1166077 (46160.2 per sec) reads @ chr20:0-5000000
PoolWorker-25 countReadsInRegions_worker: processing 5000 (195.6 per sec) @ chr20:0-5000000
PoolWorker-20,  processing 33111 (71002.0 per sec) reads @ Ascaf_59:0-57475
PoolWorker-20 countReadsInRegions_worker: processing 57 (116.3 per sec) @ Ascaf_59:0-57475
PoolWorker-20,  processing 888767 (35000.5 per sec) reads @ chr3:10000000-15000000
PoolWorker-20 countReadsInRegions_worker: processing 5000 (193.0 per sec) @ chr3:10000000-15000000
PoolWorker-20,  processing 9415 (37792.9 per sec) reads @ Ascaf_77:0-41997
PoolWorker-20 countReadsInRegions_worker: processing 41 (140.0 per sec) @ Ascaf_77:0-41997
PoolWorker-20,  processing 713159 (38478.0 per sec) reads @ Ascaf_89:0-36000
PoolWorker-20 countReadsInRegions_worker: processing 36 (1.9 per sec) @ Ascaf_89:0-36000
PoolWorker-20,  processing 248 (61691.9 per sec) reads @ Ascaf_159:0-3139
PoolWorker-20 countReadsInRegions_worker: processing 3 (52.2 per sec) @ Ascaf_159:0-3139
PoolWorker-20,  processing 535636 (37426.4 per sec) reads @ Ascaf_33:0-106103
PoolWorker-20 countReadsInRegions_worker: processing 106 (7.3 per sec) @ Ascaf_33:0-106103
PoolWorker-20,  processing 3982 (43592.0 per sec) reads @ Ascaf_126:0-19574
PoolWorker-20 countReadsInRegions_worker: processing 19 (140.5 per sec) @ Ascaf_126:0-19574
PoolWorker-20,  processing 857095 (35697.9 per sec) reads @ chr13:5000000-10000000
PoolWorker-20 countReadsInRegions_worker: processing 5000 (203.5 per sec) @ chr13:5000000-10000000
PoolWorker-20,  processing 331548 (37515.5 per sec) reads @ Ascaf_96:0-33398
PoolWorker-20 countReadsInRegions_worker: processing 33 (3.7 per sec) @ Ascaf_96:0-33398
PoolWorker-20,  processing 9205 (35303.0 per sec) reads @ Ascaf_54:0-60000
PoolWorker-20 countReadsInRegions_worker: processing 60 (197.1 per sec) @ Ascaf_54:0-60000
PoolWorker-20,  processing 1001397 (36402.6 per sec) reads @ chr1:25000000-30000000
PoolWorker-20 countReadsInRegions_worker: processing 5000 (178.6 per sec) @ chr1:25000000-30000000
PoolWorker-20,  processing 11062 (35325.1 per sec) reads @ Ascaf_80:0-41014
PoolWorker-20 countReadsInRegions_worker: processing 41 (115.5 per sec) @ Ascaf_80:0-41014
PoolWorker-20,  processing 925095 (34374.3 per sec) reads @ chr18:15000000-18483836
PoolWorker-20 countReadsInRegions_worker: processing 3483 (127.6 per sec) @ chr18:15000000-18483836
PoolWorker-20,  processing 901628 (36111.7 per sec) reads @ chr12:15000000-20000000
PoolWorker-20 countReadsInRegions_worker: processing 5000 (196.9 per sec) @ chr12:15000000-20000000
PoolWorker-20,  processing 3715 (43817.8 per sec) reads @ Ascaf_127:0-19159
PoolWorker-20 countReadsInRegions_worker: processing 19 (151.4 per sec) @ Ascaf_127:0-19159
PoolWorker-20,  processing 28415 (31518.0 per sec) reads @ Ascaf_23:0-264707
PoolWorker-20 countReadsInRegions_worker: processing 264 (275.8 per sec) @ Ascaf_23:0-264707
PoolWorker-20,  processing 29949 (38375.8 per sec) reads @ Ascaf_105:0-29809
PoolWorker-20 countReadsInRegions_worker: processing 29 (34.5 per sec) @ Ascaf_105:0-29809
PoolWorker-20,  processing 880308 (41701.1 per sec) reads @ chr15:5000000-10000000
PoolWorker-20 countReadsInRegions_worker: processing 5000 (234.3 per sec) @ chr15:5000000-10000000
PoolWorker-20,  processing 249178 (56614.2 per sec) reads @ Ascaf_53:0-64139
PoolWorker-20 countReadsInRegions_worker: processing 64 (14.3 per sec) @ Ascaf_53:0-64139
PoolWorker-20,  processing 2136 (78728.9 per sec) reads @ Ascaf_134:0-17659
PoolWorker-20 countReadsInRegions_worker: processing 17 (480.0 per sec) @ Ascaf_134:0-17659
PoolWorker-24,  processing 790050 (29236.2 per sec) reads @ chr9:10000000-15000000
PoolWorker-24 countReadsInRegions_worker: processing 5000 (181.3 per sec) @ chr9:10000000-15000000
PoolWorker-24,  processing 1160030 (32454.0 per sec) reads @ chr11:0-5000000
PoolWorker-24 countReadsInRegions_worker: processing 5000 (137.5 per sec) @ chr11:0-5000000
PoolWorker-24,  processing 4133 (39017.1 per sec) reads @ Ascaf_97:0-33357
PoolWorker-24 countReadsInRegions_worker: processing 33 (227.0 per sec) @ Ascaf_97:0-33357
PoolWorker-24,  processing 871560 (35858.4 per sec) reads @ chr7:25000000-30000000
PoolWorker-24 countReadsInRegions_worker: processing 5000 (202.3 per sec) @ chr7:25000000-30000000
PoolWorker-24,  processing 900625 (36600.2 per sec) reads @ chr8:15000000-20000000
PoolWorker-24 countReadsInRegions_worker: processing 5000 (200.1 per sec) @ chr8:15000000-20000000
PoolWorker-24,  processing 266827 (35421.9 per sec) reads @ chr4:40000000-40647937
PoolWorker-24 countReadsInRegions_worker: processing 647 (84.4 per sec) @ chr4:40000000-40647937
PoolWorker-24,  processing 5820 (41595.5 per sec) reads @ Ascaf_83:0-38959
PoolWorker-24 countReadsInRegions_worker: processing 38 (150.7 per sec) @ Ascaf_83:0-38959
PoolWorker-24,  processing 1161888 (36008.8 per sec) reads @ chr17:5000000-10000000
PoolWorker-24 countReadsInRegions_worker: processing 5000 (152.6 per sec) @ chr17:5000000-10000000
PoolWorker-24,  processing 2151 (35856.0 per sec) reads @ Ascaf_143:0-15560
PoolWorker-24 countReadsInRegions_worker: processing 15 (155.1 per sec) @ Ascaf_143:0-15560
PoolWorker-24,  processing 39876 (37504.8 per sec) reads @ Ascaf_106:0-29590
PoolWorker-24 countReadsInRegions_worker: processing 29 (26.2 per sec) @ Ascaf_106:0-29590
PoolWorker-24,  processing 12893 (35742.2 per sec) reads @ Ascaf_49:0-70996
PoolWorker-24 countReadsInRegions_worker: processing 70 (172.9 per sec) @ Ascaf_49:0-70996
PoolWorker-24,  processing 13868 (35359.1 per sec) reads @ Ascaf_51:0-70629
PoolWorker-24 countReadsInRegions_worker: processing 70 (161.7 per sec) @ Ascaf_51:0-70629
PoolWorker-24,  processing 879509 (35955.8 per sec) reads @ chr12:5000000-10000000
PoolWorker-24 countReadsInRegions_worker: processing 5000 (201.4 per sec) @ chr12:5000000-10000000
PoolWorker-24,  processing 2348 (38414.3 per sec) reads @ Ascaf_149:0-13452
PoolWorker-24 countReadsInRegions_worker: processing 13 (114.9 per sec) @ Ascaf_149:0-13452
PoolWorker-24,  processing 1594 (52257.1 per sec) reads @ Ascaf_155:0-6589
PoolWorker-24 countReadsInRegions_worker: processing 6 (13.4 per sec) @ Ascaf_155:0-6589
PoolWorker-24,  processing 9013 (28982.4 per sec) reads @ Ascaf_91:0-34837
PoolWorker-24 countReadsInRegions_worker: processing 34 (92.5 per sec) @ Ascaf_91:0-34837
PoolWorker-24,  processing 7114 (37735.1 per sec) reads @ Ascaf_117:0-22832
PoolWorker-24 countReadsInRegions_worker: processing 22 (95.8 per sec) @ Ascaf_117:0-22832
PoolWorker-24,  processing 220005 (37534.0 per sec) reads @ Ascaf_124:0-19772
PoolWorker-24 countReadsInRegions_worker: processing 19 (3.2 per sec) @ Ascaf_124:0-19772
PoolWorker-24,  processing 987378 (62092.4 per sec) reads @ chr5:15000000-18670498
PoolWorker-24 countReadsInRegions_worker: processing 3670 (227.7 per sec) @ chr5:15000000-18670498
PoolWorker-24,  processing 39389 (67061.8 per sec) reads @ Ascaf_44:0-77777
PoolWorker-24 countReadsInRegions_worker: processing 77 (128.1 per sec) @ Ascaf_44:0-77777
PoolWorker-29,  processing 4903 (25387.2 per sec) reads @ Ascaf_103:0-30986
PoolWorker-29 countReadsInRegions_worker: processing 30 (147.9 per sec) @ Ascaf_103:0-30986
PoolWorker-29,  processing 961046 (41719.8 per sec) reads @ chr5:10000000-15000000
PoolWorker-29 countReadsInRegions_worker: processing 5000 (210.3 per sec) @ chr5:10000000-15000000
PoolWorker-29,  processing 50411 (37330.8 per sec) reads @ Ascaf_114:0-24031
PoolWorker-29 countReadsInRegions_worker: processing 24 (15.8 per sec) @ Ascaf_114:0-24031
PoolWorker-29,  processing 859033 (39826.0 per sec) reads @ chr17:10000000-15000000
PoolWorker-29 countReadsInRegions_worker: processing 5000 (226.0 per sec) @ chr17:10000000-15000000
PoolWorker-29,  processing 1027316 (35951.6 per sec) reads @ chr3:0-5000000
PoolWorker-29 countReadsInRegions_worker: processing 5000 (171.6 per sec) @ chr3:0-5000000
PoolWorker-29,  processing 922468 (36256.8 per sec) reads @ chr7:15000000-20000000
PoolWorker-29 countReadsInRegions_worker: processing 5000 (193.1 per sec) @ chr7:15000000-20000000
PoolWorker-29,  processing 965270 (34318.9 per sec) reads @ chr14:15000000-18637407
PoolWorker-29 countReadsInRegions_worker: processing 3637 (127.0 per sec) @ chr14:15000000-18637407
PoolWorker-29,  processing 786748 (36069.7 per sec) reads @ chr7:10000000-15000000
PoolWorker-29 countReadsInRegions_worker: processing 5000 (225.0 per sec) @ chr7:10000000-15000000
PoolWorker-29,  processing 1006961 (37000.9 per sec) reads @ chr8:20000000-23122080
PoolWorker-29 countReadsInRegions_worker: processing 3122 (112.9 per sec) @ chr8:20000000-23122080
PoolWorker-29,  processing 941007 (45744.1 per sec) reads @ chr11:15000000-19299255
PoolWorker-29 countReadsInRegions_worker: processing 4299 (206.7 per sec) @ chr11:15000000-19299255
PoolWorker-29,  processing 350050 (80706.3 per sec) reads @ Ascaf_50:0-70692
PoolWorker-29 countReadsInRegions_worker: processing 70 (15.9 per sec) @ Ascaf_50:0-70692
PoolWorker-29,  processing 12720 (81517.6 per sec) reads @ Ascaf_142:0-15730
PoolWorker-29 countReadsInRegions_worker: processing 15 (90.8 per sec) @ Ascaf_142:0-15730
PoolWorker-28,  processing 128173 (62801.7 per sec) reads @ Ascaf_22:0-446888
PoolWorker-28 countReadsInRegions_worker: processing 446 (214.0 per sec) @ Ascaf_22:0-446888
PoolWorker-28,  processing 109 (51224.6 per sec) reads @ Ascaf_165:0-1000
PoolWorker-28 countReadsInRegions_worker: processing 1 (93.8 per sec) @ Ascaf_165:0-1000
PoolWorker-28,  processing 877032 (40210.1 per sec) reads @ chr19:5000000-10000000
PoolWorker-28 countReadsInRegions_worker: processing 5000 (224.0 per sec) @ chr19:5000000-10000000
PoolWorker-28,  processing 467429 (43081.8 per sec) reads @ Ascaf_120:0-22000
PoolWorker-28 countReadsInRegions_worker: processing 22 (2.0 per sec) @ Ascaf_120:0-22000
PoolWorker-28,  processing 1047375 (36069.8 per sec) reads @ chr10:15000000-19005646
PoolWorker-28 countReadsInRegions_worker: processing 4005 (136.2 per sec) @ chr10:15000000-19005646
PoolWorker-28,  processing 836588 (35796.4 per sec) reads @ chr12:20000000-23704847
PoolWorker-28 countReadsInRegions_worker: processing 3704 (155.4 per sec) @ chr12:20000000-23704847
PoolWorker-28,  processing 36245 (38760.2 per sec) reads @ Ascaf_31:0-121444
PoolWorker-28 countReadsInRegions_worker: processing 121 (121.7 per sec) @ Ascaf_31:0-121444
PoolWorker-28,  processing 15956 (27910.4 per sec) reads @ Ascaf_47:0-72017
PoolWorker-28 countReadsInRegions_worker: processing 72 (98.4 per sec) @ Ascaf_47:0-72017
PoolWorker-28,  processing 296957 (38019.8 per sec) reads @ Ascaf_43:0-83995
PoolWorker-28 countReadsInRegions_worker: processing 83 (10.4 per sec) @ Ascaf_43:0-83995
PoolWorker-28,  processing 10956 (32950.5 per sec) reads @ Ascaf_67:0-40269
PoolWorker-28 countReadsInRegions_worker: processing 40 (107.0 per sec) @ Ascaf_67:0-40269
PoolWorker-28,  processing 856822 (36039.9 per sec) reads @ chr2:20000000-25000000
PoolWorker-28 countReadsInRegions_worker: processing 5000 (207.0 per sec) @ chr2:20000000-25000000
PoolWorker-28,  processing 6019 (40629.4 per sec) reads @ Ascaf_136:0-17062
PoolWorker-28 countReadsInRegions_worker: processing 17 (89.8 per sec) @ Ascaf_136:0-17062
PoolWorker-28,  processing 1280858 (34929.2 per sec) reads @ chr15:0-5000000
PoolWorker-28 countReadsInRegions_worker: processing 5000 (134.0 per sec) @ chr15:0-5000000
PoolWorker-28,  processing 786851 (36050.7 per sec) reads @ chr20:5000000-10000000
PoolWorker-28 countReadsInRegions_worker: processing 5000 (224.6 per sec) @ chr20:5000000-10000000
PoolWorker-28,  processing 1161996 (47653.9 per sec) reads @ chr21:0-5000000
PoolWorker-28 countReadsInRegions_worker: processing 5000 (203.0 per sec) @ chr21:0-5000000
PoolWorker-28,  processing 36787 (82835.7 per sec) reads @ Ascaf_73:0-44649
PoolWorker-28 countReadsInRegions_worker: processing 44 (96.4 per sec) @ Ascaf_73:0-44649
PoolWorker-30,  processing 1465413 (35729.1 per sec) reads @ chr7:20000000-25000000
PoolWorker-30 countReadsInRegions_worker: processing 5000 (119.1 per sec) @ chr7:20000000-25000000
PoolWorker-30,  processing 2867446 (34972.1 per sec) reads @ chr19:0-5000000
PoolWorker-30 countReadsInRegions_worker: processing 5000 (59.7 per sec) @ chr19:0-5000000
PoolWorker-30,  processing 1078125 (36336.6 per sec) reads @ chr18:0-5000000
PoolWorker-30 countReadsInRegions_worker: processing 5000 (165.3 per sec) @ chr18:0-5000000
PoolWorker-30,  processing 470966 (37786.5 per sec) reads @ Ascaf_27:0-155775
PoolWorker-30 countReadsInRegions_worker: processing 155 (12.2 per sec) @ Ascaf_27:0-155775
PoolWorker-30,  processing 8817 (40331.7 per sec) reads @ Ascaf_65:0-47651
PoolWorker-30 countReadsInRegions_worker: processing 47 (166.1 per sec) @ Ascaf_65:0-47651
PoolWorker-30,  processing 2271 (39218.0 per sec) reads @ Ascaf_115:0-24004
PoolWorker-30 countReadsInRegions_worker: processing 24 (243.8 per sec) @ Ascaf_115:0-24004
PoolWorker-30,  processing 902455 (37414.9 per sec) reads @ chr10:10000000-15000000
PoolWorker-30 countReadsInRegions_worker: processing 5000 (204.2 per sec) @ chr10:10000000-15000000
PoolWorker-30,  processing 1600984 (74916.2 per sec) reads @ chr1:20000000-25000000
PoolWorker-30 countReadsInRegions_worker: processing 5000 (230.2 per sec) @ chr1:20000000-25000000
PoolWorker-22,  processing 132396 (40982.4 per sec) reads @ Ascaf_35:0-99371
PoolWorker-22 countReadsInRegions_worker: processing 99 (30.0 per sec) @ Ascaf_35:0-99371
PoolWorker-22,  processing 583045 (38636.9 per sec) reads @ Ascaf_39:0-92659
PoolWorker-22 countReadsInRegions_worker: processing 92 (6.0 per sec) @ Ascaf_39:0-92659
PoolWorker-22,  processing 1368867 (34833.1 per sec) reads @ chr17:20000000-23682274
PoolWorker-22 countReadsInRegions_worker: processing 3682 (91.9 per sec) @ chr17:20000000-23682274
PoolWorker-22,  processing 5145 (37421.2 per sec) reads @ Ascaf_123:0-20153
PoolWorker-22 countReadsInRegions_worker: processing 20 (109.7 per sec) @ Ascaf_123:0-20153
PoolWorker-22,  processing 4037 (38105.8 per sec) reads @ Ascaf_125:0-19664
PoolWorker-22 countReadsInRegions_worker: processing 19 (129.4 per sec) @ Ascaf_125:0-19664
PoolWorker-22,  processing 914314 (36198.1 per sec) reads @ chr19:15000000-20000000
PoolWorker-22 countReadsInRegions_worker: processing 5000 (194.3 per sec) @ chr19:15000000-20000000
PoolWorker-22,  processing 25969 (32360.0 per sec) reads @ Ascaf_55:0-59833
PoolWorker-22 countReadsInRegions_worker: processing 59 (69.5 per sec) @ Ascaf_55:0-59833
PoolWorker-22,  processing 987221 (35968.5 per sec) reads @ chr11:10000000-15000000
PoolWorker-22 countReadsInRegions_worker: processing 5000 (178.7 per sec) @ chr11:10000000-15000000
PoolWorker-22,  processing 13324 (29259.0 per sec) reads @ Ascaf_40:0-90738
PoolWorker-22 countReadsInRegions_worker: processing 90 (180.8 per sec) @ Ascaf_40:0-90738
PoolWorker-22,  processing 13075 (37302.6 per sec) reads @ Ascaf_133:0-49732
PoolWorker-22 countReadsInRegions_worker: processing 49 (124.9 per sec) @ Ascaf_133:0-49732
PoolWorker-22,  processing 981282 (35579.4 per sec) reads @ chr20:15000000-20000000
PoolWorker-22 countReadsInRegions_worker: processing 5000 (178.3 per sec) @ chr20:15000000-20000000
PoolWorker-22,  processing 1234292 (34816.8 per sec) reads @ chr1:0-5000000
PoolWorker-22 countReadsInRegions_worker: processing 5000 (138.8 per sec) @ chr1:0-5000000
PoolWorker-22,  processing 1411414 (50870.9 per sec) reads @ chr14:0-5000000
PoolWorker-22 countReadsInRegions_worker: processing 5000 (178.2 per sec) @ chr14:0-5000000
PoolWorker-22,  processing 20318 (81183.4 per sec) reads @ Ascaf_61:0-54508
PoolWorker-22 countReadsInRegions_worker: processing 54 (207.8 per sec) @ Ascaf_61:0-54508
PoolWorker-22,  processing 180149 (82635.5 per sec) reads @ Ascaf_38:0-95573
PoolWorker-22 countReadsInRegions_worker: processing 95 (42.9 per sec) @ Ascaf_38:0-95573
PoolWorker-22,  processing 1168038 (83662.9 per sec) reads @ chr10:0-5000000
PoolWorker-22 countReadsInRegions_worker: processing 5000 (352.0 per sec) @ chr10:0-5000000
PoolWorker-27,  processing 845551 (35981.9 per sec) reads @ chr1:5000000-10000000
PoolWorker-27 countReadsInRegions_worker: processing 5000 (208.5 per sec) @ chr1:5000000-10000000
PoolWorker-27,  processing 577 (70910.8 per sec) reads @ Ascaf_160:0-2000
PoolWorker-27 countReadsInRegions_worker: processing 2 (13.3 per sec) @ Ascaf_160:0-2000
PoolWorker-27,  processing 314 (52632.0 per sec) reads @ Ascaf_164:0-1000
PoolWorker-27 countReadsInRegions_worker: processing 1 (21.9 per sec) @ Ascaf_164:0-1000
PoolWorker-27,  processing 16793 (33329.3 per sec) reads @ Ascaf_63:0-51776
PoolWorker-27 countReadsInRegions_worker: processing 51 (93.3 per sec) @ Ascaf_63:0-51776
PoolWorker-27,  processing 14224 (36342.7 per sec) reads @ Ascaf_69:0-44691
PoolWorker-27 countReadsInRegions_worker: processing 44 (102.0 per sec) @ Ascaf_69:0-44691
PoolWorker-27,  processing 922297 (35060.9 per sec) reads @ chr9:5000000-10000000
PoolWorker-27 countReadsInRegions_worker: processing 5000 (186.4 per sec) @ chr9:5000000-10000000
PoolWorker-27,  processing 51281 (36367.1 per sec) reads @ Ascaf_52:0-64568
PoolWorker-27 countReadsInRegions_worker: processing 64 (43.4 per sec) @ Ascaf_52:0-64568
PoolWorker-27,  processing 1272917 (34390.6 per sec) reads @ chr8:0-5000000
PoolWorker-27 countReadsInRegions_worker: processing 5000 (132.1 per sec) @ chr8:0-5000000
PoolWorker-27,  processing 91860 (38113.6 per sec) reads @ Ascaf_79:0-41364
PoolWorker-27 countReadsInRegions_worker: processing 41 (16.5 per sec) @ Ascaf_79:0-41364
PoolWorker-27,  processing 381620 (36862.9 per sec) reads @ Ascaf_74:0-44000
PoolWorker-27 countReadsInRegions_worker: processing 44 (4.2 per sec) @ Ascaf_74:0-44000
PoolWorker-27,  processing 18427 (35051.6 per sec) reads @ Ascaf_58:0-57612
PoolWorker-27 countReadsInRegions_worker: processing 57 (99.9 per sec) @ Ascaf_58:0-57612
PoolWorker-27,  processing 265 (66448.9 per sec) reads @ Ascaf_157:0-3527
PoolWorker-27 countReadsInRegions_worker: processing 3 (68.4 per sec) @ Ascaf_157:0-3527
PoolWorker-27,  processing 1405839 (35941.0 per sec) reads @ chr6:0-5000000
PoolWorker-27 countReadsInRegions_worker: processing 5000 (125.8 per sec) @ chr6:0-5000000
PoolWorker-27,  processing 905030 (35225.7 per sec) reads @ chr14:5000000-10000000
PoolWorker-27 countReadsInRegions_worker: processing 5000 (190.8 per sec) @ chr14:5000000-10000000
PoolWorker-27,  processing 2992 (44960.0 per sec) reads @ Ascaf_147:0-15099
PoolWorker-27 countReadsInRegions_worker: processing 15 (136.9 per sec) @ Ascaf_147:0-15099
PoolWorker-27,  processing 6595 (42588.0 per sec) reads @ Ascaf_99:0-33167
PoolWorker-27 countReadsInRegions_worker: processing 33 (168.8 per sec) @ Ascaf_99:0-33167
PoolWorker-27,  processing 948606 (38811.9 per sec) reads @ chr14:10000000-15000000
PoolWorker-27 countReadsInRegions_worker: processing 5000 (201.5 per sec) @ chr14:10000000-15000000
PoolWorker-27,  processing 1250285 (66172.3 per sec) reads @ chr5:0-5000000
PoolWorker-27 countReadsInRegions_worker: processing 5000 (261.2 per sec) @ chr5:0-5000000
PoolWorker-27,  processing 782973 (86768.5 per sec) reads @ chr1:10000000-15000000
PoolWorker-27 countReadsInRegions_worker: processing 5000 (545.8 per sec) @ chr1:10000000-15000000
PoolWorker-27,  processing 31708 (77870.9 per sec) reads @ Ascaf_150:0-13271
PoolWorker-27 countReadsInRegions_worker: processing 13 (31.2 per sec) @ Ascaf_150:0-13271
output file: /storage/scratch/iee/dj20y461/Stickleback/Y_comp/Sex_chrom_stats/Read_depths/Gw/depths/Gw01_F.1kb.RPKM.depth
