genome partition size for multiprocessing: 1000000
using 16 processors for 657 number of tasks
Final scaling factor: 0.0334840405352
PoolWorker-28,  processing 274826 (32132.2 per sec) reads @ chr11:0-5000000
PoolWorker-28 countReadsInRegions_worker: processing 5000 (569.0 per sec) @ chr11:0-5000000
PoolWorker-28,  processing 319 (63070.8 per sec) reads @ Ascaf_102:0-31073
PoolWorker-28 countReadsInRegions_worker: processing 31 (485.0 per sec) @ Ascaf_102:0-31073
PoolWorker-28,  processing 84136 (36043.6 per sec) reads @ Ascaf_119:0-22101
PoolWorker-28 countReadsInRegions_worker: processing 22 (9.1 per sec) @ Ascaf_119:0-22101
PoolWorker-28,  processing 1552 (47399.5 per sec) reads @ Ascaf_105:0-29809
PoolWorker-28 countReadsInRegions_worker: processing 29 (327.0 per sec) @ Ascaf_105:0-29809
PoolWorker-28,  processing 18290 (36563.3 per sec) reads @ Ascaf_72:0-46000
PoolWorker-28 countReadsInRegions_worker: processing 46 (82.5 per sec) @ Ascaf_72:0-46000
PoolWorker-28,  processing 3787 (41468.7 per sec) reads @ Ascaf_107:0-29490
PoolWorker-28 countReadsInRegions_worker: processing 29 (203.9 per sec) @ Ascaf_107:0-29490
PoolWorker-28,  processing 1262 (40826.9 per sec) reads @ Ascaf_109:0-28244
PoolWorker-28 countReadsInRegions_worker: processing 28 (355.9 per sec) @ Ascaf_109:0-28244
PoolWorker-28,  processing 285786 (33212.7 per sec) reads @ chr4:10000000-15000000
PoolWorker-28 countReadsInRegions_worker: processing 5000 (570.4 per sec) @ chr4:10000000-15000000
PoolWorker-28,  processing 3319 (39435.9 per sec) reads @ Ascaf_58:0-57612
PoolWorker-28 countReadsInRegions_worker: processing 57 (460.0 per sec) @ Ascaf_58:0-57612
PoolWorker-28,  processing 4382 (44140.1 per sec) reads @ Ascaf_92:0-34608
PoolWorker-28 countReadsInRegions_worker: processing 34 (247.8 per sec) @ Ascaf_92:0-34608
PoolWorker-28,  processing 296543 (33590.7 per sec) reads @ chr3:10000000-15000000
PoolWorker-28 countReadsInRegions_worker: processing 5000 (557.5 per sec) @ chr3:10000000-15000000
PoolWorker-28,  processing 703 (65267.6 per sec) reads @ Ascaf_145:0-15510
PoolWorker-28 countReadsInRegions_worker: processing 15 (303.0 per sec) @ Ascaf_145:0-15510
PoolWorker-28,  processing 207205 (32162.4 per sec) reads @ chr14:15000000-18637407
PoolWorker-28 countReadsInRegions_worker: processing 3637 (554.1 per sec) @ chr14:15000000-18637407
PoolWorker-28,  processing 527 (64463.8 per sec) reads @ Ascaf_143:0-15560
PoolWorker-28 countReadsInRegions_worker: processing 15 (352.8 per sec) @ Ascaf_143:0-15560
PoolWorker-28,  processing 1625 (43993.8 per sec) reads @ Ascaf_91:0-34837
PoolWorker-28 countReadsInRegions_worker: processing 34 (459.0 per sec) @ Ascaf_91:0-34837
PoolWorker-28,  processing 27071 (36686.3 per sec) reads @ Ascaf_22:0-446888
PoolWorker-28 countReadsInRegions_worker: processing 446 (562.6 per sec) @ Ascaf_22:0-446888
PoolWorker-28,  processing 14129 (37476.1 per sec) reads @ Ascaf_53:0-64139
PoolWorker-28 countReadsInRegions_worker: processing 64 (152.2 per sec) @ Ascaf_53:0-64139
PoolWorker-28,  processing 583 (63813.8 per sec) reads @ Ascaf_146:0-15502
PoolWorker-28 countReadsInRegions_worker: processing 15 (308.5 per sec) @ Ascaf_146:0-15502
PoolWorker-28,  processing 301016 (34670.4 per sec) reads @ chr12:10000000-15000000
PoolWorker-28 countReadsInRegions_worker: processing 5000 (566.9 per sec) @ chr12:10000000-15000000
PoolWorker-28,  processing 1206 (31772.8 per sec) reads @ Ascaf_123:0-20153
PoolWorker-28 countReadsInRegions_worker: processing 20 (260.9 per sec) @ Ascaf_123:0-20153
PoolWorker-32,  processing 1009 (29577.4 per sec) reads @ Ascaf_117:0-22832
PoolWorker-32 countReadsInRegions_worker: processing 22 (287.9 per sec) @ Ascaf_117:0-22832
PoolWorker-32,  processing 282776 (32419.6 per sec) reads @ chr13:15000000-20000000
PoolWorker-32 countReadsInRegions_worker: processing 5000 (556.8 per sec) @ chr13:15000000-20000000
PoolWorker-32,  processing 16750 (38582.9 per sec) reads @ Ascaf_110:0-27536
PoolWorker-32 countReadsInRegions_worker: processing 27 (53.0 per sec) @ Ascaf_110:0-27536
PoolWorker-32,  processing 296500 (34045.5 per sec) reads @ chr9:10000000-15000000
PoolWorker-32 countReadsInRegions_worker: processing 5000 (558.0 per sec) @ chr9:10000000-15000000
PoolWorker-32,  processing 211872 (33850.9 per sec) reads @ chr20:20000000-22998664
PoolWorker-32 countReadsInRegions_worker: processing 2998 (466.8 per sec) @ chr20:20000000-22998664
PoolWorker-32,  processing 44 (28240.1 per sec) reads @ Ascaf_163:0-1000
PoolWorker-32 countReadsInRegions_worker: processing 1 (24.6 per sec) @ Ascaf_163:0-1000
PoolWorker-32,  processing 694 (68313.7 per sec) reads @ Ascaf_142:0-15730
PoolWorker-32 countReadsInRegions_worker: processing 15 (318.0 per sec) @ Ascaf_142:0-15730
PoolWorker-32,  processing 290606 (34663.3 per sec) reads @ chr12:5000000-10000000
PoolWorker-32 countReadsInRegions_worker: processing 5000 (585.1 per sec) @ chr12:5000000-10000000
PoolWorker-32,  processing 264232 (33582.8 per sec) reads @ chr10:0-5000000
PoolWorker-32 countReadsInRegions_worker: processing 5000 (621.5 per sec) @ chr10:0-5000000
PoolWorker-32,  processing 565 (70301.2 per sec) reads @ Ascaf_54:0-60000
PoolWorker-32 countReadsInRegions_worker: processing 60 (1309.2 per sec) @ Ascaf_54:0-60000
PoolWorker-32,  processing 3818 (42305.7 per sec) reads @ Ascaf_90:0-35566
PoolWorker-32 countReadsInRegions_worker: processing 35 (273.8 per sec) @ Ascaf_90:0-35566
PoolWorker-32,  processing 254528 (35198.6 per sec) reads @ chr7:30000000-33914388
PoolWorker-32 countReadsInRegions_worker: processing 3914 (535.0 per sec) @ chr7:30000000-33914388
PoolWorker-31,  processing 6001 (22963.7 per sec) reads @ Ascaf_59:0-57475
PoolWorker-31 countReadsInRegions_worker: processing 57 (208.5 per sec) @ Ascaf_59:0-57475
PoolWorker-31,  processing 261969 (32397.8 per sec) reads @ chr1:25000000-30000000
PoolWorker-31 countReadsInRegions_worker: processing 5000 (601.1 per sec) @ chr1:25000000-30000000
PoolWorker-31,  processing 116305 (34728.9 per sec) reads @ chr4:40000000-40647937
PoolWorker-31 countReadsInRegions_worker: processing 647 (188.2 per sec) @ chr4:40000000-40647937
PoolWorker-31,  processing 1331 (69489.1 per sec) reads @ Ascaf_95:0-33544
PoolWorker-31 countReadsInRegions_worker: processing 33 (420.0 per sec) @ Ascaf_95:0-33544
PoolWorker-31,  processing 2432 (51682.1 per sec) reads @ Ascaf_114:0-24031
PoolWorker-31 countReadsInRegions_worker: processing 24 (226.8 per sec) @ Ascaf_114:0-24031
PoolWorker-31,  processing 286749 (34971.4 per sec) reads @ chr16:10000000-15000000
PoolWorker-31 countReadsInRegions_worker: processing 5000 (596.6 per sec) @ chr16:10000000-15000000
PoolWorker-31,  processing 995 (66542.3 per sec) reads @ Ascaf_103:0-30986
PoolWorker-31 countReadsInRegions_worker: processing 30 (553.6 per sec) @ Ascaf_103:0-30986
PoolWorker-31,  processing 520 (65514.3 per sec) reads @ Ascaf_116:0-22916
PoolWorker-31 countReadsInRegions_worker: processing 22 (486.9 per sec) @ Ascaf_116:0-22916
PoolWorker-31,  processing 29665 (37180.9 per sec) reads @ Ascaf_45:0-74461
PoolWorker-31 countReadsInRegions_worker: processing 74 (88.1 per sec) @ Ascaf_45:0-74461
PoolWorker-31,  processing 28235 (37122.3 per sec) reads @ Ascaf_34:0-101478
PoolWorker-31 countReadsInRegions_worker: processing 101 (125.7 per sec) @ Ascaf_34:0-101478
PoolWorker-31,  processing 276151 (34208.4 per sec) reads @ chr8:15000000-20000000
PoolWorker-31 countReadsInRegions_worker: processing 5000 (609.2 per sec) @ chr8:15000000-20000000
PoolWorker-31,  processing 599 (69522.1 per sec) reads @ Ascaf_122:0-20728
PoolWorker-31 countReadsInRegions_worker: processing 20 (401.8 per sec) @ Ascaf_122:0-20728
PoolWorker-31,  processing 1726 (43011.3 per sec) reads @ Ascaf_150:0-13271
PoolWorker-31 countReadsInRegions_worker: processing 13 (169.0 per sec) @ Ascaf_150:0-13271
PoolWorker-31,  processing 301169 (34981.6 per sec) reads @ chr17:5000000-10000000
PoolWorker-31 countReadsInRegions_worker: processing 5000 (571.0 per sec) @ chr17:5000000-10000000
PoolWorker-31,  processing 54465 (37678.8 per sec) reads @ Ascaf_26:0-156806
PoolWorker-31 countReadsInRegions_worker: processing 156 (103.5 per sec) @ Ascaf_26:0-156806
PoolWorker-31,  processing 272899 (35553.3 per sec) reads @ chr13:5000000-10000000
PoolWorker-31 countReadsInRegions_worker: processing 5000 (639.4 per sec) @ chr13:5000000-10000000
PoolWorker-23,  processing 4238 (67181.1 per sec) reads @ Ascaf_166:0-50000
PoolWorker-23 countReadsInRegions_worker: processing 50 (722.5 per sec) @ Ascaf_166:0-50000
PoolWorker-23,  processing 213295 (34747.6 per sec) reads @ chr1:30000000-33917795
PoolWorker-23 countReadsInRegions_worker: processing 3917 (622.0 per sec) @ chr1:30000000-33917795
PoolWorker-23,  processing 5138 (41495.1 per sec) reads @ Ascaf_37:0-98231
PoolWorker-23 countReadsInRegions_worker: processing 98 (533.6 per sec) @ Ascaf_37:0-98231
PoolWorker-23,  processing 1943 (45817.9 per sec) reads @ Ascaf_108:0-29345
PoolWorker-23 countReadsInRegions_worker: processing 29 (285.3 per sec) @ Ascaf_108:0-29345
PoolWorker-23,  processing 274288 (34138.4 per sec) reads @ chr7:0-5000000
PoolWorker-23 countReadsInRegions_worker: processing 5000 (605.6 per sec) @ chr7:0-5000000
PoolWorker-23,  processing 282315 (34723.4 per sec) reads @ chr12:15000000-20000000
PoolWorker-23 countReadsInRegions_worker: processing 5000 (601.2 per sec) @ chr12:15000000-20000000
PoolWorker-23,  processing 28831 (38448.6 per sec) reads @ Ascaf_74:0-44000
PoolWorker-23 countReadsInRegions_worker: processing 44 (54.6 per sec) @ Ascaf_74:0-44000
PoolWorker-23,  processing 891 (66029.3 per sec) reads @ Ascaf_136:0-17062
PoolWorker-23 countReadsInRegions_worker: processing 17 (321.0 per sec) @ Ascaf_136:0-17062
PoolWorker-23,  processing 281958 (34290.0 per sec) reads @ chr1:15000000-20000000
PoolWorker-23 countReadsInRegions_worker: processing 5000 (597.4 per sec) @ chr1:15000000-20000000
PoolWorker-23,  processing 2312 (39124.1 per sec) reads @ Ascaf_83:0-38959
PoolWorker-23 countReadsInRegions_worker: processing 38 (385.2 per sec) @ Ascaf_83:0-38959
PoolWorker-23,  processing 796 (73540.5 per sec) reads @ Ascaf_118:0-22120
PoolWorker-23 countReadsInRegions_worker: processing 22 (462.3 per sec) @ Ascaf_118:0-22120
PoolWorker-23,  processing 37 (38337.3 per sec) reads @ Ascaf_164:0-1000
PoolWorker-23 countReadsInRegions_worker: processing 1 (26.6 per sec) @ Ascaf_164:0-1000
PoolWorker-23,  processing 2108 (49337.6 per sec) reads @ Ascaf_87:0-36937
PoolWorker-23 countReadsInRegions_worker: processing 36 (453.1 per sec) @ Ascaf_87:0-36937
PoolWorker-23,  processing 264132 (33917.8 per sec) reads @ chr4:0-5000000
PoolWorker-23 countReadsInRegions_worker: processing 5000 (624.4 per sec) @ chr4:0-5000000
PoolWorker-23,  processing 26182 (36887.4 per sec) reads @ Ascaf_48:0-71747
PoolWorker-23 countReadsInRegions_worker: processing 71 (94.3 per sec) @ Ascaf_48:0-71747
PoolWorker-23,  processing 279191 (34530.3 per sec) reads @ chr2:15000000-20000000
PoolWorker-23 countReadsInRegions_worker: processing 5000 (607.9 per sec) @ chr2:15000000-20000000
PoolWorker-18,  processing 249767 (39758.4 per sec) reads @ chr10:15000000-19005646
PoolWorker-18 countReadsInRegions_worker: processing 4005 (619.8 per sec) @ chr10:15000000-19005646
PoolWorker-18,  processing 262940 (33770.1 per sec) reads @ chr17:0-5000000
PoolWorker-18 countReadsInRegions_worker: processing 5000 (625.1 per sec) @ chr17:0-5000000
PoolWorker-18,  processing 206 (60962.9 per sec) reads @ Ascaf_158:0-3231
PoolWorker-18 countReadsInRegions_worker: processing 3 (54.1 per sec) @ Ascaf_158:0-3231
PoolWorker-18,  processing 7670 (38408.0 per sec) reads @ Ascaf_71:0-32519
PoolWorker-18 countReadsInRegions_worker: processing 32 (123.7 per sec) @ Ascaf_71:0-32519
PoolWorker-18,  processing 27114 (38175.3 per sec) reads @ Ascaf_50:0-70692
PoolWorker-18 countReadsInRegions_worker: processing 70 (90.2 per sec) @ Ascaf_50:0-70692
PoolWorker-18,  processing 2892 (42419.6 per sec) reads @ Ascaf_62:0-52951
PoolWorker-18 countReadsInRegions_worker: processing 52 (492.2 per sec) @ Ascaf_62:0-52951
PoolWorker-18,  processing 285003 (34060.9 per sec) reads @ chr3:5000000-10000000
PoolWorker-18 countReadsInRegions_worker: processing 5000 (581.0 per sec) @ chr3:5000000-10000000
PoolWorker-18,  processing 284395 (34178.1 per sec) reads @ chr14:10000000-15000000
PoolWorker-18 countReadsInRegions_worker: processing 5000 (589.7 per sec) @ chr14:10000000-15000000
PoolWorker-18,  processing 39025 (36700.1 per sec) reads @ Ascaf_98:0-33222
PoolWorker-18 countReadsInRegions_worker: processing 33 (29.5 per sec) @ Ascaf_98:0-33222
PoolWorker-18,  processing 267349 (34495.2 per sec) reads @ chr18:0-5000000
PoolWorker-18 countReadsInRegions_worker: processing 5000 (628.8 per sec) @ chr18:0-5000000
PoolWorker-18,  processing 290011 (35312.0 per sec) reads @ chr13:10000000-15000000
PoolWorker-18 countReadsInRegions_worker: processing 5000 (598.3 per sec) @ chr13:10000000-15000000
PoolWorker-18,  processing 85 (47064.8 per sec) reads @ Ascaf_159:0-3139
PoolWorker-18 countReadsInRegions_worker: processing 3 (73.1 per sec) @ Ascaf_159:0-3139
PoolWorker-29,  processing 3196 (19319.6 per sec) reads @ Ascaf_51:0-70629
PoolWorker-29 countReadsInRegions_worker: processing 70 (385.4 per sec) @ Ascaf_51:0-70629
PoolWorker-29,  processing 285575 (34283.7 per sec) reads @ chr20:0-5000000
PoolWorker-29 countReadsInRegions_worker: processing 5000 (582.2 per sec) @ chr20:0-5000000
PoolWorker-29,  processing 1731 (45973.6 per sec) reads @ Ascaf_80:0-41014
PoolWorker-29 countReadsInRegions_worker: processing 41 (416.6 per sec) @ Ascaf_80:0-41014
PoolWorker-29,  processing 639 (67057.7 per sec) reads @ Ascaf_139:0-16678
PoolWorker-29 countReadsInRegions_worker: processing 16 (235.3 per sec) @ Ascaf_139:0-16678
PoolWorker-29,  processing 905 (68816.4 per sec) reads @ Ascaf_121:0-21431
PoolWorker-29 countReadsInRegions_worker: processing 21 (289.3 per sec) @ Ascaf_121:0-21431
PoolWorker-29,  processing 980 (67178.0 per sec) reads @ Ascaf_167:0-25000
PoolWorker-29 countReadsInRegions_worker: processing 25 (341.7 per sec) @ Ascaf_167:0-25000
PoolWorker-29,  processing 432 (67893.4 per sec) reads @ Ascaf_82:0-39089
PoolWorker-29 countReadsInRegions_worker: processing 39 (602.5 per sec) @ Ascaf_82:0-39089
PoolWorker-29,  processing 41 (39964.3 per sec) reads @ Ascaf_162:0-1000
PoolWorker-29 countReadsInRegions_worker: processing 1 (16.8 per sec) @ Ascaf_162:0-1000
PoolWorker-29,  processing 787 (68866.7 per sec) reads @ Ascaf_111:0-25158
PoolWorker-29 countReadsInRegions_worker: processing 25 (357.4 per sec) @ Ascaf_111:0-25158
PoolWorker-29,  processing 92 (55156.7 per sec) reads @ Ascaf_157:0-3527
PoolWorker-29 countReadsInRegions_worker: processing 3 (50.0 per sec) @ Ascaf_157:0-3527
PoolWorker-29,  processing 3202 (44908.8 per sec) reads @ Ascaf_47:0-72017
PoolWorker-29 countReadsInRegions_worker: processing 72 (552.6 per sec) @ Ascaf_47:0-72017
PoolWorker-29,  processing 2227 (50771.7 per sec) reads @ Ascaf_73:0-44649
PoolWorker-29 countReadsInRegions_worker: processing 44 (425.6 per sec) @ Ascaf_73:0-44649
PoolWorker-29,  processing 292643 (36716.9 per sec) reads @ chr7:10000000-15000000
PoolWorker-29 countReadsInRegions_worker: processing 5000 (610.1 per sec) @ chr7:10000000-15000000
PoolWorker-29,  processing 2453 (29236.5 per sec) reads @ Ascaf_70:0-46916
PoolWorker-29 countReadsInRegions_worker: processing 46 (377.5 per sec) @ Ascaf_70:0-46916
PoolWorker-29,  processing 292155 (33607.4 per sec) reads @ chr1:5000000-10000000
PoolWorker-29 countReadsInRegions_worker: processing 5000 (562.4 per sec) @ chr1:5000000-10000000
PoolWorker-29,  processing 11262 (37037.9 per sec) reads @ Ascaf_23:0-264707
PoolWorker-29 countReadsInRegions_worker: processing 264 (737.7 per sec) @ Ascaf_23:0-264707
PoolWorker-29,  processing 287726 (35122.2 per sec) reads @ chr19:10000000-15000000
PoolWorker-29 countReadsInRegions_worker: processing 5000 (599.6 per sec) @ chr19:10000000-15000000
PoolWorker-29,  processing 797 (67336.6 per sec) reads @ Ascaf_147:0-15099
PoolWorker-29 countReadsInRegions_worker: processing 15 (237.2 per sec) @ Ascaf_147:0-15099
PoolWorker-29,  processing 279175 (33919.9 per sec) reads @ chr6:10000000-15000000
PoolWorker-29 countReadsInRegions_worker: processing 5000 (595.9 per sec) @ chr6:10000000-15000000
PoolWorker-29,  processing 1460 (43651.4 per sec) reads @ Ascaf_126:0-19574
PoolWorker-29 countReadsInRegions_worker: processing 19 (261.8 per sec) @ Ascaf_126:0-19574
PoolWorker-29,  processing 1312 (70355.5 per sec) reads @ Ascaf_112:0-24428
PoolWorker-29 countReadsInRegions_worker: processing 24 (433.7 per sec) @ Ascaf_112:0-24428
PoolWorker-29,  processing 369 (60551.6 per sec) reads @ Ascaf_155:0-6589
PoolWorker-29 countReadsInRegions_worker: processing 6 (139.7 per sec) @ Ascaf_155:0-6589
PoolWorker-29,  processing 245774 (35622.3 per sec) reads @ chr19:20000000-23715829
PoolWorker-29 countReadsInRegions_worker: processing 3715 (532.0 per sec) @ chr19:20000000-23715829
PoolWorker-29,  processing 1842 (25155.7 per sec) reads @ Ascaf_77:0-41997
PoolWorker-29 countReadsInRegions_worker: processing 41 (522.8 per sec) @ Ascaf_77:0-41997
PoolWorker-27,  processing 45761 (30449.0 per sec) reads @ chr15:20000000-20219940
PoolWorker-27 countReadsInRegions_worker: processing 219 (142.1 per sec) @ chr15:20000000-20219940
PoolWorker-27,  processing 1785 (45950.7 per sec) reads @ Ascaf_101:0-31946
PoolWorker-27 countReadsInRegions_worker: processing 31 (310.6 per sec) @ Ascaf_101:0-31946
PoolWorker-27,  processing 268990 (33694.5 per sec) reads @ chr20:5000000-10000000
PoolWorker-27 countReadsInRegions_worker: processing 5000 (608.9 per sec) @ chr20:5000000-10000000
PoolWorker-27,  processing 295871 (33417.7 per sec) reads @ chr11:5000000-10000000
PoolWorker-27 countReadsInRegions_worker: processing 5000 (551.8 per sec) @ chr11:5000000-10000000
PoolWorker-27,  processing 44 (43690.7 per sec) reads @ Ascaf_160:0-2000
PoolWorker-27 countReadsInRegions_worker: processing 2 (52.7 per sec) @ Ascaf_160:0-2000
PoolWorker-27,  processing 285946 (33960.2 per sec) reads @ chr15:10000000-15000000
PoolWorker-27 countReadsInRegions_worker: processing 5000 (579.5 per sec) @ chr15:10000000-15000000
PoolWorker-27,  processing 940 (68814.3 per sec) reads @ Ascaf_135:0-17087
PoolWorker-27 countReadsInRegions_worker: processing 17 (319.4 per sec) @ Ascaf_135:0-17087
PoolWorker-27,  processing 897 (69454.7 per sec) reads @ Ascaf_134:0-17659
PoolWorker-27 countReadsInRegions_worker: processing 17 (345.0 per sec) @ Ascaf_134:0-17659
PoolWorker-27,  processing 272364 (34036.7 per sec) reads @ chr4:30000000-35000000
PoolWorker-27 countReadsInRegions_worker: processing 5000 (613.9 per sec) @ chr4:30000000-35000000
PoolWorker-27,  processing 2021 (48218.9 per sec) reads @ Ascaf_55:0-59833
PoolWorker-27 countReadsInRegions_worker: processing 59 (742.5 per sec) @ Ascaf_55:0-59833
PoolWorker-27,  processing 1922 (48776.6 per sec) reads @ Ascaf_106:0-29590
PoolWorker-27 countReadsInRegions_worker: processing 29 (369.4 per sec) @ Ascaf_106:0-29590
PoolWorker-27,  processing 263532 (34423.9 per sec) reads @ chr16:0-5000000
PoolWorker-27 countReadsInRegions_worker: processing 5000 (633.8 per sec) @ chr16:0-5000000
PoolWorker-27,  processing 7780 (36644.6 per sec) reads @ Ascaf_75:0-42641
PoolWorker-27 countReadsInRegions_worker: processing 42 (167.9 per sec) @ Ascaf_75:0-42641
PoolWorker-27,  processing 10371 (39972.5 per sec) reads @ Ascaf_35:0-99371
PoolWorker-27 countReadsInRegions_worker: processing 99 (332.8 per sec) @ Ascaf_35:0-99371
PoolWorker-27,  processing 5057 (35897.3 per sec) reads @ Ascaf_40:0-90738
PoolWorker-27 countReadsInRegions_worker: processing 90 (503.7 per sec) @ Ascaf_40:0-90738
PoolWorker-27,  processing 275395 (37593.6 per sec) reads @ chr3:15000000-20000000
PoolWorker-27 countReadsInRegions_worker: processing 5000 (674.0 per sec) @ chr3:15000000-20000000
PoolWorker-30,  processing 1434 (29834.5 per sec) reads @ Ascaf_128:0-19120
PoolWorker-30 countReadsInRegions_worker: processing 19 (247.8 per sec) @ Ascaf_128:0-19120
PoolWorker-30,  processing 306187 (33367.1 per sec) reads @ chr17:10000000-15000000
PoolWorker-30 countReadsInRegions_worker: processing 5000 (530.3 per sec) @ chr17:10000000-15000000
PoolWorker-30,  processing 17751 (36339.6 per sec) reads @ Ascaf_96:0-33398
PoolWorker-30 countReadsInRegions_worker: processing 33 (60.9 per sec) @ Ascaf_96:0-33398
PoolWorker-30,  processing 268908 (35332.0 per sec) reads @ chr7:15000000-20000000
PoolWorker-30 countReadsInRegions_worker: processing 5000 (642.5 per sec) @ chr7:15000000-20000000
PoolWorker-30,  processing 2972 (43768.9 per sec) reads @ Ascaf_65:0-47651
PoolWorker-30 countReadsInRegions_worker: processing 47 (446.9 per sec) @ Ascaf_65:0-47651
PoolWorker-30,  processing 1268 (36006.3 per sec) reads @ Ascaf_97:0-33357
PoolWorker-30 countReadsInRegions_worker: processing 33 (458.9 per sec) @ Ascaf_97:0-33357
PoolWorker-30,  processing 125078 (37576.0 per sec) reads @ chr2:25000000-26977752
PoolWorker-30 countReadsInRegions_worker: processing 1977 (579.0 per sec) @ chr2:25000000-26977752
PoolWorker-30,  processing 289841 (34382.2 per sec) reads @ chr19:15000000-20000000
PoolWorker-30 countReadsInRegions_worker: processing 5000 (581.9 per sec) @ chr19:15000000-20000000
PoolWorker-30,  processing 274372 (38162.1 per sec) reads @ chr6:15000000-20000000
PoolWorker-30 countReadsInRegions_worker: processing 5000 (672.5 per sec) @ chr6:15000000-20000000
PoolWorker-30,  processing 32556 (38282.9 per sec) reads @ Ascaf_120:0-22000
PoolWorker-30 countReadsInRegions_worker: processing 22 (24.3 per sec) @ Ascaf_120:0-22000
PoolWorker-30,  processing 11750 (38566.8 per sec) reads @ Ascaf_57:0-58000
PoolWorker-30 countReadsInRegions_worker: processing 58 (165.0 per sec) @ Ascaf_57:0-58000
PoolWorker-30,  processing 2530 (39127.7 per sec) reads @ Ascaf_86:0-37568
PoolWorker-30 countReadsInRegions_worker: processing 37 (358.7 per sec) @ Ascaf_86:0-37568
PoolWorker-30,  processing 306388 (35606.0 per sec) reads @ chr6:0-5000000
PoolWorker-30 countReadsInRegions_worker: processing 5000 (570.2 per sec) @ chr6:0-5000000
PoolWorker-30,  processing 224366 (47886.3 per sec) reads @ chr5:15000000-18670498
PoolWorker-30 countReadsInRegions_worker: processing 3670 (771.3 per sec) @ chr5:15000000-18670498
PoolWorker-30,  processing 20 (27138.8 per sec) reads @ Ascaf_165:0-1000
PoolWorker-30 countReadsInRegions_worker: processing 1 (11.4 per sec) @ Ascaf_165:0-1000
PoolWorker-30,  processing 597 (64983.2 per sec) reads @ Ascaf_144:0-15519
PoolWorker-30 countReadsInRegions_worker: processing 15 (434.8 per sec) @ Ascaf_144:0-15519
PoolWorker-24,  processing 851 (23489.5 per sec) reads @ Ascaf_131:0-18319
PoolWorker-24 countReadsInRegions_worker: processing 18 (317.7 per sec) @ Ascaf_131:0-18319
PoolWorker-24,  processing 630 (59754.7 per sec) reads @ Ascaf_115:0-24004
PoolWorker-24 countReadsInRegions_worker: processing 24 (721.9 per sec) @ Ascaf_115:0-24004
PoolWorker-24,  processing 7704 (55829.7 per sec) reads @ Ascaf_29:0-143722
PoolWorker-24 countReadsInRegions_worker: processing 143 (660.7 per sec) @ Ascaf_29:0-143722
PoolWorker-24,  processing 260248 (33414.6 per sec) reads @ chr15:15000000-20000000
PoolWorker-24 countReadsInRegions_worker: processing 5000 (624.8 per sec) @ chr15:15000000-20000000
PoolWorker-24,  processing 1053 (69181.3 per sec) reads @ Ascaf_168:0-25000
PoolWorker-24 countReadsInRegions_worker: processing 25 (305.4 per sec) @ Ascaf_168:0-25000
PoolWorker-24,  processing 1825 (67053.9 per sec) reads @ Ascaf_56:0-58445
PoolWorker-24 countReadsInRegions_worker: processing 58 (744.2 per sec) @ Ascaf_56:0-58445
PoolWorker-24,  processing 277536 (34087.0 per sec) reads @ chr16:5000000-10000000
PoolWorker-24 countReadsInRegions_worker: processing 5000 (599.1 per sec) @ chr16:5000000-10000000
PoolWorker-24,  processing 11653 (35991.5 per sec) reads @ Ascaf_124:0-19772
PoolWorker-24 countReadsInRegions_worker: processing 19 (53.3 per sec) @ Ascaf_124:0-19772
PoolWorker-24,  processing 271367 (33362.8 per sec) reads @ chr4:25000000-30000000
PoolWorker-24 countReadsInRegions_worker: processing 5000 (597.3 per sec) @ chr4:25000000-30000000
PoolWorker-24,  processing 16464 (36865.6 per sec) reads @ Ascaf_41:0-90399
PoolWorker-24 countReadsInRegions_worker: processing 90 (184.5 per sec) @ Ascaf_41:0-90399
PoolWorker-24,  processing 57377 (36542.5 per sec) reads @ Ascaf_42:0-86089
PoolWorker-24 countReadsInRegions_worker: processing 86 (53.2 per sec) @ Ascaf_42:0-86089
PoolWorker-24,  processing 21099 (38262.6 per sec) reads @ Ascaf_113:0-24387
PoolWorker-24 countReadsInRegions_worker: processing 24 (40.4 per sec) @ Ascaf_113:0-24387
PoolWorker-24,  processing 731 (64422.0 per sec) reads @ Ascaf_138:0-16696
PoolWorker-24 countReadsInRegions_worker: processing 16 (315.8 per sec) @ Ascaf_138:0-16696
PoolWorker-24,  processing 2080 (48967.8 per sec) reads @ Ascaf_169:0-50000
PoolWorker-24 countReadsInRegions_worker: processing 50 (676.9 per sec) @ Ascaf_169:0-50000
PoolWorker-24,  processing 1970 (43973.2 per sec) reads @ Ascaf_66:0-47454
PoolWorker-24 countReadsInRegions_worker: processing 47 (571.0 per sec) @ Ascaf_66:0-47454
PoolWorker-24,  processing 2784 (38903.9 per sec) reads @ Ascaf_161:0-1000
PoolWorker-24 countReadsInRegions_worker: processing 1 (9.0 per sec) @ Ascaf_161:0-1000
PoolWorker-24,  processing 3175 (43557.1 per sec) reads @ Ascaf_63:0-51776
PoolWorker-24 countReadsInRegions_worker: processing 51 (460.9 per sec) @ Ascaf_63:0-51776
PoolWorker-24,  processing 23274 (38045.2 per sec) reads @ Ascaf_28:0-145740
PoolWorker-24 countReadsInRegions_worker: processing 145 (221.8 per sec) @ Ascaf_28:0-145740
PoolWorker-24,  processing 1030 (66452.3 per sec) reads @ Ascaf_60:0-24766
PoolWorker-24 countReadsInRegions_worker: processing 24 (439.1 per sec) @ Ascaf_60:0-24766
PoolWorker-24,  processing 264357 (33347.5 per sec) reads @ chr9:0-5000000
PoolWorker-24 countReadsInRegions_worker: processing 5000 (619.4 per sec) @ chr9:0-5000000
PoolWorker-24,  processing 282903 (33916.1 per sec) reads @ chr9:5000000-10000000
PoolWorker-24 countReadsInRegions_worker: processing 5000 (585.8 per sec) @ chr9:5000000-10000000
PoolWorker-24,  processing 18680 (37279.5 per sec) reads @ Ascaf_27:0-155775
PoolWorker-24 countReadsInRegions_worker: processing 155 (285.2 per sec) @ Ascaf_27:0-155775
PoolWorker-24,  processing 867 (70367.7 per sec) reads @ Ascaf_149:0-13452
PoolWorker-24 countReadsInRegions_worker: processing 13 (256.5 per sec) @ Ascaf_149:0-13452
PoolWorker-24,  processing 301992 (49044.1 per sec) reads @ chr14:0-5000000
PoolWorker-24 countReadsInRegions_worker: processing 5000 (799.0 per sec) @ chr14:0-5000000
PoolWorker-17,  processing 284276 (36062.1 per sec) reads @ chr8:5000000-10000000
PoolWorker-17 countReadsInRegions_worker: processing 5000 (618.5 per sec) @ chr8:5000000-10000000
PoolWorker-17,  processing 4804 (45609.0 per sec) reads @ Ascaf_46:0-73387
PoolWorker-17 countReadsInRegions_worker: processing 73 (443.9 per sec) @ Ascaf_46:0-73387
PoolWorker-17,  processing 275335 (34638.9 per sec) reads @ chr18:5000000-10000000
PoolWorker-17 countReadsInRegions_worker: processing 5000 (613.2 per sec) @ chr18:5000000-10000000
PoolWorker-17,  processing 2142 (32997.0 per sec) reads @ Ascaf_67:0-40269
PoolWorker-17 countReadsInRegions_worker: processing 40 (505.2 per sec) @ Ascaf_67:0-40269
PoolWorker-17,  processing 35055 (37102.4 per sec) reads @ Ascaf_89:0-36000
PoolWorker-17 countReadsInRegions_worker: processing 36 (36.5 per sec) @ Ascaf_89:0-36000
PoolWorker-17,  processing 305141 (34869.1 per sec) reads @ chr4:20000000-25000000
PoolWorker-17 countReadsInRegions_worker: processing 5000 (558.8 per sec) @ chr4:20000000-25000000
PoolWorker-17,  processing 895 (37722.4 per sec) reads @ Ascaf_148:0-14976
PoolWorker-17 countReadsInRegions_worker: processing 14 (252.8 per sec) @ Ascaf_148:0-14976
PoolWorker-17,  processing 277739 (34967.7 per sec) reads @ chr7:5000000-10000000
PoolWorker-17 countReadsInRegions_worker: processing 5000 (618.7 per sec) @ chr7:5000000-10000000
PoolWorker-17,  processing 191901 (33393.2 per sec) reads @ chr18:15000000-18483836
PoolWorker-17 countReadsInRegions_worker: processing 3483 (592.5 per sec) @ chr18:15000000-18483836
PoolWorker-17,  processing 1041 (39120.4 per sec) reads @ Ascaf_127:0-19159
PoolWorker-17 countReadsInRegions_worker: processing 19 (306.0 per sec) @ Ascaf_127:0-19159
PoolWorker-17,  processing 246249 (33928.6 per sec) reads @ chr21:0-5000000
PoolWorker-17 countReadsInRegions_worker: processing 5000 (676.7 per sec) @ chr21:0-5000000
PoolWorker-17,  processing 306216 (51488.1 per sec) reads @ chr7:20000000-25000000
PoolWorker-17 countReadsInRegions_worker: processing 5000 (827.3 per sec) @ chr7:20000000-25000000
PoolWorker-20,  processing 3843 (70683.7 per sec) reads @ Ascaf_52:0-64568
PoolWorker-20 countReadsInRegions_worker: processing 64 (1058.9 per sec) @ Ascaf_52:0-64568
PoolWorker-20,  processing 6764 (63386.2 per sec) reads @ Ascaf_129:0-19000
PoolWorker-20 countReadsInRegions_worker: processing 19 (156.1 per sec) @ Ascaf_129:0-19000
PoolWorker-20,  processing 1076 (71977.7 per sec) reads @ Ascaf_141:0-15738
PoolWorker-20 countReadsInRegions_worker: processing 15 (177.0 per sec) @ Ascaf_141:0-15738
PoolWorker-20,  processing 2931 (67656.0 per sec) reads @ Ascaf_31:0-121444
PoolWorker-20 countReadsInRegions_worker: processing 121 (1399.1 per sec) @ Ascaf_31:0-121444
PoolWorker-20,  processing 279974 (33757.8 per sec) reads @ chr9:15000000-20000000
PoolWorker-20 countReadsInRegions_worker: processing 5000 (587.5 per sec) @ chr9:15000000-20000000
PoolWorker-20,  processing 288868 (33948.3 per sec) reads @ chr15:5000000-10000000
PoolWorker-20 countReadsInRegions_worker: processing 5000 (572.4 per sec) @ chr15:5000000-10000000
PoolWorker-20,  processing 2829 (41301.7 per sec) reads @ Ascaf_76:0-42514
PoolWorker-20 countReadsInRegions_worker: processing 42 (396.4 per sec) @ Ascaf_76:0-42514
PoolWorker-20,  processing 205649 (34133.7 per sec) reads @ chr12:20000000-23704847
PoolWorker-20 countReadsInRegions_worker: processing 3704 (599.4 per sec) @ chr12:20000000-23704847
PoolWorker-20,  processing 264200 (34856.7 per sec) reads @ chr21:5000000-10000000
PoolWorker-20 countReadsInRegions_worker: processing 5000 (647.3 per sec) @ chr21:5000000-10000000
PoolWorker-20,  processing 11775 (36290.7 per sec) reads @ Ascaf_32:0-110405
PoolWorker-20 countReadsInRegions_worker: processing 110 (301.6 per sec) @ Ascaf_32:0-110405
PoolWorker-20,  processing 598 (68218.6 per sec) reads @ Ascaf_152:0-12206
PoolWorker-20 countReadsInRegions_worker: processing 12 (271.7 per sec) @ Ascaf_152:0-12206
PoolWorker-20,  processing 292361 (33440.2 per sec) reads @ chr2:10000000-15000000
PoolWorker-20 countReadsInRegions_worker: processing 5000 (562.2 per sec) @ chr2:10000000-15000000
PoolWorker-20,  processing 1963 (70830.6 per sec) reads @ Ascaf_78:0-41577
PoolWorker-20 countReadsInRegions_worker: processing 41 (634.8 per sec) @ Ascaf_78:0-41577
PoolWorker-20,  processing 283591 (34265.1 per sec) reads @ chr1:10000000-15000000
PoolWorker-20 countReadsInRegions_worker: processing 5000 (592.8 per sec) @ chr1:10000000-15000000
PoolWorker-20,  processing 29145 (38518.7 per sec) reads @ Ascaf_43:0-83995
PoolWorker-20 countReadsInRegions_worker: processing 83 (103.8 per sec) @ Ascaf_43:0-83995
PoolWorker-20,  processing 269208 (66917.6 per sec) reads @ chr14:5000000-10000000
PoolWorker-20 countReadsInRegions_worker: processing 5000 (1224.6 per sec) @ chr14:5000000-10000000
PoolWorker-26,  processing 296914 (33125.0 per sec) reads @ chr8:10000000-15000000
PoolWorker-26 countReadsInRegions_worker: processing 5000 (541.3 per sec) @ chr8:10000000-15000000
PoolWorker-26,  processing 261830 (33539.8 per sec) reads @ chr4:15000000-20000000
PoolWorker-26 countReadsInRegions_worker: processing 5000 (623.6 per sec) @ chr4:15000000-20000000
PoolWorker-26,  processing 798 (62435.7 per sec) reads @ Ascaf_130:0-18457
PoolWorker-26 countReadsInRegions_worker: processing 18 (364.7 per sec) @ Ascaf_130:0-18457
PoolWorker-26,  processing 275292 (34163.0 per sec) reads @ chr2:5000000-10000000
PoolWorker-26 countReadsInRegions_worker: processing 5000 (604.3 per sec) @ chr2:5000000-10000000
PoolWorker-26,  processing 188031 (35561.4 per sec) reads @ chr8:20000000-23122080
PoolWorker-26 countReadsInRegions_worker: processing 3122 (580.0 per sec) @ chr8:20000000-23122080
PoolWorker-26,  processing 231948 (33848.3 per sec) reads @ chr17:20000000-23682274
PoolWorker-26 countReadsInRegions_worker: processing 3682 (520.8 per sec) @ chr17:20000000-23682274
PoolWorker-26,  processing 1962 (47070.7 per sec) reads @ Ascaf_94:0-33862
PoolWorker-26 countReadsInRegions_worker: processing 33 (415.7 per sec) @ Ascaf_94:0-33862
PoolWorker-26,  processing 290486 (34807.3 per sec) reads @ chr4:5000000-10000000
PoolWorker-26 countReadsInRegions_worker: processing 5000 (588.9 per sec) @ chr4:5000000-10000000
PoolWorker-26,  processing 2422 (40387.6 per sec) reads @ Ascaf_81:0-40000
PoolWorker-26 countReadsInRegions_worker: processing 40 (411.0 per sec) @ Ascaf_81:0-40000
PoolWorker-26,  processing 71403 (33993.1 per sec) reads @ chr6:20000000-21248438
PoolWorker-26 countReadsInRegions_worker: processing 1248 (573.5 per sec) @ chr6:20000000-21248438
PoolWorker-26,  processing 309418 (55859.5 per sec) reads @ chr1:20000000-25000000
PoolWorker-26 countReadsInRegions_worker: processing 5000 (887.2 per sec) @ chr1:20000000-25000000
PoolWorker-26,  processing 16530 (80010.1 per sec) reads @ Ascaf_38:0-95573
PoolWorker-26 countReadsInRegions_worker: processing 95 (445.2 per sec) @ Ascaf_38:0-95573
PoolWorker-21,  processing 1613 (55021.2 per sec) reads @ Ascaf_100:0-32247
PoolWorker-21 countReadsInRegions_worker: processing 32 (900.2 per sec) @ Ascaf_100:0-32247
PoolWorker-21,  processing 283082 (34008.5 per sec) reads @ chr5:10000000-15000000
PoolWorker-21 countReadsInRegions_worker: processing 5000 (583.3 per sec) @ chr5:10000000-15000000
PoolWorker-21,  processing 17813 (38135.6 per sec) reads @ Ascaf_137:0-17000
PoolWorker-21 countReadsInRegions_worker: processing 17 (33.1 per sec) @ Ascaf_137:0-17000
PoolWorker-21,  processing 652861 (33335.4 per sec) reads @ chr19:0-5000000
PoolWorker-21 countReadsInRegions_worker: processing 5000 (249.7 per sec) @ chr19:0-5000000
PoolWorker-21,  processing 288763 (35153.9 per sec) reads @ chr11:10000000-15000000
PoolWorker-21 countReadsInRegions_worker: processing 5000 (598.0 per sec) @ chr11:10000000-15000000
PoolWorker-21,  processing 285025 (34965.1 per sec) reads @ chr17:15000000-20000000
PoolWorker-21 countReadsInRegions_worker: processing 5000 (601.8 per sec) @ chr17:15000000-20000000
PoolWorker-21,  processing 269245 (41003.4 per sec) reads @ chr5:0-5000000
PoolWorker-21 countReadsInRegions_worker: processing 5000 (748.3 per sec) @ chr5:0-5000000
PoolWorker-21,  processing 285420 (72493.4 per sec) reads @ chr8:0-5000000
PoolWorker-21 countReadsInRegions_worker: processing 5000 (1248.3 per sec) @ chr8:0-5000000
PoolWorker-25,  processing 267767 (33406.5 per sec) reads @ chr21:10000000-15000000
PoolWorker-25 countReadsInRegions_worker: processing 5000 (609.1 per sec) @ chr21:10000000-15000000
PoolWorker-25,  processing 4285 (44616.8 per sec) reads @ Ascaf_44:0-77777
PoolWorker-25 countReadsInRegions_worker: processing 77 (493.2 per sec) @ Ascaf_44:0-77777
PoolWorker-25,  processing 5152 (46016.1 per sec) reads @ Ascaf_84:0-38148
PoolWorker-25 countReadsInRegions_worker: processing 38 (220.9 per sec) @ Ascaf_84:0-38148
PoolWorker-25,  processing 19578 (37041.0 per sec) reads @ Ascaf_33:0-106103
PoolWorker-25 countReadsInRegions_worker: processing 106 (187.8 per sec) @ Ascaf_33:0-106103
PoolWorker-25,  processing 281498 (34036.6 per sec) reads @ chr6:5000000-10000000
PoolWorker-25 countReadsInRegions_worker: processing 5000 (592.3 per sec) @ chr6:5000000-10000000
PoolWorker-25,  processing 7077 (36932.5 per sec) reads @ Ascaf_64:0-51000
PoolWorker-25 countReadsInRegions_worker: processing 51 (221.6 per sec) @ Ascaf_64:0-51000
PoolWorker-25,  processing 283344 (34034.3 per sec) reads @ chr20:15000000-20000000
PoolWorker-25 countReadsInRegions_worker: processing 5000 (584.3 per sec) @ chr20:15000000-20000000
PoolWorker-25,  processing 207 (60159.4 per sec) reads @ Ascaf_156:0-5652
PoolWorker-25 countReadsInRegions_worker: processing 5 (77.1 per sec) @ Ascaf_156:0-5652
PoolWorker-25,  processing 17406 (32787.1 per sec) reads @ chr3:20000000-20313673
PoolWorker-25 countReadsInRegions_worker: processing 313 (536.6 per sec) @ chr3:20000000-20313673
PoolWorker-25,  processing 8095 (37480.0 per sec) reads @ Ascaf_36:0-98486
PoolWorker-25 countReadsInRegions_worker: processing 98 (382.1 per sec) @ Ascaf_36:0-98486
PoolWorker-25,  processing 17613 (42120.9 per sec) reads @ Ascaf_30:0-130979
PoolWorker-25 countReadsInRegions_worker: processing 130 (284.0 per sec) @ Ascaf_30:0-130979
PoolWorker-25,  processing 291172 (34658.2 per sec) reads @ chr18:10000000-15000000
PoolWorker-25 countReadsInRegions_worker: processing 5000 (584.1 per sec) @ chr18:10000000-15000000
PoolWorker-25,  processing 3640 (39827.6 per sec) reads @ Ascaf_61:0-54508
PoolWorker-25 countReadsInRegions_worker: processing 54 (390.1 per sec) @ Ascaf_61:0-54508
PoolWorker-25,  processing 2003 (45891.8 per sec) reads @ Ascaf_104:0-29894
PoolWorker-25 countReadsInRegions_worker: processing 29 (358.4 per sec) @ Ascaf_104:0-29894
PoolWorker-25,  processing 864 (65594.1 per sec) reads @ Ascaf_132:0-17867
PoolWorker-25 countReadsInRegions_worker: processing 17 (337.7 per sec) @ Ascaf_132:0-17867
PoolWorker-25,  processing 268678 (33938.0 per sec) reads @ chr16:15000000-20000000
PoolWorker-25 countReadsInRegions_worker: processing 5000 (616.2 per sec) @ chr16:15000000-20000000
PoolWorker-25,  processing 15152 (36347.3 per sec) reads @ Ascaf_24:0-187591
PoolWorker-25 countReadsInRegions_worker: processing 187 (419.7 per sec) @ Ascaf_24:0-187591
PoolWorker-25,  processing 276913 (36607.8 per sec) reads @ chr1:0-5000000
PoolWorker-25 countReadsInRegions_worker: processing 5000 (653.3 per sec) @ chr1:0-5000000
PoolWorker-25,  processing 265368 (72829.2 per sec) reads @ chr2:0-5000000
PoolWorker-25 countReadsInRegions_worker: processing 5000 (1353.1 per sec) @ chr2:0-5000000
PoolWorker-25,  processing 48285 (86109.4 per sec) reads @ Ascaf_39:0-92659
PoolWorker-25 countReadsInRegions_worker: processing 92 (161.0 per sec) @ Ascaf_39:0-92659
PoolWorker-22,  processing 263268 (32819.6 per sec) reads @ chr21:15000000-19873525
PoolWorker-22 countReadsInRegions_worker: processing 4873 (593.4 per sec) @ chr21:15000000-19873525
PoolWorker-22,  processing 260913 (34369.3 per sec) reads @ chr3:0-5000000
PoolWorker-22 countReadsInRegions_worker: processing 5000 (642.0 per sec) @ chr3:0-5000000
PoolWorker-22,  processing 2546 (32621.4 per sec) reads @ Ascaf_133:0-49732
PoolWorker-22 countReadsInRegions_worker: processing 49 (279.9 per sec) @ Ascaf_133:0-49732
PoolWorker-22,  processing 1536 (43431.5 per sec) reads @ Ascaf_85:0-37890
PoolWorker-22 countReadsInRegions_worker: processing 37 (510.8 per sec) @ Ascaf_85:0-37890
PoolWorker-22,  processing 1061 (67769.6 per sec) reads @ Ascaf_125:0-19664
PoolWorker-22 countReadsInRegions_worker: processing 19 (394.1 per sec) @ Ascaf_125:0-19664
PoolWorker-22,  processing 4167 (46400.0 per sec) reads @ Ascaf_68:0-47437
PoolWorker-22 countReadsInRegions_worker: processing 47 (382.7 per sec) @ Ascaf_68:0-47437
PoolWorker-22,  processing 118507 (33801.5 per sec) reads @ chr16:20000000-22188971
PoolWorker-22 countReadsInRegions_worker: processing 2188 (612.6 per sec) @ chr16:20000000-22188971
PoolWorker-22,  processing 267361 (34292.1 per sec) reads @ chr19:5000000-10000000
PoolWorker-22 countReadsInRegions_worker: processing 5000 (628.2 per sec) @ chr19:5000000-10000000
PoolWorker-22,  processing 3770 (41458.2 per sec) reads @ Ascaf_49:0-70996
PoolWorker-22 countReadsInRegions_worker: processing 70 (535.7 per sec) @ Ascaf_49:0-70996
PoolWorker-22,  processing 1489 (67626.6 per sec) reads @ Ascaf_99:0-33167
PoolWorker-22 countReadsInRegions_worker: processing 33 (467.9 per sec) @ Ascaf_99:0-33167
PoolWorker-22,  processing 273859 (34504.5 per sec) reads @ chr7:25000000-30000000
PoolWorker-22 countReadsInRegions_worker: processing 5000 (618.9 per sec) @ chr7:25000000-30000000
PoolWorker-22,  processing 1696 (44526.1 per sec) reads @ Ascaf_93:0-34038
PoolWorker-22 countReadsInRegions_worker: processing 34 (430.0 per sec) @ Ascaf_93:0-34038
PoolWorker-22,  processing 275995 (33618.6 per sec) reads @ chr4:35000000-40000000
PoolWorker-22 countReadsInRegions_worker: processing 5000 (593.5 per sec) @ chr4:35000000-40000000
PoolWorker-22,  processing 271435 (47457.8 per sec) reads @ chr5:5000000-10000000
PoolWorker-22 countReadsInRegions_worker: processing 5000 (853.5 per sec) @ chr5:5000000-10000000
PoolWorker-22,  processing 236568 (68042.5 per sec) reads @ chr9:20000000-24303205
PoolWorker-22 countReadsInRegions_worker: processing 4303 (1221.8 per sec) @ chr9:20000000-24303205
PoolWorker-22,  processing 250262 (75553.0 per sec) reads @ chr13:20000000-24369283
PoolWorker-22 countReadsInRegions_worker: processing 4369 (1300.5 per sec) @ chr13:20000000-24369283
PoolWorker-19,  processing 238313 (31486.8 per sec) reads @ chr11:15000000-19299255
PoolWorker-19 countReadsInRegions_worker: processing 4299 (555.9 per sec) @ chr11:15000000-19299255
PoolWorker-19,  processing 1975 (47541.1 per sec) reads @ Ascaf_88:0-36907
PoolWorker-19 countReadsInRegions_worker: processing 36 (353.3 per sec) @ Ascaf_88:0-36907
PoolWorker-19,  processing 257 (56002.5 per sec) reads @ Ascaf_154:0-6709
PoolWorker-19 countReadsInRegions_worker: processing 6 (95.3 per sec) @ Ascaf_154:0-6709
PoolWorker-19,  processing 278275 (33870.9 per sec) reads @ chr15:0-5000000
PoolWorker-19 countReadsInRegions_worker: processing 5000 (592.7 per sec) @ chr15:0-5000000
PoolWorker-19,  processing 257519 (34888.0 per sec) reads @ chr2:20000000-25000000
PoolWorker-19 countReadsInRegions_worker: processing 5000 (664.9 per sec) @ chr2:20000000-25000000
PoolWorker-19,  processing 354509 (35137.8 per sec) reads @ chr13:0-5000000
PoolWorker-19 countReadsInRegions_worker: processing 5000 (487.0 per sec) @ chr13:0-5000000
PoolWorker-19,  processing 5199 (38561.9 per sec) reads @ Ascaf_79:0-41364
PoolWorker-19 countReadsInRegions_worker: processing 41 (232.3 per sec) @ Ascaf_79:0-41364
PoolWorker-19,  processing 20124 (36009.0 per sec) reads @ Ascaf_25:0-178627
PoolWorker-19 countReadsInRegions_worker: processing 178 (290.5 per sec) @ Ascaf_25:0-178627
PoolWorker-19,  processing 410 (64649.0 per sec) reads @ Ascaf_151:0-13242
PoolWorker-19 countReadsInRegions_worker: processing 13 (300.9 per sec) @ Ascaf_151:0-13242
PoolWorker-19,  processing 302682 (34341.9 per sec) reads @ chr20:10000000-15000000
PoolWorker-19 countReadsInRegions_worker: processing 5000 (551.9 per sec) @ chr20:10000000-15000000
PoolWorker-19,  processing 424 (65202.0 per sec) reads @ Ascaf_153:0-10046
PoolWorker-19 countReadsInRegions_worker: processing 10 (220.3 per sec) @ Ascaf_153:0-10046
PoolWorker-19,  processing 547 (66657.5 per sec) reads @ Ascaf_140:0-15786
PoolWorker-19 countReadsInRegions_worker: processing 15 (334.3 per sec) @ Ascaf_140:0-15786
PoolWorker-19,  processing 276768 (39861.2 per sec) reads @ chr12:0-5000000
PoolWorker-19 countReadsInRegions_worker: processing 5000 (711.0 per sec) @ chr12:0-5000000
PoolWorker-19,  processing 293299 (65362.2 per sec) reads @ chr10:5000000-10000000
PoolWorker-19 countReadsInRegions_worker: processing 5000 (1100.2 per sec) @ chr10:5000000-10000000
PoolWorker-19,  processing 278159 (83540.2 per sec) reads @ chr10:10000000-15000000
PoolWorker-19 countReadsInRegions_worker: processing 5000 (1479.8 per sec) @ chr10:10000000-15000000
PoolWorker-19,  processing 2017 (87810.3 per sec) reads @ Ascaf_69:0-44691
PoolWorker-19 countReadsInRegions_worker: processing 44 (1633.6 per sec) @ Ascaf_69:0-44691
output file: /storage/scratch/iee/dj20y461/Stickleback/Y_comp/Sex_chrom_stats/Read_depths/Gw/depths/2003QE_F_3.1kb.RPKM.depth
