genome partition size for multiprocessing: 1000000
using 16 processors for 657 number of tasks
Final scaling factor: 0.00433924044694
PoolWorker-32,  processing 1998891 (34157.3 per sec) reads @ chr11:13182000-17576000
PoolWorker-32 countReadsInRegions_worker: processing 4394 (73.4 per sec) @ chr11:13182000-17576000
PoolWorker-32,  processing 7334 (26868.8 per sec) reads @ Ascaf_128:0-19120
PoolWorker-32 countReadsInRegions_worker: processing 19 (60.0 per sec) @ Ascaf_128:0-19120
PoolWorker-32,  processing 2016502 (35298.7 per sec) reads @ chr21:13182000-17576000
PoolWorker-32 countReadsInRegions_worker: processing 4394 (75.3 per sec) @ chr21:13182000-17576000
PoolWorker-32,  processing 7213 (37262.2 per sec) reads @ Ascaf_135:0-17087
PoolWorker-32 countReadsInRegions_worker: processing 17 (71.8 per sec) @ Ascaf_135:0-17087
PoolWorker-32,  processing 3478 (38936.5 per sec) reads @ Ascaf_115:0-24004
PoolWorker-32 countReadsInRegions_worker: processing 24 (182.6 per sec) @ Ascaf_115:0-24004
PoolWorker-32,  processing 411 (61860.2 per sec) reads @ Ascaf_162:0-1000
PoolWorker-32 countReadsInRegions_worker: processing 1 (27.5 per sec) @ Ascaf_162:0-1000
PoolWorker-32,  processing 60538 (37071.5 per sec) reads @ Ascaf_31:0-121444
PoolWorker-32 countReadsInRegions_worker: processing 121 (71.2 per sec) @ Ascaf_31:0-121444
PoolWorker-32,  processing 170933 (36619.1 per sec) reads @ Ascaf_79:0-41364
PoolWorker-32 countReadsInRegions_worker: processing 41 (8.6 per sec) @ Ascaf_79:0-41364
PoolWorker-32,  processing 1935810 (35538.4 per sec) reads @ chr4:26364000-30758000
PoolWorker-32 countReadsInRegions_worker: processing 4394 (79.0 per sec) @ chr4:26364000-30758000
PoolWorker-32,  processing 29027 (37815.2 per sec) reads @ Ascaf_65:0-47651
PoolWorker-32 countReadsInRegions_worker: processing 47 (57.4 per sec) @ Ascaf_65:0-47651
PoolWorker-32,  processing 1847917 (35311.4 per sec) reads @ chr17:17576000-21970000
PoolWorker-32 countReadsInRegions_worker: processing 4394 (82.6 per sec) @ chr17:17576000-21970000
PoolWorker-32,  processing 1844739 (35479.8 per sec) reads @ chr15:4394000-8788000
PoolWorker-32 countReadsInRegions_worker: processing 4394 (83.0 per sec) @ chr15:4394000-8788000
PoolWorker-32,  processing 220845 (38920.2 per sec) reads @ Ascaf_98:0-33222
PoolWorker-32 countReadsInRegions_worker: processing 33 (5.7 per sec) @ Ascaf_98:0-33222
PoolWorker-32,  processing 118159 (35324.4 per sec) reads @ Ascaf_120:0-22000
PoolWorker-32 countReadsInRegions_worker: processing 22 (6.4 per sec) @ Ascaf_120:0-22000
PoolWorker-32,  processing 1801163 (35194.5 per sec) reads @ chr2:4394000-8788000
PoolWorker-32 countReadsInRegions_worker: processing 4394 (84.6 per sec) @ chr2:4394000-8788000
PoolWorker-20,  processing 2358422 (35111.1 per sec) reads @ chr13:0-4394000
PoolWorker-20 countReadsInRegions_worker: processing 4394 (63.8 per sec) @ chr13:0-4394000
PoolWorker-20,  processing 1897249 (35586.4 per sec) reads @ chr12:17576000-21970000
PoolWorker-20 countReadsInRegions_worker: processing 4394 (81.2 per sec) @ chr12:17576000-21970000
PoolWorker-20,  processing 83703 (35154.2 per sec) reads @ Ascaf_24:0-187591
PoolWorker-20 countReadsInRegions_worker: processing 187 (75.7 per sec) @ Ascaf_24:0-187591
PoolWorker-20,  processing 767828 (36656.2 per sec) reads @ Ascaf_42:0-86089
PoolWorker-20 countReadsInRegions_worker: processing 86 (4.0 per sec) @ Ascaf_42:0-86089
PoolWorker-20,  processing 62320 (38384.0 per sec) reads @ Ascaf_44:0-77777
PoolWorker-20 countReadsInRegions_worker: processing 77 (45.6 per sec) @ Ascaf_44:0-77777
PoolWorker-20,  processing 14674 (29341.1 per sec) reads @ Ascaf_67:0-40269
PoolWorker-20 countReadsInRegions_worker: processing 40 (73.4 per sec) @ Ascaf_67:0-40269
PoolWorker-20,  processing 24353 (36663.6 per sec) reads @ Ascaf_81:0-40000
PoolWorker-20 countReadsInRegions_worker: processing 40 (56.4 per sec) @ Ascaf_81:0-40000
PoolWorker-20,  processing 406850 (36462.1 per sec) reads @ chr19:21970000-23715829
PoolWorker-20 countReadsInRegions_worker: processing 1745 (153.7 per sec) @ chr19:21970000-23715829
PoolWorker-20,  processing 18644 (36733.2 per sec) reads @ Ascaf_80:0-41014
PoolWorker-20 countReadsInRegions_worker: processing 41 (72.6 per sec) @ Ascaf_80:0-41014
PoolWorker-20,  processing 16102 (38008.5 per sec) reads @ Ascaf_54:0-60000
PoolWorker-20 countReadsInRegions_worker: processing 60 (128.6 per sec) @ Ascaf_54:0-60000
PoolWorker-20,  processing 202207 (35807.1 per sec) reads @ Ascaf_34:0-101478
PoolWorker-20 countReadsInRegions_worker: processing 101 (17.5 per sec) @ Ascaf_34:0-101478
PoolWorker-20,  processing 71337 (37156.8 per sec) reads @ Ascaf_73:0-44649
PoolWorker-20 countReadsInRegions_worker: processing 44 (22.1 per sec) @ Ascaf_73:0-44649
PoolWorker-20,  processing 14644 (35579.1 per sec) reads @ Ascaf_66:0-47454
PoolWorker-20 countReadsInRegions_worker: processing 47 (103.1 per sec) @ Ascaf_66:0-47454
PoolWorker-20,  processing 13320 (37702.4 per sec) reads @ Ascaf_100:0-32247
PoolWorker-20 countReadsInRegions_worker: processing 32 (77.8 per sec) @ Ascaf_100:0-32247
PoolWorker-20,  processing 1840025 (35843.0 per sec) reads @ chr9:8788000-13182000
PoolWorker-20 countReadsInRegions_worker: processing 4394 (84.1 per sec) @ chr9:8788000-13182000
PoolWorker-20,  processing 787107 (35918.1 per sec) reads @ chr10:17576000-19005646
PoolWorker-20 countReadsInRegions_worker: processing 1429 (64.2 per sec) @ chr10:17576000-19005646
PoolWorker-20,  processing 16078 (37590.4 per sec) reads @ Ascaf_83:0-38959
PoolWorker-20 countReadsInRegions_worker: processing 38 (80.4 per sec) @ Ascaf_83:0-38959
PoolWorker-20,  processing 1793546 (35352.8 per sec) reads @ chr2:13182000-17576000
PoolWorker-20 countReadsInRegions_worker: processing 4394 (85.3 per sec) @ chr2:13182000-17576000
PoolWorker-20,  processing 9051 (54128.9 per sec) reads @ Ascaf_97:0-33357
PoolWorker-20 countReadsInRegions_worker: processing 33 (156.6 per sec) @ Ascaf_97:0-33357
PoolWorker-20,  processing 13084 (37430.1 per sec) reads @ Ascaf_88:0-36907
PoolWorker-20 countReadsInRegions_worker: processing 36 (99.9 per sec) @ Ascaf_88:0-36907
PoolWorker-20,  processing 7189 (38694.5 per sec) reads @ Ascaf_102:0-31073
PoolWorker-20 countReadsInRegions_worker: processing 31 (135.0 per sec) @ Ascaf_102:0-31073
PoolWorker-20,  processing 406692 (38456.7 per sec) reads @ Ascaf_33:0-106103
PoolWorker-20 countReadsInRegions_worker: processing 106 (9.8 per sec) @ Ascaf_33:0-106103
PoolWorker-20,  processing 1823767 (35545.7 per sec) reads @ chr1:4394000-8788000
PoolWorker-20 countReadsInRegions_worker: processing 4394 (84.1 per sec) @ chr1:4394000-8788000
PoolWorker-20,  processing 13985 (38248.6 per sec) reads @ Ascaf_101:0-31946
PoolWorker-20 countReadsInRegions_worker: processing 31 (75.9 per sec) @ Ascaf_101:0-31946
PoolWorker-20,  processing 8544 (38877.7 per sec) reads @ Ascaf_121:0-21431
PoolWorker-20 countReadsInRegions_worker: processing 21 (79.7 per sec) @ Ascaf_121:0-21431
PoolWorker-24,  processing 1782827 (33875.2 per sec) reads @ chr3:13182000-17576000
PoolWorker-24 countReadsInRegions_worker: processing 4394 (81.5 per sec) @ chr3:13182000-17576000
PoolWorker-24,  processing 48550 (29464.4 per sec) reads @ Ascaf_23:0-264707
PoolWorker-24 countReadsInRegions_worker: processing 264 (154.2 per sec) @ Ascaf_23:0-264707
PoolWorker-24,  processing 1073960 (34869.9 per sec) reads @ chr19:8788000-13182000
PoolWorker-24 countReadsInRegions_worker: processing 4394 (139.8 per sec) @ chr19:8788000-13182000
PoolWorker-24,  processing 716629 (35342.8 per sec) reads @ chr12:21970000-23704847
PoolWorker-24 countReadsInRegions_worker: processing 1734 (84.1 per sec) @ chr12:21970000-23704847
PoolWorker-24,  processing 2133098 (35587.8 per sec) reads @ chr18:0-4394000
PoolWorker-24 countReadsInRegions_worker: processing 4394 (72.0 per sec) @ chr18:0-4394000
PoolWorker-24,  processing 1866750 (35587.7 per sec) reads @ chr1:26364000-30758000
PoolWorker-24 countReadsInRegions_worker: processing 4394 (82.3 per sec) @ chr1:26364000-30758000
PoolWorker-24,  processing 221 (49429.0 per sec) reads @ Ascaf_163:0-1000
PoolWorker-24 countReadsInRegions_worker: processing 1 (20.2 per sec) @ Ascaf_163:0-1000
PoolWorker-24,  processing 103944 (37382.7 per sec) reads @ Ascaf_36:0-98486
PoolWorker-24 countReadsInRegions_worker: processing 98 (34.4 per sec) @ Ascaf_36:0-98486
PoolWorker-24,  processing 19533 (36877.6 per sec) reads @ Ascaf_169:0-50000
PoolWorker-24 countReadsInRegions_worker: processing 50 (83.5 per sec) @ Ascaf_169:0-50000
PoolWorker-24,  processing 1924424 (34800.2 per sec) reads @ chr8:0-4394000
PoolWorker-24 countReadsInRegions_worker: processing 4394 (78.0 per sec) @ chr8:0-4394000
PoolWorker-24,  processing 21389 (37388.8 per sec) reads @ Ascaf_133:0-49732
PoolWorker-24 countReadsInRegions_worker: processing 49 (77.7 per sec) @ Ascaf_133:0-49732
PoolWorker-24,  processing 9806 (34571.0 per sec) reads @ Ascaf_117:0-22832
PoolWorker-24 countReadsInRegions_worker: processing 22 (67.1 per sec) @ Ascaf_117:0-22832
PoolWorker-24,  processing 2711925 (35977.4 per sec) reads @ chr4:21970000-26364000
PoolWorker-24 countReadsInRegions_worker: processing 4394 (57.3 per sec) @ chr4:21970000-26364000
PoolWorker-24,  processing 237139 (37697.4 per sec) reads @ Ascaf_28:0-145740
PoolWorker-24 countReadsInRegions_worker: processing 145 (22.5 per sec) @ Ascaf_28:0-145740
PoolWorker-24,  processing 177 (61203.0 per sec) reads @ Ascaf_165:0-1000
PoolWorker-24 countReadsInRegions_worker: processing 1 (23.0 per sec) @ Ascaf_165:0-1000
PoolWorker-19,  processing 1896501 (34026.9 per sec) reads @ chr15:8788000-13182000
PoolWorker-19 countReadsInRegions_worker: processing 4394 (76.8 per sec) @ chr15:8788000-13182000
PoolWorker-19,  processing 7292 (24026.8 per sec) reads @ Ascaf_82:0-39089
PoolWorker-19 countReadsInRegions_worker: processing 39 (116.2 per sec) @ Ascaf_82:0-39089
PoolWorker-19,  processing 1847480 (34350.6 per sec) reads @ chr4:35152000-39546000
PoolWorker-19 countReadsInRegions_worker: processing 4394 (80.0 per sec) @ chr4:35152000-39546000
PoolWorker-19,  processing 94579 (36328.0 per sec) reads @ Ascaf_75:0-42641
PoolWorker-19 countReadsInRegions_worker: processing 42 (15.7 per sec) @ Ascaf_75:0-42641
PoolWorker-19,  processing 119420 (35010.7 per sec) reads @ Ascaf_32:0-110405
PoolWorker-19 countReadsInRegions_worker: processing 110 (31.5 per sec) @ Ascaf_32:0-110405
PoolWorker-19,  processing 2137410 (35410.5 per sec) reads @ chr17:8788000-13182000
PoolWorker-19 countReadsInRegions_worker: processing 4394 (71.5 per sec) @ chr17:8788000-13182000
PoolWorker-19,  processing 199682 (37128.2 per sec) reads @ Ascaf_35:0-99371
PoolWorker-19 countReadsInRegions_worker: processing 99 (18.0 per sec) @ Ascaf_35:0-99371
PoolWorker-19,  processing 343162 (35578.1 per sec) reads @ chr2:26364000-26977752
PoolWorker-19 countReadsInRegions_worker: processing 613 (62.5 per sec) @ chr2:26364000-26977752
PoolWorker-19,  processing 36132 (34452.3 per sec) reads @ Ascaf_56:0-58445
PoolWorker-19 countReadsInRegions_worker: processing 58 (52.3 per sec) @ Ascaf_56:0-58445
PoolWorker-19,  processing 2062010 (34330.8 per sec) reads @ chr5:0-4394000
PoolWorker-19 countReadsInRegions_worker: processing 4394 (72.1 per sec) @ chr5:0-4394000
PoolWorker-19,  processing 1821870 (35076.9 per sec) reads @ chr8:4394000-8788000
PoolWorker-19 countReadsInRegions_worker: processing 4394 (83.1 per sec) @ chr8:4394000-8788000
PoolWorker-19,  processing 930 (72137.7 per sec) reads @ Ascaf_160:0-2000
PoolWorker-19 countReadsInRegions_worker: processing 2 (37.1 per sec) @ Ascaf_160:0-2000
PoolWorker-19,  processing 148759 (37623.1 per sec) reads @ Ascaf_119:0-22101
PoolWorker-19 countReadsInRegions_worker: processing 22 (5.5 per sec) @ Ascaf_119:0-22101
PoolWorker-19,  processing 1941979 (36548.7 per sec) reads @ chr15:0-4394000
PoolWorker-19 countReadsInRegions_worker: processing 4394 (81.4 per sec) @ chr15:0-4394000
PoolWorker-19,  processing 7554 (28410.1 per sec) reads @ Ascaf_134:0-17659
PoolWorker-19 countReadsInRegions_worker: processing 17 (61.7 per sec) @ Ascaf_134:0-17659
PoolWorker-22,  processing 6080 (36938.0 per sec) reads @ Ascaf_167:0-25000
PoolWorker-22 countReadsInRegions_worker: processing 25 (142.6 per sec) @ Ascaf_167:0-25000
PoolWorker-22,  processing 15233 (37598.2 per sec) reads @ Ascaf_91:0-34837
PoolWorker-22 countReadsInRegions_worker: processing 34 (72.4 per sec) @ Ascaf_91:0-34837
PoolWorker-22,  processing 135829 (36397.1 per sec) reads @ Ascaf_52:0-64568
PoolWorker-22 countReadsInRegions_worker: processing 64 (16.5 per sec) @ Ascaf_52:0-64568
PoolWorker-22,  processing 8763 (37179.9 per sec) reads @ Ascaf_125:0-19664
PoolWorker-22 countReadsInRegions_worker: processing 19 (68.3 per sec) @ Ascaf_125:0-19664
PoolWorker-22,  processing 8300 (40499.5 per sec) reads @ Ascaf_127:0-19159
PoolWorker-22 countReadsInRegions_worker: processing 19 (77.0 per sec) @ Ascaf_127:0-19159
PoolWorker-22,  processing 1873000 (33629.2 per sec) reads @ chr7:21970000-26364000
PoolWorker-22 countReadsInRegions_worker: processing 4394 (77.4 per sec) @ chr7:21970000-26364000
PoolWorker-22,  processing 1872681 (34056.5 per sec) reads @ chr10:0-4394000
PoolWorker-22 countReadsInRegions_worker: processing 4394 (78.6 per sec) @ chr10:0-4394000
PoolWorker-22,  processing 6188 (22264.6 per sec) reads @ Ascaf_168:0-25000
PoolWorker-22 countReadsInRegions_worker: processing 25 (78.1 per sec) @ Ascaf_168:0-25000
PoolWorker-22,  processing 91275 (37796.8 per sec) reads @ Ascaf_113:0-24387
PoolWorker-22 countReadsInRegions_worker: processing 24 (9.7 per sec) @ Ascaf_113:0-24387
PoolWorker-22,  processing 1810739 (35198.6 per sec) reads @ chr4:4394000-8788000
PoolWorker-22 countReadsInRegions_worker: processing 4394 (84.0 per sec) @ chr4:4394000-8788000
PoolWorker-22,  processing 1875084 (35303.4 per sec) reads @ chr18:8788000-13182000
PoolWorker-22 countReadsInRegions_worker: processing 4394 (81.4 per sec) @ chr18:8788000-13182000
PoolWorker-22,  processing 1864484 (35258.6 per sec) reads @ chr2:17576000-21970000
PoolWorker-22 countReadsInRegions_worker: processing 4394 (81.5 per sec) @ chr2:17576000-21970000
PoolWorker-22,  processing 45263 (36623.7 per sec) reads @ Ascaf_166:0-50000
PoolWorker-22 countReadsInRegions_worker: processing 50 (38.6 per sec) @ Ascaf_166:0-50000
PoolWorker-22,  processing 1808875 (35517.7 per sec) reads @ chr14:8788000-13182000
PoolWorker-22 countReadsInRegions_worker: processing 4394 (84.7 per sec) @ chr14:8788000-13182000
PoolWorker-22,  processing 1807154 (40110.6 per sec) reads @ chr21:8788000-13182000
PoolWorker-22 countReadsInRegions_worker: processing 4394 (96.1 per sec) @ chr21:8788000-13182000
PoolWorker-18,  processing 1909276 (33564.9 per sec) reads @ chr9:4394000-8788000
PoolWorker-18 countReadsInRegions_worker: processing 4394 (75.4 per sec) @ chr9:4394000-8788000
PoolWorker-18,  processing 1811642 (34807.9 per sec) reads @ chr12:13182000-17576000
PoolWorker-18 countReadsInRegions_worker: processing 4394 (82.7 per sec) @ chr12:13182000-17576000
PoolWorker-18,  processing 5474 (37210.8 per sec) reads @ Ascaf_152:0-12206
PoolWorker-18 countReadsInRegions_worker: processing 12 (63.0 per sec) @ Ascaf_152:0-12206
PoolWorker-18,  processing 1844503 (34945.3 per sec) reads @ chr4:13182000-17576000
PoolWorker-18 countReadsInRegions_worker: processing 4394 (81.8 per sec) @ chr4:13182000-17576000
PoolWorker-18,  processing 5340 (38495.4 per sec) reads @ Ascaf_145:0-15510
PoolWorker-18 countReadsInRegions_worker: processing 15 (78.5 per sec) @ Ascaf_145:0-15510
PoolWorker-18,  processing 1837971 (34882.9 per sec) reads @ chr7:4394000-8788000
PoolWorker-18 countReadsInRegions_worker: processing 4394 (82.0 per sec) @ chr7:4394000-8788000
PoolWorker-18,  processing 9067 (36995.5 per sec) reads @ Ascaf_118:0-22120
PoolWorker-18 countReadsInRegions_worker: processing 22 (76.7 per sec) @ Ascaf_118:0-22120
PoolWorker-18,  processing 337456 (35222.8 per sec) reads @ Ascaf_30:0-130979
PoolWorker-18 countReadsInRegions_worker: processing 130 (13.3 per sec) @ Ascaf_30:0-130979
PoolWorker-18,  processing 1885641 (34672.6 per sec) reads @ chr8:13182000-17576000
PoolWorker-18 countReadsInRegions_worker: processing 4394 (79.2 per sec) @ chr8:13182000-17576000
PoolWorker-18,  processing 171570 (35972.7 per sec) reads @ Ascaf_48:0-71747
PoolWorker-18 countReadsInRegions_worker: processing 71 (14.5 per sec) @ Ascaf_48:0-71747
PoolWorker-18,  processing 5990 (36779.4 per sec) reads @ Ascaf_116:0-22916
PoolWorker-18 countReadsInRegions_worker: processing 22 (106.8 per sec) @ Ascaf_116:0-22916
PoolWorker-18,  processing 15269 (37034.3 per sec) reads @ Ascaf_94:0-33862
PoolWorker-18 countReadsInRegions_worker: processing 33 (72.5 per sec) @ Ascaf_94:0-33862
PoolWorker-18,  processing 6105 (36658.1 per sec) reads @ Ascaf_139:0-16678
PoolWorker-18 countReadsInRegions_worker: processing 16 (76.1 per sec) @ Ascaf_139:0-16678
PoolWorker-18,  processing 1813343 (35325.0 per sec) reads @ chr20:8788000-13182000
PoolWorker-18 countReadsInRegions_worker: processing 4394 (84.1 per sec) @ chr20:8788000-13182000
PoolWorker-18,  processing 2011648 (44370.9 per sec) reads @ chr20:0-4394000
PoolWorker-18 countReadsInRegions_worker: processing 4394 (94.9 per sec) @ chr20:0-4394000
PoolWorker-29,  processing 1007448 (34712.8 per sec) reads @ chr19:13182000-17576000
PoolWorker-29 countReadsInRegions_worker: processing 4394 (148.0 per sec) @ chr19:13182000-17576000
PoolWorker-29,  processing 1842892 (34727.6 per sec) reads @ chr12:4394000-8788000
PoolWorker-29 countReadsInRegions_worker: processing 4394 (81.2 per sec) @ chr12:4394000-8788000
PoolWorker-29,  processing 95360 (36742.1 per sec) reads @ Ascaf_64:0-51000
PoolWorker-29 countReadsInRegions_worker: processing 51 (19.0 per sec) @ Ascaf_64:0-51000
PoolWorker-29,  processing 10952 (34845.5 per sec) reads @ Ascaf_150:0-13271
PoolWorker-29 countReadsInRegions_worker: processing 13 (36.4 per sec) @ Ascaf_150:0-13271
PoolWorker-29,  processing 1093602 (34266.8 per sec) reads @ chr13:21970000-24369283
PoolWorker-29 countReadsInRegions_worker: processing 2399 (73.9 per sec) @ chr13:21970000-24369283
PoolWorker-29,  processing 392509 (34990.6 per sec) reads @ chr18:17576000-18483836
PoolWorker-29 countReadsInRegions_worker: processing 907 (79.3 per sec) @ chr18:17576000-18483836
PoolWorker-29,  processing 1798909 (35514.1 per sec) reads @ chr8:8788000-13182000
PoolWorker-29 countReadsInRegions_worker: processing 4394 (85.1 per sec) @ chr8:8788000-13182000
PoolWorker-29,  processing 83850 (35758.2 per sec) reads @ Ascaf_29:0-143722
PoolWorker-29 countReadsInRegions_worker: processing 143 (59.2 per sec) @ Ascaf_29:0-143722
PoolWorker-29,  processing 5116 (37613.8 per sec) reads @ Ascaf_140:0-15786
PoolWorker-29 countReadsInRegions_worker: processing 15 (83.5 per sec) @ Ascaf_140:0-15786
PoolWorker-29,  processing 1810417 (35053.3 per sec) reads @ chr6:13182000-17576000
PoolWorker-29 countReadsInRegions_worker: processing 4394 (83.6 per sec) @ chr6:13182000-17576000
PoolWorker-29,  processing 3014 (28783.4 per sec) reads @ Ascaf_154:0-6709
PoolWorker-29 countReadsInRegions_worker: processing 6 (41.3 per sec) @ Ascaf_154:0-6709
PoolWorker-29,  processing 7043 (36548.8 per sec) reads @ Ascaf_138:0-16696
PoolWorker-29 countReadsInRegions_worker: processing 16 (68.3 per sec) @ Ascaf_138:0-16696
PoolWorker-29,  processing 1894678 (35762.7 per sec) reads @ chr5:8788000-13182000
PoolWorker-29 countReadsInRegions_worker: processing 4394 (81.4 per sec) @ chr5:8788000-13182000
PoolWorker-29,  processing 4620 (36891.5 per sec) reads @ Ascaf_143:0-15560
PoolWorker-29 countReadsInRegions_worker: processing 15 (92.7 per sec) @ Ascaf_143:0-15560
PoolWorker-29,  processing 17278 (31098.8 per sec) reads @ Ascaf_77:0-41997
PoolWorker-29 countReadsInRegions_worker: processing 41 (68.3 per sec) @ Ascaf_77:0-41997
PoolWorker-29,  processing 331942 (37021.7 per sec) reads @ Ascaf_27:0-155775
PoolWorker-29 countReadsInRegions_worker: processing 155 (17.0 per sec) @ Ascaf_27:0-155775
PoolWorker-29,  processing 1174016 (34667.1 per sec) reads @ chr19:4394000-8788000
PoolWorker-29 countReadsInRegions_worker: processing 4394 (127.9 per sec) @ chr19:4394000-8788000
PoolWorker-29,  processing 31178 (31276.0 per sec) reads @ Ascaf_51:0-70629
PoolWorker-29 countReadsInRegions_worker: processing 70 (67.1 per sec) @ Ascaf_51:0-70629
PoolWorker-29,  processing 2146980 (42276.9 per sec) reads @ chr5:13182000-17576000
PoolWorker-29 countReadsInRegions_worker: processing 4394 (85.4 per sec) @ chr5:13182000-17576000
PoolWorker-29,  processing 14876 (28500.4 per sec) reads @ Ascaf_93:0-34038
PoolWorker-29 countReadsInRegions_worker: processing 34 (63.7 per sec) @ Ascaf_93:0-34038
PoolWorker-17,  processing 161370 (34129.1 per sec) reads @ Ascaf_38:0-95573
PoolWorker-17 countReadsInRegions_worker: processing 95 (19.7 per sec) @ Ascaf_38:0-95573
PoolWorker-17,  processing 1822184 (34124.3 per sec) reads @ chr1:8788000-13182000
PoolWorker-17 countReadsInRegions_worker: processing 4394 (80.7 per sec) @ chr1:8788000-13182000
PoolWorker-17,  processing 2403703 (34900.7 per sec) reads @ chr1:21970000-26364000
PoolWorker-17 countReadsInRegions_worker: processing 4394 (62.7 per sec) @ chr1:21970000-26364000
PoolWorker-17,  processing 1806736 (35454.6 per sec) reads @ chr17:13182000-17576000
PoolWorker-17 countReadsInRegions_worker: processing 4394 (84.8 per sec) @ chr17:13182000-17576000
PoolWorker-17,  processing 31248 (32399.2 per sec) reads @ Ascaf_47:0-72017
PoolWorker-17 countReadsInRegions_worker: processing 72 (70.3 per sec) @ Ascaf_47:0-72017
PoolWorker-17,  processing 1874305 (35343.6 per sec) reads @ chr16:13182000-17576000
PoolWorker-17 countReadsInRegions_worker: processing 4394 (81.4 per sec) @ chr16:13182000-17576000
PoolWorker-17,  processing 8268 (37043.0 per sec) reads @ Ascaf_131:0-18319
PoolWorker-17 countReadsInRegions_worker: processing 18 (64.3 per sec) @ Ascaf_131:0-18319
PoolWorker-17,  processing 1910270 (34942.0 per sec) reads @ chr14:13182000-17576000
PoolWorker-17 countReadsInRegions_worker: processing 4394 (78.9 per sec) @ chr14:13182000-17576000
PoolWorker-17,  processing 2030520 (35010.7 per sec) reads @ chr13:4394000-8788000
PoolWorker-17 countReadsInRegions_worker: processing 4394 (74.6 per sec) @ chr13:4394000-8788000
PoolWorker-17,  processing 1991100 (47216.9 per sec) reads @ chr1:0-4394000
PoolWorker-17 countReadsInRegions_worker: processing 4394 (102.9 per sec) @ chr1:0-4394000
PoolWorker-26,  processing 5887 (39018.5 per sec) reads @ Ascaf_146:0-15502
PoolWorker-26 countReadsInRegions_worker: processing 15 (88.0 per sec) @ Ascaf_146:0-15502
PoolWorker-26,  processing 1966325 (33972.4 per sec) reads @ chr16:0-4394000
PoolWorker-26 countReadsInRegions_worker: processing 4394 (74.0 per sec) @ chr16:0-4394000
PoolWorker-26,  processing 87185 (35271.0 per sec) reads @ Ascaf_72:0-46000
PoolWorker-26 countReadsInRegions_worker: processing 46 (18.0 per sec) @ Ascaf_72:0-46000
PoolWorker-26,  processing 1075588 (34367.6 per sec) reads @ chr19:17576000-21970000
PoolWorker-26 countReadsInRegions_worker: processing 4394 (138.0 per sec) @ chr19:17576000-21970000
PoolWorker-26,  processing 57616 (35102.0 per sec) reads @ Ascaf_137:0-17000
PoolWorker-26 countReadsInRegions_worker: processing 17 (10.1 per sec) @ Ascaf_137:0-17000
PoolWorker-26,  processing 5521 (38334.7 per sec) reads @ Ascaf_130:0-18457
PoolWorker-26 countReadsInRegions_worker: processing 18 (95.4 per sec) @ Ascaf_130:0-18457
PoolWorker-26,  processing 1803985 (34389.4 per sec) reads @ chr7:26364000-30758000
PoolWorker-26 countReadsInRegions_worker: processing 4394 (82.2 per sec) @ chr7:26364000-30758000
PoolWorker-26,  processing 8129 (22918.7 per sec) reads @ Ascaf_132:0-17867
PoolWorker-26 countReadsInRegions_worker: processing 17 (42.7 per sec) @ Ascaf_132:0-17867
PoolWorker-26,  processing 19761 (36453.6 per sec) reads @ Ascaf_69:0-44691
PoolWorker-26 countReadsInRegions_worker: processing 44 (75.1 per sec) @ Ascaf_69:0-44691
PoolWorker-26,  processing 1904439 (34900.2 per sec) reads @ chr10:13182000-17576000
PoolWorker-26 countReadsInRegions_worker: processing 4394 (79.0 per sec) @ chr10:13182000-17576000
PoolWorker-26,  processing 1874496 (34902.2 per sec) reads @ chr10:8788000-13182000
PoolWorker-26 countReadsInRegions_worker: processing 4394 (80.6 per sec) @ chr10:8788000-13182000
PoolWorker-26,  processing 1193852 (35476.8 per sec) reads @ chr21:17576000-19873525
PoolWorker-26 countReadsInRegions_worker: processing 2297 (67.2 per sec) @ chr21:17576000-19873525
PoolWorker-26,  processing 3767 (35636.6 per sec) reads @ Ascaf_151:0-13242
PoolWorker-26 countReadsInRegions_worker: processing 13 (92.6 per sec) @ Ascaf_151:0-13242
PoolWorker-26,  processing 1946210 (35051.4 per sec) reads @ chr3:4394000-8788000
PoolWorker-26 countReadsInRegions_worker: processing 4394 (78.2 per sec) @ chr3:4394000-8788000
PoolWorker-26,  processing 1784540 (42865.7 per sec) reads @ chr2:8788000-13182000
PoolWorker-26 countReadsInRegions_worker: processing 4394 (103.6 per sec) @ chr2:8788000-13182000
PoolWorker-28,  processing 400623 (34864.0 per sec) reads @ Ascaf_53:0-64139
PoolWorker-28 countReadsInRegions_worker: processing 64 (5.4 per sec) @ Ascaf_53:0-64139
PoolWorker-28,  processing 2136347 (34789.6 per sec) reads @ chr14:0-4394000
PoolWorker-28 countReadsInRegions_worker: processing 4394 (69.8 per sec) @ chr14:0-4394000
PoolWorker-28,  processing 6072 (33111.9 per sec) reads @ Ascaf_149:0-13452
PoolWorker-28 countReadsInRegions_worker: processing 13 (57.7 per sec) @ Ascaf_149:0-13452
PoolWorker-28,  processing 58273 (37700.8 per sec) reads @ Ascaf_84:0-38148
PoolWorker-28 countReadsInRegions_worker: processing 38 (23.6 per sec) @ Ascaf_84:0-38148
PoolWorker-28,  processing 1867845 (34354.6 per sec) reads @ chr4:0-4394000
PoolWorker-28 countReadsInRegions_worker: processing 4394 (79.1 per sec) @ chr4:0-4394000
PoolWorker-28,  processing 41500 (34503.7 per sec) reads @ Ascaf_55:0-59833
PoolWorker-28 countReadsInRegions_worker: processing 59 (47.1 per sec) @ Ascaf_55:0-59833
PoolWorker-28,  processing 1759759 (34708.5 per sec) reads @ chr5:4394000-8788000
PoolWorker-28 countReadsInRegions_worker: processing 4394 (85.1 per sec) @ chr5:4394000-8788000
PoolWorker-28,  processing 1836076 (34559.9 per sec) reads @ chr21:4394000-8788000
PoolWorker-28 countReadsInRegions_worker: processing 4394 (81.5 per sec) @ chr21:4394000-8788000
PoolWorker-28,  processing 1190354 (34424.8 per sec) reads @ chr3:17576000-20313673
PoolWorker-28 countReadsInRegions_worker: processing 2737 (78.0 per sec) @ chr3:17576000-20313673
PoolWorker-28,  processing 595454 (36621.9 per sec) reads @ Ascaf_89:0-36000
PoolWorker-28 countReadsInRegions_worker: processing 36 (2.2 per sec) @ Ascaf_89:0-36000
PoolWorker-28,  processing 1041969 (33713.4 per sec) reads @ chr9:21970000-24303205
PoolWorker-28 countReadsInRegions_worker: processing 2333 (74.4 per sec) @ chr9:21970000-24303205
PoolWorker-28,  processing 11498 (38224.9 per sec) reads @ Ascaf_95:0-33544
PoolWorker-28 countReadsInRegions_worker: processing 33 (92.6 per sec) @ Ascaf_95:0-33544
PoolWorker-28,  processing 1548 (44748.8 per sec) reads @ Ascaf_158:0-3231
PoolWorker-28 countReadsInRegions_worker: processing 3 (39.6 per sec) @ Ascaf_158:0-3231
PoolWorker-28,  processing 595814 (34885.2 per sec) reads @ chr4:39546000-40647937
PoolWorker-28 countReadsInRegions_worker: processing 1101 (63.3 per sec) @ chr4:39546000-40647937
PoolWorker-28,  processing 542 (67421.3 per sec) reads @ Ascaf_159:0-3139
PoolWorker-28 countReadsInRegions_worker: processing 3 (60.0 per sec) @ Ascaf_159:0-3139
PoolWorker-28,  processing 17574 (34627.8 per sec) reads @ Ascaf_76:0-42514
PoolWorker-28 countReadsInRegions_worker: processing 42 (76.2 per sec) @ Ascaf_76:0-42514
PoolWorker-28,  processing 1814786 (40994.0 per sec) reads @ chr10:4394000-8788000
PoolWorker-28 countReadsInRegions_worker: processing 4394 (98.1 per sec) @ chr10:4394000-8788000
PoolWorker-28,  processing 481856 (61709.5 per sec) reads @ chr14:17576000-18637407
PoolWorker-28 countReadsInRegions_worker: processing 1061 (134.4 per sec) @ chr14:17576000-18637407
PoolWorker-28,  processing 71646 (60876.3 per sec) reads @ Ascaf_110:0-27536
PoolWorker-28 countReadsInRegions_worker: processing 27 (22.5 per sec) @ Ascaf_110:0-27536
PoolWorker-28,  processing 8213 (39973.0 per sec) reads @ Ascaf_136:0-17062
PoolWorker-28 countReadsInRegions_worker: processing 17 (79.1 per sec) @ Ascaf_136:0-17062
PoolWorker-30,  processing 116652 (35722.1 per sec) reads @ Ascaf_57:0-58000
PoolWorker-30 countReadsInRegions_worker: processing 58 (17.3 per sec) @ Ascaf_57:0-58000
PoolWorker-30,  processing 54103 (36805.6 per sec) reads @ Ascaf_105:0-29809
PoolWorker-30 countReadsInRegions_worker: processing 29 (18.9 per sec) @ Ascaf_105:0-29809
PoolWorker-30,  processing 28403 (37541.2 per sec) reads @ Ascaf_142:0-15730
PoolWorker-30 countReadsInRegions_worker: processing 15 (18.7 per sec) @ Ascaf_142:0-15730
PoolWorker-30,  processing 14819 (34994.3 per sec) reads @ Ascaf_85:0-37890
PoolWorker-30 countReadsInRegions_worker: processing 37 (79.4 per sec) @ Ascaf_85:0-37890
PoolWorker-30,  processing 1930516 (34139.7 per sec) reads @ chr17:4394000-8788000
PoolWorker-30 countReadsInRegions_worker: processing 4394 (76.2 per sec) @ chr17:4394000-8788000
PoolWorker-30,  processing 9489 (32517.0 per sec) reads @ Ascaf_60:0-24766
PoolWorker-30 countReadsInRegions_worker: processing 24 (71.4 per sec) @ Ascaf_60:0-24766
PoolWorker-30,  processing 224389 (35718.1 per sec) reads @ Ascaf_96:0-33398
PoolWorker-30 countReadsInRegions_worker: processing 33 (5.2 per sec) @ Ascaf_96:0-33398
PoolWorker-30,  processing 1782733 (35014.0 per sec) reads @ chr9:13182000-17576000
PoolWorker-30 countReadsInRegions_worker: processing 4394 (84.6 per sec) @ chr9:13182000-17576000
PoolWorker-30,  processing 1829846 (35179.7 per sec) reads @ chr13:13182000-17576000
PoolWorker-30 countReadsInRegions_worker: processing 4394 (82.9 per sec) @ chr13:13182000-17576000
PoolWorker-30,  processing 131267 (37214.8 per sec) reads @ Ascaf_50:0-70692
PoolWorker-30 countReadsInRegions_worker: processing 70 (19.3 per sec) @ Ascaf_50:0-70692
PoolWorker-30,  processing 9855 (31905.8 per sec) reads @ Ascaf_103:0-30986
PoolWorker-30 countReadsInRegions_worker: processing 30 (85.6 per sec) @ Ascaf_103:0-30986
PoolWorker-30,  processing 2107341 (34239.0 per sec) reads @ chr13:17576000-21970000
PoolWorker-30 countReadsInRegions_worker: processing 4394 (70.1 per sec) @ chr13:17576000-21970000
PoolWorker-30,  processing 3030 (29851.3 per sec) reads @ Ascaf_155:0-6589
PoolWorker-30 countReadsInRegions_worker: processing 6 (41.8 per sec) @ Ascaf_155:0-6589
PoolWorker-30,  processing 805 (57161.5 per sec) reads @ Ascaf_164:0-1000
PoolWorker-30 countReadsInRegions_worker: processing 1 (18.3 per sec) @ Ascaf_164:0-1000
PoolWorker-30,  processing 1859131 (34583.3 per sec) reads @ chr20:13182000-17576000
PoolWorker-30 countReadsInRegions_worker: processing 4394 (80.2 per sec) @ chr20:13182000-17576000
PoolWorker-30,  processing 96621 (36101.4 per sec) reads @ chr16:21970000-22188971
PoolWorker-30 countReadsInRegions_worker: processing 218 (78.8 per sec) @ chr16:21970000-22188971
PoolWorker-30,  processing 36219 (35328.8 per sec) reads @ Ascaf_46:0-73387
PoolWorker-30 countReadsInRegions_worker: processing 73 (67.3 per sec) @ Ascaf_46:0-73387
PoolWorker-30,  processing 1870359 (35298.9 per sec) reads @ chr7:13182000-17576000
PoolWorker-30 countReadsInRegions_worker: processing 4394 (81.3 per sec) @ chr7:13182000-17576000
PoolWorker-30,  processing 1837822 (45996.7 per sec) reads @ chr20:17576000-21970000
PoolWorker-30 countReadsInRegions_worker: processing 4394 (108.7 per sec) @ chr20:17576000-21970000
PoolWorker-30,  processing 51733 (79444.2 per sec) reads @ Ascaf_106:0-29590
PoolWorker-30 countReadsInRegions_worker: processing 29 (43.4 per sec) @ Ascaf_106:0-29590
PoolWorker-23,  processing 1904207 (34318.6 per sec) reads @ chr15:13182000-17576000
PoolWorker-23 countReadsInRegions_worker: processing 4394 (77.3 per sec) @ chr15:13182000-17576000
PoolWorker-23,  processing 16534 (37050.1 per sec) reads @ Ascaf_87:0-36937
PoolWorker-23 countReadsInRegions_worker: processing 36 (73.2 per sec) @ Ascaf_87:0-36937
PoolWorker-23,  processing 888603 (35771.5 per sec) reads @ chr11:17576000-19299255
PoolWorker-23 countReadsInRegions_worker: processing 1723 (68.2 per sec) @ chr11:17576000-19299255
PoolWorker-23,  processing 1941490 (34498.8 per sec) reads @ chr16:17576000-21970000
PoolWorker-23 countReadsInRegions_worker: processing 4394 (76.8 per sec) @ chr16:17576000-21970000
PoolWorker-23,  processing 527410 (37069.0 per sec) reads @ Ascaf_25:0-178627
PoolWorker-23 countReadsInRegions_worker: processing 178 (12.3 per sec) @ Ascaf_25:0-178627
PoolWorker-23,  processing 12301 (28495.2 per sec) reads @ Ascaf_108:0-29345
PoolWorker-23 countReadsInRegions_worker: processing 29 (61.1 per sec) @ Ascaf_108:0-29345
PoolWorker-23,  processing 122933 (36734.8 per sec) reads @ Ascaf_90:0-35566
PoolWorker-23 countReadsInRegions_worker: processing 35 (10.2 per sec) @ Ascaf_90:0-35566
PoolWorker-23,  processing 2145974 (35559.2 per sec) reads @ chr6:0-4394000
PoolWorker-23 countReadsInRegions_worker: processing 4394 (71.5 per sec) @ chr6:0-4394000
PoolWorker-23,  processing 87821 (35489.8 per sec) reads @ Ascaf_41:0-90399
PoolWorker-23 countReadsInRegions_worker: processing 90 (35.4 per sec) @ Ascaf_41:0-90399
PoolWorker-23,  processing 6521 (39461.9 per sec) reads @ Ascaf_141:0-15738
PoolWorker-23 countReadsInRegions_worker: processing 15 (71.9 per sec) @ Ascaf_141:0-15738
PoolWorker-23,  processing 1907006 (35924.8 per sec) reads @ chr4:30758000-35152000
PoolWorker-23 countReadsInRegions_worker: processing 4394 (81.3 per sec) @ chr4:30758000-35152000
PoolWorker-23,  processing 1368949 (36116.1 per sec) reads @ chr15:17576000-20219940
PoolWorker-23 countReadsInRegions_worker: processing 2643 (68.6 per sec) @ chr15:17576000-20219940
PoolWorker-23,  processing 1879210 (36135.7 per sec) reads @ chr11:4394000-8788000
PoolWorker-23 countReadsInRegions_worker: processing 4394 (83.8 per sec) @ chr11:4394000-8788000
PoolWorker-23,  processing 1901815 (55944.3 per sec) reads @ chr7:0-4394000
PoolWorker-23 countReadsInRegions_worker: processing 4394 (127.6 per sec) @ chr7:0-4394000
PoolWorker-23,  processing 23166 (61347.9 per sec) reads @ Ascaf_59:0-57475
PoolWorker-23 countReadsInRegions_worker: processing 57 (146.6 per sec) @ Ascaf_59:0-57475
PoolWorker-31,  processing 1963011 (34640.8 per sec) reads @ chr9:0-4394000
PoolWorker-31 countReadsInRegions_worker: processing 4394 (75.7 per sec) @ chr9:0-4394000
PoolWorker-31,  processing 2035451 (34662.5 per sec) reads @ chr3:0-4394000
PoolWorker-31 countReadsInRegions_worker: processing 4394 (73.3 per sec) @ chr3:0-4394000
PoolWorker-31,  processing 10045 (27874.1 per sec) reads @ Ascaf_126:0-19574
PoolWorker-31 countReadsInRegions_worker: processing 19 (47.6 per sec) @ Ascaf_126:0-19574
PoolWorker-31,  processing 1518913 (35025.5 per sec) reads @ chr17:21970000-23682274
PoolWorker-31 countReadsInRegions_worker: processing 1712 (38.8 per sec) @ chr17:21970000-23682274
PoolWorker-31,  processing 2687 (14021.2 per sec) reads @ Ascaf_156:0-5652
PoolWorker-31 countReadsInRegions_worker: processing 5 (21.6 per sec) @ Ascaf_156:0-5652
PoolWorker-31,  processing 384165 (36851.8 per sec) reads @ Ascaf_43:0-83995
PoolWorker-31 countReadsInRegions_worker: processing 83 (7.8 per sec) @ Ascaf_43:0-83995
PoolWorker-31,  processing 9908 (37471.0 per sec) reads @ Ascaf_123:0-20153
PoolWorker-31 countReadsInRegions_worker: processing 20 (65.3 per sec) @ Ascaf_123:0-20153
PoolWorker-31,  processing 27314 (35412.3 per sec) reads @ Ascaf_71:0-32519
PoolWorker-31 countReadsInRegions_worker: processing 32 (39.1 per sec) @ Ascaf_71:0-32519
PoolWorker-31,  processing 1852540 (35167.4 per sec) reads @ chr1:13182000-17576000
PoolWorker-31 countReadsInRegions_worker: processing 4394 (82.2 per sec) @ chr1:13182000-17576000
PoolWorker-31,  processing 531429 (36964.7 per sec) reads @ Ascaf_45:0-74461
PoolWorker-31 countReadsInRegions_worker: processing 74 (5.1 per sec) @ Ascaf_45:0-74461
PoolWorker-31,  processing 1838679 (35299.1 per sec) reads @ chr12:8788000-13182000
PoolWorker-31 countReadsInRegions_worker: processing 4394 (82.7 per sec) @ chr12:8788000-13182000
PoolWorker-31,  processing 6404 (39674.1 per sec) reads @ Ascaf_144:0-15519
PoolWorker-31 countReadsInRegions_worker: processing 15 (74.0 per sec) @ Ascaf_144:0-15519
PoolWorker-31,  processing 20537 (32382.0 per sec) reads @ Ascaf_70:0-46916
PoolWorker-31 countReadsInRegions_worker: processing 46 (67.5 per sec) @ Ascaf_70:0-46916
PoolWorker-31,  processing 1865346 (35026.1 per sec) reads @ chr18:4394000-8788000
PoolWorker-31 countReadsInRegions_worker: processing 4394 (81.2 per sec) @ chr18:4394000-8788000
PoolWorker-31,  processing 4533362 (58867.6 per sec) reads @ chr19:0-4394000
PoolWorker-31 countReadsInRegions_worker: processing 4394 (56.4 per sec) @ chr19:0-4394000
PoolWorker-25,  processing 5945 (68351.4 per sec) reads @ Ascaf_147:0-15099
PoolWorker-25 countReadsInRegions_worker: processing 15 (119.5 per sec) @ Ascaf_147:0-15099
PoolWorker-25,  processing 1540095 (33455.6 per sec) reads @ chr6:17576000-21248438
PoolWorker-25 countReadsInRegions_worker: processing 3672 (77.8 per sec) @ chr6:17576000-21248438
PoolWorker-25,  processing 29639 (32729.3 per sec) reads @ Ascaf_63:0-51776
PoolWorker-25 countReadsInRegions_worker: processing 51 (53.0 per sec) @ Ascaf_63:0-51776
PoolWorker-25,  processing 1832659 (35413.1 per sec) reads @ chr16:8788000-13182000
PoolWorker-25 countReadsInRegions_worker: processing 4394 (83.3 per sec) @ chr16:8788000-13182000
PoolWorker-25,  processing 2040143 (35322.0 per sec) reads @ chr2:21970000-26364000
PoolWorker-25 countReadsInRegions_worker: processing 4394 (74.8 per sec) @ chr2:21970000-26364000
PoolWorker-25,  processing 1871357 (35577.4 per sec) reads @ chr4:8788000-13182000
PoolWorker-25 countReadsInRegions_worker: processing 4394 (81.9 per sec) @ chr4:8788000-13182000
PoolWorker-25,  processing 1905448 (35146.9 per sec) reads @ chr17:0-4394000
PoolWorker-25 countReadsInRegions_worker: processing 4394 (79.5 per sec) @ chr17:0-4394000
PoolWorker-25,  processing 13440 (27216.1 per sec) reads @ Ascaf_99:0-33167
PoolWorker-25 countReadsInRegions_worker: processing 33 (61.9 per sec) @ Ascaf_99:0-33167
PoolWorker-25,  processing 72331 (36962.3 per sec) reads @ Ascaf_114:0-24031
PoolWorker-25 countReadsInRegions_worker: processing 24 (11.9 per sec) @ Ascaf_114:0-24031
PoolWorker-25,  processing 1741635 (35012.7 per sec) reads @ chr21:0-4394000
PoolWorker-25 countReadsInRegions_worker: processing 4394 (86.8 per sec) @ chr21:0-4394000
PoolWorker-25,  processing 14810 (34661.3 per sec) reads @ Ascaf_86:0-37568
PoolWorker-25 countReadsInRegions_worker: processing 37 (77.3 per sec) @ Ascaf_86:0-37568
PoolWorker-25,  processing 1817645 (38199.6 per sec) reads @ chr7:8788000-13182000
PoolWorker-25 countReadsInRegions_worker: processing 4394 (91.2 per sec) @ chr7:8788000-13182000
PoolWorker-25,  processing 1920064 (62289.4 per sec) reads @ chr16:4394000-8788000
PoolWorker-25 countReadsInRegions_worker: processing 4394 (140.4 per sec) @ chr16:4394000-8788000
PoolWorker-25,  processing 787492 (81381.9 per sec) reads @ chr20:21970000-22998664
PoolWorker-25 countReadsInRegions_worker: processing 1028 (104.6 per sec) @ chr20:21970000-22998664
PoolWorker-25,  processing 1815461 (80227.4 per sec) reads @ chr13:8788000-13182000
PoolWorker-25 countReadsInRegions_worker: processing 4394 (190.6 per sec) @ chr13:8788000-13182000
PoolWorker-27,  processing 2093172 (33368.2 per sec) reads @ chr12:0-4394000
PoolWorker-27 countReadsInRegions_worker: processing 4394 (68.5 per sec) @ chr12:0-4394000
PoolWorker-27,  processing 1419709 (34557.3 per sec) reads @ chr7:30758000-33914388
PoolWorker-27 countReadsInRegions_worker: processing 3156 (75.1 per sec) @ chr7:30758000-33914388
PoolWorker-27,  processing 97051 (34855.1 per sec) reads @ Ascaf_107:0-29490
PoolWorker-27 countReadsInRegions_worker: processing 29 (10.1 per sec) @ Ascaf_107:0-29490
PoolWorker-27,  processing 120831 (36328.1 per sec) reads @ Ascaf_124:0-19772
PoolWorker-27 countReadsInRegions_worker: processing 19 (5.6 per sec) @ Ascaf_124:0-19772
PoolWorker-27,  processing 41503 (35512.8 per sec) reads @ Ascaf_40:0-90738
PoolWorker-27 countReadsInRegions_worker: processing 90 (73.0 per sec) @ Ascaf_40:0-90738
PoolWorker-27,  processing 24946 (37144.0 per sec) reads @ Ascaf_61:0-54508
PoolWorker-27 countReadsInRegions_worker: processing 54 (74.2 per sec) @ Ascaf_61:0-54508
PoolWorker-27,  processing 23886 (34832.2 per sec) reads @ Ascaf_62:0-52951
PoolWorker-27 countReadsInRegions_worker: processing 52 (70.8 per sec) @ Ascaf_62:0-52951
PoolWorker-27,  processing 1858540 (34888.5 per sec) reads @ chr3:8788000-13182000
PoolWorker-27 countReadsInRegions_worker: processing 4394 (81.1 per sec) @ chr3:8788000-13182000
PoolWorker-27,  processing 12441 (29066.2 per sec) reads @ Ascaf_104:0-29894
PoolWorker-27 countReadsInRegions_worker: processing 29 (61.8 per sec) @ Ascaf_104:0-29894
PoolWorker-27,  processing 1848537 (34891.4 per sec) reads @ chr18:13182000-17576000
PoolWorker-27 countReadsInRegions_worker: processing 4394 (81.6 per sec) @ chr18:13182000-17576000
PoolWorker-27,  processing 225384 (37217.6 per sec) reads @ Ascaf_26:0-156806
PoolWorker-27 countReadsInRegions_worker: processing 156 (25.3 per sec) @ Ascaf_26:0-156806
PoolWorker-27,  processing 167435 (35808.0 per sec) reads @ Ascaf_39:0-92659
PoolWorker-27 countReadsInRegions_worker: processing 92 (19.3 per sec) @ Ascaf_39:0-92659
PoolWorker-27,  processing 17003 (38367.2 per sec) reads @ Ascaf_78:0-41577
PoolWorker-27 countReadsInRegions_worker: processing 41 (84.0 per sec) @ Ascaf_78:0-41577
PoolWorker-27,  processing 6125 (25027.5 per sec) reads @ Ascaf_148:0-14976
PoolWorker-27 countReadsInRegions_worker: processing 14 (48.6 per sec) @ Ascaf_148:0-14976
PoolWorker-27,  processing 883 (65944.4 per sec) reads @ Ascaf_157:0-3527
PoolWorker-27 countReadsInRegions_worker: processing 3 (45.2 per sec) @ Ascaf_157:0-3527
PoolWorker-27,  processing 4214 (38912.2 per sec) reads @ Ascaf_153:0-10046
PoolWorker-27 countReadsInRegions_worker: processing 10 (67.8 per sec) @ Ascaf_153:0-10046
PoolWorker-27,  processing 43172 (33311.7 per sec) reads @ Ascaf_92:0-34608
PoolWorker-27 countReadsInRegions_worker: processing 34 (25.2 per sec) @ Ascaf_92:0-34608
PoolWorker-27,  processing 1838642 (35468.5 per sec) reads @ chr14:4394000-8788000
PoolWorker-27 countReadsInRegions_worker: processing 4394 (83.1 per sec) @ chr14:4394000-8788000
PoolWorker-27,  processing 24949 (29607.6 per sec) reads @ Ascaf_58:0-57612
PoolWorker-27 countReadsInRegions_worker: processing 57 (64.8 per sec) @ Ascaf_58:0-57612
PoolWorker-27,  processing 12107 (34161.9 per sec) reads @ Ascaf_109:0-28244
PoolWorker-27 countReadsInRegions_worker: processing 28 (71.4 per sec) @ Ascaf_109:0-28244
PoolWorker-27,  processing 1906710 (34512.8 per sec) reads @ chr11:0-4394000
PoolWorker-27 countReadsInRegions_worker: processing 4394 (78.2 per sec) @ chr11:0-4394000
PoolWorker-27,  processing 1861417 (43585.0 per sec) reads @ chr11:8788000-13182000
PoolWorker-27 countReadsInRegions_worker: processing 4394 (101.7 per sec) @ chr11:8788000-13182000
PoolWorker-27,  processing 1918158 (73257.1 per sec) reads @ chr9:17576000-21970000
PoolWorker-27 countReadsInRegions_worker: processing 4394 (165.6 per sec) @ chr9:17576000-21970000
PoolWorker-27,  processing 23438 (84678.2 per sec) reads @ Ascaf_111:0-25158
PoolWorker-27 countReadsInRegions_worker: processing 25 (87.1 per sec) @ Ascaf_111:0-25158
PoolWorker-27,  processing 1992711 (81850.3 per sec) reads @ chr1:17576000-21970000
PoolWorker-27 countReadsInRegions_worker: processing 4394 (177.6 per sec) @ chr1:17576000-21970000
PoolWorker-21,  processing 617560 (33739.2 per sec) reads @ chr5:17576000-18670498
PoolWorker-21 countReadsInRegions_worker: processing 1094 (58.5 per sec) @ chr5:17576000-18670498
PoolWorker-21,  processing 70707 (36153.1 per sec) reads @ Ascaf_37:0-98231
PoolWorker-21 countReadsInRegions_worker: processing 98 (48.5 per sec) @ Ascaf_37:0-98231
PoolWorker-21,  processing 1827219 (34140.8 per sec) reads @ chr6:8788000-13182000
PoolWorker-21 countReadsInRegions_worker: processing 4394 (80.6 per sec) @ chr6:8788000-13182000
PoolWorker-21,  processing 11508 (38332.3 per sec) reads @ Ascaf_161:0-1000
PoolWorker-21 countReadsInRegions_worker: processing 1 (2.9 per sec) @ Ascaf_161:0-1000
PoolWorker-21,  processing 264782 (37218.1 per sec) reads @ Ascaf_74:0-44000
PoolWorker-21 countReadsInRegions_worker: processing 44 (6.1 per sec) @ Ascaf_74:0-44000
PoolWorker-21,  processing 20252 (35377.1 per sec) reads @ Ascaf_68:0-47437
PoolWorker-21 countReadsInRegions_worker: processing 47 (76.1 per sec) @ Ascaf_68:0-47437
PoolWorker-21,  processing 1984112 (34276.6 per sec) reads @ chr20:4394000-8788000
PoolWorker-21 countReadsInRegions_worker: processing 4394 (74.8 per sec) @ chr20:4394000-8788000
PoolWorker-21,  processing 733164 (35669.7 per sec) reads @ chr8:21970000-23122080
PoolWorker-21 countReadsInRegions_worker: processing 1152 (55.1 per sec) @ chr8:21970000-23122080
PoolWorker-21,  processing 289071 (35353.3 per sec) reads @ Ascaf_22:0-446888
PoolWorker-21 countReadsInRegions_worker: processing 446 (53.5 per sec) @ Ascaf_22:0-446888
PoolWorker-21,  processing 29856 (30421.8 per sec) reads @ Ascaf_49:0-70996
PoolWorker-21 countReadsInRegions_worker: processing 70 (68.2 per sec) @ Ascaf_49:0-70996
PoolWorker-21,  processing 10176 (30043.4 per sec) reads @ Ascaf_112:0-24428
PoolWorker-21 countReadsInRegions_worker: processing 24 (63.0 per sec) @ Ascaf_112:0-24428
PoolWorker-21,  processing 1900722 (34568.8 per sec) reads @ chr6:4394000-8788000
PoolWorker-21 countReadsInRegions_worker: processing 4394 (78.5 per sec) @ chr6:4394000-8788000
PoolWorker-21,  processing 77745 (34383.4 per sec) reads @ Ascaf_129:0-19000
PoolWorker-21 countReadsInRegions_worker: processing 19 (8.2 per sec) @ Ascaf_129:0-19000
PoolWorker-21,  processing 2338089 (35017.9 per sec) reads @ chr7:17576000-21970000
PoolWorker-21 countReadsInRegions_worker: processing 4394 (64.7 per sec) @ chr7:17576000-21970000
PoolWorker-21,  processing 1614197 (34759.7 per sec) reads @ chr1:30758000-33917795
PoolWorker-21 countReadsInRegions_worker: processing 3159 (67.0 per sec) @ chr1:30758000-33917795
PoolWorker-21,  processing 2106942 (44185.6 per sec) reads @ chr4:17576000-21970000
PoolWorker-21 countReadsInRegions_worker: processing 4394 (91.1 per sec) @ chr4:17576000-21970000
PoolWorker-21,  processing 10282 (75409.4 per sec) reads @ Ascaf_122:0-20728
PoolWorker-21 countReadsInRegions_worker: processing 20 (137.3 per sec) @ Ascaf_122:0-20728
PoolWorker-21,  processing 1902371 (77631.4 per sec) reads @ chr8:17576000-21970000
PoolWorker-21 countReadsInRegions_worker: processing 4394 (176.1 per sec) @ chr8:17576000-21970000
PoolWorker-21,  processing 1902705 (79406.6 per sec) reads @ chr2:0-4394000
PoolWorker-21 countReadsInRegions_worker: processing 4394 (180.3 per sec) @ chr2:0-4394000
output file: /storage/scratch/iee/dj20y461/Stickleback/Y_comp/Sex_chrom_stats/Read_depths/Gw/depths/Gw6a_M.1kb.RPKM.depth
