genome partition size for multiprocessing: 1000000
using 16 processors for 657 number of tasks
Final scaling factor: 0.00654490002345
PoolWorker-17,  processing 3008 (68252.1 per sec) reads @ Ascaf_143:0-15560
PoolWorker-17 countReadsInRegions_worker: processing 15 (277.1 per sec) @ Ascaf_143:0-15560
PoolWorker-17,  processing 209486 (39090.0 per sec) reads @ Ascaf_98:0-33222
PoolWorker-17 countReadsInRegions_worker: processing 33 (6.0 per sec) @ Ascaf_98:0-33222
PoolWorker-17,  processing 110633 (36197.7 per sec) reads @ Ascaf_38:0-95573
PoolWorker-17 countReadsInRegions_worker: processing 95 (30.1 per sec) @ Ascaf_38:0-95573
PoolWorker-17,  processing 1406815 (34292.7 per sec) reads @ chr4:5000000-10000000
PoolWorker-17 countReadsInRegions_worker: processing 5000 (119.4 per sec) @ chr4:5000000-10000000
PoolWorker-17,  processing 5113 (36999.5 per sec) reads @ Ascaf_167:0-25000
PoolWorker-17 countReadsInRegions_worker: processing 25 (130.3 per sec) @ Ascaf_167:0-25000
PoolWorker-17,  processing 59030 (37017.1 per sec) reads @ Ascaf_110:0-27536
PoolWorker-17 countReadsInRegions_worker: processing 27 (16.3 per sec) @ Ascaf_110:0-27536
PoolWorker-17,  processing 28515 (30461.1 per sec) reads @ Ascaf_40:0-90738
PoolWorker-17 countReadsInRegions_worker: processing 90 (91.8 per sec) @ Ascaf_40:0-90738
PoolWorker-17,  processing 10886 (38883.2 per sec) reads @ Ascaf_83:0-38959
PoolWorker-17 countReadsInRegions_worker: processing 38 (117.2 per sec) @ Ascaf_83:0-38959
PoolWorker-17,  processing 12793 (37081.7 per sec) reads @ Ascaf_68:0-47437
PoolWorker-17 countReadsInRegions_worker: processing 47 (116.6 per sec) @ Ascaf_68:0-47437
PoolWorker-17,  processing 1476469 (34482.2 per sec) reads @ chr21:10000000-15000000
PoolWorker-17 countReadsInRegions_worker: processing 5000 (114.7 per sec) @ chr21:10000000-15000000
PoolWorker-17,  processing 7619 (35165.3 per sec) reads @ Ascaf_108:0-29345
PoolWorker-17 countReadsInRegions_worker: processing 29 (112.0 per sec) @ Ascaf_108:0-29345
PoolWorker-17,  processing 14022 (39773.8 per sec) reads @ Ascaf_105:0-29809
PoolWorker-17 countReadsInRegions_worker: processing 29 (73.3 per sec) @ Ascaf_105:0-29809
PoolWorker-17,  processing 1418264 (34864.2 per sec) reads @ chr11:5000000-10000000
PoolWorker-17 countReadsInRegions_worker: processing 5000 (120.5 per sec) @ chr11:5000000-10000000
PoolWorker-17,  processing 21243 (34977.6 per sec) reads @ Ascaf_49:0-70996
PoolWorker-17 countReadsInRegions_worker: processing 70 (107.1 per sec) @ Ascaf_49:0-70996
PoolWorker-17,  processing 1422510 (35181.7 per sec) reads @ chr6:5000000-10000000
PoolWorker-17 countReadsInRegions_worker: processing 5000 (121.4 per sec) @ chr6:5000000-10000000
PoolWorker-17,  processing 4803 (35533.5 per sec) reads @ Ascaf_136:0-17062
PoolWorker-17 countReadsInRegions_worker: processing 17 (95.1 per sec) @ Ascaf_136:0-17062
PoolWorker-17,  processing 29661 (36644.8 per sec) reads @ Ascaf_52:0-64568
PoolWorker-17 countReadsInRegions_worker: processing 64 (74.9 per sec) @ Ascaf_52:0-64568
PoolWorker-17,  processing 4375 (38781.3 per sec) reads @ Ascaf_138:0-16696
PoolWorker-17 countReadsInRegions_worker: processing 16 (104.1 per sec) @ Ascaf_138:0-16696
PoolWorker-17,  processing 23753 (35889.1 per sec) reads @ Ascaf_46:0-73387
PoolWorker-17 countReadsInRegions_worker: processing 73 (101.3 per sec) @ Ascaf_46:0-73387
PoolWorker-17,  processing 1896343 (35200.2 per sec) reads @ chr4:20000000-25000000
PoolWorker-17 countReadsInRegions_worker: processing 5000 (91.1 per sec) @ chr4:20000000-25000000
PoolWorker-23,  processing 8139 (32428.6 per sec) reads @ Ascaf_67:0-40269
PoolWorker-23 countReadsInRegions_worker: processing 40 (152.5 per sec) @ Ascaf_67:0-40269
PoolWorker-23,  processing 20887 (37863.5 per sec) reads @ Ascaf_44:0-77777
PoolWorker-23 countReadsInRegions_worker: processing 77 (129.0 per sec) @ Ascaf_44:0-77777
PoolWorker-23,  processing 861047 (33028.9 per sec) reads @ chr19:5000000-10000000
PoolWorker-23 countReadsInRegions_worker: processing 5000 (188.0 per sec) @ chr19:5000000-10000000
PoolWorker-23,  processing 1384959 (34427.9 per sec) reads @ chr17:15000000-20000000
PoolWorker-23 countReadsInRegions_worker: processing 5000 (122.0 per sec) @ chr17:15000000-20000000
PoolWorker-23,  processing 74461 (36237.5 per sec) reads @ Ascaf_35:0-99371
PoolWorker-23 countReadsInRegions_worker: processing 99 (46.8 per sec) @ Ascaf_35:0-99371
PoolWorker-23,  processing 1040118 (34326.3 per sec) reads @ chr7:30000000-33914388
PoolWorker-23 countReadsInRegions_worker: processing 3914 (126.9 per sec) @ chr7:30000000-33914388
PoolWorker-23,  processing 1534172 (34798.8 per sec) reads @ chr16:0-5000000
PoolWorker-23 countReadsInRegions_worker: processing 5000 (111.6 per sec) @ chr16:0-5000000
PoolWorker-23,  processing 112369 (33834.8 per sec) reads @ Ascaf_32:0-110405
PoolWorker-23 countReadsInRegions_worker: processing 110 (32.4 per sec) @ Ascaf_32:0-110405
PoolWorker-23,  processing 1449518 (34587.6 per sec) reads @ chr9:5000000-10000000
PoolWorker-23 countReadsInRegions_worker: processing 5000 (117.3 per sec) @ chr9:5000000-10000000
PoolWorker-23,  processing 5813 (35898.2 per sec) reads @ Ascaf_123:0-20153
PoolWorker-23 countReadsInRegions_worker: processing 20 (97.3 per sec) @ Ascaf_123:0-20153
PoolWorker-23,  processing 1501466 (35019.9 per sec) reads @ chr9:0-5000000
PoolWorker-23 countReadsInRegions_worker: processing 5000 (114.8 per sec) @ chr9:0-5000000
PoolWorker-23,  processing 183302 (37522.0 per sec) reads @ Ascaf_22:0-446888
PoolWorker-23 countReadsInRegions_worker: processing 446 (89.4 per sec) @ Ascaf_22:0-446888
PoolWorker-30,  processing 18774 (29183.3 per sec) reads @ Ascaf_142:0-15730
PoolWorker-30 countReadsInRegions_worker: processing 15 (22.1 per sec) @ Ascaf_142:0-15730
PoolWorker-30,  processing 251710 (35755.2 per sec) reads @ Ascaf_89:0-36000
PoolWorker-30 countReadsInRegions_worker: processing 36 (4.9 per sec) @ Ascaf_89:0-36000
PoolWorker-30,  processing 2493 (29806.7 per sec) reads @ Ascaf_140:0-15786
PoolWorker-30 countReadsInRegions_worker: processing 15 (103.0 per sec) @ Ascaf_140:0-15786
PoolWorker-30,  processing 1338546 (33902.6 per sec) reads @ chr21:0-5000000
PoolWorker-30 countReadsInRegions_worker: processing 5000 (124.0 per sec) @ chr21:0-5000000
PoolWorker-30,  processing 2422 (39009.9 per sec) reads @ Ascaf_115:0-24004
PoolWorker-30 countReadsInRegions_worker: processing 24 (233.8 per sec) @ Ascaf_115:0-24004
PoolWorker-30,  processing 199943 (35497.6 per sec) reads @ chr15:20000000-20219940
PoolWorker-30 countReadsInRegions_worker: processing 219 (38.1 per sec) @ chr15:20000000-20219940
PoolWorker-30,  processing 1462075 (34620.4 per sec) reads @ chr13:5000000-10000000
PoolWorker-30 countReadsInRegions_worker: processing 5000 (116.3 per sec) @ chr13:5000000-10000000
PoolWorker-30,  processing 431 (67787.0 per sec) reads @ Ascaf_159:0-3139
PoolWorker-30 countReadsInRegions_worker: processing 3 (61.1 per sec) @ Ascaf_159:0-3139
PoolWorker-30,  processing 10588 (35481.5 per sec) reads @ Ascaf_76:0-42514
PoolWorker-30 countReadsInRegions_worker: processing 42 (124.1 per sec) @ Ascaf_76:0-42514
PoolWorker-30,  processing 1458495 (35167.6 per sec) reads @ chr4:10000000-15000000
PoolWorker-30 countReadsInRegions_worker: processing 5000 (118.1 per sec) @ chr4:10000000-15000000
PoolWorker-30,  processing 168559 (35406.7 per sec) reads @ Ascaf_39:0-92659
PoolWorker-30 countReadsInRegions_worker: processing 92 (18.9 per sec) @ Ascaf_39:0-92659
PoolWorker-30,  processing 10963 (36442.5 per sec) reads @ Ascaf_77:0-41997
PoolWorker-30 countReadsInRegions_worker: processing 41 (115.2 per sec) @ Ascaf_77:0-41997
PoolWorker-30,  processing 11419 (37377.2 per sec) reads @ Ascaf_80:0-41014
PoolWorker-30 countReadsInRegions_worker: processing 41 (117.8 per sec) @ Ascaf_80:0-41014
PoolWorker-30,  processing 227468 (37452.9 per sec) reads @ Ascaf_45:0-74461
PoolWorker-30 countReadsInRegions_worker: processing 74 (11.9 per sec) @ Ascaf_45:0-74461
PoolWorker-30,  processing 1698733 (34742.4 per sec) reads @ chr7:20000000-25000000
PoolWorker-30 countReadsInRegions_worker: processing 5000 (100.5 per sec) @ chr7:20000000-25000000
PoolWorker-30,  processing 1475319 (35425.2 per sec) reads @ chr13:15000000-20000000
PoolWorker-30 countReadsInRegions_worker: processing 5000 (119.1 per sec) @ chr13:15000000-20000000
PoolWorker-28,  processing 11280 (41439.8 per sec) reads @ Ascaf_87:0-36937
PoolWorker-28 countReadsInRegions_worker: processing 36 (117.0 per sec) @ Ascaf_87:0-36937
PoolWorker-28,  processing 101073 (36609.3 per sec) reads @ Ascaf_28:0-145740
PoolWorker-28 countReadsInRegions_worker: processing 145 (50.3 per sec) @ Ascaf_28:0-145740
PoolWorker-28,  processing 1403678 (33731.3 per sec) reads @ chr16:10000000-15000000
PoolWorker-28 countReadsInRegions_worker: processing 5000 (117.2 per sec) @ chr16:10000000-15000000
PoolWorker-28,  processing 4523 (39947.4 per sec) reads @ Ascaf_135:0-17087
PoolWorker-28 countReadsInRegions_worker: processing 17 (106.9 per sec) @ Ascaf_135:0-17087
PoolWorker-28,  processing 938312 (33691.8 per sec) reads @ chr18:15000000-18483836
PoolWorker-28 countReadsInRegions_worker: processing 3483 (122.6 per sec) @ chr18:15000000-18483836
PoolWorker-28,  processing 1406254 (34732.4 per sec) reads @ chr2:10000000-15000000
PoolWorker-28 countReadsInRegions_worker: processing 5000 (121.2 per sec) @ chr2:10000000-15000000
PoolWorker-28,  processing 10474 (35298.6 per sec) reads @ Ascaf_63:0-51776
PoolWorker-28 countReadsInRegions_worker: processing 51 (149.6 per sec) @ Ascaf_63:0-51776
PoolWorker-28,  processing 3699 (39963.7 per sec) reads @ Ascaf_147:0-15099
PoolWorker-28 countReadsInRegions_worker: processing 15 (111.0 per sec) @ Ascaf_147:0-15099
PoolWorker-28,  processing 1414775 (34858.7 per sec) reads @ chr12:15000000-20000000
PoolWorker-28 countReadsInRegions_worker: processing 5000 (121.1 per sec) @ chr12:15000000-20000000
PoolWorker-28,  processing 2878 (35514.2 per sec) reads @ Ascaf_116:0-22916
PoolWorker-28 countReadsInRegions_worker: processing 22 (177.0 per sec) @ Ascaf_116:0-22916
PoolWorker-28,  processing 457 (17575.6 per sec) reads @ Ascaf_162:0-1000
PoolWorker-28 countReadsInRegions_worker: processing 1 (15.1 per sec) @ Ascaf_162:0-1000
PoolWorker-28,  processing 1439565 (34617.7 per sec) reads @ chr11:10000000-15000000
PoolWorker-28 countReadsInRegions_worker: processing 5000 (118.4 per sec) @ chr11:10000000-15000000
PoolWorker-28,  processing 12662 (36959.4 per sec) reads @ Ascaf_161:0-1000
PoolWorker-28 countReadsInRegions_worker: processing 1 (2.6 per sec) @ Ascaf_161:0-1000
PoolWorker-28,  processing 1500395 (35468.1 per sec) reads @ chr15:15000000-20000000
PoolWorker-28 countReadsInRegions_worker: processing 5000 (116.1 per sec) @ chr15:15000000-20000000
PoolWorker-28,  processing 2551 (40600.9 per sec) reads @ Ascaf_151:0-13242
PoolWorker-28 countReadsInRegions_worker: processing 13 (122.5 per sec) @ Ascaf_151:0-13242
PoolWorker-28,  processing 9181 (25405.5 per sec) reads @ Ascaf_91:0-34837
PoolWorker-28 countReadsInRegions_worker: processing 34 (84.1 per sec) @ Ascaf_91:0-34837
PoolWorker-20,  processing 7578 (33241.2 per sec) reads @ Ascaf_95:0-33544
PoolWorker-20 countReadsInRegions_worker: processing 33 (129.5 per sec) @ Ascaf_95:0-33544
PoolWorker-20,  processing 31331 (38912.4 per sec) reads @ Ascaf_90:0-35566
PoolWorker-20 countReadsInRegions_worker: processing 35 (36.0 per sec) @ Ascaf_90:0-35566
PoolWorker-20,  processing 18996 (37660.7 per sec) reads @ Ascaf_47:0-72017
PoolWorker-20 countReadsInRegions_worker: processing 72 (123.6 per sec) @ Ascaf_47:0-72017
PoolWorker-20,  processing 1393944 (33324.1 per sec) reads @ chr14:10000000-15000000
PoolWorker-20 countReadsInRegions_worker: processing 5000 (116.8 per sec) @ chr14:10000000-15000000
PoolWorker-20,  processing 1366369 (35454.2 per sec) reads @ chr7:25000000-30000000
PoolWorker-20 countReadsInRegions_worker: processing 5000 (127.0 per sec) @ chr7:25000000-30000000
PoolWorker-20,  processing 1368029 (33624.9 per sec) reads @ chr10:0-5000000
PoolWorker-20 countReadsInRegions_worker: processing 5000 (120.8 per sec) @ chr10:0-5000000
PoolWorker-20,  processing 8786 (26594.8 per sec) reads @ Ascaf_85:0-37890
PoolWorker-20 countReadsInRegions_worker: processing 37 (98.9 per sec) @ Ascaf_85:0-37890
PoolWorker-20,  processing 1850602 (34630.9 per sec) reads @ chr13:0-5000000
PoolWorker-20 countReadsInRegions_worker: processing 5000 (92.0 per sec) @ chr13:0-5000000
PoolWorker-20,  processing 10570 (36552.3 per sec) reads @ Ascaf_169:0-50000
PoolWorker-20 countReadsInRegions_worker: processing 50 (150.9 per sec) @ Ascaf_169:0-50000
PoolWorker-20,  processing 1384564 (34866.9 per sec) reads @ chr11:15000000-19299255
PoolWorker-20 countReadsInRegions_worker: processing 4299 (106.4 per sec) @ chr11:15000000-19299255
PoolWorker-20,  processing 146464 (36629.7 per sec) reads @ Ascaf_27:0-155775
PoolWorker-20 countReadsInRegions_worker: processing 155 (37.9 per sec) @ Ascaf_27:0-155775
PoolWorker-20,  processing 29918 (36275.8 per sec) reads @ Ascaf_84:0-38148
PoolWorker-20 countReadsInRegions_worker: processing 38 (43.7 per sec) @ Ascaf_84:0-38148
PoolWorker-20,  processing 2458 (39868.2 per sec) reads @ Ascaf_153:0-10046
PoolWorker-20 countReadsInRegions_worker: processing 10 (96.1 per sec) @ Ascaf_153:0-10046
PoolWorker-20,  processing 260181 (35230.3 per sec) reads @ chr4:40000000-40647937
PoolWorker-20 countReadsInRegions_worker: processing 647 (86.0 per sec) @ chr4:40000000-40647937
PoolWorker-20,  processing 732928 (40296.4 per sec) reads @ chr2:25000000-26977752
PoolWorker-20 countReadsInRegions_worker: processing 1977 (107.5 per sec) @ chr2:25000000-26977752
PoolWorker-20,  processing 5615 (62030.6 per sec) reads @ Ascaf_97:0-33357
PoolWorker-20 countReadsInRegions_worker: processing 33 (330.4 per sec) @ Ascaf_97:0-33357
PoolWorker-27,  processing 52423 (32592.8 per sec) reads @ Ascaf_48:0-71747
PoolWorker-27 countReadsInRegions_worker: processing 71 (42.9 per sec) @ Ascaf_48:0-71747
PoolWorker-27,  processing 54689 (36218.7 per sec) reads @ Ascaf_137:0-17000
PoolWorker-27 countReadsInRegions_worker: processing 17 (10.7 per sec) @ Ascaf_137:0-17000
PoolWorker-27,  processing 1373893 (33371.8 per sec) reads @ chr20:15000000-20000000
PoolWorker-27 countReadsInRegions_worker: processing 5000 (118.7 per sec) @ chr20:15000000-20000000
PoolWorker-27,  processing 1517 (42822.9 per sec) reads @ Ascaf_156:0-5652
PoolWorker-27 countReadsInRegions_worker: processing 5 (63.9 per sec) @ Ascaf_156:0-5652
PoolWorker-27,  processing 1462564 (34842.7 per sec) reads @ chr2:20000000-25000000
PoolWorker-27 countReadsInRegions_worker: processing 5000 (117.1 per sec) @ chr2:20000000-25000000
PoolWorker-27,  processing 1458740 (35039.7 per sec) reads @ chr15:10000000-15000000
PoolWorker-27 countReadsInRegions_worker: processing 5000 (118.0 per sec) @ chr15:10000000-15000000
PoolWorker-27,  processing 4350 (38279.1 per sec) reads @ Ascaf_148:0-14976
PoolWorker-27 countReadsInRegions_worker: processing 14 (89.1 per sec) @ Ascaf_148:0-14976
PoolWorker-27,  processing 1441709 (34249.0 per sec) reads @ chr3:5000000-10000000
PoolWorker-27 countReadsInRegions_worker: processing 5000 (116.5 per sec) @ chr3:5000000-10000000
PoolWorker-27,  processing 1375772 (34076.4 per sec) reads @ chr15:0-5000000
PoolWorker-27 countReadsInRegions_worker: processing 5000 (122.1 per sec) @ chr15:0-5000000
PoolWorker-27,  processing 367250 (36251.7 per sec) reads @ Ascaf_42:0-86089
PoolWorker-27 countReadsInRegions_worker: processing 86 (8.3 per sec) @ Ascaf_42:0-86089
PoolWorker-27,  processing 1407437 (44504.2 per sec) reads @ chr1:5000000-10000000
PoolWorker-27 countReadsInRegions_worker: processing 5000 (156.1 per sec) @ chr1:5000000-10000000
PoolWorker-27,  processing 4375 (68080.8 per sec) reads @ Ascaf_131:0-18319
PoolWorker-27 countReadsInRegions_worker: processing 18 (246.4 per sec) @ Ascaf_131:0-18319
PoolWorker-21,  processing 28087 (54972.0 per sec) reads @ Ascaf_107:0-29490
PoolWorker-21 countReadsInRegions_worker: processing 29 (55.1 per sec) @ Ascaf_107:0-29490
PoolWorker-21,  processing 14988 (37228.9 per sec) reads @ Ascaf_61:0-54508
PoolWorker-21 countReadsInRegions_worker: processing 54 (122.3 per sec) @ Ascaf_61:0-54508
PoolWorker-21,  processing 1629841 (33564.6 per sec) reads @ chr17:5000000-10000000
PoolWorker-21 countReadsInRegions_worker: processing 5000 (100.2 per sec) @ chr17:5000000-10000000
PoolWorker-21,  processing 1626190 (33559.3 per sec) reads @ chr18:0-5000000
PoolWorker-21 countReadsInRegions_worker: processing 5000 (101.0 per sec) @ chr18:0-5000000
PoolWorker-21,  processing 13220 (35377.0 per sec) reads @ Ascaf_133:0-49732
PoolWorker-21 countReadsInRegions_worker: processing 49 (117.0 per sec) @ Ascaf_133:0-49732
PoolWorker-21,  processing 31254 (35513.6 per sec) reads @ Ascaf_166:0-50000
PoolWorker-21 countReadsInRegions_worker: processing 50 (52.9 per sec) @ Ascaf_166:0-50000
PoolWorker-21,  processing 76317 (35827.7 per sec) reads @ Ascaf_72:0-46000
PoolWorker-21 countReadsInRegions_worker: processing 46 (20.9 per sec) @ Ascaf_72:0-46000
PoolWorker-21,  processing 3378143 (33689.7 per sec) reads @ chr19:0-5000000
PoolWorker-21 countReadsInRegions_worker: processing 5000 (48.9 per sec) @ chr19:0-5000000
PoolWorker-21,  processing 18680 (30511.6 per sec) reads @ Ascaf_73:0-44649
PoolWorker-21 countReadsInRegions_worker: processing 44 (66.7 per sec) @ Ascaf_73:0-44649
PoolWorker-21,  processing 4242 (43753.2 per sec) reads @ Ascaf_141:0-15738
PoolWorker-21 countReadsInRegions_worker: processing 15 (105.0 per sec) @ Ascaf_141:0-15738
PoolWorker-21,  processing 1412687 (35753.0 per sec) reads @ chr6:10000000-15000000
PoolWorker-21 countReadsInRegions_worker: processing 5000 (124.7 per sec) @ chr6:10000000-15000000
PoolWorker-21,  processing 7603 (69766.4 per sec) reads @ Ascaf_109:0-28244
PoolWorker-21 countReadsInRegions_worker: processing 28 (236.6 per sec) @ Ascaf_109:0-28244
PoolWorker-24,  processing 121417 (35312.2 per sec) reads @ Ascaf_50:0-70692
PoolWorker-24 countReadsInRegions_worker: processing 70 (19.7 per sec) @ Ascaf_50:0-70692
PoolWorker-24,  processing 53489 (35590.9 per sec) reads @ Ascaf_79:0-41364
PoolWorker-24 countReadsInRegions_worker: processing 41 (25.8 per sec) @ Ascaf_79:0-41364
PoolWorker-24,  processing 1396230 (33498.6 per sec) reads @ chr9:15000000-20000000
PoolWorker-24 countReadsInRegions_worker: processing 5000 (117.5 per sec) @ chr9:15000000-20000000
PoolWorker-24,  processing 216148 (36431.3 per sec) reads @ Ascaf_26:0-156806
PoolWorker-24 countReadsInRegions_worker: processing 156 (25.8 per sec) @ Ascaf_26:0-156806
PoolWorker-24,  processing 5212 (37869.1 per sec) reads @ Ascaf_121:0-21431
PoolWorker-24 countReadsInRegions_worker: processing 21 (117.6 per sec) @ Ascaf_121:0-21431
PoolWorker-24,  processing 1404925 (34105.1 per sec) reads @ chr7:5000000-10000000
PoolWorker-24 countReadsInRegions_worker: processing 5000 (119.4 per sec) @ chr7:5000000-10000000
PoolWorker-24,  processing 1448259 (33802.3 per sec) reads @ chr5:0-5000000
PoolWorker-24 countReadsInRegions_worker: processing 5000 (114.5 per sec) @ chr5:0-5000000
PoolWorker-24,  processing 1344249 (33839.4 per sec) reads @ chr13:20000000-24369283
PoolWorker-24 countReadsInRegions_worker: processing 4369 (108.2 per sec) @ chr13:20000000-24369283
PoolWorker-24,  processing 1389692 (34555.8 per sec) reads @ chr8:5000000-10000000
PoolWorker-24 countReadsInRegions_worker: processing 5000 (122.2 per sec) @ chr8:5000000-10000000
PoolWorker-24,  processing 270624 (36376.0 per sec) reads @ Ascaf_33:0-106103
PoolWorker-24 countReadsInRegions_worker: processing 106 (14.0 per sec) @ Ascaf_33:0-106103
PoolWorker-24,  processing 1405827 (45644.7 per sec) reads @ chr9:10000000-15000000
PoolWorker-24 countReadsInRegions_worker: processing 5000 (160.6 per sec) @ chr9:10000000-15000000
PoolWorker-24,  processing 958 (70435.7 per sec) reads @ Ascaf_158:0-3231
PoolWorker-24 countReadsInRegions_worker: processing 3 (137.6 per sec) @ Ascaf_158:0-3231
PoolWorker-26,  processing 5414 (34006.5 per sec) reads @ Ascaf_60:0-24766
PoolWorker-26 countReadsInRegions_worker: processing 24 (122.4 per sec) @ Ascaf_60:0-24766
PoolWorker-26,  processing 1436581 (33464.9 per sec) reads @ chr18:5000000-10000000
PoolWorker-26 countReadsInRegions_worker: processing 5000 (113.7 per sec) @ chr18:5000000-10000000
PoolWorker-26,  processing 1419688 (33659.8 per sec) reads @ chr8:15000000-20000000
PoolWorker-26 countReadsInRegions_worker: processing 5000 (116.4 per sec) @ chr8:15000000-20000000
PoolWorker-26,  processing 1364524 (33351.4 per sec) reads @ chr4:35000000-40000000
PoolWorker-26 countReadsInRegions_worker: processing 5000 (120.5 per sec) @ chr4:35000000-40000000
PoolWorker-26,  processing 3195 (40005.5 per sec) reads @ Ascaf_82:0-39089
PoolWorker-26 countReadsInRegions_worker: processing 39 (323.5 per sec) @ Ascaf_82:0-39089
PoolWorker-26,  processing 1060928 (34310.4 per sec) reads @ chr12:20000000-23704847
PoolWorker-26 countReadsInRegions_worker: processing 3704 (117.7 per sec) @ chr12:20000000-23704847
PoolWorker-26,  processing 167290 (37200.5 per sec) reads @ Ascaf_34:0-101478
PoolWorker-26 countReadsInRegions_worker: processing 101 (22.0 per sec) @ Ascaf_34:0-101478
PoolWorker-26,  processing 7594 (41289.5 per sec) reads @ Ascaf_168:0-25000
PoolWorker-26 countReadsInRegions_worker: processing 25 (105.7 per sec) @ Ascaf_168:0-25000
PoolWorker-26,  processing 3722 (40655.9 per sec) reads @ Ascaf_146:0-15502
PoolWorker-26 countReadsInRegions_worker: processing 15 (111.6 per sec) @ Ascaf_146:0-15502
PoolWorker-26,  processing 85150 (34062.9 per sec) reads @ chr3:20000000-20313673
PoolWorker-26 countReadsInRegions_worker: processing 313 (121.8 per sec) @ chr3:20000000-20313673
PoolWorker-26,  processing 55552 (36528.8 per sec) reads @ Ascaf_29:0-143722
PoolWorker-26 countReadsInRegions_worker: processing 143 (89.6 per sec) @ Ascaf_29:0-143722
PoolWorker-26,  processing 617633 (34380.8 per sec) reads @ chr19:20000000-23715829
PoolWorker-26 countReadsInRegions_worker: processing 3715 (203.6 per sec) @ chr19:20000000-23715829
PoolWorker-26,  processing 1888162 (34644.6 per sec) reads @ chr14:5000000-10000000
PoolWorker-26 countReadsInRegions_worker: processing 5000 (90.4 per sec) @ chr14:5000000-10000000
PoolWorker-26,  processing 611 (69251.5 per sec) reads @ Ascaf_160:0-2000
PoolWorker-26 countReadsInRegions_worker: processing 2 (40.7 per sec) @ Ascaf_160:0-2000
PoolWorker-26,  processing 1364329 (56252.9 per sec) reads @ chr4:0-5000000
PoolWorker-26 countReadsInRegions_worker: processing 5000 (203.1 per sec) @ chr4:0-5000000
PoolWorker-26,  processing 6341 (28806.1 per sec) reads @ Ascaf_117:0-22832
PoolWorker-26 countReadsInRegions_worker: processing 22 (96.0 per sec) @ Ascaf_117:0-22832
PoolWorker-25,  processing 8147 (33903.4 per sec) reads @ Ascaf_66:0-47454
PoolWorker-25 countReadsInRegions_worker: processing 47 (165.6 per sec) @ Ascaf_66:0-47454
PoolWorker-25,  processing 8790 (67168.9 per sec) reads @ Ascaf_93:0-34038
PoolWorker-25 countReadsInRegions_worker: processing 34 (241.5 per sec) @ Ascaf_93:0-34038
PoolWorker-25,  processing 1506757 (33283.8 per sec) reads @ chr1:25000000-30000000
PoolWorker-25 countReadsInRegions_worker: processing 5000 (107.2 per sec) @ chr1:25000000-30000000
PoolWorker-25,  processing 1591051 (34822.5 per sec) reads @ chr21:15000000-19873525
PoolWorker-25 countReadsInRegions_worker: processing 4873 (104.2 per sec) @ chr21:15000000-19873525
PoolWorker-25,  processing 1396391 (33782.0 per sec) reads @ chr7:0-5000000
PoolWorker-25 countReadsInRegions_worker: processing 5000 (118.6 per sec) @ chr7:0-5000000
PoolWorker-25,  processing 1419484 (34340.0 per sec) reads @ chr2:15000000-20000000
PoolWorker-25 countReadsInRegions_worker: processing 5000 (118.8 per sec) @ chr2:15000000-20000000
PoolWorker-25,  processing 1563 (43024.6 per sec) reads @ Ascaf_154:0-6709
PoolWorker-25 countReadsInRegions_worker: processing 6 (75.8 per sec) @ Ascaf_154:0-6709
PoolWorker-25,  processing 1273799 (35075.9 per sec) reads @ chr5:15000000-18670498
PoolWorker-25 countReadsInRegions_worker: processing 3670 (99.3 per sec) @ chr5:15000000-18670498
PoolWorker-25,  processing 1649997 (41138.6 per sec) reads @ chr14:0-5000000
PoolWorker-25 countReadsInRegions_worker: processing 5000 (122.2 per sec) @ chr14:0-5000000
PoolWorker-25,  processing 310 (58711.9 per sec) reads @ Ascaf_164:0-1000
PoolWorker-25 countReadsInRegions_worker: processing 1 (21.7 per sec) @ Ascaf_164:0-1000
PoolWorker-25,  processing 1285921 (69439.9 per sec) reads @ chr10:15000000-19005646
PoolWorker-25 countReadsInRegions_worker: processing 4005 (212.6 per sec) @ chr10:15000000-19005646
PoolWorker-25,  processing 80421 (74078.5 per sec) reads @ Ascaf_57:0-58000
PoolWorker-25 countReadsInRegions_worker: processing 58 (52.3 per sec) @ Ascaf_57:0-58000
PoolWorker-22,  processing 1391575 (33218.1 per sec) reads @ chr20:5000000-10000000
PoolWorker-22 countReadsInRegions_worker: processing 5000 (116.4 per sec) @ chr20:5000000-10000000
PoolWorker-22,  processing 20123 (32876.9 per sec) reads @ Ascaf_51:0-70629
PoolWorker-22 countReadsInRegions_worker: processing 70 (105.1 per sec) @ Ascaf_51:0-70629
PoolWorker-22,  processing 1480448 (33634.2 per sec) reads @ chr16:15000000-20000000
PoolWorker-22 countReadsInRegions_worker: processing 5000 (111.6 per sec) @ chr16:15000000-20000000
PoolWorker-22,  processing 14454 (35836.1 per sec) reads @ Ascaf_81:0-40000
PoolWorker-22 countReadsInRegions_worker: processing 40 (86.9 per sec) @ Ascaf_81:0-40000
PoolWorker-22,  processing 1386612 (34338.5 per sec) reads @ chr2:5000000-10000000
PoolWorker-22 countReadsInRegions_worker: processing 5000 (121.7 per sec) @ chr2:5000000-10000000
PoolWorker-22,  processing 2904 (37743.7 per sec) reads @ Ascaf_145:0-15510
PoolWorker-22 countReadsInRegions_worker: processing 15 (124.7 per sec) @ Ascaf_145:0-15510
PoolWorker-22,  processing 163384 (36068.4 per sec) reads @ Ascaf_25:0-178627
PoolWorker-22 countReadsInRegions_worker: processing 178 (38.4 per sec) @ Ascaf_25:0-178627
PoolWorker-22,  processing 1436182 (34651.8 per sec) reads @ chr10:10000000-15000000
PoolWorker-22 countReadsInRegions_worker: processing 5000 (118.6 per sec) @ chr10:10000000-15000000
PoolWorker-22,  processing 1787498 (34818.9 per sec) reads @ chr1:20000000-25000000
PoolWorker-22 countReadsInRegions_worker: processing 5000 (95.9 per sec) @ chr1:20000000-25000000
PoolWorker-22,  processing 15299 (37408.3 per sec) reads @ Ascaf_55:0-59833
PoolWorker-22 countReadsInRegions_worker: processing 59 (132.1 per sec) @ Ascaf_55:0-59833
PoolWorker-22,  processing 831681 (39497.6 per sec) reads @ chr19:10000000-15000000
PoolWorker-22 countReadsInRegions_worker: processing 5000 (233.8 per sec) @ chr19:10000000-15000000
PoolWorker-22,  processing 1360558 (54345.6 per sec) reads @ chr11:0-5000000
PoolWorker-22 countReadsInRegions_worker: processing 5000 (197.5 per sec) @ chr11:0-5000000
PoolWorker-32,  processing 6905 (59271.4 per sec) reads @ Ascaf_65:0-47651
PoolWorker-32 countReadsInRegions_worker: processing 47 (262.9 per sec) @ Ascaf_65:0-47651
PoolWorker-32,  processing 5322 (35941.0 per sec) reads @ Ascaf_127:0-19159
PoolWorker-32 countReadsInRegions_worker: processing 19 (120.9 per sec) @ Ascaf_127:0-19159
PoolWorker-32,  processing 1663034 (33499.1 per sec) reads @ chr6:0-5000000
PoolWorker-32 countReadsInRegions_worker: processing 5000 (98.1 per sec) @ chr6:0-5000000
PoolWorker-32,  processing 10456 (35822.6 per sec) reads @ Ascaf_94:0-33862
PoolWorker-32 countReadsInRegions_worker: processing 33 (98.2 per sec) @ Ascaf_94:0-33862
PoolWorker-32,  processing 1462329 (32963.2 per sec) reads @ chr4:15000000-20000000
PoolWorker-32 countReadsInRegions_worker: processing 5000 (110.8 per sec) @ chr4:15000000-20000000
PoolWorker-32,  processing 108777 (35763.0 per sec) reads @ Ascaf_53:0-64139
PoolWorker-32 countReadsInRegions_worker: processing 64 (20.4 per sec) @ Ascaf_53:0-64139
PoolWorker-32,  processing 2362 (40649.9 per sec) reads @ Ascaf_128:0-19120
PoolWorker-32 countReadsInRegions_worker: processing 19 (188.3 per sec) @ Ascaf_128:0-19120
PoolWorker-32,  processing 160750 (35809.0 per sec) reads @ Ascaf_43:0-83995
PoolWorker-32 countReadsInRegions_worker: processing 83 (18.1 per sec) @ Ascaf_43:0-83995
PoolWorker-32,  processing 347 (55017.1 per sec) reads @ Ascaf_163:0-1000
PoolWorker-32 countReadsInRegions_worker: processing 1 (20.5 per sec) @ Ascaf_163:0-1000
PoolWorker-32,  processing 31253 (37079.6 per sec) reads @ Ascaf_37:0-98231
PoolWorker-32 countReadsInRegions_worker: processing 98 (86.7 per sec) @ Ascaf_37:0-98231
PoolWorker-32,  processing 35428 (30714.6 per sec) reads @ Ascaf_71:0-32519
PoolWorker-32 countReadsInRegions_worker: processing 32 (24.4 per sec) @ Ascaf_71:0-32519
PoolWorker-32,  processing 68118 (35702.6 per sec) reads @ Ascaf_64:0-51000
PoolWorker-32 countReadsInRegions_worker: processing 51 (25.8 per sec) @ Ascaf_64:0-51000
PoolWorker-32,  processing 9324 (32706.5 per sec) reads @ Ascaf_86:0-37568
PoolWorker-32 countReadsInRegions_worker: processing 37 (109.4 per sec) @ Ascaf_86:0-37568
PoolWorker-32,  processing 51982 (32069.3 per sec) reads @ Ascaf_75:0-42641
PoolWorker-32 countReadsInRegions_worker: processing 42 (24.9 per sec) @ Ascaf_75:0-42641
PoolWorker-32,  processing 1413015 (33515.8 per sec) reads @ chr1:0-5000000
PoolWorker-32 countReadsInRegions_worker: processing 5000 (116.5 per sec) @ chr1:0-5000000
PoolWorker-32,  processing 95759 (36138.9 per sec) reads @ Ascaf_24:0-187591
PoolWorker-32 countReadsInRegions_worker: processing 187 (68.7 per sec) @ Ascaf_24:0-187591
PoolWorker-32,  processing 1486700 (33979.7 per sec) reads @ chr12:0-5000000
PoolWorker-32 countReadsInRegions_worker: processing 5000 (112.1 per sec) @ chr12:0-5000000
PoolWorker-32,  processing 13407 (37905.1 per sec) reads @ Ascaf_56:0-58445
PoolWorker-32 countReadsInRegions_worker: processing 58 (145.5 per sec) @ Ascaf_56:0-58445
PoolWorker-32,  processing 14235 (29455.2 per sec) reads @ Ascaf_58:0-57612
PoolWorker-32 countReadsInRegions_worker: processing 57 (107.9 per sec) @ Ascaf_58:0-57612
PoolWorker-32,  processing 4803 (38385.3 per sec) reads @ Ascaf_54:0-60000
PoolWorker-32 countReadsInRegions_worker: processing 60 (357.3 per sec) @ Ascaf_54:0-60000
PoolWorker-32,  processing 1691655 (35224.3 per sec) reads @ chr4:25000000-30000000
PoolWorker-32 countReadsInRegions_worker: processing 5000 (103.2 per sec) @ chr4:25000000-30000000
PoolWorker-32,  processing 1586196 (67266.5 per sec) reads @ chr7:15000000-20000000
PoolWorker-32 countReadsInRegions_worker: processing 5000 (208.7 per sec) @ chr7:15000000-20000000
PoolWorker-32,  processing 8974 (65061.6 per sec) reads @ Ascaf_100:0-32247
PoolWorker-32 countReadsInRegions_worker: processing 32 (216.4 per sec) @ Ascaf_100:0-32247
PoolWorker-32,  processing 92948 (73666.5 per sec) reads @ Ascaf_113:0-24387
PoolWorker-32 countReadsInRegions_worker: processing 24 (18.6 per sec) @ Ascaf_113:0-24387
PoolWorker-31,  processing 1527453 (33555.8 per sec) reads @ chr3:0-5000000
PoolWorker-31 countReadsInRegions_worker: processing 5000 (107.1 per sec) @ chr3:0-5000000
PoolWorker-31,  processing 335929 (34865.7 per sec) reads @ chr6:20000000-21248438
PoolWorker-31 countReadsInRegions_worker: processing 1248 (127.4 per sec) @ chr6:20000000-21248438
PoolWorker-31,  processing 6774 (34405.6 per sec) reads @ Ascaf_103:0-30986
PoolWorker-31 countReadsInRegions_worker: processing 30 (118.4 per sec) @ Ascaf_103:0-30986
PoolWorker-31,  processing 1411420 (34520.3 per sec) reads @ chr8:10000000-15000000
PoolWorker-31 countReadsInRegions_worker: processing 5000 (120.1 per sec) @ chr8:10000000-15000000
PoolWorker-31,  processing 28986 (42675.8 per sec) reads @ Ascaf_129:0-19000
PoolWorker-31 countReadsInRegions_worker: processing 19 (26.2 per sec) @ Ascaf_129:0-19000
PoolWorker-31,  processing 3394 (45438.6 per sec) reads @ Ascaf_139:0-16678
PoolWorker-31 countReadsInRegions_worker: processing 16 (137.6 per sec) @ Ascaf_139:0-16678
PoolWorker-31,  processing 11224 (37622.1 per sec) reads @ Ascaf_78:0-41577
PoolWorker-31 countReadsInRegions_worker: processing 41 (119.7 per sec) @ Ascaf_78:0-41577
PoolWorker-31,  processing 95175 (36801.4 per sec) reads @ Ascaf_96:0-33398
PoolWorker-31 countReadsInRegions_worker: processing 33 (12.4 per sec) @ Ascaf_96:0-33398
PoolWorker-31,  processing 1370819 (33980.2 per sec) reads @ chr2:0-5000000
PoolWorker-31 countReadsInRegions_worker: processing 5000 (122.1 per sec) @ chr2:0-5000000
PoolWorker-31,  processing 5369 (20956.9 per sec) reads @ Ascaf_132:0-17867
PoolWorker-31 countReadsInRegions_worker: processing 17 (56.8 per sec) @ Ascaf_132:0-17867
PoolWorker-31,  processing 1434135 (34596.7 per sec) reads @ chr16:5000000-10000000
PoolWorker-31 countReadsInRegions_worker: processing 5000 (118.7 per sec) @ chr16:5000000-10000000
PoolWorker-31,  processing 212537 (37196.6 per sec) reads @ Ascaf_30:0-130979
PoolWorker-31 countReadsInRegions_worker: processing 130 (22.3 per sec) @ Ascaf_30:0-130979
PoolWorker-31,  processing 1326234 (34148.1 per sec) reads @ chr3:15000000-20000000
PoolWorker-31 countReadsInRegions_worker: processing 5000 (126.8 per sec) @ chr3:15000000-20000000
PoolWorker-31,  processing 1374404 (46434.8 per sec) reads @ chr21:5000000-10000000
PoolWorker-31 countReadsInRegions_worker: processing 5000 (167.0 per sec) @ chr21:5000000-10000000
PoolWorker-31,  processing 1403042 (71231.4 per sec) reads @ chr12:10000000-15000000
PoolWorker-31 countReadsInRegions_worker: processing 5000 (250.2 per sec) @ chr12:10000000-15000000
PoolWorker-31,  processing 7987 (79317.9 per sec) reads @ Ascaf_111:0-25158
PoolWorker-31 countReadsInRegions_worker: processing 25 (228.2 per sec) @ Ascaf_111:0-25158
PoolWorker-19,  processing 3274 (41968.9 per sec) reads @ Ascaf_122:0-20728
PoolWorker-19 countReadsInRegions_worker: processing 20 (224.2 per sec) @ Ascaf_122:0-20728
PoolWorker-19,  processing 1529249 (33609.6 per sec) reads @ chr17:10000000-15000000
PoolWorker-19 countReadsInRegions_worker: processing 5000 (107.1 per sec) @ chr17:10000000-15000000
PoolWorker-19,  processing 384 (64119.3 per sec) reads @ Ascaf_157:0-3527
PoolWorker-19 countReadsInRegions_worker: processing 3 (62.1 per sec) @ Ascaf_157:0-3527
PoolWorker-19,  processing 8805 (36246.7 per sec) reads @ Ascaf_101:0-31946
PoolWorker-19 countReadsInRegions_worker: processing 31 (108.8 per sec) @ Ascaf_101:0-31946
PoolWorker-19,  processing 11246 (35625.9 per sec) reads @ Ascaf_69:0-44691
PoolWorker-19 countReadsInRegions_worker: processing 44 (122.7 per sec) @ Ascaf_69:0-44691
PoolWorker-19,  processing 1422059 (35555.3 per sec) reads @ chr1:10000000-15000000
PoolWorker-19 countReadsInRegions_worker: processing 5000 (122.7 per sec) @ chr1:10000000-15000000
PoolWorker-19,  processing 1619938 (35319.2 per sec) reads @ chr20:0-5000000
PoolWorker-19 countReadsInRegions_worker: processing 5000 (106.9 per sec) @ chr20:0-5000000
PoolWorker-19,  processing 1399798 (34689.1 per sec) reads @ chr15:5000000-10000000
PoolWorker-19 countReadsInRegions_worker: processing 5000 (121.8 per sec) @ chr15:5000000-10000000
PoolWorker-19,  processing 131 (65271.3 per sec) reads @ Ascaf_165:0-1000
PoolWorker-19 countReadsInRegions_worker: processing 1 (22.5 per sec) @ Ascaf_165:0-1000
PoolWorker-19,  processing 884227 (34153.6 per sec) reads @ chr20:20000000-22998664
PoolWorker-19 countReadsInRegions_worker: processing 2998 (114.2 per sec) @ chr20:20000000-22998664
PoolWorker-19,  processing 41266 (35129.2 per sec) reads @ Ascaf_23:0-264707
PoolWorker-19 countReadsInRegions_worker: processing 264 (218.4 per sec) @ Ascaf_23:0-264707
PoolWorker-19,  processing 1126357 (35295.0 per sec) reads @ chr8:20000000-23122080
PoolWorker-19 countReadsInRegions_worker: processing 3122 (96.3 per sec) @ chr8:20000000-23122080
PoolWorker-19,  processing 22439 (37278.4 per sec) reads @ Ascaf_31:0-121444
PoolWorker-19 countReadsInRegions_worker: processing 121 (186.7 per sec) @ Ascaf_31:0-121444
PoolWorker-19,  processing 1487508 (58374.3 per sec) reads @ chr1:15000000-20000000
PoolWorker-19 countReadsInRegions_worker: processing 5000 (193.2 per sec) @ chr1:15000000-20000000
PoolWorker-19,  processing 1403887 (70955.6 per sec) reads @ chr20:10000000-15000000
PoolWorker-19 countReadsInRegions_worker: processing 5000 (249.2 per sec) @ chr20:10000000-15000000
PoolWorker-19,  processing 3516 (67604.8 per sec) reads @ Ascaf_118:0-22120
PoolWorker-19 countReadsInRegions_worker: processing 22 (368.1 per sec) @ Ascaf_118:0-22120
PoolWorker-18,  processing 3696 (65445.0 per sec) reads @ Ascaf_130:0-18457
PoolWorker-18 countReadsInRegions_worker: processing 18 (270.7 per sec) @ Ascaf_130:0-18457
PoolWorker-18,  processing 1408093 (33502.1 per sec) reads @ chr13:10000000-15000000
PoolWorker-18 countReadsInRegions_worker: processing 5000 (116.1 per sec) @ chr13:10000000-15000000
PoolWorker-18,  processing 3913 (41214.2 per sec) reads @ Ascaf_144:0-15519
PoolWorker-18 countReadsInRegions_worker: processing 15 (109.1 per sec) @ Ascaf_144:0-15519
PoolWorker-18,  processing 22306 (38026.4 per sec) reads @ Ascaf_59:0-57475
PoolWorker-18 countReadsInRegions_worker: processing 57 (88.3 per sec) @ Ascaf_59:0-57475
PoolWorker-18,  processing 81018 (36217.7 per sec) reads @ Ascaf_36:0-98486
PoolWorker-18 countReadsInRegions_worker: processing 98 (42.5 per sec) @ Ascaf_36:0-98486
PoolWorker-18,  processing 12688 (34557.9 per sec) reads @ Ascaf_70:0-46916
PoolWorker-18 countReadsInRegions_worker: processing 46 (114.2 per sec) @ Ascaf_70:0-46916
PoolWorker-18,  processing 1368758 (34150.9 per sec) reads @ chr5:5000000-10000000
PoolWorker-18 countReadsInRegions_worker: processing 5000 (122.3 per sec) @ chr5:5000000-10000000
PoolWorker-18,  processing 1395854 (33971.9 per sec) reads @ chr10:5000000-10000000
PoolWorker-18 countReadsInRegions_worker: processing 5000 (119.9 per sec) @ chr10:5000000-10000000
PoolWorker-18,  processing 1835 (45871.8 per sec) reads @ Ascaf_155:0-6589
PoolWorker-18 countReadsInRegions_worker: processing 6 (74.0 per sec) @ Ascaf_155:0-6589
PoolWorker-18,  processing 6376 (25637.4 per sec) reads @ Ascaf_112:0-24428
PoolWorker-18 countReadsInRegions_worker: processing 24 (82.7 per sec) @ Ascaf_112:0-24428
PoolWorker-18,  processing 1415158 (35239.6 per sec) reads @ chr7:10000000-15000000
PoolWorker-18 countReadsInRegions_worker: processing 5000 (122.4 per sec) @ chr7:10000000-15000000
PoolWorker-18,  processing 1199909 (33786.7 per sec) reads @ chr9:20000000-24303205
PoolWorker-18 countReadsInRegions_worker: processing 4303 (119.0 per sec) @ chr9:20000000-24303205
PoolWorker-18,  processing 17982 (36541.7 per sec) reads @ Ascaf_114:0-24031
PoolWorker-18 countReadsInRegions_worker: processing 24 (44.8 per sec) @ Ascaf_114:0-24031
PoolWorker-18,  processing 8560 (25554.9 per sec) reads @ Ascaf_104:0-29894
PoolWorker-18 countReadsInRegions_worker: processing 29 (76.6 per sec) @ Ascaf_104:0-29894
PoolWorker-18,  processing 5575 (39193.8 per sec) reads @ Ascaf_125:0-19664
PoolWorker-18 countReadsInRegions_worker: processing 19 (103.6 per sec) @ Ascaf_125:0-19664
PoolWorker-18,  processing 110706 (36585.8 per sec) reads @ Ascaf_119:0-22101
PoolWorker-18 countReadsInRegions_worker: processing 22 (7.1 per sec) @ Ascaf_119:0-22101
PoolWorker-18,  processing 1409115 (36514.5 per sec) reads @ chr12:5000000-10000000
PoolWorker-18 countReadsInRegions_worker: processing 5000 (128.1 per sec) @ chr12:5000000-10000000
PoolWorker-18,  processing 779096 (56135.4 per sec) reads @ chr19:15000000-20000000
PoolWorker-18 countReadsInRegions_worker: processing 5000 (355.9 per sec) @ chr19:15000000-20000000
PoolWorker-18,  processing 1247627 (71387.9 per sec) reads @ chr1:30000000-33917795
PoolWorker-18 countReadsInRegions_worker: processing 3917 (221.1 per sec) @ chr1:30000000-33917795
PoolWorker-18,  processing 1449338 (82495.8 per sec) reads @ chr4:30000000-35000000
PoolWorker-18 countReadsInRegions_worker: processing 5000 (280.4 per sec) @ chr4:30000000-35000000
PoolWorker-29,  processing 158035 (36066.8 per sec) reads @ Ascaf_74:0-44000
PoolWorker-29 countReadsInRegions_worker: processing 44 (9.8 per sec) @ Ascaf_74:0-44000
PoolWorker-29,  processing 8705 (32772.9 per sec) reads @ Ascaf_99:0-33167
PoolWorker-29 countReadsInRegions_worker: processing 33 (100.2 per sec) @ Ascaf_99:0-33167
PoolWorker-29,  processing 3825 (40855.0 per sec) reads @ Ascaf_149:0-13452
PoolWorker-29 countReadsInRegions_worker: processing 13 (83.3 per sec) @ Ascaf_149:0-13452
PoolWorker-29,  processing 3196 (44670.5 per sec) reads @ Ascaf_152:0-12206
PoolWorker-29 countReadsInRegions_worker: processing 12 (89.6 per sec) @ Ascaf_152:0-12206
PoolWorker-29,  processing 984333 (33166.3 per sec) reads @ chr14:15000000-18637407
PoolWorker-29 countReadsInRegions_worker: processing 3637 (120.3 per sec) @ chr14:15000000-18637407
PoolWorker-29,  processing 27678 (37314.5 per sec) reads @ Ascaf_92:0-34608
PoolWorker-29 countReadsInRegions_worker: processing 34 (42.4 per sec) @ Ascaf_92:0-34608
PoolWorker-29,  processing 101511 (35855.1 per sec) reads @ Ascaf_124:0-19772
PoolWorker-29 countReadsInRegions_worker: processing 19 (6.5 per sec) @ Ascaf_124:0-19772
PoolWorker-29,  processing 171343 (35547.5 per sec) reads @ Ascaf_120:0-22000
PoolWorker-29 countReadsInRegions_worker: processing 22 (4.5 per sec) @ Ascaf_120:0-22000
PoolWorker-29,  processing 1366394 (32972.2 per sec) reads @ chr8:0-5000000
PoolWorker-29 countReadsInRegions_worker: processing 5000 (118.6 per sec) @ chr8:0-5000000
PoolWorker-29,  processing 17429 (36707.8 per sec) reads @ Ascaf_106:0-29590
PoolWorker-29 countReadsInRegions_worker: processing 29 (56.0 per sec) @ Ascaf_106:0-29590
PoolWorker-29,  processing 1153546 (34042.8 per sec) reads @ chr17:20000000-23682274
PoolWorker-29 countReadsInRegions_worker: processing 3682 (106.7 per sec) @ chr17:20000000-23682274
PoolWorker-29,  processing 1405957 (34446.7 per sec) reads @ chr3:10000000-15000000
PoolWorker-29 countReadsInRegions_worker: processing 5000 (120.3 per sec) @ chr3:10000000-15000000
PoolWorker-29,  processing 9036 (35983.5 per sec) reads @ Ascaf_88:0-36907
PoolWorker-29 countReadsInRegions_worker: processing 36 (122.1 per sec) @ Ascaf_88:0-36907
PoolWorker-29,  processing 4614 (17950.8 per sec) reads @ Ascaf_150:0-13271
PoolWorker-29 countReadsInRegions_worker: processing 13 (43.7 per sec) @ Ascaf_150:0-13271
PoolWorker-29,  processing 596207 (34942.5 per sec) reads @ chr16:20000000-22188971
PoolWorker-29 countReadsInRegions_worker: processing 2188 (126.2 per sec) @ chr16:20000000-22188971
PoolWorker-29,  processing 5105 (40189.3 per sec) reads @ Ascaf_134:0-17659
PoolWorker-29 countReadsInRegions_worker: processing 17 (99.8 per sec) @ Ascaf_134:0-17659
PoolWorker-29,  processing 1404945 (34484.3 per sec) reads @ chr18:10000000-15000000
PoolWorker-29 countReadsInRegions_worker: processing 5000 (120.6 per sec) @ chr18:10000000-15000000
PoolWorker-29,  processing 111050 (34803.1 per sec) reads @ Ascaf_41:0-90399
PoolWorker-29 countReadsInRegions_worker: processing 90 (27.5 per sec) @ Ascaf_41:0-90399
PoolWorker-29,  processing 7064 (39125.1 per sec) reads @ Ascaf_126:0-19574
PoolWorker-29 countReadsInRegions_worker: processing 19 (85.7 per sec) @ Ascaf_126:0-19574
PoolWorker-29,  processing 2329 (39958.0 per sec) reads @ Ascaf_102:0-31073
PoolWorker-29 countReadsInRegions_worker: processing 31 (334.9 per sec) @ Ascaf_102:0-31073
PoolWorker-29,  processing 13640 (36137.5 per sec) reads @ Ascaf_62:0-52951
PoolWorker-29 countReadsInRegions_worker: processing 52 (124.2 per sec) @ Ascaf_62:0-52951
PoolWorker-29,  processing 1524075 (44560.9 per sec) reads @ chr5:10000000-15000000
PoolWorker-29 countReadsInRegions_worker: processing 5000 (144.6 per sec) @ chr5:10000000-15000000
PoolWorker-29,  processing 1398677 (70737.1 per sec) reads @ chr17:0-5000000
PoolWorker-29 countReadsInRegions_worker: processing 5000 (249.3 per sec) @ chr17:0-5000000
PoolWorker-29,  processing 1361899 (82558.3 per sec) reads @ chr6:15000000-20000000
PoolWorker-29 countReadsInRegions_worker: processing 5000 (298.5 per sec) @ chr6:15000000-20000000
output file: /storage/scratch/iee/dj20y461/Stickleback/Y_comp/Sex_chrom_stats/Read_depths/Gw/depths/Gw1a_M.1kb.RPKM.depth
