genome partition size for multiprocessing: 1000000
using 16 processors for 657 number of tasks
Final scaling factor: 0.00687884822546
PoolWorker-19,  processing 2602 (63813.5 per sec) reads @ Ascaf_140:0-15786
PoolWorker-19 countReadsInRegions_worker: processing 15 (252.7 per sec) @ Ascaf_140:0-15786
PoolWorker-19,  processing 3584 (71617.2 per sec) reads @ Ascaf_128:0-19120
PoolWorker-19 countReadsInRegions_worker: processing 19 (321.9 per sec) @ Ascaf_128:0-19120
PoolWorker-19,  processing 1522388 (34104.7 per sec) reads @ chr17:5000000-10000000
PoolWorker-19 countReadsInRegions_worker: processing 5000 (109.4 per sec) @ chr17:5000000-10000000
PoolWorker-19,  processing 181931 (40448.6 per sec) reads @ Ascaf_25:0-178627
PoolWorker-19 countReadsInRegions_worker: processing 178 (38.7 per sec) @ Ascaf_25:0-178627
PoolWorker-19,  processing 24872 (34137.1 per sec) reads @ Ascaf_46:0-73387
PoolWorker-19 countReadsInRegions_worker: processing 73 (94.5 per sec) @ Ascaf_46:0-73387
PoolWorker-19,  processing 1167182 (34352.8 per sec) reads @ chr1:30000000-33917795
PoolWorker-19 countReadsInRegions_worker: processing 3917 (113.4 per sec) @ chr1:30000000-33917795
PoolWorker-19,  processing 1322962 (34701.3 per sec) reads @ chr4:35000000-40000000
PoolWorker-19 countReadsInRegions_worker: processing 5000 (129.0 per sec) @ chr4:35000000-40000000
PoolWorker-19,  processing 8380 (39217.5 per sec) reads @ Ascaf_166:0-50000
PoolWorker-19 countReadsInRegions_worker: processing 50 (185.1 per sec) @ Ascaf_166:0-50000
PoolWorker-19,  processing 13912 (36908.1 per sec) reads @ Ascaf_58:0-57612
PoolWorker-19 countReadsInRegions_worker: processing 57 (135.3 per sec) @ Ascaf_58:0-57612
PoolWorker-19,  processing 149436 (36157.4 per sec) reads @ Ascaf_43:0-83995
PoolWorker-19 countReadsInRegions_worker: processing 83 (19.6 per sec) @ Ascaf_43:0-83995
PoolWorker-19,  processing 1343489 (34670.4 per sec) reads @ chr15:0-5000000
PoolWorker-19 countReadsInRegions_worker: processing 5000 (126.4 per sec) @ chr15:0-5000000
PoolWorker-19,  processing 1458898 (35259.5 per sec) reads @ chr17:10000000-15000000
PoolWorker-19 countReadsInRegions_worker: processing 5000 (118.5 per sec) @ chr17:10000000-15000000
PoolWorker-23,  processing 92 (48422.1 per sec) reads @ Ascaf_165:0-1000
PoolWorker-23 countReadsInRegions_worker: processing 1 (50.2 per sec) @ Ascaf_165:0-1000
PoolWorker-23,  processing 1101984 (33352.8 per sec) reads @ chr7:30000000-33914388
PoolWorker-23 countReadsInRegions_worker: processing 3914 (115.8 per sec) @ chr7:30000000-33914388
PoolWorker-23,  processing 220253 (37945.3 per sec) reads @ Ascaf_27:0-155775
PoolWorker-23 countReadsInRegions_worker: processing 155 (26.0 per sec) @ Ascaf_27:0-155775
PoolWorker-23,  processing 1358820 (34281.9 per sec) reads @ chr18:10000000-15000000
PoolWorker-23 countReadsInRegions_worker: processing 5000 (124.0 per sec) @ chr18:10000000-15000000
PoolWorker-23,  processing 58469 (36966.0 per sec) reads @ Ascaf_79:0-41364
PoolWorker-23 countReadsInRegions_worker: processing 41 (24.8 per sec) @ Ascaf_79:0-41364
PoolWorker-23,  processing 1337549 (35002.6 per sec) reads @ chr14:10000000-15000000
PoolWorker-23 countReadsInRegions_worker: processing 5000 (128.4 per sec) @ chr14:10000000-15000000
PoolWorker-23,  processing 2341 (40463.3 per sec) reads @ Ascaf_145:0-15510
PoolWorker-23 countReadsInRegions_worker: processing 15 (151.5 per sec) @ Ascaf_145:0-15510
PoolWorker-23,  processing 10169 (37445.6 per sec) reads @ Ascaf_94:0-33862
PoolWorker-23 countReadsInRegions_worker: processing 33 (105.3 per sec) @ Ascaf_94:0-33862
PoolWorker-23,  processing 7358 (37907.3 per sec) reads @ Ascaf_109:0-28244
PoolWorker-23 countReadsInRegions_worker: processing 28 (118.9 per sec) @ Ascaf_109:0-28244
PoolWorker-23,  processing 57075 (35429.4 per sec) reads @ Ascaf_75:0-42641
PoolWorker-23 countReadsInRegions_worker: processing 42 (25.1 per sec) @ Ascaf_75:0-42641
PoolWorker-23,  processing 1970 (48062.9 per sec) reads @ Ascaf_116:0-22916
PoolWorker-23 countReadsInRegions_worker: processing 22 (263.1 per sec) @ Ascaf_116:0-22916
PoolWorker-23,  processing 11031 (37089.2 per sec) reads @ Ascaf_69:0-44691
PoolWorker-23 countReadsInRegions_worker: processing 44 (129.4 per sec) @ Ascaf_69:0-44691
PoolWorker-23,  processing 1266844 (34880.9 per sec) reads @ chr21:0-5000000
PoolWorker-23 countReadsInRegions_worker: processing 5000 (134.9 per sec) @ chr21:0-5000000
PoolWorker-23,  processing 234835 (36207.4 per sec) reads @ chr4:40000000-40647937
PoolWorker-23 countReadsInRegions_worker: processing 647 (97.9 per sec) @ chr4:40000000-40647937
PoolWorker-23,  processing 53311 (41447.5 per sec) reads @ Ascaf_110:0-27536
PoolWorker-23 countReadsInRegions_worker: processing 27 (20.2 per sec) @ Ascaf_110:0-27536
PoolWorker-23,  processing 30655 (36811.9 per sec) reads @ Ascaf_114:0-24031
PoolWorker-23 countReadsInRegions_worker: processing 24 (26.9 per sec) @ Ascaf_114:0-24031
PoolWorker-23,  processing 11755 (37706.8 per sec) reads @ Ascaf_56:0-58445
PoolWorker-23 countReadsInRegions_worker: processing 58 (164.0 per sec) @ Ascaf_56:0-58445
PoolWorker-23,  processing 112646 (37711.5 per sec) reads @ Ascaf_50:0-70692
PoolWorker-23 countReadsInRegions_worker: processing 70 (22.8 per sec) @ Ascaf_50:0-70692
PoolWorker-23,  processing 1388782 (35264.5 per sec) reads @ chr3:5000000-10000000
PoolWorker-23 countReadsInRegions_worker: processing 5000 (124.7 per sec) @ chr3:5000000-10000000
PoolWorker-23,  processing 1823 (46879.4 per sec) reads @ Ascaf_155:0-6589
PoolWorker-23 countReadsInRegions_worker: processing 6 (75.6 per sec) @ Ascaf_155:0-6589
PoolWorker-24,  processing 1561385 (34185.5 per sec) reads @ chr18:0-5000000
PoolWorker-24 countReadsInRegions_worker: processing 5000 (106.6 per sec) @ chr18:0-5000000
PoolWorker-24,  processing 1406617 (34665.0 per sec) reads @ chr15:10000000-15000000
PoolWorker-24 countReadsInRegions_worker: processing 5000 (120.9 per sec) @ chr15:10000000-15000000
PoolWorker-24,  processing 860724 (34690.0 per sec) reads @ chr20:20000000-22998664
PoolWorker-24 countReadsInRegions_worker: processing 2998 (119.2 per sec) @ chr20:20000000-22998664
PoolWorker-24,  processing 18427 (30021.4 per sec) reads @ Ascaf_47:0-72017
PoolWorker-24 countReadsInRegions_worker: processing 72 (107.5 per sec) @ Ascaf_47:0-72017
PoolWorker-24,  processing 5462 (41026.7 per sec) reads @ Ascaf_125:0-19664
PoolWorker-24 countReadsInRegions_worker: processing 19 (100.2 per sec) @ Ascaf_125:0-19664
PoolWorker-24,  processing 4603 (42461.9 per sec) reads @ Ascaf_134:0-17659
PoolWorker-24 countReadsInRegions_worker: processing 17 (115.1 per sec) @ Ascaf_134:0-17659
PoolWorker-24,  processing 1323335 (34967.8 per sec) reads @ chr20:5000000-10000000
PoolWorker-24 countReadsInRegions_worker: processing 5000 (129.9 per sec) @ chr20:5000000-10000000
PoolWorker-24,  processing 5768 (39474.6 per sec) reads @ Ascaf_60:0-24766
PoolWorker-24 countReadsInRegions_worker: processing 24 (127.9 per sec) @ Ascaf_60:0-24766
PoolWorker-24,  processing 5898 (40117.8 per sec) reads @ Ascaf_117:0-22832
PoolWorker-24 countReadsInRegions_worker: processing 22 (116.7 per sec) @ Ascaf_117:0-22832
PoolWorker-24,  processing 298898 (37132.1 per sec) reads @ Ascaf_89:0-36000
PoolWorker-24 countReadsInRegions_worker: processing 36 (4.4 per sec) @ Ascaf_89:0-36000
PoolWorker-24,  processing 739522 (34742.7 per sec) reads @ chr19:15000000-20000000
PoolWorker-24 countReadsInRegions_worker: processing 5000 (231.4 per sec) @ chr19:15000000-20000000
PoolWorker-24,  processing 1347703 (37292.3 per sec) reads @ chr15:5000000-10000000
PoolWorker-24 countReadsInRegions_worker: processing 5000 (136.7 per sec) @ chr15:5000000-10000000
PoolWorker-18,  processing 2243284 (33665.8 per sec) reads @ chr19:0-5000000
PoolWorker-18 countReadsInRegions_worker: processing 5000 (73.4 per sec) @ chr19:0-5000000
PoolWorker-18,  processing 145192 (38141.8 per sec) reads @ Ascaf_39:0-92659
PoolWorker-18 countReadsInRegions_worker: processing 92 (23.6 per sec) @ Ascaf_39:0-92659
PoolWorker-18,  processing 1557438 (35550.4 per sec) reads @ chr14:0-5000000
PoolWorker-18 countReadsInRegions_worker: processing 5000 (112.2 per sec) @ chr14:0-5000000
PoolWorker-18,  processing 3826 (41142.0 per sec) reads @ Ascaf_144:0-15519
PoolWorker-18 countReadsInRegions_worker: processing 15 (101.9 per sec) @ Ascaf_144:0-15519
PoolWorker-18,  processing 70291 (37244.1 per sec) reads @ Ascaf_36:0-98486
PoolWorker-18 countReadsInRegions_worker: processing 98 (50.2 per sec) @ Ascaf_36:0-98486
PoolWorker-18,  processing 6049 (37009.2 per sec) reads @ Ascaf_103:0-30986
PoolWorker-18 countReadsInRegions_worker: processing 30 (145.4 per sec) @ Ascaf_103:0-30986
PoolWorker-18,  processing 5781 (35411.5 per sec) reads @ Ascaf_126:0-19574
PoolWorker-18 countReadsInRegions_worker: processing 19 (93.0 per sec) @ Ascaf_126:0-19574
PoolWorker-18,  processing 42430 (35362.2 per sec) reads @ Ascaf_52:0-64568
PoolWorker-18 countReadsInRegions_worker: processing 64 (50.8 per sec) @ Ascaf_52:0-64568
PoolWorker-18,  processing 12850 (36325.3 per sec) reads @ Ascaf_62:0-52951
PoolWorker-18 countReadsInRegions_worker: processing 52 (126.4 per sec) @ Ascaf_62:0-52951
PoolWorker-18,  processing 3756 (41473.0 per sec) reads @ Ascaf_149:0-13452
PoolWorker-18 countReadsInRegions_worker: processing 13 (98.9 per sec) @ Ascaf_149:0-13452
PoolWorker-18,  processing 1411233 (35965.4 per sec) reads @ chr15:15000000-20000000
PoolWorker-18 countReadsInRegions_worker: processing 5000 (125.1 per sec) @ chr15:15000000-20000000
PoolWorker-18,  processing 1199325 (35859.3 per sec) reads @ chr5:15000000-18670498
PoolWorker-18 countReadsInRegions_worker: processing 3670 (107.9 per sec) @ chr5:15000000-18670498
PoolWorker-18,  processing 8260 (38247.4 per sec) reads @ Ascaf_88:0-36907
PoolWorker-18 countReadsInRegions_worker: processing 36 (139.0 per sec) @ Ascaf_88:0-36907
PoolWorker-18,  processing 1399355 (41217.3 per sec) reads @ chr9:0-5000000
PoolWorker-18 countReadsInRegions_worker: processing 5000 (145.9 per sec) @ chr9:0-5000000
PoolWorker-18,  processing 1488 (68815.2 per sec) reads @ Ascaf_156:0-5652
PoolWorker-18 countReadsInRegions_worker: processing 5 (167.3 per sec) @ Ascaf_156:0-5652
PoolWorker-18,  processing 89422 (37425.3 per sec) reads @ Ascaf_119:0-22101
PoolWorker-18 countReadsInRegions_worker: processing 22 (9.1 per sec) @ Ascaf_119:0-22101
PoolWorker-25,  processing 1399866 (33792.7 per sec) reads @ chr11:10000000-15000000
PoolWorker-25 countReadsInRegions_worker: processing 5000 (117.8 per sec) @ chr11:10000000-15000000
PoolWorker-25,  processing 18916 (23520.5 per sec) reads @ Ascaf_51:0-70629
PoolWorker-25 countReadsInRegions_worker: processing 70 (85.8 per sec) @ Ascaf_51:0-70629
PoolWorker-25,  processing 10678 (35231.2 per sec) reads @ Ascaf_63:0-51776
PoolWorker-25 countReadsInRegions_worker: processing 51 (147.1 per sec) @ Ascaf_63:0-51776
PoolWorker-25,  processing 13137 (38064.8 per sec) reads @ Ascaf_55:0-59833
PoolWorker-25 countReadsInRegions_worker: processing 59 (152.1 per sec) @ Ascaf_55:0-59833
PoolWorker-25,  processing 6953 (40155.9 per sec) reads @ Ascaf_95:0-33544
PoolWorker-25 countReadsInRegions_worker: processing 33 (152.6 per sec) @ Ascaf_95:0-33544
PoolWorker-25,  processing 18547 (37247.2 per sec) reads @ Ascaf_59:0-57475
PoolWorker-25 countReadsInRegions_worker: processing 57 (104.9 per sec) @ Ascaf_59:0-57475
PoolWorker-25,  processing 19615 (37428.4 per sec) reads @ Ascaf_31:0-121444
PoolWorker-25 countReadsInRegions_worker: processing 121 (213.0 per sec) @ Ascaf_31:0-121444
PoolWorker-25,  processing 6308 (38147.7 per sec) reads @ Ascaf_112:0-24428
PoolWorker-25 countReadsInRegions_worker: processing 24 (115.0 per sec) @ Ascaf_112:0-24428
PoolWorker-25,  processing 1769554 (35051.6 per sec) reads @ chr4:20000000-25000000
PoolWorker-25 countReadsInRegions_worker: processing 5000 (97.0 per sec) @ chr4:20000000-25000000
PoolWorker-25,  processing 51738 (32865.6 per sec) reads @ Ascaf_29:0-143722
PoolWorker-25 countReadsInRegions_worker: processing 143 (87.4 per sec) @ Ascaf_29:0-143722
PoolWorker-25,  processing 1314388 (34592.9 per sec) reads @ chr7:0-5000000
PoolWorker-25 countReadsInRegions_worker: processing 5000 (128.9 per sec) @ chr7:0-5000000
PoolWorker-25,  processing 1352091 (34923.2 per sec) reads @ chr8:15000000-20000000
PoolWorker-25 countReadsInRegions_worker: processing 5000 (127.1 per sec) @ chr8:15000000-20000000
PoolWorker-25,  processing 1497458 (35244.5 per sec) reads @ chr16:15000000-20000000
PoolWorker-25 countReadsInRegions_worker: processing 5000 (116.6 per sec) @ chr16:15000000-20000000
PoolWorker-25,  processing 26416 (45806.3 per sec) reads @ Ascaf_40:0-90738
PoolWorker-25 countReadsInRegions_worker: processing 90 (152.7 per sec) @ Ascaf_40:0-90738
PoolWorker-25,  processing 3502 (69594.4 per sec) reads @ Ascaf_150:0-13271
PoolWorker-25 countReadsInRegions_worker: processing 13 (218.1 per sec) @ Ascaf_150:0-13271
PoolWorker-25,  processing 19486 (30131.1 per sec) reads @ Ascaf_49:0-70996
PoolWorker-25 countReadsInRegions_worker: processing 70 (102.9 per sec) @ Ascaf_49:0-70996
PoolWorker-28,  processing 27014 (38972.8 per sec) reads @ Ascaf_129:0-19000
PoolWorker-28 countReadsInRegions_worker: processing 19 (26.9 per sec) @ Ascaf_129:0-19000
PoolWorker-28,  processing 12749 (32131.2 per sec) reads @ Ascaf_133:0-49732
PoolWorker-28 countReadsInRegions_worker: processing 49 (102.9 per sec) @ Ascaf_133:0-49732
PoolWorker-28,  processing 1041884 (33913.1 per sec) reads @ chr8:20000000-23122080
PoolWorker-28 countReadsInRegions_worker: processing 3122 (99.3 per sec) @ chr8:20000000-23122080
PoolWorker-28,  processing 1655439 (34141.8 per sec) reads @ chr4:25000000-30000000
PoolWorker-28 countReadsInRegions_worker: processing 5000 (101.2 per sec) @ chr4:25000000-30000000
PoolWorker-28,  processing 1138751 (33912.9 per sec) reads @ chr17:20000000-23682274
PoolWorker-28 countReadsInRegions_worker: processing 3682 (107.7 per sec) @ chr17:20000000-23682274
PoolWorker-28,  processing 5052 (41655.4 per sec) reads @ Ascaf_121:0-21431
PoolWorker-28 countReadsInRegions_worker: processing 21 (129.2 per sec) @ Ascaf_121:0-21431
PoolWorker-28,  processing 1726 (45112.4 per sec) reads @ Ascaf_154:0-6709
PoolWorker-28 countReadsInRegions_worker: processing 6 (73.8 per sec) @ Ascaf_154:0-6709
PoolWorker-28,  processing 8248 (37457.4 per sec) reads @ Ascaf_169:0-50000
PoolWorker-28 countReadsInRegions_worker: processing 50 (189.8 per sec) @ Ascaf_169:0-50000
PoolWorker-28,  processing 12260 (36837.8 per sec) reads @ Ascaf_68:0-47437
PoolWorker-28 countReadsInRegions_worker: processing 47 (125.5 per sec) @ Ascaf_68:0-47437
PoolWorker-28,  processing 176825 (36991.9 per sec) reads @ chr15:20000000-20219940
PoolWorker-28 countReadsInRegions_worker: processing 219 (44.8 per sec) @ chr15:20000000-20219940
PoolWorker-28,  processing 2899 (44221.7 per sec) reads @ Ascaf_143:0-15560
PoolWorker-28 countReadsInRegions_worker: processing 15 (138.7 per sec) @ Ascaf_143:0-15560
PoolWorker-28,  processing 1348037 (35551.7 per sec) reads @ chr1:10000000-15000000
PoolWorker-28 countReadsInRegions_worker: processing 5000 (129.2 per sec) @ chr1:10000000-15000000
PoolWorker-28,  processing 221938 (37387.0 per sec) reads @ Ascaf_33:0-106103
PoolWorker-28 countReadsInRegions_worker: processing 106 (17.5 per sec) @ Ascaf_33:0-106103
PoolWorker-28,  processing 1347743 (34956.2 per sec) reads @ chr4:5000000-10000000
PoolWorker-28 countReadsInRegions_worker: processing 5000 (127.4 per sec) @ chr4:5000000-10000000
PoolWorker-28,  processing 32560 (35454.7 per sec) reads @ Ascaf_23:0-264707
PoolWorker-28 countReadsInRegions_worker: processing 264 (274.0 per sec) @ Ascaf_23:0-264707
PoolWorker-28,  processing 1666611 (48032.4 per sec) reads @ chr1:20000000-25000000
PoolWorker-28 countReadsInRegions_worker: processing 5000 (142.3 per sec) @ chr1:20000000-25000000
PoolWorker-31,  processing 5356 (48481.1 per sec) reads @ Ascaf_127:0-19159
PoolWorker-31 countReadsInRegions_worker: processing 19 (129.8 per sec) @ Ascaf_127:0-19159
PoolWorker-31,  processing 13220 (38781.0 per sec) reads @ Ascaf_61:0-54508
PoolWorker-31 countReadsInRegions_worker: processing 54 (132.7 per sec) @ Ascaf_61:0-54508
PoolWorker-31,  processing 1342077 (35047.6 per sec) reads @ chr7:10000000-15000000
PoolWorker-31 countReadsInRegions_worker: processing 5000 (127.4 per sec) @ chr7:10000000-15000000
PoolWorker-31,  processing 442 (65911.1 per sec) reads @ Ascaf_157:0-3527
PoolWorker-31 countReadsInRegions_worker: processing 3 (61.4 per sec) @ Ascaf_157:0-3527
PoolWorker-31,  processing 58742 (33943.5 per sec) reads @ Ascaf_24:0-187591
PoolWorker-31 countReadsInRegions_worker: processing 187 (104.1 per sec) @ Ascaf_24:0-187591
PoolWorker-31,  processing 1755721 (35541.1 per sec) reads @ chr13:0-5000000
PoolWorker-31 countReadsInRegions_worker: processing 5000 (99.3 per sec) @ chr13:0-5000000
PoolWorker-31,  processing 1433386 (36391.8 per sec) reads @ chr5:10000000-15000000
PoolWorker-31 countReadsInRegions_worker: processing 5000 (124.7 per sec) @ chr5:10000000-15000000
PoolWorker-31,  processing 368 (72143.2 per sec) reads @ Ascaf_160:0-2000
PoolWorker-31 countReadsInRegions_worker: processing 2 (42.4 per sec) @ Ascaf_160:0-2000
PoolWorker-31,  processing 1352209 (36406.5 per sec) reads @ chr3:10000000-15000000
PoolWorker-31 countReadsInRegions_worker: processing 5000 (132.4 per sec) @ chr3:10000000-15000000
PoolWorker-31,  processing 1377256 (36276.9 per sec) reads @ chr6:5000000-10000000
PoolWorker-31 countReadsInRegions_worker: processing 5000 (129.5 per sec) @ chr6:5000000-10000000
PoolWorker-31,  processing 1335439 (42553.5 per sec) reads @ chr6:10000000-15000000
PoolWorker-31 countReadsInRegions_worker: processing 5000 (156.6 per sec) @ chr6:10000000-15000000
PoolWorker-31,  processing 7005 (23262.2 per sec) reads @ Ascaf_108:0-29345
PoolWorker-31 countReadsInRegions_worker: processing 29 (93.4 per sec) @ Ascaf_108:0-29345
PoolWorker-17,  processing 1573231 (33921.1 per sec) reads @ chr7:20000000-25000000
PoolWorker-17 countReadsInRegions_worker: processing 5000 (105.0 per sec) @ chr7:20000000-25000000
PoolWorker-17,  processing 1352877 (34150.1 per sec) reads @ chr17:0-5000000
PoolWorker-17 countReadsInRegions_worker: processing 5000 (123.9 per sec) @ chr17:0-5000000
PoolWorker-17,  processing 1332381 (34914.9 per sec) reads @ chr1:5000000-10000000
PoolWorker-17 countReadsInRegions_worker: processing 5000 (129.0 per sec) @ chr1:5000000-10000000
PoolWorker-17,  processing 1342465 (35389.9 per sec) reads @ chr10:5000000-10000000
PoolWorker-17 countReadsInRegions_worker: processing 5000 (129.6 per sec) @ chr10:5000000-10000000
PoolWorker-17,  processing 7775 (35991.5 per sec) reads @ Ascaf_67:0-40269
PoolWorker-17 countReadsInRegions_worker: processing 40 (155.7 per sec) @ Ascaf_67:0-40269
PoolWorker-17,  processing 83026 (35633.9 per sec) reads @ Ascaf_32:0-110405
PoolWorker-17 countReadsInRegions_worker: processing 110 (45.9 per sec) @ Ascaf_32:0-110405
PoolWorker-17,  processing 1321368 (34620.8 per sec) reads @ chr8:0-5000000
PoolWorker-17 countReadsInRegions_worker: processing 5000 (129.1 per sec) @ chr8:0-5000000
PoolWorker-17,  processing 109515 (35433.3 per sec) reads @ Ascaf_120:0-22000
PoolWorker-17 countReadsInRegions_worker: processing 22 (7.0 per sec) @ Ascaf_120:0-22000
PoolWorker-17,  processing 147090 (37312.4 per sec) reads @ Ascaf_96:0-33398
PoolWorker-17 countReadsInRegions_worker: processing 33 (8.1 per sec) @ Ascaf_96:0-33398
PoolWorker-17,  processing 8337 (38455.4 per sec) reads @ Ascaf_101:0-31946
PoolWorker-17 countReadsInRegions_worker: processing 31 (119.9 per sec) @ Ascaf_101:0-31946
PoolWorker-17,  processing 4810 (40194.9 per sec) reads @ Ascaf_136:0-17062
PoolWorker-17 countReadsInRegions_worker: processing 17 (104.4 per sec) @ Ascaf_136:0-17062
PoolWorker-17,  processing 1334840 (46822.5 per sec) reads @ chr20:15000000-20000000
PoolWorker-17 countReadsInRegions_worker: processing 5000 (173.3 per sec) @ chr20:15000000-20000000
PoolWorker-26,  processing 1426283 (33855.6 per sec) reads @ chr1:25000000-30000000
PoolWorker-26 countReadsInRegions_worker: processing 5000 (115.8 per sec) @ chr1:25000000-30000000
PoolWorker-26,  processing 1420565 (35161.8 per sec) reads @ chr21:10000000-15000000
PoolWorker-26 countReadsInRegions_worker: processing 5000 (121.3 per sec) @ chr21:10000000-15000000
PoolWorker-26,  processing 8966 (21247.7 per sec) reads @ Ascaf_93:0-34038
PoolWorker-26 countReadsInRegions_worker: processing 34 (71.3 per sec) @ Ascaf_93:0-34038
PoolWorker-26,  processing 1417355 (34292.1 per sec) reads @ chr5:0-5000000
PoolWorker-26 countReadsInRegions_worker: processing 5000 (118.7 per sec) @ chr5:0-5000000
PoolWorker-26,  processing 96320 (39442.5 per sec) reads @ Ascaf_124:0-19772
PoolWorker-26 countReadsInRegions_worker: processing 19 (7.5 per sec) @ Ascaf_124:0-19772
PoolWorker-26,  processing 6918 (37025.8 per sec) reads @ Ascaf_168:0-25000
PoolWorker-26 countReadsInRegions_worker: processing 25 (108.6 per sec) @ Ascaf_168:0-25000
PoolWorker-26,  processing 8517 (38421.3 per sec) reads @ Ascaf_161:0-1000
PoolWorker-26 countReadsInRegions_worker: processing 1 (3.6 per sec) @ Ascaf_161:0-1000
PoolWorker-26,  processing 2299 (40281.7 per sec) reads @ Ascaf_151:0-13242
PoolWorker-26 countReadsInRegions_worker: processing 13 (132.4 per sec) @ Ascaf_151:0-13242
PoolWorker-26,  processing 1939816 (35052.6 per sec) reads @ chr14:5000000-10000000
PoolWorker-26 countReadsInRegions_worker: processing 5000 (88.9 per sec) @ chr14:5000000-10000000
PoolWorker-26,  processing 201516 (37211.9 per sec) reads @ Ascaf_30:0-130979
PoolWorker-26 countReadsInRegions_worker: processing 130 (23.3 per sec) @ Ascaf_30:0-130979
PoolWorker-26,  processing 47252 (33950.3 per sec) reads @ Ascaf_137:0-17000
PoolWorker-26 countReadsInRegions_worker: processing 17 (11.7 per sec) @ Ascaf_137:0-17000
PoolWorker-26,  processing 3436 (40108.8 per sec) reads @ Ascaf_146:0-15502
PoolWorker-26 countReadsInRegions_worker: processing 15 (117.1 per sec) @ Ascaf_146:0-15502
PoolWorker-26,  processing 8074 (37353.0 per sec) reads @ Ascaf_99:0-33167
PoolWorker-26 countReadsInRegions_worker: processing 33 (128.0 per sec) @ Ascaf_99:0-33167
PoolWorker-26,  processing 910280 (35248.2 per sec) reads @ chr18:15000000-18483836
PoolWorker-26 countReadsInRegions_worker: processing 3483 (132.7 per sec) @ chr18:15000000-18483836
PoolWorker-26,  processing 27551 (36610.1 per sec) reads @ Ascaf_92:0-34608
PoolWorker-26 countReadsInRegions_worker: processing 34 (42.6 per sec) @ Ascaf_92:0-34608
PoolWorker-26,  processing 1407805 (55105.1 per sec) reads @ chr1:15000000-20000000
PoolWorker-26 countReadsInRegions_worker: processing 5000 (193.0 per sec) @ chr1:15000000-20000000
PoolWorker-22,  processing 212 (50081.2 per sec) reads @ Ascaf_163:0-1000
PoolWorker-22 countReadsInRegions_worker: processing 1 (45.0 per sec) @ Ascaf_163:0-1000
PoolWorker-22,  processing 5590 (34185.6 per sec) reads @ Ascaf_97:0-33357
PoolWorker-22 countReadsInRegions_worker: processing 33 (190.2 per sec) @ Ascaf_97:0-33357
PoolWorker-22,  processing 10148 (37194.9 per sec) reads @ Ascaf_83:0-38959
PoolWorker-22 countReadsInRegions_worker: processing 38 (113.0 per sec) @ Ascaf_83:0-38959
PoolWorker-22,  processing 1359174 (33915.5 per sec) reads @ chr11:5000000-10000000
PoolWorker-22 countReadsInRegions_worker: processing 5000 (121.8 per sec) @ chr11:5000000-10000000
PoolWorker-22,  processing 5971 (21336.0 per sec) reads @ Ascaf_54:0-60000
PoolWorker-22 countReadsInRegions_worker: processing 60 (185.4 per sec) @ Ascaf_54:0-60000
PoolWorker-22,  processing 3220 (45685.4 per sec) reads @ Ascaf_102:0-31073
PoolWorker-22 countReadsInRegions_worker: processing 31 (277.9 per sec) @ Ascaf_102:0-31073
PoolWorker-22,  processing 1431779 (34772.7 per sec) reads @ chr13:15000000-20000000
PoolWorker-22 countReadsInRegions_worker: processing 5000 (118.9 per sec) @ chr13:15000000-20000000
PoolWorker-22,  processing 592357 (34974.4 per sec) reads @ chr19:20000000-23715829
PoolWorker-22 countReadsInRegions_worker: processing 3715 (215.3 per sec) @ chr19:20000000-23715829
PoolWorker-22,  processing 3303 (45567.3 per sec) reads @ Ascaf_139:0-16678
PoolWorker-22 countReadsInRegions_worker: processing 16 (140.3 per sec) @ Ascaf_139:0-16678
PoolWorker-22,  processing 2285 (11709.4 per sec) reads @ Ascaf_115:0-24004
PoolWorker-22 countReadsInRegions_worker: processing 24 (100.8 per sec) @ Ascaf_115:0-24004
PoolWorker-22,  processing 1333778 (34898.6 per sec) reads @ chr9:15000000-20000000
PoolWorker-22 countReadsInRegions_worker: processing 5000 (128.4 per sec) @ chr9:15000000-20000000
PoolWorker-22,  processing 1355884 (34966.9 per sec) reads @ chr1:0-5000000
PoolWorker-22 countReadsInRegions_worker: processing 5000 (126.8 per sec) @ chr1:0-5000000
PoolWorker-22,  processing 29533 (38620.3 per sec) reads @ Ascaf_84:0-38148
PoolWorker-22 countReadsInRegions_worker: processing 38 (46.8 per sec) @ Ascaf_84:0-38148
PoolWorker-22,  processing 345291 (37623.0 per sec) reads @ Ascaf_45:0-74461
PoolWorker-22 countReadsInRegions_worker: processing 74 (7.9 per sec) @ Ascaf_45:0-74461
PoolWorker-22,  processing 1383535 (37017.4 per sec) reads @ chr13:5000000-10000000
PoolWorker-22 countReadsInRegions_worker: processing 5000 (129.0 per sec) @ chr13:5000000-10000000
PoolWorker-22,  processing 1310526 (58750.8 per sec) reads @ chr4:0-5000000
PoolWorker-22 countReadsInRegions_worker: processing 5000 (221.1 per sec) @ chr4:0-5000000
PoolWorker-21,  processing 1378308 (33753.5 per sec) reads @ chr10:10000000-15000000
PoolWorker-21 countReadsInRegions_worker: processing 5000 (119.7 per sec) @ chr10:10000000-15000000
PoolWorker-21,  processing 9372 (37096.3 per sec) reads @ Ascaf_91:0-34837
PoolWorker-21 countReadsInRegions_worker: processing 34 (115.4 per sec) @ Ascaf_91:0-34837
PoolWorker-21,  processing 1346948 (34745.7 per sec) reads @ chr20:10000000-15000000
PoolWorker-21 countReadsInRegions_worker: processing 5000 (126.5 per sec) @ chr20:10000000-15000000
PoolWorker-21,  processing 925 (70255.7 per sec) reads @ Ascaf_158:0-3231
PoolWorker-21 countReadsInRegions_worker: processing 3 (54.1 per sec) @ Ascaf_158:0-3231
PoolWorker-21,  processing 3940 (38080.2 per sec) reads @ Ascaf_147:0-15099
PoolWorker-21 countReadsInRegions_worker: processing 15 (102.5 per sec) @ Ascaf_147:0-15099
PoolWorker-21,  processing 1091791 (33832.2 per sec) reads @ chr9:20000000-24303205
PoolWorker-21 countReadsInRegions_worker: processing 4303 (131.2 per sec) @ chr9:20000000-24303205
PoolWorker-21,  processing 1347804 (35088.9 per sec) reads @ chr2:15000000-20000000
PoolWorker-21 countReadsInRegions_worker: processing 5000 (127.9 per sec) @ chr2:15000000-20000000
PoolWorker-21,  processing 3373 (39259.3 per sec) reads @ Ascaf_152:0-12206
PoolWorker-21 countReadsInRegions_worker: processing 12 (96.6 per sec) @ Ascaf_152:0-12206
PoolWorker-21,  processing 1343833 (35334.9 per sec) reads @ chr7:5000000-10000000
PoolWorker-21 countReadsInRegions_worker: processing 5000 (129.3 per sec) @ chr7:5000000-10000000
PoolWorker-21,  processing 1373077 (38068.7 per sec) reads @ chr4:30000000-35000000
PoolWorker-21 countReadsInRegions_worker: processing 5000 (137.4 per sec) @ chr4:30000000-35000000
PoolWorker-21,  processing 1366786 (61473.1 per sec) reads @ chr16:5000000-10000000
PoolWorker-21 countReadsInRegions_worker: processing 5000 (221.4 per sec) @ chr16:5000000-10000000
PoolWorker-21,  processing 58234 (78400.3 per sec) reads @ Ascaf_48:0-71747
PoolWorker-21 countReadsInRegions_worker: processing 71 (93.3 per sec) @ Ascaf_48:0-71747
PoolWorker-29,  processing 1360387 (33970.0 per sec) reads @ chr4:10000000-15000000
PoolWorker-29 countReadsInRegions_worker: processing 5000 (121.7 per sec) @ chr4:10000000-15000000
PoolWorker-29,  processing 477 (65343.4 per sec) reads @ Ascaf_159:0-3139
PoolWorker-29 countReadsInRegions_worker: processing 3 (60.7 per sec) @ Ascaf_159:0-3139
PoolWorker-29,  processing 57389 (36534.9 per sec) reads @ Ascaf_72:0-46000
PoolWorker-29 countReadsInRegions_worker: processing 46 (28.2 per sec) @ Ascaf_72:0-46000
PoolWorker-29,  processing 789082 (34505.7 per sec) reads @ chr19:10000000-15000000
PoolWorker-29 countReadsInRegions_worker: processing 5000 (215.1 per sec) @ chr19:10000000-15000000
PoolWorker-29,  processing 814361 (34954.3 per sec) reads @ chr19:5000000-10000000
PoolWorker-29 countReadsInRegions_worker: processing 5000 (210.4 per sec) @ chr19:5000000-10000000
PoolWorker-29,  processing 1321923 (34638.8 per sec) reads @ chr21:5000000-10000000
PoolWorker-29 countReadsInRegions_worker: processing 5000 (128.3 per sec) @ chr21:5000000-10000000
PoolWorker-29,  processing 1321253 (35656.3 per sec) reads @ chr11:15000000-19299255
PoolWorker-29 countReadsInRegions_worker: processing 4299 (114.1 per sec) @ chr11:15000000-19299255
PoolWorker-29,  processing 679317 (35894.4 per sec) reads @ chr2:25000000-26977752
PoolWorker-29 countReadsInRegions_worker: processing 1977 (102.8 per sec) @ chr2:25000000-26977752
PoolWorker-29,  processing 1351201 (37893.3 per sec) reads @ chr12:10000000-15000000
PoolWorker-29 countReadsInRegions_worker: processing 5000 (138.6 per sec) @ chr12:10000000-15000000
PoolWorker-29,  processing 1324071 (55473.1 per sec) reads @ chr2:10000000-15000000
PoolWorker-29 countReadsInRegions_worker: processing 5000 (206.9 per sec) @ chr2:10000000-15000000
PoolWorker-29,  processing 198664 (75874.7 per sec) reads @ Ascaf_26:0-156806
PoolWorker-29 countReadsInRegions_worker: processing 156 (58.6 per sec) @ Ascaf_26:0-156806
PoolWorker-29,  processing 1315223 (75309.9 per sec) reads @ chr11:0-5000000
PoolWorker-29 countReadsInRegions_worker: processing 5000 (282.3 per sec) @ chr11:0-5000000
PoolWorker-20,  processing 2892 (66414.0 per sec) reads @ Ascaf_122:0-20728
PoolWorker-20 countReadsInRegions_worker: processing 20 (322.2 per sec) @ Ascaf_122:0-20728
PoolWorker-20,  processing 83930 (34278.1 per sec) reads @ Ascaf_41:0-90399
PoolWorker-20 countReadsInRegions_worker: processing 90 (35.7 per sec) @ Ascaf_41:0-90399
PoolWorker-20,  processing 1328241 (34370.2 per sec) reads @ chr8:10000000-15000000
PoolWorker-20 countReadsInRegions_worker: processing 5000 (126.3 per sec) @ chr8:10000000-15000000
PoolWorker-20,  processing 4380 (40153.3 per sec) reads @ Ascaf_141:0-15738
PoolWorker-20 countReadsInRegions_worker: processing 15 (99.4 per sec) @ Ascaf_141:0-15738
PoolWorker-20,  processing 1340912 (34193.1 per sec) reads @ chr12:5000000-10000000
PoolWorker-20 countReadsInRegions_worker: processing 5000 (125.1 per sec) @ chr12:5000000-10000000
PoolWorker-20,  processing 4121 (35683.3 per sec) reads @ Ascaf_131:0-18319
PoolWorker-20 countReadsInRegions_worker: processing 18 (119.0 per sec) @ Ascaf_131:0-18319
PoolWorker-20,  processing 3988 (40018.5 per sec) reads @ Ascaf_167:0-25000
PoolWorker-20 countReadsInRegions_worker: processing 25 (181.4 per sec) @ Ascaf_167:0-25000
PoolWorker-20,  processing 17615 (35905.2 per sec) reads @ Ascaf_65:0-47651
PoolWorker-20 countReadsInRegions_worker: processing 47 (87.3 per sec) @ Ascaf_65:0-47651
PoolWorker-20,  processing 416 (68875.8 per sec) reads @ Ascaf_162:0-1000
PoolWorker-20 countReadsInRegions_worker: processing 1 (18.8 per sec) @ Ascaf_162:0-1000
PoolWorker-20,  processing 1349146 (35420.0 per sec) reads @ chr12:15000000-20000000
PoolWorker-20 countReadsInRegions_worker: processing 5000 (128.6 per sec) @ chr12:15000000-20000000
PoolWorker-20,  processing 5319 (48040.6 per sec) reads @ Ascaf_111:0-25158
PoolWorker-20 countReadsInRegions_worker: processing 25 (166.5 per sec) @ Ascaf_111:0-25158
PoolWorker-20,  processing 5455 (69955.7 per sec) reads @ Ascaf_123:0-20153
PoolWorker-20 countReadsInRegions_worker: processing 20 (211.7 per sec) @ Ascaf_123:0-20153
PoolWorker-20,  processing 17771 (37477.3 per sec) reads @ Ascaf_105:0-29809
PoolWorker-20 countReadsInRegions_worker: processing 29 (59.8 per sec) @ Ascaf_105:0-29809
PoolWorker-20,  processing 7686 (38196.1 per sec) reads @ Ascaf_66:0-47454
PoolWorker-20 countReadsInRegions_worker: processing 47 (183.6 per sec) @ Ascaf_66:0-47454
PoolWorker-20,  processing 1305409 (34349.0 per sec) reads @ chr6:15000000-20000000
PoolWorker-20 countReadsInRegions_worker: processing 5000 (129.2 per sec) @ chr6:15000000-20000000
PoolWorker-20,  processing 6684 (38624.5 per sec) reads @ Ascaf_104:0-29894
PoolWorker-20 countReadsInRegions_worker: processing 29 (133.4 per sec) @ Ascaf_104:0-29894
PoolWorker-20,  processing 17485 (37712.9 per sec) reads @ Ascaf_106:0-29590
PoolWorker-20 countReadsInRegions_worker: processing 29 (57.0 per sec) @ Ascaf_106:0-29590
PoolWorker-20,  processing 331143 (35266.4 per sec) reads @ chr6:20000000-21248438
PoolWorker-20 countReadsInRegions_worker: processing 1248 (130.4 per sec) @ chr6:20000000-21248438
PoolWorker-20,  processing 10553 (37446.3 per sec) reads @ Ascaf_77:0-41997
PoolWorker-20 countReadsInRegions_worker: processing 41 (117.5 per sec) @ Ascaf_77:0-41997
PoolWorker-20,  processing 1312167 (34820.9 per sec) reads @ chr2:5000000-10000000
PoolWorker-20 countReadsInRegions_worker: processing 5000 (130.4 per sec) @ chr2:5000000-10000000
PoolWorker-20,  processing 76729 (36590.5 per sec) reads @ Ascaf_113:0-24387
PoolWorker-20 countReadsInRegions_worker: processing 24 (11.1 per sec) @ Ascaf_113:0-24387
PoolWorker-20,  processing 3384 (30875.9 per sec) reads @ Ascaf_130:0-18457
PoolWorker-20 countReadsInRegions_worker: processing 18 (120.0 per sec) @ Ascaf_130:0-18457
PoolWorker-20,  processing 1506891 (47543.8 per sec) reads @ chr21:15000000-19873525
PoolWorker-20 countReadsInRegions_worker: processing 4873 (152.1 per sec) @ chr21:15000000-19873525
PoolWorker-20,  processing 1346531 (76244.6 per sec) reads @ chr13:10000000-15000000
PoolWorker-20 countReadsInRegions_worker: processing 5000 (279.0 per sec) @ chr13:10000000-15000000
PoolWorker-32,  processing 1304848 (33558.4 per sec) reads @ chr2:0-5000000
PoolWorker-32 countReadsInRegions_worker: processing 5000 (125.5 per sec) @ chr2:0-5000000
PoolWorker-32,  processing 10303 (33632.8 per sec) reads @ Ascaf_76:0-42514
PoolWorker-32 countReadsInRegions_worker: processing 42 (120.4 per sec) @ Ascaf_76:0-42514
PoolWorker-32,  processing 183885 (37703.3 per sec) reads @ Ascaf_98:0-33222
PoolWorker-32 countReadsInRegions_worker: processing 33 (6.6 per sec) @ Ascaf_98:0-33222
PoolWorker-32,  processing 1601621 (35009.9 per sec) reads @ chr20:0-5000000
PoolWorker-32 countReadsInRegions_worker: processing 5000 (107.3 per sec) @ chr20:0-5000000
PoolWorker-32,  processing 8797 (36354.8 per sec) reads @ Ascaf_86:0-37568
PoolWorker-32 countReadsInRegions_worker: processing 37 (130.5 per sec) @ Ascaf_86:0-37568
PoolWorker-32,  processing 1397387 (34627.5 per sec) reads @ chr9:5000000-10000000
PoolWorker-32 countReadsInRegions_worker: processing 5000 (122.0 per sec) @ chr9:5000000-10000000
PoolWorker-32,  processing 2801 (43966.2 per sec) reads @ Ascaf_118:0-22120
PoolWorker-32 countReadsInRegions_worker: processing 22 (210.3 per sec) @ Ascaf_118:0-22120
PoolWorker-32,  processing 1324570 (35916.9 per sec) reads @ chr17:15000000-20000000
PoolWorker-32 countReadsInRegions_worker: processing 5000 (133.2 per sec) @ chr17:15000000-20000000
PoolWorker-32,  processing 18943 (36198.3 per sec) reads @ Ascaf_44:0-77777
PoolWorker-32 countReadsInRegions_worker: processing 77 (135.7 per sec) @ Ascaf_44:0-77777
PoolWorker-32,  processing 31768 (37344.7 per sec) reads @ Ascaf_37:0-98231
PoolWorker-32 countReadsInRegions_worker: processing 98 (109.2 per sec) @ Ascaf_37:0-98231
PoolWorker-32,  processing 2587 (42110.2 per sec) reads @ Ascaf_82:0-39089
PoolWorker-32 countReadsInRegions_worker: processing 39 (382.9 per sec) @ Ascaf_82:0-39089
PoolWorker-32,  processing 1345299 (35151.4 per sec) reads @ chr9:10000000-15000000
PoolWorker-32 countReadsInRegions_worker: processing 5000 (128.5 per sec) @ chr9:10000000-15000000
PoolWorker-32,  processing 1339650 (44981.9 per sec) reads @ chr16:10000000-15000000
PoolWorker-32 countReadsInRegions_worker: processing 5000 (164.8 per sec) @ chr16:10000000-15000000
PoolWorker-32,  processing 564898 (62314.3 per sec) reads @ chr16:20000000-22188971
PoolWorker-32 countReadsInRegions_worker: processing 2188 (237.5 per sec) @ chr16:20000000-22188971
PoolWorker-32,  processing 1291733 (76332.5 per sec) reads @ chr7:25000000-30000000
PoolWorker-32 countReadsInRegions_worker: processing 5000 (291.4 per sec) @ chr7:25000000-30000000
PoolWorker-32,  processing 10477 (48864.8 per sec) reads @ Ascaf_87:0-36937
PoolWorker-32 countReadsInRegions_worker: processing 36 (161.9 per sec) @ Ascaf_87:0-36937
PoolWorker-30,  processing 4445 (63246.1 per sec) reads @ Ascaf_142:0-15730
PoolWorker-30 countReadsInRegions_worker: processing 15 (185.7 per sec) @ Ascaf_142:0-15730
PoolWorker-30,  processing 34548 (37764.9 per sec) reads @ Ascaf_90:0-35566
PoolWorker-30 countReadsInRegions_worker: processing 35 (37.6 per sec) @ Ascaf_90:0-35566
PoolWorker-30,  processing 128107 (36002.7 per sec) reads @ Ascaf_53:0-64139
PoolWorker-30 countReadsInRegions_worker: processing 64 (17.4 per sec) @ Ascaf_53:0-64139
PoolWorker-30,  processing 11098 (33044.9 per sec) reads @ Ascaf_80:0-41014
PoolWorker-30 countReadsInRegions_worker: processing 41 (102.7 per sec) @ Ascaf_80:0-41014
PoolWorker-30,  processing 4844 (31394.8 per sec) reads @ Ascaf_132:0-17867
PoolWorker-30 countReadsInRegions_worker: processing 17 (78.4 per sec) @ Ascaf_132:0-17867
PoolWorker-30,  processing 40782 (34283.0 per sec) reads @ Ascaf_64:0-51000
PoolWorker-30 countReadsInRegions_worker: processing 51 (40.4 per sec) @ Ascaf_64:0-51000
PoolWorker-30,  processing 1308734 (34797.0 per sec) reads @ chr5:5000000-10000000
PoolWorker-30 countReadsInRegions_worker: processing 5000 (130.1 per sec) @ chr5:5000000-10000000
PoolWorker-30,  processing 107698 (35633.9 per sec) reads @ Ascaf_35:0-99371
PoolWorker-30 countReadsInRegions_worker: processing 99 (32.0 per sec) @ Ascaf_35:0-99371
PoolWorker-30,  processing 8364 (34747.8 per sec) reads @ Ascaf_85:0-37890
PoolWorker-30 countReadsInRegions_worker: processing 37 (130.9 per sec) @ Ascaf_85:0-37890
PoolWorker-30,  processing 78560 (48218.3 per sec) reads @ Ascaf_38:0-95573
PoolWorker-30 countReadsInRegions_worker: processing 95 (55.9 per sec) @ Ascaf_38:0-95573
PoolWorker-30,  processing 189291 (38204.3 per sec) reads @ Ascaf_28:0-145740
PoolWorker-30 countReadsInRegions_worker: processing 145 (28.6 per sec) @ Ascaf_28:0-145740
PoolWorker-30,  processing 33726 (37216.2 per sec) reads @ Ascaf_107:0-29490
PoolWorker-30 countReadsInRegions_worker: processing 29 (30.0 per sec) @ Ascaf_107:0-29490
PoolWorker-30,  processing 4065 (19592.1 per sec) reads @ Ascaf_138:0-16696
PoolWorker-30 countReadsInRegions_worker: processing 16 (64.0 per sec) @ Ascaf_138:0-16696
PoolWorker-30,  processing 19788 (31220.2 per sec) reads @ Ascaf_73:0-44649
PoolWorker-30 countReadsInRegions_worker: processing 44 (65.0 per sec) @ Ascaf_73:0-44649
PoolWorker-30,  processing 12522 (36318.4 per sec) reads @ Ascaf_70:0-46916
PoolWorker-30 countReadsInRegions_worker: processing 46 (118.4 per sec) @ Ascaf_70:0-46916
PoolWorker-30,  processing 982687 (34949.1 per sec) reads @ chr12:20000000-23704847
PoolWorker-30 countReadsInRegions_worker: processing 3704 (129.6 per sec) @ chr12:20000000-23704847
PoolWorker-30,  processing 83302 (37083.9 per sec) reads @ Ascaf_34:0-101478
PoolWorker-30 countReadsInRegions_worker: processing 101 (43.6 per sec) @ Ascaf_34:0-101478
PoolWorker-30,  processing 76176 (34609.5 per sec) reads @ Ascaf_57:0-58000
PoolWorker-30 countReadsInRegions_worker: processing 58 (25.5 per sec) @ Ascaf_57:0-58000
PoolWorker-30,  processing 1452158 (35873.4 per sec) reads @ chr16:0-5000000
PoolWorker-30 countReadsInRegions_worker: processing 5000 (121.4 per sec) @ chr16:0-5000000
PoolWorker-30,  processing 1490268 (35390.4 per sec) reads @ chr7:15000000-20000000
PoolWorker-30 countReadsInRegions_worker: processing 5000 (116.6 per sec) @ chr7:15000000-20000000
PoolWorker-30,  processing 573139 (37194.0 per sec) reads @ Ascaf_42:0-86089
PoolWorker-30 countReadsInRegions_worker: processing 86 (5.5 per sec) @ Ascaf_42:0-86089
PoolWorker-30,  processing 8213 (37632.2 per sec) reads @ Ascaf_100:0-32247
PoolWorker-30 countReadsInRegions_worker: processing 32 (123.0 per sec) @ Ascaf_100:0-32247
PoolWorker-30,  processing 153691 (36152.3 per sec) reads @ Ascaf_22:0-446888
PoolWorker-30 countReadsInRegions_worker: processing 446 (102.6 per sec) @ Ascaf_22:0-446888
PoolWorker-30,  processing 21960 (31150.4 per sec) reads @ Ascaf_71:0-32519
PoolWorker-30 countReadsInRegions_worker: processing 32 (42.7 per sec) @ Ascaf_71:0-32519
PoolWorker-30,  processing 1374936 (39012.0 per sec) reads @ chr18:5000000-10000000
PoolWorker-30 countReadsInRegions_worker: processing 5000 (139.6 per sec) @ chr18:5000000-10000000
PoolWorker-30,  processing 1268090 (59037.9 per sec) reads @ chr13:20000000-24369283
PoolWorker-30 countReadsInRegions_worker: processing 4369 (201.0 per sec) @ chr13:20000000-24369283
PoolWorker-30,  processing 4153 (25010.7 per sec) reads @ Ascaf_148:0-14976
PoolWorker-30 countReadsInRegions_worker: processing 14 (80.3 per sec) @ Ascaf_148:0-14976
PoolWorker-30,  processing 1320794 (78161.1 per sec) reads @ chr8:5000000-10000000
PoolWorker-30 countReadsInRegions_worker: processing 5000 (290.8 per sec) @ chr8:5000000-10000000
PoolWorker-27,  processing 962398 (32996.1 per sec) reads @ chr14:15000000-18637407
PoolWorker-27 countReadsInRegions_worker: processing 3637 (121.9 per sec) @ chr14:15000000-18637407
PoolWorker-27,  processing 494 (55662.6 per sec) reads @ Ascaf_164:0-1000
PoolWorker-27 countReadsInRegions_worker: processing 1 (20.3 per sec) @ Ascaf_164:0-1000
PoolWorker-27,  processing 2453 (41065.5 per sec) reads @ Ascaf_153:0-10046
PoolWorker-27 countReadsInRegions_worker: processing 10 (100.1 per sec) @ Ascaf_153:0-10046
PoolWorker-27,  processing 1558946 (34673.5 per sec) reads @ chr6:0-5000000
PoolWorker-27 countReadsInRegions_worker: processing 5000 (109.1 per sec) @ chr6:0-5000000
PoolWorker-27,  processing 1374860 (35086.7 per sec) reads @ chr2:20000000-25000000
PoolWorker-27 countReadsInRegions_worker: processing 5000 (125.2 per sec) @ chr2:20000000-25000000
PoolWorker-27,  processing 215236 (36315.9 per sec) reads @ Ascaf_74:0-44000
PoolWorker-27 countReadsInRegions_worker: processing 44 (7.3 per sec) @ Ascaf_74:0-44000
PoolWorker-27,  processing 13977 (36455.1 per sec) reads @ Ascaf_81:0-40000
PoolWorker-27 countReadsInRegions_worker: processing 40 (93.5 per sec) @ Ascaf_81:0-40000
PoolWorker-27,  processing 82276 (35453.5 per sec) reads @ chr3:20000000-20313673
PoolWorker-27 countReadsInRegions_worker: processing 313 (132.4 per sec) @ chr3:20000000-20313673
PoolWorker-27,  processing 1277972 (33784.3 per sec) reads @ chr3:15000000-20000000
PoolWorker-27 countReadsInRegions_worker: processing 5000 (130.3 per sec) @ chr3:15000000-20000000
PoolWorker-27,  processing 10908 (37075.3 per sec) reads @ Ascaf_78:0-41577
PoolWorker-27 countReadsInRegions_worker: processing 41 (122.0 per sec) @ Ascaf_78:0-41577
PoolWorker-27,  processing 1452448 (33983.1 per sec) reads @ chr12:0-5000000
PoolWorker-27 countReadsInRegions_worker: processing 5000 (115.1 per sec) @ chr12:0-5000000
PoolWorker-27,  processing 5461 (42943.9 per sec) reads @ Ascaf_135:0-17087
PoolWorker-27 countReadsInRegions_worker: processing 17 (102.4 per sec) @ Ascaf_135:0-17087
PoolWorker-27,  processing 1215711 (43889.9 per sec) reads @ chr10:15000000-19005646
PoolWorker-27 countReadsInRegions_worker: processing 4005 (142.9 per sec) @ chr10:15000000-19005646
PoolWorker-27,  processing 1377236 (67318.9 per sec) reads @ chr4:15000000-20000000
PoolWorker-27 countReadsInRegions_worker: processing 5000 (240.9 per sec) @ chr4:15000000-20000000
PoolWorker-27,  processing 1431090 (79692.4 per sec) reads @ chr3:0-5000000
PoolWorker-27 countReadsInRegions_worker: processing 5000 (274.0 per sec) @ chr3:0-5000000
PoolWorker-27,  processing 1333683 (84627.1 per sec) reads @ chr10:0-5000000
PoolWorker-27 countReadsInRegions_worker: processing 5000 (312.1 per sec) @ chr10:0-5000000
output file: /storage/scratch/iee/dj20y461/Stickleback/Y_comp/Sex_chrom_stats/Read_depths/Gw/depths/Gw8a_M.1kb.RPKM.depth
