genome partition size for multiprocessing: 1000000
using 16 processors for 657 number of tasks
Final scaling factor: 0.00650519298823
PoolWorker-30,  processing 1438756 (33058.3 per sec) reads @ chr18:10000000-15000000
PoolWorker-30 countReadsInRegions_worker: processing 5000 (112.1 per sec) @ chr18:10000000-15000000
PoolWorker-30,  processing 1663259 (34016.0 per sec) reads @ chr6:0-5000000
PoolWorker-30 countReadsInRegions_worker: processing 5000 (100.3 per sec) @ chr6:0-5000000
PoolWorker-30,  processing 1898724 (33854.0 per sec) reads @ chr14:5000000-10000000
PoolWorker-30 countReadsInRegions_worker: processing 5000 (87.6 per sec) @ chr14:5000000-10000000
PoolWorker-30,  processing 1434966 (33936.4 per sec) reads @ chr17:0-5000000
PoolWorker-30 countReadsInRegions_worker: processing 5000 (116.1 per sec) @ chr17:0-5000000
PoolWorker-30,  processing 1478436 (34603.4 per sec) reads @ chr4:30000000-35000000
PoolWorker-30 countReadsInRegions_worker: processing 5000 (114.7 per sec) @ chr4:30000000-35000000
PoolWorker-30,  processing 12748 (37698.8 per sec) reads @ Ascaf_56:0-58445
PoolWorker-30 countReadsInRegions_worker: processing 58 (153.3 per sec) @ Ascaf_56:0-58445
PoolWorker-30,  processing 36189 (38112.7 per sec) reads @ Ascaf_48:0-71747
PoolWorker-30 countReadsInRegions_worker: processing 71 (70.5 per sec) @ Ascaf_48:0-71747
PoolWorker-30,  processing 101523 (35504.1 per sec) reads @ Ascaf_41:0-90399
PoolWorker-30 countReadsInRegions_worker: processing 90 (30.5 per sec) @ Ascaf_41:0-90399
PoolWorker-30,  processing 3852 (33862.9 per sec) reads @ Ascaf_139:0-16678
PoolWorker-30 countReadsInRegions_worker: processing 16 (101.8 per sec) @ Ascaf_139:0-16678
PoolWorker-30,  processing 55051 (36597.0 per sec) reads @ Ascaf_124:0-19772
PoolWorker-30 countReadsInRegions_worker: processing 19 (12.2 per sec) @ Ascaf_124:0-19772
PoolWorker-30,  processing 260 (63960.1 per sec) reads @ Ascaf_162:0-1000
PoolWorker-30 countReadsInRegions_worker: processing 1 (22.6 per sec) @ Ascaf_162:0-1000
PoolWorker-30,  processing 124006 (36502.5 per sec) reads @ Ascaf_34:0-101478
PoolWorker-30 countReadsInRegions_worker: processing 101 (29.1 per sec) @ Ascaf_34:0-101478
PoolWorker-17,  processing 1413186 (32546.9 per sec) reads @ chr4:35000000-40000000
PoolWorker-17 countReadsInRegions_worker: processing 5000 (112.4 per sec) @ chr4:35000000-40000000
PoolWorker-17,  processing 874812 (34021.0 per sec) reads @ chr20:20000000-22998664
PoolWorker-17 countReadsInRegions_worker: processing 2998 (114.7 per sec) @ chr20:20000000-22998664
PoolWorker-17,  processing 1454246 (34173.2 per sec) reads @ chr8:15000000-20000000
PoolWorker-17 countReadsInRegions_worker: processing 5000 (115.5 per sec) @ chr8:15000000-20000000
PoolWorker-17,  processing 2856323 (33216.1 per sec) reads @ chr19:0-5000000
PoolWorker-17 countReadsInRegions_worker: processing 5000 (57.1 per sec) @ chr19:0-5000000
PoolWorker-17,  processing 10942 (36745.4 per sec) reads @ Ascaf_83:0-38959
PoolWorker-17 countReadsInRegions_worker: processing 38 (111.6 per sec) @ Ascaf_83:0-38959
PoolWorker-17,  processing 1521304 (34424.2 per sec) reads @ chr1:25000000-30000000
PoolWorker-17 countReadsInRegions_worker: processing 5000 (111.3 per sec) @ chr1:25000000-30000000
PoolWorker-17,  processing 6921 (36633.6 per sec) reads @ Ascaf_112:0-24428
PoolWorker-17 countReadsInRegions_worker: processing 24 (104.3 per sec) @ Ascaf_112:0-24428
PoolWorker-17,  processing 85633 (35527.2 per sec) reads @ chr3:20000000-20313673
PoolWorker-17 countReadsInRegions_worker: processing 313 (126.2 per sec) @ chr3:20000000-20313673
PoolWorker-21,  processing 1430186 (33188.9 per sec) reads @ chr12:10000000-15000000
PoolWorker-21 countReadsInRegions_worker: processing 5000 (113.1 per sec) @ chr12:10000000-15000000
PoolWorker-21,  processing 12919 (37334.9 per sec) reads @ Ascaf_55:0-59833
PoolWorker-21 countReadsInRegions_worker: processing 59 (150.9 per sec) @ Ascaf_55:0-59833
PoolWorker-21,  processing 6299 (37564.3 per sec) reads @ Ascaf_117:0-22832
PoolWorker-21 countReadsInRegions_worker: processing 22 (105.4 per sec) @ Ascaf_117:0-22832
PoolWorker-21,  processing 1103778 (33075.5 per sec) reads @ chr17:20000000-23682274
PoolWorker-21 countReadsInRegions_worker: processing 3682 (108.1 per sec) @ chr17:20000000-23682274
PoolWorker-21,  processing 436 (65055.7 per sec) reads @ Ascaf_157:0-3527
PoolWorker-21 countReadsInRegions_worker: processing 3 (61.4 per sec) @ Ascaf_157:0-3527
PoolWorker-21,  processing 1423453 (34247.3 per sec) reads @ chr16:10000000-15000000
PoolWorker-21 countReadsInRegions_worker: processing 5000 (118.4 per sec) @ chr16:10000000-15000000
PoolWorker-21,  processing 48945 (37085.6 per sec) reads @ Ascaf_79:0-41364
PoolWorker-21 countReadsInRegions_worker: processing 41 (29.9 per sec) @ Ascaf_79:0-41364
PoolWorker-21,  processing 1338870 (34105.6 per sec) reads @ chr21:0-5000000
PoolWorker-21 countReadsInRegions_worker: processing 5000 (125.3 per sec) @ chr21:0-5000000
PoolWorker-21,  processing 1583481 (34932.3 per sec) reads @ chr7:15000000-20000000
PoolWorker-21 countReadsInRegions_worker: processing 5000 (108.6 per sec) @ chr7:15000000-20000000
PoolWorker-21,  processing 1435672 (33962.5 per sec) reads @ chr15:5000000-10000000
PoolWorker-21 countReadsInRegions_worker: processing 5000 (116.7 per sec) @ chr15:5000000-10000000
PoolWorker-21,  processing 11841 (32804.3 per sec) reads @ Ascaf_69:0-44691
PoolWorker-21 countReadsInRegions_worker: processing 44 (108.8 per sec) @ Ascaf_69:0-44691
PoolWorker-21,  processing 5520 (39338.6 per sec) reads @ Ascaf_125:0-19664
PoolWorker-21 countReadsInRegions_worker: processing 19 (106.1 per sec) @ Ascaf_125:0-19664
PoolWorker-25,  processing 5599 (69718.1 per sec) reads @ Ascaf_135:0-17087
PoolWorker-25 countReadsInRegions_worker: processing 17 (189.1 per sec) @ Ascaf_135:0-17087
PoolWorker-25,  processing 925 (34990.0 per sec) reads @ Ascaf_158:0-3231
PoolWorker-25 countReadsInRegions_worker: processing 3 (54.0 per sec) @ Ascaf_158:0-3231
PoolWorker-25,  processing 17349 (38246.9 per sec) reads @ Ascaf_71:0-32519
PoolWorker-25 countReadsInRegions_worker: processing 32 (64.9 per sec) @ Ascaf_71:0-32519
PoolWorker-25,  processing 5201 (36297.0 per sec) reads @ Ascaf_111:0-25158
PoolWorker-25 countReadsInRegions_worker: processing 25 (127.8 per sec) @ Ascaf_111:0-25158
PoolWorker-25,  processing 1289663 (33473.0 per sec) reads @ chr10:15000000-19005646
PoolWorker-25 countReadsInRegions_worker: processing 4005 (101.3 per sec) @ chr10:15000000-19005646
PoolWorker-25,  processing 838581 (34140.0 per sec) reads @ chr19:10000000-15000000
PoolWorker-25 countReadsInRegions_worker: processing 5000 (199.8 per sec) @ chr19:10000000-15000000
PoolWorker-25,  processing 1427792 (33290.5 per sec) reads @ chr8:0-5000000
PoolWorker-25 countReadsInRegions_worker: processing 5000 (114.4 per sec) @ chr8:0-5000000
PoolWorker-25,  processing 458296 (35747.6 per sec) reads @ Ascaf_42:0-86089
PoolWorker-25 countReadsInRegions_worker: processing 86 (6.6 per sec) @ Ascaf_42:0-86089
PoolWorker-25,  processing 4337 (40437.1 per sec) reads @ Ascaf_148:0-14976
PoolWorker-25 countReadsInRegions_worker: processing 14 (92.9 per sec) @ Ascaf_148:0-14976
PoolWorker-25,  processing 1436739 (33447.0 per sec) reads @ chr1:0-5000000
PoolWorker-25 countReadsInRegions_worker: processing 5000 (113.9 per sec) @ chr1:0-5000000
PoolWorker-25,  processing 7772 (38019.6 per sec) reads @ Ascaf_104:0-29894
PoolWorker-25 countReadsInRegions_worker: processing 29 (116.7 per sec) @ Ascaf_104:0-29894
PoolWorker-25,  processing 12284 (33519.8 per sec) reads @ Ascaf_63:0-51776
PoolWorker-25 countReadsInRegions_worker: processing 51 (123.7 per sec) @ Ascaf_63:0-51776
PoolWorker-25,  processing 1419835 (34886.0 per sec) reads @ chr4:5000000-10000000
PoolWorker-25 countReadsInRegions_worker: processing 5000 (120.7 per sec) @ chr4:5000000-10000000
PoolWorker-25,  processing 9199 (36114.7 per sec) reads @ Ascaf_94:0-33862
PoolWorker-25 countReadsInRegions_worker: processing 33 (110.4 per sec) @ Ascaf_94:0-33862
PoolWorker-25,  processing 1590357 (34529.7 per sec) reads @ chr12:0-5000000
PoolWorker-25 countReadsInRegions_worker: processing 5000 (106.9 per sec) @ chr12:0-5000000
PoolWorker-25,  processing 9950 (66995.3 per sec) reads @ Ascaf_86:0-37568
PoolWorker-25 countReadsInRegions_worker: processing 37 (233.6 per sec) @ Ascaf_86:0-37568
PoolWorker-26,  processing 39090 (34333.3 per sec) reads @ Ascaf_23:0-264707
PoolWorker-26 countReadsInRegions_worker: processing 264 (223.3 per sec) @ Ascaf_23:0-264707
PoolWorker-26,  processing 1084216 (32865.4 per sec) reads @ chr7:30000000-33914388
PoolWorker-26 countReadsInRegions_worker: processing 3914 (115.8 per sec) @ chr7:30000000-33914388
PoolWorker-26,  processing 1399540 (33305.1 per sec) reads @ chr4:0-5000000
PoolWorker-26 countReadsInRegions_worker: processing 5000 (117.0 per sec) @ chr4:0-5000000
PoolWorker-26,  processing 3833 (16597.1 per sec) reads @ Ascaf_146:0-15502
PoolWorker-26 countReadsInRegions_worker: processing 15 (54.7 per sec) @ Ascaf_146:0-15502
PoolWorker-26,  processing 7874 (25072.4 per sec) reads @ Ascaf_108:0-29345
PoolWorker-26 countReadsInRegions_worker: processing 29 (81.6 per sec) @ Ascaf_108:0-29345
PoolWorker-26,  processing 8860 (36309.7 per sec) reads @ Ascaf_99:0-33167
PoolWorker-26 countReadsInRegions_worker: processing 33 (114.9 per sec) @ Ascaf_99:0-33167
PoolWorker-26,  processing 5596 (35324.1 per sec) reads @ Ascaf_127:0-19159
PoolWorker-26 countReadsInRegions_worker: processing 19 (94.6 per sec) @ Ascaf_127:0-19159
PoolWorker-26,  processing 123370 (35936.4 per sec) reads @ Ascaf_120:0-22000
PoolWorker-26 countReadsInRegions_worker: processing 22 (6.3 per sec) @ Ascaf_120:0-22000
PoolWorker-26,  processing 1403477 (34988.2 per sec) reads @ chr17:15000000-20000000
PoolWorker-26 countReadsInRegions_worker: processing 5000 (122.2 per sec) @ chr17:15000000-20000000
PoolWorker-26,  processing 1316093 (33541.5 per sec) reads @ chr13:20000000-24369283
PoolWorker-26 countReadsInRegions_worker: processing 4369 (109.5 per sec) @ chr13:20000000-24369283
PoolWorker-26,  processing 1408545 (34940.3 per sec) reads @ chr2:10000000-15000000
PoolWorker-26 countReadsInRegions_worker: processing 5000 (121.6 per sec) @ chr2:10000000-15000000
PoolWorker-26,  processing 11734 (35867.4 per sec) reads @ Ascaf_80:0-41014
PoolWorker-26 countReadsInRegions_worker: processing 41 (106.7 per sec) @ Ascaf_80:0-41014
PoolWorker-26,  processing 1769466 (36087.5 per sec) reads @ chr1:20000000-25000000
PoolWorker-26 countReadsInRegions_worker: processing 5000 (101.1 per sec) @ chr1:20000000-25000000
PoolWorker-26,  processing 2177 (37020.1 per sec) reads @ Ascaf_115:0-24004
PoolWorker-26 countReadsInRegions_worker: processing 24 (241.2 per sec) @ Ascaf_115:0-24004
PoolWorker-26,  processing 10910 (27550.4 per sec) reads @ Ascaf_87:0-36937
PoolWorker-26 countReadsInRegions_worker: processing 36 (79.8 per sec) @ Ascaf_87:0-36937
PoolWorker-26,  processing 35545 (38375.5 per sec) reads @ Ascaf_84:0-38148
PoolWorker-26 countReadsInRegions_worker: processing 38 (38.7 per sec) @ Ascaf_84:0-38148
PoolWorker-24,  processing 14382 (36614.0 per sec) reads @ Ascaf_58:0-57612
PoolWorker-24 countReadsInRegions_worker: processing 57 (110.4 per sec) @ Ascaf_58:0-57612
PoolWorker-24,  processing 149658 (34482.2 per sec) reads @ Ascaf_25:0-178627
PoolWorker-24 countReadsInRegions_worker: processing 178 (39.9 per sec) @ Ascaf_25:0-178627
PoolWorker-24,  processing 2687 (28854.0 per sec) reads @ Ascaf_116:0-22916
PoolWorker-24 countReadsInRegions_worker: processing 22 (145.4 per sec) @ Ascaf_116:0-22916
PoolWorker-24,  processing 4080 (44810.1 per sec) reads @ Ascaf_128:0-19120
PoolWorker-24 countReadsInRegions_worker: processing 19 (123.8 per sec) @ Ascaf_128:0-19120
PoolWorker-24,  processing 346813 (31940.0 per sec) reads @ chr6:20000000-21248438
PoolWorker-24 countReadsInRegions_worker: processing 1248 (112.5 per sec) @ chr6:20000000-21248438
PoolWorker-24,  processing 1418913 (34156.4 per sec) reads @ chr2:15000000-20000000
PoolWorker-24 countReadsInRegions_worker: processing 5000 (118.0 per sec) @ chr2:15000000-20000000
PoolWorker-24,  processing 12152 (38612.7 per sec) reads @ Ascaf_78:0-41577
PoolWorker-24 countReadsInRegions_worker: processing 41 (116.9 per sec) @ Ascaf_78:0-41577
PoolWorker-24,  processing 3088 (44452.1 per sec) reads @ Ascaf_145:0-15510
PoolWorker-24 countReadsInRegions_worker: processing 15 (133.8 per sec) @ Ascaf_145:0-15510
PoolWorker-24,  processing 19025 (28680.1 per sec) reads @ Ascaf_31:0-121444
PoolWorker-24 countReadsInRegions_worker: processing 121 (167.8 per sec) @ Ascaf_31:0-121444
PoolWorker-24,  processing 139135 (36400.7 per sec) reads @ Ascaf_30:0-130979
PoolWorker-24 countReadsInRegions_worker: processing 130 (33.2 per sec) @ Ascaf_30:0-130979
PoolWorker-24,  processing 243004 (35093.8 per sec) reads @ chr4:40000000-40647937
PoolWorker-24 countReadsInRegions_worker: processing 647 (91.4 per sec) @ chr4:40000000-40647937
PoolWorker-24,  processing 194252 (36667.8 per sec) reads @ Ascaf_98:0-33222
PoolWorker-24 countReadsInRegions_worker: processing 33 (6.1 per sec) @ Ascaf_98:0-33222
PoolWorker-24,  processing 1361725 (33381.0 per sec) reads @ chr3:15000000-20000000
PoolWorker-24 countReadsInRegions_worker: processing 5000 (120.6 per sec) @ chr3:15000000-20000000
PoolWorker-24,  processing 13699 (35062.6 per sec) reads @ Ascaf_62:0-52951
PoolWorker-24 countReadsInRegions_worker: processing 52 (121.3 per sec) @ Ascaf_62:0-52951
PoolWorker-24,  processing 1458349 (34480.3 per sec) reads @ chr4:15000000-20000000
PoolWorker-24 countReadsInRegions_worker: processing 5000 (116.5 per sec) @ chr4:15000000-20000000
PoolWorker-24,  processing 1261048 (35172.7 per sec) reads @ chr5:15000000-18670498
PoolWorker-24 countReadsInRegions_worker: processing 3670 (100.6 per sec) @ chr5:15000000-18670498
PoolWorker-24,  processing 5349 (37998.2 per sec) reads @ Ascaf_167:0-25000
PoolWorker-24 countReadsInRegions_worker: processing 25 (137.5 per sec) @ Ascaf_167:0-25000
PoolWorker-24,  processing 1479024 (34446.4 per sec) reads @ chr4:10000000-15000000
PoolWorker-24 countReadsInRegions_worker: processing 5000 (114.2 per sec) @ chr4:10000000-15000000
PoolWorker-24,  processing 102916 (35258.8 per sec) reads @ Ascaf_32:0-110405
PoolWorker-24 countReadsInRegions_worker: processing 110 (36.7 per sec) @ Ascaf_32:0-110405
PoolWorker-24,  processing 794109 (42417.3 per sec) reads @ chr19:15000000-20000000
PoolWorker-24 countReadsInRegions_worker: processing 5000 (264.2 per sec) @ chr19:15000000-20000000
PoolWorker-18,  processing 454 (64425.1 per sec) reads @ Ascaf_159:0-3139
PoolWorker-18 countReadsInRegions_worker: processing 3 (61.5 per sec) @ Ascaf_159:0-3139
PoolWorker-18,  processing 3645 (53355.0 per sec) reads @ Ascaf_118:0-22120
PoolWorker-18 countReadsInRegions_worker: processing 22 (199.7 per sec) @ Ascaf_118:0-22120
PoolWorker-18,  processing 168 (45652.3 per sec) reads @ Ascaf_163:0-1000
PoolWorker-18 countReadsInRegions_worker: processing 1 (13.7 per sec) @ Ascaf_163:0-1000
PoolWorker-18,  processing 870561 (32741.6 per sec) reads @ chr19:5000000-10000000
PoolWorker-18 countReadsInRegions_worker: processing 5000 (183.3 per sec) @ chr19:5000000-10000000
PoolWorker-18,  processing 1398681 (33227.7 per sec) reads @ chr2:0-5000000
PoolWorker-18 countReadsInRegions_worker: processing 5000 (116.4 per sec) @ chr2:0-5000000
PoolWorker-18,  processing 5415 (22415.0 per sec) reads @ Ascaf_132:0-17867
PoolWorker-18 countReadsInRegions_worker: processing 17 (59.6 per sec) @ Ascaf_132:0-17867
PoolWorker-18,  processing 1436587 (33979.4 per sec) reads @ chr12:15000000-20000000
PoolWorker-18 countReadsInRegions_worker: processing 5000 (116.2 per sec) @ chr12:15000000-20000000
PoolWorker-18,  processing 1450875 (34360.5 per sec) reads @ chr6:5000000-10000000
PoolWorker-18 countReadsInRegions_worker: processing 5000 (116.4 per sec) @ chr6:5000000-10000000
PoolWorker-18,  processing 13901 (35845.6 per sec) reads @ Ascaf_133:0-49732
PoolWorker-18 countReadsInRegions_worker: processing 49 (110.1 per sec) @ Ascaf_133:0-49732
PoolWorker-18,  processing 1544472 (34029.7 per sec) reads @ chr3:0-5000000
PoolWorker-18 countReadsInRegions_worker: processing 5000 (108.6 per sec) @ chr3:0-5000000
PoolWorker-18,  processing 2716 (41971.9 per sec) reads @ Ascaf_140:0-15786
PoolWorker-18 countReadsInRegions_worker: processing 15 (138.7 per sec) @ Ascaf_140:0-15786
PoolWorker-18,  processing 1103374 (35493.3 per sec) reads @ chr8:20000000-23122080
PoolWorker-18 countReadsInRegions_worker: processing 3122 (99.1 per sec) @ chr8:20000000-23122080
PoolWorker-18,  processing 50663 (36557.9 per sec) reads @ Ascaf_137:0-17000
PoolWorker-18 countReadsInRegions_worker: processing 17 (11.7 per sec) @ Ascaf_137:0-17000
PoolWorker-18,  processing 35759 (33275.1 per sec) reads @ Ascaf_37:0-98231
PoolWorker-18 countReadsInRegions_worker: processing 98 (86.5 per sec) @ Ascaf_37:0-98231
PoolWorker-18,  processing 1444887 (47341.2 per sec) reads @ chr16:5000000-10000000
PoolWorker-18 countReadsInRegions_worker: processing 5000 (161.7 per sec) @ chr16:5000000-10000000
PoolWorker-18,  processing 10053 (70826.6 per sec) reads @ Ascaf_91:0-34837
PoolWorker-18 countReadsInRegions_worker: processing 34 (224.5 per sec) @ Ascaf_91:0-34837
PoolWorker-23,  processing 5026 (32789.0 per sec) reads @ Ascaf_134:0-17659
PoolWorker-23 countReadsInRegions_worker: processing 17 (91.4 per sec) @ Ascaf_134:0-17659
PoolWorker-23,  processing 45931 (36842.9 per sec) reads @ Ascaf_52:0-64568
PoolWorker-23 countReadsInRegions_worker: processing 64 (48.6 per sec) @ Ascaf_52:0-64568
PoolWorker-23,  processing 1418038 (32867.8 per sec) reads @ chr1:5000000-10000000
PoolWorker-23 countReadsInRegions_worker: processing 5000 (113.3 per sec) @ chr1:5000000-10000000
PoolWorker-23,  processing 1386465 (33773.5 per sec) reads @ chr11:0-5000000
PoolWorker-23 countReadsInRegions_worker: processing 5000 (119.8 per sec) @ chr11:0-5000000
PoolWorker-23,  processing 2625 (29995.9 per sec) reads @ Ascaf_153:0-10046
PoolWorker-23 countReadsInRegions_worker: processing 10 (76.7 per sec) @ Ascaf_153:0-10046
PoolWorker-23,  processing 4317 (37778.6 per sec) reads @ Ascaf_54:0-60000
PoolWorker-23 countReadsInRegions_worker: processing 60 (385.6 per sec) @ Ascaf_54:0-60000
PoolWorker-23,  processing 25329 (36789.4 per sec) reads @ Ascaf_142:0-15730
PoolWorker-23 countReadsInRegions_worker: processing 15 (20.1 per sec) @ Ascaf_142:0-15730
PoolWorker-23,  processing 8353 (32107.4 per sec) reads @ Ascaf_109:0-28244
PoolWorker-23 countReadsInRegions_worker: processing 28 (92.8 per sec) @ Ascaf_109:0-28244
PoolWorker-23,  processing 37486 (37104.0 per sec) reads @ Ascaf_114:0-24031
PoolWorker-23 countReadsInRegions_worker: processing 24 (22.4 per sec) @ Ascaf_114:0-24031
PoolWorker-23,  processing 6309 (37332.4 per sec) reads @ Ascaf_103:0-30986
PoolWorker-23 countReadsInRegions_worker: processing 30 (140.9 per sec) @ Ascaf_103:0-30986
PoolWorker-23,  processing 12157 (35612.9 per sec) reads @ Ascaf_161:0-1000
PoolWorker-23 countReadsInRegions_worker: processing 1 (2.6 per sec) @ Ascaf_161:0-1000
PoolWorker-23,  processing 4988 (35934.0 per sec) reads @ Ascaf_136:0-17062
PoolWorker-23 countReadsInRegions_worker: processing 17 (94.3 per sec) @ Ascaf_136:0-17062
PoolWorker-23,  processing 88444 (36394.6 per sec) reads @ Ascaf_119:0-22101
PoolWorker-23 countReadsInRegions_worker: processing 22 (8.8 per sec) @ Ascaf_119:0-22101
PoolWorker-23,  processing 21933 (36396.2 per sec) reads @ Ascaf_106:0-29590
PoolWorker-23 countReadsInRegions_worker: processing 29 (44.7 per sec) @ Ascaf_106:0-29590
PoolWorker-23,  processing 7284 (34094.9 per sec) reads @ Ascaf_126:0-19574
PoolWorker-23 countReadsInRegions_worker: processing 19 (74.5 per sec) @ Ascaf_126:0-19574
PoolWorker-23,  processing 67764 (36090.5 per sec) reads @ Ascaf_110:0-27536
PoolWorker-23 countReadsInRegions_worker: processing 27 (13.9 per sec) @ Ascaf_110:0-27536
PoolWorker-23,  processing 12637 (29950.4 per sec) reads @ Ascaf_68:0-47437
PoolWorker-23 countReadsInRegions_worker: processing 47 (101.2 per sec) @ Ascaf_68:0-47437
PoolWorker-23,  processing 1554047 (34473.0 per sec) reads @ chr16:0-5000000
PoolWorker-23 countReadsInRegions_worker: processing 5000 (108.7 per sec) @ chr16:0-5000000
PoolWorker-23,  processing 283807 (36736.5 per sec) reads @ Ascaf_45:0-74461
PoolWorker-23 countReadsInRegions_worker: processing 74 (9.4 per sec) @ Ascaf_45:0-74461
PoolWorker-23,  processing 1469632 (34067.0 per sec) reads @ chr3:5000000-10000000
PoolWorker-23 countReadsInRegions_worker: processing 5000 (114.1 per sec) @ chr3:5000000-10000000
PoolWorker-23,  processing 1487271 (34006.5 per sec) reads @ chr10:10000000-15000000
PoolWorker-23 countReadsInRegions_worker: processing 5000 (112.4 per sec) @ chr10:10000000-15000000
PoolWorker-23,  processing 41652 (35353.6 per sec) reads @ Ascaf_166:0-50000
PoolWorker-23 countReadsInRegions_worker: processing 50 (40.4 per sec) @ Ascaf_166:0-50000
PoolWorker-23,  processing 7436 (40658.5 per sec) reads @ Ascaf_95:0-33544
PoolWorker-23 countReadsInRegions_worker: processing 33 (154.7 per sec) @ Ascaf_95:0-33544
PoolWorker-23,  processing 1415518 (48278.4 per sec) reads @ chr20:15000000-20000000
PoolWorker-23 countReadsInRegions_worker: processing 5000 (168.3 per sec) @ chr20:15000000-20000000
PoolWorker-28,  processing 14230 (35244.4 per sec) reads @ Ascaf_81:0-40000
PoolWorker-28 countReadsInRegions_worker: processing 40 (94.6 per sec) @ Ascaf_81:0-40000
PoolWorker-28,  processing 88558 (36348.6 per sec) reads @ Ascaf_113:0-24387
PoolWorker-28 countReadsInRegions_worker: processing 24 (9.4 per sec) @ Ascaf_113:0-24387
PoolWorker-28,  processing 4695 (39940.1 per sec) reads @ Ascaf_131:0-18319
PoolWorker-28 countReadsInRegions_worker: processing 18 (101.2 per sec) @ Ascaf_131:0-18319
PoolWorker-28,  processing 303 (65739.4 per sec) reads @ Ascaf_160:0-2000
PoolWorker-28 countReadsInRegions_worker: processing 2 (31.5 per sec) @ Ascaf_160:0-2000
PoolWorker-28,  processing 1404615 (32879.6 per sec) reads @ chr20:5000000-10000000
PoolWorker-28 countReadsInRegions_worker: processing 5000 (114.0 per sec) @ chr20:5000000-10000000
PoolWorker-28,  processing 1412982 (34041.4 per sec) reads @ chr6:10000000-15000000
PoolWorker-28 countReadsInRegions_worker: processing 5000 (118.0 per sec) @ chr6:10000000-15000000
PoolWorker-28,  processing 1452367 (34162.5 per sec) reads @ chr11:5000000-10000000
PoolWorker-28 countReadsInRegions_worker: processing 5000 (115.3 per sec) @ chr11:5000000-10000000
PoolWorker-28,  processing 108616 (37229.5 per sec) reads @ Ascaf_50:0-70692
PoolWorker-28 countReadsInRegions_worker: processing 70 (23.3 per sec) @ Ascaf_50:0-70692
PoolWorker-28,  processing 1503067 (34619.7 per sec) reads @ chr15:15000000-20000000
PoolWorker-28 countReadsInRegions_worker: processing 5000 (113.4 per sec) @ chr15:15000000-20000000
PoolWorker-28,  processing 62357 (36475.2 per sec) reads @ Ascaf_29:0-143722
PoolWorker-28 countReadsInRegions_worker: processing 143 (79.8 per sec) @ Ascaf_29:0-143722
PoolWorker-28,  processing 226201 (36518.4 per sec) reads @ Ascaf_89:0-36000
PoolWorker-28 countReadsInRegions_worker: processing 36 (5.7 per sec) @ Ascaf_89:0-36000
PoolWorker-28,  processing 1376124 (34147.0 per sec) reads @ chr7:25000000-30000000
PoolWorker-28 countReadsInRegions_worker: processing 5000 (122.4 per sec) @ chr7:25000000-30000000
PoolWorker-28,  processing 1465434 (41289.6 per sec) reads @ chr2:20000000-25000000
PoolWorker-28 countReadsInRegions_worker: processing 5000 (138.0 per sec) @ chr2:20000000-25000000
PoolWorker-28,  processing 114436 (37083.1 per sec) reads @ Ascaf_53:0-64139
PoolWorker-28 countReadsInRegions_worker: processing 64 (20.2 per sec) @ Ascaf_53:0-64139
PoolWorker-28,  processing 71493 (67414.8 per sec) reads @ Ascaf_57:0-58000
PoolWorker-28 countReadsInRegions_worker: processing 58 (52.1 per sec) @ Ascaf_57:0-58000
PoolWorker-28,  processing 28115 (48462.0 per sec) reads @ Ascaf_40:0-90738
PoolWorker-28 countReadsInRegions_worker: processing 90 (151.8 per sec) @ Ascaf_40:0-90738
PoolWorker-19,  processing 1680555 (33298.1 per sec) reads @ chr7:20000000-25000000
PoolWorker-19 countReadsInRegions_worker: processing 5000 (96.7 per sec) @ chr7:20000000-25000000
PoolWorker-19,  processing 65049 (33913.1 per sec) reads @ Ascaf_35:0-99371
PoolWorker-19 countReadsInRegions_worker: processing 99 (47.1 per sec) @ Ascaf_35:0-99371
PoolWorker-19,  processing 150185 (34583.0 per sec) reads @ Ascaf_22:0-446888
PoolWorker-19 countReadsInRegions_worker: processing 446 (100.5 per sec) @ Ascaf_22:0-446888
PoolWorker-19,  processing 25615 (37217.0 per sec) reads @ Ascaf_59:0-57475
PoolWorker-19 countReadsInRegions_worker: processing 57 (76.2 per sec) @ Ascaf_59:0-57475
PoolWorker-19,  processing 6824 (36908.7 per sec) reads @ Ascaf_168:0-25000
PoolWorker-19 countReadsInRegions_worker: processing 25 (110.6 per sec) @ Ascaf_168:0-25000
PoolWorker-19,  processing 49661 (35274.4 per sec) reads @ Ascaf_64:0-51000
PoolWorker-19 countReadsInRegions_worker: processing 51 (35.0 per sec) @ Ascaf_64:0-51000
PoolWorker-19,  processing 1423679 (34633.0 per sec) reads @ chr10:5000000-10000000
PoolWorker-19 countReadsInRegions_worker: processing 5000 (119.1 per sec) @ chr10:5000000-10000000
PoolWorker-19,  processing 1428427 (34418.6 per sec) reads @ chr3:10000000-15000000
PoolWorker-19 countReadsInRegions_worker: processing 5000 (118.3 per sec) @ chr3:10000000-15000000
PoolWorker-19,  processing 626406 (34388.7 per sec) reads @ chr19:20000000-23715829
PoolWorker-19 countReadsInRegions_worker: processing 3715 (200.5 per sec) @ chr19:20000000-23715829
PoolWorker-19,  processing 74938 (34978.8 per sec) reads @ Ascaf_24:0-187591
PoolWorker-19 countReadsInRegions_worker: processing 187 (84.6 per sec) @ Ascaf_24:0-187591
PoolWorker-19,  processing 23079 (36577.4 per sec) reads @ Ascaf_105:0-29809
PoolWorker-19 countReadsInRegions_worker: processing 29 (42.9 per sec) @ Ascaf_105:0-29809
PoolWorker-19,  processing 1710 (45934.2 per sec) reads @ Ascaf_156:0-5652
PoolWorker-19 countReadsInRegions_worker: processing 5 (63.0 per sec) @ Ascaf_156:0-5652
PoolWorker-19,  processing 1426194 (34284.8 per sec) reads @ chr9:10000000-15000000
PoolWorker-19 countReadsInRegions_worker: processing 5000 (118.4 per sec) @ chr9:10000000-15000000
PoolWorker-19,  processing 1481514 (34696.1 per sec) reads @ chr9:0-5000000
PoolWorker-19 countReadsInRegions_worker: processing 5000 (115.1 per sec) @ chr9:0-5000000
PoolWorker-19,  processing 1501716 (59232.1 per sec) reads @ chr13:15000000-20000000
PoolWorker-19 countReadsInRegions_worker: processing 5000 (194.2 per sec) @ chr13:15000000-20000000
PoolWorker-19,  processing 99 (59746.2 per sec) reads @ Ascaf_165:0-1000
PoolWorker-19 countReadsInRegions_worker: processing 1 (103.8 per sec) @ Ascaf_165:0-1000
PoolWorker-22,  processing 8857 (34138.0 per sec) reads @ Ascaf_100:0-32247
PoolWorker-22 countReadsInRegions_worker: processing 32 (115.0 per sec) @ Ascaf_100:0-32247
PoolWorker-22,  processing 1414679 (32616.5 per sec) reads @ chr21:5000000-10000000
PoolWorker-22 countReadsInRegions_worker: processing 5000 (112.4 per sec) @ chr21:5000000-10000000
PoolWorker-22,  processing 4442 (38960.8 per sec) reads @ Ascaf_141:0-15738
PoolWorker-22 countReadsInRegions_worker: processing 15 (95.7 per sec) @ Ascaf_141:0-15738
PoolWorker-22,  processing 1509256 (32672.2 per sec) reads @ chr5:0-5000000
PoolWorker-22 countReadsInRegions_worker: processing 5000 (105.4 per sec) @ chr5:0-5000000
PoolWorker-22,  processing 27333 (35975.5 per sec) reads @ Ascaf_107:0-29490
PoolWorker-22 countReadsInRegions_worker: processing 29 (36.0 per sec) @ Ascaf_107:0-29490
PoolWorker-22,  processing 158231 (36661.6 per sec) reads @ Ascaf_33:0-106103
PoolWorker-22 countReadsInRegions_worker: processing 106 (24.0 per sec) @ Ascaf_33:0-106103
PoolWorker-22,  processing 1657893 (33958.8 per sec) reads @ chr14:0-5000000
PoolWorker-22 countReadsInRegions_worker: processing 5000 (100.9 per sec) @ chr14:0-5000000
PoolWorker-22,  processing 29330 (35259.4 per sec) reads @ Ascaf_90:0-35566
PoolWorker-22 countReadsInRegions_worker: processing 35 (39.8 per sec) @ Ascaf_90:0-35566
PoolWorker-22,  processing 19802 (32445.1 per sec) reads @ Ascaf_51:0-70629
PoolWorker-22 countReadsInRegions_worker: processing 70 (107.0 per sec) @ Ascaf_51:0-70629
PoolWorker-22,  processing 1639572 (34750.9 per sec) reads @ chr18:0-5000000
PoolWorker-22 countReadsInRegions_worker: processing 5000 (103.9 per sec) @ chr18:0-5000000
PoolWorker-22,  processing 3836 (34756.4 per sec) reads @ Ascaf_130:0-18457
PoolWorker-22 countReadsInRegions_worker: processing 18 (118.8 per sec) @ Ascaf_130:0-18457
PoolWorker-22,  processing 24740 (36744.7 per sec) reads @ Ascaf_73:0-44649
PoolWorker-22 countReadsInRegions_worker: processing 44 (61.3 per sec) @ Ascaf_73:0-44649
PoolWorker-22,  processing 227657 (37063.2 per sec) reads @ Ascaf_26:0-156806
PoolWorker-22 countReadsInRegions_worker: processing 156 (24.9 per sec) @ Ascaf_26:0-156806
PoolWorker-22,  processing 9328 (35363.5 per sec) reads @ Ascaf_101:0-31946
PoolWorker-22 countReadsInRegions_worker: processing 31 (101.5 per sec) @ Ascaf_101:0-31946
PoolWorker-22,  processing 102556 (35405.5 per sec) reads @ Ascaf_36:0-98486
PoolWorker-22 countReadsInRegions_worker: processing 98 (33.0 per sec) @ Ascaf_36:0-98486
PoolWorker-22,  processing 6302 (33906.5 per sec) reads @ Ascaf_123:0-20153
PoolWorker-22 countReadsInRegions_worker: processing 20 (87.2 per sec) @ Ascaf_123:0-20153
PoolWorker-22,  processing 1540374 (34540.2 per sec) reads @ chr17:10000000-15000000
PoolWorker-22 countReadsInRegions_worker: processing 5000 (111.2 per sec) @ chr17:10000000-15000000
PoolWorker-22,  processing 3720 (69129.5 per sec) reads @ Ascaf_144:0-15519
PoolWorker-22 countReadsInRegions_worker: processing 15 (239.3 per sec) @ Ascaf_144:0-15519
PoolWorker-22,  processing 1418954 (54980.0 per sec) reads @ chr12:5000000-10000000
PoolWorker-22 countReadsInRegions_worker: processing 5000 (191.2 per sec) @ chr12:5000000-10000000
PoolWorker-22,  processing 3106 (75038.5 per sec) reads @ Ascaf_143:0-15560
PoolWorker-22 countReadsInRegions_worker: processing 15 (302.8 per sec) @ Ascaf_143:0-15560
PoolWorker-20,  processing 2767 (41369.5 per sec) reads @ Ascaf_151:0-13242
PoolWorker-20 countReadsInRegions_worker: processing 13 (79.0 per sec) @ Ascaf_151:0-13242
PoolWorker-20,  processing 1043021 (32439.3 per sec) reads @ chr14:15000000-18637407
PoolWorker-20 countReadsInRegions_worker: processing 3637 (110.1 per sec) @ chr14:15000000-18637407
PoolWorker-20,  processing 22325 (36479.2 per sec) reads @ Ascaf_65:0-47651
PoolWorker-20 countReadsInRegions_worker: processing 47 (70.0 per sec) @ Ascaf_65:0-47651
PoolWorker-20,  processing 4537 (38653.2 per sec) reads @ Ascaf_138:0-16696
PoolWorker-20 countReadsInRegions_worker: processing 16 (100.9 per sec) @ Ascaf_138:0-16696
PoolWorker-20,  processing 7836 (36462.1 per sec) reads @ Ascaf_169:0-50000
PoolWorker-20 countReadsInRegions_worker: processing 50 (194.7 per sec) @ Ascaf_169:0-50000
PoolWorker-20,  processing 1709 (45065.2 per sec) reads @ Ascaf_154:0-6709
PoolWorker-20 countReadsInRegions_worker: processing 6 (76.3 per sec) @ Ascaf_154:0-6709
PoolWorker-20,  processing 1514850 (33617.3 per sec) reads @ chr5:10000000-15000000
PoolWorker-20 countReadsInRegions_worker: processing 5000 (109.1 per sec) @ chr5:10000000-15000000
PoolWorker-20,  processing 1742460 (33644.6 per sec) reads @ chr4:25000000-30000000
PoolWorker-20 countReadsInRegions_worker: processing 5000 (94.9 per sec) @ chr4:25000000-30000000
PoolWorker-20,  processing 3868 (40034.4 per sec) reads @ Ascaf_122:0-20728
PoolWorker-20 countReadsInRegions_worker: processing 20 (147.9 per sec) @ Ascaf_122:0-20728
PoolWorker-20,  processing 9679 (34724.2 per sec) reads @ Ascaf_93:0-34038
PoolWorker-20 countReadsInRegions_worker: processing 34 (107.7 per sec) @ Ascaf_93:0-34038
PoolWorker-20,  processing 13219 (35981.6 per sec) reads @ Ascaf_70:0-46916
PoolWorker-20 countReadsInRegions_worker: processing 46 (107.6 per sec) @ Ascaf_70:0-46916
PoolWorker-20,  processing 1377439 (34486.4 per sec) reads @ chr11:15000000-19299255
PoolWorker-20 countReadsInRegions_worker: processing 4299 (105.9 per sec) @ chr11:15000000-19299255
PoolWorker-20,  processing 977524 (33910.9 per sec) reads @ chr18:15000000-18483836
PoolWorker-20 countReadsInRegions_worker: processing 3483 (119.3 per sec) @ chr18:15000000-18483836
PoolWorker-20,  processing 491 (56038.2 per sec) reads @ Ascaf_164:0-1000
PoolWorker-20 countReadsInRegions_worker: processing 1 (19.3 per sec) @ Ascaf_164:0-1000
PoolWorker-20,  processing 1475892 (34285.9 per sec) reads @ chr9:5000000-10000000
PoolWorker-20 countReadsInRegions_worker: processing 5000 (114.2 per sec) @ chr9:5000000-10000000
PoolWorker-20,  processing 1864325 (52559.8 per sec) reads @ chr13:0-5000000
PoolWorker-20 countReadsInRegions_worker: processing 5000 (139.2 per sec) @ chr13:0-5000000
PoolWorker-29,  processing 11428 (33742.1 per sec) reads @ Ascaf_77:0-41997
PoolWorker-29 countReadsInRegions_worker: processing 41 (110.6 per sec) @ Ascaf_77:0-41997
PoolWorker-29,  processing 5058 (40553.3 per sec) reads @ Ascaf_121:0-21431
PoolWorker-29 countReadsInRegions_worker: processing 21 (112.0 per sec) @ Ascaf_121:0-21431
PoolWorker-29,  processing 4375 (38292.2 per sec) reads @ Ascaf_147:0-15099
PoolWorker-29 countReadsInRegions_worker: processing 15 (84.9 per sec) @ Ascaf_147:0-15099
PoolWorker-29,  processing 194891 (33985.0 per sec) reads @ chr15:20000000-20219940
PoolWorker-29 countReadsInRegions_worker: processing 219 (36.8 per sec) @ chr15:20000000-20219940
PoolWorker-29,  processing 4935 (29692.3 per sec) reads @ Ascaf_150:0-13271
PoolWorker-29 countReadsInRegions_worker: processing 13 (59.1 per sec) @ Ascaf_150:0-13271
PoolWorker-29,  processing 1885837 (33093.4 per sec) reads @ chr4:20000000-25000000
PoolWorker-29 countReadsInRegions_worker: processing 5000 (86.2 per sec) @ chr4:20000000-25000000
PoolWorker-29,  processing 3347 (45796.1 per sec) reads @ Ascaf_152:0-12206
PoolWorker-29 countReadsInRegions_worker: processing 12 (103.7 per sec) @ Ascaf_152:0-12206
PoolWorker-29,  processing 1399548 (33282.0 per sec) reads @ chr2:5000000-10000000
PoolWorker-29 countReadsInRegions_worker: processing 5000 (116.9 per sec) @ chr2:5000000-10000000
PoolWorker-29,  processing 22824 (36009.0 per sec) reads @ Ascaf_44:0-77777
PoolWorker-29 countReadsInRegions_worker: processing 77 (110.8 per sec) @ Ascaf_44:0-77777
PoolWorker-29,  processing 8557 (23193.5 per sec) reads @ Ascaf_88:0-36907
PoolWorker-29 countReadsInRegions_worker: processing 36 (87.8 per sec) @ Ascaf_88:0-36907
PoolWorker-29,  processing 52240 (35039.8 per sec) reads @ Ascaf_72:0-46000
PoolWorker-29 countReadsInRegions_worker: processing 46 (29.6 per sec) @ Ascaf_72:0-46000
PoolWorker-29,  processing 2666 (41785.5 per sec) reads @ Ascaf_82:0-39089
PoolWorker-29 countReadsInRegions_worker: processing 39 (365.8 per sec) @ Ascaf_82:0-39089
PoolWorker-29,  processing 1422072 (33470.0 per sec) reads @ chr20:10000000-15000000
PoolWorker-29 countReadsInRegions_worker: processing 5000 (115.9 per sec) @ chr20:10000000-15000000
PoolWorker-29,  processing 11818 (34350.6 per sec) reads @ Ascaf_76:0-42514
PoolWorker-29 countReadsInRegions_worker: processing 42 (104.8 per sec) @ Ascaf_76:0-42514
PoolWorker-29,  processing 1567457 (34054.2 per sec) reads @ chr21:15000000-19873525
PoolWorker-29 countReadsInRegions_worker: processing 4873 (104.1 per sec) @ chr21:15000000-19873525
PoolWorker-29,  processing 1445520 (33794.4 per sec) reads @ chr18:5000000-10000000
PoolWorker-29 countReadsInRegions_worker: processing 5000 (114.9 per sec) @ chr18:5000000-10000000
PoolWorker-29,  processing 1406886 (49335.2 per sec) reads @ chr8:5000000-10000000
PoolWorker-29 countReadsInRegions_worker: processing 5000 (173.0 per sec) @ chr8:5000000-10000000
PoolWorker-29,  processing 8751 (68296.2 per sec) reads @ Ascaf_67:0-40269
PoolWorker-29 countReadsInRegions_worker: processing 40 (290.7 per sec) @ Ascaf_67:0-40269
PoolWorker-29,  processing 23926 (72804.2 per sec) reads @ Ascaf_129:0-19000
PoolWorker-29 countReadsInRegions_worker: processing 19 (55.8 per sec) @ Ascaf_129:0-19000
PoolWorker-29,  processing 598941 (70569.2 per sec) reads @ chr16:20000000-22188971
PoolWorker-29 countReadsInRegions_worker: processing 2188 (252.9 per sec) @ chr16:20000000-22188971
PoolWorker-32,  processing 1485050 (32828.3 per sec) reads @ chr16:15000000-20000000
PoolWorker-32 countReadsInRegions_worker: processing 5000 (108.9 per sec) @ chr16:15000000-20000000
PoolWorker-32,  processing 1459984 (33685.1 per sec) reads @ chr7:0-5000000
PoolWorker-32 countReadsInRegions_worker: processing 5000 (113.2 per sec) @ chr7:0-5000000
PoolWorker-32,  processing 1419051 (33793.2 per sec) reads @ chr14:10000000-15000000
PoolWorker-32 countReadsInRegions_worker: processing 5000 (117.1 per sec) @ chr14:10000000-15000000
PoolWorker-32,  processing 114553 (36715.7 per sec) reads @ Ascaf_96:0-33398
PoolWorker-32 countReadsInRegions_worker: processing 33 (10.3 per sec) @ Ascaf_96:0-33398
PoolWorker-32,  processing 6130 (37008.9 per sec) reads @ Ascaf_60:0-24766
PoolWorker-32 countReadsInRegions_worker: processing 24 (114.8 per sec) @ Ascaf_60:0-24766
PoolWorker-32,  processing 1195711 (34357.6 per sec) reads @ chr1:30000000-33917795
PoolWorker-32 countReadsInRegions_worker: processing 3917 (110.6 per sec) @ chr1:30000000-33917795
PoolWorker-32,  processing 203845 (37231.1 per sec) reads @ Ascaf_74:0-44000
PoolWorker-32 countReadsInRegions_worker: processing 44 (7.9 per sec) @ Ascaf_74:0-44000
PoolWorker-32,  processing 1431026 (34822.3 per sec) reads @ chr13:10000000-15000000
PoolWorker-32 countReadsInRegions_worker: processing 5000 (119.8 per sec) @ chr13:10000000-15000000
PoolWorker-32,  processing 1419249 (36301.1 per sec) reads @ chr9:15000000-20000000
PoolWorker-32 countReadsInRegions_worker: processing 5000 (126.0 per sec) @ chr9:15000000-20000000
PoolWorker-32,  processing 1041499 (64052.9 per sec) reads @ chr12:20000000-23704847
PoolWorker-32 countReadsInRegions_worker: processing 3704 (224.4 per sec) @ chr12:20000000-23704847
PoolWorker-32,  processing 19729 (72375.3 per sec) reads @ Ascaf_47:0-72017
PoolWorker-32 countReadsInRegions_worker: processing 72 (253.6 per sec) @ Ascaf_47:0-72017
PoolWorker-32,  processing 1408737 (76959.5 per sec) reads @ chr5:5000000-10000000
PoolWorker-32 countReadsInRegions_worker: processing 5000 (268.9 per sec) @ chr5:5000000-10000000
PoolWorker-31,  processing 161045 (34966.5 per sec) reads @ Ascaf_39:0-92659
PoolWorker-31 countReadsInRegions_worker: processing 92 (19.6 per sec) @ Ascaf_39:0-92659
PoolWorker-31,  processing 1429026 (32609.1 per sec) reads @ chr15:0-5000000
PoolWorker-31 countReadsInRegions_worker: processing 5000 (112.0 per sec) @ chr15:0-5000000
PoolWorker-31,  processing 111938 (35693.3 per sec) reads @ Ascaf_43:0-83995
PoolWorker-31 countReadsInRegions_worker: processing 83 (25.7 per sec) @ Ascaf_43:0-83995
PoolWorker-31,  processing 1403405 (33077.9 per sec) reads @ chr10:0-5000000
PoolWorker-31 countReadsInRegions_worker: processing 5000 (115.7 per sec) @ chr10:0-5000000
PoolWorker-31,  processing 1426383 (34113.4 per sec) reads @ chr7:10000000-15000000
PoolWorker-31 countReadsInRegions_worker: processing 5000 (117.7 per sec) @ chr7:10000000-15000000
PoolWorker-31,  processing 1481179 (34043.8 per sec) reads @ chr15:10000000-15000000
PoolWorker-31 countReadsInRegions_worker: processing 5000 (113.2 per sec) @ chr15:10000000-15000000
PoolWorker-31,  processing 3838 (37174.4 per sec) reads @ Ascaf_149:0-13452
PoolWorker-31 countReadsInRegions_worker: processing 13 (95.3 per sec) @ Ascaf_149:0-13452
PoolWorker-31,  processing 1611820 (34342.1 per sec) reads @ chr17:5000000-10000000
PoolWorker-31 countReadsInRegions_worker: processing 5000 (104.7 per sec) @ chr17:5000000-10000000
PoolWorker-31,  processing 8451 (33461.0 per sec) reads @ Ascaf_66:0-47454
PoolWorker-31 countReadsInRegions_worker: processing 47 (152.1 per sec) @ Ascaf_66:0-47454
PoolWorker-31,  processing 1872 (45768.0 per sec) reads @ Ascaf_155:0-6589
PoolWorker-31 countReadsInRegions_worker: processing 6 (71.9 per sec) @ Ascaf_155:0-6589
PoolWorker-31,  processing 20366 (29499.9 per sec) reads @ Ascaf_49:0-70996
PoolWorker-31 countReadsInRegions_worker: processing 70 (95.4 per sec) @ Ascaf_49:0-70996
PoolWorker-31,  processing 163753 (36700.2 per sec) reads @ Ascaf_28:0-145740
PoolWorker-31 countReadsInRegions_worker: processing 145 (31.8 per sec) @ Ascaf_28:0-145740
PoolWorker-31,  processing 175996 (35777.9 per sec) reads @ Ascaf_27:0-155775
PoolWorker-31 countReadsInRegions_worker: processing 155 (30.8 per sec) @ Ascaf_27:0-155775
PoolWorker-31,  processing 1395844 (47132.7 per sec) reads @ chr6:15000000-20000000
PoolWorker-31 countReadsInRegions_worker: processing 5000 (166.8 per sec) @ chr6:15000000-20000000
PoolWorker-31,  processing 1272827 (72862.1 per sec) reads @ chr9:20000000-24303205
PoolWorker-31 countReadsInRegions_worker: processing 4303 (242.3 per sec) @ chr9:20000000-24303205
PoolWorker-31,  processing 724956 (83102.6 per sec) reads @ chr2:25000000-26977752
PoolWorker-31 countReadsInRegions_worker: processing 1977 (223.2 per sec) @ chr2:25000000-26977752
PoolWorker-27,  processing 83495 (37969.7 per sec) reads @ Ascaf_38:0-95573
PoolWorker-27 countReadsInRegions_worker: processing 95 (41.8 per sec) @ Ascaf_38:0-95573
PoolWorker-27,  processing 1480546 (33272.3 per sec) reads @ chr11:10000000-15000000
PoolWorker-27 countReadsInRegions_worker: processing 5000 (109.8 per sec) @ chr11:10000000-15000000
PoolWorker-27,  processing 24895 (31812.7 per sec) reads @ Ascaf_92:0-34608
PoolWorker-27 countReadsInRegions_worker: processing 34 (41.0 per sec) @ Ascaf_92:0-34608
PoolWorker-27,  processing 1487678 (34153.2 per sec) reads @ chr1:15000000-20000000
PoolWorker-27 countReadsInRegions_worker: processing 5000 (112.5 per sec) @ chr1:15000000-20000000
PoolWorker-27,  processing 23884 (35151.6 per sec) reads @ Ascaf_46:0-73387
PoolWorker-27 countReadsInRegions_worker: processing 73 (99.8 per sec) @ Ascaf_46:0-73387
PoolWorker-27,  processing 1416135 (35040.4 per sec) reads @ chr8:10000000-15000000
PoolWorker-27 countReadsInRegions_worker: processing 5000 (121.4 per sec) @ chr8:10000000-15000000
PoolWorker-27,  processing 5967 (35448.0 per sec) reads @ Ascaf_97:0-33357
PoolWorker-27 countReadsInRegions_worker: processing 33 (159.4 per sec) @ Ascaf_97:0-33357
PoolWorker-27,  processing 1630157 (34427.8 per sec) reads @ chr20:0-5000000
PoolWorker-27 countReadsInRegions_worker: processing 5000 (103.7 per sec) @ chr20:0-5000000
PoolWorker-27,  processing 78073 (34301.7 per sec) reads @ Ascaf_75:0-42641
PoolWorker-27 countReadsInRegions_worker: processing 42 (17.8 per sec) @ Ascaf_75:0-42641
PoolWorker-27,  processing 2541 (41576.7 per sec) reads @ Ascaf_102:0-31073
PoolWorker-27 countReadsInRegions_worker: processing 31 (298.4 per sec) @ Ascaf_102:0-31073
PoolWorker-27,  processing 1415066 (34485.5 per sec) reads @ chr7:5000000-10000000
PoolWorker-27 countReadsInRegions_worker: processing 5000 (119.8 per sec) @ chr7:5000000-10000000
PoolWorker-27,  processing 15040 (27252.2 per sec) reads @ Ascaf_61:0-54508
PoolWorker-27 countReadsInRegions_worker: processing 54 (91.9 per sec) @ Ascaf_61:0-54508
PoolWorker-27,  processing 9164 (36910.5 per sec) reads @ Ascaf_85:0-37890
PoolWorker-27 countReadsInRegions_worker: processing 37 (126.9 per sec) @ Ascaf_85:0-37890
PoolWorker-27,  processing 1435088 (36768.9 per sec) reads @ chr13:5000000-10000000
PoolWorker-27 countReadsInRegions_worker: processing 5000 (126.1 per sec) @ chr13:5000000-10000000
PoolWorker-27,  processing 1497234 (71831.3 per sec) reads @ chr21:10000000-15000000
PoolWorker-27 countReadsInRegions_worker: processing 5000 (235.9 per sec) @ chr21:10000000-15000000
PoolWorker-27,  processing 1425165 (84747.2 per sec) reads @ chr1:10000000-15000000
PoolWorker-27 countReadsInRegions_worker: processing 5000 (292.1 per sec) @ chr1:10000000-15000000
output file: /storage/scratch/iee/dj20y461/Stickleback/Y_comp/Sex_chrom_stats/Read_depths/Gw/depths/Gw14_M.1kb.RPKM.depth
