genome partition size for multiprocessing: 1000000
using 16 processors for 657 number of tasks
Final scaling factor: 0.00993935522289
PoolWorker-26,  processing 9007 (26259.6 per sec) reads @ Ascaf_68:0-47437
PoolWorker-26 countReadsInRegions_worker: processing 47 (128.6 per sec) @ Ascaf_68:0-47437
PoolWorker-26,  processing 6699 (43285.8 per sec) reads @ Ascaf_91:0-34837
PoolWorker-26 countReadsInRegions_worker: processing 34 (157.6 per sec) @ Ascaf_91:0-34837
PoolWorker-26,  processing 865920 (33794.2 per sec) reads @ chr7:30000000-33914388
PoolWorker-26 countReadsInRegions_worker: processing 3914 (149.6 per sec) @ chr7:30000000-33914388
PoolWorker-26,  processing 5671 (39704.6 per sec) reads @ Ascaf_99:0-33167
PoolWorker-26 countReadsInRegions_worker: processing 33 (170.1 per sec) @ Ascaf_99:0-33167
PoolWorker-26,  processing 229159 (38246.3 per sec) reads @ Ascaf_33:0-106103
PoolWorker-26 countReadsInRegions_worker: processing 106 (17.3 per sec) @ Ascaf_33:0-106103
PoolWorker-26,  processing 66284 (35997.7 per sec) reads @ Ascaf_32:0-110405
PoolWorker-26 countReadsInRegions_worker: processing 110 (57.6 per sec) @ Ascaf_32:0-110405
PoolWorker-26,  processing 829579 (35470.5 per sec) reads @ chr7:5000000-10000000
PoolWorker-26 countReadsInRegions_worker: processing 5000 (209.8 per sec) @ chr7:5000000-10000000
PoolWorker-26,  processing 361058 (35788.9 per sec) reads @ chr19:20000000-23715829
PoolWorker-26 countReadsInRegions_worker: processing 3715 (362.1 per sec) @ chr19:20000000-23715829
PoolWorker-26,  processing 327 (11244.5 per sec) reads @ Ascaf_163:0-1000
PoolWorker-26 countReadsInRegions_worker: processing 1 (15.2 per sec) @ Ascaf_163:0-1000
PoolWorker-26,  processing 14002 (35597.2 per sec) reads @ Ascaf_62:0-52951
PoolWorker-26 countReadsInRegions_worker: processing 52 (119.3 per sec) @ Ascaf_62:0-52951
PoolWorker-26,  processing 109271 (36540.5 per sec) reads @ Ascaf_22:0-446888
PoolWorker-26 countReadsInRegions_worker: processing 446 (145.5 per sec) @ Ascaf_22:0-446888
PoolWorker-26,  processing 826732 (35678.2 per sec) reads @ chr4:5000000-10000000
PoolWorker-26 countReadsInRegions_worker: processing 5000 (211.5 per sec) @ chr4:5000000-10000000
PoolWorker-26,  processing 875918 (36096.8 per sec) reads @ chr9:5000000-10000000
PoolWorker-26 countReadsInRegions_worker: processing 5000 (202.7 per sec) @ chr9:5000000-10000000
PoolWorker-26,  processing 277349 (36797.2 per sec) reads @ Ascaf_98:0-33222
PoolWorker-26 countReadsInRegions_worker: processing 33 (4.3 per sec) @ Ascaf_98:0-33222
PoolWorker-26,  processing 6753 (31527.3 per sec) reads @ Ascaf_150:0-13271
PoolWorker-26 countReadsInRegions_worker: processing 13 (50.8 per sec) @ Ascaf_150:0-13271
PoolWorker-26,  processing 809656 (36239.9 per sec) reads @ chr9:10000000-15000000
PoolWorker-26 countReadsInRegions_worker: processing 5000 (220.3 per sec) @ chr9:10000000-15000000
PoolWorker-27,  processing 70587 (32018.1 per sec) reads @ chr3:20000000-20313673
PoolWorker-27 countReadsInRegions_worker: processing 313 (137.0 per sec) @ chr3:20000000-20313673
PoolWorker-27,  processing 838086 (34874.9 per sec) reads @ chr17:15000000-20000000
PoolWorker-27 countReadsInRegions_worker: processing 5000 (202.7 per sec) @ chr17:15000000-20000000
PoolWorker-27,  processing 5452 (38863.7 per sec) reads @ Ascaf_100:0-32247
PoolWorker-27 countReadsInRegions_worker: processing 32 (174.9 per sec) @ Ascaf_100:0-32247
PoolWorker-27,  processing 906038 (35668.5 per sec) reads @ chr9:0-5000000
PoolWorker-27 countReadsInRegions_worker: processing 5000 (192.9 per sec) @ chr9:0-5000000
PoolWorker-27,  processing 959901 (36015.4 per sec) reads @ chr18:0-5000000
PoolWorker-27 countReadsInRegions_worker: processing 5000 (183.9 per sec) @ chr18:0-5000000
PoolWorker-27,  processing 3358 (39574.2 per sec) reads @ Ascaf_167:0-25000
PoolWorker-27 countReadsInRegions_worker: processing 25 (197.0 per sec) @ Ascaf_167:0-25000
PoolWorker-27,  processing 826080 (35891.7 per sec) reads @ chr12:10000000-15000000
PoolWorker-27 countReadsInRegions_worker: processing 5000 (212.7 per sec) @ chr12:10000000-15000000
PoolWorker-27,  processing 12531 (36580.2 per sec) reads @ Ascaf_166:0-50000
PoolWorker-27 countReadsInRegions_worker: processing 50 (129.2 per sec) @ Ascaf_166:0-50000
PoolWorker-27,  processing 2421 (42591.7 per sec) reads @ Ascaf_134:0-17659
PoolWorker-27 countReadsInRegions_worker: processing 17 (175.1 per sec) @ Ascaf_134:0-17659
PoolWorker-27,  processing 16194 (34605.4 per sec) reads @ Ascaf_119:0-22101
PoolWorker-27 countReadsInRegions_worker: processing 22 (43.1 per sec) @ Ascaf_119:0-22101
PoolWorker-27,  processing 835026 (36224.6 per sec) reads @ chr8:15000000-20000000
PoolWorker-27 countReadsInRegions_worker: processing 5000 (213.6 per sec) @ chr8:15000000-20000000
PoolWorker-27,  processing 926604 (35855.2 per sec) reads @ chr16:0-5000000
PoolWorker-27 countReadsInRegions_worker: processing 5000 (190.5 per sec) @ chr16:0-5000000
PoolWorker-20,  processing 813662 (35433.0 per sec) reads @ chr4:10000000-15000000
PoolWorker-20 countReadsInRegions_worker: processing 5000 (212.5 per sec) @ chr4:10000000-15000000
PoolWorker-20,  processing 1958 (24669.3 per sec) reads @ Ascaf_140:0-15786
PoolWorker-20 countReadsInRegions_worker: processing 15 (111.0 per sec) @ Ascaf_140:0-15786
PoolWorker-20,  processing 3986 (35472.4 per sec) reads @ Ascaf_97:0-33357
PoolWorker-20 countReadsInRegions_worker: processing 33 (215.9 per sec) @ Ascaf_97:0-33357
PoolWorker-20,  processing 3551 (40306.5 per sec) reads @ Ascaf_138:0-16696
PoolWorker-20 countReadsInRegions_worker: processing 16 (124.7 per sec) @ Ascaf_138:0-16696
PoolWorker-20,  processing 13498 (37652.3 per sec) reads @ Ascaf_65:0-47651
PoolWorker-20 countReadsInRegions_worker: processing 47 (113.6 per sec) @ Ascaf_65:0-47651
PoolWorker-20,  processing 881138 (35669.9 per sec) reads @ chr4:30000000-35000000
PoolWorker-20 countReadsInRegions_worker: processing 5000 (198.4 per sec) @ chr4:30000000-35000000
PoolWorker-20,  processing 1613 (45784.9 per sec) reads @ Ascaf_151:0-13242
PoolWorker-20 countReadsInRegions_worker: processing 13 (167.2 per sec) @ Ascaf_151:0-13242
PoolWorker-20,  processing 152291 (38133.3 per sec) reads @ Ascaf_50:0-70692
PoolWorker-20 countReadsInRegions_worker: processing 70 (17.1 per sec) @ Ascaf_50:0-70692
PoolWorker-20,  processing 8948 (37336.1 per sec) reads @ Ascaf_169:0-50000
PoolWorker-20 countReadsInRegions_worker: processing 50 (178.1 per sec) @ Ascaf_169:0-50000
PoolWorker-20,  processing 842575 (36151.7 per sec) reads @ chr4:15000000-20000000
PoolWorker-20 countReadsInRegions_worker: processing 5000 (209.9 per sec) @ chr4:15000000-20000000
PoolWorker-20,  processing 41569 (35687.9 per sec) reads @ Ascaf_55:0-59833
PoolWorker-20 countReadsInRegions_worker: processing 59 (48.1 per sec) @ Ascaf_55:0-59833
PoolWorker-20,  processing 17326 (34627.3 per sec) reads @ Ascaf_61:0-54508
PoolWorker-20 countReadsInRegions_worker: processing 54 (99.4 per sec) @ Ascaf_61:0-54508
PoolWorker-20,  processing 971574 (35256.5 per sec) reads @ chr10:0-5000000
PoolWorker-20 countReadsInRegions_worker: processing 5000 (178.7 per sec) @ chr10:0-5000000
PoolWorker-20,  processing 2467 (29842.9 per sec) reads @ Ascaf_141:0-15738
PoolWorker-20 countReadsInRegions_worker: processing 15 (128.9 per sec) @ Ascaf_141:0-15738
PoolWorker-20,  processing 796491 (35965.5 per sec) reads @ chr8:10000000-15000000
PoolWorker-20 countReadsInRegions_worker: processing 5000 (222.4 per sec) @ chr8:10000000-15000000
PoolWorker-20,  processing 797975 (35930.7 per sec) reads @ chr2:5000000-10000000
PoolWorker-20 countReadsInRegions_worker: processing 5000 (221.2 per sec) @ chr2:5000000-10000000
PoolWorker-23,  processing 74120 (56639.6 per sec) reads @ Ascaf_52:0-64568
PoolWorker-23 countReadsInRegions_worker: processing 64 (46.8 per sec) @ Ascaf_52:0-64568
PoolWorker-23,  processing 849753 (34788.7 per sec) reads @ chr12:5000000-10000000
PoolWorker-23 countReadsInRegions_worker: processing 5000 (200.3 per sec) @ chr12:5000000-10000000
PoolWorker-23,  processing 88223 (37067.7 per sec) reads @ Ascaf_41:0-90399
PoolWorker-23 countReadsInRegions_worker: processing 90 (36.7 per sec) @ Ascaf_41:0-90399
PoolWorker-23,  processing 199681 (38832.4 per sec) reads @ Ascaf_28:0-145740
PoolWorker-23 countReadsInRegions_worker: processing 145 (27.7 per sec) @ Ascaf_28:0-145740
PoolWorker-23,  processing 1001094 (34556.3 per sec) reads @ chr21:0-5000000
PoolWorker-23 countReadsInRegions_worker: processing 5000 (169.3 per sec) @ chr21:0-5000000
PoolWorker-23,  processing 842786 (35998.1 per sec) reads @ chr12:15000000-20000000
PoolWorker-23 countReadsInRegions_worker: processing 5000 (209.5 per sec) @ chr12:15000000-20000000
PoolWorker-23,  processing 798925 (35583.0 per sec) reads @ chr1:10000000-15000000
PoolWorker-23 countReadsInRegions_worker: processing 5000 (218.9 per sec) @ chr1:10000000-15000000
PoolWorker-23,  processing 840542 (36103.0 per sec) reads @ chr10:15000000-19005646
PoolWorker-23 countReadsInRegions_worker: processing 4005 (169.8 per sec) @ chr10:15000000-19005646
PoolWorker-23,  processing 25673 (36965.8 per sec) reads @ Ascaf_23:0-264707
PoolWorker-23 countReadsInRegions_worker: processing 264 (366.5 per sec) @ Ascaf_23:0-264707
PoolWorker-23,  processing 3400 (46047.3 per sec) reads @ Ascaf_127:0-19159
PoolWorker-23 countReadsInRegions_worker: processing 19 (163.2 per sec) @ Ascaf_127:0-19159
PoolWorker-23,  processing 670 (32849.6 per sec) reads @ Ascaf_128:0-19120
PoolWorker-23 countReadsInRegions_worker: processing 19 (338.2 per sec) @ Ascaf_128:0-19120
PoolWorker-23,  processing 96610 (37069.7 per sec) reads @ Ascaf_35:0-99371
PoolWorker-23 countReadsInRegions_worker: processing 99 (37.0 per sec) @ Ascaf_35:0-99371
PoolWorker-23,  processing 1810 (50359.1 per sec) reads @ Ascaf_153:0-10046
PoolWorker-23 countReadsInRegions_worker: processing 10 (108.7 per sec) @ Ascaf_153:0-10046
PoolWorker-23,  processing 806164 (37613.2 per sec) reads @ chr7:25000000-30000000
PoolWorker-23 countReadsInRegions_worker: processing 5000 (229.6 per sec) @ chr7:25000000-30000000
PoolWorker-23,  processing 42714 (37066.3 per sec) reads @ Ascaf_105:0-29809
PoolWorker-23 countReadsInRegions_worker: processing 29 (24.1 per sec) @ Ascaf_105:0-29809
PoolWorker-23,  processing 12284 (38199.5 per sec) reads @ Ascaf_111:0-25158
PoolWorker-23 countReadsInRegions_worker: processing 25 (68.4 per sec) @ Ascaf_111:0-25158
PoolWorker-17,  processing 8326 (65994.0 per sec) reads @ Ascaf_80:0-41014
PoolWorker-17 countReadsInRegions_worker: processing 41 (300.7 per sec) @ Ascaf_80:0-41014
PoolWorker-17,  processing 1242 (69987.7 per sec) reads @ Ascaf_155:0-6589
PoolWorker-17 countReadsInRegions_worker: processing 6 (230.7 per sec) @ Ascaf_155:0-6589
PoolWorker-17,  processing 473867 (36242.3 per sec) reads @ Ascaf_42:0-86089
PoolWorker-17 countReadsInRegions_worker: processing 86 (6.4 per sec) @ Ascaf_42:0-86089
PoolWorker-17,  processing 812276 (34516.0 per sec) reads @ chr8:5000000-10000000
PoolWorker-17 countReadsInRegions_worker: processing 5000 (207.9 per sec) @ chr8:5000000-10000000
PoolWorker-17,  processing 672 (72970.9 per sec) reads @ Ascaf_158:0-3231
PoolWorker-17 countReadsInRegions_worker: processing 3 (61.0 per sec) @ Ascaf_158:0-3231
PoolWorker-17,  processing 51717 (36713.1 per sec) reads @ Ascaf_31:0-121444
PoolWorker-17 countReadsInRegions_worker: processing 121 (82.3 per sec) @ Ascaf_31:0-121444
PoolWorker-17,  processing 80079 (38426.5 per sec) reads @ Ascaf_90:0-35566
PoolWorker-17 countReadsInRegions_worker: processing 35 (16.3 per sec) @ Ascaf_90:0-35566
PoolWorker-17,  processing 7080 (37195.2 per sec) reads @ Ascaf_93:0-34038
PoolWorker-17 countReadsInRegions_worker: processing 34 (146.0 per sec) @ Ascaf_93:0-34038
PoolWorker-17,  processing 495259 (35958.9 per sec) reads @ chr19:15000000-20000000
PoolWorker-17 countReadsInRegions_worker: processing 5000 (357.3 per sec) @ chr19:15000000-20000000
PoolWorker-17,  processing 13024 (38813.5 per sec) reads @ Ascaf_46:0-73387
PoolWorker-17 countReadsInRegions_worker: processing 73 (192.4 per sec) @ Ascaf_46:0-73387
PoolWorker-17,  processing 3707 (41357.5 per sec) reads @ Ascaf_136:0-17062
PoolWorker-17 countReadsInRegions_worker: processing 17 (128.6 per sec) @ Ascaf_136:0-17062
PoolWorker-17,  processing 105834 (37602.0 per sec) reads @ Ascaf_79:0-41364
PoolWorker-17 countReadsInRegions_worker: processing 41 (14.1 per sec) @ Ascaf_79:0-41364
PoolWorker-17,  processing 9927 (28061.1 per sec) reads @ Ascaf_81:0-40000
PoolWorker-17 countReadsInRegions_worker: processing 40 (100.7 per sec) @ Ascaf_81:0-40000
PoolWorker-17,  processing 994903 (34813.3 per sec) reads @ chr3:15000000-20000000
PoolWorker-17 countReadsInRegions_worker: processing 5000 (172.2 per sec) @ chr3:15000000-20000000
PoolWorker-17,  processing 53691 (36225.9 per sec) reads @ Ascaf_36:0-98486
PoolWorker-17 countReadsInRegions_worker: processing 98 (64.0 per sec) @ Ascaf_36:0-98486
PoolWorker-17,  processing 10065 (35193.3 per sec) reads @ Ascaf_133:0-49732
PoolWorker-17 countReadsInRegions_worker: processing 49 (143.8 per sec) @ Ascaf_133:0-49732
PoolWorker-17,  processing 2749 (43247.1 per sec) reads @ Ascaf_139:0-16678
PoolWorker-17 countReadsInRegions_worker: processing 16 (153.9 per sec) @ Ascaf_139:0-16678
PoolWorker-17,  processing 857065 (36135.1 per sec) reads @ chr14:5000000-10000000
PoolWorker-17 countReadsInRegions_worker: processing 5000 (207.5 per sec) @ chr14:5000000-10000000
PoolWorker-17,  processing 840769 (35451.8 per sec) reads @ chr1:15000000-20000000
PoolWorker-17 countReadsInRegions_worker: processing 5000 (207.2 per sec) @ chr1:15000000-20000000
PoolWorker-17,  processing 803160 (38731.4 per sec) reads @ chr2:15000000-20000000
PoolWorker-17 countReadsInRegions_worker: processing 5000 (236.6 per sec) @ chr2:15000000-20000000
PoolWorker-30,  processing 1053068 (34692.4 per sec) reads @ chr21:15000000-19873525
PoolWorker-30 countReadsInRegions_worker: processing 4873 (157.2 per sec) @ chr21:15000000-19873525
PoolWorker-30,  processing 528409 (31273.3 per sec) reads @ chr16:20000000-22188971
PoolWorker-30 countReadsInRegions_worker: processing 2188 (127.2 per sec) @ chr16:20000000-22188971
PoolWorker-30,  processing 900503 (35415.9 per sec) reads @ chr20:15000000-20000000
PoolWorker-30 countReadsInRegions_worker: processing 5000 (191.9 per sec) @ chr20:15000000-20000000
PoolWorker-30,  processing 10401 (38785.8 per sec) reads @ Ascaf_102:0-31073
PoolWorker-30 countReadsInRegions_worker: processing 31 (86.9 per sec) @ Ascaf_102:0-31073
PoolWorker-30,  processing 59484 (37684.6 per sec) reads @ Ascaf_38:0-95573
PoolWorker-30 countReadsInRegions_worker: processing 95 (58.3 per sec) @ Ascaf_38:0-95573
PoolWorker-30,  processing 33620 (37550.8 per sec) reads @ Ascaf_29:0-143722
PoolWorker-30 countReadsInRegions_worker: processing 143 (149.9 per sec) @ Ascaf_29:0-143722
PoolWorker-30,  processing 1008393 (35034.8 per sec) reads @ chr7:0-5000000
PoolWorker-30 countReadsInRegions_worker: processing 5000 (170.6 per sec) @ chr7:0-5000000
PoolWorker-30,  processing 36051 (36556.5 per sec) reads @ Ascaf_56:0-58445
PoolWorker-30 countReadsInRegions_worker: processing 58 (56.1 per sec) @ Ascaf_56:0-58445
PoolWorker-30,  processing 945885 (34846.9 per sec) reads @ chr9:20000000-24303205
PoolWorker-30 countReadsInRegions_worker: processing 4303 (155.7 per sec) @ chr9:20000000-24303205
PoolWorker-30,  processing 241661 (36064.7 per sec) reads @ Ascaf_30:0-130979
PoolWorker-30 countReadsInRegions_worker: processing 130 (19.0 per sec) @ Ascaf_30:0-130979
PoolWorker-30,  processing 69882 (37065.2 per sec) reads @ Ascaf_34:0-101478
PoolWorker-30 countReadsInRegions_worker: processing 101 (51.8 per sec) @ Ascaf_34:0-101478
PoolWorker-30,  processing 898748 (47689.7 per sec) reads @ chr6:15000000-20000000
PoolWorker-30 countReadsInRegions_worker: processing 5000 (260.1 per sec) @ chr6:15000000-20000000
PoolWorker-32,  processing 7680 (16376.6 per sec) reads @ Ascaf_130:0-18457
PoolWorker-32 countReadsInRegions_worker: processing 18 (35.1 per sec) @ Ascaf_130:0-18457
PoolWorker-32,  processing 6118 (35797.5 per sec) reads @ Ascaf_87:0-36937
PoolWorker-32 countReadsInRegions_worker: processing 36 (160.9 per sec) @ Ascaf_87:0-36937
PoolWorker-32,  processing 995989 (34117.0 per sec) reads @ chr2:0-5000000
PoolWorker-32 countReadsInRegions_worker: processing 5000 (167.2 per sec) @ chr2:0-5000000
PoolWorker-32,  processing 23820 (33590.3 per sec) reads @ Ascaf_161:0-1000
PoolWorker-32 countReadsInRegions_worker: processing 1 (1.3 per sec) @ Ascaf_161:0-1000
PoolWorker-32,  processing 902572 (35586.7 per sec) reads @ chr11:10000000-15000000
PoolWorker-32 countReadsInRegions_worker: processing 5000 (193.3 per sec) @ chr11:10000000-15000000
PoolWorker-32,  processing 2390 (52837.5 per sec) reads @ Ascaf_149:0-13452
PoolWorker-32 countReadsInRegions_worker: processing 13 (155.0 per sec) @ Ascaf_149:0-13452
PoolWorker-32,  processing 793704 (35795.1 per sec) reads @ chr13:10000000-15000000
PoolWorker-32 countReadsInRegions_worker: processing 5000 (220.9 per sec) @ chr13:10000000-15000000
PoolWorker-32,  processing 13260 (34352.1 per sec) reads @ Ascaf_49:0-70996
PoolWorker-32 countReadsInRegions_worker: processing 70 (163.3 per sec) @ Ascaf_49:0-70996
PoolWorker-32,  processing 821266 (35595.5 per sec) reads @ chr1:5000000-10000000
PoolWorker-32 countReadsInRegions_worker: processing 5000 (212.4 per sec) @ chr1:5000000-10000000
PoolWorker-32,  processing 2805 (44571.2 per sec) reads @ Ascaf_147:0-15099
PoolWorker-32 countReadsInRegions_worker: processing 15 (145.0 per sec) @ Ascaf_147:0-15099
PoolWorker-32,  processing 990970 (35693.0 per sec) reads @ chr4:25000000-30000000
PoolWorker-32 countReadsInRegions_worker: processing 5000 (176.5 per sec) @ chr4:25000000-30000000
PoolWorker-32,  processing 7897 (42049.4 per sec) reads @ Ascaf_78:0-41577
PoolWorker-32 countReadsInRegions_worker: processing 41 (168.9 per sec) @ Ascaf_78:0-41577
PoolWorker-32,  processing 2574 (43281.7 per sec) reads @ Ascaf_135:0-17087
PoolWorker-32 countReadsInRegions_worker: processing 17 (167.7 per sec) @ Ascaf_135:0-17087
PoolWorker-32,  processing 35078 (36314.6 per sec) reads @ Ascaf_72:0-46000
PoolWorker-32 countReadsInRegions_worker: processing 46 (45.5 per sec) @ Ascaf_72:0-46000
PoolWorker-32,  processing 1099278 (39386.6 per sec) reads @ chr14:0-5000000
PoolWorker-32 countReadsInRegions_worker: processing 5000 (177.0 per sec) @ chr14:0-5000000
PoolWorker-32,  processing 45318 (58526.3 per sec) reads @ Ascaf_75:0-42641
PoolWorker-32 countReadsInRegions_worker: processing 42 (52.3 per sec) @ Ascaf_75:0-42641
PoolWorker-21,  processing 1025672 (33616.0 per sec) reads @ chr13:20000000-24369283
PoolWorker-21 countReadsInRegions_worker: processing 4369 (140.2 per sec) @ chr13:20000000-24369283
PoolWorker-21,  processing 849474 (35845.8 per sec) reads @ chr21:5000000-10000000
PoolWorker-21 countReadsInRegions_worker: processing 5000 (207.4 per sec) @ chr21:5000000-10000000
PoolWorker-21,  processing 46089 (37857.9 per sec) reads @ Ascaf_129:0-19000
PoolWorker-21 countReadsInRegions_worker: processing 19 (15.0 per sec) @ Ascaf_129:0-19000
PoolWorker-21,  processing 774 (70892.7 per sec) reads @ Ascaf_116:0-22916
PoolWorker-21 countReadsInRegions_worker: processing 22 (416.6 per sec) @ Ascaf_116:0-22916
PoolWorker-21,  processing 94603 (37992.9 per sec) reads @ Ascaf_48:0-71747
PoolWorker-21 countReadsInRegions_worker: processing 71 (27.6 per sec) @ Ascaf_48:0-71747
PoolWorker-21,  processing 893 (71980.7 per sec) reads @ Ascaf_156:0-5652
PoolWorker-21 countReadsInRegions_worker: processing 5 (93.7 per sec) @ Ascaf_156:0-5652
PoolWorker-21,  processing 12388 (38432.2 per sec) reads @ Ascaf_122:0-20728
PoolWorker-21 countReadsInRegions_worker: processing 20 (54.6 per sec) @ Ascaf_122:0-20728
PoolWorker-21,  processing 73 (56901.0 per sec) reads @ Ascaf_165:0-1000
PoolWorker-21 countReadsInRegions_worker: processing 1 (23.4 per sec) @ Ascaf_165:0-1000
PoolWorker-21,  processing 3168 (46121.6 per sec) reads @ Ascaf_146:0-15502
PoolWorker-21 countReadsInRegions_worker: processing 15 (136.5 per sec) @ Ascaf_146:0-15502
PoolWorker-21,  processing 5263 (38971.0 per sec) reads @ Ascaf_101:0-31946
PoolWorker-21 countReadsInRegions_worker: processing 31 (173.9 per sec) @ Ascaf_101:0-31946
PoolWorker-21,  processing 4052 (21600.0 per sec) reads @ Ascaf_121:0-21431
PoolWorker-21 countReadsInRegions_worker: processing 21 (91.7 per sec) @ Ascaf_121:0-21431
PoolWorker-21,  processing 890724 (36569.9 per sec) reads @ chr11:5000000-10000000
PoolWorker-21 countReadsInRegions_worker: processing 5000 (201.8 per sec) @ chr11:5000000-10000000
PoolWorker-21,  processing 6417 (39017.0 per sec) reads @ Ascaf_88:0-36907
PoolWorker-21 countReadsInRegions_worker: processing 36 (173.5 per sec) @ Ascaf_88:0-36907
PoolWorker-21,  processing 836932 (36312.3 per sec) reads @ chr6:5000000-10000000
PoolWorker-21 countReadsInRegions_worker: processing 5000 (213.2 per sec) @ chr6:5000000-10000000
PoolWorker-21,  processing 2676 (42494.4 per sec) reads @ Ascaf_144:0-15519
PoolWorker-21 countReadsInRegions_worker: processing 15 (141.8 per sec) @ Ascaf_144:0-15519
PoolWorker-21,  processing 893291 (36650.7 per sec) reads @ chr1:25000000-30000000
PoolWorker-21 countReadsInRegions_worker: processing 5000 (201.4 per sec) @ chr1:25000000-30000000
PoolWorker-21,  processing 240559 (37493.9 per sec) reads @ Ascaf_120:0-22000
PoolWorker-21 countReadsInRegions_worker: processing 22 (3.4 per sec) @ Ascaf_120:0-22000
PoolWorker-21,  processing 901757 (40620.5 per sec) reads @ chr5:10000000-15000000
PoolWorker-21 countReadsInRegions_worker: processing 5000 (222.3 per sec) @ chr5:10000000-15000000
PoolWorker-21,  processing 70065 (76074.7 per sec) reads @ Ascaf_107:0-29490
PoolWorker-21 countReadsInRegions_worker: processing 29 (30.8 per sec) @ Ascaf_107:0-29490
PoolWorker-21,  processing 10183 (76769.3 per sec) reads @ Ascaf_118:0-22120
PoolWorker-21 countReadsInRegions_worker: processing 22 (154.9 per sec) @ Ascaf_118:0-22120
PoolWorker-31,  processing 13692 (73852.7 per sec) reads @ Ascaf_84:0-38148
PoolWorker-31 countReadsInRegions_worker: processing 38 (186.5 per sec) @ Ascaf_84:0-38148
PoolWorker-31,  processing 778039 (34555.2 per sec) reads @ chr14:15000000-18637407
PoolWorker-31 countReadsInRegions_worker: processing 3637 (157.7 per sec) @ chr14:15000000-18637407
PoolWorker-31,  processing 229 (66108.9 per sec) reads @ Ascaf_157:0-3527
PoolWorker-31 countReadsInRegions_worker: processing 3 (65.2 per sec) @ Ascaf_157:0-3527
PoolWorker-31,  processing 830615 (35257.1 per sec) reads @ chr16:5000000-10000000
PoolWorker-31 countReadsInRegions_worker: processing 5000 (207.6 per sec) @ chr16:5000000-10000000
PoolWorker-31,  processing 11741 (38663.7 per sec) reads @ Ascaf_47:0-72017
PoolWorker-31 countReadsInRegions_worker: processing 72 (206.9 per sec) @ Ascaf_47:0-72017
PoolWorker-31,  processing 185971 (37623.5 per sec) reads @ Ascaf_43:0-83995
PoolWorker-31 countReadsInRegions_worker: processing 83 (16.4 per sec) @ Ascaf_43:0-83995
PoolWorker-31,  processing 83654 (38487.5 per sec) reads @ Ascaf_124:0-19772
PoolWorker-31 countReadsInRegions_worker: processing 19 (8.4 per sec) @ Ascaf_124:0-19772
PoolWorker-31,  processing 110491 (36498.7 per sec) reads @ Ascaf_110:0-27536
PoolWorker-31 countReadsInRegions_worker: processing 27 (8.7 per sec) @ Ascaf_110:0-27536
PoolWorker-31,  processing 262354 (37195.4 per sec) reads @ Ascaf_39:0-92659
PoolWorker-31 countReadsInRegions_worker: processing 92 (12.8 per sec) @ Ascaf_39:0-92659
PoolWorker-31,  processing 38779 (36870.5 per sec) reads @ Ascaf_37:0-98231
PoolWorker-31 countReadsInRegions_worker: processing 98 (88.1 per sec) @ Ascaf_37:0-98231
PoolWorker-31,  processing 849551 (35125.1 per sec) reads @ chr10:5000000-10000000
PoolWorker-31 countReadsInRegions_worker: processing 5000 (203.5 per sec) @ chr10:5000000-10000000
PoolWorker-31,  processing 6524 (38721.3 per sec) reads @ Ascaf_109:0-28244
PoolWorker-31 countReadsInRegions_worker: processing 28 (137.4 per sec) @ Ascaf_109:0-28244
PoolWorker-31,  processing 8055 (33093.4 per sec) reads @ Ascaf_66:0-47454
PoolWorker-31 countReadsInRegions_worker: processing 47 (158.0 per sec) @ Ascaf_66:0-47454
PoolWorker-31,  processing 870407 (35817.5 per sec) reads @ chr13:5000000-10000000
PoolWorker-31 countReadsInRegions_worker: processing 5000 (202.9 per sec) @ chr13:5000000-10000000
PoolWorker-31,  processing 4348 (39023.2 per sec) reads @ Ascaf_60:0-24766
PoolWorker-31 countReadsInRegions_worker: processing 24 (158.0 per sec) @ Ascaf_60:0-24766
PoolWorker-31,  processing 3789 (41158.0 per sec) reads @ Ascaf_123:0-20153
PoolWorker-31 countReadsInRegions_worker: processing 20 (150.2 per sec) @ Ascaf_123:0-20153
PoolWorker-31,  processing 58948 (37519.5 per sec) reads @ Ascaf_73:0-44649
PoolWorker-31 countReadsInRegions_worker: processing 44 (27.1 per sec) @ Ascaf_73:0-44649
PoolWorker-31,  processing 906846 (35162.4 per sec) reads @ chr9:15000000-20000000
PoolWorker-31 countReadsInRegions_worker: processing 5000 (190.8 per sec) @ chr9:15000000-20000000
PoolWorker-31,  processing 4244 (38314.6 per sec) reads @ Ascaf_112:0-24428
PoolWorker-31 countReadsInRegions_worker: processing 24 (157.8 per sec) @ Ascaf_112:0-24428
PoolWorker-31,  processing 1039475 (45297.1 per sec) reads @ chr15:0-5000000
PoolWorker-31 countReadsInRegions_worker: processing 5000 (215.8 per sec) @ chr15:0-5000000
PoolWorker-25,  processing 3696 (17207.8 per sec) reads @ Ascaf_125:0-19664
PoolWorker-25 countReadsInRegions_worker: processing 19 (76.1 per sec) @ Ascaf_125:0-19664
PoolWorker-25,  processing 862229 (34330.2 per sec) reads @ chr13:15000000-20000000
PoolWorker-25 countReadsInRegions_worker: processing 5000 (195.0 per sec) @ chr13:15000000-20000000
PoolWorker-25,  processing 522182 (36127.6 per sec) reads @ chr2:25000000-26977752
PoolWorker-25 countReadsInRegions_worker: processing 1977 (134.0 per sec) @ chr2:25000000-26977752
PoolWorker-25,  processing 2017671 (35109.8 per sec) reads @ chr19:0-5000000
PoolWorker-25 countReadsInRegions_worker: processing 5000 (85.3 per sec) @ chr19:0-5000000
PoolWorker-25,  processing 9182 (37347.7 per sec) reads @ Ascaf_69:0-44691
PoolWorker-25 countReadsInRegions_worker: processing 44 (152.1 per sec) @ Ascaf_69:0-44691
PoolWorker-25,  processing 730045 (36554.6 per sec) reads @ chr8:20000000-23122080
PoolWorker-25 countReadsInRegions_worker: processing 3122 (153.5 per sec) @ chr8:20000000-23122080
PoolWorker-25,  processing 868316 (35673.6 per sec) reads @ chr3:10000000-15000000
PoolWorker-25 countReadsInRegions_worker: processing 5000 (202.8 per sec) @ chr3:10000000-15000000
PoolWorker-25,  processing 1129237 (46385.3 per sec) reads @ chr12:0-5000000
PoolWorker-25 countReadsInRegions_worker: processing 5000 (202.9 per sec) @ chr12:0-5000000
PoolWorker-28,  processing 12665 (64091.5 per sec) reads @ Ascaf_86:0-37568
PoolWorker-28 countReadsInRegions_worker: processing 37 (170.6 per sec) @ Ascaf_86:0-37568
PoolWorker-28,  processing 1057061 (33795.8 per sec) reads @ chr1:0-5000000
PoolWorker-28 countReadsInRegions_worker: processing 5000 (156.4 per sec) @ chr1:0-5000000
PoolWorker-28,  processing 769435 (36300.4 per sec) reads @ chr2:10000000-15000000
PoolWorker-28 countReadsInRegions_worker: processing 5000 (230.5 per sec) @ chr2:10000000-15000000
PoolWorker-28,  processing 15832 (40597.8 per sec) reads @ Ascaf_58:0-57612
PoolWorker-28 countReadsInRegions_worker: processing 57 (131.0 per sec) @ Ascaf_58:0-57612
PoolWorker-28,  processing 52961 (37150.8 per sec) reads @ Ascaf_44:0-77777
PoolWorker-28 countReadsInRegions_worker: processing 77 (52.2 per sec) @ Ascaf_44:0-77777
PoolWorker-28,  processing 4614 (39577.0 per sec) reads @ Ascaf_131:0-18319
PoolWorker-28 countReadsInRegions_worker: processing 18 (114.4 per sec) @ Ascaf_131:0-18319
PoolWorker-28,  processing 895509 (36897.3 per sec) reads @ chr7:15000000-20000000
PoolWorker-28 countReadsInRegions_worker: processing 5000 (202.2 per sec) @ chr7:15000000-20000000
PoolWorker-28,  processing 12149 (35054.8 per sec) reads @ Ascaf_51:0-70629
PoolWorker-28 countReadsInRegions_worker: processing 70 (179.1 per sec) @ Ascaf_51:0-70629
PoolWorker-28,  processing 2051 (12119.7 per sec) reads @ Ascaf_115:0-24004
PoolWorker-28 countReadsInRegions_worker: processing 24 (113.4 per sec) @ Ascaf_115:0-24004
PoolWorker-28,  processing 41930 (36052.9 per sec) reads @ Ascaf_57:0-58000
PoolWorker-28 countReadsInRegions_worker: processing 58 (47.4 per sec) @ Ascaf_57:0-58000
PoolWorker-28,  processing 6459 (39786.7 per sec) reads @ Ascaf_83:0-38959
PoolWorker-28 countReadsInRegions_worker: processing 38 (185.0 per sec) @ Ascaf_83:0-38959
PoolWorker-28,  processing 803404 (37026.6 per sec) reads @ chr7:10000000-15000000
PoolWorker-28 countReadsInRegions_worker: processing 5000 (226.8 per sec) @ chr7:10000000-15000000
PoolWorker-28,  processing 8770 (41576.6 per sec) reads @ Ascaf_70:0-46916
PoolWorker-28 countReadsInRegions_worker: processing 46 (172.9 per sec) @ Ascaf_70:0-46916
PoolWorker-28,  processing 26236 (38597.6 per sec) reads @ Ascaf_59:0-57475
PoolWorker-28 countReadsInRegions_worker: processing 57 (78.5 per sec) @ Ascaf_59:0-57475
PoolWorker-28,  processing 269375 (37717.4 per sec) reads @ chr15:20000000-20219940
PoolWorker-28 countReadsInRegions_worker: processing 219 (29.9 per sec) @ chr15:20000000-20219940
PoolWorker-28,  processing 790504 (35982.4 per sec) reads @ chr20:5000000-10000000
PoolWorker-28 countReadsInRegions_worker: processing 5000 (222.8 per sec) @ chr20:5000000-10000000
PoolWorker-28,  processing 872678 (38365.6 per sec) reads @ chr3:5000000-10000000
PoolWorker-28 countReadsInRegions_worker: processing 5000 (217.8 per sec) @ chr3:5000000-10000000
PoolWorker-28,  processing 3475 (75548.6 per sec) reads @ Ascaf_126:0-19574
PoolWorker-28 countReadsInRegions_worker: processing 19 (349.3 per sec) @ Ascaf_126:0-19574
PoolWorker-28,  processing 890805 (66402.0 per sec) reads @ chr18:10000000-15000000
PoolWorker-28 countReadsInRegions_worker: processing 5000 (367.5 per sec) @ chr18:10000000-15000000
PoolWorker-28,  processing 15600 (54646.5 per sec) reads @ Ascaf_40:0-90738
PoolWorker-28 countReadsInRegions_worker: processing 90 (303.5 per sec) @ Ascaf_40:0-90738
PoolWorker-24,  processing 7159 (40420.5 per sec) reads @ Ascaf_168:0-25000
PoolWorker-24 countReadsInRegions_worker: processing 25 (118.6 per sec) @ Ascaf_168:0-25000
PoolWorker-24,  processing 823603 (34597.0 per sec) reads @ chr20:10000000-15000000
PoolWorker-24 countReadsInRegions_worker: processing 5000 (204.6 per sec) @ chr20:10000000-15000000
PoolWorker-24,  processing 43604 (38480.8 per sec) reads @ Ascaf_106:0-29590
PoolWorker-24 countReadsInRegions_worker: processing 29 (24.3 per sec) @ Ascaf_106:0-29590
PoolWorker-24,  processing 816896 (35327.7 per sec) reads @ chr21:10000000-15000000
PoolWorker-24 countReadsInRegions_worker: processing 5000 (211.9 per sec) @ chr21:10000000-15000000
PoolWorker-24,  processing 8009 (24331.1 per sec) reads @ Ascaf_77:0-41997
PoolWorker-24 countReadsInRegions_worker: processing 41 (110.5 per sec) @ Ascaf_77:0-41997
PoolWorker-24,  processing 219451 (38868.9 per sec) reads @ Ascaf_89:0-36000
PoolWorker-24 countReadsInRegions_worker: processing 36 (6.2 per sec) @ Ascaf_89:0-36000
PoolWorker-24,  processing 963548 (34668.7 per sec) reads @ chr4:35000000-40000000
PoolWorker-24 countReadsInRegions_worker: processing 5000 (176.7 per sec) @ chr4:35000000-40000000
PoolWorker-24,  processing 2327 (40637.8 per sec) reads @ Ascaf_132:0-17867
PoolWorker-24 countReadsInRegions_worker: processing 17 (171.2 per sec) @ Ascaf_132:0-17867
PoolWorker-24,  processing 6253 (23832.9 per sec) reads @ Ascaf_95:0-33544
PoolWorker-24 countReadsInRegions_worker: processing 33 (108.8 per sec) @ Ascaf_95:0-33544
PoolWorker-24,  processing 869028 (35930.6 per sec) reads @ chr15:10000000-15000000
PoolWorker-24 countReadsInRegions_worker: processing 5000 (203.4 per sec) @ chr15:10000000-15000000
PoolWorker-24,  processing 518545 (35655.1 per sec) reads @ chr19:5000000-10000000
PoolWorker-24 countReadsInRegions_worker: processing 5000 (336.0 per sec) @ chr19:5000000-10000000
PoolWorker-24,  processing 4662 (40650.5 per sec) reads @ Ascaf_117:0-22832
PoolWorker-24 countReadsInRegions_worker: processing 22 (141.0 per sec) @ Ascaf_117:0-22832
PoolWorker-24,  processing 332900 (37651.0 per sec) reads @ Ascaf_25:0-178627
PoolWorker-24 countReadsInRegions_worker: processing 178 (19.8 per sec) @ Ascaf_25:0-178627
PoolWorker-24,  processing 15394 (39590.9 per sec) reads @ Ascaf_54:0-60000
PoolWorker-24 countReadsInRegions_worker: processing 60 (134.3 per sec) @ Ascaf_54:0-60000
PoolWorker-24,  processing 197304 (38157.1 per sec) reads @ Ascaf_74:0-44000
PoolWorker-24 countReadsInRegions_worker: processing 44 (8.3 per sec) @ Ascaf_74:0-44000
PoolWorker-24,  processing 182542 (37169.3 per sec) reads @ Ascaf_27:0-155775
PoolWorker-24 countReadsInRegions_worker: processing 155 (30.9 per sec) @ Ascaf_27:0-155775
PoolWorker-24,  processing 905908 (41437.8 per sec) reads @ chr15:15000000-20000000
PoolWorker-24 countReadsInRegions_worker: processing 5000 (226.4 per sec) @ chr15:15000000-20000000
PoolWorker-24,  processing 470399 (73918.0 per sec) reads @ chr19:10000000-15000000
PoolWorker-24 countReadsInRegions_worker: processing 5000 (772.2 per sec) @ chr19:10000000-15000000
PoolWorker-24,  processing 155733 (79335.2 per sec) reads @ Ascaf_96:0-33398
PoolWorker-24 countReadsInRegions_worker: processing 33 (16.5 per sec) @ Ascaf_96:0-33398
PoolWorker-24,  processing 657898 (77409.6 per sec) reads @ chr12:20000000-23704847
PoolWorker-24 countReadsInRegions_worker: processing 3704 (429.2 per sec) @ chr12:20000000-23704847
PoolWorker-18,  processing 212 (17845.2 per sec) reads @ Ascaf_164:0-1000
PoolWorker-18 countReadsInRegions_worker: processing 1 (47.6 per sec) @ Ascaf_164:0-1000
PoolWorker-18,  processing 1127706 (34712.5 per sec) reads @ chr7:20000000-25000000
PoolWorker-18 countReadsInRegions_worker: processing 5000 (149.9 per sec) @ chr7:20000000-25000000
PoolWorker-18,  processing 857370 (36011.2 per sec) reads @ chr15:5000000-10000000
PoolWorker-18 countReadsInRegions_worker: processing 5000 (205.8 per sec) @ chr15:5000000-10000000
PoolWorker-18,  processing 15145 (37529.7 per sec) reads @ Ascaf_71:0-32519
PoolWorker-18 countReadsInRegions_worker: processing 32 (69.3 per sec) @ Ascaf_71:0-32519
PoolWorker-18,  processing 222 (60357.5 per sec) reads @ Ascaf_159:0-3139
PoolWorker-18 countReadsInRegions_worker: processing 3 (82.1 per sec) @ Ascaf_159:0-3139
PoolWorker-18,  processing 8667 (36247.2 per sec) reads @ Ascaf_104:0-29894
PoolWorker-18 countReadsInRegions_worker: processing 29 (103.4 per sec) @ Ascaf_104:0-29894
PoolWorker-18,  processing 5877 (36813.2 per sec) reads @ Ascaf_108:0-29345
PoolWorker-18 countReadsInRegions_worker: processing 29 (144.5 per sec) @ Ascaf_108:0-29345
PoolWorker-18,  processing 1243774 (36140.5 per sec) reads @ chr4:20000000-25000000
PoolWorker-18 countReadsInRegions_worker: processing 5000 (142.6 per sec) @ chr4:20000000-25000000
PoolWorker-18,  processing 57463 (37893.5 per sec) reads @ Ascaf_114:0-24031
PoolWorker-18 countReadsInRegions_worker: processing 24 (15.3 per sec) @ Ascaf_114:0-24031
PoolWorker-18,  processing 8174 (30209.7 per sec) reads @ Ascaf_67:0-40269
PoolWorker-18 countReadsInRegions_worker: processing 40 (128.2 per sec) @ Ascaf_67:0-40269
PoolWorker-18,  processing 1813 (48424.1 per sec) reads @ Ascaf_143:0-15560
PoolWorker-18 countReadsInRegions_worker: processing 15 (194.3 per sec) @ Ascaf_143:0-15560
PoolWorker-18,  processing 17544 (40242.5 per sec) reads @ Ascaf_142:0-15730
PoolWorker-18 countReadsInRegions_worker: processing 15 (30.5 per sec) @ Ascaf_142:0-15730
PoolWorker-18,  processing 277603 (37241.0 per sec) reads @ Ascaf_53:0-64139
PoolWorker-18 countReadsInRegions_worker: processing 64 (8.4 per sec) @ Ascaf_53:0-64139
PoolWorker-18,  processing 981037 (36659.5 per sec) reads @ chr3:0-5000000
PoolWorker-18 countReadsInRegions_worker: processing 5000 (183.6 per sec) @ chr3:0-5000000
PoolWorker-18,  processing 1353063 (40023.6 per sec) reads @ chr13:0-5000000
PoolWorker-18 countReadsInRegions_worker: processing 5000 (146.6 per sec) @ chr13:0-5000000
PoolWorker-18,  processing 997750 (73833.4 per sec) reads @ chr4:0-5000000
PoolWorker-18 countReadsInRegions_worker: processing 5000 (365.0 per sec) @ chr4:0-5000000
PoolWorker-29,  processing 849417 (34415.4 per sec) reads @ chr2:20000000-25000000
PoolWorker-29 countReadsInRegions_worker: processing 5000 (198.7 per sec) @ chr2:20000000-25000000
PoolWorker-29,  processing 971497 (35005.2 per sec) reads @ chr16:15000000-20000000
PoolWorker-29 countReadsInRegions_worker: processing 5000 (176.5 per sec) @ chr16:15000000-20000000
PoolWorker-29,  processing 826 (73514.0 per sec) reads @ Ascaf_160:0-2000
PoolWorker-29 countReadsInRegions_worker: processing 2 (38.8 per sec) @ Ascaf_160:0-2000
PoolWorker-29,  processing 190962 (35764.0 per sec) reads @ chr4:40000000-40647937
PoolWorker-29 countReadsInRegions_worker: processing 647 (118.8 per sec) @ chr4:40000000-40647937
PoolWorker-29,  processing 329788 (37594.0 per sec) reads @ Ascaf_26:0-156806
PoolWorker-29 countReadsInRegions_worker: processing 156 (17.5 per sec) @ Ascaf_26:0-156806
PoolWorker-29,  processing 1255 (10102.7 per sec) reads @ Ascaf_154:0-6709
PoolWorker-29 countReadsInRegions_worker: processing 6 (36.5 per sec) @ Ascaf_154:0-6709
PoolWorker-29,  processing 12293 (33538.8 per sec) reads @ Ascaf_63:0-51776
PoolWorker-29 countReadsInRegions_worker: processing 51 (127.3 per sec) @ Ascaf_63:0-51776
PoolWorker-29,  processing 1032481 (35723.9 per sec) reads @ chr17:5000000-10000000
PoolWorker-29 countReadsInRegions_worker: processing 5000 (169.2 per sec) @ chr17:5000000-10000000
PoolWorker-29,  processing 818652 (36553.5 per sec) reads @ chr5:15000000-18670498
PoolWorker-29 countReadsInRegions_worker: processing 3670 (160.7 per sec) @ chr5:15000000-18670498
PoolWorker-29,  processing 11278 (35395.1 per sec) reads @ Ascaf_76:0-42514
PoolWorker-29 countReadsInRegions_worker: processing 42 (120.8 per sec) @ Ascaf_76:0-42514
PoolWorker-29,  processing 2376 (53581.2 per sec) reads @ Ascaf_148:0-14976
PoolWorker-29 countReadsInRegions_worker: processing 14 (173.7 per sec) @ Ascaf_148:0-14976
PoolWorker-29,  processing 898231 (35334.7 per sec) reads @ chr17:0-5000000
PoolWorker-29 countReadsInRegions_worker: processing 5000 (192.9 per sec) @ chr17:0-5000000
PoolWorker-29,  processing 171 (56945.3 per sec) reads @ Ascaf_162:0-1000
PoolWorker-29 countReadsInRegions_worker: processing 1 (26.8 per sec) @ Ascaf_162:0-1000
PoolWorker-29,  processing 3772 (39678.6 per sec) reads @ Ascaf_103:0-30986
PoolWorker-29 countReadsInRegions_worker: processing 30 (213.6 per sec) @ Ascaf_103:0-30986
PoolWorker-29,  processing 1033380 (48474.9 per sec) reads @ chr8:0-5000000
PoolWorker-29 countReadsInRegions_worker: processing 5000 (231.6 per sec) @ chr8:0-5000000
PoolWorker-29,  processing 1135627 (77233.0 per sec) reads @ chr17:20000000-23682274
PoolWorker-29 countReadsInRegions_worker: processing 3682 (246.9 per sec) @ chr17:20000000-23682274
PoolWorker-19,  processing 302723 (35875.2 per sec) reads @ Ascaf_45:0-74461
PoolWorker-19 countReadsInRegions_worker: processing 74 (8.6 per sec) @ Ascaf_45:0-74461
PoolWorker-19,  processing 1122658 (35254.4 per sec) reads @ chr6:0-5000000
PoolWorker-19 countReadsInRegions_worker: processing 5000 (153.9 per sec) @ chr6:0-5000000
PoolWorker-19,  processing 3270 (39661.4 per sec) reads @ Ascaf_145:0-15510
PoolWorker-19 countReadsInRegions_worker: processing 15 (114.8 per sec) @ Ascaf_145:0-15510
PoolWorker-19,  processing 6466 (38956.5 per sec) reads @ Ascaf_94:0-33862
PoolWorker-19 countReadsInRegions_worker: processing 33 (165.9 per sec) @ Ascaf_94:0-33862
PoolWorker-19,  processing 878241 (34078.2 per sec) reads @ chr1:30000000-33917795
PoolWorker-19 countReadsInRegions_worker: processing 3917 (149.6 per sec) @ chr1:30000000-33917795
PoolWorker-19,  processing 284476 (33475.1 per sec) reads @ chr6:20000000-21248438
PoolWorker-19 countReadsInRegions_worker: processing 1248 (144.7 per sec) @ chr6:20000000-21248438
PoolWorker-19,  processing 7704 (38283.8 per sec) reads @ Ascaf_82:0-39089
PoolWorker-19 countReadsInRegions_worker: processing 39 (162.2 per sec) @ Ascaf_82:0-39089
PoolWorker-19,  processing 50348 (36628.9 per sec) reads @ Ascaf_24:0-187591
PoolWorker-19 countReadsInRegions_worker: processing 187 (131.6 per sec) @ Ascaf_24:0-187591
PoolWorker-19,  processing 104491 (36224.5 per sec) reads @ Ascaf_137:0-17000
PoolWorker-19 countReadsInRegions_worker: processing 17 (5.7 per sec) @ Ascaf_137:0-17000
PoolWorker-19,  processing 157749 (36551.2 per sec) reads @ Ascaf_113:0-24387
PoolWorker-19 countReadsInRegions_worker: processing 24 (5.4 per sec) @ Ascaf_113:0-24387
PoolWorker-19,  processing 880014 (34599.9 per sec) reads @ chr14:10000000-15000000
PoolWorker-19 countReadsInRegions_worker: processing 5000 (193.1 per sec) @ chr14:10000000-15000000
PoolWorker-19,  processing 823262 (35648.4 per sec) reads @ chr16:10000000-15000000
PoolWorker-19 countReadsInRegions_worker: processing 5000 (212.8 per sec) @ chr16:10000000-15000000
PoolWorker-19,  processing 975198 (38461.1 per sec) reads @ chr11:0-5000000
PoolWorker-19 countReadsInRegions_worker: processing 5000 (194.9 per sec) @ chr11:0-5000000
PoolWorker-19,  processing 1024757 (66888.8 per sec) reads @ chr20:0-5000000
PoolWorker-19 countReadsInRegions_worker: processing 5000 (321.0 per sec) @ chr20:0-5000000
PoolWorker-19,  processing 859734 (79989.6 per sec) reads @ chr10:10000000-15000000
PoolWorker-19 countReadsInRegions_worker: processing 5000 (459.1 per sec) @ chr10:10000000-15000000
PoolWorker-19,  processing 26712 (89473.1 per sec) reads @ Ascaf_64:0-51000
PoolWorker-19 countReadsInRegions_worker: processing 51 (165.6 per sec) @ Ascaf_64:0-51000
PoolWorker-22,  processing 739804 (33197.2 per sec) reads @ chr18:15000000-18483836
PoolWorker-22 countReadsInRegions_worker: processing 3483 (152.8 per sec) @ chr18:15000000-18483836
PoolWorker-22,  processing 825203 (34237.1 per sec) reads @ chr20:20000000-22998664
PoolWorker-22 countReadsInRegions_worker: processing 2998 (121.9 per sec) @ chr20:20000000-22998664
PoolWorker-22,  processing 1912 (49865.7 per sec) reads @ Ascaf_152:0-12206
PoolWorker-22 countReadsInRegions_worker: processing 12 (148.6 per sec) @ Ascaf_152:0-12206
PoolWorker-22,  processing 878489 (36625.3 per sec) reads @ chr17:10000000-15000000
PoolWorker-22 countReadsInRegions_worker: processing 5000 (205.0 per sec) @ chr17:10000000-15000000
PoolWorker-22,  processing 844060 (36170.5 per sec) reads @ chr11:15000000-19299255
PoolWorker-22 countReadsInRegions_worker: processing 4299 (181.5 per sec) @ chr11:15000000-19299255
PoolWorker-22,  processing 8980 (39864.8 per sec) reads @ Ascaf_85:0-37890
PoolWorker-22 countReadsInRegions_worker: processing 37 (138.5 per sec) @ Ascaf_85:0-37890
PoolWorker-22,  processing 800390 (36255.4 per sec) reads @ chr6:10000000-15000000
PoolWorker-22 countReadsInRegions_worker: processing 5000 (222.4 per sec) @ chr6:10000000-15000000
PoolWorker-22,  processing 46685 (37831.6 per sec) reads @ Ascaf_92:0-34608
PoolWorker-22 countReadsInRegions_worker: processing 34 (26.2 per sec) @ Ascaf_92:0-34608
PoolWorker-22,  processing 1037866 (34699.7 per sec) reads @ chr5:0-5000000
PoolWorker-22 countReadsInRegions_worker: processing 5000 (164.5 per sec) @ chr5:0-5000000
PoolWorker-22,  processing 867175 (50950.2 per sec) reads @ chr5:5000000-10000000
PoolWorker-22 countReadsInRegions_worker: processing 5000 (289.1 per sec) @ chr5:5000000-10000000
PoolWorker-22,  processing 1233654 (78029.9 per sec) reads @ chr1:20000000-25000000
PoolWorker-22 countReadsInRegions_worker: processing 5000 (311.3 per sec) @ chr1:20000000-25000000
PoolWorker-22,  processing 823255 (88503.3 per sec) reads @ chr18:5000000-10000000
PoolWorker-22 countReadsInRegions_worker: processing 5000 (529.7 per sec) @ chr18:5000000-10000000
output file: /storage/scratch/iee/dj20y461/Stickleback/Y_comp/Sex_chrom_stats/Read_depths/Gw/depths/Gw04_M.1kb.RPKM.depth
