genome partition size for multiprocessing: 1000000
using 16 processors for 657 number of tasks
Final scaling factor: 0.009598763065
PoolWorker-22,  processing 478094 (36316.0 per sec) reads @ Ascaf_27:0-155775
PoolWorker-22 countReadsInRegions_worker: processing 155 (11.5 per sec) @ Ascaf_27:0-155775
PoolWorker-22,  processing 857614 (35305.6 per sec) reads @ chr9:0-5000000
PoolWorker-22 countReadsInRegions_worker: processing 5000 (201.5 per sec) @ chr9:0-5000000
PoolWorker-22,  processing 945079 (36394.8 per sec) reads @ chr18:0-5000000
PoolWorker-22 countReadsInRegions_worker: processing 5000 (189.2 per sec) @ chr18:0-5000000
PoolWorker-22,  processing 69199 (34253.2 per sec) reads @ chr3:20000000-20313673
PoolWorker-22 countReadsInRegions_worker: processing 313 (150.2 per sec) @ chr3:20000000-20313673
PoolWorker-22,  processing 40739 (37045.8 per sec) reads @ Ascaf_31:0-121444
PoolWorker-22 countReadsInRegions_worker: processing 121 (104.2 per sec) @ Ascaf_31:0-121444
PoolWorker-22,  processing 155 (55282.1 per sec) reads @ Ascaf_164:0-1000
PoolWorker-22 countReadsInRegions_worker: processing 1 (20.7 per sec) @ Ascaf_164:0-1000
PoolWorker-22,  processing 2780 (43142.2 per sec) reads @ Ascaf_144:0-15519
PoolWorker-22 countReadsInRegions_worker: processing 15 (143.0 per sec) @ Ascaf_144:0-15519
PoolWorker-22,  processing 2072 (51632.3 per sec) reads @ Ascaf_134:0-17659
PoolWorker-22 countReadsInRegions_worker: processing 17 (208.1 per sec) @ Ascaf_134:0-17659
PoolWorker-22,  processing 437000 (36792.7 per sec) reads @ Ascaf_98:0-33222
PoolWorker-22 countReadsInRegions_worker: processing 33 (2.7 per sec) @ Ascaf_98:0-33222
PoolWorker-22,  processing 70161 (37828.7 per sec) reads @ Ascaf_34:0-101478
PoolWorker-22 countReadsInRegions_worker: processing 101 (52.9 per sec) @ Ascaf_34:0-101478
PoolWorker-22,  processing 754705 (36328.9 per sec) reads @ chr20:10000000-15000000
PoolWorker-22 countReadsInRegions_worker: processing 5000 (236.9 per sec) @ chr20:10000000-15000000
PoolWorker-22,  processing 718713 (36259.9 per sec) reads @ chr19:10000000-15000000
PoolWorker-22 countReadsInRegions_worker: processing 5000 (248.1 per sec) @ chr19:10000000-15000000
PoolWorker-22,  processing 30645 (38256.9 per sec) reads @ Ascaf_64:0-51000
PoolWorker-22 countReadsInRegions_worker: processing 51 (59.8 per sec) @ Ascaf_64:0-51000
PoolWorker-22,  processing 756301 (36298.2 per sec) reads @ chr4:5000000-10000000
PoolWorker-22 countReadsInRegions_worker: processing 5000 (235.9 per sec) @ chr4:5000000-10000000
PoolWorker-22,  processing 8693 (41684.7 per sec) reads @ Ascaf_122:0-20728
PoolWorker-22 countReadsInRegions_worker: processing 20 (79.8 per sec) @ Ascaf_122:0-20728
PoolWorker-22,  processing 46013 (37360.1 per sec) reads @ Ascaf_114:0-24031
PoolWorker-22 countReadsInRegions_worker: processing 24 (18.6 per sec) @ Ascaf_114:0-24031
PoolWorker-22,  processing 2090 (51680.2 per sec) reads @ Ascaf_148:0-14976
PoolWorker-22 countReadsInRegions_worker: processing 14 (159.9 per sec) @ Ascaf_148:0-14976
PoolWorker-22,  processing 5037 (35809.8 per sec) reads @ Ascaf_87:0-36937
PoolWorker-22 countReadsInRegions_worker: processing 36 (206.3 per sec) @ Ascaf_87:0-36937
PoolWorker-22,  processing 856210 (37444.1 per sec) reads @ chr18:10000000-15000000
PoolWorker-22 countReadsInRegions_worker: processing 5000 (216.2 per sec) @ chr18:10000000-15000000
PoolWorker-22,  processing 3782 (76478.1 per sec) reads @ Ascaf_126:0-19574
PoolWorker-22 countReadsInRegions_worker: processing 19 (326.6 per sec) @ Ascaf_126:0-19574
PoolWorker-19,  processing 5200 (67575.4 per sec) reads @ Ascaf_131:0-18319
PoolWorker-19 countReadsInRegions_worker: processing 18 (207.0 per sec) @ Ascaf_131:0-18319
PoolWorker-19,  processing 2207589 (34957.3 per sec) reads @ chr19:0-5000000
PoolWorker-19 countReadsInRegions_worker: processing 5000 (77.3 per sec) @ chr19:0-5000000
PoolWorker-19,  processing 715146 (37362.1 per sec) reads @ chr1:10000000-15000000
PoolWorker-19 countReadsInRegions_worker: processing 5000 (255.9 per sec) @ chr1:10000000-15000000
PoolWorker-19,  processing 829427 (37104.5 per sec) reads @ chr7:15000000-20000000
PoolWorker-19 countReadsInRegions_worker: processing 5000 (219.6 per sec) @ chr7:15000000-20000000
PoolWorker-19,  processing 760035 (37577.1 per sec) reads @ chr7:25000000-30000000
PoolWorker-19 countReadsInRegions_worker: processing 5000 (242.2 per sec) @ chr7:25000000-30000000
PoolWorker-19,  processing 256366 (35818.5 per sec) reads @ chr4:40000000-40647937
PoolWorker-19 countReadsInRegions_worker: processing 647 (88.7 per sec) @ chr4:40000000-40647937
PoolWorker-19,  processing 891377 (35658.9 per sec) reads @ chr17:0-5000000
PoolWorker-19 countReadsInRegions_worker: processing 5000 (196.4 per sec) @ chr17:0-5000000
PoolWorker-19,  processing 4222 (38514.5 per sec) reads @ Ascaf_103:0-30986
PoolWorker-19 countReadsInRegions_worker: processing 30 (218.3 per sec) @ Ascaf_103:0-30986
PoolWorker-19,  processing 421952 (39155.7 per sec) reads @ Ascaf_39:0-92659
PoolWorker-19 countReadsInRegions_worker: processing 92 (8.4 per sec) @ Ascaf_39:0-92659
PoolWorker-19,  processing 11291 (29324.8 per sec) reads @ Ascaf_54:0-60000
PoolWorker-19 countReadsInRegions_worker: processing 60 (152.0 per sec) @ Ascaf_54:0-60000
PoolWorker-19,  processing 745188 (67769.3 per sec) reads @ chr2:20000000-25000000
PoolWorker-19 countReadsInRegions_worker: processing 5000 (448.6 per sec) @ chr2:20000000-25000000
PoolWorker-19,  processing 2066 (79670.4 per sec) reads @ Ascaf_132:0-17867
PoolWorker-19 countReadsInRegions_worker: processing 17 (505.9 per sec) @ Ascaf_132:0-17867
PoolWorker-21,  processing 1744 (67232.2 per sec) reads @ Ascaf_143:0-15560
PoolWorker-21 countReadsInRegions_worker: processing 15 (414.0 per sec) @ Ascaf_143:0-15560
PoolWorker-21,  processing 893448 (34676.9 per sec) reads @ chr11:10000000-15000000
PoolWorker-21 countReadsInRegions_worker: processing 5000 (190.2 per sec) @ chr11:10000000-15000000
PoolWorker-21,  processing 673013 (35896.8 per sec) reads @ chr2:10000000-15000000
PoolWorker-21 countReadsInRegions_worker: processing 5000 (260.4 per sec) @ chr2:10000000-15000000
PoolWorker-21,  processing 863703 (35609.3 per sec) reads @ chr1:25000000-30000000
PoolWorker-21 countReadsInRegions_worker: processing 5000 (202.4 per sec) @ chr1:25000000-30000000
PoolWorker-21,  processing 971869 (35439.4 per sec) reads @ chr4:35000000-40000000
PoolWorker-21 countReadsInRegions_worker: processing 5000 (178.9 per sec) @ chr4:35000000-40000000
PoolWorker-21,  processing 260001 (38409.5 per sec) reads @ Ascaf_50:0-70692
PoolWorker-21 countReadsInRegions_worker: processing 70 (10.1 per sec) @ Ascaf_50:0-70692
PoolWorker-21,  processing 989963 (34497.5 per sec) reads @ chr9:20000000-24303205
PoolWorker-21 countReadsInRegions_worker: processing 4303 (147.6 per sec) @ chr9:20000000-24303205
PoolWorker-21,  processing 1206144 (35903.5 per sec) reads @ chr7:20000000-25000000
PoolWorker-21 countReadsInRegions_worker: processing 5000 (146.6 per sec) @ chr7:20000000-25000000
PoolWorker-32,  processing 7153 (34858.4 per sec) reads @ Ascaf_82:0-39089
PoolWorker-32 countReadsInRegions_worker: processing 39 (172.1 per sec) @ Ascaf_82:0-39089
PoolWorker-32,  processing 1494085 (35536.2 per sec) reads @ chr13:0-5000000
PoolWorker-32 countReadsInRegions_worker: processing 5000 (116.1 per sec) @ chr13:0-5000000
PoolWorker-32,  processing 12260 (34730.2 per sec) reads @ Ascaf_86:0-37568
PoolWorker-32 countReadsInRegions_worker: processing 37 (93.1 per sec) @ Ascaf_86:0-37568
PoolWorker-32,  processing 853344 (36891.8 per sec) reads @ chr5:10000000-15000000
PoolWorker-32 countReadsInRegions_worker: processing 5000 (212.3 per sec) @ chr5:10000000-15000000
PoolWorker-32,  processing 104518 (35322.8 per sec) reads @ Ascaf_22:0-446888
PoolWorker-32 countReadsInRegions_worker: processing 446 (147.2 per sec) @ Ascaf_22:0-446888
PoolWorker-32,  processing 15912 (38866.5 per sec) reads @ Ascaf_169:0-50000
PoolWorker-32 countReadsInRegions_worker: processing 50 (106.9 per sec) @ Ascaf_169:0-50000
PoolWorker-32,  processing 3678 (40961.8 per sec) reads @ Ascaf_138:0-16696
PoolWorker-32 countReadsInRegions_worker: processing 16 (122.5 per sec) @ Ascaf_138:0-16696
PoolWorker-32,  processing 37622 (37468.9 per sec) reads @ Ascaf_32:0-110405
PoolWorker-32 countReadsInRegions_worker: processing 110 (104.5 per sec) @ Ascaf_32:0-110405
PoolWorker-32,  processing 812241 (36133.8 per sec) reads @ chr8:15000000-20000000
PoolWorker-32 countReadsInRegions_worker: processing 5000 (218.2 per sec) @ chr8:15000000-20000000
PoolWorker-32,  processing 11266 (38765.5 per sec) reads @ Ascaf_65:0-47651
PoolWorker-32 countReadsInRegions_worker: processing 47 (141.3 per sec) @ Ascaf_65:0-47651
PoolWorker-32,  processing 43100 (36986.8 per sec) reads @ Ascaf_57:0-58000
PoolWorker-32 countReadsInRegions_worker: processing 58 (47.3 per sec) @ Ascaf_57:0-58000
PoolWorker-32,  processing 13049 (33393.0 per sec) reads @ Ascaf_51:0-70629
PoolWorker-32 countReadsInRegions_worker: processing 70 (161.7 per sec) @ Ascaf_51:0-70629
PoolWorker-32,  processing 5931 (41110.2 per sec) reads @ Ascaf_95:0-33544
PoolWorker-32 countReadsInRegions_worker: processing 33 (175.6 per sec) @ Ascaf_95:0-33544
PoolWorker-32,  processing 1013525 (35273.8 per sec) reads @ chr7:0-5000000
PoolWorker-32 countReadsInRegions_worker: processing 5000 (170.7 per sec) @ chr7:0-5000000
PoolWorker-32,  processing 793238 (36419.7 per sec) reads @ chr10:5000000-10000000
PoolWorker-32 countReadsInRegions_worker: processing 5000 (226.0 per sec) @ chr10:5000000-10000000
PoolWorker-32,  processing 815158 (36878.6 per sec) reads @ chr8:20000000-23122080
PoolWorker-32 countReadsInRegions_worker: processing 3122 (139.1 per sec) @ chr8:20000000-23122080
PoolWorker-25,  processing 8693 (36156.9 per sec) reads @ Ascaf_70:0-46916
PoolWorker-25 countReadsInRegions_worker: processing 46 (176.5 per sec) @ Ascaf_70:0-46916
PoolWorker-25,  processing 15802 (36644.0 per sec) reads @ Ascaf_61:0-54508
PoolWorker-25 countReadsInRegions_worker: processing 54 (109.1 per sec) @ Ascaf_61:0-54508
PoolWorker-25,  processing 39505 (36276.2 per sec) reads @ Ascaf_106:0-29590
PoolWorker-25 countReadsInRegions_worker: processing 29 (24.8 per sec) @ Ascaf_106:0-29590
PoolWorker-25,  processing 117617 (37494.2 per sec) reads @ Ascaf_35:0-99371
PoolWorker-25 countReadsInRegions_worker: processing 99 (30.5 per sec) @ Ascaf_35:0-99371
PoolWorker-25,  processing 43739 (36765.0 per sec) reads @ Ascaf_24:0-187591
PoolWorker-25 countReadsInRegions_worker: processing 187 (146.5 per sec) @ Ascaf_24:0-187591
PoolWorker-25,  processing 943397 (34505.8 per sec) reads @ chr7:30000000-33914388
PoolWorker-25 countReadsInRegions_worker: processing 3914 (140.4 per sec) @ chr7:30000000-33914388
PoolWorker-25,  processing 1014716 (35491.5 per sec) reads @ chr20:0-5000000
PoolWorker-25 countReadsInRegions_worker: processing 5000 (171.3 per sec) @ chr20:0-5000000
PoolWorker-25,  processing 3236 (38174.8 per sec) reads @ Ascaf_127:0-19159
PoolWorker-25 countReadsInRegions_worker: processing 19 (112.5 per sec) @ Ascaf_127:0-19159
PoolWorker-25,  processing 9560 (38442.7 per sec) reads @ Ascaf_80:0-41014
PoolWorker-25 countReadsInRegions_worker: processing 41 (135.1 per sec) @ Ascaf_80:0-41014
PoolWorker-25,  processing 710647 (36420.2 per sec) reads @ chr13:10000000-15000000
PoolWorker-25 countReadsInRegions_worker: processing 5000 (251.0 per sec) @ chr13:10000000-15000000
PoolWorker-25,  processing 9771 (25156.1 per sec) reads @ Ascaf_93:0-34038
PoolWorker-25 countReadsInRegions_worker: processing 34 (78.9 per sec) @ Ascaf_93:0-34038
PoolWorker-25,  processing 2106 (45335.2 per sec) reads @ Ascaf_152:0-12206
PoolWorker-25 countReadsInRegions_worker: processing 12 (90.5 per sec) @ Ascaf_152:0-12206
PoolWorker-25,  processing 1009824 (34502.5 per sec) reads @ chr13:20000000-24369283
PoolWorker-25 countReadsInRegions_worker: processing 4369 (146.9 per sec) @ chr13:20000000-24369283
PoolWorker-25,  processing 829697 (36098.7 per sec) reads @ chr15:15000000-20000000
PoolWorker-25 countReadsInRegions_worker: processing 5000 (213.9 per sec) @ chr15:15000000-20000000
PoolWorker-25,  processing 753416 (35919.7 per sec) reads @ chr1:5000000-10000000
PoolWorker-25 countReadsInRegions_worker: processing 5000 (233.6 per sec) @ chr1:5000000-10000000
PoolWorker-25,  processing 520417 (37805.5 per sec) reads @ Ascaf_74:0-44000
PoolWorker-25 countReadsInRegions_worker: processing 44 (3.1 per sec) @ Ascaf_74:0-44000
PoolWorker-31,  processing 827109 (35572.8 per sec) reads @ chr3:5000000-10000000
PoolWorker-31 countReadsInRegions_worker: processing 5000 (209.7 per sec) @ chr3:5000000-10000000
PoolWorker-31,  processing 829514 (36296.3 per sec) reads @ chr19:15000000-20000000
PoolWorker-31 countReadsInRegions_worker: processing 5000 (214.2 per sec) @ chr19:15000000-20000000
PoolWorker-31,  processing 758172 (34781.7 per sec) reads @ chr18:15000000-18483836
PoolWorker-31 countReadsInRegions_worker: processing 3483 (156.2 per sec) @ chr18:15000000-18483836
PoolWorker-31,  processing 481248 (38373.2 per sec) reads @ Ascaf_33:0-106103
PoolWorker-31 countReadsInRegions_worker: processing 106 (8.3 per sec) @ Ascaf_33:0-106103
PoolWorker-31,  processing 7590 (39261.1 per sec) reads @ Ascaf_102:0-31073
PoolWorker-31 countReadsInRegions_worker: processing 31 (132.2 per sec) @ Ascaf_102:0-31073
PoolWorker-31,  processing 11046 (39080.7 per sec) reads @ Ascaf_81:0-40000
PoolWorker-31 countReadsInRegions_worker: processing 40 (122.5 per sec) @ Ascaf_81:0-40000
PoolWorker-31,  processing 8451 (35592.7 per sec) reads @ Ascaf_78:0-41577
PoolWorker-31 countReadsInRegions_worker: processing 41 (145.9 per sec) @ Ascaf_78:0-41577
PoolWorker-31,  processing 735706 (37933.8 per sec) reads @ Ascaf_89:0-36000
PoolWorker-31 countReadsInRegions_worker: processing 36 (1.8 per sec) @ Ascaf_89:0-36000
PoolWorker-31,  processing 1023250 (35604.1 per sec) reads @ chr4:0-5000000
PoolWorker-31 countReadsInRegions_worker: processing 5000 (170.9 per sec) @ chr4:0-5000000
PoolWorker-31,  processing 11256 (37876.4 per sec) reads @ Ascaf_133:0-49732
PoolWorker-31 countReadsInRegions_worker: processing 49 (143.5 per sec) @ Ascaf_133:0-49732
PoolWorker-31,  processing 1640 (46024.6 per sec) reads @ Ascaf_154:0-6709
PoolWorker-31 countReadsInRegions_worker: processing 6 (76.6 per sec) @ Ascaf_154:0-6709
PoolWorker-31,  processing 8232 (38079.2 per sec) reads @ Ascaf_77:0-41997
PoolWorker-31 countReadsInRegions_worker: processing 41 (159.4 per sec) @ Ascaf_77:0-41997
PoolWorker-31,  processing 43818 (38000.4 per sec) reads @ Ascaf_56:0-58445
PoolWorker-31 countReadsInRegions_worker: processing 58 (47.8 per sec) @ Ascaf_56:0-58445
PoolWorker-31,  processing 778102 (36048.4 per sec) reads @ chr13:5000000-10000000
PoolWorker-31 countReadsInRegions_worker: processing 5000 (228.3 per sec) @ chr13:5000000-10000000
PoolWorker-31,  processing 5770 (34910.5 per sec) reads @ Ascaf_99:0-33167
PoolWorker-31 countReadsInRegions_worker: processing 33 (189.3 per sec) @ Ascaf_99:0-33167
PoolWorker-31,  processing 782707 (39060.0 per sec) reads @ Ascaf_45:0-74461
PoolWorker-31 countReadsInRegions_worker: processing 74 (3.7 per sec) @ Ascaf_45:0-74461
PoolWorker-17,  processing 1202181 (35229.2 per sec) reads @ chr6:0-5000000
PoolWorker-17 countReadsInRegions_worker: processing 5000 (143.1 per sec) @ chr6:0-5000000
PoolWorker-17,  processing 878454 (35793.7 per sec) reads @ chr5:15000000-18670498
PoolWorker-17 countReadsInRegions_worker: processing 3670 (146.4 per sec) @ chr5:15000000-18670498
PoolWorker-17,  processing 567352 (36883.8 per sec) reads @ chr2:25000000-26977752
PoolWorker-17 countReadsInRegions_worker: processing 1977 (125.8 per sec) @ chr2:25000000-26977752
PoolWorker-17,  processing 821191 (36119.9 per sec) reads @ chr13:15000000-20000000
PoolWorker-17 countReadsInRegions_worker: processing 5000 (216.5 per sec) @ chr13:15000000-20000000
PoolWorker-17,  processing 859935 (35112.1 per sec) reads @ chr1:30000000-33917795
PoolWorker-17 countReadsInRegions_worker: processing 3917 (157.5 per sec) @ chr1:30000000-33917795
PoolWorker-17,  processing 13260 (29823.6 per sec) reads @ Ascaf_40:0-90738
PoolWorker-17 countReadsInRegions_worker: processing 90 (184.6 per sec) @ Ascaf_40:0-90738
PoolWorker-17,  processing 420 (70363.0 per sec) reads @ Ascaf_160:0-2000
PoolWorker-17 countReadsInRegions_worker: processing 2 (41.2 per sec) @ Ascaf_160:0-2000
PoolWorker-17,  processing 1074519 (35186.8 per sec) reads @ chr8:0-5000000
PoolWorker-17 countReadsInRegions_worker: processing 5000 (161.0 per sec) @ chr8:0-5000000
PoolWorker-17,  processing 775149 (39229.1 per sec) reads @ chr12:10000000-15000000
PoolWorker-17 countReadsInRegions_worker: processing 5000 (250.3 per sec) @ chr12:10000000-15000000
PoolWorker-17,  processing 10323 (76709.8 per sec) reads @ Ascaf_111:0-25158
PoolWorker-17 countReadsInRegions_worker: processing 25 (173.8 per sec) @ Ascaf_111:0-25158
PoolWorker-17,  processing 4107 (21588.7 per sec) reads @ Ascaf_60:0-24766
PoolWorker-17 countReadsInRegions_worker: processing 24 (120.8 per sec) @ Ascaf_60:0-24766
PoolWorker-17,  processing 11622 (36597.5 per sec) reads @ Ascaf_49:0-70996
PoolWorker-17 countReadsInRegions_worker: processing 70 (194.7 per sec) @ Ascaf_49:0-70996
PoolWorker-18,  processing 64728 (53903.3 per sec) reads @ Ascaf_129:0-19000
PoolWorker-18 countReadsInRegions_worker: processing 19 (15.4 per sec) @ Ascaf_129:0-19000
PoolWorker-18,  processing 79766 (36869.8 per sec) reads @ Ascaf_90:0-35566
PoolWorker-18 countReadsInRegions_worker: processing 35 (15.5 per sec) @ Ascaf_90:0-35566
PoolWorker-18,  processing 354187 (35565.0 per sec) reads @ Ascaf_120:0-22000
PoolWorker-18 countReadsInRegions_worker: processing 22 (2.1 per sec) @ Ascaf_120:0-22000
PoolWorker-18,  processing 10371 (35489.4 per sec) reads @ Ascaf_76:0-42514
PoolWorker-18 countReadsInRegions_worker: processing 42 (124.8 per sec) @ Ascaf_76:0-42514
PoolWorker-18,  processing 913318 (35229.0 per sec) reads @ chr3:0-5000000
PoolWorker-18 countReadsInRegions_worker: processing 5000 (188.8 per sec) @ chr3:0-5000000
PoolWorker-18,  processing 13534 (36107.8 per sec) reads @ Ascaf_62:0-52951
PoolWorker-18 countReadsInRegions_worker: processing 52 (124.7 per sec) @ Ascaf_62:0-52951
PoolWorker-18,  processing 720485 (36084.0 per sec) reads @ chr2:5000000-10000000
PoolWorker-18 countReadsInRegions_worker: processing 5000 (246.4 per sec) @ chr2:5000000-10000000
PoolWorker-18,  processing 1205859 (35350.8 per sec) reads @ chr17:20000000-23682274
PoolWorker-18 countReadsInRegions_worker: processing 3682 (106.2 per sec) @ chr17:20000000-23682274
PoolWorker-18,  processing 24397 (28601.7 per sec) reads @ Ascaf_23:0-264707
PoolWorker-18 countReadsInRegions_worker: processing 264 (290.2 per sec) @ Ascaf_23:0-264707
PoolWorker-18,  processing 167 (52613.9 per sec) reads @ Ascaf_163:0-1000
PoolWorker-18 countReadsInRegions_worker: processing 1 (20.1 per sec) @ Ascaf_163:0-1000
PoolWorker-18,  processing 18360 (37340.8 per sec) reads @ Ascaf_71:0-32519
PoolWorker-18 countReadsInRegions_worker: processing 32 (60.6 per sec) @ Ascaf_71:0-32519
PoolWorker-18,  processing 5682 (16127.7 per sec) reads @ Ascaf_101:0-31946
PoolWorker-18 countReadsInRegions_worker: processing 31 (78.4 per sec) @ Ascaf_101:0-31946
PoolWorker-18,  processing 136810 (38258.6 per sec) reads @ Ascaf_137:0-17000
PoolWorker-18 countReadsInRegions_worker: processing 17 (4.6 per sec) @ Ascaf_137:0-17000
PoolWorker-18,  processing 58305 (36272.9 per sec) reads @ Ascaf_119:0-22101
PoolWorker-18 countReadsInRegions_worker: processing 22 (13.2 per sec) @ Ascaf_119:0-22101
PoolWorker-18,  processing 986244 (35580.5 per sec) reads @ chr10:0-5000000
PoolWorker-18 countReadsInRegions_worker: processing 5000 (177.7 per sec) @ chr10:0-5000000
PoolWorker-18,  processing 5756 (41738.6 per sec) reads @ Ascaf_83:0-38959
PoolWorker-18 countReadsInRegions_worker: processing 38 (209.6 per sec) @ Ascaf_83:0-38959
PoolWorker-18,  processing 111185 (37553.2 per sec) reads @ Ascaf_37:0-98231
PoolWorker-18 countReadsInRegions_worker: processing 98 (31.9 per sec) @ Ascaf_37:0-98231
PoolWorker-18,  processing 773390 (35877.0 per sec) reads @ chr17:15000000-20000000
PoolWorker-18 countReadsInRegions_worker: processing 5000 (228.3 per sec) @ chr17:15000000-20000000
PoolWorker-18,  processing 6546 (39673.7 per sec) reads @ Ascaf_104:0-29894
PoolWorker-18 countReadsInRegions_worker: processing 29 (140.4 per sec) @ Ascaf_104:0-29894
PoolWorker-18,  processing 792711 (40114.4 per sec) reads @ chr12:5000000-10000000
PoolWorker-18 countReadsInRegions_worker: processing 5000 (250.5 per sec) @ chr12:5000000-10000000
PoolWorker-27,  processing 188455 (34964.7 per sec) reads @ Ascaf_124:0-19772
PoolWorker-27 countReadsInRegions_worker: processing 19 (3.4 per sec) @ Ascaf_124:0-19772
PoolWorker-27,  processing 812579 (35630.4 per sec) reads @ chr12:15000000-20000000
PoolWorker-27 countReadsInRegions_worker: processing 5000 (214.7 per sec) @ chr12:15000000-20000000
PoolWorker-27,  processing 784857 (35730.8 per sec) reads @ chr4:15000000-20000000
PoolWorker-27 countReadsInRegions_worker: processing 5000 (223.4 per sec) @ chr4:15000000-20000000
PoolWorker-27,  processing 12842 (38501.0 per sec) reads @ Ascaf_166:0-50000
PoolWorker-27 countReadsInRegions_worker: processing 50 (134.3 per sec) @ Ascaf_166:0-50000
PoolWorker-27,  processing 3452 (36456.1 per sec) reads @ Ascaf_146:0-15502
PoolWorker-27 countReadsInRegions_worker: processing 15 (113.8 per sec) @ Ascaf_146:0-15502
PoolWorker-27,  processing 43917 (37622.3 per sec) reads @ Ascaf_73:0-44649
PoolWorker-27 countReadsInRegions_worker: processing 44 (36.1 per sec) @ Ascaf_73:0-44649
PoolWorker-27,  processing 784429 (36004.7 per sec) reads @ chr1:15000000-20000000
PoolWorker-27 countReadsInRegions_worker: processing 5000 (225.2 per sec) @ chr1:15000000-20000000
PoolWorker-27,  processing 4054 (41284.4 per sec) reads @ Ascaf_123:0-20153
PoolWorker-27 countReadsInRegions_worker: processing 20 (80.2 per sec) @ Ascaf_123:0-20153
PoolWorker-27,  processing 3812 (43025.3 per sec) reads @ Ascaf_125:0-19664
PoolWorker-27 countReadsInRegions_worker: processing 19 (148.2 per sec) @ Ascaf_125:0-19664
PoolWorker-27,  processing 1275 (70699.9 per sec) reads @ Ascaf_155:0-6589
PoolWorker-27 countReadsInRegions_worker: processing 6 (81.4 per sec) @ Ascaf_155:0-6589
PoolWorker-27,  processing 31126 (37520.0 per sec) reads @ Ascaf_55:0-59833
PoolWorker-27 countReadsInRegions_worker: processing 59 (67.4 per sec) @ Ascaf_55:0-59833
PoolWorker-27,  processing 312498 (37615.9 per sec) reads @ Ascaf_30:0-130979
PoolWorker-27 countReadsInRegions_worker: processing 130 (15.3 per sec) @ Ascaf_30:0-130979
PoolWorker-27,  processing 1023349 (35339.8 per sec) reads @ chr3:15000000-20000000
PoolWorker-27 countReadsInRegions_worker: processing 5000 (169.9 per sec) @ chr3:15000000-20000000
PoolWorker-27,  processing 1192806 (36269.2 per sec) reads @ chr14:0-5000000
PoolWorker-27 countReadsInRegions_worker: processing 5000 (149.8 per sec) @ chr14:0-5000000
PoolWorker-27,  processing 74322 (38039.7 per sec) reads @ Ascaf_36:0-98486
PoolWorker-27 countReadsInRegions_worker: processing 98 (48.4 per sec) @ Ascaf_36:0-98486
PoolWorker-27,  processing 10323 (49025.4 per sec) reads @ Ascaf_46:0-73387
PoolWorker-27 countReadsInRegions_worker: processing 73 (288.5 per sec) @ Ascaf_46:0-73387
PoolWorker-27,  processing 7232 (38295.9 per sec) reads @ Ascaf_91:0-34837
PoolWorker-27 countReadsInRegions_worker: processing 34 (146.6 per sec) @ Ascaf_91:0-34837
PoolWorker-27,  processing 6323 (38388.0 per sec) reads @ Ascaf_88:0-36907
PoolWorker-27 countReadsInRegions_worker: processing 36 (174.6 per sec) @ Ascaf_88:0-36907
PoolWorker-27,  processing 1261063 (41982.6 per sec) reads @ chr4:20000000-25000000
PoolWorker-27 countReadsInRegions_worker: processing 5000 (164.4 per sec) @ chr4:20000000-25000000
PoolWorker-27,  processing 15226 (70909.0 per sec) reads @ Ascaf_58:0-57612
PoolWorker-27 countReadsInRegions_worker: processing 57 (253.3 per sec) @ Ascaf_58:0-57612
PoolWorker-30,  processing 732429 (34934.1 per sec) reads @ chr4:10000000-15000000
PoolWorker-30 countReadsInRegions_worker: processing 5000 (233.3 per sec) @ chr4:10000000-15000000
PoolWorker-30,  processing 913230 (36013.8 per sec) reads @ chr10:15000000-19005646
PoolWorker-30 countReadsInRegions_worker: processing 4005 (155.1 per sec) @ chr10:15000000-19005646
PoolWorker-30,  processing 818475 (35951.1 per sec) reads @ chr3:10000000-15000000
PoolWorker-30 countReadsInRegions_worker: processing 5000 (216.2 per sec) @ chr3:10000000-15000000
PoolWorker-30,  processing 865658 (36139.4 per sec) reads @ chr9:15000000-20000000
PoolWorker-30 countReadsInRegions_worker: processing 5000 (205.4 per sec) @ chr9:15000000-20000000
PoolWorker-30,  processing 52844 (38027.7 per sec) reads @ Ascaf_92:0-34608
PoolWorker-30 countReadsInRegions_worker: processing 34 (23.6 per sec) @ Ascaf_92:0-34608
PoolWorker-30,  processing 329134 (37964.3 per sec) reads @ Ascaf_25:0-178627
PoolWorker-30 countReadsInRegions_worker: processing 178 (20.1 per sec) @ Ascaf_25:0-178627
PoolWorker-30,  processing 748116 (35868.7 per sec) reads @ chr21:10000000-15000000
PoolWorker-30 countReadsInRegions_worker: processing 5000 (235.8 per sec) @ chr21:10000000-15000000
PoolWorker-30,  processing 5492 (39201.7 per sec) reads @ Ascaf_117:0-22832
PoolWorker-30 countReadsInRegions_worker: processing 22 (120.1 per sec) @ Ascaf_117:0-22832
PoolWorker-30,  processing 8959 (25857.3 per sec) reads @ Ascaf_85:0-37890
PoolWorker-30 countReadsInRegions_worker: processing 37 (95.2 per sec) @ Ascaf_85:0-37890
PoolWorker-30,  processing 213 (58887.8 per sec) reads @ Ascaf_157:0-3527
PoolWorker-30 countReadsInRegions_worker: processing 3 (67.6 per sec) @ Ascaf_157:0-3527
PoolWorker-30,  processing 11787 (37186.9 per sec) reads @ Ascaf_69:0-44691
PoolWorker-30 countReadsInRegions_worker: processing 44 (122.4 per sec) @ Ascaf_69:0-44691
PoolWorker-30,  processing 5109 (37712.6 per sec) reads @ Ascaf_100:0-32247
PoolWorker-30 countReadsInRegions_worker: processing 32 (180.8 per sec) @ Ascaf_100:0-32247
PoolWorker-30,  processing 6382 (33222.6 per sec) reads @ Ascaf_130:0-18457
PoolWorker-30 countReadsInRegions_worker: processing 18 (77.1 per sec) @ Ascaf_130:0-18457
PoolWorker-30,  processing 2782 (43867.7 per sec) reads @ Ascaf_167:0-25000
PoolWorker-30 countReadsInRegions_worker: processing 25 (239.4 per sec) @ Ascaf_167:0-25000
PoolWorker-30,  processing 980899 (35650.3 per sec) reads @ chr21:0-5000000
PoolWorker-30 countReadsInRegions_worker: processing 5000 (178.7 per sec) @ chr21:0-5000000
PoolWorker-30,  processing 1091742 (45577.7 per sec) reads @ chr21:15000000-19873525
PoolWorker-30 countReadsInRegions_worker: processing 4873 (201.3 per sec) @ chr21:15000000-19873525
PoolWorker-26,  processing 766161 (34359.4 per sec) reads @ chr18:5000000-10000000
PoolWorker-26 countReadsInRegions_worker: processing 5000 (218.9 per sec) @ chr18:5000000-10000000
PoolWorker-26,  processing 25099 (38646.3 per sec) reads @ Ascaf_59:0-57475
PoolWorker-26 countReadsInRegions_worker: processing 57 (81.4 per sec) @ Ascaf_59:0-57475
PoolWorker-26,  processing 765208 (35382.9 per sec) reads @ chr16:5000000-10000000
PoolWorker-26 countReadsInRegions_worker: processing 5000 (226.6 per sec) @ chr16:5000000-10000000
PoolWorker-26,  processing 801084 (34611.3 per sec) reads @ chr14:15000000-18637407
PoolWorker-26 countReadsInRegions_worker: processing 3637 (153.7 per sec) @ chr14:15000000-18637407
PoolWorker-26,  processing 723125 (36253.0 per sec) reads @ chr6:10000000-15000000
PoolWorker-26 countReadsInRegions_worker: processing 5000 (247.0 per sec) @ chr6:10000000-15000000
PoolWorker-26,  processing 107040 (38609.0 per sec) reads @ Ascaf_38:0-95573
PoolWorker-26 countReadsInRegions_worker: processing 95 (33.4 per sec) @ Ascaf_38:0-95573
PoolWorker-26,  processing 728133 (37585.1 per sec) reads @ chr7:10000000-15000000
PoolWorker-26 countReadsInRegions_worker: processing 5000 (254.0 per sec) @ chr7:10000000-15000000
PoolWorker-26,  processing 45401 (34911.1 per sec) reads @ Ascaf_44:0-77777
PoolWorker-26 countReadsInRegions_worker: processing 77 (55.3 per sec) @ Ascaf_44:0-77777
PoolWorker-26,  processing 13431 (36004.4 per sec) reads @ Ascaf_63:0-51776
PoolWorker-26 countReadsInRegions_worker: processing 51 (126.0 per sec) @ Ascaf_63:0-51776
PoolWorker-26,  processing 6351 (39321.7 per sec) reads @ Ascaf_109:0-28244
PoolWorker-26 countReadsInRegions_worker: processing 28 (137.9 per sec) @ Ascaf_109:0-28244
PoolWorker-26,  processing 1109995 (35058.5 per sec) reads @ chr12:0-5000000
PoolWorker-26 countReadsInRegions_worker: processing 5000 (155.5 per sec) @ chr12:0-5000000
PoolWorker-26,  processing 1994 (49921.2 per sec) reads @ Ascaf_149:0-13452
PoolWorker-26 countReadsInRegions_worker: processing 13 (161.1 per sec) @ Ascaf_149:0-13452
PoolWorker-26,  processing 30589 (37332.7 per sec) reads @ Ascaf_161:0-1000
PoolWorker-26 countReadsInRegions_worker: processing 1 (1.2 per sec) @ Ascaf_161:0-1000
PoolWorker-26,  processing 2165 (34261.2 per sec) reads @ Ascaf_141:0-15738
PoolWorker-26 countReadsInRegions_worker: processing 15 (141.2 per sec) @ Ascaf_141:0-15738
PoolWorker-26,  processing 591394 (35815.9 per sec) reads @ chr19:20000000-23715829
PoolWorker-26 countReadsInRegions_worker: processing 3715 (221.1 per sec) @ chr19:20000000-23715829
PoolWorker-26,  processing 13083 (39463.9 per sec) reads @ Ascaf_47:0-72017
PoolWorker-26 countReadsInRegions_worker: processing 72 (185.4 per sec) @ Ascaf_47:0-72017
PoolWorker-26,  processing 787178 (45316.6 per sec) reads @ chr19:5000000-10000000
PoolWorker-26 countReadsInRegions_worker: processing 5000 (284.8 per sec) @ chr19:5000000-10000000
PoolWorker-26,  processing 4020 (76318.4 per sec) reads @ Ascaf_121:0-21431
PoolWorker-26 countReadsInRegions_worker: processing 21 (344.0 per sec) @ Ascaf_121:0-21431
PoolWorker-26,  processing 4215 (69098.5 per sec) reads @ Ascaf_150:0-13271
PoolWorker-26 countReadsInRegions_worker: processing 13 (188.2 per sec) @ Ascaf_150:0-13271
PoolWorker-26,  processing 650 (72319.4 per sec) reads @ Ascaf_158:0-3231
PoolWorker-26 countReadsInRegions_worker: processing 3 (181.4 per sec) @ Ascaf_158:0-3231
PoolWorker-28,  processing 820271 (34664.3 per sec) reads @ chr21:5000000-10000000
PoolWorker-28 countReadsInRegions_worker: processing 5000 (206.0 per sec) @ chr21:5000000-10000000
PoolWorker-28,  processing 1004195 (34435.4 per sec) reads @ chr2:0-5000000
PoolWorker-28 countReadsInRegions_worker: processing 5000 (168.0 per sec) @ chr2:0-5000000
PoolWorker-28,  processing 149 (55042.4 per sec) reads @ Ascaf_162:0-1000
PoolWorker-28 countReadsInRegions_worker: processing 1 (22.0 per sec) @ Ascaf_162:0-1000
PoolWorker-28,  processing 811501 (35645.7 per sec) reads @ chr10:10000000-15000000
PoolWorker-28 countReadsInRegions_worker: processing 5000 (214.6 per sec) @ chr10:10000000-15000000
PoolWorker-28,  processing 414060 (37260.0 per sec) reads @ chr15:20000000-20219940
PoolWorker-28 countReadsInRegions_worker: processing 219 (19.4 per sec) @ chr15:20000000-20219940
PoolWorker-28,  processing 285435 (34110.0 per sec) reads @ chr6:20000000-21248438
PoolWorker-28 countReadsInRegions_worker: processing 1248 (146.6 per sec) @ chr6:20000000-21248438
PoolWorker-28,  processing 7745 (35437.3 per sec) reads @ Ascaf_66:0-47454
PoolWorker-28 countReadsInRegions_worker: processing 47 (179.1 per sec) @ Ascaf_66:0-47454
PoolWorker-28,  processing 752169 (35216.5 per sec) reads @ chr16:10000000-15000000
PoolWorker-28 countReadsInRegions_worker: processing 5000 (230.7 per sec) @ chr16:10000000-15000000
PoolWorker-28,  processing 1862 (47552.0 per sec) reads @ Ascaf_153:0-10046
PoolWorker-28 countReadsInRegions_worker: processing 10 (125.4 per sec) @ Ascaf_153:0-10046
PoolWorker-28,  processing 108332 (36898.7 per sec) reads @ Ascaf_48:0-71747
PoolWorker-28 countReadsInRegions_worker: processing 71 (23.6 per sec) @ Ascaf_48:0-71747
PoolWorker-28,  processing 2069 (49092.4 per sec) reads @ Ascaf_115:0-24004
PoolWorker-28 countReadsInRegions_worker: processing 24 (283.3 per sec) @ Ascaf_115:0-24004
PoolWorker-28,  processing 827372 (35542.0 per sec) reads @ chr4:30000000-35000000
PoolWorker-28 countReadsInRegions_worker: processing 5000 (211.5 per sec) @ chr4:30000000-35000000
PoolWorker-28,  processing 7855 (37263.5 per sec) reads @ Ascaf_118:0-22120
PoolWorker-28 countReadsInRegions_worker: processing 22 (87.3 per sec) @ Ascaf_118:0-22120
PoolWorker-28,  processing 835451 (37437.9 per sec) reads @ chr11:15000000-19299255
PoolWorker-28 countReadsInRegions_worker: processing 4299 (188.8 per sec) @ chr11:15000000-19299255
PoolWorker-28,  processing 823081 (58852.1 per sec) reads @ chr9:5000000-10000000
PoolWorker-28 countReadsInRegions_worker: processing 5000 (352.9 per sec) @ chr9:5000000-10000000
PoolWorker-28,  processing 2642 (79291.8 per sec) reads @ Ascaf_139:0-16678
PoolWorker-28 countReadsInRegions_worker: processing 16 (391.0 per sec) @ Ascaf_139:0-16678
PoolWorker-23,  processing 870472 (35167.4 per sec) reads @ chr20:15000000-20000000
PoolWorker-23 countReadsInRegions_worker: processing 5000 (198.0 per sec) @ chr20:15000000-20000000
PoolWorker-23,  processing 73052 (35209.4 per sec) reads @ Ascaf_41:0-90399
PoolWorker-23 countReadsInRegions_worker: processing 90 (41.6 per sec) @ Ascaf_41:0-90399
PoolWorker-23,  processing 983359 (35831.9 per sec) reads @ chr17:5000000-10000000
PoolWorker-23 countReadsInRegions_worker: processing 5000 (178.5 per sec) @ chr17:5000000-10000000
PoolWorker-23,  processing 807655 (35784.0 per sec) reads @ chr15:5000000-10000000
PoolWorker-23 countReadsInRegions_worker: processing 5000 (218.1 per sec) @ chr15:5000000-10000000
PoolWorker-23,  processing 3587 (27273.7 per sec) reads @ Ascaf_97:0-33357
PoolWorker-23 countReadsInRegions_worker: processing 33 (177.6 per sec) @ Ascaf_97:0-33357
PoolWorker-23,  processing 9997 (35546.8 per sec) reads @ Ascaf_68:0-47437
PoolWorker-23 countReadsInRegions_worker: processing 47 (149.0 per sec) @ Ascaf_68:0-47437
PoolWorker-23,  processing 132 (65644.8 per sec) reads @ Ascaf_165:0-1000
PoolWorker-23 countReadsInRegions_worker: processing 1 (23.5 per sec) @ Ascaf_165:0-1000
PoolWorker-23,  processing 2156 (39262.8 per sec) reads @ Ascaf_135:0-17087
PoolWorker-23 countReadsInRegions_worker: processing 17 (178.5 per sec) @ Ascaf_135:0-17087
PoolWorker-23,  processing 35954 (38008.8 per sec) reads @ Ascaf_29:0-143722
PoolWorker-23 countReadsInRegions_worker: processing 143 (144.1 per sec) @ Ascaf_29:0-143722
PoolWorker-23,  processing 710859 (35944.1 per sec) reads @ chr20:5000000-10000000
PoolWorker-23 countReadsInRegions_worker: processing 5000 (249.0 per sec) @ chr20:5000000-10000000
PoolWorker-23,  processing 788512 (35397.6 per sec) reads @ chr6:5000000-10000000
PoolWorker-23 countReadsInRegions_worker: processing 5000 (221.4 per sec) @ chr6:5000000-10000000
PoolWorker-23,  processing 822621 (35534.4 per sec) reads @ chr4:25000000-30000000
PoolWorker-23 countReadsInRegions_worker: processing 5000 (212.3 per sec) @ chr4:25000000-30000000
PoolWorker-23,  processing 8545 (34099.5 per sec) reads @ Ascaf_67:0-40269
PoolWorker-23 countReadsInRegions_worker: processing 40 (136.1 per sec) @ Ascaf_67:0-40269
PoolWorker-23,  processing 555328 (37068.7 per sec) reads @ Ascaf_26:0-156806
PoolWorker-23 countReadsInRegions_worker: processing 156 (10.2 per sec) @ Ascaf_26:0-156806
PoolWorker-23,  processing 7275 (39786.3 per sec) reads @ Ascaf_94:0-33862
PoolWorker-23 countReadsInRegions_worker: processing 33 (146.1 per sec) @ Ascaf_94:0-33862
PoolWorker-23,  processing 1336959 (56042.4 per sec) reads @ Ascaf_42:0-86089
PoolWorker-23 countReadsInRegions_worker: processing 86 (3.6 per sec) @ Ascaf_42:0-86089
PoolWorker-29,  processing 452620 (35617.0 per sec) reads @ Ascaf_28:0-145740
PoolWorker-29 countReadsInRegions_worker: processing 145 (11.1 per sec) @ Ascaf_28:0-145740
PoolWorker-29,  processing 1337719 (35536.0 per sec) reads @ chr1:20000000-25000000
PoolWorker-29 countReadsInRegions_worker: processing 5000 (129.6 per sec) @ chr1:20000000-25000000
PoolWorker-29,  processing 4143 (38577.9 per sec) reads @ Ascaf_136:0-17062
PoolWorker-29 countReadsInRegions_worker: processing 17 (105.6 per sec) @ Ascaf_136:0-17062
PoolWorker-29,  processing 7715 (39885.2 per sec) reads @ Ascaf_168:0-25000
PoolWorker-29 countReadsInRegions_worker: processing 25 (106.7 per sec) @ Ascaf_168:0-25000
PoolWorker-29,  processing 850627 (36097.6 per sec) reads @ chr14:10000000-15000000
PoolWorker-29 countReadsInRegions_worker: processing 5000 (208.2 per sec) @ chr14:10000000-15000000
PoolWorker-29,  processing 6312 (28331.9 per sec) reads @ Ascaf_108:0-29345
PoolWorker-29 countReadsInRegions_worker: processing 29 (109.0 per sec) @ Ascaf_108:0-29345
PoolWorker-29,  processing 769719 (36524.6 per sec) reads @ chr12:20000000-23704847
PoolWorker-29 countReadsInRegions_worker: processing 3704 (173.3 per sec) @ chr12:20000000-23704847
PoolWorker-29,  processing 213228 (37106.1 per sec) reads @ Ascaf_113:0-24387
PoolWorker-29 countReadsInRegions_worker: processing 24 (4.1 per sec) @ Ascaf_113:0-24387
PoolWorker-29,  processing 810427 (36234.0 per sec) reads @ chr14:5000000-10000000
PoolWorker-29 countReadsInRegions_worker: processing 5000 (219.1 per sec) @ chr14:5000000-10000000
PoolWorker-29,  processing 848452 (35797.5 per sec) reads @ chr5:5000000-10000000
PoolWorker-29 countReadsInRegions_worker: processing 5000 (207.2 per sec) @ chr5:5000000-10000000
PoolWorker-29,  processing 710927 (36009.3 per sec) reads @ chr8:10000000-15000000
PoolWorker-29 countReadsInRegions_worker: processing 5000 (249.2 per sec) @ chr8:10000000-15000000
PoolWorker-29,  processing 872718 (59168.5 per sec) reads @ chr16:0-5000000
PoolWorker-29 countReadsInRegions_worker: processing 5000 (335.2 per sec) @ chr16:0-5000000
PoolWorker-24,  processing 862138 (34075.3 per sec) reads @ chr20:20000000-22998664
PoolWorker-24 countReadsInRegions_worker: processing 2998 (116.2 per sec) @ chr20:20000000-22998664
PoolWorker-24,  processing 818817 (35789.4 per sec) reads @ chr11:5000000-10000000
PoolWorker-24 countReadsInRegions_worker: processing 5000 (214.0 per sec) @ chr11:5000000-10000000
PoolWorker-24,  processing 55738 (38099.5 per sec) reads @ Ascaf_72:0-46000
PoolWorker-24 countReadsInRegions_worker: processing 46 (30.2 per sec) @ Ascaf_72:0-46000
PoolWorker-24,  processing 23077 (37942.3 per sec) reads @ Ascaf_142:0-15730
PoolWorker-24 countReadsInRegions_worker: processing 15 (23.0 per sec) @ Ascaf_142:0-15730
PoolWorker-24,  processing 49022 (37606.6 per sec) reads @ Ascaf_75:0-42641
PoolWorker-24 countReadsInRegions_worker: processing 42 (31.1 per sec) @ Ascaf_75:0-42641
PoolWorker-24,  processing 1182 (40486.3 per sec) reads @ Ascaf_156:0-5652
PoolWorker-24 countReadsInRegions_worker: processing 5 (69.8 per sec) @ Ascaf_156:0-5652
PoolWorker-24,  processing 753597 (36173.3 per sec) reads @ chr7:5000000-10000000
PoolWorker-24 countReadsInRegions_worker: processing 5000 (234.6 per sec) @ chr7:5000000-10000000
PoolWorker-24,  processing 2681 (43355.9 per sec) reads @ Ascaf_147:0-15099
PoolWorker-24 countReadsInRegions_worker: processing 15 (152.0 per sec) @ Ascaf_147:0-15099
PoolWorker-24,  processing 933273 (36076.4 per sec) reads @ chr16:15000000-20000000
PoolWorker-24 countReadsInRegions_worker: processing 5000 (189.6 per sec) @ chr16:15000000-20000000
PoolWorker-24,  processing 1069632 (35388.3 per sec) reads @ chr5:0-5000000
PoolWorker-24 countReadsInRegions_worker: processing 5000 (162.7 per sec) @ chr5:0-5000000
PoolWorker-24,  processing 99211 (38716.7 per sec) reads @ Ascaf_79:0-41364
PoolWorker-24 countReadsInRegions_worker: processing 41 (15.4 per sec) @ Ascaf_79:0-41364
PoolWorker-24,  processing 61785 (38072.9 per sec) reads @ Ascaf_52:0-64568
PoolWorker-24 countReadsInRegions_worker: processing 64 (37.9 per sec) @ Ascaf_52:0-64568
PoolWorker-24,  processing 885102 (36131.5 per sec) reads @ chr6:15000000-20000000
PoolWorker-24 countReadsInRegions_worker: processing 5000 (200.5 per sec) @ chr6:15000000-20000000
PoolWorker-24,  processing 730816 (42698.5 per sec) reads @ chr2:15000000-20000000
PoolWorker-24 countReadsInRegions_worker: processing 5000 (289.2 per sec) @ chr2:15000000-20000000
PoolWorker-24,  processing 573 (68564.9 per sec) reads @ Ascaf_116:0-22916
PoolWorker-24 countReadsInRegions_worker: processing 22 (1332.9 per sec) @ Ascaf_116:0-22916
PoolWorker-24,  processing 807174 (76912.9 per sec) reads @ chr15:10000000-15000000
PoolWorker-24 countReadsInRegions_worker: processing 5000 (470.0 per sec) @ chr15:10000000-15000000
PoolWorker-20,  processing 503336 (31981.9 per sec) reads @ chr16:20000000-22188971
PoolWorker-20 countReadsInRegions_worker: processing 2188 (136.3 per sec) @ chr16:20000000-22188971
PoolWorker-20,  processing 70823 (37393.4 per sec) reads @ Ascaf_107:0-29490
PoolWorker-20 countReadsInRegions_worker: processing 29 (14.8 per sec) @ Ascaf_107:0-29490
PoolWorker-20,  processing 1045979 (34687.6 per sec) reads @ chr1:0-5000000
PoolWorker-20 countReadsInRegions_worker: processing 5000 (162.0 per sec) @ chr1:0-5000000
PoolWorker-20,  processing 16882 (37767.3 per sec) reads @ Ascaf_84:0-38148
PoolWorker-20 countReadsInRegions_worker: processing 38 (77.5 per sec) @ Ascaf_84:0-38148
PoolWorker-20,  processing 911 (6562.9 per sec) reads @ Ascaf_128:0-19120
PoolWorker-20 countReadsInRegions_worker: processing 19 (106.1 per sec) @ Ascaf_128:0-19120
PoolWorker-20,  processing 256414 (37294.6 per sec) reads @ Ascaf_53:0-64139
PoolWorker-20 countReadsInRegions_worker: processing 64 (9.1 per sec) @ Ascaf_53:0-64139
PoolWorker-20,  processing 3485 (38744.1 per sec) reads @ Ascaf_145:0-15510
PoolWorker-20 countReadsInRegions_worker: processing 15 (112.8 per sec) @ Ascaf_145:0-15510
PoolWorker-20,  processing 788400 (36318.8 per sec) reads @ chr17:10000000-15000000
PoolWorker-20 countReadsInRegions_worker: processing 5000 (225.9 per sec) @ chr17:10000000-15000000
PoolWorker-20,  processing 1734 (46961.2 per sec) reads @ Ascaf_151:0-13242
PoolWorker-20 countReadsInRegions_worker: processing 13 (167.8 per sec) @ Ascaf_151:0-13242
PoolWorker-20,  processing 225 (63812.2 per sec) reads @ Ascaf_159:0-3139
PoolWorker-20 countReadsInRegions_worker: processing 3 (68.3 per sec) @ Ascaf_159:0-3139
PoolWorker-20,  processing 989205 (35367.0 per sec) reads @ chr11:0-5000000
PoolWorker-20 countReadsInRegions_worker: processing 5000 (175.2 per sec) @ chr11:0-5000000
PoolWorker-20,  processing 2077 (37707.4 per sec) reads @ Ascaf_140:0-15786
PoolWorker-20 countReadsInRegions_worker: processing 15 (154.9 per sec) @ Ascaf_140:0-15786
PoolWorker-20,  processing 731313 (36351.0 per sec) reads @ chr9:10000000-15000000
PoolWorker-20 countReadsInRegions_worker: processing 5000 (244.6 per sec) @ chr9:10000000-15000000
PoolWorker-20,  processing 235740 (36948.0 per sec) reads @ Ascaf_43:0-83995
PoolWorker-20 countReadsInRegions_worker: processing 83 (12.8 per sec) @ Ascaf_43:0-83995
PoolWorker-20,  processing 3798 (42013.3 per sec) reads @ Ascaf_112:0-24428
PoolWorker-20 countReadsInRegions_worker: processing 24 (180.3 per sec) @ Ascaf_112:0-24428
PoolWorker-20,  processing 35970 (37542.4 per sec) reads @ Ascaf_105:0-29809
PoolWorker-20 countReadsInRegions_worker: processing 29 (28.9 per sec) @ Ascaf_105:0-29809
PoolWorker-20,  processing 1080015 (35257.1 per sec) reads @ chr15:0-5000000
PoolWorker-20 countReadsInRegions_worker: processing 5000 (160.8 per sec) @ chr15:0-5000000
PoolWorker-20,  processing 183964 (37670.2 per sec) reads @ Ascaf_110:0-27536
PoolWorker-20 countReadsInRegions_worker: processing 27 (5.4 per sec) @ Ascaf_110:0-27536
PoolWorker-20,  processing 363490 (56782.4 per sec) reads @ Ascaf_96:0-33398
PoolWorker-20 countReadsInRegions_worker: processing 33 (5.1 per sec) @ Ascaf_96:0-33398
PoolWorker-20,  processing 758295 (73762.6 per sec) reads @ chr8:5000000-10000000
PoolWorker-20 countReadsInRegions_worker: processing 5000 (478.7 per sec) @ chr8:5000000-10000000
output file: /storage/scratch/iee/dj20y461/Stickleback/Y_comp/Sex_chrom_stats/Read_depths/Gw/depths/Gw06_F.1kb.RPKM.depth
