genome partition size for multiprocessing: 1000000
using 16 processors for 657 number of tasks
Final scaling factor: 0.0293189168701
PoolWorker-24,  processing 2327 (33545.2 per sec) reads @ Ascaf_87:0-36937
PoolWorker-24 countReadsInRegions_worker: processing 36 (420.7 per sec) @ Ascaf_87:0-36937
PoolWorker-24,  processing 2352 (46043.5 per sec) reads @ Ascaf_104:0-29894
PoolWorker-24 countReadsInRegions_worker: processing 29 (238.7 per sec) @ Ascaf_104:0-29894
PoolWorker-24,  processing 832 (64431.2 per sec) reads @ Ascaf_144:0-15519
PoolWorker-24 countReadsInRegions_worker: processing 15 (227.6 per sec) @ Ascaf_144:0-15519
PoolWorker-24,  processing 614 (64501.9 per sec) reads @ Ascaf_115:0-24004
PoolWorker-24 countReadsInRegions_worker: processing 24 (350.1 per sec) @ Ascaf_115:0-24004
PoolWorker-24,  processing 2140 (48729.4 per sec) reads @ Ascaf_91:0-34837
PoolWorker-24 countReadsInRegions_worker: processing 34 (339.8 per sec) @ Ascaf_91:0-34837
PoolWorker-24,  processing 30629 (37276.2 per sec) reads @ Ascaf_50:0-70692
PoolWorker-24 countReadsInRegions_worker: processing 70 (80.2 per sec) @ Ascaf_50:0-70692
PoolWorker-24,  processing 316578 (33615.9 per sec) reads @ chr7:5000000-10000000
PoolWorker-24 countReadsInRegions_worker: processing 5000 (518.3 per sec) @ chr7:5000000-10000000
PoolWorker-24,  processing 1131 (37898.2 per sec) reads @ Ascaf_127:0-19159
PoolWorker-24 countReadsInRegions_worker: processing 19 (261.5 per sec) @ Ascaf_127:0-19159
PoolWorker-24,  processing 122 (9597.9 per sec) reads @ Ascaf_159:0-3139
PoolWorker-24 countReadsInRegions_worker: processing 3 (59.7 per sec) @ Ascaf_159:0-3139
PoolWorker-24,  processing 260831 (34016.5 per sec) reads @ chr19:20000000-23715829
PoolWorker-24 countReadsInRegions_worker: processing 3715 (472.1 per sec) @ chr19:20000000-23715829
PoolWorker-24,  processing 312403 (34720.1 per sec) reads @ chr7:0-5000000
PoolWorker-24 countReadsInRegions_worker: processing 5000 (537.4 per sec) @ chr7:0-5000000
PoolWorker-24,  processing 11046 (38160.3 per sec) reads @ Ascaf_32:0-110405
PoolWorker-24 countReadsInRegions_worker: processing 110 (330.7 per sec) @ Ascaf_32:0-110405
PoolWorker-24,  processing 1891 (46945.1 per sec) reads @ Ascaf_101:0-31946
PoolWorker-24 countReadsInRegions_worker: processing 31 (391.1 per sec) @ Ascaf_101:0-31946
PoolWorker-24,  processing 2230 (33040.5 per sec) reads @ Ascaf_77:0-41997
PoolWorker-24 countReadsInRegions_worker: processing 41 (375.4 per sec) @ Ascaf_77:0-41997
PoolWorker-24,  processing 4332 (37271.9 per sec) reads @ Ascaf_51:0-70629
PoolWorker-24 countReadsInRegions_worker: processing 70 (447.1 per sec) @ Ascaf_51:0-70629
PoolWorker-24,  processing 889 (63915.0 per sec) reads @ Ascaf_131:0-18319
PoolWorker-24 countReadsInRegions_worker: processing 18 (278.9 per sec) @ Ascaf_131:0-18319
PoolWorker-24,  processing 31443 (36439.4 per sec) reads @ Ascaf_33:0-106103
PoolWorker-24 countReadsInRegions_worker: processing 106 (115.3 per sec) @ Ascaf_33:0-106103
PoolWorker-24,  processing 307422 (34670.6 per sec) reads @ chr11:0-5000000
PoolWorker-24 countReadsInRegions_worker: processing 5000 (552.8 per sec) @ chr11:0-5000000
PoolWorker-24,  processing 317883 (33536.7 per sec) reads @ chr9:5000000-10000000
PoolWorker-24 countReadsInRegions_worker: processing 5000 (514.6 per sec) @ chr9:5000000-10000000
PoolWorker-24,  processing 1061 (66163.5 per sec) reads @ Ascaf_136:0-17062
PoolWorker-24 countReadsInRegions_worker: processing 17 (308.5 per sec) @ Ascaf_136:0-17062
PoolWorker-24,  processing 317328 (33524.6 per sec) reads @ chr1:0-5000000
PoolWorker-24 countReadsInRegions_worker: processing 5000 (518.7 per sec) @ chr1:0-5000000
PoolWorker-24,  processing 2745 (35193.7 per sec) reads @ Ascaf_76:0-42514
PoolWorker-24 countReadsInRegions_worker: processing 42 (343.7 per sec) @ Ascaf_76:0-42514
PoolWorker-24,  processing 5064 (43024.3 per sec) reads @ Ascaf_90:0-35566
PoolWorker-24 countReadsInRegions_worker: processing 35 (222.0 per sec) @ Ascaf_90:0-35566
PoolWorker-24,  processing 115 (50837.4 per sec) reads @ Ascaf_157:0-3527
PoolWorker-24 countReadsInRegions_worker: processing 3 (122.6 per sec) @ Ascaf_157:0-3527
PoolWorker-22,  processing 1799 (65620.9 per sec) reads @ Ascaf_168:0-25000
PoolWorker-22 countReadsInRegions_worker: processing 25 (568.8 per sec) @ Ascaf_168:0-25000
PoolWorker-22,  processing 7987 (36801.0 per sec) reads @ Ascaf_79:0-41364
PoolWorker-22 countReadsInRegions_worker: processing 41 (171.0 per sec) @ Ascaf_79:0-41364
PoolWorker-22,  processing 5784 (39799.6 per sec) reads @ Ascaf_31:0-121444
PoolWorker-22 countReadsInRegions_worker: processing 121 (578.7 per sec) @ Ascaf_31:0-121444
PoolWorker-22,  processing 2961 (41820.9 per sec) reads @ Ascaf_68:0-47437
PoolWorker-22 countReadsInRegions_worker: processing 47 (356.7 per sec) @ Ascaf_68:0-47437
PoolWorker-22,  processing 1345 (65721.5 per sec) reads @ Ascaf_123:0-20153
PoolWorker-22 countReadsInRegions_worker: processing 20 (261.7 per sec) @ Ascaf_123:0-20153
PoolWorker-22,  processing 314960 (32686.2 per sec) reads @ chr17:15000000-20000000
PoolWorker-22 countReadsInRegions_worker: processing 5000 (507.7 per sec) @ chr17:15000000-20000000
PoolWorker-22,  processing 308953 (33545.8 per sec) reads @ chr21:10000000-15000000
PoolWorker-22 countReadsInRegions_worker: processing 5000 (528.9 per sec) @ chr21:10000000-15000000
PoolWorker-22,  processing 233694 (33623.4 per sec) reads @ chr14:15000000-18637407
PoolWorker-22 countReadsInRegions_worker: processing 3637 (513.3 per sec) @ chr14:15000000-18637407
PoolWorker-22,  processing 325560 (33617.6 per sec) reads @ chr4:25000000-30000000
PoolWorker-22 countReadsInRegions_worker: processing 5000 (507.3 per sec) @ chr4:25000000-30000000
PoolWorker-22,  processing 321523 (34388.1 per sec) reads @ chr4:5000000-10000000
PoolWorker-22 countReadsInRegions_worker: processing 5000 (519.2 per sec) @ chr4:5000000-10000000
PoolWorker-22,  processing 601 (67113.3 per sec) reads @ Ascaf_151:0-13242
PoolWorker-22 countReadsInRegions_worker: processing 13 (133.7 per sec) @ Ascaf_151:0-13242
PoolWorker-22,  processing 27985 (36401.1 per sec) reads @ Ascaf_28:0-145740
PoolWorker-22 countReadsInRegions_worker: processing 145 (178.5 per sec) @ Ascaf_28:0-145740
PoolWorker-22,  processing 4986 (41018.8 per sec) reads @ Ascaf_105:0-29809
PoolWorker-22 countReadsInRegions_worker: processing 29 (179.2 per sec) @ Ascaf_105:0-29809
PoolWorker-22,  processing 467 (64176.8 per sec) reads @ Ascaf_153:0-10046
PoolWorker-22 countReadsInRegions_worker: processing 10 (209.1 per sec) @ Ascaf_153:0-10046
PoolWorker-22,  processing 2080 (37355.7 per sec) reads @ Ascaf_85:0-37890
PoolWorker-22 countReadsInRegions_worker: processing 37 (390.5 per sec) @ Ascaf_85:0-37890
PoolWorker-22,  processing 1108 (67359.8 per sec) reads @ Ascaf_121:0-21431
PoolWorker-22 countReadsInRegions_worker: processing 21 (305.7 per sec) @ Ascaf_121:0-21431
PoolWorker-22,  processing 1767 (45075.4 per sec) reads @ Ascaf_94:0-33862
PoolWorker-22 countReadsInRegions_worker: processing 33 (421.4 per sec) @ Ascaf_94:0-33862
PoolWorker-22,  processing 1938 (34522.0 per sec) reads @ Ascaf_66:0-47454
PoolWorker-22 countReadsInRegions_worker: processing 47 (485.4 per sec) @ Ascaf_66:0-47454
PoolWorker-22,  processing 5974 (36403.1 per sec) reads @ Ascaf_40:0-90738
PoolWorker-22 countReadsInRegions_worker: processing 90 (440.5 per sec) @ Ascaf_40:0-90738
PoolWorker-22,  processing 362146 (34560.9 per sec) reads @ chr6:0-5000000
PoolWorker-22 countReadsInRegions_worker: processing 5000 (468.4 per sec) @ chr6:0-5000000
PoolWorker-21,  processing 30406 (35674.6 per sec) reads @ Ascaf_34:0-101478
PoolWorker-21 countReadsInRegions_worker: processing 101 (114.8 per sec) @ Ascaf_34:0-101478
PoolWorker-21,  processing 319966 (33755.8 per sec) reads @ chr3:5000000-10000000
PoolWorker-21 countReadsInRegions_worker: processing 5000 (513.0 per sec) @ chr3:5000000-10000000
PoolWorker-21,  processing 1487 (22134.5 per sec) reads @ Ascaf_109:0-28244
PoolWorker-21 countReadsInRegions_worker: processing 28 (244.8 per sec) @ Ascaf_109:0-28244
PoolWorker-21,  processing 329437 (33579.8 per sec) reads @ chr12:10000000-15000000
PoolWorker-21 countReadsInRegions_worker: processing 5000 (497.7 per sec) @ chr12:10000000-15000000
PoolWorker-21,  processing 22745 (35461.0 per sec) reads @ Ascaf_72:0-46000
PoolWorker-21 countReadsInRegions_worker: processing 46 (65.7 per sec) @ Ascaf_72:0-46000
PoolWorker-21,  processing 312547 (33622.3 per sec) reads @ chr9:15000000-20000000
PoolWorker-21 countReadsInRegions_worker: processing 5000 (527.7 per sec) @ chr9:15000000-20000000
PoolWorker-21,  processing 319944 (34208.2 per sec) reads @ chr2:10000000-15000000
PoolWorker-21 countReadsInRegions_worker: processing 5000 (523.7 per sec) @ chr2:10000000-15000000
PoolWorker-21,  processing 267831 (33895.1 per sec) reads @ chr9:20000000-24303205
PoolWorker-21 countReadsInRegions_worker: processing 4303 (535.9 per sec) @ chr9:20000000-24303205
PoolWorker-21,  processing 1057 (68604.8 per sec) reads @ Ascaf_82:0-39089
PoolWorker-21 countReadsInRegions_worker: processing 39 (708.7 per sec) @ Ascaf_82:0-39089
PoolWorker-21,  processing 317136 (34364.4 per sec) reads @ chr18:5000000-10000000
PoolWorker-21 countReadsInRegions_worker: processing 5000 (532.3 per sec) @ chr18:5000000-10000000
PoolWorker-21,  processing 46304 (36952.9 per sec) reads @ chr15:20000000-20219940
PoolWorker-21 countReadsInRegions_worker: processing 219 (166.4 per sec) @ chr15:20000000-20219940
PoolWorker-21,  processing 124 (42133.3 per sec) reads @ Ascaf_164:0-1000
PoolWorker-21 countReadsInRegions_worker: processing 1 (19.0 per sec) @ Ascaf_164:0-1000
PoolWorker-29,  processing 308977 (32576.3 per sec) reads @ chr13:5000000-10000000
PoolWorker-29 countReadsInRegions_worker: processing 5000 (517.1 per sec) @ chr13:5000000-10000000
PoolWorker-29,  processing 14801 (34821.1 per sec) reads @ Ascaf_57:0-58000
PoolWorker-29 countReadsInRegions_worker: processing 58 (118.8 per sec) @ Ascaf_57:0-58000
PoolWorker-29,  processing 328412 (33606.0 per sec) reads @ chr21:15000000-19873525
PoolWorker-29 countReadsInRegions_worker: processing 4873 (487.9 per sec) @ chr21:15000000-19873525
PoolWorker-29,  processing 318413 (33678.9 per sec) reads @ chr11:5000000-10000000
PoolWorker-29 countReadsInRegions_worker: processing 5000 (514.5 per sec) @ chr11:5000000-10000000
PoolWorker-29,  processing 286754 (34487.0 per sec) reads @ chr11:15000000-19299255
PoolWorker-29 countReadsInRegions_worker: processing 4299 (507.8 per sec) @ chr11:15000000-19299255
PoolWorker-29,  processing 2810 (41430.1 per sec) reads @ Ascaf_70:0-46916
PoolWorker-29 countReadsInRegions_worker: processing 46 (418.8 per sec) @ Ascaf_70:0-46916
PoolWorker-29,  processing 1117 (71251.0 per sec) reads @ Ascaf_128:0-19120
PoolWorker-29 countReadsInRegions_worker: processing 19 (344.8 per sec) @ Ascaf_128:0-19120
PoolWorker-29,  processing 13911 (35706.5 per sec) reads @ Ascaf_35:0-99371
PoolWorker-29 countReadsInRegions_worker: processing 99 (229.7 per sec) @ Ascaf_35:0-99371
PoolWorker-29,  processing 341578 (33364.3 per sec) reads @ chr12:0-5000000
PoolWorker-29 countReadsInRegions_worker: processing 5000 (480.3 per sec) @ chr12:0-5000000
PoolWorker-29,  processing 312687 (33025.1 per sec) reads @ chr20:15000000-20000000
PoolWorker-29 countReadsInRegions_worker: processing 5000 (518.7 per sec) @ chr20:15000000-20000000
PoolWorker-29,  processing 743 (68566.9 per sec) reads @ Ascaf_122:0-20728
PoolWorker-29 countReadsInRegions_worker: processing 20 (386.4 per sec) @ Ascaf_122:0-20728
PoolWorker-29,  processing 8213 (37260.9 per sec) reads @ Ascaf_37:0-98231
PoolWorker-29 countReadsInRegions_worker: processing 98 (375.5 per sec) @ Ascaf_37:0-98231
PoolWorker-31,  processing 231835 (33482.1 per sec) reads @ chr8:20000000-23122080
PoolWorker-31 countReadsInRegions_worker: processing 3122 (437.9 per sec) @ chr8:20000000-23122080
PoolWorker-31,  processing 15089 (35040.1 per sec) reads @ Ascaf_36:0-98486
PoolWorker-31 countReadsInRegions_worker: processing 98 (196.6 per sec) @ Ascaf_36:0-98486
PoolWorker-31,  processing 319850 (40593.8 per sec) reads @ chr16:10000000-15000000
PoolWorker-31 countReadsInRegions_worker: processing 5000 (615.7 per sec) @ chr16:10000000-15000000
PoolWorker-31,  processing 3358 (37351.8 per sec) reads @ Ascaf_56:0-58445
PoolWorker-31 countReadsInRegions_worker: processing 58 (465.9 per sec) @ Ascaf_56:0-58445
PoolWorker-31,  processing 275655 (34886.5 per sec) reads @ chr5:15000000-18670498
PoolWorker-31 countReadsInRegions_worker: processing 3670 (456.6 per sec) @ chr5:15000000-18670498
PoolWorker-31,  processing 318833 (34625.1 per sec) reads @ chr10:10000000-15000000
PoolWorker-31 countReadsInRegions_worker: processing 5000 (529.4 per sec) @ chr10:10000000-15000000
PoolWorker-31,  processing 31421 (36593.2 per sec) reads @ Ascaf_27:0-155775
PoolWorker-31 countReadsInRegions_worker: processing 155 (170.0 per sec) @ Ascaf_27:0-155775
PoolWorker-31,  processing 266720 (33986.3 per sec) reads @ chr1:30000000-33917795
PoolWorker-31 countReadsInRegions_worker: processing 3917 (490.6 per sec) @ chr1:30000000-33917795
PoolWorker-31,  processing 323 (61091.3 per sec) reads @ Ascaf_154:0-6709
PoolWorker-31 countReadsInRegions_worker: processing 6 (140.2 per sec) @ Ascaf_154:0-6709
PoolWorker-31,  processing 4299 (34824.9 per sec) reads @ Ascaf_129:0-19000
PoolWorker-31 countReadsInRegions_worker: processing 19 (118.6 per sec) @ Ascaf_129:0-19000
PoolWorker-31,  processing 285385 (32516.9 per sec) reads @ chr21:0-5000000
PoolWorker-31 countReadsInRegions_worker: processing 5000 (560.2 per sec) @ chr21:0-5000000
PoolWorker-31,  processing 321374 (37321.0 per sec) reads @ chr9:10000000-15000000
PoolWorker-31 countReadsInRegions_worker: processing 5000 (571.0 per sec) @ chr9:10000000-15000000
PoolWorker-20,  processing 838 (68064.0 per sec) reads @ Ascaf_102:0-31073
PoolWorker-20 countReadsInRegions_worker: processing 31 (640.5 per sec) @ Ascaf_102:0-31073
PoolWorker-20,  processing 8251 (34294.4 per sec) reads @ Ascaf_71:0-32519
PoolWorker-20 countReadsInRegions_worker: processing 32 (124.6 per sec) @ Ascaf_71:0-32519
PoolWorker-20,  processing 306092 (32204.9 per sec) reads @ chr6:15000000-20000000
PoolWorker-20 countReadsInRegions_worker: processing 5000 (511.6 per sec) @ chr6:15000000-20000000
PoolWorker-20,  processing 155461 (34936.5 per sec) reads @ chr2:25000000-26977752
PoolWorker-20 countReadsInRegions_worker: processing 1977 (428.8 per sec) @ chr2:25000000-26977752
PoolWorker-20,  processing 52332 (35488.8 per sec) reads @ Ascaf_39:0-92659
PoolWorker-20 countReadsInRegions_worker: processing 92 (60.4 per sec) @ Ascaf_39:0-92659
PoolWorker-20,  processing 2254 (36682.1 per sec) reads @ Ascaf_86:0-37568
PoolWorker-20 countReadsInRegions_worker: processing 37 (364.0 per sec) @ Ascaf_86:0-37568
PoolWorker-20,  processing 317415 (35094.5 per sec) reads @ chr6:10000000-15000000
PoolWorker-20 countReadsInRegions_worker: processing 5000 (537.9 per sec) @ chr6:10000000-15000000
PoolWorker-20,  processing 18603 (38268.1 per sec) reads @ Ascaf_110:0-27536
PoolWorker-20 countReadsInRegions_worker: processing 27 (49.7 per sec) @ Ascaf_110:0-27536
PoolWorker-20,  processing 103 (8111.6 per sec) reads @ Ascaf_160:0-2000
PoolWorker-20 countReadsInRegions_worker: processing 2 (38.4 per sec) @ Ascaf_160:0-2000
PoolWorker-20,  processing 775502 (33532.7 per sec) reads @ chr19:0-5000000
PoolWorker-20 countReadsInRegions_worker: processing 5000 (212.2 per sec) @ chr19:0-5000000
PoolWorker-20,  processing 15042 (36663.7 per sec) reads @ Ascaf_24:0-187591
PoolWorker-20 countReadsInRegions_worker: processing 187 (409.3 per sec) @ Ascaf_24:0-187591
PoolWorker-20,  processing 321295 (32554.8 per sec) reads @ chr8:10000000-15000000
PoolWorker-20 countReadsInRegions_worker: processing 5000 (498.8 per sec) @ chr8:10000000-15000000
PoolWorker-17,  processing 307585 (33276.5 per sec) reads @ chr2:5000000-10000000
PoolWorker-17 countReadsInRegions_worker: processing 5000 (527.2 per sec) @ chr2:5000000-10000000
PoolWorker-17,  processing 378049 (34482.3 per sec) reads @ chr1:20000000-25000000
PoolWorker-17 countReadsInRegions_worker: processing 5000 (445.8 per sec) @ chr1:20000000-25000000
PoolWorker-17,  processing 325303 (34290.0 per sec) reads @ chr1:15000000-20000000
PoolWorker-17 countReadsInRegions_worker: processing 5000 (513.3 per sec) @ chr1:15000000-20000000
PoolWorker-17,  processing 386986 (35153.8 per sec) reads @ chr4:20000000-25000000
PoolWorker-17 countReadsInRegions_worker: processing 5000 (446.3 per sec) @ chr4:20000000-25000000
PoolWorker-17,  processing 1277 (39860.1 per sec) reads @ Ascaf_117:0-22832
PoolWorker-17 countReadsInRegions_worker: processing 22 (297.4 per sec) @ Ascaf_117:0-22832
PoolWorker-17,  processing 310514 (35410.4 per sec) reads @ chr14:5000000-10000000
PoolWorker-17 countReadsInRegions_worker: processing 5000 (559.7 per sec) @ chr14:5000000-10000000
PoolWorker-17,  processing 302618 (34001.5 per sec) reads @ chr3:15000000-20000000
PoolWorker-17 countReadsInRegions_worker: processing 5000 (552.5 per sec) @ chr3:15000000-20000000
PoolWorker-17,  processing 26722 (55996.1 per sec) reads @ Ascaf_96:0-33398
PoolWorker-17 countReadsInRegions_worker: processing 33 (63.4 per sec) @ Ascaf_96:0-33398
PoolWorker-19,  processing 1381 (66019.3 per sec) reads @ Ascaf_126:0-19574
PoolWorker-19 countReadsInRegions_worker: processing 19 (408.3 per sec) @ Ascaf_126:0-19574
PoolWorker-19,  processing 305750 (32801.2 per sec) reads @ chr2:0-5000000
PoolWorker-19 countReadsInRegions_worker: processing 5000 (523.4 per sec) @ chr2:0-5000000
PoolWorker-19,  processing 323004 (33505.8 per sec) reads @ chr12:5000000-10000000
PoolWorker-19 countReadsInRegions_worker: processing 5000 (506.5 per sec) @ chr12:5000000-10000000
PoolWorker-19,  processing 321320 (33984.1 per sec) reads @ chr13:15000000-20000000
PoolWorker-19 countReadsInRegions_worker: processing 5000 (512.5 per sec) @ chr13:15000000-20000000
PoolWorker-19,  processing 1894 (46553.9 per sec) reads @ Ascaf_100:0-32247
PoolWorker-19 countReadsInRegions_worker: processing 32 (398.4 per sec) @ Ascaf_100:0-32247
PoolWorker-19,  processing 19103 (35323.7 per sec) reads @ Ascaf_53:0-64139
PoolWorker-19 countReadsInRegions_worker: processing 64 (109.7 per sec) @ Ascaf_53:0-64139
PoolWorker-19,  processing 344671 (35077.1 per sec) reads @ chr20:0-5000000
PoolWorker-19 countReadsInRegions_worker: processing 5000 (499.1 per sec) @ chr20:0-5000000
PoolWorker-19,  processing 4340 (37702.2 per sec) reads @ Ascaf_47:0-72017
PoolWorker-19 countReadsInRegions_worker: processing 72 (460.0 per sec) @ Ascaf_47:0-72017
PoolWorker-19,  processing 318734 (33919.9 per sec) reads @ chr4:30000000-35000000
PoolWorker-19 countReadsInRegions_worker: processing 5000 (522.4 per sec) @ chr4:30000000-35000000
PoolWorker-19,  processing 43733 (36734.2 per sec) reads @ Ascaf_45:0-74461
PoolWorker-19 countReadsInRegions_worker: processing 74 (59.8 per sec) @ Ascaf_45:0-74461
PoolWorker-19,  processing 51 (35147.8 per sec) reads @ Ascaf_163:0-1000
PoolWorker-19 countReadsInRegions_worker: processing 1 (18.5 per sec) @ Ascaf_163:0-1000
PoolWorker-19,  processing 314152 (33099.6 per sec) reads @ chr8:0-5000000
PoolWorker-19 countReadsInRegions_worker: processing 5000 (517.5 per sec) @ chr8:0-5000000
PoolWorker-27,  processing 34145 (42766.1 per sec) reads @ Ascaf_74:0-44000
PoolWorker-27 countReadsInRegions_worker: processing 44 (53.1 per sec) @ Ascaf_74:0-44000
PoolWorker-27,  processing 21879 (40323.3 per sec) reads @ Ascaf_113:0-24387
PoolWorker-27 countReadsInRegions_worker: processing 24 (39.5 per sec) @ Ascaf_113:0-24387
PoolWorker-27,  processing 2398 (32330.7 per sec) reads @ Ascaf_78:0-41577
PoolWorker-27 countReadsInRegions_worker: processing 41 (495.1 per sec) @ Ascaf_78:0-41577
PoolWorker-27,  processing 625 (68156.6 per sec) reads @ Ascaf_143:0-15560
PoolWorker-27 countReadsInRegions_worker: processing 15 (214.0 per sec) @ Ascaf_143:0-15560
PoolWorker-27,  processing 314499 (33085.4 per sec) reads @ chr15:0-5000000
PoolWorker-27 countReadsInRegions_worker: processing 5000 (515.5 per sec) @ chr15:0-5000000
PoolWorker-27,  processing 316362 (34113.0 per sec) reads @ chr1:10000000-15000000
PoolWorker-27 countReadsInRegions_worker: processing 5000 (529.3 per sec) @ chr1:10000000-15000000
PoolWorker-27,  processing 24951 (37444.8 per sec) reads @ Ascaf_43:0-83995
PoolWorker-27 countReadsInRegions_worker: processing 83 (117.0 per sec) @ Ascaf_43:0-83995
PoolWorker-27,  processing 282855 (33053.2 per sec) reads @ chr10:15000000-19005646
PoolWorker-27 countReadsInRegions_worker: processing 4005 (458.3 per sec) @ chr10:15000000-19005646
PoolWorker-27,  processing 21234 (36818.4 per sec) reads @ Ascaf_38:0-95573
PoolWorker-27 countReadsInRegions_worker: processing 95 (153.7 per sec) @ Ascaf_38:0-95573
PoolWorker-27,  processing 48504 (36389.9 per sec) reads @ Ascaf_89:0-36000
PoolWorker-27 countReadsInRegions_worker: processing 36 (26.1 per sec) @ Ascaf_89:0-36000
PoolWorker-27,  processing 2149 (32903.5 per sec) reads @ Ascaf_88:0-36907
PoolWorker-27 countReadsInRegions_worker: processing 36 (335.2 per sec) @ Ascaf_88:0-36907
PoolWorker-27,  processing 4120 (38048.5 per sec) reads @ Ascaf_166:0-50000
PoolWorker-27 countReadsInRegions_worker: processing 50 (333.1 per sec) @ Ascaf_166:0-50000
PoolWorker-27,  processing 1071 (70679.4 per sec) reads @ Ascaf_118:0-22120
PoolWorker-27 countReadsInRegions_worker: processing 22 (388.2 per sec) @ Ascaf_118:0-22120
PoolWorker-27,  processing 318314 (33629.8 per sec) reads @ chr5:0-5000000
PoolWorker-27 countReadsInRegions_worker: processing 5000 (512.5 per sec) @ chr5:0-5000000
PoolWorker-27,  processing 318195 (33952.9 per sec) reads @ chr10:5000000-10000000
PoolWorker-27 countReadsInRegions_worker: processing 5000 (523.2 per sec) @ chr10:5000000-10000000
PoolWorker-27,  processing 306079 (34737.2 per sec) reads @ chr7:25000000-30000000
PoolWorker-27 countReadsInRegions_worker: processing 5000 (560.8 per sec) @ chr7:25000000-30000000
PoolWorker-23,  processing 1267 (48680.3 per sec) reads @ Ascaf_60:0-24766
PoolWorker-23 countReadsInRegions_worker: processing 24 (683.4 per sec) @ Ascaf_60:0-24766
PoolWorker-23,  processing 360597 (33329.1 per sec) reads @ chr17:5000000-10000000
PoolWorker-23 countReadsInRegions_worker: processing 5000 (450.1 per sec) @ chr17:5000000-10000000
PoolWorker-23,  processing 319065 (33765.7 per sec) reads @ chr4:10000000-15000000
PoolWorker-23 countReadsInRegions_worker: processing 5000 (516.5 per sec) @ chr4:10000000-15000000
PoolWorker-23,  processing 315134 (33124.6 per sec) reads @ chr1:5000000-10000000
PoolWorker-23 countReadsInRegions_worker: processing 5000 (510.6 per sec) @ chr1:5000000-10000000
PoolWorker-23,  processing 1074 (71329.7 per sec) reads @ Ascaf_141:0-15738
PoolWorker-23 countReadsInRegions_worker: processing 15 (258.5 per sec) @ Ascaf_141:0-15738
PoolWorker-23,  processing 520 (63960.1 per sec) reads @ Ascaf_140:0-15786
PoolWorker-23 countReadsInRegions_worker: processing 15 (313.9 per sec) @ Ascaf_140:0-15786
PoolWorker-23,  processing 315629 (34416.8 per sec) reads @ chr15:15000000-20000000
PoolWorker-23 countReadsInRegions_worker: processing 5000 (535.4 per sec) @ chr15:15000000-20000000
PoolWorker-23,  processing 311275 (34192.4 per sec) reads @ chr9:0-5000000
PoolWorker-23 countReadsInRegions_worker: processing 5000 (532.7 per sec) @ chr9:0-5000000
PoolWorker-23,  processing 1105 (72701.3 per sec) reads @ Ascaf_134:0-17659
PoolWorker-23 countReadsInRegions_worker: processing 17 (312.1 per sec) @ Ascaf_134:0-17659
PoolWorker-23,  processing 3206 (37542.3 per sec) reads @ Ascaf_81:0-40000
PoolWorker-23 countReadsInRegions_worker: processing 40 (319.1 per sec) @ Ascaf_81:0-40000
PoolWorker-23,  processing 133947 (37187.8 per sec) reads @ chr16:20000000-22188971
PoolWorker-23 countReadsInRegions_worker: processing 2188 (594.0 per sec) @ chr16:20000000-22188971
PoolWorker-23,  processing 316068 (40183.2 per sec) reads @ chr16:5000000-10000000
PoolWorker-23 countReadsInRegions_worker: processing 5000 (625.9 per sec) @ chr16:5000000-10000000
PoolWorker-32,  processing 5529 (66525.6 per sec) reads @ Ascaf_46:0-73387
PoolWorker-32 countReadsInRegions_worker: processing 73 (793.4 per sec) @ Ascaf_46:0-73387
PoolWorker-32,  processing 410 (65371.6 per sec) reads @ Ascaf_155:0-6589
PoolWorker-32 countReadsInRegions_worker: processing 6 (443.6 per sec) @ Ascaf_155:0-6589
PoolWorker-32,  processing 14267 (38511.7 per sec) reads @ Ascaf_124:0-19772
PoolWorker-32 countReadsInRegions_worker: processing 19 (43.8 per sec) @ Ascaf_124:0-19772
PoolWorker-32,  processing 310819 (33206.7 per sec) reads @ chr20:5000000-10000000
PoolWorker-32 countReadsInRegions_worker: processing 5000 (521.1 per sec) @ chr20:5000000-10000000
PoolWorker-32,  processing 3757 (41875.6 per sec) reads @ Ascaf_65:0-47651
PoolWorker-32 countReadsInRegions_worker: processing 47 (310.2 per sec) @ Ascaf_65:0-47651
PoolWorker-32,  processing 3778 (43780.1 per sec) reads @ Ascaf_61:0-54508
PoolWorker-32 countReadsInRegions_worker: processing 54 (365.2 per sec) @ Ascaf_61:0-54508
PoolWorker-32,  processing 51 (33376.4 per sec) reads @ Ascaf_162:0-1000
PoolWorker-32 countReadsInRegions_worker: processing 1 (16.0 per sec) @ Ascaf_162:0-1000
PoolWorker-32,  processing 246118 (34608.3 per sec) reads @ chr12:20000000-23704847
PoolWorker-32 countReadsInRegions_worker: processing 3704 (510.5 per sec) @ chr12:20000000-23704847
PoolWorker-32,  processing 2394 (39351.8 per sec) reads @ Ascaf_80:0-41014
PoolWorker-32 countReadsInRegions_worker: processing 41 (401.5 per sec) @ Ascaf_80:0-41014
PoolWorker-32,  processing 4699 (40492.2 per sec) reads @ Ascaf_92:0-34608
PoolWorker-32 countReadsInRegions_worker: processing 34 (218.0 per sec) @ Ascaf_92:0-34608
PoolWorker-32,  processing 6225 (36515.8 per sec) reads @ Ascaf_107:0-29490
PoolWorker-32 countReadsInRegions_worker: processing 29 (137.9 per sec) @ Ascaf_107:0-29490
PoolWorker-32,  processing 307920 (34574.9 per sec) reads @ chr2:20000000-25000000
PoolWorker-32 countReadsInRegions_worker: processing 5000 (547.6 per sec) @ chr2:20000000-25000000
PoolWorker-32,  processing 4505 (37989.9 per sec) reads @ Ascaf_49:0-70996
PoolWorker-32 countReadsInRegions_worker: processing 70 (434.0 per sec) @ Ascaf_49:0-70996
PoolWorker-32,  processing 321529 (34645.9 per sec) reads @ chr11:10000000-15000000
PoolWorker-32 countReadsInRegions_worker: processing 5000 (529.1 per sec) @ chr11:10000000-15000000
PoolWorker-32,  processing 11939 (36607.7 per sec) reads @ Ascaf_75:0-42641
PoolWorker-32 countReadsInRegions_worker: processing 42 (114.4 per sec) @ Ascaf_75:0-42641
PoolWorker-32,  processing 325873 (34914.7 per sec) reads @ chr5:10000000-15000000
PoolWorker-32 countReadsInRegions_worker: processing 5000 (524.2 per sec) @ chr5:10000000-15000000
PoolWorker-32,  processing 1220 (40498.1 per sec) reads @ Ascaf_142:0-15730
PoolWorker-32 countReadsInRegions_worker: processing 15 (234.0 per sec) @ Ascaf_142:0-15730
PoolWorker-32,  processing 2739 (35983.2 per sec) reads @ Ascaf_63:0-51776
PoolWorker-32 countReadsInRegions_worker: processing 51 (463.8 per sec) @ Ascaf_63:0-51776
PoolWorker-32,  processing 9880 (38755.9 per sec) reads @ Ascaf_52:0-64568
PoolWorker-32 countReadsInRegions_worker: processing 64 (224.6 per sec) @ Ascaf_52:0-64568
PoolWorker-32,  processing 321071 (34869.0 per sec) reads @ chr19:15000000-20000000
PoolWorker-32 countReadsInRegions_worker: processing 5000 (533.2 per sec) @ chr19:15000000-20000000
PoolWorker-32,  processing 1181 (39807.1 per sec) reads @ Ascaf_135:0-17087
PoolWorker-32 countReadsInRegions_worker: processing 17 (245.7 per sec) @ Ascaf_135:0-17087
PoolWorker-32,  processing 880 (36209.6 per sec) reads @ Ascaf_130:0-18457
PoolWorker-32 countReadsInRegions_worker: processing 18 (324.7 per sec) @ Ascaf_130:0-18457
PoolWorker-32,  processing 4075 (40414.9 per sec) reads @ Ascaf_106:0-29590
PoolWorker-32 countReadsInRegions_worker: processing 29 (205.5 per sec) @ Ascaf_106:0-29590
PoolWorker-32,  processing 324138 (59728.5 per sec) reads @ chr20:10000000-15000000
PoolWorker-32 countReadsInRegions_worker: processing 5000 (903.3 per sec) @ chr20:10000000-15000000
PoolWorker-25,  processing 343259 (33588.5 per sec) reads @ chr18:0-5000000
PoolWorker-25 countReadsInRegions_worker: processing 5000 (476.6 per sec) @ chr18:0-5000000
PoolWorker-25,  processing 84427 (36309.9 per sec) reads @ Ascaf_42:0-86089
PoolWorker-25 countReadsInRegions_worker: processing 86 (35.4 per sec) @ Ascaf_42:0-86089
PoolWorker-25,  processing 2470 (40400.9 per sec) reads @ Ascaf_169:0-50000
PoolWorker-25 countReadsInRegions_worker: processing 50 (503.5 per sec) @ Ascaf_169:0-50000
PoolWorker-25,  processing 316126 (34128.6 per sec) reads @ chr15:5000000-10000000
PoolWorker-25 countReadsInRegions_worker: processing 5000 (528.0 per sec) @ chr15:5000000-10000000
PoolWorker-25,  processing 2264 (37686.8 per sec) reads @ Ascaf_108:0-29345
PoolWorker-25 countReadsInRegions_worker: processing 29 (284.5 per sec) @ Ascaf_108:0-29345
PoolWorker-25,  processing 313250 (34719.2 per sec) reads @ chr19:5000000-10000000
PoolWorker-25 countReadsInRegions_worker: processing 5000 (541.1 per sec) @ chr19:5000000-10000000
PoolWorker-25,  processing 866 (70781.0 per sec) reads @ Ascaf_149:0-13452
PoolWorker-25 countReadsInRegions_worker: processing 13 (254.4 per sec) @ Ascaf_149:0-13452
PoolWorker-25,  processing 414794 (35322.6 per sec) reads @ chr13:0-5000000
PoolWorker-25 countReadsInRegions_worker: processing 5000 (417.9 per sec) @ chr13:0-5000000
PoolWorker-25,  processing 202248 (34084.8 per sec) reads @ chr20:20000000-22998664
PoolWorker-25 countReadsInRegions_worker: processing 2998 (491.3 per sec) @ chr20:20000000-22998664
PoolWorker-25,  processing 317566 (34534.1 per sec) reads @ chr6:5000000-10000000
PoolWorker-25 countReadsInRegions_worker: processing 5000 (537.8 per sec) @ chr6:5000000-10000000
PoolWorker-25,  processing 211288 (62059.8 per sec) reads @ chr18:15000000-18483836
PoolWorker-25 countReadsInRegions_worker: processing 3483 (1010.6 per sec) @ chr18:15000000-18483836
PoolWorker-25,  processing 827 (73122.0 per sec) reads @ Ascaf_146:0-15502
PoolWorker-25 countReadsInRegions_worker: processing 15 (832.5 per sec) @ Ascaf_146:0-15502
PoolWorker-18,  processing 313 (56436.1 per sec) reads @ Ascaf_156:0-5652
PoolWorker-18 countReadsInRegions_worker: processing 5 (361.2 per sec) @ Ascaf_156:0-5652
PoolWorker-18,  processing 20326 (34755.8 per sec) reads @ chr3:20000000-20313673
PoolWorker-18 countReadsInRegions_worker: processing 313 (525.8 per sec) @ chr3:20000000-20313673
PoolWorker-18,  processing 333113 (33584.1 per sec) reads @ chr16:0-5000000
PoolWorker-18 countReadsInRegions_worker: processing 5000 (493.3 per sec) @ chr16:0-5000000
PoolWorker-18,  processing 359654 (34470.1 per sec) reads @ chr14:0-5000000
PoolWorker-18 countReadsInRegions_worker: processing 5000 (468.6 per sec) @ chr14:0-5000000
PoolWorker-18,  processing 61284 (37139.9 per sec) reads @ Ascaf_26:0-156806
PoolWorker-18 countReadsInRegions_worker: processing 156 (91.8 per sec) @ Ascaf_26:0-156806
PoolWorker-18,  processing 25012 (35676.4 per sec) reads @ Ascaf_25:0-178627
PoolWorker-18 countReadsInRegions_worker: processing 178 (234.5 per sec) @ Ascaf_25:0-178627
PoolWorker-18,  processing 314191 (34543.2 per sec) reads @ chr2:15000000-20000000
PoolWorker-18 countReadsInRegions_worker: processing 5000 (539.7 per sec) @ chr2:15000000-20000000
PoolWorker-18,  processing 285831 (32724.4 per sec) reads @ chr13:20000000-24369283
PoolWorker-18 countReadsInRegions_worker: processing 4369 (491.8 per sec) @ chr13:20000000-24369283
PoolWorker-18,  processing 1002 (71337.3 per sec) reads @ Ascaf_148:0-14976
PoolWorker-18 countReadsInRegions_worker: processing 14 (262.1 per sec) @ Ascaf_148:0-14976
PoolWorker-18,  processing 1339 (41682.2 per sec) reads @ Ascaf_111:0-25158
PoolWorker-18 countReadsInRegions_worker: processing 25 (341.3 per sec) @ Ascaf_111:0-25158
PoolWorker-18,  processing 1077 (70920.3 per sec) reads @ Ascaf_132:0-17867
PoolWorker-18 countReadsInRegions_worker: processing 17 (311.8 per sec) @ Ascaf_132:0-17867
PoolWorker-18,  processing 323002 (36177.5 per sec) reads @ chr3:10000000-15000000
PoolWorker-18 countReadsInRegions_worker: processing 5000 (547.1 per sec) @ chr3:10000000-15000000
PoolWorker-18,  processing 314140 (36482.3 per sec) reads @ chr1:25000000-30000000
PoolWorker-18 countReadsInRegions_worker: processing 5000 (569.2 per sec) @ chr1:25000000-30000000
PoolWorker-18,  processing 1614 (42269.1 per sec) reads @ Ascaf_150:0-13271
PoolWorker-18 countReadsInRegions_worker: processing 13 (163.9 per sec) @ Ascaf_150:0-13271
PoolWorker-18,  processing 251266 (71900.4 per sec) reads @ chr7:30000000-33914388
PoolWorker-18 countReadsInRegions_worker: processing 3914 (1103.2 per sec) @ chr7:30000000-33914388
PoolWorker-18,  processing 10127 (83591.9 per sec) reads @ Ascaf_29:0-143722
PoolWorker-18 countReadsInRegions_worker: processing 143 (1112.1 per sec) @ Ascaf_29:0-143722
PoolWorker-26,  processing 1523 (39269.0 per sec) reads @ Ascaf_95:0-33544
PoolWorker-26 countReadsInRegions_worker: processing 33 (538.8 per sec) @ Ascaf_95:0-33544
PoolWorker-26,  processing 5334 (34859.4 per sec) reads @ Ascaf_84:0-38148
PoolWorker-26 countReadsInRegions_worker: processing 38 (216.7 per sec) @ Ascaf_84:0-38148
PoolWorker-26,  processing 1990 (46192.0 per sec) reads @ Ascaf_67:0-40269
PoolWorker-26 countReadsInRegions_worker: processing 40 (383.6 per sec) @ Ascaf_67:0-40269
PoolWorker-26,  processing 34507 (35257.5 per sec) reads @ Ascaf_120:0-22000
PoolWorker-26 countReadsInRegions_worker: processing 22 (21.0 per sec) @ Ascaf_120:0-22000
PoolWorker-26,  processing 926 (66603.7 per sec) reads @ Ascaf_147:0-15099
PoolWorker-26 countReadsInRegions_worker: processing 15 (200.2 per sec) @ Ascaf_147:0-15099
PoolWorker-26,  processing 333637 (33386.8 per sec) reads @ chr3:0-5000000
PoolWorker-26 countReadsInRegions_worker: processing 5000 (488.5 per sec) @ chr3:0-5000000
PoolWorker-26,  processing 314529 (33309.6 per sec) reads @ chr14:10000000-15000000
PoolWorker-26 countReadsInRegions_worker: processing 5000 (516.5 per sec) @ chr14:10000000-15000000
PoolWorker-26,  processing 1163 (39381.1 per sec) reads @ Ascaf_125:0-19664
PoolWorker-26 countReadsInRegions_worker: processing 19 (268.7 per sec) @ Ascaf_125:0-19664
PoolWorker-26,  processing 319656 (34280.5 per sec) reads @ chr15:10000000-15000000
PoolWorker-26 countReadsInRegions_worker: processing 5000 (526.0 per sec) @ chr15:10000000-15000000
PoolWorker-26,  processing 3691 (40664.9 per sec) reads @ Ascaf_59:0-57475
PoolWorker-26 countReadsInRegions_worker: processing 57 (436.8 per sec) @ Ascaf_59:0-57475
PoolWorker-26,  processing 317390 (34059.2 per sec) reads @ chr12:15000000-20000000
PoolWorker-26 countReadsInRegions_worker: processing 5000 (525.4 per sec) @ chr12:15000000-20000000
PoolWorker-26,  processing 245070 (33737.5 per sec) reads @ chr17:20000000-23682274
PoolWorker-26 countReadsInRegions_worker: processing 3682 (498.3 per sec) @ chr17:20000000-23682274
PoolWorker-26,  processing 800 (66991.0 per sec) reads @ Ascaf_167:0-25000
PoolWorker-26 countReadsInRegions_worker: processing 25 (471.2 per sec) @ Ascaf_167:0-25000
PoolWorker-26,  processing 314567 (35148.7 per sec) reads @ chr19:10000000-15000000
PoolWorker-26 countReadsInRegions_worker: processing 5000 (548.2 per sec) @ chr19:10000000-15000000
PoolWorker-26,  processing 1298 (37798.6 per sec) reads @ Ascaf_97:0-33357
PoolWorker-26 countReadsInRegions_worker: processing 33 (425.6 per sec) @ Ascaf_97:0-33357
PoolWorker-26,  processing 314988 (54554.6 per sec) reads @ chr4:15000000-20000000
PoolWorker-26 countReadsInRegions_worker: processing 5000 (846.6 per sec) @ chr4:15000000-20000000
PoolWorker-30,  processing 325832 (33286.8 per sec) reads @ chr7:15000000-20000000
PoolWorker-30 countReadsInRegions_worker: processing 5000 (498.3 per sec) @ chr7:15000000-20000000
PoolWorker-30,  processing 1355 (24832.4 per sec) reads @ Ascaf_112:0-24428
PoolWorker-30 countReadsInRegions_worker: processing 24 (205.8 per sec) @ Ascaf_112:0-24428
PoolWorker-30,  processing 3235 (44843.4 per sec) reads @ Ascaf_161:0-1000
PoolWorker-30 countReadsInRegions_worker: processing 1 (7.5 per sec) @ Ascaf_161:0-1000
PoolWorker-30,  processing 8159 (37108.0 per sec) reads @ Ascaf_64:0-51000
PoolWorker-30 countReadsInRegions_worker: processing 51 (180.6 per sec) @ Ascaf_64:0-51000
PoolWorker-30,  processing 6239 (24894.2 per sec) reads @ Ascaf_44:0-77777
PoolWorker-30 countReadsInRegions_worker: processing 77 (269.9 per sec) @ Ascaf_44:0-77777
PoolWorker-30,  processing 81467 (28298.4 per sec) reads @ chr6:20000000-21248438
PoolWorker-30 countReadsInRegions_worker: processing 1248 (426.7 per sec) @ chr6:20000000-21248438
PoolWorker-30,  processing 2152 (37256.4 per sec) reads @ Ascaf_93:0-34038
PoolWorker-30 countReadsInRegions_worker: processing 34 (343.0 per sec) @ Ascaf_93:0-34038
PoolWorker-30,  processing 1769 (45358.9 per sec) reads @ Ascaf_99:0-33167
PoolWorker-30 countReadsInRegions_worker: processing 33 (419.7 per sec) @ Ascaf_99:0-33167
PoolWorker-30,  processing 743 (66002.4 per sec) reads @ Ascaf_139:0-16678
PoolWorker-30 countReadsInRegions_worker: processing 16 (308.9 per sec) @ Ascaf_139:0-16678
PoolWorker-30,  processing 319349 (33946.5 per sec) reads @ chr13:10000000-15000000
PoolWorker-30 countReadsInRegions_worker: processing 5000 (520.9 per sec) @ chr13:10000000-15000000
PoolWorker-30,  processing 13894 (37032.0 per sec) reads @ Ascaf_41:0-90399
PoolWorker-30 countReadsInRegions_worker: processing 90 (208.3 per sec) @ Ascaf_41:0-90399
PoolWorker-30,  processing 341167 (33186.5 per sec) reads @ chr16:15000000-20000000
PoolWorker-30 countReadsInRegions_worker: processing 5000 (477.3 per sec) @ chr16:15000000-20000000
PoolWorker-30,  processing 3230 (36745.9 per sec) reads @ Ascaf_62:0-52951
PoolWorker-30 countReadsInRegions_worker: processing 52 (401.4 per sec) @ Ascaf_62:0-52951
PoolWorker-30,  processing 337187 (34252.9 per sec) reads @ chr17:10000000-15000000
PoolWorker-30 countReadsInRegions_worker: processing 5000 (500.5 per sec) @ chr17:10000000-15000000
PoolWorker-30,  processing 302858 (32837.8 per sec) reads @ chr10:0-5000000
PoolWorker-30 countReadsInRegions_worker: processing 5000 (532.4 per sec) @ chr10:0-5000000
PoolWorker-30,  processing 836 (65215.4 per sec) reads @ Ascaf_138:0-16696
PoolWorker-30 countReadsInRegions_worker: processing 16 (304.6 per sec) @ Ascaf_138:0-16696
PoolWorker-30,  processing 64525 (34349.2 per sec) reads @ chr4:40000000-40647937
PoolWorker-30 countReadsInRegions_worker: processing 647 (333.2 per sec) @ chr4:40000000-40647937
PoolWorker-30,  processing 8743 (38804.6 per sec) reads @ Ascaf_114:0-24031
PoolWorker-30 countReadsInRegions_worker: processing 24 (86.2 per sec) @ Ascaf_114:0-24031
PoolWorker-30,  processing 365345 (51577.2 per sec) reads @ chr7:20000000-25000000
PoolWorker-30 countReadsInRegions_worker: processing 5000 (695.3 per sec) @ chr7:20000000-25000000
PoolWorker-30,  processing 302807 (80825.8 per sec) reads @ chr5:5000000-10000000
PoolWorker-30 countReadsInRegions_worker: processing 5000 (1314.3 per sec) @ chr5:5000000-10000000
PoolWorker-28,  processing 320984 (33278.3 per sec) reads @ chr18:10000000-15000000
PoolWorker-28 countReadsInRegions_worker: processing 5000 (505.9 per sec) @ chr18:10000000-15000000
PoolWorker-28,  processing 5372 (43213.1 per sec) reads @ Ascaf_73:0-44649
PoolWorker-28 countReadsInRegions_worker: processing 44 (251.8 per sec) @ Ascaf_73:0-44649
PoolWorker-28,  processing 23964 (31969.8 per sec) reads @ Ascaf_119:0-22101
PoolWorker-28 countReadsInRegions_worker: processing 22 (27.3 per sec) @ Ascaf_119:0-22101
PoolWorker-28,  processing 34895 (26993.4 per sec) reads @ Ascaf_22:0-446888
PoolWorker-28 countReadsInRegions_worker: processing 446 (333.6 per sec) @ Ascaf_22:0-446888
PoolWorker-28,  processing 2983 (28332.4 per sec) reads @ Ascaf_133:0-49732
PoolWorker-28 countReadsInRegions_worker: processing 49 (332.3 per sec) @ Ascaf_133:0-49732
PoolWorker-28,  processing 4724 (40051.2 per sec) reads @ Ascaf_55:0-59833
PoolWorker-28 countReadsInRegions_worker: processing 59 (374.5 per sec) @ Ascaf_55:0-59833
PoolWorker-28,  processing 35 (38550.6 per sec) reads @ Ascaf_165:0-1000
PoolWorker-28 countReadsInRegions_worker: processing 1 (24.0 per sec) @ Ascaf_165:0-1000
PoolWorker-28,  processing 314005 (33603.6 per sec) reads @ chr8:5000000-10000000
PoolWorker-28 countReadsInRegions_worker: processing 5000 (525.0 per sec) @ chr8:5000000-10000000
PoolWorker-28,  processing 321985 (33898.6 per sec) reads @ chr8:15000000-20000000
PoolWorker-28 countReadsInRegions_worker: processing 5000 (516.9 per sec) @ chr8:15000000-20000000
PoolWorker-28,  processing 15069 (37179.6 per sec) reads @ Ascaf_48:0-71747
PoolWorker-28 countReadsInRegions_worker: processing 71 (154.3 per sec) @ Ascaf_48:0-71747
PoolWorker-28,  processing 952 (67830.5 per sec) reads @ Ascaf_116:0-22916
PoolWorker-28 countReadsInRegions_worker: processing 22 (416.2 per sec) @ Ascaf_116:0-22916
PoolWorker-28,  processing 727 (23141.1 per sec) reads @ Ascaf_152:0-12206
PoolWorker-28 countReadsInRegions_worker: processing 12 (169.1 per sec) @ Ascaf_152:0-12206
PoolWorker-28,  processing 2439 (39231.7 per sec) reads @ Ascaf_69:0-44691
PoolWorker-28 countReadsInRegions_worker: processing 44 (428.5 per sec) @ Ascaf_69:0-44691
PoolWorker-28,  processing 2479 (40777.8 per sec) reads @ Ascaf_83:0-38959
PoolWorker-28 countReadsInRegions_worker: processing 38 (378.4 per sec) @ Ascaf_83:0-38959
PoolWorker-28,  processing 42337 (36491.4 per sec) reads @ Ascaf_98:0-33222
PoolWorker-28 countReadsInRegions_worker: processing 33 (27.0 per sec) @ Ascaf_98:0-33222
PoolWorker-28,  processing 1140 (70523.7 per sec) reads @ Ascaf_54:0-60000
PoolWorker-28 countReadsInRegions_worker: processing 60 (1077.1 per sec) @ Ascaf_54:0-60000
PoolWorker-28,  processing 713 (66610.4 per sec) reads @ Ascaf_145:0-15510
PoolWorker-28 countReadsInRegions_worker: processing 15 (299.7 per sec) @ Ascaf_145:0-15510
PoolWorker-28,  processing 14610 (36093.2 per sec) reads @ Ascaf_23:0-264707
PoolWorker-28 countReadsInRegions_worker: processing 264 (574.4 per sec) @ Ascaf_23:0-264707
PoolWorker-28,  processing 3578 (38592.2 per sec) reads @ Ascaf_58:0-57612
PoolWorker-28 countReadsInRegions_worker: processing 57 (430.7 per sec) @ Ascaf_58:0-57612
PoolWorker-28,  processing 190 (69146.9 per sec) reads @ Ascaf_158:0-3231
PoolWorker-28 countReadsInRegions_worker: processing 3 (71.3 per sec) @ Ascaf_158:0-3231
PoolWorker-28,  processing 1322 (40057.1 per sec) reads @ Ascaf_103:0-30986
PoolWorker-28 countReadsInRegions_worker: processing 30 (414.6 per sec) @ Ascaf_103:0-30986
PoolWorker-28,  processing 14885 (37164.4 per sec) reads @ Ascaf_137:0-17000
PoolWorker-28 countReadsInRegions_worker: processing 17 (38.4 per sec) @ Ascaf_137:0-17000
PoolWorker-28,  processing 309393 (33627.4 per sec) reads @ chr4:35000000-40000000
PoolWorker-28 countReadsInRegions_worker: processing 5000 (532.3 per sec) @ chr4:35000000-40000000
PoolWorker-28,  processing 321443 (35424.3 per sec) reads @ chr7:10000000-15000000
PoolWorker-28 countReadsInRegions_worker: processing 5000 (541.8 per sec) @ chr7:10000000-15000000
PoolWorker-28,  processing 31116 (37746.6 per sec) reads @ Ascaf_30:0-130979
PoolWorker-28 countReadsInRegions_worker: processing 130 (147.3 per sec) @ Ascaf_30:0-130979
PoolWorker-28,  processing 308650 (41435.0 per sec) reads @ chr17:0-5000000
PoolWorker-28 countReadsInRegions_worker: processing 5000 (662.6 per sec) @ chr17:0-5000000
PoolWorker-28,  processing 302895 (79448.1 per sec) reads @ chr21:5000000-10000000
PoolWorker-28 countReadsInRegions_worker: processing 5000 (1291.0 per sec) @ chr21:5000000-10000000
PoolWorker-28,  processing 300585 (83897.4 per sec) reads @ chr4:0-5000000
PoolWorker-28 countReadsInRegions_worker: processing 5000 (1364.7 per sec) @ chr4:0-5000000
output file: /storage/scratch/iee/dj20y461/Stickleback/Y_comp/Sex_chrom_stats/Read_depths/Gw/depths/2007MA_F_3.1kb.RPKM.depth
