genome partition size for multiprocessing: 1000000
using 16 processors for 657 number of tasks
Final scaling factor: 0.034860731899
PoolWorker-21,  processing 301700 (29110.0 per sec) reads @ chr2:15000000-20000000
PoolWorker-21 countReadsInRegions_worker: processing 5000 (472.5 per sec) @ chr2:15000000-20000000
PoolWorker-21,  processing 329254 (29706.9 per sec) reads @ chr1:5000000-10000000
PoolWorker-21 countReadsInRegions_worker: processing 5000 (442.7 per sec) @ chr1:5000000-10000000
PoolWorker-21,  processing 248392 (30712.0 per sec) reads @ chr16:0-5000000
PoolWorker-21 countReadsInRegions_worker: processing 5000 (602.1 per sec) @ chr16:0-5000000
PoolWorker-21,  processing 6856 (39641.1 per sec) reads @ Ascaf_50:0-70692
PoolWorker-21 countReadsInRegions_worker: processing 70 (307.9 per sec) @ Ascaf_50:0-70692
PoolWorker-21,  processing 190013 (30793.8 per sec) reads @ chr14:15000000-18637407
PoolWorker-21 countReadsInRegions_worker: processing 3637 (578.8 per sec) @ chr14:15000000-18637407
PoolWorker-21,  processing 30772 (35919.8 per sec) reads @ chr15:20000000-20219940
PoolWorker-21 countReadsInRegions_worker: processing 219 (242.9 per sec) @ chr15:20000000-20219940
PoolWorker-21,  processing 212707 (30821.3 per sec) reads @ chr7:30000000-33914388
PoolWorker-21 countReadsInRegions_worker: processing 3914 (553.4 per sec) @ chr7:30000000-33914388
PoolWorker-21,  processing 11587 (35241.2 per sec) reads @ Ascaf_45:0-74461
PoolWorker-21 countReadsInRegions_worker: processing 74 (200.7 per sec) @ Ascaf_45:0-74461
PoolWorker-21,  processing 715 (71650.4 per sec) reads @ Ascaf_106:0-29590
PoolWorker-21 countReadsInRegions_worker: processing 29 (582.1 per sec) @ Ascaf_106:0-29590
PoolWorker-21,  processing 228419 (33259.3 per sec) reads @ chr4:20000000-25000000
PoolWorker-21 countReadsInRegions_worker: processing 5000 (715.2 per sec) @ chr4:20000000-25000000
PoolWorker-21,  processing 807 (71082.4 per sec) reads @ Ascaf_55:0-59833
PoolWorker-21 countReadsInRegions_worker: processing 59 (1155.0 per sec) @ Ascaf_55:0-59833
PoolWorker-21,  processing 2498 (36289.2 per sec) reads @ Ascaf_70:0-46916
PoolWorker-21 countReadsInRegions_worker: processing 46 (430.3 per sec) @ Ascaf_70:0-46916
PoolWorker-18,  processing 772 (62177.2 per sec) reads @ Ascaf_136:0-17062
PoolWorker-18 countReadsInRegions_worker: processing 17 (855.7 per sec) @ Ascaf_136:0-17062
PoolWorker-18,  processing 215726 (29253.2 per sec) reads @ chr13:20000000-24369283
PoolWorker-18 countReadsInRegions_worker: processing 4369 (580.0 per sec) @ chr13:20000000-24369283
PoolWorker-18,  processing 294478 (29727.4 per sec) reads @ chr6:10000000-15000000
PoolWorker-18 countReadsInRegions_worker: processing 5000 (493.5 per sec) @ chr6:10000000-15000000
PoolWorker-18,  processing 285261 (29727.8 per sec) reads @ chr4:30000000-35000000
PoolWorker-18 countReadsInRegions_worker: processing 5000 (513.5 per sec) @ chr4:30000000-35000000
PoolWorker-18,  processing 821 (30659.5 per sec) reads @ Ascaf_149:0-13452
PoolWorker-18 countReadsInRegions_worker: processing 13 (333.3 per sec) @ Ascaf_149:0-13452
PoolWorker-18,  processing 923 (26533.7 per sec) reads @ Ascaf_92:0-34608
PoolWorker-18 countReadsInRegions_worker: processing 34 (752.9 per sec) @ Ascaf_92:0-34608
PoolWorker-18,  processing 60714 (32722.6 per sec) reads @ chr4:40000000-40647937
PoolWorker-18 countReadsInRegions_worker: processing 647 (337.3 per sec) @ chr4:40000000-40647937
PoolWorker-18,  processing 4777 (39843.8 per sec) reads @ Ascaf_27:0-155775
PoolWorker-18 countReadsInRegions_worker: processing 155 (975.8 per sec) @ Ascaf_27:0-155775
PoolWorker-18,  processing 3001 (44074.0 per sec) reads @ Ascaf_65:0-47651
PoolWorker-18 countReadsInRegions_worker: processing 47 (435.3 per sec) @ Ascaf_65:0-47651
PoolWorker-18,  processing 260044 (29700.1 per sec) reads @ chr15:0-5000000
PoolWorker-18 countReadsInRegions_worker: processing 5000 (562.8 per sec) @ chr15:0-5000000
PoolWorker-18,  processing 167 (51322.4 per sec) reads @ Ascaf_156:0-5652
PoolWorker-18 countReadsInRegions_worker: processing 5 (123.0 per sec) @ Ascaf_156:0-5652
PoolWorker-18,  processing 231678 (29916.0 per sec) reads @ chr12:0-5000000
PoolWorker-18 countReadsInRegions_worker: processing 5000 (633.5 per sec) @ chr12:0-5000000
PoolWorker-18,  processing 334646 (33761.7 per sec) reads @ chr8:10000000-15000000
PoolWorker-18 countReadsInRegions_worker: processing 5000 (495.0 per sec) @ chr8:10000000-15000000
PoolWorker-18,  processing 395 (57638.1 per sec) reads @ Ascaf_151:0-13242
PoolWorker-18 countReadsInRegions_worker: processing 13 (325.7 per sec) @ Ascaf_151:0-13242
PoolWorker-18,  processing 11580 (50211.6 per sec) reads @ Ascaf_26:0-156806
PoolWorker-18 countReadsInRegions_worker: processing 156 (574.4 per sec) @ Ascaf_26:0-156806
PoolWorker-18,  processing 2745 (59042.3 per sec) reads @ Ascaf_133:0-49732
PoolWorker-18 countReadsInRegions_worker: processing 49 (931.7 per sec) @ Ascaf_133:0-49732
PoolWorker-30,  processing 563 (58311.8 per sec) reads @ Ascaf_145:0-15510
PoolWorker-30 countReadsInRegions_worker: processing 15 (907.9 per sec) @ Ascaf_145:0-15510
PoolWorker-30,  processing 1235 (28738.3 per sec) reads @ Ascaf_125:0-19664
PoolWorker-30 countReadsInRegions_worker: processing 19 (349.0 per sec) @ Ascaf_125:0-19664
PoolWorker-30,  processing 1059 (59732.5 per sec) reads @ Ascaf_60:0-24766
PoolWorker-30 countReadsInRegions_worker: processing 24 (307.2 per sec) @ Ascaf_60:0-24766
PoolWorker-30,  processing 1362 (32609.6 per sec) reads @ Ascaf_104:0-29894
PoolWorker-30 countReadsInRegions_worker: processing 29 (345.4 per sec) @ Ascaf_104:0-29894
PoolWorker-30,  processing 332984 (29916.7 per sec) reads @ chr17:10000000-15000000
PoolWorker-30 countReadsInRegions_worker: processing 5000 (438.5 per sec) @ chr17:10000000-15000000
PoolWorker-30,  processing 4814 (42450.8 per sec) reads @ Ascaf_129:0-19000
PoolWorker-30 countReadsInRegions_worker: processing 19 (109.4 per sec) @ Ascaf_129:0-19000
PoolWorker-30,  processing 2357 (36524.5 per sec) reads @ Ascaf_78:0-41577
PoolWorker-30 countReadsInRegions_worker: processing 41 (327.9 per sec) @ Ascaf_78:0-41577
PoolWorker-30,  processing 911 (68838.4 per sec) reads @ Ascaf_56:0-58445
PoolWorker-30 countReadsInRegions_worker: processing 58 (791.2 per sec) @ Ascaf_56:0-58445
PoolWorker-30,  processing 4334 (45003.7 per sec) reads @ Ascaf_74:0-44000
PoolWorker-30 countReadsInRegions_worker: processing 44 (280.6 per sec) @ Ascaf_74:0-44000
PoolWorker-30,  processing 205507 (30172.0 per sec) reads @ chr17:20000000-23682274
PoolWorker-30 countReadsInRegions_worker: processing 3682 (526.4 per sec) @ chr17:20000000-23682274
PoolWorker-30,  processing 285146 (29448.1 per sec) reads @ chr8:15000000-20000000
PoolWorker-30 countReadsInRegions_worker: processing 5000 (504.5 per sec) @ chr8:15000000-20000000
PoolWorker-30,  processing 2240 (37094.7 per sec) reads @ Ascaf_62:0-52951
PoolWorker-30 countReadsInRegions_worker: processing 52 (527.1 per sec) @ Ascaf_62:0-52951
PoolWorker-30,  processing 249928 (29271.1 per sec) reads @ chr19:20000000-23715829
PoolWorker-30 countReadsInRegions_worker: processing 3715 (428.6 per sec) @ chr19:20000000-23715829
PoolWorker-30,  processing 869 (58115.8 per sec) reads @ Ascaf_132:0-17867
PoolWorker-30 countReadsInRegions_worker: processing 17 (309.2 per sec) @ Ascaf_132:0-17867
PoolWorker-30,  processing 263583 (29770.9 per sec) reads @ chr4:25000000-30000000
PoolWorker-30 countReadsInRegions_worker: processing 5000 (554.9 per sec) @ chr4:25000000-30000000
PoolWorker-30,  processing 550 (66369.4 per sec) reads @ Ascaf_161:0-1000
PoolWorker-30 countReadsInRegions_worker: processing 1 (20.8 per sec) @ Ascaf_161:0-1000
PoolWorker-30,  processing 10262 (34995.8 per sec) reads @ Ascaf_57:0-58000
PoolWorker-30 countReadsInRegions_worker: processing 58 (174.4 per sec) @ Ascaf_57:0-58000
PoolWorker-30,  processing 151156 (31273.8 per sec) reads @ chr20:20000000-22998664
PoolWorker-30 countReadsInRegions_worker: processing 2998 (610.7 per sec) @ chr20:20000000-22998664
PoolWorker-30,  processing 8827 (49795.2 per sec) reads @ Ascaf_24:0-187591
PoolWorker-30 countReadsInRegions_worker: processing 187 (856.6 per sec) @ Ascaf_24:0-187591
PoolWorker-30,  processing 941 (59429.6 per sec) reads @ Ascaf_150:0-13271
PoolWorker-30 countReadsInRegions_worker: processing 13 (603.7 per sec) @ Ascaf_150:0-13271
PoolWorker-24,  processing 948 (58159.6 per sec) reads @ Ascaf_117:0-22832
PoolWorker-24 countReadsInRegions_worker: processing 22 (435.1 per sec) @ Ascaf_117:0-22832
PoolWorker-24,  processing 245063 (29201.3 per sec) reads @ chr10:0-5000000
PoolWorker-24 countReadsInRegions_worker: processing 5000 (583.6 per sec) @ chr10:0-5000000
PoolWorker-24,  processing 14 (18736.5 per sec) reads @ Ascaf_163:0-1000
PoolWorker-24 countReadsInRegions_worker: processing 1 (17.9 per sec) @ Ascaf_163:0-1000
PoolWorker-24,  processing 10 (15580.6 per sec) reads @ Ascaf_162:0-1000
PoolWorker-24 countReadsInRegions_worker: processing 1 (16.9 per sec) @ Ascaf_162:0-1000
PoolWorker-24,  processing 1582 (42093.4 per sec) reads @ Ascaf_93:0-34038
PoolWorker-24 countReadsInRegions_worker: processing 34 (350.3 per sec) @ Ascaf_93:0-34038
PoolWorker-24,  processing 195466 (30467.5 per sec) reads @ chr9:20000000-24303205
PoolWorker-24 countReadsInRegions_worker: processing 4303 (653.7 per sec) @ chr9:20000000-24303205
PoolWorker-24,  processing 297664 (29879.6 per sec) reads @ chr12:15000000-20000000
PoolWorker-24 countReadsInRegions_worker: processing 5000 (489.1 per sec) @ chr12:15000000-20000000
PoolWorker-24,  processing 264199 (30382.6 per sec) reads @ chr7:0-5000000
PoolWorker-24 countReadsInRegions_worker: processing 5000 (565.5 per sec) @ chr7:0-5000000
PoolWorker-24,  processing 1579 (43996.9 per sec) reads @ Ascaf_126:0-19574
PoolWorker-24 countReadsInRegions_worker: processing 19 (250.9 per sec) @ Ascaf_126:0-19574
PoolWorker-24,  processing 292958 (30500.0 per sec) reads @ chr10:15000000-19005646
PoolWorker-24 countReadsInRegions_worker: processing 4005 (409.2 per sec) @ chr10:15000000-19005646
PoolWorker-24,  processing 65 (42485.5 per sec) reads @ Ascaf_159:0-3139
PoolWorker-24 countReadsInRegions_worker: processing 3 (250.8 per sec) @ Ascaf_159:0-3139
PoolWorker-24,  processing 256819 (30012.1 per sec) reads @ chr17:0-5000000
PoolWorker-24 countReadsInRegions_worker: processing 5000 (575.2 per sec) @ chr17:0-5000000
PoolWorker-25,  processing 286248 (28728.1 per sec) reads @ chr21:5000000-10000000
PoolWorker-25 countReadsInRegions_worker: processing 5000 (491.8 per sec) @ chr21:5000000-10000000
PoolWorker-25,  processing 2160 (18635.9 per sec) reads @ Ascaf_63:0-51776
PoolWorker-25 countReadsInRegions_worker: processing 51 (251.8 per sec) @ Ascaf_63:0-51776
PoolWorker-25,  processing 6716 (38895.7 per sec) reads @ Ascaf_35:0-99371
PoolWorker-25 countReadsInRegions_worker: processing 99 (424.0 per sec) @ Ascaf_35:0-99371
PoolWorker-25,  processing 320367 (30569.0 per sec) reads @ chr20:10000000-15000000
PoolWorker-25 countReadsInRegions_worker: processing 5000 (467.3 per sec) @ chr20:10000000-15000000
PoolWorker-25,  processing 241757 (30447.5 per sec) reads @ chr15:15000000-20000000
PoolWorker-25 countReadsInRegions_worker: processing 5000 (612.5 per sec) @ chr15:15000000-20000000
PoolWorker-25,  processing 299830 (29949.2 per sec) reads @ chr5:5000000-10000000
PoolWorker-25 countReadsInRegions_worker: processing 5000 (492.7 per sec) @ chr5:5000000-10000000
PoolWorker-25,  processing 776 (70616.4 per sec) reads @ Ascaf_105:0-29809
PoolWorker-25 countReadsInRegions_worker: processing 29 (525.2 per sec) @ Ascaf_105:0-29809
PoolWorker-25,  processing 1470 (62793.5 per sec) reads @ Ascaf_112:0-24428
PoolWorker-25 countReadsInRegions_worker: processing 24 (335.8 per sec) @ Ascaf_112:0-24428
PoolWorker-25,  processing 5075 (35736.9 per sec) reads @ Ascaf_49:0-70996
PoolWorker-25 countReadsInRegions_worker: processing 70 (382.4 per sec) @ Ascaf_49:0-70996
PoolWorker-25,  processing 252893 (29808.6 per sec) reads @ chr3:15000000-20000000
PoolWorker-25 countReadsInRegions_worker: processing 5000 (577.9 per sec) @ chr3:15000000-20000000
PoolWorker-25,  processing 143163 (31012.5 per sec) reads @ chr8:20000000-23122080
PoolWorker-25 countReadsInRegions_worker: processing 3122 (659.7 per sec) @ chr8:20000000-23122080
PoolWorker-25,  processing 2625 (36924.0 per sec) reads @ Ascaf_83:0-38959
PoolWorker-25 countReadsInRegions_worker: processing 38 (347.7 per sec) @ Ascaf_83:0-38959
PoolWorker-22,  processing 369 (52918.2 per sec) reads @ Ascaf_153:0-10046
PoolWorker-22 countReadsInRegions_worker: processing 10 (671.5 per sec) @ Ascaf_153:0-10046
PoolWorker-22,  processing 2308 (29916.5 per sec) reads @ Ascaf_94:0-33862
PoolWorker-22 countReadsInRegions_worker: processing 33 (328.4 per sec) @ Ascaf_94:0-33862
PoolWorker-22,  processing 298716 (29555.1 per sec) reads @ chr19:15000000-20000000
PoolWorker-22 countReadsInRegions_worker: processing 5000 (482.7 per sec) @ chr19:15000000-20000000
PoolWorker-22,  processing 256951 (29428.3 per sec) reads @ chr1:25000000-30000000
PoolWorker-22 countReadsInRegions_worker: processing 5000 (561.5 per sec) @ chr1:25000000-30000000
PoolWorker-22,  processing 2243 (27294.1 per sec) reads @ Ascaf_88:0-36907
PoolWorker-22 countReadsInRegions_worker: processing 36 (299.1 per sec) @ Ascaf_88:0-36907
PoolWorker-22,  processing 9492 (39420.4 per sec) reads @ Ascaf_39:0-92659
PoolWorker-22 countReadsInRegions_worker: processing 92 (328.1 per sec) @ Ascaf_39:0-92659
PoolWorker-22,  processing 275740 (29449.9 per sec) reads @ chr6:15000000-20000000
PoolWorker-22 countReadsInRegions_worker: processing 5000 (524.7 per sec) @ chr6:15000000-20000000
PoolWorker-22,  processing 1542 (39503.9 per sec) reads @ Ascaf_86:0-37568
PoolWorker-22 countReadsInRegions_worker: processing 37 (516.3 per sec) @ Ascaf_86:0-37568
PoolWorker-22,  processing 303456 (29869.0 per sec) reads @ chr14:10000000-15000000
PoolWorker-22 countReadsInRegions_worker: processing 5000 (480.4 per sec) @ chr14:10000000-15000000
PoolWorker-22,  processing 261085 (30421.7 per sec) reads @ chr14:0-5000000
PoolWorker-22 countReadsInRegions_worker: processing 5000 (572.9 per sec) @ chr14:0-5000000
PoolWorker-22,  processing 255767 (33111.5 per sec) reads @ chr4:15000000-20000000
PoolWorker-22 countReadsInRegions_worker: processing 5000 (636.8 per sec) @ chr4:15000000-20000000
PoolWorker-22,  processing 601 (59895.8 per sec) reads @ Ascaf_115:0-24004
PoolWorker-22 countReadsInRegions_worker: processing 24 (492.5 per sec) @ Ascaf_115:0-24004
PoolWorker-26,  processing 317451 (29341.0 per sec) reads @ chr12:10000000-15000000
PoolWorker-26 countReadsInRegions_worker: processing 5000 (451.2 per sec) @ chr12:10000000-15000000
PoolWorker-26,  processing 3222 (29883.1 per sec) reads @ Ascaf_107:0-29490
PoolWorker-26 countReadsInRegions_worker: processing 29 (251.4 per sec) @ Ascaf_107:0-29490
PoolWorker-26,  processing 2777 (34593.1 per sec) reads @ Ascaf_46:0-73387
PoolWorker-26 countReadsInRegions_worker: processing 73 (526.1 per sec) @ Ascaf_46:0-73387
PoolWorker-26,  processing 686 (58319.2 per sec) reads @ Ascaf_146:0-15502
PoolWorker-26 countReadsInRegions_worker: processing 15 (218.4 per sec) @ Ascaf_146:0-15502
PoolWorker-26,  processing 3239 (37838.7 per sec) reads @ Ascaf_36:0-98486
PoolWorker-26 countReadsInRegions_worker: processing 98 (679.6 per sec) @ Ascaf_36:0-98486
PoolWorker-26,  processing 10364 (36011.1 per sec) reads @ Ascaf_48:0-71747
PoolWorker-26 countReadsInRegions_worker: processing 71 (155.0 per sec) @ Ascaf_48:0-71747
PoolWorker-26,  processing 675 (59471.8 per sec) reads @ Ascaf_144:0-15519
PoolWorker-26 countReadsInRegions_worker: processing 15 (233.3 per sec) @ Ascaf_144:0-15519
PoolWorker-26,  processing 302844 (28983.9 per sec) reads @ chr18:10000000-15000000
PoolWorker-26 countReadsInRegions_worker: processing 5000 (466.7 per sec) @ chr18:10000000-15000000
PoolWorker-26,  processing 1478 (39715.2 per sec) reads @ Ascaf_91:0-34837
PoolWorker-26 countReadsInRegions_worker: processing 34 (440.0 per sec) @ Ascaf_91:0-34837
PoolWorker-26,  processing 3037 (45725.6 per sec) reads @ Ascaf_38:0-95573
PoolWorker-26 countReadsInRegions_worker: processing 95 (911.8 per sec) @ Ascaf_38:0-95573
PoolWorker-26,  processing 242405 (30294.1 per sec) reads @ chr2:0-5000000
PoolWorker-26 countReadsInRegions_worker: processing 5000 (613.2 per sec) @ chr2:0-5000000
PoolWorker-26,  processing 933 (59358.8 per sec) reads @ Ascaf_130:0-18457
PoolWorker-26 countReadsInRegions_worker: processing 18 (334.9 per sec) @ Ascaf_130:0-18457
PoolWorker-26,  processing 1963 (29661.5 per sec) reads @ Ascaf_61:0-54508
PoolWorker-26 countReadsInRegions_worker: processing 54 (526.7 per sec) @ Ascaf_61:0-54508
PoolWorker-26,  processing 14365 (33025.7 per sec) reads @ Ascaf_53:0-64139
PoolWorker-26 countReadsInRegions_worker: processing 64 (134.6 per sec) @ Ascaf_53:0-64139
PoolWorker-26,  processing 300548 (29728.3 per sec) reads @ chr12:5000000-10000000
PoolWorker-26 countReadsInRegions_worker: processing 5000 (482.7 per sec) @ chr12:5000000-10000000
PoolWorker-26,  processing 54 (45682.2 per sec) reads @ Ascaf_164:0-1000
PoolWorker-26 countReadsInRegions_worker: processing 1 (24.3 per sec) @ Ascaf_164:0-1000
PoolWorker-26,  processing 262486 (29838.1 per sec) reads @ chr7:20000000-25000000
PoolWorker-26 countReadsInRegions_worker: processing 5000 (559.8 per sec) @ chr7:20000000-25000000
PoolWorker-26,  processing 24 (30494.8 per sec) reads @ Ascaf_165:0-1000
PoolWorker-26 countReadsInRegions_worker: processing 1 (27.6 per sec) @ Ascaf_165:0-1000
PoolWorker-26,  processing 936 (63098.6 per sec) reads @ Ascaf_95:0-33544
PoolWorker-26 countReadsInRegions_worker: processing 33 (640.7 per sec) @ Ascaf_95:0-33544
PoolWorker-26,  processing 223213 (40101.2 per sec) reads @ chr18:0-5000000
PoolWorker-26 countReadsInRegions_worker: processing 5000 (886.4 per sec) @ chr18:0-5000000
PoolWorker-27,  processing 94136 (30442.4 per sec) reads @ chr2:25000000-26977752
PoolWorker-27 countReadsInRegions_worker: processing 1977 (625.1 per sec) @ chr2:25000000-26977752
PoolWorker-27,  processing 247439 (29649.0 per sec) reads @ chr4:0-5000000
PoolWorker-27 countReadsInRegions_worker: processing 5000 (587.4 per sec) @ chr4:0-5000000
PoolWorker-27,  processing 241105 (29578.9 per sec) reads @ chr5:0-5000000
PoolWorker-27 countReadsInRegions_worker: processing 5000 (600.4 per sec) @ chr5:0-5000000
PoolWorker-27,  processing 309861 (29224.8 per sec) reads @ chr4:5000000-10000000
PoolWorker-27 countReadsInRegions_worker: processing 5000 (464.0 per sec) @ chr4:5000000-10000000
PoolWorker-27,  processing 228325 (30152.1 per sec) reads @ chr21:0-5000000
PoolWorker-27 countReadsInRegions_worker: processing 5000 (646.1 per sec) @ chr21:0-5000000
PoolWorker-27,  processing 6882 (39553.5 per sec) reads @ Ascaf_120:0-22000
PoolWorker-27 countReadsInRegions_worker: processing 22 (103.2 per sec) @ Ascaf_120:0-22000
PoolWorker-27,  processing 286769 (30048.7 per sec) reads @ chr4:10000000-15000000
PoolWorker-27 countReadsInRegions_worker: processing 5000 (515.8 per sec) @ chr4:10000000-15000000
PoolWorker-27,  processing 1319 (41920.8 per sec) reads @ Ascaf_31:0-121444
PoolWorker-27 countReadsInRegions_worker: processing 121 (1699.1 per sec) @ Ascaf_31:0-121444
PoolWorker-27,  processing 474 (56780.1 per sec) reads @ Ascaf_138:0-16696
PoolWorker-27 countReadsInRegions_worker: processing 16 (346.3 per sec) @ Ascaf_138:0-16696
PoolWorker-27,  processing 9174 (35424.7 per sec) reads @ Ascaf_34:0-101478
PoolWorker-27 countReadsInRegions_worker: processing 101 (338.7 per sec) @ Ascaf_34:0-101478
PoolWorker-27,  processing 1218 (71511.8 per sec) reads @ Ascaf_114:0-24031
PoolWorker-27 countReadsInRegions_worker: processing 24 (433.5 per sec) @ Ascaf_114:0-24031
PoolWorker-27,  processing 358 (57639.3 per sec) reads @ Ascaf_155:0-6589
PoolWorker-27 countReadsInRegions_worker: processing 6 (136.0 per sec) @ Ascaf_155:0-6589
PoolWorker-27,  processing 269804 (33161.6 per sec) reads @ chr8:0-5000000
PoolWorker-27 countReadsInRegions_worker: processing 5000 (607.8 per sec) @ chr8:0-5000000
PoolWorker-27,  processing 1481 (60422.2 per sec) reads @ Ascaf_108:0-29345
PoolWorker-27 countReadsInRegions_worker: processing 29 (959.9 per sec) @ Ascaf_108:0-29345
PoolWorker-27,  processing 6123 (65769.5 per sec) reads @ Ascaf_72:0-46000
PoolWorker-27 countReadsInRegions_worker: processing 46 (464.1 per sec) @ Ascaf_72:0-46000
PoolWorker-27,  processing 878 (69703.9 per sec) reads @ Ascaf_73:0-44649
PoolWorker-27 countReadsInRegions_worker: processing 44 (2411.7 per sec) @ Ascaf_73:0-44649
PoolWorker-20,  processing 2316 (37005.2 per sec) reads @ Ascaf_75:0-42641
PoolWorker-20 countReadsInRegions_worker: processing 42 (594.2 per sec) @ Ascaf_75:0-42641
PoolWorker-20,  processing 11979 (32743.7 per sec) reads @ chr3:20000000-20313673
PoolWorker-20 countReadsInRegions_worker: processing 313 (825.9 per sec) @ chr3:20000000-20313673
PoolWorker-20,  processing 309224 (29242.4 per sec) reads @ chr11:5000000-10000000
PoolWorker-20 countReadsInRegions_worker: processing 5000 (462.9 per sec) @ chr11:5000000-10000000
PoolWorker-20,  processing 496 (57148.4 per sec) reads @ Ascaf_143:0-15560
PoolWorker-20 countReadsInRegions_worker: processing 15 (217.2 per sec) @ Ascaf_143:0-15560
PoolWorker-20,  processing 14167 (37858.0 per sec) reads @ Ascaf_68:0-47437
PoolWorker-20 countReadsInRegions_worker: processing 47 (107.7 per sec) @ Ascaf_68:0-47437
PoolWorker-20,  processing 298033 (29096.0 per sec) reads @ chr18:5000000-10000000
PoolWorker-20 countReadsInRegions_worker: processing 5000 (479.4 per sec) @ chr18:5000000-10000000
PoolWorker-20,  processing 1167 (19916.7 per sec) reads @ Ascaf_97:0-33357
PoolWorker-20 countReadsInRegions_worker: processing 33 (333.7 per sec) @ Ascaf_97:0-33357
PoolWorker-20,  processing 359 (60826.3 per sec) reads @ Ascaf_139:0-16678
PoolWorker-20 countReadsInRegions_worker: processing 16 (364.6 per sec) @ Ascaf_139:0-16678
PoolWorker-20,  processing 1105 (61608.0 per sec) reads @ Ascaf_85:0-37890
PoolWorker-20 countReadsInRegions_worker: processing 37 (535.9 per sec) @ Ascaf_85:0-37890
PoolWorker-20,  processing 30655 (36737.3 per sec) reads @ Ascaf_119:0-22101
PoolWorker-20 countReadsInRegions_worker: processing 22 (25.1 per sec) @ Ascaf_119:0-22101
PoolWorker-20,  processing 292 (57537.2 per sec) reads @ Ascaf_154:0-6709
PoolWorker-20 countReadsInRegions_worker: processing 6 (135.3 per sec) @ Ascaf_154:0-6709
PoolWorker-20,  processing 172 (59745.0 per sec) reads @ Ascaf_82:0-39089
PoolWorker-20 countReadsInRegions_worker: processing 39 (953.2 per sec) @ Ascaf_82:0-39089
PoolWorker-20,  processing 306091 (29356.6 per sec) reads @ chr19:10000000-15000000
PoolWorker-20 countReadsInRegions_worker: processing 5000 (473.1 per sec) @ chr19:10000000-15000000
PoolWorker-20,  processing 293198 (29729.4 per sec) reads @ chr7:25000000-30000000
PoolWorker-20 countReadsInRegions_worker: processing 5000 (495.0 per sec) @ chr7:25000000-30000000
PoolWorker-20,  processing 6894 (36622.5 per sec) reads @ Ascaf_98:0-33222
PoolWorker-20 countReadsInRegions_worker: processing 33 (143.8 per sec) @ Ascaf_98:0-33222
PoolWorker-20,  processing 6 (10989.4 per sec) reads @ Ascaf_160:0-2000
PoolWorker-20 countReadsInRegions_worker: processing 2 (52.6 per sec) @ Ascaf_160:0-2000
PoolWorker-20,  processing 1217 (52759.4 per sec) reads @ Ascaf_127:0-19159
PoolWorker-20 countReadsInRegions_worker: processing 19 (302.7 per sec) @ Ascaf_127:0-19159
PoolWorker-20,  processing 183 (67877.4 per sec) reads @ Ascaf_122:0-20728
PoolWorker-20 countReadsInRegions_worker: processing 20 (1181.6 per sec) @ Ascaf_122:0-20728
PoolWorker-20,  processing 267284 (30567.8 per sec) reads @ chr1:20000000-25000000
PoolWorker-20 countReadsInRegions_worker: processing 5000 (567.0 per sec) @ chr1:20000000-25000000
PoolWorker-20,  processing 296493 (49988.1 per sec) reads @ chr6:5000000-10000000
PoolWorker-20 countReadsInRegions_worker: processing 5000 (828.8 per sec) @ chr6:5000000-10000000
PoolWorker-31,  processing 8425 (54268.0 per sec) reads @ Ascaf_22:0-446888
PoolWorker-31 countReadsInRegions_worker: processing 446 (2326.5 per sec) @ Ascaf_22:0-446888
PoolWorker-31,  processing 353 (60937.1 per sec) reads @ Ascaf_140:0-15786
PoolWorker-31 countReadsInRegions_worker: processing 15 (269.9 per sec) @ Ascaf_140:0-15786
PoolWorker-31,  processing 330 (62418.1 per sec) reads @ Ascaf_128:0-19120
PoolWorker-31 countReadsInRegions_worker: processing 19 (290.4 per sec) @ Ascaf_128:0-19120
PoolWorker-31,  processing 294270 (28544.1 per sec) reads @ chr16:5000000-10000000
PoolWorker-31 countReadsInRegions_worker: processing 5000 (473.6 per sec) @ chr16:5000000-10000000
PoolWorker-31,  processing 280580 (29874.6 per sec) reads @ chr16:15000000-20000000
PoolWorker-31 countReadsInRegions_worker: processing 5000 (523.3 per sec) @ chr16:15000000-20000000
PoolWorker-31,  processing 4755 (39244.1 per sec) reads @ Ascaf_96:0-33398
PoolWorker-31 countReadsInRegions_worker: processing 33 (188.4 per sec) @ Ascaf_96:0-33398
PoolWorker-31,  processing 259531 (29996.6 per sec) reads @ chr2:20000000-25000000
PoolWorker-31 countReadsInRegions_worker: processing 5000 (568.6 per sec) @ chr2:20000000-25000000
PoolWorker-31,  processing 5240 (38372.8 per sec) reads @ Ascaf_89:0-36000
PoolWorker-31 countReadsInRegions_worker: processing 36 (203.2 per sec) @ Ascaf_89:0-36000
PoolWorker-31,  processing 2012 (48572.0 per sec) reads @ Ascaf_52:0-64568
PoolWorker-31 countReadsInRegions_worker: processing 64 (807.8 per sec) @ Ascaf_52:0-64568
PoolWorker-31,  processing 4079 (37423.1 per sec) reads @ Ascaf_110:0-27536
PoolWorker-31 countReadsInRegions_worker: processing 27 (183.0 per sec) @ Ascaf_110:0-27536
PoolWorker-31,  processing 103 (52878.0 per sec) reads @ Ascaf_157:0-3527
PoolWorker-31 countReadsInRegions_worker: processing 3 (74.7 per sec) @ Ascaf_157:0-3527
PoolWorker-31,  processing 303602 (29006.4 per sec) reads @ chr20:5000000-10000000
PoolWorker-31 countReadsInRegions_worker: processing 5000 (466.9 per sec) @ chr20:5000000-10000000
PoolWorker-31,  processing 40546 (33360.8 per sec) reads @ Ascaf_32:0-110405
PoolWorker-31 countReadsInRegions_worker: processing 110 (86.4 per sec) @ Ascaf_32:0-110405
PoolWorker-31,  processing 298355 (28961.3 per sec) reads @ chr9:15000000-20000000
PoolWorker-31 countReadsInRegions_worker: processing 5000 (477.9 per sec) @ chr9:15000000-20000000
PoolWorker-31,  processing 1810 (43729.4 per sec) reads @ Ascaf_69:0-44691
PoolWorker-31 countReadsInRegions_worker: processing 44 (538.9 per sec) @ Ascaf_69:0-44691
PoolWorker-31,  processing 296077 (46856.6 per sec) reads @ chr14:5000000-10000000
PoolWorker-31 countReadsInRegions_worker: processing 5000 (772.8 per sec) @ chr14:5000000-10000000
PoolWorker-32,  processing 271 (64524.1 per sec) reads @ Ascaf_54:0-60000
PoolWorker-32 countReadsInRegions_worker: processing 60 (2216.1 per sec) @ Ascaf_54:0-60000
PoolWorker-32,  processing 213780 (31611.9 per sec) reads @ chr5:15000000-18670498
PoolWorker-32 countReadsInRegions_worker: processing 3670 (528.0 per sec) @ chr5:15000000-18670498
PoolWorker-32,  processing 593 (58993.4 per sec) reads @ Ascaf_152:0-12206
PoolWorker-32 countReadsInRegions_worker: processing 12 (169.2 per sec) @ Ascaf_152:0-12206
PoolWorker-32,  processing 951 (56976.9 per sec) reads @ Ascaf_121:0-21431
PoolWorker-32 countReadsInRegions_worker: processing 21 (279.2 per sec) @ Ascaf_121:0-21431
PoolWorker-32,  processing 1013 (60698.4 per sec) reads @ Ascaf_81:0-40000
PoolWorker-32 countReadsInRegions_worker: processing 40 (525.9 per sec) @ Ascaf_81:0-40000
PoolWorker-32,  processing 287997 (29831.8 per sec) reads @ chr13:15000000-20000000
PoolWorker-32 countReadsInRegions_worker: processing 5000 (505.3 per sec) @ chr13:15000000-20000000
PoolWorker-32,  processing 302570 (28905.5 per sec) reads @ chr10:5000000-10000000
PoolWorker-32 countReadsInRegions_worker: processing 5000 (467.8 per sec) @ chr10:5000000-10000000
PoolWorker-32,  processing 3936 (35944.2 per sec) reads @ Ascaf_23:0-264707
PoolWorker-32 countReadsInRegions_worker: processing 264 (1762.1 per sec) @ Ascaf_23:0-264707
PoolWorker-32,  processing 1742 (43941.1 per sec) reads @ Ascaf_64:0-51000
PoolWorker-32 countReadsInRegions_worker: processing 51 (661.6 per sec) @ Ascaf_64:0-51000
PoolWorker-32,  processing 1921 (45478.1 per sec) reads @ Ascaf_37:0-98231
PoolWorker-32 countReadsInRegions_worker: processing 98 (1221.3 per sec) @ Ascaf_37:0-98231
PoolWorker-32,  processing 207872 (30084.4 per sec) reads @ chr11:15000000-19299255
PoolWorker-32 countReadsInRegions_worker: processing 4299 (611.9 per sec) @ chr11:15000000-19299255
PoolWorker-32,  processing 285353 (29041.9 per sec) reads @ chr7:5000000-10000000
PoolWorker-32 countReadsInRegions_worker: processing 5000 (498.1 per sec) @ chr7:5000000-10000000
PoolWorker-32,  processing 156 (55062.8 per sec) reads @ Ascaf_168:0-25000
PoolWorker-32 countReadsInRegions_worker: processing 25 (609.7 per sec) @ Ascaf_168:0-25000
PoolWorker-32,  processing 189 (58934.2 per sec) reads @ Ascaf_102:0-31073
PoolWorker-32 countReadsInRegions_worker: processing 31 (747.6 per sec) @ Ascaf_102:0-31073
PoolWorker-32,  processing 1985 (48709.3 per sec) reads @ Ascaf_84:0-38148
PoolWorker-32 countReadsInRegions_worker: processing 38 (480.8 per sec) @ Ascaf_84:0-38148
PoolWorker-32,  processing 221 (62307.0 per sec) reads @ Ascaf_118:0-22120
PoolWorker-32 countReadsInRegions_worker: processing 22 (509.5 per sec) @ Ascaf_118:0-22120
PoolWorker-32,  processing 1277 (36913.1 per sec) reads @ Ascaf_109:0-28244
PoolWorker-32 countReadsInRegions_worker: processing 28 (387.7 per sec) @ Ascaf_109:0-28244
PoolWorker-32,  processing 299018 (31812.1 per sec) reads @ chr11:10000000-15000000
PoolWorker-32 countReadsInRegions_worker: processing 5000 (523.9 per sec) @ chr11:10000000-15000000
PoolWorker-32,  processing 300805 (50538.3 per sec) reads @ chr16:10000000-15000000
PoolWorker-32 countReadsInRegions_worker: processing 5000 (826.6 per sec) @ chr16:10000000-15000000
PoolWorker-32,  processing 814 (61536.4 per sec) reads @ Ascaf_167:0-25000
PoolWorker-32 countReadsInRegions_worker: processing 25 (1337.8 per sec) @ Ascaf_167:0-25000
PoolWorker-23,  processing 714 (27624.1 per sec) reads @ Ascaf_103:0-30986
PoolWorker-23 countReadsInRegions_worker: processing 30 (459.4 per sec) @ Ascaf_103:0-30986
PoolWorker-23,  processing 264 (60481.6 per sec) reads @ Ascaf_142:0-15730
PoolWorker-23 countReadsInRegions_worker: processing 15 (296.2 per sec) @ Ascaf_142:0-15730
PoolWorker-23,  processing 310914 (29291.5 per sec) reads @ chr15:5000000-10000000
PoolWorker-23 countReadsInRegions_worker: processing 5000 (461.4 per sec) @ chr15:5000000-10000000
PoolWorker-23,  processing 291592 (29724.4 per sec) reads @ chr1:15000000-20000000
PoolWorker-23 countReadsInRegions_worker: processing 5000 (501.4 per sec) @ chr1:15000000-20000000
PoolWorker-23,  processing 930 (54955.0 per sec) reads @ Ascaf_116:0-22916
PoolWorker-23 countReadsInRegions_worker: processing 22 (284.3 per sec) @ Ascaf_116:0-22916
PoolWorker-23,  processing 242578 (30289.8 per sec) reads @ chr21:15000000-19873525
PoolWorker-23 countReadsInRegions_worker: processing 4873 (598.2 per sec) @ chr21:15000000-19873525
PoolWorker-23,  processing 192243 (31084.2 per sec) reads @ chr1:30000000-33917795
PoolWorker-23 countReadsInRegions_worker: processing 3917 (621.6 per sec) @ chr1:30000000-33917795
PoolWorker-23,  processing 1466 (39236.9 per sec) reads @ Ascaf_100:0-32247
PoolWorker-23 countReadsInRegions_worker: processing 32 (415.4 per sec) @ Ascaf_100:0-32247
PoolWorker-23,  processing 263131 (30999.1 per sec) reads @ chr1:0-5000000
PoolWorker-23 countReadsInRegions_worker: processing 5000 (579.5 per sec) @ chr1:0-5000000
PoolWorker-23,  processing 270751 (30999.7 per sec) reads @ chr10:10000000-15000000
PoolWorker-23 countReadsInRegions_worker: processing 5000 (562.8 per sec) @ chr10:10000000-15000000
PoolWorker-23,  processing 56621 (39549.5 per sec) reads @ Ascaf_41:0-90399
PoolWorker-23 countReadsInRegions_worker: processing 90 (60.6 per sec) @ Ascaf_41:0-90399
PoolWorker-23,  processing 308866 (52895.0 per sec) reads @ chr1:10000000-15000000
PoolWorker-23 countReadsInRegions_worker: processing 5000 (837.1 per sec) @ chr1:10000000-15000000
PoolWorker-29,  processing 3073 (68148.0 per sec) reads @ Ascaf_124:0-19772
PoolWorker-29 countReadsInRegions_worker: processing 19 (363.3 per sec) @ Ascaf_124:0-19772
PoolWorker-29,  processing 106735 (31223.6 per sec) reads @ chr16:20000000-22188971
PoolWorker-29 countReadsInRegions_worker: processing 2188 (628.0 per sec) @ chr16:20000000-22188971
PoolWorker-29,  processing 1943 (29127.4 per sec) reads @ Ascaf_77:0-41997
PoolWorker-29 countReadsInRegions_worker: processing 41 (328.7 per sec) @ Ascaf_77:0-41997
PoolWorker-29,  processing 251305 (30064.7 per sec) reads @ chr6:0-5000000
PoolWorker-29 countReadsInRegions_worker: processing 5000 (587.6 per sec) @ chr6:0-5000000
PoolWorker-29,  processing 241514 (30365.5 per sec) reads @ chr20:0-5000000
PoolWorker-29 countReadsInRegions_worker: processing 5000 (617.2 per sec) @ chr20:0-5000000
PoolWorker-29,  processing 281897 (29518.7 per sec) reads @ chr13:5000000-10000000
PoolWorker-29 countReadsInRegions_worker: processing 5000 (515.4 per sec) @ chr13:5000000-10000000
PoolWorker-29,  processing 303 (61176.2 per sec) reads @ Ascaf_111:0-25158
PoolWorker-29 countReadsInRegions_worker: processing 25 (561.1 per sec) @ Ascaf_111:0-25158
PoolWorker-29,  processing 292556 (29569.2 per sec) reads @ chr2:5000000-10000000
PoolWorker-29 countReadsInRegions_worker: processing 5000 (492.2 per sec) @ chr2:5000000-10000000
PoolWorker-29,  processing 175600 (30684.6 per sec) reads @ chr18:15000000-18483836
PoolWorker-29 countReadsInRegions_worker: processing 3483 (596.7 per sec) @ chr18:15000000-18483836
PoolWorker-29,  processing 781 (30935.4 per sec) reads @ Ascaf_131:0-18319
PoolWorker-29 countReadsInRegions_worker: processing 18 (332.5 per sec) @ Ascaf_131:0-18319
PoolWorker-29,  processing 295924 (32578.7 per sec) reads @ chr17:5000000-10000000
PoolWorker-29 countReadsInRegions_worker: processing 5000 (541.4 per sec) @ chr17:5000000-10000000
PoolWorker-29,  processing 324726 (53299.6 per sec) reads @ chr13:10000000-15000000
PoolWorker-29 countReadsInRegions_worker: processing 5000 (800.0 per sec) @ chr13:10000000-15000000
PoolWorker-28,  processing 4168 (49258.4 per sec) reads @ Ascaf_90:0-35566
PoolWorker-28 countReadsInRegions_worker: processing 35 (303.0 per sec) @ Ascaf_90:0-35566
PoolWorker-28,  processing 2278 (30608.4 per sec) reads @ Ascaf_76:0-42514
PoolWorker-28 countReadsInRegions_worker: processing 42 (378.0 per sec) @ Ascaf_76:0-42514
PoolWorker-28,  processing 293997 (29717.5 per sec) reads @ chr3:5000000-10000000
PoolWorker-28 countReadsInRegions_worker: processing 5000 (492.0 per sec) @ chr3:5000000-10000000
PoolWorker-28,  processing 4454 (37755.4 per sec) reads @ Ascaf_79:0-41364
PoolWorker-28 countReadsInRegions_worker: processing 41 (229.2 per sec) @ Ascaf_79:0-41364
PoolWorker-28,  processing 196 (48289.7 per sec) reads @ Ascaf_158:0-3231
PoolWorker-28 countReadsInRegions_worker: processing 3 (47.6 per sec) @ Ascaf_158:0-3231
PoolWorker-28,  processing 1806 (42658.7 per sec) reads @ Ascaf_67:0-40269
PoolWorker-28 countReadsInRegions_worker: processing 40 (389.2 per sec) @ Ascaf_67:0-40269
PoolWorker-28,  processing 1117 (61709.4 per sec) reads @ Ascaf_169:0-50000
PoolWorker-28 countReadsInRegions_worker: processing 50 (639.4 per sec) @ Ascaf_169:0-50000
PoolWorker-28,  processing 269766 (29014.7 per sec) reads @ chr19:5000000-10000000
PoolWorker-28 countReadsInRegions_worker: processing 5000 (528.1 per sec) @ chr19:5000000-10000000
PoolWorker-28,  processing 1038 (33595.6 per sec) reads @ Ascaf_141:0-15738
PoolWorker-28 countReadsInRegions_worker: processing 15 (216.7 per sec) @ Ascaf_141:0-15738
PoolWorker-28,  processing 250664 (29808.8 per sec) reads @ chr3:0-5000000
PoolWorker-28 countReadsInRegions_worker: processing 5000 (587.3 per sec) @ chr3:0-5000000
PoolWorker-28,  processing 2665 (32632.5 per sec) reads @ Ascaf_166:0-50000
PoolWorker-28 countReadsInRegions_worker: processing 50 (567.4 per sec) @ Ascaf_166:0-50000
PoolWorker-28,  processing 827 (55867.3 per sec) reads @ Ascaf_147:0-15099
PoolWorker-28 countReadsInRegions_worker: processing 15 (275.4 per sec) @ Ascaf_147:0-15099
PoolWorker-28,  processing 11644 (36763.9 per sec) reads @ Ascaf_43:0-83995
PoolWorker-28 countReadsInRegions_worker: processing 83 (231.7 per sec) @ Ascaf_43:0-83995
PoolWorker-28,  processing 1559 (39424.6 per sec) reads @ Ascaf_101:0-31946
PoolWorker-28 countReadsInRegions_worker: processing 31 (397.5 per sec) @ Ascaf_101:0-31946
PoolWorker-28,  processing 255511 (30325.2 per sec) reads @ chr7:15000000-20000000
PoolWorker-28 countReadsInRegions_worker: processing 5000 (577.5 per sec) @ chr7:15000000-20000000
PoolWorker-28,  processing 23611 (29878.1 per sec) reads @ Ascaf_59:0-57475
PoolWorker-28 countReadsInRegions_worker: processing 57 (68.5 per sec) @ Ascaf_59:0-57475
PoolWorker-28,  processing 4956 (41226.5 per sec) reads @ Ascaf_30:0-130979
PoolWorker-28 countReadsInRegions_worker: processing 130 (815.5 per sec) @ Ascaf_30:0-130979
PoolWorker-28,  processing 314392 (30447.4 per sec) reads @ chr7:10000000-15000000
PoolWorker-28 countReadsInRegions_worker: processing 5000 (476.3 per sec) @ chr7:10000000-15000000
PoolWorker-28,  processing 4310 (31140.7 per sec) reads @ Ascaf_40:0-90738
PoolWorker-28 countReadsInRegions_worker: processing 90 (508.5 per sec) @ Ascaf_40:0-90738
PoolWorker-28,  processing 848 (60112.0 per sec) reads @ Ascaf_123:0-20153
PoolWorker-28 countReadsInRegions_worker: processing 20 (380.9 per sec) @ Ascaf_123:0-20153
PoolWorker-28,  processing 4926 (40971.8 per sec) reads @ Ascaf_33:0-106103
PoolWorker-28 countReadsInRegions_worker: processing 106 (663.6 per sec) @ Ascaf_33:0-106103
PoolWorker-28,  processing 3022 (44652.6 per sec) reads @ Ascaf_137:0-17000
PoolWorker-28 countReadsInRegions_worker: processing 17 (159.8 per sec) @ Ascaf_137:0-17000
PoolWorker-28,  processing 280341 (38826.1 per sec) reads @ chr13:0-5000000
PoolWorker-28 countReadsInRegions_worker: processing 5000 (683.5 per sec) @ chr13:0-5000000
PoolWorker-28,  processing 296696 (59799.6 per sec) reads @ chr9:5000000-10000000
PoolWorker-28 countReadsInRegions_worker: processing 5000 (994.4 per sec) @ chr9:5000000-10000000
PoolWorker-19,  processing 1261 (60144.8 per sec) reads @ Ascaf_134:0-17659
PoolWorker-19 countReadsInRegions_worker: processing 17 (599.7 per sec) @ Ascaf_134:0-17659
PoolWorker-19,  processing 261926 (29460.3 per sec) reads @ chr11:0-5000000
PoolWorker-19 countReadsInRegions_worker: processing 5000 (550.3 per sec) @ chr11:0-5000000
PoolWorker-19,  processing 212724 (31104.4 per sec) reads @ chr12:20000000-23704847
PoolWorker-19 countReadsInRegions_worker: processing 3704 (528.6 per sec) @ chr12:20000000-23704847
PoolWorker-19,  processing 1322 (38415.6 per sec) reads @ Ascaf_80:0-41014
PoolWorker-19 countReadsInRegions_worker: processing 41 (543.9 per sec) @ Ascaf_80:0-41014
PoolWorker-19,  processing 3857 (43250.1 per sec) reads @ Ascaf_113:0-24387
PoolWorker-19 countReadsInRegions_worker: processing 24 (189.1 per sec) @ Ascaf_113:0-24387
PoolWorker-19,  processing 10669 (38239.9 per sec) reads @ Ascaf_42:0-86089
PoolWorker-19 countReadsInRegions_worker: processing 86 (276.3 per sec) @ Ascaf_42:0-86089
PoolWorker-19,  processing 4889 (40973.9 per sec) reads @ Ascaf_28:0-145740
PoolWorker-19 countReadsInRegions_worker: processing 145 (919.5 per sec) @ Ascaf_28:0-145740
PoolWorker-19,  processing 302256 (29619.9 per sec) reads @ chr8:5000000-10000000
PoolWorker-19 countReadsInRegions_worker: processing 5000 (478.2 per sec) @ chr8:5000000-10000000
PoolWorker-19,  processing 2618 (15335.0 per sec) reads @ Ascaf_71:0-32519
PoolWorker-19 countReadsInRegions_worker: processing 32 (152.0 per sec) @ Ascaf_71:0-32519
PoolWorker-19,  processing 689 (33063.0 per sec) reads @ Ascaf_135:0-17087
PoolWorker-19 countReadsInRegions_worker: processing 17 (452.7 per sec) @ Ascaf_135:0-17087
PoolWorker-19,  processing 305484 (30618.3 per sec) reads @ chr9:0-5000000
PoolWorker-19 countReadsInRegions_worker: processing 5000 (494.0 per sec) @ chr9:0-5000000
PoolWorker-19,  processing 304699 (29779.6 per sec) reads @ chr15:10000000-15000000
PoolWorker-19 countReadsInRegions_worker: processing 5000 (479.3 per sec) @ chr15:10000000-15000000
PoolWorker-19,  processing 1310 (44858.1 per sec) reads @ Ascaf_44:0-77777
PoolWorker-19 countReadsInRegions_worker: processing 77 (1166.9 per sec) @ Ascaf_44:0-77777
PoolWorker-19,  processing 321043 (36583.7 per sec) reads @ chr2:10000000-15000000
PoolWorker-19 countReadsInRegions_worker: processing 5000 (558.9 per sec) @ chr2:10000000-15000000
PoolWorker-19,  processing 4093 (70622.6 per sec) reads @ Ascaf_29:0-143722
PoolWorker-19 countReadsInRegions_worker: processing 143 (2058.0 per sec) @ Ascaf_29:0-143722
PoolWorker-19,  processing 321737 (59474.0 per sec) reads @ chr9:10000000-15000000
PoolWorker-19 countReadsInRegions_worker: processing 5000 (902.8 per sec) @ chr9:10000000-15000000
PoolWorker-17,  processing 2697 (30023.1 per sec) reads @ Ascaf_58:0-57612
PoolWorker-17 countReadsInRegions_worker: processing 57 (581.1 per sec) @ Ascaf_58:0-57612
PoolWorker-17,  processing 1504 (20210.7 per sec) reads @ Ascaf_66:0-47454
PoolWorker-17 countReadsInRegions_worker: processing 47 (450.3 per sec) @ Ascaf_66:0-47454
PoolWorker-17,  processing 2987 (25957.0 per sec) reads @ Ascaf_51:0-70629
PoolWorker-17 countReadsInRegions_worker: processing 70 (491.2 per sec) @ Ascaf_51:0-70629
PoolWorker-17,  processing 2460 (39069.2 per sec) reads @ Ascaf_148:0-14976
PoolWorker-17 countReadsInRegions_worker: processing 14 (111.8 per sec) @ Ascaf_148:0-14976
PoolWorker-17,  processing 269602 (28246.2 per sec) reads @ chr4:35000000-40000000
PoolWorker-17 countReadsInRegions_worker: processing 5000 (511.6 per sec) @ chr4:35000000-40000000
PoolWorker-17,  processing 279733 (30118.6 per sec) reads @ chr5:10000000-15000000
PoolWorker-17 countReadsInRegions_worker: processing 5000 (527.6 per sec) @ chr5:10000000-15000000
PoolWorker-17,  processing 304866 (30794.2 per sec) reads @ chr19:0-5000000
PoolWorker-17 countReadsInRegions_worker: processing 5000 (494.5 per sec) @ chr19:0-5000000
PoolWorker-17,  processing 2001 (34180.0 per sec) reads @ Ascaf_87:0-36937
PoolWorker-17 countReadsInRegions_worker: processing 36 (371.2 per sec) @ Ascaf_87:0-36937
PoolWorker-17,  processing 1516 (38510.4 per sec) reads @ Ascaf_99:0-33167
PoolWorker-17 countReadsInRegions_worker: processing 33 (425.3 per sec) @ Ascaf_99:0-33167
PoolWorker-17,  processing 308580 (29578.1 per sec) reads @ chr3:10000000-15000000
PoolWorker-17 countReadsInRegions_worker: processing 5000 (471.7 per sec) @ chr3:10000000-15000000
PoolWorker-17,  processing 324522 (28690.9 per sec) reads @ chr17:15000000-20000000
PoolWorker-17 countReadsInRegions_worker: processing 5000 (435.4 per sec) @ chr17:15000000-20000000
PoolWorker-17,  processing 2917 (33107.4 per sec) reads @ Ascaf_47:0-72017
PoolWorker-17 countReadsInRegions_worker: processing 72 (568.4 per sec) @ Ascaf_47:0-72017
PoolWorker-17,  processing 13989 (35617.3 per sec) reads @ Ascaf_25:0-178627
PoolWorker-17 countReadsInRegions_worker: processing 178 (413.1 per sec) @ Ascaf_25:0-178627
PoolWorker-17,  processing 280651 (43383.2 per sec) reads @ chr20:15000000-20000000
PoolWorker-17 countReadsInRegions_worker: processing 5000 (760.2 per sec) @ chr20:15000000-20000000
PoolWorker-17,  processing 58186 (61850.5 per sec) reads @ chr6:20000000-21248438
PoolWorker-17 countReadsInRegions_worker: processing 1248 (1304.7 per sec) @ chr6:20000000-21248438
PoolWorker-17,  processing 278315 (64409.8 per sec) reads @ chr21:10000000-15000000
PoolWorker-17 countReadsInRegions_worker: processing 5000 (1136.3 per sec) @ chr21:10000000-15000000
output file: /storage/scratch/iee/dj20y461/Stickleback/Y_comp/Sex_chrom_stats/Read_depths/Gw/depths/2003QE_F_5.1kb.RPKM.depth
