genome partition size for multiprocessing: 1000000
using 16 processors for 657 number of tasks
Final scaling factor: 0.00699034924267
PoolWorker-32,  processing 10818 (38486.3 per sec) reads @ Ascaf_69:0-44691
PoolWorker-32 countReadsInRegions_worker: processing 44 (140.8 per sec) @ Ascaf_69:0-44691
PoolWorker-32,  processing 1285183 (33164.1 per sec) reads @ chr2:0-5000000
PoolWorker-32 countReadsInRegions_worker: processing 5000 (125.9 per sec) @ chr2:0-5000000
PoolWorker-32,  processing 33621 (35520.7 per sec) reads @ Ascaf_37:0-98231
PoolWorker-32 countReadsInRegions_worker: processing 98 (99.6 per sec) @ Ascaf_37:0-98231
PoolWorker-32,  processing 569182 (33879.9 per sec) reads @ chr16:20000000-22188971
PoolWorker-32 countReadsInRegions_worker: processing 2188 (127.6 per sec) @ chr16:20000000-22188971
PoolWorker-32,  processing 6722 (36390.8 per sec) reads @ Ascaf_111:0-25158
PoolWorker-32 countReadsInRegions_worker: processing 25 (109.5 per sec) @ Ascaf_111:0-25158
PoolWorker-32,  processing 1348967 (34930.9 per sec) reads @ chr12:15000000-20000000
PoolWorker-32 countReadsInRegions_worker: processing 5000 (127.3 per sec) @ chr12:15000000-20000000
PoolWorker-32,  processing 231437 (34959.2 per sec) reads @ chr4:40000000-40647937
PoolWorker-32 countReadsInRegions_worker: processing 647 (96.0 per sec) @ chr4:40000000-40647937
PoolWorker-32,  processing 81946 (37617.6 per sec) reads @ Ascaf_119:0-22101
PoolWorker-32 countReadsInRegions_worker: processing 22 (9.8 per sec) @ Ascaf_119:0-22101
PoolWorker-32,  processing 1301218 (34115.9 per sec) reads @ chr11:0-5000000
PoolWorker-32 countReadsInRegions_worker: processing 5000 (129.5 per sec) @ chr11:0-5000000
PoolWorker-32,  processing 30183 (37655.5 per sec) reads @ Ascaf_73:0-44649
PoolWorker-32 countReadsInRegions_worker: processing 44 (51.1 per sec) @ Ascaf_73:0-44649
PoolWorker-32,  processing 1288198 (34895.8 per sec) reads @ chr7:25000000-30000000
PoolWorker-32 countReadsInRegions_worker: processing 5000 (133.1 per sec) @ chr7:25000000-30000000
PoolWorker-32,  processing 1006913 (34089.6 per sec) reads @ chr7:30000000-33914388
PoolWorker-32 countReadsInRegions_worker: processing 3914 (130.3 per sec) @ chr7:30000000-33914388
PoolWorker-32,  processing 20559 (37810.4 per sec) reads @ Ascaf_59:0-57475
PoolWorker-32 countReadsInRegions_worker: processing 57 (97.2 per sec) @ Ascaf_59:0-57475
PoolWorker-32,  processing 434 (57196.3 per sec) reads @ Ascaf_164:0-1000
PoolWorker-32 countReadsInRegions_worker: processing 1 (19.9 per sec) @ Ascaf_164:0-1000
PoolWorker-32,  processing 2439 (39915.5 per sec) reads @ Ascaf_140:0-15786
PoolWorker-32 countReadsInRegions_worker: processing 15 (147.4 per sec) @ Ascaf_140:0-15786
PoolWorker-32,  processing 4923 (36377.7 per sec) reads @ Ascaf_121:0-21431
PoolWorker-32 countReadsInRegions_worker: processing 21 (119.1 per sec) @ Ascaf_121:0-21431
PoolWorker-32,  processing 18179 (34800.2 per sec) reads @ Ascaf_166:0-50000
PoolWorker-32 countReadsInRegions_worker: processing 50 (88.4 per sec) @ Ascaf_166:0-50000
PoolWorker-32,  processing 18841 (32232.1 per sec) reads @ Ascaf_51:0-70629
PoolWorker-32 countReadsInRegions_worker: processing 70 (111.5 per sec) @ Ascaf_51:0-70629
PoolWorker-32,  processing 10787 (36663.5 per sec) reads @ Ascaf_161:0-1000
PoolWorker-32 countReadsInRegions_worker: processing 1 (3.0 per sec) @ Ascaf_161:0-1000
PoolWorker-32,  processing 64399 (35223.0 per sec) reads @ Ascaf_75:0-42641
PoolWorker-32 countReadsInRegions_worker: processing 42 (22.2 per sec) @ Ascaf_75:0-42641
PoolWorker-26,  processing 1425459 (33671.8 per sec) reads @ chr1:25000000-30000000
PoolWorker-26 countReadsInRegions_worker: processing 5000 (115.2 per sec) @ chr1:25000000-30000000
PoolWorker-26,  processing 281 (58859.3 per sec) reads @ Ascaf_162:0-1000
PoolWorker-26 countReadsInRegions_worker: processing 1 (22.2 per sec) @ Ascaf_162:0-1000
PoolWorker-26,  processing 1385522 (34685.4 per sec) reads @ chr13:15000000-20000000
PoolWorker-26 countReadsInRegions_worker: processing 5000 (122.9 per sec) @ chr13:15000000-20000000
PoolWorker-26,  processing 3456 (38708.0 per sec) reads @ Ascaf_146:0-15502
PoolWorker-26 countReadsInRegions_worker: processing 15 (113.1 per sec) @ Ascaf_146:0-15502
PoolWorker-26,  processing 163565 (37231.9 per sec) reads @ Ascaf_27:0-155775
PoolWorker-26 countReadsInRegions_worker: processing 155 (34.5 per sec) @ Ascaf_27:0-155775
PoolWorker-26,  processing 1329278 (34521.2 per sec) reads @ chr3:10000000-15000000
PoolWorker-26 countReadsInRegions_worker: processing 5000 (127.9 per sec) @ chr3:10000000-15000000
PoolWorker-26,  processing 7318 (38111.0 per sec) reads @ Ascaf_109:0-28244
PoolWorker-26 countReadsInRegions_worker: processing 28 (119.1 per sec) @ Ascaf_109:0-28244
PoolWorker-26,  processing 853 (71036.3 per sec) reads @ Ascaf_158:0-3231
PoolWorker-26 countReadsInRegions_worker: processing 3 (54.9 per sec) @ Ascaf_158:0-3231
PoolWorker-26,  processing 37424 (37519.0 per sec) reads @ Ascaf_48:0-71747
PoolWorker-26 countReadsInRegions_worker: processing 71 (67.9 per sec) @ Ascaf_48:0-71747
PoolWorker-26,  processing 1301384 (35300.8 per sec) reads @ chr8:5000000-10000000
PoolWorker-26 countReadsInRegions_worker: processing 5000 (133.4 per sec) @ chr8:5000000-10000000
PoolWorker-26,  processing 1344035 (34600.8 per sec) reads @ chr11:5000000-10000000
PoolWorker-26 countReadsInRegions_worker: processing 5000 (126.6 per sec) @ chr11:5000000-10000000
PoolWorker-26,  processing 21084 (37723.6 per sec) reads @ Ascaf_129:0-19000
PoolWorker-26 countReadsInRegions_worker: processing 19 (31.5 per sec) @ Ascaf_129:0-19000
PoolWorker-26,  processing 3773 (41009.1 per sec) reads @ Ascaf_144:0-15519
PoolWorker-26 countReadsInRegions_worker: processing 15 (111.1 per sec) @ Ascaf_144:0-15519
PoolWorker-26,  processing 14055 (37813.5 per sec) reads @ Ascaf_56:0-58445
PoolWorker-26 countReadsInRegions_worker: processing 58 (140.2 per sec) @ Ascaf_56:0-58445
PoolWorker-26,  processing 426881 (38004.4 per sec) reads @ Ascaf_42:0-86089
PoolWorker-26 countReadsInRegions_worker: processing 86 (7.5 per sec) @ Ascaf_42:0-86089
PoolWorker-26,  processing 61988 (43573.4 per sec) reads @ Ascaf_72:0-46000
PoolWorker-26 countReadsInRegions_worker: processing 46 (30.9 per sec) @ Ascaf_72:0-46000
PoolWorker-28,  processing 1397654 (33765.9 per sec) reads @ chr1:15000000-20000000
PoolWorker-28 countReadsInRegions_worker: processing 5000 (117.7 per sec) @ chr1:15000000-20000000
PoolWorker-28,  processing 1560803 (34920.3 per sec) reads @ chr20:0-5000000
PoolWorker-28 countReadsInRegions_worker: processing 5000 (109.8 per sec) @ chr20:0-5000000
PoolWorker-28,  processing 1327506 (34840.3 per sec) reads @ chr12:10000000-15000000
PoolWorker-28 countReadsInRegions_worker: processing 5000 (129.1 per sec) @ chr12:10000000-15000000
PoolWorker-28,  processing 10407 (27046.8 per sec) reads @ Ascaf_80:0-41014
PoolWorker-28 countReadsInRegions_worker: processing 41 (95.5 per sec) @ Ascaf_80:0-41014
PoolWorker-28,  processing 69750 (37641.2 per sec) reads @ Ascaf_124:0-19772
PoolWorker-28 countReadsInRegions_worker: processing 19 (9.9 per sec) @ Ascaf_124:0-19772
PoolWorker-28,  processing 10602 (33968.9 per sec) reads @ Ascaf_87:0-36937
PoolWorker-28 countReadsInRegions_worker: processing 36 (101.7 per sec) @ Ascaf_87:0-36937
PoolWorker-28,  processing 3853 (42001.5 per sec) reads @ Ascaf_116:0-22916
PoolWorker-28 countReadsInRegions_worker: processing 22 (166.3 per sec) @ Ascaf_116:0-22916
PoolWorker-28,  processing 4787 (36125.1 per sec) reads @ Ascaf_135:0-17087
PoolWorker-28 countReadsInRegions_worker: processing 17 (97.9 per sec) @ Ascaf_135:0-17087
PoolWorker-28,  processing 3990 (37175.1 per sec) reads @ Ascaf_82:0-39089
PoolWorker-28 countReadsInRegions_worker: processing 39 (262.9 per sec) @ Ascaf_82:0-39089
PoolWorker-28,  processing 10681 (38879.2 per sec) reads @ Ascaf_83:0-38959
PoolWorker-28 countReadsInRegions_worker: processing 38 (115.2 per sec) @ Ascaf_83:0-38959
PoolWorker-28,  processing 21725 (35683.5 per sec) reads @ Ascaf_46:0-73387
PoolWorker-28 countReadsInRegions_worker: processing 73 (111.8 per sec) @ Ascaf_46:0-73387
PoolWorker-28,  processing 1294131 (34553.3 per sec) reads @ chr5:5000000-10000000
PoolWorker-28 countReadsInRegions_worker: processing 5000 (131.3 per sec) @ chr5:5000000-10000000
PoolWorker-28,  processing 11631 (35342.1 per sec) reads @ Ascaf_63:0-51776
PoolWorker-28 countReadsInRegions_worker: processing 51 (137.3 per sec) @ Ascaf_63:0-51776
PoolWorker-28,  processing 734390 (35072.2 per sec) reads @ chr19:15000000-20000000
PoolWorker-28 countReadsInRegions_worker: processing 5000 (235.0 per sec) @ chr19:15000000-20000000
PoolWorker-28,  processing 5203 (37193.3 per sec) reads @ Ascaf_60:0-24766
PoolWorker-28 countReadsInRegions_worker: processing 24 (132.4 per sec) @ Ascaf_60:0-24766
PoolWorker-28,  processing 5641 (38948.6 per sec) reads @ Ascaf_54:0-60000
PoolWorker-28 countReadsInRegions_worker: processing 60 (302.1 per sec) @ Ascaf_54:0-60000
PoolWorker-28,  processing 4039 (17036.2 per sec) reads @ Ascaf_131:0-18319
PoolWorker-28 countReadsInRegions_worker: processing 18 (64.9 per sec) @ Ascaf_131:0-18319
PoolWorker-28,  processing 1324915 (36590.6 per sec) reads @ chr9:10000000-15000000
PoolWorker-28 countReadsInRegions_worker: processing 5000 (135.9 per sec) @ chr9:10000000-15000000
PoolWorker-28,  processing 5196 (38368.1 per sec) reads @ Ascaf_125:0-19664
PoolWorker-28 countReadsInRegions_worker: processing 19 (106.6 per sec) @ Ascaf_125:0-19664
PoolWorker-28,  processing 130279 (51653.3 per sec) reads @ Ascaf_34:0-101478
PoolWorker-28 countReadsInRegions_worker: processing 101 (38.8 per sec) @ Ascaf_34:0-101478
PoolWorker-29,  processing 47413 (35378.7 per sec) reads @ Ascaf_137:0-17000
PoolWorker-29 countReadsInRegions_worker: processing 17 (12.3 per sec) @ Ascaf_137:0-17000
PoolWorker-29,  processing 10057 (36722.2 per sec) reads @ Ascaf_94:0-33862
PoolWorker-29 countReadsInRegions_worker: processing 33 (97.7 per sec) @ Ascaf_94:0-33862
PoolWorker-29,  processing 2187 (49659.4 per sec) reads @ Ascaf_151:0-13242
PoolWorker-29 countReadsInRegions_worker: processing 13 (122.4 per sec) @ Ascaf_151:0-13242
PoolWorker-29,  processing 7696 (37964.8 per sec) reads @ Ascaf_88:0-36907
PoolWorker-29 countReadsInRegions_worker: processing 36 (128.7 per sec) @ Ascaf_88:0-36907
PoolWorker-29,  processing 1445141 (34165.4 per sec) reads @ chr16:0-5000000
PoolWorker-29 countReadsInRegions_worker: processing 5000 (115.4 per sec) @ chr16:0-5000000
PoolWorker-29,  processing 242634 (37315.8 per sec) reads @ Ascaf_45:0-74461
PoolWorker-29 countReadsInRegions_worker: processing 74 (11.1 per sec) @ Ascaf_45:0-74461
PoolWorker-29,  processing 2098 (36705.3 per sec) reads @ Ascaf_115:0-24004
PoolWorker-29 countReadsInRegions_worker: processing 24 (245.5 per sec) @ Ascaf_115:0-24004
PoolWorker-29,  processing 1295630 (33885.6 per sec) reads @ chr10:0-5000000
PoolWorker-29 countReadsInRegions_worker: processing 5000 (128.5 per sec) @ chr10:0-5000000
PoolWorker-29,  processing 661429 (35490.0 per sec) reads @ chr2:25000000-26977752
PoolWorker-29 countReadsInRegions_worker: processing 1977 (104.3 per sec) @ chr2:25000000-26977752
PoolWorker-29,  processing 1403843 (34716.6 per sec) reads @ chr16:15000000-20000000
PoolWorker-29 countReadsInRegions_worker: processing 5000 (121.5 per sec) @ chr16:15000000-20000000
PoolWorker-29,  processing 75582 (36631.5 per sec) reads @ Ascaf_113:0-24387
PoolWorker-29 countReadsInRegions_worker: processing 24 (11.3 per sec) @ Ascaf_113:0-24387
PoolWorker-29,  processing 12175 (35648.0 per sec) reads @ Ascaf_61:0-54508
PoolWorker-29 countReadsInRegions_worker: processing 54 (140.8 per sec) @ Ascaf_61:0-54508
PoolWorker-29,  processing 1333469 (35295.8 per sec) reads @ chr1:10000000-15000000
PoolWorker-29 countReadsInRegions_worker: processing 5000 (130.1 per sec) @ chr1:10000000-15000000
PoolWorker-29,  processing 4948 (37303.7 per sec) reads @ Ascaf_132:0-17867
PoolWorker-29 countReadsInRegions_worker: processing 17 (96.8 per sec) @ Ascaf_132:0-17867
PoolWorker-29,  processing 7769 (32800.0 per sec) reads @ Ascaf_104:0-29894
PoolWorker-29 countReadsInRegions_worker: processing 29 (104.2 per sec) @ Ascaf_104:0-29894
PoolWorker-29,  processing 1339094 (35306.8 per sec) reads @ chr13:5000000-10000000
PoolWorker-29 countReadsInRegions_worker: processing 5000 (129.5 per sec) @ chr13:5000000-10000000
PoolWorker-20,  processing 1209918 (34071.2 per sec) reads @ chr10:15000000-19005646
PoolWorker-20 countReadsInRegions_worker: processing 4005 (110.4 per sec) @ chr10:15000000-19005646
PoolWorker-20,  processing 1373404 (33916.8 per sec) reads @ chr4:15000000-20000000
PoolWorker-20 countReadsInRegions_worker: processing 5000 (121.3 per sec) @ chr4:15000000-20000000
PoolWorker-20,  processing 27921 (37405.1 per sec) reads @ Ascaf_31:0-121444
PoolWorker-20 countReadsInRegions_worker: processing 121 (152.5 per sec) @ Ascaf_31:0-121444
PoolWorker-20,  processing 1310851 (34155.1 per sec) reads @ chr15:0-5000000
PoolWorker-20 countReadsInRegions_worker: processing 5000 (128.1 per sec) @ chr15:0-5000000
PoolWorker-20,  processing 950977 (34119.5 per sec) reads @ chr14:15000000-18637407
PoolWorker-20 countReadsInRegions_worker: processing 3637 (128.5 per sec) @ chr14:15000000-18637407
PoolWorker-20,  processing 222693 (37159.5 per sec) reads @ Ascaf_89:0-36000
PoolWorker-20 countReadsInRegions_worker: processing 36 (5.9 per sec) @ Ascaf_89:0-36000
PoolWorker-20,  processing 7039 (34243.7 per sec) reads @ Ascaf_108:0-29345
PoolWorker-20 countReadsInRegions_worker: processing 29 (117.2 per sec) @ Ascaf_108:0-29345
PoolWorker-20,  processing 7915 (25190.7 per sec) reads @ Ascaf_99:0-33167
PoolWorker-20 countReadsInRegions_worker: processing 33 (90.0 per sec) @ Ascaf_99:0-33167
PoolWorker-20,  processing 1648815 (35024.1 per sec) reads @ chr1:20000000-25000000
PoolWorker-20 countReadsInRegions_worker: processing 5000 (104.5 per sec) @ chr1:20000000-25000000
PoolWorker-20,  processing 1301208 (37750.8 per sec) reads @ chr4:35000000-40000000
PoolWorker-20 countReadsInRegions_worker: processing 5000 (143.4 per sec) @ chr4:35000000-40000000
PoolWorker-20,  processing 38725 (34832.5 per sec) reads @ Ascaf_23:0-264707
PoolWorker-20 countReadsInRegions_worker: processing 264 (227.6 per sec) @ Ascaf_23:0-264707
PoolWorker-20,  processing 30583 (37460.9 per sec) reads @ Ascaf_114:0-24031
PoolWorker-20 countReadsInRegions_worker: processing 24 (27.4 per sec) @ Ascaf_114:0-24031
PoolWorker-22,  processing 1361160 (33613.7 per sec) reads @ chr15:10000000-15000000
PoolWorker-22 countReadsInRegions_worker: processing 5000 (120.4 per sec) @ chr15:10000000-15000000
PoolWorker-22,  processing 8738 (49600.4 per sec) reads @ Ascaf_169:0-50000
PoolWorker-22 countReadsInRegions_worker: processing 50 (228.7 per sec) @ Ascaf_169:0-50000
PoolWorker-22,  processing 1318842 (34503.7 per sec) reads @ chr12:5000000-10000000
PoolWorker-22 countReadsInRegions_worker: processing 5000 (128.4 per sec) @ chr12:5000000-10000000
PoolWorker-22,  processing 156187 (36241.5 per sec) reads @ Ascaf_28:0-145740
PoolWorker-22 countReadsInRegions_worker: processing 145 (32.8 per sec) @ Ascaf_28:0-145740
PoolWorker-22,  processing 980190 (34304.2 per sec) reads @ chr12:20000000-23704847
PoolWorker-22 countReadsInRegions_worker: processing 3704 (127.8 per sec) @ chr12:20000000-23704847
PoolWorker-22,  processing 6202 (21402.4 per sec) reads @ Ascaf_167:0-25000
PoolWorker-22 countReadsInRegions_worker: processing 25 (76.4 per sec) @ Ascaf_167:0-25000
PoolWorker-22,  processing 156669 (35136.5 per sec) reads @ Ascaf_25:0-178627
PoolWorker-22 countReadsInRegions_worker: processing 178 (38.5 per sec) @ Ascaf_25:0-178627
PoolWorker-22,  processing 1338183 (34654.2 per sec) reads @ chr7:5000000-10000000
PoolWorker-22 countReadsInRegions_worker: processing 5000 (127.2 per sec) @ chr7:5000000-10000000
PoolWorker-22,  processing 26375 (36695.4 per sec) reads @ Ascaf_92:0-34608
PoolWorker-22 countReadsInRegions_worker: processing 34 (43.7 per sec) @ Ascaf_92:0-34608
PoolWorker-22,  processing 1306940 (34427.9 per sec) reads @ chr20:5000000-10000000
PoolWorker-22 countReadsInRegions_worker: processing 5000 (129.9 per sec) @ chr20:5000000-10000000
PoolWorker-22,  processing 4275 (36381.5 per sec) reads @ Ascaf_141:0-15738
PoolWorker-22 countReadsInRegions_worker: processing 15 (99.4 per sec) @ Ascaf_141:0-15738
PoolWorker-22,  processing 1383938 (36471.4 per sec) reads @ chr2:20000000-25000000
PoolWorker-22 countReadsInRegions_worker: processing 5000 (129.6 per sec) @ chr2:20000000-25000000
PoolWorker-31,  processing 824232 (33225.1 per sec) reads @ chr20:20000000-22998664
PoolWorker-31 countReadsInRegions_worker: processing 2998 (118.5 per sec) @ chr20:20000000-22998664
PoolWorker-31,  processing 1329068 (34412.3 per sec) reads @ chr4:5000000-10000000
PoolWorker-31 countReadsInRegions_worker: processing 5000 (127.1 per sec) @ chr4:5000000-10000000
PoolWorker-31,  processing 3320 (39089.2 per sec) reads @ Ascaf_102:0-31073
PoolWorker-31 countReadsInRegions_worker: processing 31 (245.5 per sec) @ Ascaf_102:0-31073
PoolWorker-31,  processing 82375 (36203.9 per sec) reads @ chr3:20000000-20313673
PoolWorker-31 countReadsInRegions_worker: processing 313 (132.7 per sec) @ chr3:20000000-20313673
PoolWorker-31,  processing 11908 (26443.2 per sec) reads @ Ascaf_68:0-47437
PoolWorker-31 countReadsInRegions_worker: processing 47 (95.0 per sec) @ Ascaf_68:0-47437
PoolWorker-31,  processing 1320881 (34719.5 per sec) reads @ chr1:5000000-10000000
PoolWorker-31 countReadsInRegions_worker: processing 5000 (129.4 per sec) @ chr1:5000000-10000000
PoolWorker-31,  processing 1317708 (34823.4 per sec) reads @ chr10:5000000-10000000
PoolWorker-31 countReadsInRegions_worker: processing 5000 (129.9 per sec) @ chr10:5000000-10000000
PoolWorker-31,  processing 1626 (44120.0 per sec) reads @ Ascaf_154:0-6709
PoolWorker-31 countReadsInRegions_worker: processing 6 (76.0 per sec) @ Ascaf_154:0-6709
PoolWorker-31,  processing 209303 (36282.9 per sec) reads @ Ascaf_26:0-156806
PoolWorker-31 countReadsInRegions_worker: processing 156 (26.5 per sec) @ Ascaf_26:0-156806
PoolWorker-31,  processing 1330262 (34389.4 per sec) reads @ chr17:0-5000000
PoolWorker-31 countReadsInRegions_worker: processing 5000 (127.1 per sec) @ chr17:0-5000000
PoolWorker-31,  processing 43943 (40363.6 per sec) reads @ Ascaf_79:0-41364
PoolWorker-31 countReadsInRegions_worker: processing 41 (36.0 per sec) @ Ascaf_79:0-41364
PoolWorker-31,  processing 13552 (50916.4 per sec) reads @ Ascaf_62:0-52951
PoolWorker-31 countReadsInRegions_worker: processing 52 (187.6 per sec) @ Ascaf_62:0-52951
PoolWorker-31,  processing 1475212 (35982.4 per sec) reads @ chr17:5000000-10000000
PoolWorker-31 countReadsInRegions_worker: processing 5000 (120.4 per sec) @ chr17:5000000-10000000
PoolWorker-31,  processing 6216 (39953.7 per sec) reads @ Ascaf_103:0-30986
PoolWorker-31 countReadsInRegions_worker: processing 30 (153.6 per sec) @ Ascaf_103:0-30986
PoolWorker-31,  processing 183888 (53673.6 per sec) reads @ Ascaf_98:0-33222
PoolWorker-31 countReadsInRegions_worker: processing 33 (9.4 per sec) @ Ascaf_98:0-33222
PoolWorker-31,  processing 248 (51177.7 per sec) reads @ Ascaf_163:0-1000
PoolWorker-31 countReadsInRegions_worker: processing 1 (77.8 per sec) @ Ascaf_163:0-1000
PoolWorker-21,  processing 7348 (25406.2 per sec) reads @ Ascaf_168:0-25000
PoolWorker-21 countReadsInRegions_worker: processing 25 (81.1 per sec) @ Ascaf_168:0-25000
PoolWorker-21,  processing 1345085 (33590.7 per sec) reads @ chr6:5000000-10000000
PoolWorker-21 countReadsInRegions_worker: processing 5000 (121.8 per sec) @ chr6:5000000-10000000
PoolWorker-21,  processing 7620 (35962.1 per sec) reads @ Ascaf_66:0-47454
PoolWorker-21 countReadsInRegions_worker: processing 47 (183.9 per sec) @ Ascaf_66:0-47454
PoolWorker-21,  processing 5413 (19610.8 per sec) reads @ Ascaf_127:0-19159
PoolWorker-21 countReadsInRegions_worker: processing 19 (59.8 per sec) @ Ascaf_127:0-19159
PoolWorker-21,  processing 28882 (37656.3 per sec) reads @ Ascaf_84:0-38148
PoolWorker-21 countReadsInRegions_worker: processing 38 (46.8 per sec) @ Ascaf_84:0-38148
PoolWorker-21,  processing 108943 (36505.7 per sec) reads @ Ascaf_53:0-64139
PoolWorker-21 countReadsInRegions_worker: processing 64 (20.9 per sec) @ Ascaf_53:0-64139
PoolWorker-21,  processing 13474 (36413.2 per sec) reads @ Ascaf_58:0-57612
PoolWorker-21 countReadsInRegions_worker: processing 57 (137.5 per sec) @ Ascaf_58:0-57612
PoolWorker-21,  processing 1370339 (34309.8 per sec) reads @ chr3:5000000-10000000
PoolWorker-21 countReadsInRegions_worker: processing 5000 (123.0 per sec) @ chr3:5000000-10000000
PoolWorker-21,  processing 1361378 (34674.7 per sec) reads @ chr4:30000000-35000000
PoolWorker-21 countReadsInRegions_worker: processing 5000 (125.3 per sec) @ chr4:30000000-35000000
PoolWorker-21,  processing 1245561 (34059.3 per sec) reads @ chr21:0-5000000
PoolWorker-21 countReadsInRegions_worker: processing 5000 (134.4 per sec) @ chr21:0-5000000
PoolWorker-21,  processing 19116 (35422.9 per sec) reads @ Ascaf_49:0-70996
PoolWorker-21 countReadsInRegions_worker: processing 70 (120.8 per sec) @ Ascaf_49:0-70996
PoolWorker-21,  processing 498 (65184.2 per sec) reads @ Ascaf_159:0-3139
PoolWorker-21 countReadsInRegions_worker: processing 3 (61.9 per sec) @ Ascaf_159:0-3139
PoolWorker-21,  processing 12429 (36893.8 per sec) reads @ Ascaf_81:0-40000
PoolWorker-21 countReadsInRegions_worker: processing 40 (106.1 per sec) @ Ascaf_81:0-40000
PoolWorker-21,  processing 8386 (36228.7 per sec) reads @ Ascaf_86:0-37568
PoolWorker-21 countReadsInRegions_worker: processing 37 (133.7 per sec) @ Ascaf_86:0-37568
PoolWorker-21,  processing 177970 (36080.3 per sec) reads @ chr15:20000000-20219940
PoolWorker-21 countReadsInRegions_worker: processing 219 (43.5 per sec) @ chr15:20000000-20219940
PoolWorker-21,  processing 2720884 (38720.4 per sec) reads @ chr19:0-5000000
PoolWorker-21 countReadsInRegions_worker: processing 5000 (70.5 per sec) @ chr19:0-5000000
PoolWorker-23,  processing 172623 (35562.7 per sec) reads @ Ascaf_22:0-446888
PoolWorker-23 countReadsInRegions_worker: processing 446 (90.2 per sec) @ Ascaf_22:0-446888
PoolWorker-23,  processing 1480923 (33798.4 per sec) reads @ chr7:15000000-20000000
PoolWorker-23 countReadsInRegions_worker: processing 5000 (112.2 per sec) @ chr7:15000000-20000000
PoolWorker-23,  processing 1406710 (34313.9 per sec) reads @ chr9:0-5000000
PoolWorker-23 countReadsInRegions_worker: processing 5000 (119.8 per sec) @ chr9:0-5000000
PoolWorker-23,  processing 72517 (36231.4 per sec) reads @ Ascaf_57:0-58000
PoolWorker-23 countReadsInRegions_worker: processing 58 (28.0 per sec) @ Ascaf_57:0-58000
PoolWorker-23,  processing 2685 (41095.9 per sec) reads @ Ascaf_145:0-15510
PoolWorker-23 countReadsInRegions_worker: processing 15 (138.9 per sec) @ Ascaf_145:0-15510
PoolWorker-23,  processing 10221 (36189.4 per sec) reads @ Ascaf_76:0-42514
PoolWorker-23 countReadsInRegions_worker: processing 42 (129.6 per sec) @ Ascaf_76:0-42514
PoolWorker-23,  processing 18616 (34123.9 per sec) reads @ Ascaf_47:0-72017
PoolWorker-23 countReadsInRegions_worker: processing 72 (122.2 per sec) @ Ascaf_47:0-72017
PoolWorker-23,  processing 12538 (46004.4 per sec) reads @ Ascaf_133:0-49732
PoolWorker-23 countReadsInRegions_worker: processing 49 (155.8 per sec) @ Ascaf_133:0-49732
PoolWorker-23,  processing 2948 (44053.2 per sec) reads @ Ascaf_128:0-19120
PoolWorker-23 countReadsInRegions_worker: processing 19 (155.4 per sec) @ Ascaf_128:0-19120
PoolWorker-23,  processing 1179344 (34622.0 per sec) reads @ chr5:15000000-18670498
PoolWorker-23 countReadsInRegions_worker: processing 3670 (106.0 per sec) @ chr5:15000000-18670498
PoolWorker-23,  processing 1350339 (33925.9 per sec) reads @ chr18:5000000-10000000
PoolWorker-23 countReadsInRegions_worker: processing 5000 (123.3 per sec) @ chr18:5000000-10000000
PoolWorker-23,  processing 1738 (44882.9 per sec) reads @ Ascaf_155:0-6589
PoolWorker-23 countReadsInRegions_worker: processing 6 (75.8 per sec) @ Ascaf_155:0-6589
PoolWorker-23,  processing 1332287 (34895.3 per sec) reads @ chr2:15000000-20000000
PoolWorker-23 countReadsInRegions_worker: processing 5000 (128.8 per sec) @ chr2:15000000-20000000
PoolWorker-23,  processing 1556200 (44924.1 per sec) reads @ chr6:0-5000000
PoolWorker-23 countReadsInRegions_worker: processing 5000 (142.9 per sec) @ chr6:0-5000000
PoolWorker-23,  processing 5530 (68366.1 per sec) reads @ Ascaf_150:0-13271
PoolWorker-23 countReadsInRegions_worker: processing 13 (144.4 per sec) @ Ascaf_150:0-13271
PoolWorker-23,  processing 5763 (73304.7 per sec) reads @ Ascaf_126:0-19574
PoolWorker-23 countReadsInRegions_worker: processing 19 (216.6 per sec) @ Ascaf_126:0-19574
PoolWorker-27,  processing 1306316 (33883.1 per sec) reads @ chr11:15000000-19299255
PoolWorker-27 countReadsInRegions_worker: processing 4299 (109.0 per sec) @ chr11:15000000-19299255
PoolWorker-27,  processing 1286519 (33876.0 per sec) reads @ chr8:0-5000000
PoolWorker-27 countReadsInRegions_worker: processing 5000 (129.2 per sec) @ chr8:0-5000000
PoolWorker-27,  processing 3853 (35918.7 per sec) reads @ Ascaf_147:0-15099
PoolWorker-27 countReadsInRegions_worker: processing 15 (100.9 per sec) @ Ascaf_147:0-15099
PoolWorker-27,  processing 1134941 (34526.9 per sec) reads @ chr1:30000000-33917795
PoolWorker-27 countReadsInRegions_worker: processing 3917 (117.7 per sec) @ chr1:30000000-33917795
PoolWorker-27,  processing 1336310 (34170.8 per sec) reads @ chr1:0-5000000
PoolWorker-27 countReadsInRegions_worker: processing 5000 (126.2 per sec) @ chr1:0-5000000
PoolWorker-27,  processing 1350365 (34987.2 per sec) reads @ chr10:10000000-15000000
PoolWorker-27 countReadsInRegions_worker: processing 5000 (127.5 per sec) @ chr10:10000000-15000000
PoolWorker-27,  processing 1315583 (35827.5 per sec) reads @ chr9:15000000-20000000
PoolWorker-27 countReadsInRegions_worker: processing 5000 (133.5 per sec) @ chr9:15000000-20000000
PoolWorker-27,  processing 1295298 (54502.6 per sec) reads @ chr17:15000000-20000000
PoolWorker-27 countReadsInRegions_worker: processing 5000 (207.5 per sec) @ chr17:15000000-20000000
PoolWorker-19,  processing 5469 (18928.9 per sec) reads @ Ascaf_97:0-33357
PoolWorker-19 countReadsInRegions_worker: processing 33 (110.5 per sec) @ Ascaf_97:0-33357
PoolWorker-19,  processing 1330125 (33724.9 per sec) reads @ chr13:10000000-15000000
PoolWorker-19 countReadsInRegions_worker: processing 5000 (123.8 per sec) @ chr13:10000000-15000000
PoolWorker-19,  processing 47668 (35740.8 per sec) reads @ Ascaf_29:0-143722
PoolWorker-19 countReadsInRegions_worker: processing 143 (102.0 per sec) @ Ascaf_29:0-143722
PoolWorker-19,  processing 1035893 (35402.8 per sec) reads @ chr8:20000000-23122080
PoolWorker-19 countReadsInRegions_worker: processing 3122 (104.7 per sec) @ chr8:20000000-23122080
PoolWorker-19,  processing 1442060 (33973.4 per sec) reads @ chr12:0-5000000
PoolWorker-19 countReadsInRegions_worker: processing 5000 (115.5 per sec) @ chr12:0-5000000
PoolWorker-19,  processing 1536377 (34744.1 per sec) reads @ chr14:0-5000000
PoolWorker-19 countReadsInRegions_worker: processing 5000 (111.1 per sec) @ chr14:0-5000000
PoolWorker-19,  processing 209073 (37449.0 per sec) reads @ Ascaf_74:0-44000
PoolWorker-19 countReadsInRegions_worker: processing 44 (7.7 per sec) @ Ascaf_74:0-44000
PoolWorker-19,  processing 2923 (43775.1 per sec) reads @ Ascaf_152:0-12206
PoolWorker-19 countReadsInRegions_worker: processing 12 (110.1 per sec) @ Ascaf_152:0-12206
PoolWorker-19,  processing 9404 (37728.4 per sec) reads @ Ascaf_91:0-34837
PoolWorker-19 countReadsInRegions_worker: processing 34 (111.7 per sec) @ Ascaf_91:0-34837
PoolWorker-19,  processing 66475 (33684.4 per sec) reads @ Ascaf_35:0-99371
PoolWorker-19 countReadsInRegions_worker: processing 99 (48.5 per sec) @ Ascaf_35:0-99371
PoolWorker-19,  processing 780863 (34043.7 per sec) reads @ chr19:10000000-15000000
PoolWorker-19 countReadsInRegions_worker: processing 5000 (214.2 per sec) @ chr19:10000000-15000000
PoolWorker-19,  processing 11893 (36448.7 per sec) reads @ Ascaf_70:0-46916
PoolWorker-19 countReadsInRegions_worker: processing 46 (119.9 per sec) @ Ascaf_70:0-46916
PoolWorker-19,  processing 1342370 (35957.3 per sec) reads @ chr8:15000000-20000000
PoolWorker-19 countReadsInRegions_worker: processing 5000 (131.9 per sec) @ chr8:15000000-20000000
PoolWorker-19,  processing 4564 (33092.1 per sec) reads @ Ascaf_136:0-17062
PoolWorker-19 countReadsInRegions_worker: processing 17 (92.6 per sec) @ Ascaf_136:0-17062
PoolWorker-19,  processing 64095 (51985.2 per sec) reads @ Ascaf_38:0-95573
PoolWorker-19 countReadsInRegions_worker: processing 95 (73.9 per sec) @ Ascaf_38:0-95573
PoolWorker-19,  processing 1365858 (63104.8 per sec) reads @ chr11:10000000-15000000
PoolWorker-19 countReadsInRegions_worker: processing 5000 (227.8 per sec) @ chr11:10000000-15000000
PoolWorker-25,  processing 1302932 (33352.8 per sec) reads @ chr2:5000000-10000000
PoolWorker-25 countReadsInRegions_worker: processing 5000 (124.8 per sec) @ chr2:5000000-10000000
PoolWorker-25,  processing 1280011 (33042.5 per sec) reads @ chr4:0-5000000
PoolWorker-25 countReadsInRegions_worker: processing 5000 (126.7 per sec) @ chr4:0-5000000
PoolWorker-25,  processing 1338596 (34082.2 per sec) reads @ chr16:5000000-10000000
PoolWorker-25 countReadsInRegions_worker: processing 5000 (124.6 per sec) @ chr16:5000000-10000000
PoolWorker-25,  processing 76 (44626.5 per sec) reads @ Ascaf_165:0-1000
PoolWorker-25 countReadsInRegions_worker: processing 1 (24.4 per sec) @ Ascaf_165:0-1000
PoolWorker-25,  processing 1100759 (33751.6 per sec) reads @ chr9:20000000-24303205
PoolWorker-25 countReadsInRegions_worker: processing 4303 (130.1 per sec) @ chr9:20000000-24303205
PoolWorker-25,  processing 8501 (36218.1 per sec) reads @ Ascaf_93:0-34038
PoolWorker-25 countReadsInRegions_worker: processing 34 (123.2 per sec) @ Ascaf_93:0-34038
PoolWorker-25,  processing 4138 (43205.9 per sec) reads @ Ascaf_148:0-14976
PoolWorker-25 countReadsInRegions_worker: processing 14 (94.6 per sec) @ Ascaf_148:0-14976
PoolWorker-25,  processing 44442 (35574.5 per sec) reads @ Ascaf_52:0-64568
PoolWorker-25 countReadsInRegions_worker: processing 64 (48.8 per sec) @ Ascaf_52:0-64568
PoolWorker-25,  processing 1291247 (33639.0 per sec) reads @ chr7:0-5000000
PoolWorker-25 countReadsInRegions_worker: processing 5000 (128.3 per sec) @ chr7:0-5000000
PoolWorker-25,  processing 1328837 (36489.3 per sec) reads @ chr8:10000000-15000000
PoolWorker-25 countReadsInRegions_worker: processing 5000 (134.7 per sec) @ chr8:10000000-15000000
PoolWorker-25,  processing 1424609 (63289.8 per sec) reads @ chr5:10000000-15000000
PoolWorker-25 countReadsInRegions_worker: processing 5000 (218.6 per sec) @ chr5:10000000-15000000
PoolWorker-25,  processing 10735 (80411.5 per sec) reads @ Ascaf_78:0-41577
PoolWorker-25 countReadsInRegions_worker: processing 41 (288.7 per sec) @ Ascaf_78:0-41577
PoolWorker-30,  processing 1329277 (33505.1 per sec) reads @ chr18:10000000-15000000
PoolWorker-30 countReadsInRegions_worker: processing 5000 (123.2 per sec) @ chr18:10000000-15000000
PoolWorker-30,  processing 19579 (36396.7 per sec) reads @ Ascaf_65:0-47651
PoolWorker-30 countReadsInRegions_worker: processing 47 (78.6 per sec) @ Ascaf_65:0-47651
PoolWorker-30,  processing 588015 (33504.8 per sec) reads @ chr19:20000000-23715829
PoolWorker-30 countReadsInRegions_worker: processing 3715 (208.6 per sec) @ chr19:20000000-23715829
PoolWorker-30,  processing 2480 (40016.1 per sec) reads @ Ascaf_153:0-10046
PoolWorker-30 countReadsInRegions_worker: processing 10 (95.5 per sec) @ Ascaf_153:0-10046
PoolWorker-30,  processing 4055 (36949.0 per sec) reads @ Ascaf_138:0-16696
PoolWorker-30 countReadsInRegions_worker: processing 16 (106.2 per sec) @ Ascaf_138:0-16696
PoolWorker-30,  processing 222349 (35702.2 per sec) reads @ Ascaf_30:0-130979
PoolWorker-30 countReadsInRegions_worker: processing 130 (20.3 per sec) @ Ascaf_30:0-130979
PoolWorker-30,  processing 21163 (36834.9 per sec) reads @ Ascaf_106:0-29590
PoolWorker-30 countReadsInRegions_worker: processing 29 (46.8 per sec) @ Ascaf_106:0-29590
PoolWorker-30,  processing 2860 (43553.8 per sec) reads @ Ascaf_143:0-15560
PoolWorker-30 countReadsInRegions_worker: processing 15 (141.8 per sec) @ Ascaf_143:0-15560
PoolWorker-30,  processing 1442055 (34634.5 per sec) reads @ chr17:10000000-15000000
PoolWorker-30 countReadsInRegions_worker: processing 5000 (118.1 per sec) @ chr17:10000000-15000000
PoolWorker-30,  processing 319186 (33920.0 per sec) reads @ chr6:20000000-21248438
PoolWorker-30 countReadsInRegions_worker: processing 1248 (130.4 per sec) @ chr6:20000000-21248438
PoolWorker-30,  processing 1266817 (33510.2 per sec) reads @ chr13:20000000-24369283
PoolWorker-30 countReadsInRegions_worker: processing 4369 (113.7 per sec) @ chr13:20000000-24369283
PoolWorker-30,  processing 1641121 (34568.5 per sec) reads @ chr4:25000000-30000000
PoolWorker-30 countReadsInRegions_worker: processing 5000 (103.7 per sec) @ chr4:25000000-30000000
PoolWorker-30,  processing 21994 (36882.0 per sec) reads @ Ascaf_105:0-29809
PoolWorker-30 countReadsInRegions_worker: processing 29 (45.4 per sec) @ Ascaf_105:0-29809
PoolWorker-30,  processing 1300138 (39027.6 per sec) reads @ chr21:5000000-10000000
PoolWorker-30 countReadsInRegions_worker: processing 5000 (147.2 per sec) @ chr21:5000000-10000000
PoolWorker-30,  processing 1491914 (71181.6 per sec) reads @ chr21:15000000-19873525
PoolWorker-30 countReadsInRegions_worker: processing 4873 (228.6 per sec) @ chr21:15000000-19873525
PoolWorker-30,  processing 174990 (83873.0 per sec) reads @ Ascaf_33:0-106103
PoolWorker-30 countReadsInRegions_worker: processing 106 (49.9 per sec) @ Ascaf_33:0-106103
PoolWorker-18,  processing 42932 (66577.0 per sec) reads @ Ascaf_64:0-51000
PoolWorker-18 countReadsInRegions_worker: processing 51 (75.6 per sec) @ Ascaf_64:0-51000
PoolWorker-18,  processing 6584 (40042.4 per sec) reads @ Ascaf_95:0-33544
PoolWorker-18 countReadsInRegions_worker: processing 33 (140.6 per sec) @ Ascaf_95:0-33544
PoolWorker-18,  processing 5968 (32816.6 per sec) reads @ Ascaf_112:0-24428
PoolWorker-18 countReadsInRegions_worker: processing 24 (103.7 per sec) @ Ascaf_112:0-24428
PoolWorker-18,  processing 3490 (44502.2 per sec) reads @ Ascaf_130:0-18457
PoolWorker-18 countReadsInRegions_worker: processing 18 (128.0 per sec) @ Ascaf_130:0-18457
PoolWorker-18,  processing 1361873 (33553.6 per sec) reads @ chr9:5000000-10000000
PoolWorker-18 countReadsInRegions_worker: processing 5000 (121.6 per sec) @ chr9:5000000-10000000
PoolWorker-18,  processing 8157 (50059.2 per sec) reads @ Ascaf_67:0-40269
PoolWorker-18 countReadsInRegions_worker: processing 40 (231.6 per sec) @ Ascaf_67:0-40269
PoolWorker-18,  processing 86131 (33644.6 per sec) reads @ Ascaf_32:0-110405
PoolWorker-18 countReadsInRegions_worker: processing 110 (41.8 per sec) @ Ascaf_32:0-110405
PoolWorker-18,  processing 6052 (38091.0 per sec) reads @ Ascaf_117:0-22832
PoolWorker-18 countReadsInRegions_worker: processing 22 (99.7 per sec) @ Ascaf_117:0-22832
PoolWorker-18,  processing 56837 (32059.9 per sec) reads @ Ascaf_24:0-187591
PoolWorker-18 countReadsInRegions_worker: processing 187 (101.8 per sec) @ Ascaf_24:0-187591
PoolWorker-18,  processing 4208 (37315.2 per sec) reads @ Ascaf_122:0-20728
PoolWorker-18 countReadsInRegions_worker: processing 20 (129.9 per sec) @ Ascaf_122:0-20728
PoolWorker-18,  processing 1434 (34895.8 per sec) reads @ Ascaf_156:0-5652
PoolWorker-18 countReadsInRegions_worker: processing 5 (59.9 per sec) @ Ascaf_156:0-5652
PoolWorker-18,  processing 1371170 (34443.6 per sec) reads @ chr21:10000000-15000000
PoolWorker-18 countReadsInRegions_worker: processing 5000 (123.4 per sec) @ chr21:10000000-15000000
PoolWorker-18,  processing 3302 (44604.7 per sec) reads @ Ascaf_139:0-16678
PoolWorker-18 countReadsInRegions_worker: processing 16 (126.2 per sec) @ Ascaf_139:0-16678
PoolWorker-18,  processing 1566016 (34830.6 per sec) reads @ chr7:20000000-25000000
PoolWorker-18 countReadsInRegions_worker: processing 5000 (109.1 per sec) @ chr7:20000000-25000000
PoolWorker-18,  processing 1019035 (33786.0 per sec) reads @ chr17:20000000-23682274
PoolWorker-18 countReadsInRegions_worker: processing 3682 (120.3 per sec) @ chr17:20000000-23682274
PoolWorker-18,  processing 1321494 (34034.3 per sec) reads @ chr20:15000000-20000000
PoolWorker-18 countReadsInRegions_worker: processing 5000 (126.6 per sec) @ chr20:15000000-20000000
PoolWorker-18,  processing 390 (62994.5 per sec) reads @ Ascaf_157:0-3527
PoolWorker-18 countReadsInRegions_worker: processing 3 (62.1 per sec) @ Ascaf_157:0-3527
PoolWorker-18,  processing 1722151 (43136.8 per sec) reads @ chr14:5000000-10000000
PoolWorker-18 countReadsInRegions_worker: processing 5000 (123.9 per sec) @ chr14:5000000-10000000
PoolWorker-18,  processing 1440914 (73833.7 per sec) reads @ chr3:0-5000000
PoolWorker-18 countReadsInRegions_worker: processing 5000 (252.5 per sec) @ chr3:0-5000000
PoolWorker-18,  processing 1364138 (81458.0 per sec) reads @ chr5:0-5000000
PoolWorker-18 countReadsInRegions_worker: processing 5000 (294.3 per sec) @ chr5:0-5000000
PoolWorker-17,  processing 8699 (35272.9 per sec) reads @ Ascaf_85:0-37890
PoolWorker-17 countReadsInRegions_worker: processing 37 (143.2 per sec) @ Ascaf_85:0-37890
PoolWorker-17,  processing 364 (69201.6 per sec) reads @ Ascaf_160:0-2000
PoolWorker-17 countReadsInRegions_worker: processing 2 (32.5 per sec) @ Ascaf_160:0-2000
PoolWorker-17,  processing 5615 (24083.4 per sec) reads @ Ascaf_123:0-20153
PoolWorker-17 countReadsInRegions_worker: processing 20 (74.9 per sec) @ Ascaf_123:0-20153
PoolWorker-17,  processing 1742931 (34001.2 per sec) reads @ chr4:20000000-25000000
PoolWorker-17 countReadsInRegions_worker: processing 5000 (95.1 per sec) @ chr4:20000000-25000000
PoolWorker-17,  processing 57813 (37866.2 per sec) reads @ Ascaf_110:0-27536
PoolWorker-17 countReadsInRegions_worker: processing 27 (17.1 per sec) @ Ascaf_110:0-27536
PoolWorker-17,  processing 3550 (31495.6 per sec) reads @ Ascaf_149:0-13452
PoolWorker-17 countReadsInRegions_worker: processing 13 (83.3 per sec) @ Ascaf_149:0-13452
PoolWorker-17,  processing 35083 (37950.3 per sec) reads @ Ascaf_90:0-35566
PoolWorker-17 countReadsInRegions_worker: processing 35 (35.5 per sec) @ Ascaf_90:0-35566
PoolWorker-17,  processing 1749310 (34576.6 per sec) reads @ chr13:0-5000000
PoolWorker-17 countReadsInRegions_worker: processing 5000 (97.1 per sec) @ chr13:0-5000000
PoolWorker-17,  processing 67494 (36991.5 per sec) reads @ Ascaf_36:0-98486
PoolWorker-17 countReadsInRegions_worker: processing 98 (51.9 per sec) @ Ascaf_36:0-98486
PoolWorker-17,  processing 3934 (42500.3 per sec) reads @ Ascaf_118:0-22120
PoolWorker-17 countReadsInRegions_worker: processing 22 (165.2 per sec) @ Ascaf_118:0-22120
PoolWorker-17,  processing 22206 (35385.7 per sec) reads @ Ascaf_71:0-32519
PoolWorker-17 countReadsInRegions_worker: processing 32 (47.7 per sec) @ Ascaf_71:0-32519
PoolWorker-17,  processing 5442 (39039.6 per sec) reads @ Ascaf_142:0-15730
PoolWorker-17 countReadsInRegions_worker: processing 15 (82.9 per sec) @ Ascaf_142:0-15730
PoolWorker-17,  processing 26459 (34762.4 per sec) reads @ Ascaf_40:0-90738
PoolWorker-17 countReadsInRegions_worker: processing 90 (111.7 per sec) @ Ascaf_40:0-90738
PoolWorker-17,  processing 24229 (32334.0 per sec) reads @ Ascaf_44:0-77777
PoolWorker-17 countReadsInRegions_worker: processing 77 (96.9 per sec) @ Ascaf_44:0-77777
PoolWorker-17,  processing 1318837 (34749.5 per sec) reads @ chr14:10000000-15000000
PoolWorker-17 countReadsInRegions_worker: processing 5000 (129.2 per sec) @ chr14:10000000-15000000
PoolWorker-17,  processing 1322877 (34718.4 per sec) reads @ chr2:10000000-15000000
PoolWorker-17 countReadsInRegions_worker: processing 5000 (129.2 per sec) @ chr2:10000000-15000000
PoolWorker-17,  processing 111329 (37068.3 per sec) reads @ Ascaf_120:0-22000
PoolWorker-17 countReadsInRegions_worker: processing 22 (7.1 per sec) @ Ascaf_120:0-22000
PoolWorker-17,  processing 1521816 (37509.6 per sec) reads @ chr18:0-5000000
PoolWorker-17 countReadsInRegions_worker: processing 5000 (120.9 per sec) @ chr18:0-5000000
PoolWorker-17,  processing 1365787 (67045.9 per sec) reads @ chr4:10000000-15000000
PoolWorker-17 countReadsInRegions_worker: processing 5000 (241.9 per sec) @ chr4:10000000-15000000
PoolWorker-17,  processing 811385 (76737.6 per sec) reads @ chr19:5000000-10000000
PoolWorker-17 countReadsInRegions_worker: processing 5000 (466.0 per sec) @ chr19:5000000-10000000
PoolWorker-24,  processing 1285317 (33200.9 per sec) reads @ chr6:15000000-20000000
PoolWorker-24 countReadsInRegions_worker: processing 5000 (126.2 per sec) @ chr6:15000000-20000000
PoolWorker-24,  processing 1324104 (33876.0 per sec) reads @ chr15:5000000-10000000
PoolWorker-24 countReadsInRegions_worker: processing 5000 (125.6 per sec) @ chr15:5000000-10000000
PoolWorker-24,  processing 20689 (37261.5 per sec) reads @ Ascaf_55:0-59833
PoolWorker-24 countReadsInRegions_worker: processing 59 (98.4 per sec) @ Ascaf_55:0-59833
PoolWorker-24,  processing 4655 (40680.2 per sec) reads @ Ascaf_134:0-17659
PoolWorker-24 countReadsInRegions_worker: processing 17 (100.7 per sec) @ Ascaf_134:0-17659
PoolWorker-24,  processing 114430 (35146.7 per sec) reads @ Ascaf_50:0-70692
PoolWorker-24 countReadsInRegions_worker: processing 70 (20.9 per sec) @ Ascaf_50:0-70692
PoolWorker-24,  processing 112738 (37206.6 per sec) reads @ Ascaf_96:0-33398
PoolWorker-24 countReadsInRegions_worker: processing 33 (10.6 per sec) @ Ascaf_96:0-33398
PoolWorker-24,  processing 8862 (33620.4 per sec) reads @ Ascaf_101:0-31946
PoolWorker-24 countReadsInRegions_worker: processing 31 (101.5 per sec) @ Ascaf_101:0-31946
PoolWorker-24,  processing 10157 (32797.9 per sec) reads @ Ascaf_77:0-41997
PoolWorker-24 countReadsInRegions_worker: processing 41 (116.5 per sec) @ Ascaf_77:0-41997
PoolWorker-24,  processing 8434 (34988.0 per sec) reads @ Ascaf_100:0-32247
PoolWorker-24 countReadsInRegions_worker: processing 32 (113.3 per sec) @ Ascaf_100:0-32247
PoolWorker-24,  processing 148642 (36517.6 per sec) reads @ Ascaf_39:0-92659
PoolWorker-24 countReadsInRegions_worker: processing 92 (22.2 per sec) @ Ascaf_39:0-92659
PoolWorker-24,  processing 1327140 (34248.6 per sec) reads @ chr6:10000000-15000000
PoolWorker-24 countReadsInRegions_worker: processing 5000 (126.5 per sec) @ chr6:10000000-15000000
PoolWorker-24,  processing 87202 (35591.0 per sec) reads @ Ascaf_41:0-90399
PoolWorker-24 countReadsInRegions_worker: processing 90 (35.7 per sec) @ Ascaf_41:0-90399
PoolWorker-24,  processing 95872 (37085.1 per sec) reads @ Ascaf_43:0-83995
PoolWorker-24 countReadsInRegions_worker: processing 83 (31.1 per sec) @ Ascaf_43:0-83995
PoolWorker-24,  processing 1272565 (34488.3 per sec) reads @ chr3:15000000-20000000
PoolWorker-24 countReadsInRegions_worker: processing 5000 (133.3 per sec) @ chr3:15000000-20000000
PoolWorker-24,  processing 32965 (33523.3 per sec) reads @ Ascaf_107:0-29490
PoolWorker-24 countReadsInRegions_worker: processing 29 (27.8 per sec) @ Ascaf_107:0-29490
PoolWorker-24,  processing 1329216 (35124.5 per sec) reads @ chr7:10000000-15000000
PoolWorker-24 countReadsInRegions_worker: processing 5000 (130.1 per sec) @ chr7:10000000-15000000
PoolWorker-24,  processing 1322152 (45716.4 per sec) reads @ chr20:10000000-15000000
PoolWorker-24 countReadsInRegions_worker: processing 5000 (171.1 per sec) @ chr20:10000000-15000000
PoolWorker-24,  processing 1409204 (73607.5 per sec) reads @ chr15:15000000-20000000
PoolWorker-24 countReadsInRegions_worker: processing 5000 (256.9 per sec) @ chr15:15000000-20000000
PoolWorker-24,  processing 1326045 (83390.3 per sec) reads @ chr16:10000000-15000000
PoolWorker-24 countReadsInRegions_worker: processing 5000 (309.4 per sec) @ chr16:10000000-15000000
PoolWorker-24,  processing 886950 (84179.8 per sec) reads @ chr18:15000000-18483836
PoolWorker-24 countReadsInRegions_worker: processing 3483 (325.8 per sec) @ chr18:15000000-18483836
output file: /storage/scratch/iee/dj20y461/Stickleback/Y_comp/Sex_chrom_stats/Read_depths/Gw/depths/Gw15_M.1kb.RPKM.depth
