genome partition size for multiprocessing: 1000000
using 16 processors for 657 number of tasks
Final scaling factor: 0.00765714631205
PoolWorker-18,  processing 1168854 (34864.7 per sec) reads @ chr18:5000000-10000000
PoolWorker-18 countReadsInRegions_worker: processing 5000 (146.0 per sec) @ chr18:5000000-10000000
PoolWorker-18,  processing 1201392 (35688.9 per sec) reads @ chr6:5000000-10000000
PoolWorker-18 countReadsInRegions_worker: processing 5000 (145.2 per sec) @ chr6:5000000-10000000
PoolWorker-18,  processing 229833 (38686.2 per sec) reads @ Ascaf_33:0-106103
PoolWorker-18 countReadsInRegions_worker: processing 106 (17.4 per sec) @ Ascaf_33:0-106103
PoolWorker-18,  processing 14745 (34716.5 per sec) reads @ Ascaf_62:0-52951
PoolWorker-18 countReadsInRegions_worker: processing 52 (107.6 per sec) @ Ascaf_62:0-52951
PoolWorker-18,  processing 61917 (37127.2 per sec) reads @ Ascaf_57:0-58000
PoolWorker-18 countReadsInRegions_worker: processing 58 (33.5 per sec) @ Ascaf_57:0-58000
PoolWorker-18,  processing 1140680 (35723.8 per sec) reads @ chr2:5000000-10000000
PoolWorker-18 countReadsInRegions_worker: processing 5000 (153.8 per sec) @ chr2:5000000-10000000
PoolWorker-18,  processing 1126550 (35924.6 per sec) reads @ chr8:10000000-15000000
PoolWorker-18 countReadsInRegions_worker: processing 5000 (157.1 per sec) @ chr8:10000000-15000000
PoolWorker-18,  processing 951493 (34797.7 per sec) reads @ chr14:15000000-18637407
PoolWorker-18 countReadsInRegions_worker: processing 3637 (130.7 per sec) @ chr14:15000000-18637407
PoolWorker-18,  processing 3573 (39371.1 per sec) reads @ Ascaf_130:0-18457
PoolWorker-18 countReadsInRegions_worker: processing 18 (144.9 per sec) @ Ascaf_130:0-18457
PoolWorker-18,  processing 555649 (35778.4 per sec) reads @ chr16:20000000-22188971
PoolWorker-18 countReadsInRegions_worker: processing 2188 (139.0 per sec) @ chr16:20000000-22188971
PoolWorker-18,  processing 507 (70798.8 per sec) reads @ Ascaf_159:0-3139
PoolWorker-18 countReadsInRegions_worker: processing 3 (60.4 per sec) @ Ascaf_159:0-3139
PoolWorker-18,  processing 292658 (37298.5 per sec) reads @ Ascaf_25:0-178627
PoolWorker-18 countReadsInRegions_worker: processing 178 (22.3 per sec) @ Ascaf_25:0-178627
PoolWorker-18,  processing 8090 (37041.3 per sec) reads @ Ascaf_109:0-28244
PoolWorker-18 countReadsInRegions_worker: processing 28 (107.6 per sec) @ Ascaf_109:0-28244
PoolWorker-18,  processing 10376 (38997.0 per sec) reads @ Ascaf_78:0-41577
PoolWorker-18 countReadsInRegions_worker: processing 41 (132.8 per sec) @ Ascaf_78:0-41577
PoolWorker-18,  processing 13382 (30024.3 per sec) reads @ Ascaf_61:0-54508
PoolWorker-18 countReadsInRegions_worker: processing 54 (107.8 per sec) @ Ascaf_61:0-54508
PoolWorker-18,  processing 4565 (33974.7 per sec) reads @ Ascaf_125:0-19664
PoolWorker-18 countReadsInRegions_worker: processing 19 (108.0 per sec) @ Ascaf_125:0-19664
PoolWorker-20,  processing 238793 (35270.5 per sec) reads @ Ascaf_30:0-130979
PoolWorker-20 countReadsInRegions_worker: processing 130 (18.7 per sec) @ Ascaf_30:0-130979
PoolWorker-20,  processing 47680 (36880.7 per sec) reads @ Ascaf_72:0-46000
PoolWorker-20 countReadsInRegions_worker: processing 46 (33.7 per sec) @ Ascaf_72:0-46000
PoolWorker-20,  processing 5833 (43732.5 per sec) reads @ Ascaf_60:0-24766
PoolWorker-20 countReadsInRegions_worker: processing 24 (122.5 per sec) @ Ascaf_60:0-24766
PoolWorker-20,  processing 1213341 (34501.3 per sec) reads @ chr20:15000000-20000000
PoolWorker-20 countReadsInRegions_worker: processing 5000 (139.6 per sec) @ chr20:15000000-20000000
PoolWorker-20,  processing 1676 (44635.0 per sec) reads @ Ascaf_156:0-5652
PoolWorker-20 countReadsInRegions_worker: processing 5 (59.6 per sec) @ Ascaf_156:0-5652
PoolWorker-20,  processing 488408 (35600.7 per sec) reads @ Ascaf_42:0-86089
PoolWorker-20 countReadsInRegions_worker: processing 86 (6.2 per sec) @ Ascaf_42:0-86089
PoolWorker-20,  processing 1365101 (35473.2 per sec) reads @ chr6:0-5000000
PoolWorker-20 countReadsInRegions_worker: processing 5000 (127.4 per sec) @ chr6:0-5000000
PoolWorker-20,  processing 6072 (42431.6 per sec) reads @ Ascaf_126:0-19574
PoolWorker-20 countReadsInRegions_worker: processing 19 (102.7 per sec) @ Ascaf_126:0-19574
PoolWorker-20,  processing 4255 (38922.8 per sec) reads @ Ascaf_138:0-16696
PoolWorker-20 countReadsInRegions_worker: processing 16 (107.1 per sec) @ Ascaf_138:0-16696
PoolWorker-20,  processing 5909 (39044.5 per sec) reads @ Ascaf_123:0-20153
PoolWorker-20 countReadsInRegions_worker: processing 20 (104.1 per sec) @ Ascaf_123:0-20153
PoolWorker-20,  processing 1098478 (35961.5 per sec) reads @ chr1:30000000-33917795
PoolWorker-20 countReadsInRegions_worker: processing 3917 (126.6 per sec) @ chr1:30000000-33917795
PoolWorker-20,  processing 166820 (36645.3 per sec) reads @ Ascaf_26:0-156806
PoolWorker-20 countReadsInRegions_worker: processing 156 (33.5 per sec) @ Ascaf_26:0-156806
PoolWorker-20,  processing 1146807 (36755.2 per sec) reads @ chr20:5000000-10000000
PoolWorker-20 countReadsInRegions_worker: processing 5000 (157.3 per sec) @ chr20:5000000-10000000
PoolWorker-20,  processing 897413 (35759.5 per sec) reads @ chr18:15000000-18483836
PoolWorker-20 countReadsInRegions_worker: processing 3483 (136.3 per sec) @ chr18:15000000-18483836
PoolWorker-20,  processing 118013 (36638.8 per sec) reads @ Ascaf_39:0-92659
PoolWorker-20 countReadsInRegions_worker: processing 92 (27.9 per sec) @ Ascaf_39:0-92659
PoolWorker-20,  processing 16869 (36652.5 per sec) reads @ Ascaf_49:0-70996
PoolWorker-20 countReadsInRegions_worker: processing 70 (138.6 per sec) @ Ascaf_49:0-70996
PoolWorker-25,  processing 71776 (37348.7 per sec) reads @ Ascaf_113:0-24387
PoolWorker-25 countReadsInRegions_worker: processing 24 (12.0 per sec) @ Ascaf_113:0-24387
PoolWorker-25,  processing 1107403 (34171.6 per sec) reads @ chr9:20000000-24303205
PoolWorker-25 countReadsInRegions_worker: processing 4303 (130.7 per sec) @ chr9:20000000-24303205
PoolWorker-25,  processing 3498 (45605.7 per sec) reads @ Ascaf_141:0-15738
PoolWorker-25 countReadsInRegions_worker: processing 15 (126.2 per sec) @ Ascaf_141:0-15738
PoolWorker-25,  processing 1913 (47256.6 per sec) reads @ Ascaf_154:0-6709
PoolWorker-25 countReadsInRegions_worker: processing 6 (72.2 per sec) @ Ascaf_154:0-6709
PoolWorker-25,  processing 128 (56787.7 per sec) reads @ Ascaf_165:0-1000
PoolWorker-25 countReadsInRegions_worker: processing 1 (23.2 per sec) @ Ascaf_165:0-1000
PoolWorker-25,  processing 1204515 (35707.5 per sec) reads @ chr15:5000000-10000000
PoolWorker-25 countReadsInRegions_worker: processing 5000 (144.8 per sec) @ chr15:5000000-10000000
PoolWorker-25,  processing 75104 (36041.5 per sec) reads @ Ascaf_48:0-71747
PoolWorker-25 countReadsInRegions_worker: processing 71 (33.0 per sec) @ Ascaf_48:0-71747
PoolWorker-25,  processing 2868 (44632.5 per sec) reads @ Ascaf_143:0-15560
PoolWorker-25 countReadsInRegions_worker: processing 15 (133.9 per sec) @ Ascaf_143:0-15560
PoolWorker-25,  processing 1203892 (36709.4 per sec) reads @ chr10:10000000-15000000
PoolWorker-25 countReadsInRegions_worker: processing 5000 (149.6 per sec) @ chr10:10000000-15000000
PoolWorker-25,  processing 5225 (40910.5 per sec) reads @ Ascaf_131:0-18319
PoolWorker-25 countReadsInRegions_worker: processing 18 (102.9 per sec) @ Ascaf_131:0-18319
PoolWorker-25,  processing 2936 (38905.0 per sec) reads @ Ascaf_139:0-16678
PoolWorker-25 countReadsInRegions_worker: processing 16 (135.5 per sec) @ Ascaf_139:0-16678
PoolWorker-25,  processing 80449 (35260.8 per sec) reads @ Ascaf_34:0-101478
PoolWorker-25 countReadsInRegions_worker: processing 101 (43.0 per sec) @ Ascaf_34:0-101478
PoolWorker-25,  processing 3322 (40726.8 per sec) reads @ Ascaf_152:0-12206
PoolWorker-25 countReadsInRegions_worker: processing 12 (101.0 per sec) @ Ascaf_152:0-12206
PoolWorker-25,  processing 1219142 (35475.7 per sec) reads @ chr11:0-5000000
PoolWorker-25 countReadsInRegions_worker: processing 5000 (143.2 per sec) @ chr11:0-5000000
PoolWorker-25,  processing 2088 (32260.5 per sec) reads @ Ascaf_115:0-24004
PoolWorker-25 countReadsInRegions_worker: processing 24 (223.3 per sec) @ Ascaf_115:0-24004
PoolWorker-25,  processing 4855 (43362.5 per sec) reads @ Ascaf_118:0-22120
PoolWorker-25 countReadsInRegions_worker: processing 22 (143.9 per sec) @ Ascaf_118:0-22120
PoolWorker-25,  processing 3112 (40798.7 per sec) reads @ Ascaf_149:0-13452
PoolWorker-25 countReadsInRegions_worker: processing 13 (108.9 per sec) @ Ascaf_149:0-13452
PoolWorker-25,  processing 42737 (35288.8 per sec) reads @ Ascaf_114:0-24031
PoolWorker-25 countReadsInRegions_worker: processing 24 (19.1 per sec) @ Ascaf_114:0-24031
PoolWorker-25,  processing 21796 (36613.7 per sec) reads @ Ascaf_166:0-50000
PoolWorker-25 countReadsInRegions_worker: processing 50 (78.4 per sec) @ Ascaf_166:0-50000
PoolWorker-25,  processing 1177555 (35733.9 per sec) reads @ chr16:5000000-10000000
PoolWorker-25 countReadsInRegions_worker: processing 5000 (149.1 per sec) @ chr16:5000000-10000000
PoolWorker-25,  processing 98785 (36935.1 per sec) reads @ Ascaf_35:0-99371
PoolWorker-25 countReadsInRegions_worker: processing 99 (36.0 per sec) @ Ascaf_35:0-99371
PoolWorker-25,  processing 3905 (30154.9 per sec) reads @ Ascaf_167:0-25000
PoolWorker-25 countReadsInRegions_worker: processing 25 (144.4 per sec) @ Ascaf_167:0-25000
PoolWorker-25,  processing 609071 (37564.0 per sec) reads @ chr2:25000000-26977752
PoolWorker-25 countReadsInRegions_worker: processing 1977 (119.9 per sec) @ chr2:25000000-26977752
PoolWorker-25,  processing 32677 (37923.5 per sec) reads @ Ascaf_73:0-44649
PoolWorker-25 countReadsInRegions_worker: processing 44 (47.7 per sec) @ Ascaf_73:0-44649
PoolWorker-31,  processing 394914 (36546.8 per sec) reads @ Ascaf_89:0-36000
PoolWorker-31 countReadsInRegions_worker: processing 36 (3.2 per sec) @ Ascaf_89:0-36000
PoolWorker-31,  processing 1331428 (35771.4 per sec) reads @ chr17:5000000-10000000
PoolWorker-31 countReadsInRegions_worker: processing 5000 (131.3 per sec) @ chr17:5000000-10000000
PoolWorker-31,  processing 10979 (33905.4 per sec) reads @ Ascaf_76:0-42514
PoolWorker-31 countReadsInRegions_worker: processing 42 (110.2 per sec) @ Ascaf_76:0-42514
PoolWorker-31,  processing 679451 (35489.4 per sec) reads @ chr19:10000000-15000000
PoolWorker-31 countReadsInRegions_worker: processing 5000 (257.2 per sec) @ chr19:10000000-15000000
PoolWorker-31,  processing 1147696 (36194.5 per sec) reads @ chr9:10000000-15000000
PoolWorker-31 countReadsInRegions_worker: processing 5000 (154.2 per sec) @ chr9:10000000-15000000
PoolWorker-31,  processing 43137 (36571.0 per sec) reads @ Ascaf_137:0-17000
PoolWorker-31 countReadsInRegions_worker: processing 17 (13.8 per sec) @ Ascaf_137:0-17000
PoolWorker-31,  processing 1296845 (35934.7 per sec) reads @ chr1:25000000-30000000
PoolWorker-31 countReadsInRegions_worker: processing 5000 (135.9 per sec) @ chr1:25000000-30000000
PoolWorker-31,  processing 1040834 (36553.3 per sec) reads @ chr5:15000000-18670498
PoolWorker-31 countReadsInRegions_worker: processing 3670 (126.9 per sec) @ chr5:15000000-18670498
PoolWorker-31,  processing 22923 (39026.0 per sec) reads @ Ascaf_56:0-58445
PoolWorker-31 countReadsInRegions_worker: processing 58 (89.8 per sec) @ Ascaf_56:0-58445
PoolWorker-31,  processing 12625 (37103.4 per sec) reads @ Ascaf_68:0-47437
PoolWorker-31 countReadsInRegions_worker: processing 47 (122.9 per sec) @ Ascaf_68:0-47437
PoolWorker-31,  processing 19579 (31815.5 per sec) reads @ Ascaf_47:0-72017
PoolWorker-31 countReadsInRegions_worker: processing 72 (107.2 per sec) @ Ascaf_47:0-72017
PoolWorker-31,  processing 1279845 (38336.6 per sec) reads @ chr16:0-5000000
PoolWorker-31 countReadsInRegions_worker: processing 5000 (147.4 per sec) @ chr16:0-5000000
PoolWorker-22,  processing 1166061 (34917.6 per sec) reads @ chr20:10000000-15000000
PoolWorker-22 countReadsInRegions_worker: processing 5000 (146.4 per sec) @ chr20:10000000-15000000
PoolWorker-22,  processing 1206619 (35305.1 per sec) reads @ chr13:20000000-24369283
PoolWorker-22 countReadsInRegions_worker: processing 4369 (124.7 per sec) @ chr13:20000000-24369283
PoolWorker-22,  processing 1172920 (35746.4 per sec) reads @ chr6:15000000-20000000
PoolWorker-22 countReadsInRegions_worker: processing 5000 (149.1 per sec) @ chr6:15000000-20000000
PoolWorker-22,  processing 1221840 (36251.2 per sec) reads @ chr4:30000000-35000000
PoolWorker-22 countReadsInRegions_worker: processing 5000 (145.7 per sec) @ chr4:30000000-35000000
PoolWorker-22,  processing 60987 (35364.5 per sec) reads @ Ascaf_24:0-187591
PoolWorker-22 countReadsInRegions_worker: processing 187 (105.4 per sec) @ Ascaf_24:0-187591
PoolWorker-22,  processing 1318750 (36410.6 per sec) reads @ chr7:15000000-20000000
PoolWorker-22 countReadsInRegions_worker: processing 5000 (135.6 per sec) @ chr7:15000000-20000000
PoolWorker-22,  processing 11362 (38508.6 per sec) reads @ Ascaf_77:0-41997
PoolWorker-22 countReadsInRegions_worker: processing 41 (117.2 per sec) @ Ascaf_77:0-41997
PoolWorker-22,  processing 1164921 (40096.6 per sec) reads @ chr8:5000000-10000000
PoolWorker-22 countReadsInRegions_worker: processing 5000 (170.4 per sec) @ chr8:5000000-10000000
PoolWorker-29,  processing 1251846 (35106.7 per sec) reads @ chr15:15000000-20000000
PoolWorker-29 countReadsInRegions_worker: processing 5000 (137.0 per sec) @ chr15:15000000-20000000
PoolWorker-29,  processing 1218868 (34873.6 per sec) reads @ chr9:5000000-10000000
PoolWorker-29 countReadsInRegions_worker: processing 5000 (140.5 per sec) @ chr9:5000000-10000000
PoolWorker-29,  processing 61094 (38130.1 per sec) reads @ Ascaf_36:0-98486
PoolWorker-29 countReadsInRegions_worker: processing 98 (58.3 per sec) @ Ascaf_36:0-98486
PoolWorker-29,  processing 5109 (30998.0 per sec) reads @ Ascaf_97:0-33357
PoolWorker-29 countReadsInRegions_worker: processing 33 (158.9 per sec) @ Ascaf_97:0-33357
PoolWorker-29,  processing 1226033 (35238.4 per sec) reads @ chr4:35000000-40000000
PoolWorker-29 countReadsInRegions_worker: processing 5000 (141.2 per sec) @ chr4:35000000-40000000
PoolWorker-29,  processing 2144987 (35046.9 per sec) reads @ chr19:0-5000000
PoolWorker-29 countReadsInRegions_worker: processing 5000 (80.1 per sec) @ chr19:0-5000000
PoolWorker-29,  processing 6458 (34552.2 per sec) reads @ Ascaf_95:0-33544
PoolWorker-29 countReadsInRegions_worker: processing 33 (143.3 per sec) @ Ascaf_95:0-33544
PoolWorker-29,  processing 1275725 (38015.3 per sec) reads @ chr15:0-5000000
PoolWorker-29 countReadsInRegions_worker: processing 5000 (145.9 per sec) @ chr15:0-5000000
PoolWorker-27,  processing 1178505 (35027.2 per sec) reads @ chr3:10000000-15000000
PoolWorker-27 countReadsInRegions_worker: processing 5000 (145.3 per sec) @ chr3:10000000-15000000
PoolWorker-27,  processing 55114 (37084.1 per sec) reads @ Ascaf_52:0-64568
PoolWorker-27 countReadsInRegions_worker: processing 64 (41.6 per sec) @ Ascaf_52:0-64568
PoolWorker-27,  processing 8901 (29478.6 per sec) reads @ Ascaf_83:0-38959
PoolWorker-27 countReadsInRegions_worker: processing 38 (110.5 per sec) @ Ascaf_83:0-38959
PoolWorker-27,  processing 124311 (35596.4 per sec) reads @ Ascaf_22:0-446888
PoolWorker-27 countReadsInRegions_worker: processing 446 (124.4 per sec) @ Ascaf_22:0-446888
PoolWorker-27,  processing 82628 (36102.0 per sec) reads @ Ascaf_38:0-95573
PoolWorker-27 countReadsInRegions_worker: processing 95 (40.3 per sec) @ Ascaf_38:0-95573
PoolWorker-27,  processing 29176 (34367.6 per sec) reads @ Ascaf_92:0-34608
PoolWorker-27 countReadsInRegions_worker: processing 34 (37.4 per sec) @ Ascaf_92:0-34608
PoolWorker-27,  processing 1288912 (34835.6 per sec) reads @ chr1:0-5000000
PoolWorker-27 countReadsInRegions_worker: processing 5000 (132.8 per sec) @ chr1:0-5000000
PoolWorker-27,  processing 9799 (27716.8 per sec) reads @ Ascaf_85:0-37890
PoolWorker-27 countReadsInRegions_worker: processing 37 (93.1 per sec) @ Ascaf_85:0-37890
PoolWorker-27,  processing 7073 (33544.2 per sec) reads @ Ascaf_108:0-29345
PoolWorker-27 countReadsInRegions_worker: processing 29 (114.0 per sec) @ Ascaf_108:0-29345
PoolWorker-27,  processing 11621 (36895.7 per sec) reads @ Ascaf_81:0-40000
PoolWorker-27 countReadsInRegions_worker: processing 40 (111.9 per sec) @ Ascaf_81:0-40000
PoolWorker-27,  processing 223 (61514.6 per sec) reads @ Ascaf_162:0-1000
PoolWorker-27 countReadsInRegions_worker: processing 1 (22.5 per sec) @ Ascaf_162:0-1000
PoolWorker-27,  processing 908981 (36740.9 per sec) reads @ chr8:20000000-23122080
PoolWorker-27 countReadsInRegions_worker: processing 3122 (124.2 per sec) @ chr8:20000000-23122080
PoolWorker-27,  processing 2206 (38419.3 per sec) reads @ Ascaf_151:0-13242
PoolWorker-27 countReadsInRegions_worker: processing 13 (129.1 per sec) @ Ascaf_151:0-13242
PoolWorker-27,  processing 5334 (39080.0 per sec) reads @ Ascaf_168:0-25000
PoolWorker-27 countReadsInRegions_worker: processing 25 (141.0 per sec) @ Ascaf_168:0-25000
PoolWorker-27,  processing 1212956 (36661.6 per sec) reads @ chr3:5000000-10000000
PoolWorker-27 countReadsInRegions_worker: processing 5000 (148.4 per sec) @ chr3:5000000-10000000
PoolWorker-27,  processing 1248325 (35221.0 per sec) reads @ chr2:0-5000000
PoolWorker-27 countReadsInRegions_worker: processing 5000 (138.9 per sec) @ chr2:0-5000000
PoolWorker-27,  processing 54091 (37509.3 per sec) reads @ Ascaf_64:0-51000
PoolWorker-27 countReadsInRegions_worker: processing 51 (33.6 per sec) @ Ascaf_64:0-51000
PoolWorker-27,  processing 57348 (37270.7 per sec) reads @ Ascaf_107:0-29490
PoolWorker-27 countReadsInRegions_worker: processing 29 (18.3 per sec) @ Ascaf_107:0-29490
PoolWorker-27,  processing 1413385 (43808.1 per sec) reads @ chr4:25000000-30000000
PoolWorker-27 countReadsInRegions_worker: processing 5000 (153.2 per sec) @ chr4:25000000-30000000
PoolWorker-27,  processing 8432 (63706.5 per sec) reads @ Ascaf_67:0-40269
PoolWorker-27 countReadsInRegions_worker: processing 40 (281.2 per sec) @ Ascaf_67:0-40269
PoolWorker-32,  processing 16754 (24782.4 per sec) reads @ Ascaf_51:0-70629
PoolWorker-32 countReadsInRegions_worker: processing 70 (97.5 per sec) @ Ascaf_51:0-70629
PoolWorker-32,  processing 1196868 (34645.6 per sec) reads @ chr4:15000000-20000000
PoolWorker-32 countReadsInRegions_worker: processing 5000 (141.0 per sec) @ chr4:15000000-20000000
PoolWorker-32,  processing 29535 (38902.5 per sec) reads @ Ascaf_106:0-29590
PoolWorker-32 countReadsInRegions_worker: processing 29 (36.0 per sec) @ Ascaf_106:0-29590
PoolWorker-32,  processing 77161 (36137.1 per sec) reads @ chr3:20000000-20313673
PoolWorker-32 countReadsInRegions_worker: processing 313 (141.8 per sec) @ chr3:20000000-20313673
PoolWorker-32,  processing 318997 (34664.6 per sec) reads @ chr6:20000000-21248438
PoolWorker-32 countReadsInRegions_worker: processing 1248 (132.7 per sec) @ chr6:20000000-21248438
PoolWorker-32,  processing 1175209 (35244.5 per sec) reads @ chr5:5000000-10000000
PoolWorker-32 countReadsInRegions_worker: processing 5000 (147.0 per sec) @ chr5:5000000-10000000
PoolWorker-32,  processing 1172398 (36017.5 per sec) reads @ chr4:5000000-10000000
PoolWorker-32 countReadsInRegions_worker: processing 5000 (151.0 per sec) @ chr4:5000000-10000000
PoolWorker-32,  processing 1893 (47650.2 per sec) reads @ Ascaf_155:0-6589
PoolWorker-32 countReadsInRegions_worker: processing 6 (73.2 per sec) @ Ascaf_155:0-6589
PoolWorker-32,  processing 1163894 (35739.9 per sec) reads @ chr12:10000000-15000000
PoolWorker-32 countReadsInRegions_worker: processing 5000 (150.8 per sec) @ chr12:10000000-15000000
PoolWorker-32,  processing 7937 (39599.8 per sec) reads @ Ascaf_101:0-31946
PoolWorker-32 countReadsInRegions_worker: processing 31 (129.6 per sec) @ Ascaf_101:0-31946
PoolWorker-32,  processing 10464 (37066.2 per sec) reads @ Ascaf_63:0-51776
PoolWorker-32 countReadsInRegions_worker: processing 51 (156.2 per sec) @ Ascaf_63:0-51776
PoolWorker-32,  processing 7845 (25076.1 per sec) reads @ Ascaf_169:0-50000
PoolWorker-32 countReadsInRegions_worker: processing 50 (139.9 per sec) @ Ascaf_169:0-50000
PoolWorker-32,  processing 1233583 (35593.6 per sec) reads @ chr13:15000000-20000000
PoolWorker-32 countReadsInRegions_worker: processing 5000 (142.2 per sec) @ chr13:15000000-20000000
PoolWorker-32,  processing 85165 (34462.1 per sec) reads @ Ascaf_50:0-70692
PoolWorker-32 countReadsInRegions_worker: processing 70 (27.5 per sec) @ Ascaf_50:0-70692
PoolWorker-32,  processing 24045 (39444.4 per sec) reads @ Ascaf_84:0-38148
PoolWorker-32 countReadsInRegions_worker: processing 38 (58.0 per sec) @ Ascaf_84:0-38148
PoolWorker-32,  processing 18482 (35289.7 per sec) reads @ Ascaf_46:0-73387
PoolWorker-32 countReadsInRegions_worker: processing 73 (128.8 per sec) @ Ascaf_46:0-73387
PoolWorker-32,  processing 30040 (37922.5 per sec) reads @ Ascaf_105:0-29809
PoolWorker-32 countReadsInRegions_worker: processing 29 (34.0 per sec) @ Ascaf_105:0-29809
PoolWorker-32,  processing 4196 (39290.6 per sec) reads @ Ascaf_134:0-17659
PoolWorker-32 countReadsInRegions_worker: processing 17 (113.8 per sec) @ Ascaf_134:0-17659
PoolWorker-32,  processing 5593 (38575.6 per sec) reads @ Ascaf_136:0-17062
PoolWorker-32 countReadsInRegions_worker: processing 17 (85.2 per sec) @ Ascaf_136:0-17062
PoolWorker-32,  processing 1188122 (47313.7 per sec) reads @ chr14:10000000-15000000
PoolWorker-32 countReadsInRegions_worker: processing 5000 (197.0 per sec) @ chr14:10000000-15000000
PoolWorker-19,  processing 179527 (37144.2 per sec) reads @ Ascaf_27:0-155775
PoolWorker-19 countReadsInRegions_worker: processing 155 (31.4 per sec) @ Ascaf_27:0-155775
PoolWorker-19,  processing 341 (52884.4 per sec) reads @ Ascaf_163:0-1000
PoolWorker-19 countReadsInRegions_worker: processing 1 (16.0 per sec) @ Ascaf_163:0-1000
PoolWorker-19,  processing 1209378 (34518.0 per sec) reads @ chr3:15000000-20000000
PoolWorker-19 countReadsInRegions_worker: processing 5000 (140.1 per sec) @ chr3:15000000-20000000
PoolWorker-19,  processing 1257820 (35775.8 per sec) reads @ chr5:10000000-15000000
PoolWorker-19 countReadsInRegions_worker: processing 5000 (139.6 per sec) @ chr5:10000000-15000000
PoolWorker-19,  processing 12082 (39063.8 per sec) reads @ Ascaf_142:0-15730
PoolWorker-19 countReadsInRegions_worker: processing 15 (41.2 per sec) @ Ascaf_142:0-15730
PoolWorker-19,  processing 9261 (39028.5 per sec) reads @ Ascaf_91:0-34837
PoolWorker-19 countReadsInRegions_worker: processing 34 (121.7 per sec) @ Ascaf_91:0-34837
PoolWorker-19,  processing 3308 (41515.0 per sec) reads @ Ascaf_148:0-14976
PoolWorker-19 countReadsInRegions_worker: processing 14 (115.8 per sec) @ Ascaf_148:0-14976
PoolWorker-19,  processing 1354574 (36188.5 per sec) reads @ chr14:0-5000000
PoolWorker-19 countReadsInRegions_worker: processing 5000 (130.8 per sec) @ chr14:0-5000000
PoolWorker-19,  processing 9954 (39379.1 per sec) reads @ Ascaf_111:0-25158
PoolWorker-19 countReadsInRegions_worker: processing 25 (84.8 per sec) @ Ascaf_111:0-25158
PoolWorker-19,  processing 6606 (25387.9 per sec) reads @ Ascaf_82:0-39089
PoolWorker-19 countReadsInRegions_worker: processing 39 (128.6 per sec) @ Ascaf_82:0-39089
PoolWorker-19,  processing 1543046 (36210.6 per sec) reads @ chr13:0-5000000
PoolWorker-19 countReadsInRegions_worker: processing 5000 (115.4 per sec) @ chr13:0-5000000
PoolWorker-19,  processing 12377 (36996.1 per sec) reads @ Ascaf_80:0-41014
PoolWorker-19 countReadsInRegions_worker: processing 41 (106.9 per sec) @ Ascaf_80:0-41014
PoolWorker-19,  processing 1166671 (36161.5 per sec) reads @ chr12:5000000-10000000
PoolWorker-19 countReadsInRegions_worker: processing 5000 (152.2 per sec) @ chr12:5000000-10000000
PoolWorker-19,  processing 4086 (36207.3 per sec) reads @ Ascaf_146:0-15502
PoolWorker-19 countReadsInRegions_worker: processing 15 (102.3 per sec) @ Ascaf_146:0-15502
PoolWorker-19,  processing 9417 (38536.5 per sec) reads @ Ascaf_86:0-37568
PoolWorker-19 countReadsInRegions_worker: processing 37 (129.6 per sec) @ Ascaf_86:0-37568
PoolWorker-19,  processing 507 (64734.0 per sec) reads @ Ascaf_157:0-3527
PoolWorker-19 countReadsInRegions_worker: processing 3 (51.9 per sec) @ Ascaf_157:0-3527
PoolWorker-19,  processing 2781 (45108.8 per sec) reads @ Ascaf_116:0-22916
PoolWorker-19 countReadsInRegions_worker: processing 22 (193.1 per sec) @ Ascaf_116:0-22916
PoolWorker-19,  processing 4231 (44583.4 per sec) reads @ Ascaf_122:0-20728
PoolWorker-19 countReadsInRegions_worker: processing 20 (155.7 per sec) @ Ascaf_122:0-20728
PoolWorker-19,  processing 1482040 (58297.9 per sec) reads @ chr1:20000000-25000000
PoolWorker-19 countReadsInRegions_worker: processing 5000 (193.7 per sec) @ chr1:20000000-25000000
PoolWorker-19,  processing 95434 (79070.9 per sec) reads @ Ascaf_124:0-19772
PoolWorker-19 countReadsInRegions_worker: processing 19 (15.4 per sec) @ Ascaf_124:0-19772
PoolWorker-28,  processing 335439 (37953.4 per sec) reads @ Ascaf_45:0-74461
PoolWorker-28 countReadsInRegions_worker: processing 74 (8.2 per sec) @ Ascaf_45:0-74461
PoolWorker-28,  processing 1206680 (34713.3 per sec) reads @ chr21:10000000-15000000
PoolWorker-28 countReadsInRegions_worker: processing 5000 (140.5 per sec) @ chr21:10000000-15000000
PoolWorker-28,  processing 1244411 (35125.5 per sec) reads @ chr10:0-5000000
PoolWorker-28 countReadsInRegions_worker: processing 5000 (138.5 per sec) @ chr10:0-5000000
PoolWorker-28,  processing 306 (63910.8 per sec) reads @ Ascaf_160:0-2000
PoolWorker-28 countReadsInRegions_worker: processing 2 (44.0 per sec) @ Ascaf_160:0-2000
PoolWorker-28,  processing 1150658 (37415.2 per sec) reads @ chr7:5000000-10000000
PoolWorker-28 countReadsInRegions_worker: processing 5000 (159.8 per sec) @ chr7:5000000-10000000
PoolWorker-28,  processing 887682 (35419.5 per sec) reads @ chr20:20000000-22998664
PoolWorker-28 countReadsInRegions_worker: processing 2998 (117.5 per sec) @ chr20:20000000-22998664
PoolWorker-28,  processing 210804 (38292.3 per sec) reads @ Ascaf_53:0-64139
PoolWorker-28 countReadsInRegions_worker: processing 64 (11.4 per sec) @ Ascaf_53:0-64139
PoolWorker-28,  processing 1143209 (35781.8 per sec) reads @ chr16:10000000-15000000
PoolWorker-28 countReadsInRegions_worker: processing 5000 (154.1 per sec) @ chr16:10000000-15000000
PoolWorker-28,  processing 4476 (21729.0 per sec) reads @ Ascaf_127:0-19159
PoolWorker-28 countReadsInRegions_worker: processing 19 (76.2 per sec) @ Ascaf_127:0-19159
PoolWorker-28,  processing 1220138 (40056.5 per sec) reads @ chr4:10000000-15000000
PoolWorker-28 countReadsInRegions_worker: processing 5000 (162.4 per sec) @ chr4:10000000-15000000
PoolWorker-28,  processing 1281237 (67900.2 per sec) reads @ chr8:0-5000000
PoolWorker-28 countReadsInRegions_worker: processing 5000 (260.7 per sec) @ chr8:0-5000000
PoolWorker-28,  processing 85881 (76970.9 per sec) reads @ Ascaf_79:0-41364
PoolWorker-28 countReadsInRegions_worker: processing 41 (36.0 per sec) @ Ascaf_79:0-41364
PoolWorker-23,  processing 33305 (72270.8 per sec) reads @ Ascaf_44:0-77777
PoolWorker-23 countReadsInRegions_worker: processing 77 (161.8 per sec) @ Ascaf_44:0-77777
PoolWorker-23,  processing 1001366 (33560.2 per sec) reads @ chr7:30000000-33914388
PoolWorker-23 countReadsInRegions_worker: processing 3914 (128.0 per sec) @ chr7:30000000-33914388
PoolWorker-23,  processing 8720 (39979.5 per sec) reads @ Ascaf_104:0-29894
PoolWorker-23 countReadsInRegions_worker: processing 29 (106.2 per sec) @ Ascaf_104:0-29894
PoolWorker-23,  processing 105690 (37058.2 per sec) reads @ Ascaf_120:0-22000
PoolWorker-23 countReadsInRegions_worker: processing 22 (7.5 per sec) @ Ascaf_120:0-22000
PoolWorker-23,  processing 1197391 (34714.6 per sec) reads @ chr4:0-5000000
PoolWorker-23 countReadsInRegions_worker: processing 5000 (142.0 per sec) @ chr4:0-5000000
PoolWorker-23,  processing 52993 (36245.9 per sec) reads @ Ascaf_110:0-27536
PoolWorker-23 countReadsInRegions_worker: processing 27 (17.7 per sec) @ Ascaf_110:0-27536
PoolWorker-23,  processing 6078 (37933.0 per sec) reads @ Ascaf_112:0-24428
PoolWorker-23 countReadsInRegions_worker: processing 24 (118.0 per sec) @ Ascaf_112:0-24428
PoolWorker-23,  processing 1168035 (36089.1 per sec) reads @ chr6:10000000-15000000
PoolWorker-23 countReadsInRegions_worker: processing 5000 (151.6 per sec) @ chr6:10000000-15000000
PoolWorker-23,  processing 8640 (36240.4 per sec) reads @ Ascaf_99:0-33167
PoolWorker-23 countReadsInRegions_worker: processing 33 (118.0 per sec) @ Ascaf_99:0-33167
PoolWorker-23,  processing 47195 (35080.7 per sec) reads @ Ascaf_29:0-143722
PoolWorker-23 countReadsInRegions_worker: processing 143 (101.6 per sec) @ Ascaf_29:0-143722
PoolWorker-23,  processing 5690 (39447.3 per sec) reads @ Ascaf_103:0-30986
PoolWorker-23 countReadsInRegions_worker: processing 30 (159.8 per sec) @ Ascaf_103:0-30986
PoolWorker-23,  processing 18508 (39072.2 per sec) reads @ Ascaf_59:0-57475
PoolWorker-23 countReadsInRegions_worker: processing 57 (110.2 per sec) @ Ascaf_59:0-57475
PoolWorker-23,  processing 132030 (39839.9 per sec) reads @ Ascaf_96:0-33398
PoolWorker-23 countReadsInRegions_worker: processing 33 (9.8 per sec) @ Ascaf_96:0-33398
PoolWorker-23,  processing 1164177 (35493.3 per sec) reads @ chr7:25000000-30000000
PoolWorker-23 countReadsInRegions_worker: processing 5000 (150.0 per sec) @ chr7:25000000-30000000
PoolWorker-23,  processing 8336 (34383.8 per sec) reads @ Ascaf_54:0-60000
PoolWorker-23 countReadsInRegions_worker: processing 60 (211.2 per sec) @ Ascaf_54:0-60000
PoolWorker-23,  processing 4891 (41645.4 per sec) reads @ Ascaf_135:0-17087
PoolWorker-23 countReadsInRegions_worker: processing 17 (107.1 per sec) @ Ascaf_135:0-17087
PoolWorker-23,  processing 2558 (41697.9 per sec) reads @ Ascaf_140:0-15786
PoolWorker-23 countReadsInRegions_worker: processing 15 (147.1 per sec) @ Ascaf_140:0-15786
PoolWorker-23,  processing 30623 (34762.0 per sec) reads @ Ascaf_23:0-264707
PoolWorker-23 countReadsInRegions_worker: processing 264 (284.6 per sec) @ Ascaf_23:0-264707
PoolWorker-23,  processing 1168253 (36137.0 per sec) reads @ chr11:15000000-19299255
PoolWorker-23 countReadsInRegions_worker: processing 4299 (130.5 per sec) @ chr11:15000000-19299255
PoolWorker-23,  processing 181657 (37786.1 per sec) reads @ Ascaf_43:0-83995
PoolWorker-23 countReadsInRegions_worker: processing 83 (16.9 per sec) @ Ascaf_43:0-83995
PoolWorker-23,  processing 76755 (36425.0 per sec) reads @ Ascaf_41:0-90399
PoolWorker-23 countReadsInRegions_worker: processing 90 (41.4 per sec) @ Ascaf_41:0-90399
PoolWorker-23,  processing 1186911 (46423.8 per sec) reads @ chr21:5000000-10000000
PoolWorker-23 countReadsInRegions_worker: processing 5000 (193.3 per sec) @ chr21:5000000-10000000
PoolWorker-23,  processing 156356 (77632.7 per sec) reads @ Ascaf_28:0-145740
PoolWorker-23 countReadsInRegions_worker: processing 145 (70.6 per sec) @ Ascaf_28:0-145740
PoolWorker-23,  processing 1125622 (68617.7 per sec) reads @ chr2:10000000-15000000
PoolWorker-23 countReadsInRegions_worker: processing 5000 (300.8 per sec) @ chr2:10000000-15000000
PoolWorker-26,  processing 10263 (35551.8 per sec) reads @ Ascaf_94:0-33862
PoolWorker-26 countReadsInRegions_worker: processing 33 (104.7 per sec) @ Ascaf_94:0-33862
PoolWorker-26,  processing 17323 (36208.2 per sec) reads @ Ascaf_71:0-32519
PoolWorker-26 countReadsInRegions_worker: processing 32 (58.9 per sec) @ Ascaf_71:0-32519
PoolWorker-26,  processing 2561 (41006.2 per sec) reads @ Ascaf_153:0-10046
PoolWorker-26 countReadsInRegions_worker: processing 10 (80.2 per sec) @ Ascaf_153:0-10046
PoolWorker-26,  processing 39823 (36981.0 per sec) reads @ Ascaf_31:0-121444
PoolWorker-26 countReadsInRegions_worker: processing 121 (105.2 per sec) @ Ascaf_31:0-121444
PoolWorker-26,  processing 314 (62810.5 per sec) reads @ Ascaf_164:0-1000
PoolWorker-26 countReadsInRegions_worker: processing 1 (17.9 per sec) @ Ascaf_164:0-1000
PoolWorker-26,  processing 39500 (36945.1 per sec) reads @ Ascaf_37:0-98231
PoolWorker-26 countReadsInRegions_worker: processing 98 (86.0 per sec) @ Ascaf_37:0-98231
PoolWorker-26,  processing 157421 (36898.3 per sec) reads @ Ascaf_98:0-33222
PoolWorker-26 countReadsInRegions_worker: processing 33 (7.5 per sec) @ Ascaf_98:0-33222
PoolWorker-26,  processing 655731 (35046.3 per sec) reads @ chr19:15000000-20000000
PoolWorker-26 countReadsInRegions_worker: processing 5000 (261.9 per sec) @ chr19:15000000-20000000
PoolWorker-26,  processing 33475 (37321.6 per sec) reads @ Ascaf_129:0-19000
PoolWorker-26 countReadsInRegions_worker: processing 19 (19.6 per sec) @ Ascaf_129:0-19000
PoolWorker-26,  processing 1371145 (34254.8 per sec) reads @ chr12:0-5000000
PoolWorker-26 countReadsInRegions_worker: processing 5000 (122.7 per sec) @ chr12:0-5000000
PoolWorker-26,  processing 1010 (71181.9 per sec) reads @ Ascaf_158:0-3231
PoolWorker-26 countReadsInRegions_worker: processing 3 (53.8 per sec) @ Ascaf_158:0-3231
PoolWorker-26,  processing 3479 (40028.2 per sec) reads @ Ascaf_145:0-15510
PoolWorker-26 countReadsInRegions_worker: processing 15 (117.5 per sec) @ Ascaf_145:0-15510
PoolWorker-26,  processing 3384 (40437.9 per sec) reads @ Ascaf_128:0-19120
PoolWorker-26 countReadsInRegions_worker: processing 19 (153.0 per sec) @ Ascaf_128:0-19120
PoolWorker-26,  processing 6259 (38254.2 per sec) reads @ Ascaf_117:0-22832
PoolWorker-26 countReadsInRegions_worker: processing 22 (107.3 per sec) @ Ascaf_117:0-22832
PoolWorker-26,  processing 1162453 (35681.7 per sec) reads @ chr1:5000000-10000000
PoolWorker-26 countReadsInRegions_worker: processing 5000 (150.6 per sec) @ chr1:5000000-10000000
PoolWorker-26,  processing 519022 (32872.7 per sec) reads @ chr19:20000000-23715829
PoolWorker-26 countReadsInRegions_worker: processing 3715 (231.3 per sec) @ chr19:20000000-23715829
PoolWorker-26,  processing 1241470 (36185.9 per sec) reads @ chr9:0-5000000
PoolWorker-26 countReadsInRegions_worker: processing 5000 (143.1 per sec) @ chr9:0-5000000
PoolWorker-26,  processing 1155206 (36094.0 per sec) reads @ chr2:15000000-20000000
PoolWorker-26 countReadsInRegions_worker: processing 5000 (153.9 per sec) @ chr2:15000000-20000000
PoolWorker-26,  processing 1225949 (43235.7 per sec) reads @ chr17:0-5000000
PoolWorker-26 countReadsInRegions_worker: processing 5000 (174.5 per sec) @ chr17:0-5000000
PoolWorker-26,  processing 1241215 (72581.3 per sec) reads @ chr11:10000000-15000000
PoolWorker-26 countReadsInRegions_worker: processing 5000 (286.9 per sec) @ chr11:10000000-15000000
PoolWorker-24,  processing 1220285 (34813.7 per sec) reads @ chr15:10000000-15000000
PoolWorker-24 countReadsInRegions_worker: processing 5000 (139.4 per sec) @ chr15:10000000-15000000
PoolWorker-24,  processing 8811 (21727.9 per sec) reads @ Ascaf_88:0-36907
PoolWorker-24 countReadsInRegions_worker: processing 36 (80.5 per sec) @ Ascaf_88:0-36907
PoolWorker-24,  processing 3909 (42727.4 per sec) reads @ Ascaf_144:0-15519
PoolWorker-24 countReadsInRegions_worker: processing 15 (112.5 per sec) @ Ascaf_144:0-15519
PoolWorker-24,  processing 11998 (37975.8 per sec) reads @ Ascaf_69:0-44691
PoolWorker-24 countReadsInRegions_worker: processing 44 (122.3 per sec) @ Ascaf_69:0-44691
PoolWorker-24,  processing 6627 (34767.3 per sec) reads @ Ascaf_150:0-13271
PoolWorker-24 countReadsInRegions_worker: processing 13 (55.5 per sec) @ Ascaf_150:0-13271
PoolWorker-24,  processing 12341 (28903.9 per sec) reads @ Ascaf_70:0-46916
PoolWorker-24 countReadsInRegions_worker: processing 46 (95.6 per sec) @ Ascaf_70:0-46916
PoolWorker-24,  processing 722822 (34915.3 per sec) reads @ chr19:5000000-10000000
PoolWorker-24 countReadsInRegions_worker: processing 5000 (237.5 per sec) @ chr19:5000000-10000000
PoolWorker-24,  processing 1232506 (35588.5 per sec) reads @ chr13:5000000-10000000
PoolWorker-24 countReadsInRegions_worker: processing 5000 (141.9 per sec) @ chr13:5000000-10000000
PoolWorker-24,  processing 39558 (36718.6 per sec) reads @ Ascaf_75:0-42641
PoolWorker-24 countReadsInRegions_worker: processing 42 (36.9 per sec) @ Ascaf_75:0-42641
PoolWorker-24,  processing 7907 (37368.0 per sec) reads @ Ascaf_100:0-32247
PoolWorker-24 countReadsInRegions_worker: processing 32 (126.9 per sec) @ Ascaf_100:0-32247
PoolWorker-24,  processing 4611 (40718.1 per sec) reads @ Ascaf_132:0-17867
PoolWorker-24 countReadsInRegions_worker: processing 17 (110.5 per sec) @ Ascaf_132:0-17867
PoolWorker-24,  processing 137131 (37887.0 per sec) reads @ Ascaf_74:0-44000
PoolWorker-24 countReadsInRegions_worker: processing 44 (11.9 per sec) @ Ascaf_74:0-44000
PoolWorker-24,  processing 4671 (40480.4 per sec) reads @ Ascaf_102:0-31073
PoolWorker-24 countReadsInRegions_worker: processing 31 (196.0 per sec) @ Ascaf_102:0-31073
PoolWorker-24,  processing 1601210 (35720.1 per sec) reads @ chr4:20000000-25000000
PoolWorker-24 countReadsInRegions_worker: processing 5000 (109.5 per sec) @ chr4:20000000-25000000
PoolWorker-24,  processing 1157173 (36023.0 per sec) reads @ chr1:10000000-15000000
PoolWorker-24 countReadsInRegions_worker: processing 5000 (152.7 per sec) @ chr1:10000000-15000000
PoolWorker-24,  processing 22298 (34163.9 per sec) reads @ Ascaf_40:0-90738
PoolWorker-24 countReadsInRegions_worker: processing 90 (128.9 per sec) @ Ascaf_40:0-90738
PoolWorker-24,  processing 10033 (36329.2 per sec) reads @ Ascaf_161:0-1000
PoolWorker-24 countReadsInRegions_worker: processing 1 (3.1 per sec) @ Ascaf_161:0-1000
PoolWorker-24,  processing 8097 (38188.2 per sec) reads @ Ascaf_66:0-47454
PoolWorker-24 countReadsInRegions_worker: processing 47 (184.0 per sec) @ Ascaf_66:0-47454
PoolWorker-24,  processing 1192243 (38494.4 per sec) reads @ chr9:15000000-20000000
PoolWorker-24 countReadsInRegions_worker: processing 5000 (158.7 per sec) @ chr9:15000000-20000000
PoolWorker-24,  processing 1397964 (66282.0 per sec) reads @ chr20:0-5000000
PoolWorker-24 countReadsInRegions_worker: processing 5000 (233.1 per sec) @ chr20:0-5000000
PoolWorker-17,  processing 1225063 (34415.9 per sec) reads @ chr1:15000000-20000000
PoolWorker-17 countReadsInRegions_worker: processing 5000 (137.5 per sec) @ chr1:15000000-20000000
PoolWorker-17,  processing 34708 (37749.3 per sec) reads @ Ascaf_55:0-59833
PoolWorker-17 countReadsInRegions_worker: processing 59 (60.8 per sec) @ Ascaf_55:0-59833
PoolWorker-17,  processing 1396470 (35581.2 per sec) reads @ chr18:0-5000000
PoolWorker-17 countReadsInRegions_worker: processing 5000 (125.1 per sec) @ chr18:0-5000000
PoolWorker-17,  processing 1070649 (35970.7 per sec) reads @ chr10:15000000-19005646
PoolWorker-17 countReadsInRegions_worker: processing 4005 (130.8 per sec) @ chr10:15000000-19005646
PoolWorker-17,  processing 83739 (36093.3 per sec) reads @ Ascaf_32:0-110405
PoolWorker-17 countReadsInRegions_worker: processing 110 (45.9 per sec) @ Ascaf_32:0-110405
PoolWorker-17,  processing 1304916 (35551.5 per sec) reads @ chr3:0-5000000
PoolWorker-17 countReadsInRegions_worker: processing 5000 (133.8 per sec) @ chr3:0-5000000
PoolWorker-17,  processing 144194 (36318.6 per sec) reads @ chr15:20000000-20219940
PoolWorker-17 countReadsInRegions_worker: processing 219 (53.7 per sec) @ chr15:20000000-20219940
PoolWorker-17,  processing 1179477 (35451.5 per sec) reads @ chr12:15000000-20000000
PoolWorker-17 countReadsInRegions_worker: processing 5000 (147.6 per sec) @ chr12:15000000-20000000
PoolWorker-17,  processing 1150520 (46510.1 per sec) reads @ chr7:10000000-15000000
PoolWorker-17 countReadsInRegions_worker: processing 5000 (199.8 per sec) @ chr7:10000000-15000000
PoolWorker-17,  processing 253147 (55283.5 per sec) reads @ chr4:40000000-40647937
PoolWorker-17 countReadsInRegions_worker: processing 647 (138.6 per sec) @ chr4:40000000-40647937
PoolWorker-17,  processing 9236 (72980.7 per sec) reads @ Ascaf_87:0-36937
PoolWorker-17 countReadsInRegions_worker: processing 36 (263.7 per sec) @ Ascaf_87:0-36937
PoolWorker-17,  processing 1236094 (72895.2 per sec) reads @ chr17:20000000-23682274
PoolWorker-17 countReadsInRegions_worker: processing 3682 (214.6 per sec) @ chr17:20000000-23682274
PoolWorker-30,  processing 1381602 (35149.0 per sec) reads @ chr7:20000000-25000000
PoolWorker-30 countReadsInRegions_worker: processing 5000 (123.8 per sec) @ chr7:20000000-25000000
PoolWorker-30,  processing 1199300 (34830.4 per sec) reads @ chr7:0-5000000
PoolWorker-30 countReadsInRegions_worker: processing 5000 (142.5 per sec) @ chr7:0-5000000
PoolWorker-30,  processing 1185767 (37439.2 per sec) reads @ chr8:15000000-20000000
PoolWorker-30 countReadsInRegions_worker: processing 5000 (154.9 per sec) @ chr8:15000000-20000000
PoolWorker-30,  processing 1158163 (36076.8 per sec) reads @ chr13:10000000-15000000
PoolWorker-30 countReadsInRegions_worker: processing 5000 (153.2 per sec) @ chr13:10000000-15000000
PoolWorker-30,  processing 9722 (33430.7 per sec) reads @ Ascaf_93:0-34038
PoolWorker-30 countReadsInRegions_worker: processing 34 (101.5 per sec) @ Ascaf_93:0-34038
PoolWorker-30,  processing 5643 (34917.4 per sec) reads @ Ascaf_121:0-21431
PoolWorker-30 countReadsInRegions_worker: processing 21 (123.1 per sec) @ Ascaf_121:0-21431
PoolWorker-30,  processing 59731 (38206.2 per sec) reads @ Ascaf_90:0-35566
PoolWorker-30 countReadsInRegions_worker: processing 35 (21.5 per sec) @ Ascaf_90:0-35566
PoolWorker-30,  processing 1299854 (35158.3 per sec) reads @ chr5:0-5000000
PoolWorker-30 countReadsInRegions_worker: processing 5000 (133.0 per sec) @ chr5:0-5000000
PoolWorker-30,  processing 4002 (37350.1 per sec) reads @ Ascaf_147:0-15099
PoolWorker-30 countReadsInRegions_worker: processing 15 (99.8 per sec) @ Ascaf_147:0-15099
PoolWorker-30,  processing 1587276 (42305.2 per sec) reads @ chr14:5000000-10000000
PoolWorker-30 countReadsInRegions_worker: processing 5000 (131.9 per sec) @ chr14:5000000-10000000
PoolWorker-30,  processing 110599 (74559.3 per sec) reads @ Ascaf_119:0-22101
PoolWorker-30 countReadsInRegions_worker: processing 22 (14.6 per sec) @ Ascaf_119:0-22101
PoolWorker-30,  processing 1189666 (77523.4 per sec) reads @ chr11:5000000-10000000
PoolWorker-30 countReadsInRegions_worker: processing 5000 (321.3 per sec) @ chr11:5000000-10000000
PoolWorker-21,  processing 12543 (23186.3 per sec) reads @ Ascaf_133:0-49732
PoolWorker-21 countReadsInRegions_worker: processing 49 (87.2 per sec) @ Ascaf_133:0-49732
PoolWorker-21,  processing 3327 (23823.5 per sec) reads @ Ascaf_65:0-47651
PoolWorker-21 countReadsInRegions_worker: processing 47 (244.8 per sec) @ Ascaf_65:0-47651
PoolWorker-21,  processing 1170024 (34342.5 per sec) reads @ chr21:0-5000000
PoolWorker-21 countReadsInRegions_worker: processing 5000 (143.4 per sec) @ chr21:0-5000000
PoolWorker-21,  processing 1170264 (35538.4 per sec) reads @ chr10:5000000-10000000
PoolWorker-21 countReadsInRegions_worker: processing 5000 (148.7 per sec) @ chr10:5000000-10000000
PoolWorker-21,  processing 1205541 (36111.2 per sec) reads @ chr18:10000000-15000000
PoolWorker-21 countReadsInRegions_worker: processing 5000 (146.6 per sec) @ chr18:10000000-15000000
PoolWorker-21,  processing 14028 (35150.4 per sec) reads @ Ascaf_58:0-57612
PoolWorker-21 countReadsInRegions_worker: processing 57 (124.8 per sec) @ Ascaf_58:0-57612
PoolWorker-21,  processing 1249184 (34505.8 per sec) reads @ chr17:10000000-15000000
PoolWorker-21 countReadsInRegions_worker: processing 5000 (136.1 per sec) @ chr17:10000000-15000000
PoolWorker-21,  processing 881902 (36028.6 per sec) reads @ chr12:20000000-23704847
PoolWorker-21 countReadsInRegions_worker: processing 3704 (148.4 per sec) @ chr12:20000000-23704847
PoolWorker-21,  processing 1210811 (37375.7 per sec) reads @ chr2:20000000-25000000
PoolWorker-21 countReadsInRegions_worker: processing 5000 (151.8 per sec) @ chr2:20000000-25000000
PoolWorker-21,  processing 1336684 (62224.0 per sec) reads @ chr21:15000000-19873525
PoolWorker-21 countReadsInRegions_worker: processing 4873 (223.5 per sec) @ chr21:15000000-19873525
PoolWorker-21,  processing 1337093 (77830.7 per sec) reads @ chr16:15000000-20000000
PoolWorker-21 countReadsInRegions_worker: processing 5000 (286.3 per sec) @ chr16:15000000-20000000
PoolWorker-21,  processing 1159384 (90727.7 per sec) reads @ chr17:15000000-20000000
PoolWorker-21 countReadsInRegions_worker: processing 5000 (384.5 per sec) @ chr17:15000000-20000000
output file: /storage/scratch/iee/dj20y461/Stickleback/Y_comp/Sex_chrom_stats/Read_depths/Gw/depths/Gw7a_M.1kb.RPKM.depth
