genome partition size for multiprocessing: 1000000
using 16 processors for 657 number of tasks
Final scaling factor: 0.00833702990292
PoolWorker-19,  processing 1044438 (34418.8 per sec) reads @ chr11:10000000-15000000
PoolWorker-19 countReadsInRegions_worker: processing 5000 (161.3 per sec) @ chr11:10000000-15000000
PoolWorker-19,  processing 1003189 (34961.6 per sec) reads @ chr8:15000000-20000000
PoolWorker-19 countReadsInRegions_worker: processing 5000 (170.3 per sec) @ chr8:15000000-20000000
PoolWorker-19,  processing 946932 (35313.0 per sec) reads @ chr18:5000000-10000000
PoolWorker-19 countReadsInRegions_worker: processing 5000 (182.8 per sec) @ chr18:5000000-10000000
PoolWorker-19,  processing 341 (53787.3 per sec) reads @ Ascaf_163:0-1000
PoolWorker-19 countReadsInRegions_worker: processing 1 (20.4 per sec) @ Ascaf_163:0-1000
PoolWorker-19,  processing 1299443 (34444.2 per sec) reads @ chr12:0-5000000
PoolWorker-19 countReadsInRegions_worker: processing 5000 (130.3 per sec) @ chr12:0-5000000
PoolWorker-19,  processing 4769 (40447.9 per sec) reads @ Ascaf_136:0-17062
PoolWorker-19 countReadsInRegions_worker: processing 17 (98.1 per sec) @ Ascaf_136:0-17062
PoolWorker-19,  processing 64076 (36671.0 per sec) reads @ Ascaf_52:0-64568
PoolWorker-19 countReadsInRegions_worker: processing 64 (35.3 per sec) @ Ascaf_52:0-64568
PoolWorker-19,  processing 949307 (34297.8 per sec) reads @ chr1:30000000-33917795
PoolWorker-19 countReadsInRegions_worker: processing 3917 (139.4 per sec) @ chr1:30000000-33917795
PoolWorker-19,  processing 13513 (33488.9 per sec) reads @ Ascaf_119:0-22101
PoolWorker-19 countReadsInRegions_worker: processing 22 (49.4 per sec) @ Ascaf_119:0-22101
PoolWorker-19,  processing 75163 (35396.3 per sec) reads @ chr3:20000000-20313673
PoolWorker-19 countReadsInRegions_worker: processing 313 (142.8 per sec) @ chr3:20000000-20313673
PoolWorker-19,  processing 1019008 (35225.5 per sec) reads @ chr4:25000000-30000000
PoolWorker-19 countReadsInRegions_worker: processing 5000 (169.9 per sec) @ chr4:25000000-30000000
PoolWorker-19,  processing 11416 (24388.1 per sec) reads @ Ascaf_85:0-37890
PoolWorker-19 countReadsInRegions_worker: processing 37 (72.3 per sec) @ Ascaf_85:0-37890
PoolWorker-17,  processing 16247 (27361.2 per sec) reads @ Ascaf_58:0-57612
PoolWorker-17 countReadsInRegions_worker: processing 57 (86.1 per sec) @ Ascaf_58:0-57612
PoolWorker-17,  processing 2746 (42370.8 per sec) reads @ Ascaf_147:0-15099
PoolWorker-17 countReadsInRegions_worker: processing 15 (118.0 per sec) @ Ascaf_147:0-15099
PoolWorker-17,  processing 118370 (34861.5 per sec) reads @ Ascaf_124:0-19772
PoolWorker-17 countReadsInRegions_worker: processing 19 (5.4 per sec) @ Ascaf_124:0-19772
PoolWorker-17,  processing 92446 (35163.0 per sec) reads @ Ascaf_34:0-101478
PoolWorker-17 countReadsInRegions_worker: processing 101 (36.9 per sec) @ Ascaf_34:0-101478
PoolWorker-17,  processing 1030600 (33742.4 per sec) reads @ chr7:30000000-33914388
PoolWorker-17 countReadsInRegions_worker: processing 3914 (126.0 per sec) @ chr7:30000000-33914388
PoolWorker-17,  processing 899696 (34717.8 per sec) reads @ chr8:10000000-15000000
PoolWorker-17 countReadsInRegions_worker: processing 5000 (189.8 per sec) @ chr8:10000000-15000000
PoolWorker-17,  processing 304646 (37012.8 per sec) reads @ Ascaf_74:0-44000
PoolWorker-17 countReadsInRegions_worker: processing 44 (5.2 per sec) @ Ascaf_74:0-44000
PoolWorker-17,  processing 17281 (36923.3 per sec) reads @ Ascaf_106:0-29590
PoolWorker-17 countReadsInRegions_worker: processing 29 (56.2 per sec) @ Ascaf_106:0-29590
PoolWorker-17,  processing 1190250 (33522.8 per sec) reads @ chr9:20000000-24303205
PoolWorker-17 countReadsInRegions_worker: processing 4303 (119.2 per sec) @ chr9:20000000-24303205
PoolWorker-17,  processing 916011 (35457.3 per sec) reads @ chr6:10000000-15000000
PoolWorker-17 countReadsInRegions_worker: processing 5000 (190.4 per sec) @ chr6:10000000-15000000
PoolWorker-17,  processing 867588 (34555.4 per sec) reads @ chr18:15000000-18483836
PoolWorker-17 countReadsInRegions_worker: processing 3483 (136.4 per sec) @ chr18:15000000-18483836
PoolWorker-17,  processing 46640 (39188.8 per sec) reads @ Ascaf_59:0-57475
PoolWorker-17 countReadsInRegions_worker: processing 57 (46.3 per sec) @ Ascaf_59:0-57475
PoolWorker-17,  processing 32471 (37042.6 per sec) reads @ Ascaf_161:0-1000
PoolWorker-17 countReadsInRegions_worker: processing 1 (1.1 per sec) @ Ascaf_161:0-1000
PoolWorker-17,  processing 51885 (37385.4 per sec) reads @ Ascaf_57:0-58000
PoolWorker-17 countReadsInRegions_worker: processing 58 (40.2 per sec) @ Ascaf_57:0-58000
PoolWorker-17,  processing 25082 (37903.2 per sec) reads @ Ascaf_56:0-58445
PoolWorker-17 countReadsInRegions_worker: processing 58 (81.9 per sec) @ Ascaf_56:0-58445
PoolWorker-17,  processing 1203159 (35510.9 per sec) reads @ chr15:0-5000000
PoolWorker-17 countReadsInRegions_worker: processing 5000 (145.3 per sec) @ chr15:0-5000000
PoolWorker-25,  processing 10016 (70411.8 per sec) reads @ Ascaf_77:0-41997
PoolWorker-25 countReadsInRegions_worker: processing 41 (268.8 per sec) @ Ascaf_77:0-41997
PoolWorker-25,  processing 2330 (71968.9 per sec) reads @ Ascaf_149:0-13452
PoolWorker-25 countReadsInRegions_worker: processing 13 (318.4 per sec) @ Ascaf_149:0-13452
PoolWorker-25,  processing 9630 (33937.2 per sec) reads @ Ascaf_66:0-47454
PoolWorker-25 countReadsInRegions_worker: processing 47 (142.8 per sec) @ Ascaf_66:0-47454
PoolWorker-25,  processing 442165 (35515.1 per sec) reads @ Ascaf_39:0-92659
PoolWorker-25 countReadsInRegions_worker: processing 92 (7.2 per sec) @ Ascaf_39:0-92659
PoolWorker-25,  processing 23026 (46353.3 per sec) reads @ Ascaf_105:0-29809
PoolWorker-25 countReadsInRegions_worker: processing 29 (49.4 per sec) @ Ascaf_105:0-29809
PoolWorker-25,  processing 1073 (13827.7 per sec) reads @ Ascaf_116:0-22916
PoolWorker-25 countReadsInRegions_worker: processing 22 (204.0 per sec) @ Ascaf_116:0-22916
PoolWorker-25,  processing 53125 (37307.0 per sec) reads @ Ascaf_92:0-34608
PoolWorker-25 countReadsInRegions_worker: processing 34 (22.9 per sec) @ Ascaf_92:0-34608
PoolWorker-25,  processing 8014 (37530.3 per sec) reads @ Ascaf_168:0-25000
PoolWorker-25 countReadsInRegions_worker: processing 25 (98.0 per sec) @ Ascaf_168:0-25000
PoolWorker-25,  processing 96664 (37236.7 per sec) reads @ Ascaf_38:0-95573
PoolWorker-25 countReadsInRegions_worker: processing 95 (35.4 per sec) @ Ascaf_38:0-95573
PoolWorker-25,  processing 220806 (37141.5 per sec) reads @ Ascaf_113:0-24387
PoolWorker-25 countReadsInRegions_worker: processing 24 (4.0 per sec) @ Ascaf_113:0-24387
PoolWorker-25,  processing 924698 (35050.7 per sec) reads @ chr8:5000000-10000000
PoolWorker-25 countReadsInRegions_worker: processing 5000 (186.5 per sec) @ chr8:5000000-10000000
PoolWorker-25,  processing 8910 (37610.6 per sec) reads @ Ascaf_78:0-41577
PoolWorker-25 countReadsInRegions_worker: processing 41 (146.7 per sec) @ Ascaf_78:0-41577
PoolWorker-25,  processing 22793 (38874.5 per sec) reads @ Ascaf_44:0-77777
PoolWorker-25 countReadsInRegions_worker: processing 77 (122.2 per sec) @ Ascaf_44:0-77777
PoolWorker-25,  processing 88610 (36119.7 per sec) reads @ Ascaf_36:0-98486
PoolWorker-25 countReadsInRegions_worker: processing 98 (38.9 per sec) @ Ascaf_36:0-98486
PoolWorker-25,  processing 1173057 (35995.7 per sec) reads @ chr20:0-5000000
PoolWorker-25 countReadsInRegions_worker: processing 5000 (150.7 per sec) @ chr20:0-5000000
PoolWorker-25,  processing 2171 (47401.5 per sec) reads @ Ascaf_143:0-15560
PoolWorker-25 countReadsInRegions_worker: processing 15 (179.7 per sec) @ Ascaf_143:0-15560
PoolWorker-25,  processing 1442322 (35369.4 per sec) reads @ chr7:20000000-25000000
PoolWorker-25 countReadsInRegions_worker: processing 5000 (120.8 per sec) @ chr7:20000000-25000000
PoolWorker-25,  processing 958419 (35798.5 per sec) reads @ chr7:5000000-10000000
PoolWorker-25 countReadsInRegions_worker: processing 5000 (184.0 per sec) @ chr7:5000000-10000000
PoolWorker-25,  processing 3971 (40664.8 per sec) reads @ Ascaf_138:0-16696
PoolWorker-25 countReadsInRegions_worker: processing 16 (117.5 per sec) @ Ascaf_138:0-16696
PoolWorker-25,  processing 18446 (36794.4 per sec) reads @ Ascaf_61:0-54508
PoolWorker-25 countReadsInRegions_worker: processing 54 (99.3 per sec) @ Ascaf_61:0-54508
PoolWorker-25,  processing 987593 (36297.9 per sec) reads @ chr10:10000000-15000000
PoolWorker-25 countReadsInRegions_worker: processing 5000 (181.1 per sec) @ chr10:10000000-15000000
PoolWorker-25,  processing 136051 (36427.8 per sec) reads @ Ascaf_22:0-446888
PoolWorker-25 countReadsInRegions_worker: processing 446 (116.6 per sec) @ Ascaf_22:0-446888
PoolWorker-25,  processing 8244 (37163.9 per sec) reads @ Ascaf_109:0-28244
PoolWorker-25 countReadsInRegions_worker: processing 28 (103.6 per sec) @ Ascaf_109:0-28244
PoolWorker-25,  processing 7054 (41224.9 per sec) reads @ Ascaf_167:0-25000
PoolWorker-25 countReadsInRegions_worker: processing 25 (116.6 per sec) @ Ascaf_167:0-25000
PoolWorker-21,  processing 505768 (35072.5 per sec) reads @ Ascaf_45:0-74461
PoolWorker-21 countReadsInRegions_worker: processing 74 (5.0 per sec) @ Ascaf_45:0-74461
PoolWorker-21,  processing 28158 (34814.4 per sec) reads @ Ascaf_129:0-19000
PoolWorker-21 countReadsInRegions_worker: processing 19 (22.2 per sec) @ Ascaf_129:0-19000
PoolWorker-21,  processing 1354480 (35068.8 per sec) reads @ chr14:0-5000000
PoolWorker-21 countReadsInRegions_worker: processing 5000 (126.9 per sec) @ chr14:0-5000000
PoolWorker-21,  processing 1078264 (35408.1 per sec) reads @ chr5:10000000-15000000
PoolWorker-21 countReadsInRegions_worker: processing 5000 (160.9 per sec) @ chr5:10000000-15000000
PoolWorker-21,  processing 753757 (35182.2 per sec) reads @ chr19:20000000-23715829
PoolWorker-21 countReadsInRegions_worker: processing 3715 (170.6 per sec) @ chr19:20000000-23715829
PoolWorker-21,  processing 1539948 (35762.4 per sec) reads @ chr1:20000000-25000000
PoolWorker-21 countReadsInRegions_worker: processing 5000 (114.0 per sec) @ chr1:20000000-25000000
PoolWorker-21,  processing 45935 (34482.6 per sec) reads @ Ascaf_29:0-143722
PoolWorker-21 countReadsInRegions_worker: processing 143 (102.5 per sec) @ Ascaf_29:0-143722
PoolWorker-21,  processing 1368630 (34634.7 per sec) reads @ chr6:0-5000000
PoolWorker-21 countReadsInRegions_worker: processing 5000 (124.7 per sec) @ chr6:0-5000000
PoolWorker-20,  processing 924106 (35172.9 per sec) reads @ chr7:10000000-15000000
PoolWorker-20 countReadsInRegions_worker: processing 5000 (186.1 per sec) @ chr7:10000000-15000000
PoolWorker-20,  processing 297811 (36848.3 per sec) reads @ Ascaf_27:0-155775
PoolWorker-20 countReadsInRegions_worker: processing 155 (18.9 per sec) @ Ascaf_27:0-155775
PoolWorker-20,  processing 1068181 (34672.8 per sec) reads @ chr6:15000000-20000000
PoolWorker-20 countReadsInRegions_worker: processing 5000 (158.8 per sec) @ chr6:15000000-20000000
PoolWorker-20,  processing 1150744 (34627.3 per sec) reads @ chr10:0-5000000
PoolWorker-20 countReadsInRegions_worker: processing 5000 (147.6 per sec) @ chr10:0-5000000
PoolWorker-20,  processing 1015918 (35471.6 per sec) reads @ chr14:5000000-10000000
PoolWorker-20 countReadsInRegions_worker: processing 5000 (171.7 per sec) @ chr14:5000000-10000000
PoolWorker-20,  processing 1690896 (35909.9 per sec) reads @ chr13:0-5000000
PoolWorker-20 countReadsInRegions_worker: processing 5000 (104.5 per sec) @ chr13:0-5000000
PoolWorker-20,  processing 937845 (39473.9 per sec) reads @ chr12:10000000-15000000
PoolWorker-20 countReadsInRegions_worker: processing 5000 (208.4 per sec) @ chr12:10000000-15000000
PoolWorker-20,  processing 146676 (52621.0 per sec) reads @ Ascaf_137:0-17000
PoolWorker-20 countReadsInRegions_worker: processing 17 (6.0 per sec) @ Ascaf_137:0-17000
PoolWorker-18,  processing 909342 (34830.6 per sec) reads @ chr12:20000000-23704847
PoolWorker-18 countReadsInRegions_worker: processing 3704 (139.1 per sec) @ chr12:20000000-23704847
PoolWorker-18,  processing 326 (11005.3 per sec) reads @ Ascaf_159:0-3139
PoolWorker-18 countReadsInRegions_worker: processing 3 (41.4 per sec) @ Ascaf_159:0-3139
PoolWorker-18,  processing 103846 (36092.4 per sec) reads @ Ascaf_41:0-90399
PoolWorker-18 countReadsInRegions_worker: processing 90 (30.5 per sec) @ Ascaf_41:0-90399
PoolWorker-18,  processing 368747 (35213.2 per sec) reads @ Ascaf_120:0-22000
PoolWorker-18 countReadsInRegions_worker: processing 22 (2.1 per sec) @ Ascaf_120:0-22000
PoolWorker-18,  processing 19904 (35836.1 per sec) reads @ Ascaf_63:0-51776
PoolWorker-18 countReadsInRegions_worker: processing 51 (85.2 per sec) @ Ascaf_63:0-51776
PoolWorker-18,  processing 43594 (36073.7 per sec) reads @ Ascaf_48:0-71747
PoolWorker-18 countReadsInRegions_worker: processing 71 (55.4 per sec) @ Ascaf_48:0-71747
PoolWorker-18,  processing 1314098 (34886.0 per sec) reads @ chr21:15000000-19873525
PoolWorker-18 countReadsInRegions_worker: processing 4873 (127.3 per sec) @ chr21:15000000-19873525
PoolWorker-18,  processing 23028 (36533.9 per sec) reads @ Ascaf_55:0-59833
PoolWorker-18 countReadsInRegions_worker: processing 59 (87.5 per sec) @ Ascaf_55:0-59833
PoolWorker-18,  processing 966922 (35430.0 per sec) reads @ chr16:5000000-10000000
PoolWorker-18 countReadsInRegions_worker: processing 5000 (180.8 per sec) @ chr16:5000000-10000000
PoolWorker-18,  processing 155738 (35911.4 per sec) reads @ Ascaf_110:0-27536
PoolWorker-18 countReadsInRegions_worker: processing 27 (6.1 per sec) @ Ascaf_110:0-27536
PoolWorker-18,  processing 1082706 (35632.9 per sec) reads @ chr16:0-5000000
PoolWorker-18 countReadsInRegions_worker: processing 5000 (161.7 per sec) @ chr16:0-5000000
PoolWorker-18,  processing 3292 (38422.0 per sec) reads @ Ascaf_144:0-15519
PoolWorker-18 countReadsInRegions_worker: processing 15 (116.7 per sec) @ Ascaf_144:0-15519
PoolWorker-18,  processing 2185 (39126.3 per sec) reads @ Ascaf_140:0-15786
PoolWorker-18 countReadsInRegions_worker: processing 15 (155.5 per sec) @ Ascaf_140:0-15786
PoolWorker-18,  processing 234855 (37262.7 per sec) reads @ Ascaf_50:0-70692
PoolWorker-18 countReadsInRegions_worker: processing 70 (10.9 per sec) @ Ascaf_50:0-70692
PoolWorker-18,  processing 1135358 (35383.4 per sec) reads @ chr18:0-5000000
PoolWorker-18 countReadsInRegions_worker: processing 5000 (153.6 per sec) @ chr18:0-5000000
PoolWorker-18,  processing 989789 (42535.3 per sec) reads @ chr19:5000000-10000000
PoolWorker-18 countReadsInRegions_worker: processing 5000 (212.5 per sec) @ chr19:5000000-10000000
PoolWorker-28,  processing 2134 (12986.2 per sec) reads @ Ascaf_153:0-10046
PoolWorker-28 countReadsInRegions_worker: processing 10 (47.5 per sec) @ Ascaf_153:0-10046
PoolWorker-28,  processing 16966 (35147.0 per sec) reads @ Ascaf_40:0-90738
PoolWorker-28 countReadsInRegions_worker: processing 90 (161.7 per sec) @ Ascaf_40:0-90738
PoolWorker-28,  processing 234704 (35641.2 per sec) reads @ Ascaf_96:0-33398
PoolWorker-28 countReadsInRegions_worker: processing 33 (4.9 per sec) @ Ascaf_96:0-33398
PoolWorker-28,  processing 1008113 (35000.8 per sec) reads @ chr7:15000000-20000000
PoolWorker-28 countReadsInRegions_worker: processing 5000 (170.6 per sec) @ chr7:15000000-20000000
PoolWorker-28,  processing 9213 (37580.8 per sec) reads @ Ascaf_70:0-46916
PoolWorker-28 countReadsInRegions_worker: processing 46 (160.5 per sec) @ Ascaf_70:0-46916
PoolWorker-28,  processing 1207483 (34235.2 per sec) reads @ chr5:0-5000000
PoolWorker-28 countReadsInRegions_worker: processing 5000 (139.3 per sec) @ chr5:0-5000000
PoolWorker-28,  processing 5144 (37501.5 per sec) reads @ Ascaf_123:0-20153
PoolWorker-28 countReadsInRegions_worker: processing 20 (111.1 per sec) @ Ascaf_123:0-20153
PoolWorker-28,  processing 10884 (37242.6 per sec) reads @ Ascaf_142:0-15730
PoolWorker-28 countReadsInRegions_worker: processing 15 (44.8 per sec) @ Ascaf_142:0-15730
PoolWorker-28,  processing 9588 (36278.7 per sec) reads @ Ascaf_93:0-34038
PoolWorker-28 countReadsInRegions_worker: processing 34 (111.0 per sec) @ Ascaf_93:0-34038
PoolWorker-28,  processing 7614 (38693.9 per sec) reads @ Ascaf_83:0-38959
PoolWorker-28 countReadsInRegions_worker: processing 38 (151.5 per sec) @ Ascaf_83:0-38959
PoolWorker-28,  processing 15516 (35123.9 per sec) reads @ Ascaf_49:0-70996
PoolWorker-28 countReadsInRegions_worker: processing 70 (139.5 per sec) @ Ascaf_49:0-70996
PoolWorker-28,  processing 2627 (42891.2 per sec) reads @ Ascaf_134:0-17659
PoolWorker-28 countReadsInRegions_worker: processing 17 (166.7 per sec) @ Ascaf_134:0-17659
PoolWorker-28,  processing 3967 (37235.2 per sec) reads @ Ascaf_122:0-20728
PoolWorker-28 countReadsInRegions_worker: processing 20 (135.7 per sec) @ Ascaf_122:0-20728
PoolWorker-28,  processing 3666 (40687.2 per sec) reads @ Ascaf_118:0-22120
PoolWorker-28 countReadsInRegions_worker: processing 22 (167.8 per sec) @ Ascaf_118:0-22120
PoolWorker-28,  processing 1482793 (35113.7 per sec) reads @ chr4:20000000-25000000
PoolWorker-28 countReadsInRegions_worker: processing 5000 (116.4 per sec) @ chr4:20000000-25000000
PoolWorker-28,  processing 3211 (39117.9 per sec) reads @ Ascaf_148:0-14976
PoolWorker-28 countReadsInRegions_worker: processing 14 (112.3 per sec) @ Ascaf_148:0-14976
PoolWorker-28,  processing 3930 (42600.3 per sec) reads @ Ascaf_126:0-19574
PoolWorker-28 countReadsInRegions_worker: processing 19 (144.1 per sec) @ Ascaf_126:0-19574
PoolWorker-28,  processing 968878 (35764.1 per sec) reads @ chr12:5000000-10000000
PoolWorker-28 countReadsInRegions_worker: processing 5000 (182.0 per sec) @ chr12:5000000-10000000
PoolWorker-28,  processing 1205187 (34852.8 per sec) reads @ chr4:0-5000000
PoolWorker-28 countReadsInRegions_worker: processing 5000 (142.2 per sec) @ chr4:0-5000000
PoolWorker-28,  processing 115869 (36618.5 per sec) reads @ Ascaf_53:0-64139
PoolWorker-28 countReadsInRegions_worker: processing 64 (19.7 per sec) @ Ascaf_53:0-64139
PoolWorker-28,  processing 6411 (38993.6 per sec) reads @ Ascaf_95:0-33544
PoolWorker-28 countReadsInRegions_worker: processing 33 (159.3 per sec) @ Ascaf_95:0-33544
PoolWorker-28,  processing 16005 (38059.5 per sec) reads @ Ascaf_65:0-47651
PoolWorker-28 countReadsInRegions_worker: processing 47 (101.4 per sec) @ Ascaf_65:0-47651
PoolWorker-28,  processing 224 (60006.6 per sec) reads @ Ascaf_162:0-1000
PoolWorker-28 countReadsInRegions_worker: processing 1 (21.7 per sec) @ Ascaf_162:0-1000
PoolWorker-28,  processing 985445 (45596.9 per sec) reads @ chr13:5000000-10000000
PoolWorker-28 countReadsInRegions_worker: processing 5000 (227.4 per sec) @ chr13:5000000-10000000
PoolWorker-31,  processing 7824 (21771.4 per sec) reads @ Ascaf_91:0-34837
PoolWorker-31 countReadsInRegions_worker: processing 34 (84.1 per sec) @ Ascaf_91:0-34837
PoolWorker-31,  processing 22089 (36173.0 per sec) reads @ Ascaf_166:0-50000
PoolWorker-31 countReadsInRegions_worker: processing 50 (73.9 per sec) @ Ascaf_166:0-50000
PoolWorker-31,  processing 900334 (34364.3 per sec) reads @ chr1:10000000-15000000
PoolWorker-31 countReadsInRegions_worker: processing 5000 (186.9 per sec) @ chr1:10000000-15000000
PoolWorker-31,  processing 6151 (37532.4 per sec) reads @ Ascaf_100:0-32247
PoolWorker-31 countReadsInRegions_worker: processing 32 (154.7 per sec) @ Ascaf_100:0-32247
PoolWorker-31,  processing 8827 (31985.9 per sec) reads @ Ascaf_150:0-13271
PoolWorker-31 countReadsInRegions_worker: processing 13 (40.9 per sec) @ Ascaf_150:0-13271
PoolWorker-31,  processing 689621 (35662.0 per sec) reads @ chr2:25000000-26977752
PoolWorker-31 countReadsInRegions_worker: processing 1977 (100.3 per sec) @ chr2:25000000-26977752
PoolWorker-31,  processing 4544 (40044.8 per sec) reads @ Ascaf_125:0-19664
PoolWorker-31 countReadsInRegions_worker: processing 19 (122.2 per sec) @ Ascaf_125:0-19664
PoolWorker-31,  processing 3753 (41190.6 per sec) reads @ Ascaf_139:0-16678
PoolWorker-31 countReadsInRegions_worker: processing 16 (121.2 per sec) @ Ascaf_139:0-16678
PoolWorker-31,  processing 893074 (35591.3 per sec) reads @ chr19:10000000-15000000
PoolWorker-31 countReadsInRegions_worker: processing 5000 (195.5 per sec) @ chr19:10000000-15000000
PoolWorker-31,  processing 3803 (39810.4 per sec) reads @ Ascaf_145:0-15510
PoolWorker-31 countReadsInRegions_worker: processing 15 (108.6 per sec) @ Ascaf_145:0-15510
PoolWorker-31,  processing 2385 (50720.8 per sec) reads @ Ascaf_115:0-24004
PoolWorker-31 countReadsInRegions_worker: processing 24 (272.9 per sec) @ Ascaf_115:0-24004
PoolWorker-31,  processing 2577 (42126.5 per sec) reads @ Ascaf_132:0-17867
PoolWorker-31 countReadsInRegions_worker: processing 17 (163.6 per sec) @ Ascaf_132:0-17867
PoolWorker-31,  processing 7999 (36692.4 per sec) reads @ Ascaf_108:0-29345
PoolWorker-31 countReadsInRegions_worker: processing 29 (111.8 per sec) @ Ascaf_108:0-29345
PoolWorker-31,  processing 381 (55136.8 per sec) reads @ Ascaf_164:0-1000
PoolWorker-31 countReadsInRegions_worker: processing 1 (20.8 per sec) @ Ascaf_164:0-1000
PoolWorker-31,  processing 990671 (34913.6 per sec) reads @ chr12:15000000-20000000
PoolWorker-31 countReadsInRegions_worker: processing 5000 (173.6 per sec) @ chr12:15000000-20000000
PoolWorker-31,  processing 917442 (35106.6 per sec) reads @ chr20:10000000-15000000
PoolWorker-31 countReadsInRegions_worker: processing 5000 (188.8 per sec) @ chr20:10000000-15000000
PoolWorker-31,  processing 944101 (35044.2 per sec) reads @ chr4:5000000-10000000
PoolWorker-31 countReadsInRegions_worker: processing 5000 (182.1 per sec) @ chr4:5000000-10000000
PoolWorker-31,  processing 919227 (33170.6 per sec) reads @ chr14:15000000-18637407
PoolWorker-31 countReadsInRegions_worker: processing 3637 (129.1 per sec) @ chr14:15000000-18637407
PoolWorker-31,  processing 10465 (37107.0 per sec) reads @ Ascaf_67:0-40269
PoolWorker-31 countReadsInRegions_worker: processing 40 (123.6 per sec) @ Ascaf_67:0-40269
PoolWorker-31,  processing 994924 (44540.9 per sec) reads @ chr13:15000000-20000000
PoolWorker-31 countReadsInRegions_worker: processing 5000 (221.2 per sec) @ chr13:15000000-20000000
PoolWorker-32,  processing 876983 (34536.0 per sec) reads @ chr2:10000000-15000000
PoolWorker-32 countReadsInRegions_worker: processing 5000 (191.9 per sec) @ chr2:10000000-15000000
PoolWorker-32,  processing 1265805 (34761.4 per sec) reads @ chr17:5000000-10000000
PoolWorker-32 countReadsInRegions_worker: processing 5000 (134.5 per sec) @ chr17:5000000-10000000
PoolWorker-32,  processing 14080 (36781.9 per sec) reads @ Ascaf_62:0-52951
PoolWorker-32 countReadsInRegions_worker: processing 52 (122.3 per sec) @ Ascaf_62:0-52951
PoolWorker-32,  processing 3074 (45740.7 per sec) reads @ Ascaf_135:0-17087
PoolWorker-32 countReadsInRegions_worker: processing 17 (157.4 per sec) @ Ascaf_135:0-17087
PoolWorker-32,  processing 1725 (46292.7 per sec) reads @ Ascaf_151:0-13242
PoolWorker-32 countReadsInRegions_worker: processing 13 (163.7 per sec) @ Ascaf_151:0-13242
PoolWorker-32,  processing 15577 (34167.9 per sec) reads @ Ascaf_51:0-70629
PoolWorker-32 countReadsInRegions_worker: processing 70 (140.2 per sec) @ Ascaf_51:0-70629
PoolWorker-32,  processing 5042 (32586.0 per sec) reads @ Ascaf_131:0-18319
PoolWorker-32 countReadsInRegions_worker: processing 18 (100.8 per sec) @ Ascaf_131:0-18319
PoolWorker-32,  processing 914915 (35618.1 per sec) reads @ chr4:10000000-15000000
PoolWorker-32 countReadsInRegions_worker: processing 5000 (191.7 per sec) @ chr4:10000000-15000000
PoolWorker-32,  processing 4896 (59635.3 per sec) reads @ Ascaf_121:0-21431
PoolWorker-32 countReadsInRegions_worker: processing 21 (201.1 per sec) @ Ascaf_121:0-21431
PoolWorker-32,  processing 291826 (36771.4 per sec) reads @ Ascaf_33:0-106103
PoolWorker-32 countReadsInRegions_worker: processing 106 (13.1 per sec) @ Ascaf_33:0-106103
PoolWorker-32,  processing 1017362 (34859.3 per sec) reads @ chr4:30000000-35000000
PoolWorker-32 countReadsInRegions_worker: processing 5000 (168.8 per sec) @ chr4:30000000-35000000
PoolWorker-32,  processing 9962 (32756.1 per sec) reads @ Ascaf_130:0-18457
PoolWorker-32 countReadsInRegions_worker: processing 18 (52.3 per sec) @ Ascaf_130:0-18457
PoolWorker-32,  processing 991832 (35640.6 per sec) reads @ chr15:10000000-15000000
PoolWorker-32 countReadsInRegions_worker: processing 5000 (177.0 per sec) @ chr15:10000000-15000000
PoolWorker-32,  processing 69658 (34952.6 per sec) reads @ Ascaf_31:0-121444
PoolWorker-32 countReadsInRegions_worker: processing 121 (58.7 per sec) @ Ascaf_31:0-121444
PoolWorker-32,  processing 937879 (35461.0 per sec) reads @ chr16:10000000-15000000
PoolWorker-32 countReadsInRegions_worker: processing 5000 (186.4 per sec) @ chr16:10000000-15000000
PoolWorker-32,  processing 998962 (44244.8 per sec) reads @ chr19:15000000-20000000
PoolWorker-32 countReadsInRegions_worker: processing 5000 (219.1 per sec) @ chr19:15000000-20000000
PoolWorker-22,  processing 850991 (36200.5 per sec) reads @ Ascaf_42:0-86089
PoolWorker-22 countReadsInRegions_worker: processing 86 (3.6 per sec) @ Ascaf_42:0-86089
PoolWorker-22,  processing 944648 (35110.9 per sec) reads @ chr7:25000000-30000000
PoolWorker-22 countReadsInRegions_worker: processing 5000 (182.2 per sec) @ chr7:25000000-30000000
PoolWorker-22,  processing 4701 (40681.2 per sec) reads @ Ascaf_112:0-24428
PoolWorker-22 countReadsInRegions_worker: processing 24 (131.0 per sec) @ Ascaf_112:0-24428
PoolWorker-22,  processing 27707 (35944.9 per sec) reads @ Ascaf_71:0-32519
PoolWorker-22 countReadsInRegions_worker: processing 32 (39.3 per sec) @ Ascaf_71:0-32519
PoolWorker-22,  processing 13070 (36703.6 per sec) reads @ Ascaf_169:0-50000
PoolWorker-22 countReadsInRegions_worker: processing 50 (121.5 per sec) @ Ascaf_169:0-50000
PoolWorker-22,  processing 11697 (36038.2 per sec) reads @ Ascaf_76:0-42514
PoolWorker-22 countReadsInRegions_worker: processing 42 (115.5 per sec) @ Ascaf_76:0-42514
PoolWorker-22,  processing 1033014 (35025.0 per sec) reads @ chr20:15000000-20000000
PoolWorker-22 countReadsInRegions_worker: processing 5000 (166.7 per sec) @ chr20:15000000-20000000
PoolWorker-22,  processing 133303 (36940.1 per sec) reads @ Ascaf_25:0-178627
PoolWorker-22 countReadsInRegions_worker: processing 178 (48.1 per sec) @ Ascaf_25:0-178627
PoolWorker-22,  processing 968766 (35497.0 per sec) reads @ chr1:15000000-20000000
PoolWorker-22 countReadsInRegions_worker: processing 5000 (180.1 per sec) @ chr1:15000000-20000000
PoolWorker-22,  processing 31124 (36390.0 per sec) reads @ Ascaf_64:0-51000
PoolWorker-22 countReadsInRegions_worker: processing 51 (56.5 per sec) @ Ascaf_64:0-51000
PoolWorker-22,  processing 9419 (38049.2 per sec) reads @ Ascaf_94:0-33862
PoolWorker-22 countReadsInRegions_worker: processing 33 (114.0 per sec) @ Ascaf_94:0-33862
PoolWorker-22,  processing 19498 (38283.0 per sec) reads @ Ascaf_84:0-38148
PoolWorker-22 countReadsInRegions_worker: processing 38 (69.1 per sec) @ Ascaf_84:0-38148
PoolWorker-22,  processing 8227 (66483.5 per sec) reads @ Ascaf_88:0-36907
PoolWorker-22 countReadsInRegions_worker: processing 36 (244.4 per sec) @ Ascaf_88:0-36907
PoolWorker-22,  processing 6484 (35450.3 per sec) reads @ Ascaf_87:0-36937
PoolWorker-22 countReadsInRegions_worker: processing 36 (187.5 per sec) @ Ascaf_87:0-36937
PoolWorker-22,  processing 1032283 (34263.6 per sec) reads @ chr17:20000000-23682274
PoolWorker-22 countReadsInRegions_worker: processing 3682 (120.4 per sec) @ chr17:20000000-23682274
PoolWorker-22,  processing 1226782 (34826.8 per sec) reads @ chr1:0-5000000
PoolWorker-22 countReadsInRegions_worker: processing 5000 (139.9 per sec) @ chr1:0-5000000
PoolWorker-22,  processing 78473 (35661.3 per sec) reads @ Ascaf_72:0-46000
PoolWorker-22 countReadsInRegions_worker: processing 46 (20.3 per sec) @ Ascaf_72:0-46000
PoolWorker-22,  processing 1433 (42748.2 per sec) reads @ Ascaf_155:0-6589
PoolWorker-22 countReadsInRegions_worker: processing 6 (78.6 per sec) @ Ascaf_155:0-6589
PoolWorker-22,  processing 44589 (37830.5 per sec) reads @ Ascaf_79:0-41364
PoolWorker-22 countReadsInRegions_worker: processing 41 (33.4 per sec) @ Ascaf_79:0-41364
PoolWorker-22,  processing 4775 (36086.0 per sec) reads @ Ascaf_60:0-24766
PoolWorker-22 countReadsInRegions_worker: processing 24 (143.8 per sec) @ Ascaf_60:0-24766
PoolWorker-22,  processing 919950 (41393.3 per sec) reads @ chr9:10000000-15000000
PoolWorker-22 countReadsInRegions_worker: processing 5000 (222.8 per sec) @ chr9:10000000-15000000
PoolWorker-22,  processing 4464 (75094.7 per sec) reads @ Ascaf_146:0-15502
PoolWorker-22 countReadsInRegions_worker: processing 15 (221.1 per sec) @ Ascaf_146:0-15502
PoolWorker-22,  processing 22411 (74341.0 per sec) reads @ Ascaf_114:0-24031
PoolWorker-22 countReadsInRegions_worker: processing 24 (76.9 per sec) @ Ascaf_114:0-24031
PoolWorker-22,  processing 12442 (74898.1 per sec) reads @ Ascaf_133:0-49732
PoolWorker-22 countReadsInRegions_worker: processing 49 (279.0 per sec) @ Ascaf_133:0-49732
PoolWorker-26,  processing 14883 (37049.0 per sec) reads @ Ascaf_47:0-72017
PoolWorker-26 countReadsInRegions_worker: processing 72 (166.4 per sec) @ Ascaf_47:0-72017
PoolWorker-26,  processing 953504 (34423.2 per sec) reads @ chr15:5000000-10000000
PoolWorker-26 countReadsInRegions_worker: processing 5000 (176.0 per sec) @ chr15:5000000-10000000
PoolWorker-26,  processing 1505 (71748.4 per sec) reads @ Ascaf_154:0-6709
PoolWorker-26 countReadsInRegions_worker: processing 6 (90.2 per sec) @ Ascaf_154:0-6709
PoolWorker-26,  processing 1012944 (34872.3 per sec) reads @ chr18:10000000-15000000
PoolWorker-26 countReadsInRegions_worker: processing 5000 (168.2 per sec) @ chr18:10000000-15000000
PoolWorker-26,  processing 5801 (40561.1 per sec) reads @ Ascaf_117:0-22832
PoolWorker-26 countReadsInRegions_worker: processing 22 (114.0 per sec) @ Ascaf_117:0-22832
PoolWorker-26,  processing 967283 (35085.2 per sec) reads @ chr17:15000000-20000000
PoolWorker-26 countReadsInRegions_worker: processing 5000 (178.8 per sec) @ chr17:15000000-20000000
PoolWorker-26,  processing 994209 (35264.0 per sec) reads @ chr5:15000000-18670498
PoolWorker-26 countReadsInRegions_worker: processing 3670 (127.8 per sec) @ chr5:15000000-18670498
PoolWorker-26,  processing 886923 (35297.8 per sec) reads @ chr13:10000000-15000000
PoolWorker-26 countReadsInRegions_worker: processing 5000 (195.7 per sec) @ chr13:10000000-15000000
PoolWorker-26,  processing 5205 (42649.6 per sec) reads @ Ascaf_82:0-39089
PoolWorker-26 countReadsInRegions_worker: processing 39 (240.8 per sec) @ Ascaf_82:0-39089
PoolWorker-26,  processing 392285 (36831.4 per sec) reads @ chr15:20000000-20219940
PoolWorker-26 countReadsInRegions_worker: processing 219 (20.2 per sec) @ chr15:20000000-20219940
PoolWorker-26,  processing 3333 (38774.9 per sec) reads @ Ascaf_127:0-19159
PoolWorker-26 countReadsInRegions_worker: processing 19 (152.3 per sec) @ Ascaf_127:0-19159
PoolWorker-26,  processing 1118229 (34820.9 per sec) reads @ chr3:0-5000000
PoolWorker-26 countReadsInRegions_worker: processing 5000 (153.1 per sec) @ chr3:0-5000000
PoolWorker-26,  processing 10859 (37776.2 per sec) reads @ Ascaf_68:0-47437
PoolWorker-26 countReadsInRegions_worker: processing 47 (141.9 per sec) @ Ascaf_68:0-47437
PoolWorker-26,  processing 6602 (38776.9 per sec) reads @ Ascaf_101:0-31946
PoolWorker-26 countReadsInRegions_worker: processing 31 (146.3 per sec) @ Ascaf_101:0-31946
PoolWorker-26,  processing 6624 (39986.7 per sec) reads @ Ascaf_99:0-33167
PoolWorker-26 countReadsInRegions_worker: processing 33 (151.5 per sec) @ Ascaf_99:0-33167
PoolWorker-26,  processing 1172790 (46799.7 per sec) reads @ chr2:0-5000000
PoolWorker-26 countReadsInRegions_worker: processing 5000 (197.5 per sec) @ chr2:0-5000000
PoolWorker-27,  processing 472980 (35082.9 per sec) reads @ Ascaf_26:0-156806
PoolWorker-27 countReadsInRegions_worker: processing 156 (11.3 per sec) @ Ascaf_26:0-156806
PoolWorker-27,  processing 981438 (34728.4 per sec) reads @ chr11:15000000-19299255
PoolWorker-27 countReadsInRegions_worker: processing 4299 (149.1 per sec) @ chr11:15000000-19299255
PoolWorker-27,  processing 49928 (36696.6 per sec) reads @ Ascaf_32:0-110405
PoolWorker-27 countReadsInRegions_worker: processing 110 (77.3 per sec) @ Ascaf_32:0-110405
PoolWorker-27,  processing 1009267 (35092.4 per sec) reads @ chr14:10000000-15000000
PoolWorker-27 countReadsInRegions_worker: processing 5000 (170.2 per sec) @ chr14:10000000-15000000
PoolWorker-27,  processing 4448 (36684.9 per sec) reads @ Ascaf_97:0-33357
PoolWorker-27 countReadsInRegions_worker: processing 33 (202.0 per sec) @ Ascaf_97:0-33357
PoolWorker-27,  processing 199190 (39870.7 per sec) reads @ Ascaf_30:0-130979
PoolWorker-27 countReadsInRegions_worker: processing 130 (25.5 per sec) @ Ascaf_30:0-130979
PoolWorker-27,  processing 934613 (35316.3 per sec) reads @ chr21:10000000-15000000
PoolWorker-27 countReadsInRegions_worker: processing 5000 (185.5 per sec) @ chr21:10000000-15000000
PoolWorker-27,  processing 957831 (34960.9 per sec) reads @ chr2:20000000-25000000
PoolWorker-27 countReadsInRegions_worker: processing 5000 (179.6 per sec) @ chr2:20000000-25000000
PoolWorker-27,  processing 951569 (34889.0 per sec) reads @ chr6:5000000-10000000
PoolWorker-27 countReadsInRegions_worker: processing 5000 (180.4 per sec) @ chr6:5000000-10000000
PoolWorker-27,  processing 118 (53884.4 per sec) reads @ Ascaf_165:0-1000
PoolWorker-27 countReadsInRegions_worker: processing 1 (31.5 per sec) @ Ascaf_165:0-1000
PoolWorker-27,  processing 1018968 (35404.1 per sec) reads @ chr5:5000000-10000000
PoolWorker-27 countReadsInRegions_worker: processing 5000 (172.0 per sec) @ chr5:5000000-10000000
PoolWorker-27,  processing 1055054 (50249.5 per sec) reads @ chr9:0-5000000
PoolWorker-27 countReadsInRegions_worker: processing 5000 (235.8 per sec) @ chr9:0-5000000
PoolWorker-24,  processing 1142256 (33968.7 per sec) reads @ chr4:35000000-40000000
PoolWorker-24 countReadsInRegions_worker: processing 5000 (145.4 per sec) @ chr4:35000000-40000000
PoolWorker-24,  processing 988652 (35294.5 per sec) reads @ chr17:10000000-15000000
PoolWorker-24 countReadsInRegions_worker: processing 5000 (175.2 per sec) @ chr17:10000000-15000000
PoolWorker-24,  processing 950732 (34919.0 per sec) reads @ chr1:5000000-10000000
PoolWorker-24 countReadsInRegions_worker: processing 5000 (180.4 per sec) @ chr1:5000000-10000000
PoolWorker-24,  processing 1010482 (35985.9 per sec) reads @ chr15:15000000-20000000
PoolWorker-24 countReadsInRegions_worker: processing 5000 (175.3 per sec) @ chr15:15000000-20000000
PoolWorker-24,  processing 345000 (34744.0 per sec) reads @ chr6:20000000-21248438
PoolWorker-24 countReadsInRegions_worker: processing 1248 (123.0 per sec) @ chr6:20000000-21248438
PoolWorker-24,  processing 915658 (34972.8 per sec) reads @ chr2:5000000-10000000
PoolWorker-24 countReadsInRegions_worker: processing 5000 (188.0 per sec) @ chr2:5000000-10000000
PoolWorker-24,  processing 1046781 (35518.8 per sec) reads @ chr9:15000000-20000000
PoolWorker-24 countReadsInRegions_worker: processing 5000 (167.0 per sec) @ chr9:15000000-20000000
PoolWorker-24,  processing 32294 (38330.2 per sec) reads @ Ascaf_107:0-29490
PoolWorker-24 countReadsInRegions_worker: processing 29 (32.0 per sec) @ Ascaf_107:0-29490
PoolWorker-24,  processing 11822 (47398.7 per sec) reads @ Ascaf_81:0-40000
PoolWorker-24 countReadsInRegions_worker: processing 40 (142.5 per sec) @ Ascaf_81:0-40000
PoolWorker-24,  processing 421275 (41096.7 per sec) reads @ Ascaf_98:0-33222
PoolWorker-24 countReadsInRegions_worker: processing 33 (3.2 per sec) @ Ascaf_98:0-33222
PoolWorker-24,  processing 361474 (48271.3 per sec) reads @ Ascaf_28:0-145740
PoolWorker-24 countReadsInRegions_worker: processing 145 (19.0 per sec) @ Ascaf_28:0-145740
PoolWorker-24,  processing 1001506 (74712.3 per sec) reads @ chr3:5000000-10000000
PoolWorker-24 countReadsInRegions_worker: processing 5000 (367.0 per sec) @ chr3:5000000-10000000
PoolWorker-30,  processing 909921 (33776.8 per sec) reads @ chr20:5000000-10000000
PoolWorker-30 countReadsInRegions_worker: processing 5000 (181.2 per sec) @ chr20:5000000-10000000
PoolWorker-30,  processing 1169836 (34298.0 per sec) reads @ chr21:0-5000000
PoolWorker-30 countReadsInRegions_worker: processing 5000 (143.8 per sec) @ chr21:0-5000000
PoolWorker-30,  processing 916415 (35518.9 per sec) reads @ chr8:20000000-23122080
PoolWorker-30 countReadsInRegions_worker: processing 3122 (118.7 per sec) @ chr8:20000000-23122080
PoolWorker-30,  processing 969964 (35266.5 per sec) reads @ chr10:5000000-10000000
PoolWorker-30 countReadsInRegions_worker: processing 5000 (179.4 per sec) @ chr10:5000000-10000000
PoolWorker-30,  processing 1047836 (34519.7 per sec) reads @ chr17:0-5000000
PoolWorker-30 countReadsInRegions_worker: processing 5000 (162.1 per sec) @ chr17:0-5000000
PoolWorker-30,  processing 714 (70938.3 per sec) reads @ Ascaf_158:0-3231
PoolWorker-30 countReadsInRegions_worker: processing 3 (56.3 per sec) @ Ascaf_158:0-3231
PoolWorker-30,  processing 587393 (32734.5 per sec) reads @ chr16:20000000-22188971
PoolWorker-30 countReadsInRegions_worker: processing 2188 (120.2 per sec) @ chr16:20000000-22188971
PoolWorker-30,  processing 3081360 (51400.4 per sec) reads @ chr19:0-5000000
PoolWorker-30 countReadsInRegions_worker: processing 5000 (82.5 per sec) @ chr19:0-5000000
PoolWorker-23,  processing 15476 (36189.5 per sec) reads @ Ascaf_46:0-73387
PoolWorker-23 countReadsInRegions_worker: processing 73 (161.4 per sec) @ Ascaf_46:0-73387
PoolWorker-23,  processing 8462 (27937.4 per sec) reads @ Ascaf_104:0-29894
PoolWorker-23 countReadsInRegions_worker: processing 29 (88.8 per sec) @ Ascaf_104:0-29894
PoolWorker-23,  processing 122630 (35256.5 per sec) reads @ Ascaf_43:0-83995
PoolWorker-23 countReadsInRegions_worker: processing 83 (23.1 per sec) @ Ascaf_43:0-83995
PoolWorker-23,  processing 997922 (34395.3 per sec) reads @ chr11:5000000-10000000
PoolWorker-23 countReadsInRegions_worker: processing 5000 (169.1 per sec) @ chr11:5000000-10000000
PoolWorker-23,  processing 199492 (35036.3 per sec) reads @ chr4:40000000-40647937
PoolWorker-23 countReadsInRegions_worker: processing 647 (110.8 per sec) @ chr4:40000000-40647937
PoolWorker-23,  processing 1188358 (33712.8 per sec) reads @ chr13:20000000-24369283
PoolWorker-23 countReadsInRegions_worker: processing 4369 (122.0 per sec) @ chr13:20000000-24369283
PoolWorker-23,  processing 1112745 (34870.2 per sec) reads @ chr11:0-5000000
PoolWorker-23 countReadsInRegions_worker: processing 5000 (154.3 per sec) @ chr11:0-5000000
PoolWorker-23,  processing 10421 (36018.9 per sec) reads @ Ascaf_80:0-41014
PoolWorker-23 countReadsInRegions_worker: processing 41 (122.9 per sec) @ Ascaf_80:0-41014
PoolWorker-23,  processing 89364 (33646.3 per sec) reads @ Ascaf_35:0-99371
PoolWorker-23 countReadsInRegions_worker: processing 99 (36.3 per sec) @ Ascaf_35:0-99371
PoolWorker-23,  processing 802 (71499.4 per sec) reads @ Ascaf_128:0-19120
PoolWorker-23 countReadsInRegions_worker: processing 19 (351.0 per sec) @ Ascaf_128:0-19120
PoolWorker-23,  processing 69284 (36424.0 per sec) reads @ Ascaf_75:0-42641
PoolWorker-23 countReadsInRegions_worker: processing 42 (21.3 per sec) @ Ascaf_75:0-42641
PoolWorker-23,  processing 984093 (35039.7 per sec) reads @ chr3:10000000-15000000
PoolWorker-23 countReadsInRegions_worker: processing 5000 (174.7 per sec) @ chr3:10000000-15000000
PoolWorker-23,  processing 5034 (37202.9 per sec) reads @ Ascaf_103:0-30986
PoolWorker-23 countReadsInRegions_worker: processing 30 (170.0 per sec) @ Ascaf_103:0-30986
PoolWorker-23,  processing 6861 (26856.0 per sec) reads @ Ascaf_111:0-25158
PoolWorker-23 countReadsInRegions_worker: processing 25 (84.2 per sec) @ Ascaf_111:0-25158
PoolWorker-23,  processing 978335 (36533.9 per sec) reads @ chr4:15000000-20000000
PoolWorker-23 countReadsInRegions_worker: processing 5000 (183.6 per sec) @ chr4:15000000-20000000
PoolWorker-23,  processing 48224 (34493.3 per sec) reads @ Ascaf_23:0-264707
PoolWorker-23 countReadsInRegions_worker: processing 264 (180.8 per sec) @ Ascaf_23:0-264707
PoolWorker-23,  processing 65787 (36570.8 per sec) reads @ Ascaf_24:0-187591
PoolWorker-23 countReadsInRegions_worker: processing 187 (100.1 per sec) @ Ascaf_24:0-187591
PoolWorker-23,  processing 1165932 (38051.7 per sec) reads @ chr16:15000000-20000000
PoolWorker-23 countReadsInRegions_worker: processing 5000 (161.9 per sec) @ chr16:15000000-20000000
PoolWorker-23,  processing 1032907 (70059.0 per sec) reads @ chr1:25000000-30000000
PoolWorker-23 countReadsInRegions_worker: processing 5000 (334.3 per sec) @ chr1:25000000-30000000
PoolWorker-23,  processing 2592 (86753.1 per sec) reads @ Ascaf_141:0-15738
PoolWorker-23 countReadsInRegions_worker: processing 15 (398.2 per sec) @ Ascaf_141:0-15738
PoolWorker-29,  processing 985210 (34001.4 per sec) reads @ chr21:5000000-10000000
PoolWorker-29 countReadsInRegions_worker: processing 5000 (168.7 per sec) @ chr21:5000000-10000000
PoolWorker-29,  processing 12756 (43903.9 per sec) reads @ Ascaf_69:0-44691
PoolWorker-29 countReadsInRegions_worker: processing 44 (140.3 per sec) @ Ascaf_69:0-44691
PoolWorker-29,  processing 207 (11955.5 per sec) reads @ Ascaf_157:0-3527
PoolWorker-29 countReadsInRegions_worker: processing 3 (118.0 per sec) @ Ascaf_157:0-3527
PoolWorker-29,  processing 1204897 (33997.3 per sec) reads @ chr7:0-5000000
PoolWorker-29 countReadsInRegions_worker: processing 5000 (138.4 per sec) @ chr7:0-5000000
PoolWorker-29,  processing 14236 (38580.5 per sec) reads @ Ascaf_54:0-60000
PoolWorker-29 countReadsInRegions_worker: processing 60 (145.0 per sec) @ Ascaf_54:0-60000
PoolWorker-29,  processing 995499 (34758.0 per sec) reads @ chr9:5000000-10000000
PoolWorker-29 countReadsInRegions_worker: processing 5000 (172.0 per sec) @ chr9:5000000-10000000
PoolWorker-29,  processing 22160 (37869.6 per sec) reads @ Ascaf_73:0-44649
PoolWorker-29 countReadsInRegions_worker: processing 44 (68.3 per sec) @ Ascaf_73:0-44649
PoolWorker-29,  processing 36617 (36706.3 per sec) reads @ Ascaf_90:0-35566
PoolWorker-29 countReadsInRegions_worker: processing 35 (33.6 per sec) @ Ascaf_90:0-35566
PoolWorker-29,  processing 1093 (70515.8 per sec) reads @ Ascaf_160:0-2000
PoolWorker-29 countReadsInRegions_worker: processing 2 (29.0 per sec) @ Ascaf_160:0-2000
PoolWorker-29,  processing 1053954 (35639.0 per sec) reads @ chr10:15000000-19005646
PoolWorker-29 countReadsInRegions_worker: processing 4005 (133.1 per sec) @ chr10:15000000-19005646
PoolWorker-29,  processing 536704 (36414.4 per sec) reads @ Ascaf_89:0-36000
PoolWorker-29 countReadsInRegions_worker: processing 36 (2.4 per sec) @ Ascaf_89:0-36000
PoolWorker-29,  processing 2243 (39486.0 per sec) reads @ Ascaf_152:0-12206
PoolWorker-29 countReadsInRegions_worker: processing 12 (123.6 per sec) @ Ascaf_152:0-12206
PoolWorker-29,  processing 14145 (33465.5 per sec) reads @ Ascaf_86:0-37568
PoolWorker-29 countReadsInRegions_worker: processing 37 (79.5 per sec) @ Ascaf_86:0-37568
PoolWorker-29,  processing 74785 (35173.4 per sec) reads @ Ascaf_37:0-98231
PoolWorker-29 countReadsInRegions_worker: processing 98 (44.7 per sec) @ Ascaf_37:0-98231
PoolWorker-29,  processing 1118 (38868.3 per sec) reads @ Ascaf_156:0-5652
PoolWorker-29 countReadsInRegions_worker: processing 5 (69.5 per sec) @ Ascaf_156:0-5652
PoolWorker-29,  processing 10469 (35802.6 per sec) reads @ Ascaf_102:0-31073
PoolWorker-29 countReadsInRegions_worker: processing 31 (92.6 per sec) @ Ascaf_102:0-31073
PoolWorker-29,  processing 917287 (35027.3 per sec) reads @ chr2:15000000-20000000
PoolWorker-29 countReadsInRegions_worker: processing 5000 (188.2 per sec) @ chr2:15000000-20000000
PoolWorker-29,  processing 1177604 (38734.9 per sec) reads @ chr3:15000000-20000000
PoolWorker-29 countReadsInRegions_worker: processing 5000 (163.1 per sec) @ chr3:15000000-20000000
PoolWorker-29,  processing 1216935 (68163.8 per sec) reads @ chr8:0-5000000
PoolWorker-29 countReadsInRegions_worker: processing 5000 (276.3 per sec) @ chr8:0-5000000
PoolWorker-29,  processing 823965 (83660.2 per sec) reads @ chr20:20000000-22998664
PoolWorker-29 countReadsInRegions_worker: processing 2998 (299.8 per sec) @ chr20:20000000-22998664
output file: /storage/scratch/iee/dj20y461/Stickleback/Y_comp/Sex_chrom_stats/Read_depths/Gw/depths/Gw07_F.1kb.RPKM.depth
