genome partition size for multiprocessing: 1000000
using 16 processors for 657 number of tasks
Final scaling factor: 0.00454405344854
PoolWorker-18,  processing 23971 (73485.6 per sec) reads @ Ascaf_65:0-47651
PoolWorker-18 countReadsInRegions_worker: processing 47 (138.2 per sec) @ Ascaf_65:0-47651
PoolWorker-18,  processing 8307 (24229.8 per sec) reads @ Ascaf_60:0-24766
PoolWorker-18 countReadsInRegions_worker: processing 24 (60.8 per sec) @ Ascaf_60:0-24766
PoolWorker-18,  processing 6428 (38710.3 per sec) reads @ Ascaf_168:0-25000
PoolWorker-18 countReadsInRegions_worker: processing 25 (108.2 per sec) @ Ascaf_168:0-25000
PoolWorker-18,  processing 1949794 (31656.1 per sec) reads @ chr11:13806000-18408000
PoolWorker-18 countReadsInRegions_worker: processing 4602 (72.8 per sec) @ chr11:13806000-18408000
PoolWorker-18,  processing 103 (7768.9 per sec) reads @ Ascaf_165:0-1000
PoolWorker-18 countReadsInRegions_worker: processing 1 (18.4 per sec) @ Ascaf_165:0-1000
PoolWorker-18,  processing 71952 (35847.8 per sec) reads @ Ascaf_119:0-22101
PoolWorker-18 countReadsInRegions_worker: processing 22 (10.6 per sec) @ Ascaf_119:0-22101
PoolWorker-18,  processing 6653 (40272.9 per sec) reads @ Ascaf_56:0-58445
PoolWorker-18 countReadsInRegions_worker: processing 58 (278.1 per sec) @ Ascaf_56:0-58445
PoolWorker-18,  processing 6535 (34281.2 per sec) reads @ Ascaf_141:0-15738
PoolWorker-18 countReadsInRegions_worker: processing 15 (64.1 per sec) @ Ascaf_141:0-15738
PoolWorker-18,  processing 1930336 (32006.9 per sec) reads @ chr1:13806000-18408000
PoolWorker-18 countReadsInRegions_worker: processing 4602 (74.8 per sec) @ chr1:13806000-18408000
PoolWorker-18,  processing 1887437 (31778.9 per sec) reads @ chr5:4602000-9204000
PoolWorker-18 countReadsInRegions_worker: processing 4602 (76.0 per sec) @ chr5:4602000-9204000
PoolWorker-18,  processing 1927492 (31817.2 per sec) reads @ chr10:13806000-18408000
PoolWorker-18 countReadsInRegions_worker: processing 4602 (74.7 per sec) @ chr10:13806000-18408000
PoolWorker-18,  processing 679586 (33366.2 per sec) reads @ chr3:18408000-20313673
PoolWorker-18 countReadsInRegions_worker: processing 1905 (92.1 per sec) @ chr3:18408000-20313673
PoolWorker-18,  processing 36193 (36353.4 per sec) reads @ Ascaf_37:0-98231
PoolWorker-18 countReadsInRegions_worker: processing 98 (93.8 per sec) @ Ascaf_37:0-98231
PoolWorker-18,  processing 344327 (33802.9 per sec) reads @ chr17:23010000-23682274
PoolWorker-18 countReadsInRegions_worker: processing 672 (64.9 per sec) @ chr17:23010000-23682274
PoolWorker-18,  processing 5718 (29232.1 per sec) reads @ Ascaf_130:0-18457
PoolWorker-18 countReadsInRegions_worker: processing 18 (75.3 per sec) @ Ascaf_130:0-18457
PoolWorker-18,  processing 166989 (38199.2 per sec) reads @ Ascaf_89:0-36000
PoolWorker-18 countReadsInRegions_worker: processing 36 (8.1 per sec) @ Ascaf_89:0-36000
PoolWorker-18,  processing 1949647 (32015.3 per sec) reads @ chr9:13806000-18408000
PoolWorker-18 countReadsInRegions_worker: processing 4602 (74.4 per sec) @ chr9:13806000-18408000
PoolWorker-18,  processing 3248 (37691.6 per sec) reads @ Ascaf_140:0-15786
PoolWorker-18 countReadsInRegions_worker: processing 15 (118.2 per sec) @ Ascaf_140:0-15786
PoolWorker-18,  processing 155294 (35675.4 per sec) reads @ Ascaf_34:0-101478
PoolWorker-18 countReadsInRegions_worker: processing 101 (22.6 per sec) @ Ascaf_34:0-101478
PoolWorker-18,  processing 139600 (37438.9 per sec) reads @ Ascaf_39:0-92659
PoolWorker-18 countReadsInRegions_worker: processing 92 (24.0 per sec) @ Ascaf_39:0-92659
PoolWorker-26,  processing 195533 (36466.8 per sec) reads @ Ascaf_26:0-156806
PoolWorker-26 countReadsInRegions_worker: processing 156 (28.5 per sec) @ Ascaf_26:0-156806
PoolWorker-26,  processing 1901128 (31412.8 per sec) reads @ chr6:9204000-13806000
PoolWorker-26 countReadsInRegions_worker: processing 4602 (74.8 per sec) @ chr6:9204000-13806000
PoolWorker-26,  processing 1975536 (31399.0 per sec) reads @ chr2:18408000-23010000
PoolWorker-26 countReadsInRegions_worker: processing 4602 (71.9 per sec) @ chr2:18408000-23010000
PoolWorker-26,  processing 10797 (33397.9 per sec) reads @ Ascaf_66:0-47454
PoolWorker-26 countReadsInRegions_worker: processing 47 (128.5 per sec) @ Ascaf_66:0-47454
PoolWorker-26,  processing 254 (61041.3 per sec) reads @ Ascaf_162:0-1000
PoolWorker-26 countReadsInRegions_worker: processing 1 (22.5 per sec) @ Ascaf_162:0-1000
PoolWorker-26,  processing 5121 (38243.2 per sec) reads @ Ascaf_128:0-19120
PoolWorker-26 countReadsInRegions_worker: processing 19 (108.5 per sec) @ Ascaf_128:0-19120
PoolWorker-26,  processing 1425186 (32217.0 per sec) reads @ chr16:18408000-22188971
PoolWorker-26 countReadsInRegions_worker: processing 3780 (84.1 per sec) @ chr16:18408000-22188971
PoolWorker-26,  processing 512586 (34291.9 per sec) reads @ chr10:18408000-19005646
PoolWorker-26 countReadsInRegions_worker: processing 597 (39.3 per sec) @ chr10:18408000-19005646
PoolWorker-26,  processing 1860473 (33229.1 per sec) reads @ chr6:0-4602000
PoolWorker-26 countReadsInRegions_worker: processing 4602 (80.7 per sec) @ chr6:0-4602000
PoolWorker-26,  processing 488288 (32767.4 per sec) reads @ chr13:23010000-24369283
PoolWorker-26 countReadsInRegions_worker: processing 1359 (89.8 per sec) @ chr13:23010000-24369283
PoolWorker-26,  processing 4098 (38308.3 per sec) reads @ Ascaf_111:0-25158
PoolWorker-26 countReadsInRegions_worker: processing 25 (166.3 per sec) @ Ascaf_111:0-25158
PoolWorker-26,  processing 1905934 (31756.4 per sec) reads @ chr7:9204000-13806000
PoolWorker-26 countReadsInRegions_worker: processing 4602 (75.5 per sec) @ chr7:9204000-13806000
PoolWorker-26,  processing 42855 (35305.4 per sec) reads @ Ascaf_166:0-50000
PoolWorker-26 countReadsInRegions_worker: processing 50 (39.2 per sec) @ Ascaf_166:0-50000
PoolWorker-26,  processing 394565 (33145.2 per sec) reads @ chr9:23010000-24303205
PoolWorker-26 countReadsInRegions_worker: processing 1293 (106.8 per sec) @ chr9:23010000-24303205
PoolWorker-26,  processing 1968491 (34595.1 per sec) reads @ chr3:13806000-18408000
PoolWorker-26 countReadsInRegions_worker: processing 4602 (80.0 per sec) @ chr3:13806000-18408000
PoolWorker-28,  processing 1947805 (31462.6 per sec) reads @ chr2:4602000-9204000
PoolWorker-28 countReadsInRegions_worker: processing 4602 (72.8 per sec) @ chr2:4602000-9204000
PoolWorker-28,  processing 230527 (35077.5 per sec) reads @ Ascaf_32:0-110405
PoolWorker-28 countReadsInRegions_worker: processing 110 (16.4 per sec) @ Ascaf_32:0-110405
PoolWorker-28,  processing 1908796 (32242.9 per sec) reads @ chr4:27612000-32214000
PoolWorker-28 countReadsInRegions_worker: processing 4602 (76.2 per sec) @ chr4:27612000-32214000
PoolWorker-28,  processing 12001 (32679.7 per sec) reads @ Ascaf_67:0-40269
PoolWorker-28 countReadsInRegions_worker: processing 40 (97.2 per sec) @ Ascaf_67:0-40269
PoolWorker-28,  processing 3604521 (33542.1 per sec) reads @ chr19:0-4602000
PoolWorker-28 countReadsInRegions_worker: processing 4602 (42.1 per sec) @ chr19:0-4602000
PoolWorker-28,  processing 1963075 (32619.0 per sec) reads @ chr4:32214000-36816000
PoolWorker-28 countReadsInRegions_worker: processing 4602 (75.3 per sec) @ chr4:32214000-36816000
PoolWorker-28,  processing 9430 (31869.4 per sec) reads @ Ascaf_63:0-51776
PoolWorker-28 countReadsInRegions_worker: processing 51 (145.4 per sec) @ Ascaf_63:0-51776
PoolWorker-28,  processing 7812 (31214.3 per sec) reads @ Ascaf_103:0-30986
PoolWorker-28 countReadsInRegions_worker: processing 30 (98.5 per sec) @ Ascaf_103:0-30986
PoolWorker-28,  processing 5242 (36360.4 per sec) reads @ Ascaf_146:0-15502
PoolWorker-28 countReadsInRegions_worker: processing 15 (81.0 per sec) @ Ascaf_146:0-15502
PoolWorker-28,  processing 1939444 (32424.2 per sec) reads @ chr20:9204000-13806000
PoolWorker-28 countReadsInRegions_worker: processing 4602 (75.6 per sec) @ chr20:9204000-13806000
PoolWorker-32,  processing 122574 (34725.0 per sec) reads @ chr8:23010000-23122080
PoolWorker-32 countReadsInRegions_worker: processing 112 (31.1 per sec) @ chr8:23010000-23122080
PoolWorker-32,  processing 17132 (33409.8 per sec) reads @ Ascaf_61:0-54508
PoolWorker-32 countReadsInRegions_worker: processing 54 (96.8 per sec) @ Ascaf_61:0-54508
PoolWorker-32,  processing 1796541 (31422.5 per sec) reads @ chr1:0-4602000
PoolWorker-32 countReadsInRegions_worker: processing 4602 (79.0 per sec) @ chr1:0-4602000
PoolWorker-32,  processing 15913 (33770.1 per sec) reads @ Ascaf_68:0-47437
PoolWorker-32 countReadsInRegions_worker: processing 47 (90.9 per sec) @ Ascaf_68:0-47437
PoolWorker-32,  processing 253198 (37252.0 per sec) reads @ Ascaf_45:0-74461
PoolWorker-32 countReadsInRegions_worker: processing 74 (10.7 per sec) @ Ascaf_45:0-74461
PoolWorker-32,  processing 7779 (31124.6 per sec) reads @ Ascaf_134:0-17659
PoolWorker-32 countReadsInRegions_worker: processing 17 (57.8 per sec) @ Ascaf_134:0-17659
PoolWorker-32,  processing 1991823 (31043.1 per sec) reads @ chr21:4602000-9204000
PoolWorker-32 countReadsInRegions_worker: processing 4602 (70.4 per sec) @ chr21:4602000-9204000
PoolWorker-32,  processing 3322 (62314.9 per sec) reads @ Ascaf_151:0-13242
PoolWorker-32 countReadsInRegions_worker: processing 13 (208.5 per sec) @ Ascaf_151:0-13242
PoolWorker-32,  processing 81123 (36282.3 per sec) reads @ Ascaf_113:0-24387
PoolWorker-32 countReadsInRegions_worker: processing 24 (10.2 per sec) @ Ascaf_113:0-24387
PoolWorker-32,  processing 2054480 (31568.5 per sec) reads @ chr15:9204000-13806000
PoolWorker-32 countReadsInRegions_worker: processing 4602 (69.6 per sec) @ chr15:9204000-13806000
PoolWorker-32,  processing 4488 (38589.9 per sec) reads @ Ascaf_150:0-13271
PoolWorker-32 countReadsInRegions_worker: processing 13 (82.8 per sec) @ Ascaf_150:0-13271
PoolWorker-32,  processing 28271 (30786.7 per sec) reads @ Ascaf_47:0-72017
PoolWorker-32 countReadsInRegions_worker: processing 72 (74.7 per sec) @ Ascaf_47:0-72017
PoolWorker-32,  processing 25932 (34099.3 per sec) reads @ Ascaf_46:0-73387
PoolWorker-32 countReadsInRegions_worker: processing 73 (90.5 per sec) @ Ascaf_46:0-73387
PoolWorker-32,  processing 1057 (30197.5 per sec) reads @ Ascaf_102:0-31073
PoolWorker-32 countReadsInRegions_worker: processing 31 (408.3 per sec) @ Ascaf_102:0-31073
PoolWorker-32,  processing 145627 (38057.0 per sec) reads @ Ascaf_98:0-33222
PoolWorker-32 countReadsInRegions_worker: processing 33 (8.4 per sec) @ Ascaf_98:0-33222
PoolWorker-32,  processing 1782777 (32290.9 per sec) reads @ chr12:0-4602000
PoolWorker-32 countReadsInRegions_worker: processing 4602 (82.0 per sec) @ chr12:0-4602000
PoolWorker-32,  processing 1269 (11898.1 per sec) reads @ Ascaf_158:0-3231
PoolWorker-32 countReadsInRegions_worker: processing 3 (20.3 per sec) @ Ascaf_158:0-3231
PoolWorker-32,  processing 42813 (36882.6 per sec) reads @ Ascaf_79:0-41364
PoolWorker-32 countReadsInRegions_worker: processing 41 (33.5 per sec) @ Ascaf_79:0-41364
PoolWorker-32,  processing 1885833 (32247.6 per sec) reads @ chr16:0-4602000
PoolWorker-32 countReadsInRegions_worker: processing 4602 (77.4 per sec) @ chr16:0-4602000
PoolWorker-32,  processing 100743 (35990.7 per sec) reads @ Ascaf_36:0-98486
PoolWorker-32 countReadsInRegions_worker: processing 98 (34.1 per sec) @ Ascaf_36:0-98486
PoolWorker-32,  processing 15399 (27118.6 per sec) reads @ Ascaf_94:0-33862
PoolWorker-32 countReadsInRegions_worker: processing 33 (52.7 per sec) @ Ascaf_94:0-33862
PoolWorker-32,  processing 9107 (36239.1 per sec) reads @ Ascaf_167:0-25000
PoolWorker-32 countReadsInRegions_worker: processing 25 (85.2 per sec) @ Ascaf_167:0-25000
PoolWorker-32,  processing 35923 (29357.6 per sec) reads @ Ascaf_40:0-90738
PoolWorker-32 countReadsInRegions_worker: processing 90 (70.7 per sec) @ Ascaf_40:0-90738
PoolWorker-32,  processing 10907 (33455.0 per sec) reads @ Ascaf_109:0-28244
PoolWorker-32 countReadsInRegions_worker: processing 28 (77.9 per sec) @ Ascaf_109:0-28244
PoolWorker-32,  processing 1999090 (34300.4 per sec) reads @ chr12:18408000-23010000
PoolWorker-32 countReadsInRegions_worker: processing 4602 (77.7 per sec) @ chr12:18408000-23010000
PoolWorker-25,  processing 4113 (14436.3 per sec) reads @ Ascaf_145:0-15510
PoolWorker-25 countReadsInRegions_worker: processing 15 (48.2 per sec) @ Ascaf_145:0-15510
PoolWorker-25,  processing 28375 (31566.1 per sec) reads @ Ascaf_84:0-38148
PoolWorker-25 countReadsInRegions_worker: processing 38 (40.4 per sec) @ Ascaf_84:0-38148
PoolWorker-25,  processing 32371 (35526.8 per sec) reads @ Ascaf_23:0-264707
PoolWorker-25 countReadsInRegions_worker: processing 264 (269.6 per sec) @ Ascaf_23:0-264707
PoolWorker-25,  processing 2310 (51788.2 per sec) reads @ Ascaf_142:0-15730
PoolWorker-25 countReadsInRegions_worker: processing 15 (140.4 per sec) @ Ascaf_142:0-15730
PoolWorker-25,  processing 47284 (37965.8 per sec) reads @ Ascaf_124:0-19772
PoolWorker-25 countReadsInRegions_worker: processing 19 (14.5 per sec) @ Ascaf_124:0-19772
PoolWorker-25,  processing 1950708 (32170.7 per sec) reads @ chr14:0-4602000
PoolWorker-25 countReadsInRegions_worker: processing 4602 (74.0 per sec) @ chr14:0-4602000
PoolWorker-25,  processing 1892076 (30607.8 per sec) reads @ chr14:4602000-9204000
PoolWorker-25 countReadsInRegions_worker: processing 4602 (73.1 per sec) @ chr14:4602000-9204000
PoolWorker-25,  processing 11508 (36360.4 per sec) reads @ Ascaf_105:0-29809
PoolWorker-25 countReadsInRegions_worker: processing 29 (80.8 per sec) @ Ascaf_105:0-29809
PoolWorker-25,  processing 8288 (33922.3 per sec) reads @ Ascaf_121:0-21431
PoolWorker-25 countReadsInRegions_worker: processing 21 (73.5 per sec) @ Ascaf_121:0-21431
PoolWorker-25,  processing 1847510 (32147.4 per sec) reads @ chr13:4602000-9204000
PoolWorker-25 countReadsInRegions_worker: processing 4602 (78.7 per sec) @ chr13:4602000-9204000
PoolWorker-25,  processing 13073 (33558.1 per sec) reads @ Ascaf_91:0-34837
PoolWorker-25 countReadsInRegions_worker: processing 34 (78.6 per sec) @ Ascaf_91:0-34837
PoolWorker-25,  processing 1869867 (31752.5 per sec) reads @ chr1:27612000-32214000
PoolWorker-25 countReadsInRegions_worker: processing 4602 (76.9 per sec) @ chr1:27612000-32214000
PoolWorker-25,  processing 1965136 (31962.0 per sec) reads @ chr16:4602000-9204000
PoolWorker-25 countReadsInRegions_worker: processing 4602 (73.7 per sec) @ chr16:4602000-9204000
PoolWorker-25,  processing 13774 (24266.4 per sec) reads @ Ascaf_80:0-41014
PoolWorker-25 countReadsInRegions_worker: processing 41 (67.2 per sec) @ Ascaf_80:0-41014
PoolWorker-25,  processing 12730 (35088.7 per sec) reads @ Ascaf_101:0-31946
PoolWorker-25 countReadsInRegions_worker: processing 31 (74.1 per sec) @ Ascaf_101:0-31946
PoolWorker-25,  processing 24335 (35726.9 per sec) reads @ Ascaf_107:0-29490
PoolWorker-25 countReadsInRegions_worker: processing 29 (39.1 per sec) @ Ascaf_107:0-29490
PoolWorker-25,  processing 1776005 (32228.2 per sec) reads @ chr7:27612000-32214000
PoolWorker-25 countReadsInRegions_worker: processing 4602 (82.3 per sec) @ chr7:27612000-32214000
PoolWorker-25,  processing 98342 (42873.9 per sec) reads @ Ascaf_96:0-33398
PoolWorker-25 countReadsInRegions_worker: processing 33 (14.0 per sec) @ Ascaf_96:0-33398
PoolWorker-25,  processing 90519 (38494.2 per sec) reads @ Ascaf_50:0-70692
PoolWorker-25 countReadsInRegions_worker: processing 70 (28.9 per sec) @ Ascaf_50:0-70692
PoolWorker-25,  processing 924552 (39324.8 per sec) reads @ chr15:18408000-20219940
PoolWorker-25 countReadsInRegions_worker: processing 1811 (76.3 per sec) @ chr15:18408000-20219940
PoolWorker-21,  processing 2303082 (30977.1 per sec) reads @ chr7:4602000-9204000
PoolWorker-21 countReadsInRegions_worker: processing 4602 (60.6 per sec) @ chr7:4602000-9204000
PoolWorker-21,  processing 7445 (28580.1 per sec) reads @ Ascaf_131:0-18319
PoolWorker-21 countReadsInRegions_worker: processing 18 (66.3 per sec) @ Ascaf_131:0-18319
PoolWorker-21,  processing 2073630 (31989.9 per sec) reads @ chr13:9204000-13806000
PoolWorker-21 countReadsInRegions_worker: processing 4602 (69.8 per sec) @ chr13:9204000-13806000
PoolWorker-21,  processing 8903 (26977.7 per sec) reads @ Ascaf_126:0-19574
PoolWorker-21 countReadsInRegions_worker: processing 19 (50.8 per sec) @ Ascaf_126:0-19574
PoolWorker-21,  processing 5187 (35902.2 per sec) reads @ Ascaf_152:0-12206
PoolWorker-21 countReadsInRegions_worker: processing 12 (64.7 per sec) @ Ascaf_152:0-12206
PoolWorker-21,  processing 783 (59457.6 per sec) reads @ Ascaf_157:0-3527
PoolWorker-21 countReadsInRegions_worker: processing 3 (54.2 per sec) @ Ascaf_157:0-3527
PoolWorker-21,  processing 9208 (28019.1 per sec) reads @ Ascaf_97:0-33357
PoolWorker-21 countReadsInRegions_worker: processing 33 (89.0 per sec) @ Ascaf_97:0-33357
PoolWorker-21,  processing 150887 (36423.3 per sec) reads @ chr5:18408000-18670498
PoolWorker-21 countReadsInRegions_worker: processing 262 (61.8 per sec) @ chr5:18408000-18670498
PoolWorker-21,  processing 1938742 (32921.0 per sec) reads @ chr7:18408000-23010000
PoolWorker-21 countReadsInRegions_worker: processing 4602 (76.7 per sec) @ chr7:18408000-23010000
PoolWorker-21,  processing 9684 (26074.9 per sec) reads @ Ascaf_169:0-50000
PoolWorker-21 countReadsInRegions_worker: processing 50 (114.5 per sec) @ Ascaf_169:0-50000
PoolWorker-21,  processing 369848 (36305.1 per sec) reads @ Ascaf_42:0-86089
PoolWorker-21 countReadsInRegions_worker: processing 86 (8.3 per sec) @ Ascaf_42:0-86089
PoolWorker-21,  processing 1928750 (31920.8 per sec) reads @ chr17:4602000-9204000
PoolWorker-21 countReadsInRegions_worker: processing 4602 (75.0 per sec) @ chr17:4602000-9204000
PoolWorker-21,  processing 6559 (24241.2 per sec) reads @ Ascaf_55:0-59833
PoolWorker-21 countReadsInRegions_worker: processing 59 (187.9 per sec) @ Ascaf_55:0-59833
PoolWorker-21,  processing 109644 (37132.9 per sec) reads @ Ascaf_30:0-130979
PoolWorker-21 countReadsInRegions_worker: processing 130 (43.0 per sec) @ Ascaf_30:0-130979
PoolWorker-21,  processing 16608 (33534.0 per sec) reads @ Ascaf_78:0-41577
PoolWorker-21 countReadsInRegions_worker: processing 41 (75.8 per sec) @ Ascaf_78:0-41577
PoolWorker-21,  processing 7083 (36175.4 per sec) reads @ Ascaf_132:0-17867
PoolWorker-21 countReadsInRegions_worker: processing 17 (67.9 per sec) @ Ascaf_132:0-17867
PoolWorker-21,  processing 198 (48877.2 per sec) reads @ Ascaf_163:0-1000
PoolWorker-21 countReadsInRegions_worker: processing 1 (22.4 per sec) @ Ascaf_163:0-1000
PoolWorker-21,  processing 94130 (35133.3 per sec) reads @ Ascaf_72:0-46000
PoolWorker-21 countReadsInRegions_worker: processing 46 (16.7 per sec) @ Ascaf_72:0-46000
PoolWorker-21,  processing 1970760 (31799.5 per sec) reads @ chr13:13806000-18408000
PoolWorker-21 countReadsInRegions_worker: processing 4602 (73.1 per sec) @ chr13:13806000-18408000
PoolWorker-21,  processing 2044939 (36150.7 per sec) reads @ chr7:0-4602000
PoolWorker-21 countReadsInRegions_worker: processing 4602 (80.0 per sec) @ chr7:0-4602000
PoolWorker-31,  processing 1810771 (31077.3 per sec) reads @ chr15:13806000-18408000
PoolWorker-31 countReadsInRegions_worker: processing 4602 (77.3 per sec) @ chr15:13806000-18408000
PoolWorker-31,  processing 2088950 (32886.9 per sec) reads @ chr1:9204000-13806000
PoolWorker-31 countReadsInRegions_worker: processing 4602 (71.0 per sec) @ chr1:9204000-13806000
PoolWorker-31,  processing 2671430 (32839.9 per sec) reads @ chr7:13806000-18408000
PoolWorker-31 countReadsInRegions_worker: processing 4602 (55.5 per sec) @ chr7:13806000-18408000
PoolWorker-31,  processing 20257 (34643.9 per sec) reads @ Ascaf_58:0-57612
PoolWorker-31 countReadsInRegions_worker: processing 57 (90.5 per sec) @ Ascaf_58:0-57612
PoolWorker-31,  processing 1948994 (31944.1 per sec) reads @ chr21:9204000-13806000
PoolWorker-31 countReadsInRegions_worker: processing 4602 (74.2 per sec) @ chr21:9204000-13806000
PoolWorker-31,  processing 1083711 (32360.9 per sec) reads @ chr6:18408000-21248438
PoolWorker-31 countReadsInRegions_worker: processing 2840 (83.6 per sec) @ chr6:18408000-21248438
PoolWorker-31,  processing 1649128 (32378.0 per sec) reads @ chr21:0-4602000
PoolWorker-31 countReadsInRegions_worker: processing 4602 (88.8 per sec) @ chr21:0-4602000
PoolWorker-31,  processing 3557 (35009.2 per sec) reads @ Ascaf_153:0-10046
PoolWorker-31 countReadsInRegions_worker: processing 10 (69.3 per sec) @ Ascaf_153:0-10046
PoolWorker-31,  processing 664246 (36924.1 per sec) reads @ chr1:32214000-33917795
PoolWorker-31 countReadsInRegions_worker: processing 1703 (93.8 per sec) @ chr1:32214000-33917795
PoolWorker-31,  processing 1835073 (45280.7 per sec) reads @ chr2:23010000-26977752
PoolWorker-31 countReadsInRegions_worker: processing 3967 (96.9 per sec) @ chr2:23010000-26977752
PoolWorker-24,  processing 48397 (33730.9 per sec) reads @ Ascaf_48:0-71747
PoolWorker-24 countReadsInRegions_worker: processing 71 (47.9 per sec) @ Ascaf_48:0-71747
PoolWorker-24,  processing 6973 (35878.7 per sec) reads @ Ascaf_123:0-20153
PoolWorker-24 countReadsInRegions_worker: processing 20 (77.7 per sec) @ Ascaf_123:0-20153
PoolWorker-24,  processing 1853075 (31898.4 per sec) reads @ chr20:0-4602000
PoolWorker-24 countReadsInRegions_worker: processing 4602 (77.3 per sec) @ chr20:0-4602000
PoolWorker-24,  processing 1844216 (32636.7 per sec) reads @ chr4:13806000-18408000
PoolWorker-24 countReadsInRegions_worker: processing 4602 (79.9 per sec) @ chr4:13806000-18408000
PoolWorker-24,  processing 32422 (32152.0 per sec) reads @ Ascaf_52:0-64568
PoolWorker-24 countReadsInRegions_worker: processing 64 (54.0 per sec) @ Ascaf_52:0-64568
PoolWorker-24,  processing 1832160 (32262.0 per sec) reads @ chr17:18408000-23010000
PoolWorker-24 countReadsInRegions_worker: processing 4602 (79.5 per sec) @ chr17:18408000-23010000
PoolWorker-24,  processing 2336 (14537.8 per sec) reads @ Ascaf_54:0-60000
PoolWorker-24 countReadsInRegions_worker: processing 60 (281.4 per sec) @ Ascaf_54:0-60000
PoolWorker-24,  processing 15781 (31767.5 per sec) reads @ Ascaf_77:0-41997
PoolWorker-24 countReadsInRegions_worker: processing 41 (76.0 per sec) @ Ascaf_77:0-41997
PoolWorker-24,  processing 1998938 (32066.9 per sec) reads @ chr16:9204000-13806000
PoolWorker-24 countReadsInRegions_worker: processing 4602 (72.6 per sec) @ chr16:9204000-13806000
PoolWorker-24,  processing 628188 (33320.6 per sec) reads @ chr21:18408000-19873525
PoolWorker-24 countReadsInRegions_worker: processing 1465 (76.3 per sec) @ chr21:18408000-19873525
PoolWorker-24,  processing 1958015 (31791.4 per sec) reads @ chr19:9204000-13806000
PoolWorker-24 countReadsInRegions_worker: processing 4602 (73.6 per sec) @ chr19:9204000-13806000
PoolWorker-24,  processing 1809381 (33574.6 per sec) reads @ chr5:0-4602000
PoolWorker-24 countReadsInRegions_worker: processing 4602 (83.9 per sec) @ chr5:0-4602000
PoolWorker-24,  processing 8282 (20910.9 per sec) reads @ Ascaf_117:0-22832
PoolWorker-24 countReadsInRegions_worker: processing 22 (50.2 per sec) @ Ascaf_117:0-22832
PoolWorker-24,  processing 2111 (51544.6 per sec) reads @ Ascaf_118:0-22120
PoolWorker-24 countReadsInRegions_worker: processing 22 (230.2 per sec) @ Ascaf_118:0-22120
PoolWorker-24,  processing 1921611 (48961.5 per sec) reads @ chr8:13806000-18408000
PoolWorker-24 countReadsInRegions_worker: processing 4602 (115.8 per sec) @ chr8:13806000-18408000
PoolWorker-17,  processing 1963963 (31420.0 per sec) reads @ chr3:4602000-9204000
PoolWorker-17 countReadsInRegions_worker: processing 4602 (72.1 per sec) @ chr3:4602000-9204000
PoolWorker-17,  processing 2001370 (31879.5 per sec) reads @ chr12:4602000-9204000
PoolWorker-17 countReadsInRegions_worker: processing 4602 (71.8 per sec) @ chr12:4602000-9204000
PoolWorker-17,  processing 6109 (32726.1 per sec) reads @ Ascaf_147:0-15099
PoolWorker-17 countReadsInRegions_worker: processing 15 (65.1 per sec) @ Ascaf_147:0-15099
PoolWorker-17,  processing 15464 (26520.7 per sec) reads @ Ascaf_76:0-42514
PoolWorker-17 countReadsInRegions_worker: processing 42 (65.6 per sec) @ Ascaf_76:0-42514
PoolWorker-17,  processing 34955 (37125.9 per sec) reads @ Ascaf_64:0-51000
PoolWorker-17 countReadsInRegions_worker: processing 51 (50.9 per sec) @ Ascaf_64:0-51000
PoolWorker-17,  processing 39246 (33057.5 per sec) reads @ Ascaf_49:0-70996
PoolWorker-17 countReadsInRegions_worker: processing 70 (56.0 per sec) @ Ascaf_49:0-70996
PoolWorker-17,  processing 2444491 (32679.2 per sec) reads @ chr8:4602000-9204000
PoolWorker-17 countReadsInRegions_worker: processing 4602 (60.5 per sec) @ chr8:4602000-9204000
PoolWorker-17,  processing 1980262 (32225.9 per sec) reads @ chr19:13806000-18408000
PoolWorker-17 countReadsInRegions_worker: processing 4602 (73.9 per sec) @ chr19:13806000-18408000
PoolWorker-17,  processing 3041 (40627.4 per sec) reads @ Ascaf_155:0-6589
PoolWorker-17 countReadsInRegions_worker: processing 6 (50.7 per sec) @ Ascaf_155:0-6589
PoolWorker-17,  processing 13821 (36385.6 per sec) reads @ Ascaf_81:0-40000
PoolWorker-17 countReadsInRegions_worker: processing 40 (94.2 per sec) @ Ascaf_81:0-40000
PoolWorker-17,  processing 2606 (17288.1 per sec) reads @ Ascaf_154:0-6709
PoolWorker-17 countReadsInRegions_worker: processing 6 (32.9 per sec) @ Ascaf_154:0-6709
PoolWorker-17,  processing 1867421 (32452.1 per sec) reads @ chr19:4602000-9204000
PoolWorker-17 countReadsInRegions_worker: processing 4602 (78.7 per sec) @ chr19:4602000-9204000
PoolWorker-17,  processing 1818111 (34439.3 per sec) reads @ chr11:0-4602000
PoolWorker-17 countReadsInRegions_worker: processing 4602 (85.8 per sec) @ chr11:0-4602000
PoolWorker-17,  processing 7037 (24166.9 per sec) reads @ Ascaf_135:0-17087
PoolWorker-17 countReadsInRegions_worker: processing 17 (50.7 per sec) @ Ascaf_135:0-17087
PoolWorker-17,  processing 1906201 (49099.3 per sec) reads @ chr18:4602000-9204000
PoolWorker-17 countReadsInRegions_worker: processing 4602 (117.0 per sec) @ chr18:4602000-9204000
PoolWorker-27,  processing 1937278 (31102.5 per sec) reads @ chr5:9204000-13806000
PoolWorker-27 countReadsInRegions_worker: processing 4602 (72.3 per sec) @ chr5:9204000-13806000
PoolWorker-27,  processing 82769 (34167.7 per sec) reads @ Ascaf_24:0-187591
PoolWorker-27 countReadsInRegions_worker: processing 187 (74.5 per sec) @ Ascaf_24:0-187591
PoolWorker-27,  processing 1945007 (32080.0 per sec) reads @ chr15:4602000-9204000
PoolWorker-27 countReadsInRegions_worker: processing 4602 (74.3 per sec) @ chr15:4602000-9204000
PoolWorker-27,  processing 13986 (27736.6 per sec) reads @ Ascaf_88:0-36907
PoolWorker-27 countReadsInRegions_worker: processing 36 (66.3 per sec) @ Ascaf_88:0-36907
PoolWorker-27,  processing 12133 (35158.8 per sec) reads @ Ascaf_85:0-37890
PoolWorker-27 countReadsInRegions_worker: processing 37 (91.8 per sec) @ Ascaf_85:0-37890
PoolWorker-27,  processing 1736865 (31821.7 per sec) reads @ chr10:0-4602000
PoolWorker-27 countReadsInRegions_worker: processing 4602 (82.6 per sec) @ chr10:0-4602000
PoolWorker-27,  processing 5502 (37176.2 per sec) reads @ Ascaf_138:0-16696
PoolWorker-27 countReadsInRegions_worker: processing 16 (87.9 per sec) @ Ascaf_138:0-16696
PoolWorker-27,  processing 1796335 (32198.9 per sec) reads @ chr20:18408000-22998664
PoolWorker-27 countReadsInRegions_worker: processing 4590 (81.0 per sec) @ chr20:18408000-22998664
PoolWorker-27,  processing 2193118 (32099.2 per sec) reads @ chr19:18408000-23010000
PoolWorker-27 countReadsInRegions_worker: processing 4602 (66.2 per sec) @ chr19:18408000-23010000
PoolWorker-27,  processing 48498 (37992.0 per sec) reads @ Ascaf_137:0-17000
PoolWorker-27 countReadsInRegions_worker: processing 17 (12.8 per sec) @ Ascaf_137:0-17000
PoolWorker-27,  processing 120041 (36914.3 per sec) reads @ Ascaf_33:0-106103
PoolWorker-27 countReadsInRegions_worker: processing 106 (30.3 per sec) @ Ascaf_33:0-106103
PoolWorker-27,  processing 1916715 (32662.8 per sec) reads @ chr14:13806000-18408000
PoolWorker-27 countReadsInRegions_worker: processing 4602 (77.3 per sec) @ chr14:13806000-18408000
PoolWorker-27,  processing 62853 (37026.6 per sec) reads @ Ascaf_35:0-99371
PoolWorker-27 countReadsInRegions_worker: processing 99 (56.1 per sec) @ Ascaf_35:0-99371
PoolWorker-27,  processing 12436 (31200.9 per sec) reads @ Ascaf_99:0-33167
PoolWorker-27 countReadsInRegions_worker: processing 33 (74.8 per sec) @ Ascaf_99:0-33167
PoolWorker-27,  processing 1937883 (43437.5 per sec) reads @ chr1:18408000-23010000
PoolWorker-27 countReadsInRegions_worker: processing 4602 (101.8 per sec) @ chr1:18408000-23010000
PoolWorker-23,  processing 10880 (73492.2 per sec) reads @ Ascaf_31:0-121444
PoolWorker-23 countReadsInRegions_worker: processing 121 (724.9 per sec) @ Ascaf_31:0-121444
PoolWorker-23,  processing 1819401 (31701.8 per sec) reads @ chr8:18408000-23010000
PoolWorker-23 countReadsInRegions_worker: processing 4602 (78.5 per sec) @ chr8:18408000-23010000
PoolWorker-23,  processing 1516792 (32060.2 per sec) reads @ chr4:36816000-40647937
PoolWorker-23 countReadsInRegions_worker: processing 3831 (79.5 per sec) @ chr4:36816000-40647937
PoolWorker-23,  processing 1904444 (32185.0 per sec) reads @ chr17:13806000-18408000
PoolWorker-23 countReadsInRegions_worker: processing 4602 (76.6 per sec) @ chr17:13806000-18408000
PoolWorker-23,  processing 13231 (35879.9 per sec) reads @ Ascaf_106:0-29590
PoolWorker-23 countReadsInRegions_worker: processing 29 (70.5 per sec) @ Ascaf_106:0-29590
PoolWorker-23,  processing 2218146 (33106.9 per sec) reads @ chr17:9204000-13806000
PoolWorker-23 countReadsInRegions_worker: processing 4602 (67.6 per sec) @ chr17:9204000-13806000
PoolWorker-23,  processing 55454 (37469.2 per sec) reads @ Ascaf_110:0-27536
PoolWorker-23 countReadsInRegions_worker: processing 27 (17.7 per sec) @ Ascaf_110:0-27536
PoolWorker-23,  processing 142229 (35517.1 per sec) reads @ Ascaf_25:0-178627
PoolWorker-23 countReadsInRegions_worker: processing 178 (43.3 per sec) @ Ascaf_25:0-178627
PoolWorker-23,  processing 1991511 (31985.1 per sec) reads @ chr20:4602000-9204000
PoolWorker-23 countReadsInRegions_worker: processing 4602 (72.8 per sec) @ chr20:4602000-9204000
PoolWorker-23,  processing 6398 (40270.9 per sec) reads @ Ascaf_148:0-14976
PoolWorker-23 countReadsInRegions_worker: processing 14 (69.2 per sec) @ Ascaf_148:0-14976
PoolWorker-23,  processing 1926854 (32850.1 per sec) reads @ chr5:13806000-18408000
PoolWorker-23 countReadsInRegions_worker: processing 4602 (77.4 per sec) @ chr5:13806000-18408000
PoolWorker-23,  processing 13837 (39067.9 per sec) reads @ Ascaf_73:0-44649
PoolWorker-23 countReadsInRegions_worker: processing 44 (108.0 per sec) @ Ascaf_73:0-44649
PoolWorker-23,  processing 2377 (17030.0 per sec) reads @ Ascaf_156:0-5652
PoolWorker-23 countReadsInRegions_worker: processing 5 (27.5 per sec) @ Ascaf_156:0-5652
PoolWorker-23,  processing 1979040 (41037.4 per sec) reads @ chr9:9204000-13806000
PoolWorker-23 countReadsInRegions_worker: processing 4602 (93.8 per sec) @ chr9:9204000-13806000
PoolWorker-23,  processing 657673 (62911.4 per sec) reads @ chr7:32214000-33914388
PoolWorker-23 countReadsInRegions_worker: processing 1700 (159.9 per sec) @ chr7:32214000-33914388
PoolWorker-30,  processing 60434 (58659.8 per sec) reads @ Ascaf_29:0-143722
PoolWorker-30 countReadsInRegions_worker: processing 143 (134.0 per sec) @ Ascaf_29:0-143722
PoolWorker-30,  processing 1440 (70481.0 per sec) reads @ Ascaf_82:0-39089
PoolWorker-30 countReadsInRegions_worker: processing 39 (1339.2 per sec) @ Ascaf_82:0-39089
PoolWorker-30,  processing 537 (60602.2 per sec) reads @ Ascaf_164:0-1000
PoolWorker-30 countReadsInRegions_worker: processing 1 (58.5 per sec) @ Ascaf_164:0-1000
PoolWorker-30,  processing 30182 (35182.6 per sec) reads @ Ascaf_90:0-35566
PoolWorker-30 countReadsInRegions_worker: processing 35 (40.2 per sec) @ Ascaf_90:0-35566
PoolWorker-30,  processing 1858948 (31379.4 per sec) reads @ chr3:0-4602000
PoolWorker-30 countReadsInRegions_worker: processing 4602 (75.9 per sec) @ chr3:0-4602000
PoolWorker-30,  processing 1917945 (30181.0 per sec) reads @ chr18:9204000-13806000
PoolWorker-30 countReadsInRegions_worker: processing 4602 (71.3 per sec) @ chr18:9204000-13806000
PoolWorker-30,  processing 683 (8016.8 per sec) reads @ Ascaf_159:0-3139
PoolWorker-30 countReadsInRegions_worker: processing 3 (2.9 per sec) @ Ascaf_159:0-3139
PoolWorker-30,  processing 193427 (36129.6 per sec) reads @ Ascaf_41:0-90399
PoolWorker-30 countReadsInRegions_worker: processing 90 (16.4 per sec) @ Ascaf_41:0-90399
PoolWorker-30,  processing 5377 (33475.3 per sec) reads @ Ascaf_149:0-13452
PoolWorker-30 countReadsInRegions_worker: processing 13 (64.5 per sec) @ Ascaf_149:0-13452
PoolWorker-30,  processing 109952 (36346.1 per sec) reads @ Ascaf_43:0-83995
PoolWorker-30 countReadsInRegions_worker: processing 83 (26.7 per sec) @ Ascaf_43:0-83995
PoolWorker-30,  processing 2162 (38449.2 per sec) reads @ Ascaf_122:0-20728
PoolWorker-30 countReadsInRegions_worker: processing 20 (202.4 per sec) @ Ascaf_122:0-20728
PoolWorker-30,  processing 7868 (35625.2 per sec) reads @ Ascaf_125:0-19664
PoolWorker-30 countReadsInRegions_worker: processing 19 (72.5 per sec) @ Ascaf_125:0-19664
PoolWorker-30,  processing 326 (63585.5 per sec) reads @ Ascaf_160:0-2000
PoolWorker-30 countReadsInRegions_worker: processing 2 (44.0 per sec) @ Ascaf_160:0-2000
PoolWorker-30,  processing 10922 (33931.3 per sec) reads @ Ascaf_104:0-29894
PoolWorker-30 countReadsInRegions_worker: processing 29 (79.6 per sec) @ Ascaf_104:0-29894
PoolWorker-30,  processing 20220 (32187.8 per sec) reads @ Ascaf_133:0-49732
PoolWorker-30 countReadsInRegions_worker: processing 49 (72.7 per sec) @ Ascaf_133:0-49732
PoolWorker-30,  processing 9728 (39216.0 per sec) reads @ Ascaf_161:0-1000
PoolWorker-30 countReadsInRegions_worker: processing 1 (3.3 per sec) @ Ascaf_161:0-1000
PoolWorker-30,  processing 12648 (28215.8 per sec) reads @ Ascaf_86:0-37568
PoolWorker-30 countReadsInRegions_worker: processing 37 (75.4 per sec) @ Ascaf_86:0-37568
PoolWorker-30,  processing 1927625 (31012.5 per sec) reads @ chr20:13806000-18408000
PoolWorker-30 countReadsInRegions_worker: processing 4602 (72.8 per sec) @ chr20:13806000-18408000
PoolWorker-30,  processing 32401 (35092.2 per sec) reads @ Ascaf_71:0-32519
PoolWorker-30 countReadsInRegions_worker: processing 32 (32.5 per sec) @ Ascaf_71:0-32519
PoolWorker-30,  processing 1897921 (31440.7 per sec) reads @ chr9:4602000-9204000
PoolWorker-30 countReadsInRegions_worker: processing 4602 (75.0 per sec) @ chr9:4602000-9204000
PoolWorker-30,  processing 1797548 (32927.2 per sec) reads @ chr18:0-4602000
PoolWorker-30 countReadsInRegions_worker: processing 4602 (82.9 per sec) @ chr18:0-4602000
PoolWorker-30,  processing 162221 (36726.5 per sec) reads @ Ascaf_74:0-44000
PoolWorker-30 countReadsInRegions_worker: processing 44 (9.7 per sec) @ Ascaf_74:0-44000
PoolWorker-30,  processing 3276 (36698.5 per sec) reads @ Ascaf_115:0-24004
PoolWorker-30 countReadsInRegions_worker: processing 24 (184.5 per sec) @ Ascaf_115:0-24004
PoolWorker-30,  processing 1930852 (34835.7 per sec) reads @ chr2:13806000-18408000
PoolWorker-30 countReadsInRegions_worker: processing 4602 (82.2 per sec) @ chr2:13806000-18408000
PoolWorker-30,  processing 1912448 (44283.1 per sec) reads @ chr9:18408000-23010000
PoolWorker-30 countReadsInRegions_worker: processing 4602 (105.0 per sec) @ chr9:18408000-23010000
PoolWorker-22,  processing 12455 (63620.3 per sec) reads @ Ascaf_100:0-32247
PoolWorker-22 countReadsInRegions_worker: processing 32 (154.0 per sec) @ Ascaf_100:0-32247
PoolWorker-22,  processing 142765 (36343.3 per sec) reads @ Ascaf_27:0-155775
PoolWorker-22 countReadsInRegions_worker: processing 155 (38.4 per sec) @ Ascaf_27:0-155775
PoolWorker-22,  processing 1907459 (30993.6 per sec) reads @ chr10:4602000-9204000
PoolWorker-22 countReadsInRegions_worker: processing 4602 (73.4 per sec) @ chr10:4602000-9204000
PoolWorker-22,  processing 11670 (25430.6 per sec) reads @ Ascaf_108:0-29345
PoolWorker-22 countReadsInRegions_worker: processing 29 (57.7 per sec) @ Ascaf_108:0-29345
PoolWorker-22,  processing 7538 (31253.5 per sec) reads @ Ascaf_127:0-19159
PoolWorker-22 countReadsInRegions_worker: processing 19 (66.7 per sec) @ Ascaf_127:0-19159
PoolWorker-22,  processing 256165 (33241.2 per sec) reads @ chr19:23010000-23715829
PoolWorker-22 countReadsInRegions_worker: processing 705 (89.9 per sec) @ chr19:23010000-23715829
PoolWorker-22,  processing 3904 (24443.3 per sec) reads @ Ascaf_139:0-16678
PoolWorker-22 countReadsInRegions_worker: processing 16 (76.1 per sec) @ Ascaf_139:0-16678
PoolWorker-22,  processing 1911267 (31441.2 per sec) reads @ chr1:4602000-9204000
PoolWorker-22 countReadsInRegions_worker: processing 4602 (74.3 per sec) @ chr1:4602000-9204000
PoolWorker-22,  processing 111972 (36623.3 per sec) reads @ Ascaf_120:0-22000
PoolWorker-22 countReadsInRegions_worker: processing 22 (7.0 per sec) @ Ascaf_120:0-22000
PoolWorker-22,  processing 383988 (34426.3 per sec) reads @ chr12:23010000-23704847
PoolWorker-22 countReadsInRegions_worker: processing 694 (61.2 per sec) @ chr12:23010000-23704847
PoolWorker-22,  processing 1846606 (32224.6 per sec) reads @ chr15:0-4602000
PoolWorker-22 countReadsInRegions_worker: processing 4602 (79.0 per sec) @ chr15:0-4602000
PoolWorker-22,  processing 1786912 (32176.9 per sec) reads @ chr2:0-4602000
PoolWorker-22 countReadsInRegions_worker: processing 4602 (81.5 per sec) @ chr2:0-4602000
PoolWorker-22,  processing 1990461 (31850.4 per sec) reads @ chr12:9204000-13806000
PoolWorker-22 countReadsInRegions_worker: processing 4602 (72.5 per sec) @ chr12:9204000-13806000
PoolWorker-22,  processing 16847 (30772.2 per sec) reads @ Ascaf_93:0-34038
PoolWorker-22 countReadsInRegions_worker: processing 34 (57.4 per sec) @ Ascaf_93:0-34038
PoolWorker-22,  processing 315529 (34766.7 per sec) reads @ chr11:18408000-19299255
PoolWorker-22 countReadsInRegions_worker: processing 891 (96.5 per sec) @ chr11:18408000-19299255
PoolWorker-22,  processing 118901 (36364.0 per sec) reads @ Ascaf_53:0-64139
PoolWorker-22 countReadsInRegions_worker: processing 64 (19.1 per sec) @ Ascaf_53:0-64139
PoolWorker-22,  processing 6032 (19661.5 per sec) reads @ Ascaf_144:0-15519
PoolWorker-22 countReadsInRegions_worker: processing 15 (42.8 per sec) @ Ascaf_144:0-15519
PoolWorker-22,  processing 78837 (35390.8 per sec) reads @ Ascaf_75:0-42641
PoolWorker-22 countReadsInRegions_worker: processing 42 (18.3 per sec) @ Ascaf_75:0-42641
PoolWorker-22,  processing 2008633 (36963.7 per sec) reads @ chr16:13806000-18408000
PoolWorker-22 countReadsInRegions_worker: processing 4602 (83.9 per sec) @ chr16:13806000-18408000
PoolWorker-22,  processing 1952554 (62272.4 per sec) reads @ chr2:9204000-13806000
PoolWorker-22 countReadsInRegions_worker: processing 4602 (144.7 per sec) @ chr2:9204000-13806000
PoolWorker-20,  processing 4655 (15422.1 per sec) reads @ Ascaf_143:0-15560
PoolWorker-20 countReadsInRegions_worker: processing 15 (48.1 per sec) @ Ascaf_143:0-15560
PoolWorker-20,  processing 1786500 (32597.4 per sec) reads @ chr4:18408000-23010000
PoolWorker-20 countReadsInRegions_worker: processing 4602 (82.0 per sec) @ chr4:18408000-23010000
PoolWorker-20,  processing 2214362 (32737.9 per sec) reads @ chr13:0-4602000
PoolWorker-20 countReadsInRegions_worker: processing 4602 (66.4 per sec) @ chr13:0-4602000
PoolWorker-20,  processing 18320 (34655.4 per sec) reads @ Ascaf_62:0-52951
PoolWorker-20 countReadsInRegions_worker: processing 52 (91.0 per sec) @ Ascaf_62:0-52951
PoolWorker-20,  processing 1827389 (31679.2 per sec) reads @ chr18:13806000-18408000
PoolWorker-20 countReadsInRegions_worker: processing 4602 (78.6 per sec) @ chr18:13806000-18408000
PoolWorker-20,  processing 20201 (36672.8 per sec) reads @ Ascaf_92:0-34608
PoolWorker-20 countReadsInRegions_worker: processing 34 (57.0 per sec) @ Ascaf_92:0-34608
PoolWorker-20,  processing 1939260 (31764.6 per sec) reads @ chr4:4602000-9204000
PoolWorker-20 countReadsInRegions_worker: processing 4602 (74.0 per sec) @ chr4:4602000-9204000
PoolWorker-20,  processing 24017 (31343.3 per sec) reads @ Ascaf_51:0-70629
PoolWorker-20 countReadsInRegions_worker: processing 70 (86.1 per sec) @ Ascaf_51:0-70629
PoolWorker-20,  processing 81635 (36705.9 per sec) reads @ Ascaf_38:0-95573
PoolWorker-20 countReadsInRegions_worker: processing 95 (41.4 per sec) @ Ascaf_38:0-95573
PoolWorker-20,  processing 16707 (29162.5 per sec) reads @ Ascaf_83:0-38959
PoolWorker-20 countReadsInRegions_worker: processing 38 (61.5 per sec) @ Ascaf_83:0-38959
PoolWorker-20,  processing 126442 (37852.3 per sec) reads @ Ascaf_28:0-145740
PoolWorker-20 countReadsInRegions_worker: processing 145 (42.2 per sec) @ Ascaf_28:0-145740
PoolWorker-20,  processing 1984830 (31471.0 per sec) reads @ chr6:4602000-9204000
PoolWorker-20 countReadsInRegions_worker: processing 4602 (71.8 per sec) @ chr6:4602000-9204000
PoolWorker-20,  processing 1979072 (33648.6 per sec) reads @ chr4:9204000-13806000
PoolWorker-20 countReadsInRegions_worker: processing 4602 (76.7 per sec) @ chr4:9204000-13806000
PoolWorker-20,  processing 1829582 (46210.3 per sec) reads @ chr17:0-4602000
PoolWorker-20 countReadsInRegions_worker: processing 4602 (114.7 per sec) @ chr17:0-4602000
PoolWorker-20,  processing 1793632 (71764.9 per sec) reads @ chr4:0-4602000
PoolWorker-20 countReadsInRegions_worker: processing 4602 (180.7 per sec) @ chr4:0-4602000
PoolWorker-19,  processing 2015629 (31992.1 per sec) reads @ chr4:23010000-27612000
PoolWorker-19 countReadsInRegions_worker: processing 4602 (71.4 per sec) @ chr4:23010000-27612000
PoolWorker-19,  processing 48070 (33276.4 per sec) reads @ Ascaf_59:0-57475
PoolWorker-19 countReadsInRegions_worker: processing 57 (37.8 per sec) @ Ascaf_59:0-57475
PoolWorker-19,  processing 16919 (37514.7 per sec) reads @ Ascaf_114:0-24031
PoolWorker-19 countReadsInRegions_worker: processing 24 (48.4 per sec) @ Ascaf_114:0-24031
PoolWorker-19,  processing 1945820 (32629.9 per sec) reads @ chr9:0-4602000
PoolWorker-19 countReadsInRegions_worker: processing 4602 (75.5 per sec) @ chr9:0-4602000
PoolWorker-19,  processing 17541 (36960.8 per sec) reads @ Ascaf_129:0-19000
PoolWorker-19 countReadsInRegions_worker: processing 19 (36.5 per sec) @ Ascaf_129:0-19000
PoolWorker-19,  processing 1958135 (31860.3 per sec) reads @ chr3:9204000-13806000
PoolWorker-19 countReadsInRegions_worker: processing 4602 (73.5 per sec) @ chr3:9204000-13806000
PoolWorker-19,  processing 74104 (37303.5 per sec) reads @ Ascaf_57:0-58000
PoolWorker-19 countReadsInRegions_worker: processing 58 (28.2 per sec) @ Ascaf_57:0-58000
PoolWorker-19,  processing 22347 (30764.7 per sec) reads @ chr18:18408000-18483836
PoolWorker-19 countReadsInRegions_worker: processing 75 (97.0 per sec) @ chr18:18408000-18483836
PoolWorker-19,  processing 6578 (33427.0 per sec) reads @ Ascaf_136:0-17062
PoolWorker-19 countReadsInRegions_worker: processing 17 (67.6 per sec) @ Ascaf_136:0-17062
PoolWorker-19,  processing 2069994 (32935.4 per sec) reads @ chr1:23010000-27612000
PoolWorker-19 countReadsInRegions_worker: processing 4602 (72.2 per sec) @ chr1:23010000-27612000
PoolWorker-19,  processing 4077269 (34518.7 per sec) reads @ chr12:13806000-18408000
PoolWorker-19 countReadsInRegions_worker: processing 4602 (38.3 per sec) @ chr12:13806000-18408000
PoolWorker-19,  processing 1975381 (44272.2 per sec) reads @ chr11:9204000-13806000
PoolWorker-19 countReadsInRegions_worker: processing 4602 (102.0 per sec) @ chr11:9204000-13806000
PoolWorker-19,  processing 19217 (47205.8 per sec) reads @ Ascaf_70:0-46916
PoolWorker-19 countReadsInRegions_worker: processing 46 (109.7 per sec) @ Ascaf_70:0-46916
PoolWorker-19,  processing 1879456 (72843.6 per sec) reads @ chr7:23010000-27612000
PoolWorker-19 countReadsInRegions_worker: processing 4602 (175.8 per sec) @ chr7:23010000-27612000
PoolWorker-19,  processing 10374 (70995.9 per sec) reads @ Ascaf_112:0-24428
PoolWorker-19 countReadsInRegions_worker: processing 24 (155.9 per sec) @ Ascaf_112:0-24428
PoolWorker-29,  processing 1881490 (30755.3 per sec) reads @ chr10:9204000-13806000
PoolWorker-29 countReadsInRegions_worker: processing 4602 (73.8 per sec) @ chr10:9204000-13806000
PoolWorker-29,  processing 14415 (34967.6 per sec) reads @ Ascaf_69:0-44691
PoolWorker-29 countReadsInRegions_worker: processing 44 (96.1 per sec) @ Ascaf_69:0-44691
PoolWorker-29,  processing 1911305 (30935.2 per sec) reads @ chr6:13806000-18408000
PoolWorker-29 countReadsInRegions_worker: processing 4602 (73.1 per sec) @ chr6:13806000-18408000
PoolWorker-29,  processing 1898967 (31645.0 per sec) reads @ chr8:0-4602000
PoolWorker-29 countReadsInRegions_worker: processing 4602 (75.2 per sec) @ chr8:0-4602000
PoolWorker-29,  processing 14649 (30824.7 per sec) reads @ Ascaf_87:0-36937
PoolWorker-29 countReadsInRegions_worker: processing 36 (69.4 per sec) @ Ascaf_87:0-36937
PoolWorker-29,  processing 117604 (35133.5 per sec) reads @ chr14:18408000-18637407
PoolWorker-29 countReadsInRegions_worker: processing 229 (66.9 per sec) @ chr14:18408000-18637407
PoolWorker-29,  processing 1907218 (32272.4 per sec) reads @ chr8:9204000-13806000
PoolWorker-29 countReadsInRegions_worker: processing 4602 (76.7 per sec) @ chr8:9204000-13806000
PoolWorker-29,  processing 137596 (36216.4 per sec) reads @ Ascaf_22:0-446888
PoolWorker-29 countReadsInRegions_worker: processing 446 (114.6 per sec) @ Ascaf_22:0-446888
PoolWorker-29,  processing 2059956 (33422.7 per sec) reads @ chr21:13806000-18408000
PoolWorker-29 countReadsInRegions_worker: processing 4602 (73.3 per sec) @ chr21:13806000-18408000
PoolWorker-29,  processing 13321 (31078.5 per sec) reads @ Ascaf_44:0-77777
PoolWorker-29 countReadsInRegions_worker: processing 77 (155.1 per sec) @ Ascaf_44:0-77777
PoolWorker-29,  processing 1944653 (33305.6 per sec) reads @ chr11:4602000-9204000
PoolWorker-29 countReadsInRegions_worker: processing 4602 (77.9 per sec) @ chr11:4602000-9204000
PoolWorker-29,  processing 1984083 (41831.9 per sec) reads @ chr13:18408000-23010000
PoolWorker-29 countReadsInRegions_worker: processing 4602 (95.9 per sec) @ chr13:18408000-23010000
PoolWorker-29,  processing 8045 (78649.7 per sec) reads @ Ascaf_95:0-33544
PoolWorker-29 countReadsInRegions_worker: processing 33 (298.3 per sec) @ Ascaf_95:0-33544
PoolWorker-29,  processing 6340 (38390.7 per sec) reads @ Ascaf_116:0-22916
PoolWorker-29 countReadsInRegions_worker: processing 22 (126.8 per sec) @ Ascaf_116:0-22916
PoolWorker-29,  processing 1969146 (74320.2 per sec) reads @ chr14:9204000-13806000
PoolWorker-29 countReadsInRegions_worker: processing 4602 (171.1 per sec) @ chr14:9204000-13806000
output file: /storage/scratch/iee/dj20y461/Stickleback/Y_comp/Sex_chrom_stats/Read_depths/Gw/depths/Gw14_01f_F.1kb.RPKM.depth
