genome partition size for multiprocessing: 1000000
using 16 processors for 657 number of tasks
Final scaling factor: 0.047970976408
PoolWorker-18,  processing 176095 (28432.2 per sec) reads @ chr20:0-5000000
PoolWorker-18 countReadsInRegions_worker: processing 5000 (789.9 per sec) @ chr20:0-5000000
PoolWorker-18,  processing 1186 (60683.2 per sec) reads @ Ascaf_76:0-42514
PoolWorker-18 countReadsInRegions_worker: processing 42 (528.0 per sec) @ Ascaf_76:0-42514
PoolWorker-18,  processing 217532 (29104.9 per sec) reads @ chr4:10000000-15000000
PoolWorker-18 countReadsInRegions_worker: processing 5000 (650.2 per sec) @ chr4:10000000-15000000
PoolWorker-18,  processing 218130 (27154.0 per sec) reads @ chr11:10000000-15000000
PoolWorker-18 countReadsInRegions_worker: processing 5000 (614.5 per sec) @ chr11:10000000-15000000
PoolWorker-18,  processing 640 (53786.1 per sec) reads @ Ascaf_103:0-30986
PoolWorker-18 countReadsInRegions_worker: processing 30 (667.4 per sec) @ Ascaf_103:0-30986
PoolWorker-18,  processing 16 (22444.4 per sec) reads @ Ascaf_118:0-22120
PoolWorker-18 countReadsInRegions_worker: processing 22 (579.7 per sec) @ Ascaf_118:0-22120
PoolWorker-18,  processing 2529 (38543.6 per sec) reads @ Ascaf_22:0-446888
PoolWorker-18 countReadsInRegions_worker: processing 446 (4337.0 per sec) @ Ascaf_22:0-446888
PoolWorker-18,  processing 1006 (53379.9 per sec) reads @ Ascaf_97:0-33357
PoolWorker-18 countReadsInRegions_worker: processing 33 (583.6 per sec) @ Ascaf_97:0-33357
PoolWorker-18,  processing 707 (57999.0 per sec) reads @ Ascaf_148:0-14976
PoolWorker-18 countReadsInRegions_worker: processing 14 (288.3 per sec) @ Ascaf_148:0-14976
PoolWorker-18,  processing 6 (10455.3 per sec) reads @ Ascaf_128:0-19120
PoolWorker-18 countReadsInRegions_worker: processing 19 (516.8 per sec) @ Ascaf_128:0-19120
PoolWorker-18,  processing 270 (56973.5 per sec) reads @ Ascaf_75:0-42641
PoolWorker-18 countReadsInRegions_worker: processing 42 (1341.4 per sec) @ Ascaf_75:0-42641
PoolWorker-18,  processing 61 (34100.0 per sec) reads @ Ascaf_157:0-3527
PoolWorker-18 countReadsInRegions_worker: processing 3 (180.4 per sec) @ Ascaf_157:0-3527
PoolWorker-18,  processing 216 (62356.0 per sec) reads @ Ascaf_89:0-36000
PoolWorker-18 countReadsInRegions_worker: processing 36 (2463.4 per sec) @ Ascaf_89:0-36000
PoolWorker-18,  processing 745 (62511.4 per sec) reads @ Ascaf_96:0-33398
PoolWorker-18 countReadsInRegions_worker: processing 33 (686.8 per sec) @ Ascaf_96:0-33398
PoolWorker-18,  processing 180602 (28791.8 per sec) reads @ chr11:0-5000000
PoolWorker-18 countReadsInRegions_worker: processing 5000 (782.3 per sec) @ chr11:0-5000000
PoolWorker-18,  processing 608 (55480.0 per sec) reads @ Ascaf_121:0-21431
PoolWorker-18 countReadsInRegions_worker: processing 21 (443.3 per sec) @ Ascaf_121:0-21431
PoolWorker-18,  processing 186 (59200.2 per sec) reads @ Ascaf_98:0-33222
PoolWorker-18 countReadsInRegions_worker: processing 33 (838.0 per sec) @ Ascaf_98:0-33222
PoolWorker-18,  processing 1406 (40054.8 per sec) reads @ Ascaf_94:0-33862
PoolWorker-18 countReadsInRegions_worker: processing 33 (461.2 per sec) @ Ascaf_94:0-33862
PoolWorker-18,  processing 39494 (30754.1 per sec) reads @ chr6:20000000-21248438
PoolWorker-18 countReadsInRegions_worker: processing 1248 (930.3 per sec) @ chr6:20000000-21248438
PoolWorker-18,  processing 253 (49152.8 per sec) reads @ Ascaf_151:0-13242
PoolWorker-18 countReadsInRegions_worker: processing 13 (296.5 per sec) @ Ascaf_151:0-13242
PoolWorker-18,  processing 579 (64997.5 per sec) reads @ Ascaf_63:0-51776
PoolWorker-18 countReadsInRegions_worker: processing 51 (1128.8 per sec) @ Ascaf_63:0-51776
PoolWorker-18,  processing 35 (38887.6 per sec) reads @ Ascaf_73:0-44649
PoolWorker-18 countReadsInRegions_worker: processing 44 (1177.6 per sec) @ Ascaf_73:0-44649
PoolWorker-18,  processing 12 (18579.4 per sec) reads @ Ascaf_54:0-60000
PoolWorker-18 countReadsInRegions_worker: processing 60 (1613.5 per sec) @ Ascaf_54:0-60000
PoolWorker-18,  processing 221261 (28203.3 per sec) reads @ chr10:5000000-10000000
PoolWorker-18 countReadsInRegions_worker: processing 5000 (626.6 per sec) @ chr10:5000000-10000000
PoolWorker-18,  processing 2442 (35141.6 per sec) reads @ Ascaf_36:0-98486
PoolWorker-18 countReadsInRegions_worker: processing 98 (914.8 per sec) @ Ascaf_36:0-98486
PoolWorker-18,  processing 1531 (40150.1 per sec) reads @ Ascaf_71:0-32519
PoolWorker-18 countReadsInRegions_worker: processing 32 (426.0 per sec) @ Ascaf_71:0-32519
PoolWorker-18,  processing 957 (54673.3 per sec) reads @ Ascaf_91:0-34837
PoolWorker-18 countReadsInRegions_worker: processing 34 (623.7 per sec) @ Ascaf_91:0-34837
PoolWorker-18,  processing 10 (15627.1 per sec) reads @ Ascaf_102:0-31073
PoolWorker-18 countReadsInRegions_worker: processing 31 (826.9 per sec) @ Ascaf_102:0-31073
PoolWorker-19,  processing 186200 (27197.8 per sec) reads @ chr4:35000000-40000000
PoolWorker-19 countReadsInRegions_worker: processing 5000 (716.4 per sec) @ chr4:35000000-40000000
PoolWorker-19,  processing 187121 (29314.1 per sec) reads @ chr3:15000000-20000000
PoolWorker-19 countReadsInRegions_worker: processing 5000 (760.5 per sec) @ chr3:15000000-20000000
PoolWorker-19,  processing 76 (54397.1 per sec) reads @ Ascaf_38:0-95573
PoolWorker-19 countReadsInRegions_worker: processing 95 (2361.3 per sec) @ Ascaf_38:0-95573
PoolWorker-19,  processing 1374 (35510.3 per sec) reads @ Ascaf_77:0-41997
PoolWorker-19 countReadsInRegions_worker: processing 41 (540.8 per sec) @ Ascaf_77:0-41997
PoolWorker-19,  processing 179 (54439.9 per sec) reads @ Ascaf_140:0-15786
PoolWorker-19 countReadsInRegions_worker: processing 15 (378.6 per sec) @ Ascaf_140:0-15786
PoolWorker-19,  processing 571 (61763.7 per sec) reads @ Ascaf_131:0-18319
PoolWorker-19 countReadsInRegions_worker: processing 18 (395.4 per sec) @ Ascaf_131:0-18319
PoolWorker-19,  processing 254 (57181.8 per sec) reads @ Ascaf_64:0-51000
PoolWorker-19 countReadsInRegions_worker: processing 51 (1259.9 per sec) @ Ascaf_64:0-51000
PoolWorker-19,  processing 154 (56699.7 per sec) reads @ Ascaf_110:0-27536
PoolWorker-19 countReadsInRegions_worker: processing 27 (694.9 per sec) @ Ascaf_110:0-27536
PoolWorker-19,  processing 199939 (29616.7 per sec) reads @ chr7:0-5000000
PoolWorker-19 countReadsInRegions_worker: processing 5000 (728.2 per sec) @ chr7:0-5000000
PoolWorker-19,  processing 0 (0.0 per sec) reads @ Ascaf_163:0-1000
PoolWorker-19 countReadsInRegions_worker: processing 1 (25.7 per sec) @ Ascaf_163:0-1000
PoolWorker-19,  processing 4235 (35837.6 per sec) reads @ Ascaf_34:0-101478
PoolWorker-19 countReadsInRegions_worker: processing 101 (650.0 per sec) @ Ascaf_34:0-101478
PoolWorker-19,  processing 128816 (27846.3 per sec) reads @ chr17:20000000-23682274
PoolWorker-19 countReadsInRegions_worker: processing 3682 (776.2 per sec) @ chr17:20000000-23682274
PoolWorker-19,  processing 2149 (33367.5 per sec) reads @ Ascaf_51:0-70629
PoolWorker-19 countReadsInRegions_worker: processing 70 (688.7 per sec) @ Ascaf_51:0-70629
PoolWorker-19,  processing 171519 (28946.9 per sec) reads @ chr2:0-5000000
PoolWorker-19 countReadsInRegions_worker: processing 5000 (830.4 per sec) @ chr2:0-5000000
PoolWorker-19,  processing 0 (0.0 per sec) reads @ Ascaf_160:0-2000
PoolWorker-19 countReadsInRegions_worker: processing 2 (51.3 per sec) @ Ascaf_160:0-2000
PoolWorker-19,  processing 213089 (29223.0 per sec) reads @ chr16:15000000-20000000
PoolWorker-19 countReadsInRegions_worker: processing 5000 (674.7 per sec) @ chr16:15000000-20000000
PoolWorker-29,  processing 937 (38828.1 per sec) reads @ Ascaf_93:0-34038
PoolWorker-29 countReadsInRegions_worker: processing 34 (781.4 per sec) @ Ascaf_93:0-34038
PoolWorker-29,  processing 184892 (29351.8 per sec) reads @ chr4:20000000-25000000
PoolWorker-29 countReadsInRegions_worker: processing 5000 (770.3 per sec) @ chr4:20000000-25000000
PoolWorker-29,  processing 24109 (35855.5 per sec) reads @ chr15:20000000-20219940
PoolWorker-29 countReadsInRegions_worker: processing 219 (300.2 per sec) @ chr15:20000000-20219940
PoolWorker-29,  processing 103778 (29252.6 per sec) reads @ chr8:20000000-23122080
PoolWorker-29 countReadsInRegions_worker: processing 3122 (856.1 per sec) @ chr8:20000000-23122080
PoolWorker-29,  processing 224526 (28014.8 per sec) reads @ chr6:10000000-15000000
PoolWorker-29 countReadsInRegions_worker: processing 5000 (611.4 per sec) @ chr6:10000000-15000000
PoolWorker-29,  processing 225870 (28009.6 per sec) reads @ chr14:5000000-10000000
PoolWorker-29 countReadsInRegions_worker: processing 5000 (606.6 per sec) @ chr14:5000000-10000000
PoolWorker-29,  processing 162 (64675.2 per sec) reads @ Ascaf_30:0-130979
PoolWorker-29 countReadsInRegions_worker: processing 130 (3177.5 per sec) @ Ascaf_30:0-130979
PoolWorker-29,  processing 20196 (29880.5 per sec) reads @ chr4:40000000-40647937
PoolWorker-29 countReadsInRegions_worker: processing 647 (906.6 per sec) @ chr4:40000000-40647937
PoolWorker-29,  processing 825 (53589.1 per sec) reads @ Ascaf_141:0-15738
PoolWorker-29 countReadsInRegions_worker: processing 15 (298.4 per sec) @ Ascaf_141:0-15738
PoolWorker-29,  processing 175115 (28723.6 per sec) reads @ chr10:0-5000000
PoolWorker-29 countReadsInRegions_worker: processing 5000 (804.6 per sec) @ chr10:0-5000000
PoolWorker-29,  processing 174666 (28947.1 per sec) reads @ chr1:0-5000000
PoolWorker-29 countReadsInRegions_worker: processing 5000 (814.0 per sec) @ chr1:0-5000000
PoolWorker-29,  processing 82 (37005.9 per sec) reads @ Ascaf_159:0-3139
PoolWorker-29 countReadsInRegions_worker: processing 3 (73.9 per sec) @ Ascaf_159:0-3139
PoolWorker-28,  processing 13 (13655.4 per sec) reads @ Ascaf_122:0-20728
PoolWorker-28 countReadsInRegions_worker: processing 20 (1350.2 per sec) @ Ascaf_122:0-20728
PoolWorker-28,  processing 210698 (27598.3 per sec) reads @ chr19:10000000-15000000
PoolWorker-28 countReadsInRegions_worker: processing 5000 (640.6 per sec) @ chr19:10000000-15000000
PoolWorker-28,  processing 13 (18893.3 per sec) reads @ Ascaf_142:0-15730
PoolWorker-28 countReadsInRegions_worker: processing 15 (255.4 per sec) @ Ascaf_142:0-15730
PoolWorker-28,  processing 68797 (29575.9 per sec) reads @ chr16:20000000-22188971
PoolWorker-28 countReadsInRegions_worker: processing 2188 (911.5 per sec) @ chr16:20000000-22188971
PoolWorker-28,  processing 243572 (27942.2 per sec) reads @ chr9:10000000-15000000
PoolWorker-28 countReadsInRegions_worker: processing 5000 (563.3 per sec) @ chr9:10000000-15000000
PoolWorker-28,  processing 46592 (34031.6 per sec) reads @ Ascaf_32:0-110405
PoolWorker-28 countReadsInRegions_worker: processing 110 (77.0 per sec) @ Ascaf_32:0-110405
PoolWorker-28,  processing 22 (27886.0 per sec) reads @ Ascaf_56:0-58445
PoolWorker-28 countReadsInRegions_worker: processing 58 (1542.6 per sec) @ Ascaf_56:0-58445
PoolWorker-28,  processing 225500 (28054.9 per sec) reads @ chr3:10000000-15000000
PoolWorker-28 countReadsInRegions_worker: processing 5000 (610.5 per sec) @ chr3:10000000-15000000
PoolWorker-28,  processing 1005 (60949.6 per sec) reads @ Ascaf_61:0-54508
PoolWorker-28 countReadsInRegions_worker: processing 54 (973.5 per sec) @ Ascaf_61:0-54508
PoolWorker-28,  processing 974 (54944.8 per sec) reads @ Ascaf_116:0-22916
PoolWorker-28 countReadsInRegions_worker: processing 22 (397.4 per sec) @ Ascaf_116:0-22916
PoolWorker-28,  processing 93419 (29566.4 per sec) reads @ chr20:20000000-22998664
PoolWorker-28 countReadsInRegions_worker: processing 2998 (925.0 per sec) @ chr20:20000000-22998664
PoolWorker-28,  processing 3006 (36436.4 per sec) reads @ Ascaf_29:0-143722
PoolWorker-28 countReadsInRegions_worker: processing 143 (1281.3 per sec) @ Ascaf_29:0-143722
PoolWorker-28,  processing 69361 (30505.6 per sec) reads @ chr2:25000000-26977752
PoolWorker-28 countReadsInRegions_worker: processing 1977 (846.3 per sec) @ chr2:25000000-26977752
PoolWorker-28,  processing 1382 (39142.5 per sec) reads @ Ascaf_90:0-35566
PoolWorker-28 countReadsInRegions_worker: processing 35 (488.8 per sec) @ Ascaf_90:0-35566
PoolWorker-28,  processing 895 (60591.8 per sec) reads @ Ascaf_134:0-17659
PoolWorker-28 countReadsInRegions_worker: processing 17 (334.6 per sec) @ Ascaf_134:0-17659
PoolWorker-28,  processing 202404 (28694.9 per sec) reads @ chr5:10000000-15000000
PoolWorker-28 countReadsInRegions_worker: processing 5000 (697.5 per sec) @ chr5:10000000-15000000
PoolWorker-17,  processing 217702 (27157.2 per sec) reads @ chr21:10000000-15000000
PoolWorker-17 countReadsInRegions_worker: processing 5000 (611.1 per sec) @ chr21:10000000-15000000
PoolWorker-17,  processing 799 (56618.5 per sec) reads @ Ascaf_127:0-19159
PoolWorker-17 countReadsInRegions_worker: processing 19 (266.8 per sec) @ Ascaf_127:0-19159
PoolWorker-17,  processing 196704 (28047.0 per sec) reads @ chr1:25000000-30000000
PoolWorker-17 countReadsInRegions_worker: processing 5000 (694.1 per sec) @ chr1:25000000-30000000
PoolWorker-17,  processing 14 (20290.3 per sec) reads @ Ascaf_161:0-1000
PoolWorker-17 countReadsInRegions_worker: processing 1 (7.8 per sec) @ Ascaf_161:0-1000
PoolWorker-17,  processing 921 (56364.7 per sec) reads @ Ascaf_66:0-47454
PoolWorker-17 countReadsInRegions_worker: processing 47 (888.6 per sec) @ Ascaf_66:0-47454
PoolWorker-17,  processing 232980 (28669.1 per sec) reads @ chr11:5000000-10000000
PoolWorker-17 countReadsInRegions_worker: processing 5000 (606.7 per sec) @ chr11:5000000-10000000
PoolWorker-17,  processing 21 (28606.8 per sec) reads @ Ascaf_106:0-29590
PoolWorker-17 countReadsInRegions_worker: processing 29 (840.0 per sec) @ Ascaf_106:0-29590
PoolWorker-17,  processing 1722 (44196.8 per sec) reads @ Ascaf_48:0-71747
PoolWorker-17 countReadsInRegions_worker: processing 71 (937.2 per sec) @ Ascaf_48:0-71747
PoolWorker-17,  processing 145897 (28622.6 per sec) reads @ chr19:15000000-20000000
PoolWorker-17 countReadsInRegions_worker: processing 5000 (962.4 per sec) @ chr19:15000000-20000000
PoolWorker-17,  processing 217098 (28370.9 per sec) reads @ chr6:5000000-10000000
PoolWorker-17 countReadsInRegions_worker: processing 5000 (644.8 per sec) @ chr6:5000000-10000000
PoolWorker-17,  processing 945 (57894.3 per sec) reads @ Ascaf_37:0-98231
PoolWorker-17 countReadsInRegions_worker: processing 98 (1793.9 per sec) @ Ascaf_37:0-98231
PoolWorker-17,  processing 3536 (39253.6 per sec) reads @ Ascaf_72:0-46000
PoolWorker-17 countReadsInRegions_worker: processing 46 (345.1 per sec) @ Ascaf_72:0-46000
PoolWorker-17,  processing 1445 (31708.0 per sec) reads @ Ascaf_87:0-36937
PoolWorker-17 countReadsInRegions_worker: processing 36 (460.0 per sec) @ Ascaf_87:0-36937
PoolWorker-17,  processing 1440 (57931.3 per sec) reads @ Ascaf_58:0-57612
PoolWorker-17 countReadsInRegions_worker: processing 57 (924.6 per sec) @ Ascaf_58:0-57612
PoolWorker-17,  processing 227306 (35219.8 per sec) reads @ chr8:5000000-10000000
PoolWorker-17 countReadsInRegions_worker: processing 5000 (751.3 per sec) @ chr8:5000000-10000000
PoolWorker-17,  processing 1039 (58810.0 per sec) reads @ Ascaf_69:0-44691
PoolWorker-17 countReadsInRegions_worker: processing 44 (782.5 per sec) @ Ascaf_69:0-44691
PoolWorker-20,  processing 1093 (52386.9 per sec) reads @ Ascaf_27:0-155775
PoolWorker-20 countReadsInRegions_worker: processing 155 (5743.3 per sec) @ Ascaf_27:0-155775
PoolWorker-20,  processing 1265 (51916.8 per sec) reads @ Ascaf_62:0-52951
PoolWorker-20 countReadsInRegions_worker: processing 52 (921.3 per sec) @ Ascaf_62:0-52951
PoolWorker-20,  processing 626 (55174.3 per sec) reads @ Ascaf_117:0-22832
PoolWorker-20 countReadsInRegions_worker: processing 22 (319.7 per sec) @ Ascaf_117:0-22832
PoolWorker-20,  processing 214213 (27352.6 per sec) reads @ chr7:25000000-30000000
PoolWorker-20 countReadsInRegions_worker: processing 5000 (622.0 per sec) @ chr7:25000000-30000000
PoolWorker-20,  processing 417 (55172.5 per sec) reads @ Ascaf_143:0-15560
PoolWorker-20 countReadsInRegions_worker: processing 15 (195.9 per sec) @ Ascaf_143:0-15560
PoolWorker-20,  processing 151393 (29002.2 per sec) reads @ chr21:0-5000000
PoolWorker-20 countReadsInRegions_worker: processing 5000 (923.1 per sec) @ chr21:0-5000000
PoolWorker-20,  processing 408 (58351.6 per sec) reads @ Ascaf_115:0-24004
PoolWorker-20 countReadsInRegions_worker: processing 24 (525.8 per sec) @ Ascaf_115:0-24004
PoolWorker-20,  processing 226672 (29607.3 per sec) reads @ chr9:0-5000000
PoolWorker-20 countReadsInRegions_worker: processing 5000 (646.3 per sec) @ chr9:0-5000000
PoolWorker-20,  processing 130804 (29498.3 per sec) reads @ chr1:30000000-33917795
PoolWorker-20 countReadsInRegions_worker: processing 3917 (870.6 per sec) @ chr1:30000000-33917795
PoolWorker-20,  processing 157213 (28823.5 per sec) reads @ chr19:20000000-23715829
PoolWorker-20 countReadsInRegions_worker: processing 3715 (669.6 per sec) @ chr19:20000000-23715829
PoolWorker-20,  processing 175743 (29421.7 per sec) reads @ chr6:0-5000000
PoolWorker-20 countReadsInRegions_worker: processing 5000 (823.5 per sec) @ chr6:0-5000000
PoolWorker-20,  processing 204192 (31703.4 per sec) reads @ chr3:5000000-10000000
PoolWorker-20 countReadsInRegions_worker: processing 5000 (763.9 per sec) @ chr3:5000000-10000000
PoolWorker-32,  processing 35 (30280.7 per sec) reads @ Ascaf_105:0-29809
PoolWorker-32 countReadsInRegions_worker: processing 29 (668.3 per sec) @ Ascaf_105:0-29809
PoolWorker-32,  processing 222522 (26833.6 per sec) reads @ chr12:5000000-10000000
PoolWorker-32 countReadsInRegions_worker: processing 5000 (588.7 per sec) @ chr12:5000000-10000000
PoolWorker-32,  processing 206397 (28135.1 per sec) reads @ chr13:5000000-10000000
PoolWorker-32 countReadsInRegions_worker: processing 5000 (665.8 per sec) @ chr13:5000000-10000000
PoolWorker-32,  processing 3626 (32101.0 per sec) reads @ Ascaf_40:0-90738
PoolWorker-32 countReadsInRegions_worker: processing 90 (590.6 per sec) @ Ascaf_40:0-90738
PoolWorker-32,  processing 88 (54762.4 per sec) reads @ Ascaf_113:0-24387
PoolWorker-32 countReadsInRegions_worker: processing 24 (633.9 per sec) @ Ascaf_113:0-24387
PoolWorker-32,  processing 223877 (28377.6 per sec) reads @ chr16:5000000-10000000
PoolWorker-32 countReadsInRegions_worker: processing 5000 (624.8 per sec) @ chr16:5000000-10000000
PoolWorker-32,  processing 4277 (39043.3 per sec) reads @ Ascaf_25:0-178627
PoolWorker-32 countReadsInRegions_worker: processing 178 (1112.6 per sec) @ Ascaf_25:0-178627
PoolWorker-32,  processing 190795 (28512.7 per sec) reads @ chr14:0-5000000
PoolWorker-32 countReadsInRegions_worker: processing 5000 (736.7 per sec) @ chr14:0-5000000
PoolWorker-32,  processing 281 (50063.7 per sec) reads @ Ascaf_153:0-10046
PoolWorker-32 countReadsInRegions_worker: processing 10 (275.8 per sec) @ Ascaf_153:0-10046
PoolWorker-32,  processing 4814 (35020.4 per sec) reads @ Ascaf_49:0-70996
PoolWorker-32 countReadsInRegions_worker: processing 70 (402.0 per sec) @ Ascaf_49:0-70996
PoolWorker-32,  processing 215917 (28050.7 per sec) reads @ chr8:15000000-20000000
PoolWorker-32 countReadsInRegions_worker: processing 5000 (640.8 per sec) @ chr8:15000000-20000000
PoolWorker-32,  processing 193216 (39230.2 per sec) reads @ chr7:15000000-20000000
PoolWorker-32 countReadsInRegions_worker: processing 5000 (995.4 per sec) @ chr7:15000000-20000000
PoolWorker-21,  processing 230880 (28397.1 per sec) reads @ chr1:10000000-15000000
PoolWorker-21 countReadsInRegions_worker: processing 5000 (603.2 per sec) @ chr1:10000000-15000000
PoolWorker-21,  processing 202010 (28245.1 per sec) reads @ chr10:10000000-15000000
PoolWorker-21 countReadsInRegions_worker: processing 5000 (681.8 per sec) @ chr10:10000000-15000000
PoolWorker-21,  processing 595 (69347.6 per sec) reads @ Ascaf_84:0-38148
PoolWorker-21 countReadsInRegions_worker: processing 38 (835.3 per sec) @ Ascaf_84:0-38148
PoolWorker-21,  processing 1202 (34463.9 per sec) reads @ Ascaf_101:0-31946
PoolWorker-21 countReadsInRegions_worker: processing 31 (438.4 per sec) @ Ascaf_101:0-31946
PoolWorker-21,  processing 748 (64172.7 per sec) reads @ Ascaf_129:0-19000
PoolWorker-21 countReadsInRegions_worker: processing 19 (394.4 per sec) @ Ascaf_129:0-19000
PoolWorker-21,  processing 1328 (37695.0 per sec) reads @ Ascaf_68:0-47437
PoolWorker-21 countReadsInRegions_worker: processing 47 (648.3 per sec) @ Ascaf_68:0-47437
PoolWorker-21,  processing 1200 (34857.4 per sec) reads @ Ascaf_100:0-32247
PoolWorker-21 countReadsInRegions_worker: processing 32 (448.8 per sec) @ Ascaf_100:0-32247
PoolWorker-21,  processing 235541 (27793.7 per sec) reads @ chr12:10000000-15000000
PoolWorker-21 countReadsInRegions_worker: processing 5000 (576.3 per sec) @ chr12:10000000-15000000
PoolWorker-21,  processing 8 (12861.0 per sec) reads @ Ascaf_165:0-1000
PoolWorker-21 countReadsInRegions_worker: processing 1 (26.8 per sec) @ Ascaf_165:0-1000
PoolWorker-21,  processing 224 (58410.0 per sec) reads @ Ascaf_124:0-19772
PoolWorker-21 countReadsInRegions_worker: processing 19 (466.7 per sec) @ Ascaf_124:0-19772
PoolWorker-21,  processing 164888 (28336.9 per sec) reads @ chr5:0-5000000
PoolWorker-21 countReadsInRegions_worker: processing 5000 (843.7 per sec) @ chr5:0-5000000
PoolWorker-21,  processing 190182 (28723.8 per sec) reads @ chr8:0-5000000
PoolWorker-21 countReadsInRegions_worker: processing 5000 (742.5 per sec) @ chr8:0-5000000
PoolWorker-21,  processing 16 (22982.5 per sec) reads @ Ascaf_111:0-25158
PoolWorker-21 countReadsInRegions_worker: processing 25 (638.7 per sec) @ Ascaf_111:0-25158
PoolWorker-21,  processing 666 (55844.7 per sec) reads @ Ascaf_109:0-28244
PoolWorker-21 countReadsInRegions_worker: processing 28 (574.0 per sec) @ Ascaf_109:0-28244
PoolWorker-21,  processing 225465 (32791.5 per sec) reads @ chr15:10000000-15000000
PoolWorker-21 countReadsInRegions_worker: processing 5000 (715.2 per sec) @ chr15:10000000-15000000
PoolWorker-21,  processing 476 (65268.2 per sec) reads @ Ascaf_42:0-86089
PoolWorker-21 countReadsInRegions_worker: processing 86 (7240.3 per sec) @ Ascaf_42:0-86089
PoolWorker-22,  processing 2132 (53245.5 per sec) reads @ Ascaf_133:0-49732
PoolWorker-22 countReadsInRegions_worker: processing 49 (1067.8 per sec) @ Ascaf_133:0-49732
PoolWorker-22,  processing 1013 (57981.5 per sec) reads @ Ascaf_112:0-24428
PoolWorker-22 countReadsInRegions_worker: processing 24 (1059.2 per sec) @ Ascaf_112:0-24428
PoolWorker-22,  processing 210384 (28615.5 per sec) reads @ chr13:0-5000000
PoolWorker-22 countReadsInRegions_worker: processing 5000 (660.4 per sec) @ chr13:0-5000000
PoolWorker-22,  processing 5119 (30472.4 per sec) reads @ Ascaf_53:0-64139
PoolWorker-22 countReadsInRegions_worker: processing 64 (284.2 per sec) @ Ascaf_53:0-64139
PoolWorker-22,  processing 1134 (61586.7 per sec) reads @ Ascaf_26:0-156806
PoolWorker-22 countReadsInRegions_worker: processing 156 (2202.2 per sec) @ Ascaf_26:0-156806
PoolWorker-22,  processing 155291 (28543.8 per sec) reads @ chr13:20000000-24369283
PoolWorker-22 countReadsInRegions_worker: processing 4369 (779.7 per sec) @ chr13:20000000-24369283
PoolWorker-22,  processing 184488 (28911.0 per sec) reads @ chr16:0-5000000
PoolWorker-22 countReadsInRegions_worker: processing 5000 (769.6 per sec) @ chr16:0-5000000
PoolWorker-22,  processing 60 (39346.2 per sec) reads @ Ascaf_52:0-64568
PoolWorker-22 countReadsInRegions_worker: processing 64 (2440.2 per sec) @ Ascaf_52:0-64568
PoolWorker-22,  processing 1433 (29113.0 per sec) reads @ Ascaf_50:0-70692
PoolWorker-22 countReadsInRegions_worker: processing 70 (1284.9 per sec) @ Ascaf_50:0-70692
PoolWorker-22,  processing 117862 (28769.2 per sec) reads @ chr18:15000000-18483836
PoolWorker-22 countReadsInRegions_worker: processing 3483 (834.1 per sec) @ chr18:15000000-18483836
PoolWorker-22,  processing 230529 (27622.0 per sec) reads @ chr8:10000000-15000000
PoolWorker-22 countReadsInRegions_worker: processing 5000 (590.3 per sec) @ chr8:10000000-15000000
PoolWorker-22,  processing 168631 (29743.5 per sec) reads @ chr12:20000000-23704847
PoolWorker-22 countReadsInRegions_worker: processing 3704 (641.1 per sec) @ chr12:20000000-23704847
PoolWorker-22,  processing 641 (54442.8 per sec) reads @ Ascaf_169:0-50000
PoolWorker-22 countReadsInRegions_worker: processing 50 (928.5 per sec) @ Ascaf_169:0-50000
PoolWorker-22,  processing 218564 (37584.2 per sec) reads @ chr5:5000000-10000000
PoolWorker-22 countReadsInRegions_worker: processing 5000 (844.7 per sec) @ chr5:5000000-10000000
PoolWorker-22,  processing 1822 (56021.6 per sec) reads @ Ascaf_46:0-73387
PoolWorker-22 countReadsInRegions_worker: processing 73 (1951.1 per sec) @ Ascaf_46:0-73387
PoolWorker-22,  processing 775 (68724.2 per sec) reads @ Ascaf_28:0-145740
PoolWorker-22 countReadsInRegions_worker: processing 145 (9195.8 per sec) @ Ascaf_28:0-145740
PoolWorker-23,  processing 213 (55225.7 per sec) reads @ Ascaf_120:0-22000
PoolWorker-23 countReadsInRegions_worker: processing 22 (1096.7 per sec) @ Ascaf_120:0-22000
PoolWorker-23,  processing 215555 (27550.2 per sec) reads @ chr18:5000000-10000000
PoolWorker-23 countReadsInRegions_worker: processing 5000 (629.2 per sec) @ chr18:5000000-10000000
PoolWorker-23,  processing 221788 (28026.1 per sec) reads @ chr7:5000000-10000000
PoolWorker-23 countReadsInRegions_worker: processing 5000 (621.2 per sec) @ chr7:5000000-10000000
PoolWorker-23,  processing 255713 (29010.8 per sec) reads @ chr13:10000000-15000000
PoolWorker-23 countReadsInRegions_worker: processing 5000 (552.9 per sec) @ chr13:10000000-15000000
PoolWorker-23,  processing 683 (52543.2 per sec) reads @ Ascaf_60:0-24766
PoolWorker-23 countReadsInRegions_worker: processing 24 (463.3 per sec) @ Ascaf_60:0-24766
PoolWorker-23,  processing 643 (19526.9 per sec) reads @ Ascaf_147:0-15099
PoolWorker-23 countReadsInRegions_worker: processing 15 (216.5 per sec) @ Ascaf_147:0-15099
PoolWorker-23,  processing 102 (47551.3 per sec) reads @ Ascaf_158:0-3231
PoolWorker-23 countReadsInRegions_worker: processing 3 (76.5 per sec) @ Ascaf_158:0-3231
PoolWorker-23,  processing 193631 (28794.3 per sec) reads @ chr4:25000000-30000000
PoolWorker-23 countReadsInRegions_worker: processing 5000 (731.2 per sec) @ chr4:25000000-30000000
PoolWorker-23,  processing 189365 (29175.4 per sec) reads @ chr2:20000000-25000000
PoolWorker-23 countReadsInRegions_worker: processing 5000 (758.1 per sec) @ chr2:20000000-25000000
PoolWorker-23,  processing 1151 (32954.6 per sec) reads @ Ascaf_99:0-33167
PoolWorker-23 countReadsInRegions_worker: processing 33 (458.6 per sec) @ Ascaf_99:0-33167
PoolWorker-23,  processing 223561 (38277.7 per sec) reads @ chr21:5000000-10000000
PoolWorker-23 countReadsInRegions_worker: processing 5000 (841.1 per sec) @ chr21:5000000-10000000
PoolWorker-23,  processing 55674 (72238.2 per sec) reads @ Ascaf_41:0-90399
PoolWorker-23 countReadsInRegions_worker: processing 90 (114.8 per sec) @ Ascaf_41:0-90399
PoolWorker-24,  processing 1527 (37109.1 per sec) reads @ Ascaf_78:0-41577
PoolWorker-24 countReadsInRegions_worker: processing 41 (572.1 per sec) @ Ascaf_78:0-41577
PoolWorker-24,  processing 3721 (32287.2 per sec) reads @ Ascaf_166:0-50000
PoolWorker-24 countReadsInRegions_worker: processing 50 (286.7 per sec) @ Ascaf_166:0-50000
PoolWorker-24,  processing 8 (11831.6 per sec) reads @ Ascaf_162:0-1000
PoolWorker-24 countReadsInRegions_worker: processing 1 (16.9 per sec) @ Ascaf_162:0-1000
PoolWorker-24,  processing 219489 (26770.9 per sec) reads @ chr12:15000000-20000000
PoolWorker-24 countReadsInRegions_worker: processing 5000 (595.8 per sec) @ chr12:15000000-20000000
PoolWorker-24,  processing 587 (56087.1 per sec) reads @ Ascaf_144:0-15519
PoolWorker-24 countReadsInRegions_worker: processing 15 (213.6 per sec) @ Ascaf_144:0-15519
PoolWorker-24,  processing 226546 (28546.0 per sec) reads @ chr2:5000000-10000000
PoolWorker-24 countReadsInRegions_worker: processing 5000 (615.6 per sec) @ chr2:5000000-10000000
PoolWorker-24,  processing 84 (43636.6 per sec) reads @ Ascaf_137:0-17000
PoolWorker-24 countReadsInRegions_worker: processing 17 (422.7 per sec) @ Ascaf_137:0-17000
PoolWorker-24,  processing 225530 (27919.1 per sec) reads @ chr20:5000000-10000000
PoolWorker-24 countReadsInRegions_worker: processing 5000 (602.9 per sec) @ chr20:5000000-10000000
PoolWorker-24,  processing 191388 (28935.0 per sec) reads @ chr4:15000000-20000000
PoolWorker-24 countReadsInRegions_worker: processing 5000 (743.0 per sec) @ chr4:15000000-20000000
PoolWorker-24,  processing 1146 (61503.4 per sec) reads @ Ascaf_79:0-41364
PoolWorker-24 countReadsInRegions_worker: processing 41 (719.0 per sec) @ Ascaf_79:0-41364
PoolWorker-24,  processing 209543 (29448.2 per sec) reads @ chr21:15000000-19873525
PoolWorker-24 countReadsInRegions_worker: processing 4873 (674.3 per sec) @ chr21:15000000-19873525
PoolWorker-24,  processing 201667 (35446.8 per sec) reads @ chr6:15000000-20000000
PoolWorker-24 countReadsInRegions_worker: processing 5000 (863.8 per sec) @ chr6:15000000-20000000
PoolWorker-30,  processing 516 (54567.6 per sec) reads @ Ascaf_95:0-33544
PoolWorker-30 countReadsInRegions_worker: processing 33 (1572.5 per sec) @ Ascaf_95:0-33544
PoolWorker-30,  processing 186 (58586.7 per sec) reads @ Ascaf_74:0-44000
PoolWorker-30 countReadsInRegions_worker: processing 44 (5806.4 per sec) @ Ascaf_74:0-44000
PoolWorker-30,  processing 411 (54058.1 per sec) reads @ Ascaf_130:0-18457
PoolWorker-30 countReadsInRegions_worker: processing 18 (1406.0 per sec) @ Ascaf_130:0-18457
PoolWorker-30,  processing 811 (54812.0 per sec) reads @ Ascaf_80:0-41014
PoolWorker-30 countReadsInRegions_worker: processing 41 (535.8 per sec) @ Ascaf_80:0-41014
PoolWorker-30,  processing 997 (57880.9 per sec) reads @ Ascaf_67:0-40269
PoolWorker-30 countReadsInRegions_worker: processing 40 (618.6 per sec) @ Ascaf_67:0-40269
PoolWorker-30,  processing 186151 (28449.5 per sec) reads @ chr3:0-5000000
PoolWorker-30 countReadsInRegions_worker: processing 5000 (742.5 per sec) @ chr3:0-5000000
PoolWorker-30,  processing 167 (50727.7 per sec) reads @ Ascaf_156:0-5652
PoolWorker-30 countReadsInRegions_worker: processing 5 (81.7 per sec) @ Ascaf_156:0-5652
PoolWorker-30,  processing 193284 (28327.7 per sec) reads @ chr7:20000000-25000000
PoolWorker-30 countReadsInRegions_worker: processing 5000 (709.1 per sec) @ chr7:20000000-25000000
PoolWorker-30,  processing 231042 (27300.1 per sec) reads @ chr20:10000000-15000000
PoolWorker-30 countReadsInRegions_worker: processing 5000 (585.2 per sec) @ chr20:10000000-15000000
PoolWorker-30,  processing 640 (34354.9 per sec) reads @ Ascaf_81:0-40000
PoolWorker-30 countReadsInRegions_worker: processing 40 (1203.2 per sec) @ Ascaf_81:0-40000
PoolWorker-30,  processing 146350 (30489.3 per sec) reads @ chr5:15000000-18670498
PoolWorker-30 countReadsInRegions_worker: processing 3670 (751.2 per sec) @ chr5:15000000-18670498
PoolWorker-30,  processing 489 (58879.7 per sec) reads @ Ascaf_135:0-17087
PoolWorker-30 countReadsInRegions_worker: processing 17 (364.0 per sec) @ Ascaf_135:0-17087
PoolWorker-30,  processing 2113 (33930.2 per sec) reads @ Ascaf_47:0-72017
PoolWorker-30 countReadsInRegions_worker: processing 72 (732.1 per sec) @ Ascaf_47:0-72017
PoolWorker-30,  processing 1026 (60606.4 per sec) reads @ Ascaf_107:0-29490
PoolWorker-30 countReadsInRegions_worker: processing 29 (540.8 per sec) @ Ascaf_107:0-29490
PoolWorker-30,  processing 223 (56230.0 per sec) reads @ Ascaf_150:0-13271
PoolWorker-30 countReadsInRegions_worker: processing 13 (314.1 per sec) @ Ascaf_150:0-13271
PoolWorker-30,  processing 3113 (36048.9 per sec) reads @ Ascaf_43:0-83995
PoolWorker-30 countReadsInRegions_worker: processing 83 (678.2 per sec) @ Ascaf_43:0-83995
PoolWorker-30,  processing 319 (50698.5 per sec) reads @ Ascaf_138:0-16696
PoolWorker-30 countReadsInRegions_worker: processing 16 (374.3 per sec) @ Ascaf_138:0-16696
PoolWorker-30,  processing 1140 (33955.9 per sec) reads @ Ascaf_88:0-36907
PoolWorker-30 countReadsInRegions_worker: processing 36 (515.1 per sec) @ Ascaf_88:0-36907
PoolWorker-30,  processing 166 (59054.7 per sec) reads @ Ascaf_33:0-106103
PoolWorker-30 countReadsInRegions_worker: processing 106 (2745.3 per sec) @ Ascaf_33:0-106103
PoolWorker-30,  processing 239687 (30589.9 per sec) reads @ chr10:15000000-19005646
PoolWorker-30 countReadsInRegions_worker: processing 4005 (502.5 per sec) @ chr10:15000000-19005646
PoolWorker-30,  processing 27 (32930.0 per sec) reads @ Ascaf_55:0-59833
PoolWorker-30 countReadsInRegions_worker: processing 59 (1566.7 per sec) @ Ascaf_55:0-59833
PoolWorker-30,  processing 263095 (37118.4 per sec) reads @ chr17:10000000-15000000
PoolWorker-30 countReadsInRegions_worker: processing 5000 (691.8 per sec) @ chr17:10000000-15000000
PoolWorker-30,  processing 146749 (53982.7 per sec) reads @ chr9:20000000-24303205
PoolWorker-30 countReadsInRegions_worker: processing 4303 (1566.6 per sec) @ chr9:20000000-24303205
PoolWorker-30,  processing 502 (60598.1 per sec) reads @ Ascaf_149:0-13452
PoolWorker-30 countReadsInRegions_worker: processing 13 (1050.5 per sec) @ Ascaf_149:0-13452
PoolWorker-25,  processing 40 (31721.0 per sec) reads @ Ascaf_164:0-1000
PoolWorker-25 countReadsInRegions_worker: processing 1 (35.8 per sec) @ Ascaf_164:0-1000
PoolWorker-25,  processing 276735 (28340.3 per sec) reads @ chr1:5000000-10000000
PoolWorker-25 countReadsInRegions_worker: processing 5000 (500.4 per sec) @ chr1:5000000-10000000
PoolWorker-25,  processing 2601 (37899.9 per sec) reads @ Ascaf_45:0-74461
PoolWorker-25 countReadsInRegions_worker: processing 74 (585.8 per sec) @ Ascaf_45:0-74461
PoolWorker-25,  processing 1832 (40709.1 per sec) reads @ Ascaf_83:0-38959
PoolWorker-25 countReadsInRegions_worker: processing 38 (367.3 per sec) @ Ascaf_83:0-38959
PoolWorker-25,  processing 518 (57877.1 per sec) reads @ Ascaf_123:0-20153
PoolWorker-25 countReadsInRegions_worker: processing 20 (300.9 per sec) @ Ascaf_123:0-20153
PoolWorker-25,  processing 948 (58356.8 per sec) reads @ Ascaf_86:0-37568
PoolWorker-25 countReadsInRegions_worker: processing 37 (559.8 per sec) @ Ascaf_86:0-37568
PoolWorker-25,  processing 451 (56858.7 per sec) reads @ Ascaf_152:0-12206
PoolWorker-25 countReadsInRegions_worker: processing 12 (183.2 per sec) @ Ascaf_152:0-12206
PoolWorker-25,  processing 236682 (29070.6 per sec) reads @ chr7:10000000-15000000
PoolWorker-25 countReadsInRegions_worker: processing 5000 (602.6 per sec) @ chr7:10000000-15000000
PoolWorker-25,  processing 223688 (29819.2 per sec) reads @ chr2:15000000-20000000
PoolWorker-25 countReadsInRegions_worker: processing 5000 (652.2 per sec) @ chr2:15000000-20000000
PoolWorker-25,  processing 1047 (55876.4 per sec) reads @ Ascaf_108:0-29345
PoolWorker-25 countReadsInRegions_worker: processing 29 (507.3 per sec) @ Ascaf_108:0-29345
PoolWorker-25,  processing 1793 (40455.7 per sec) reads @ Ascaf_70:0-46916
PoolWorker-25 countReadsInRegions_worker: processing 46 (569.0 per sec) @ Ascaf_70:0-46916
PoolWorker-25,  processing 180305 (28846.7 per sec) reads @ chr15:15000000-20000000
PoolWorker-25 countReadsInRegions_worker: processing 5000 (785.9 per sec) @ chr15:15000000-20000000
PoolWorker-25,  processing 13 (18108.9 per sec) reads @ Ascaf_82:0-39089
PoolWorker-25 countReadsInRegions_worker: processing 39 (989.0 per sec) @ Ascaf_82:0-39089
PoolWorker-25,  processing 230563 (28340.5 per sec) reads @ chr16:10000000-15000000
PoolWorker-25 countReadsInRegions_worker: processing 5000 (600.5 per sec) @ chr16:10000000-15000000
PoolWorker-25,  processing 217292 (43490.6 per sec) reads @ chr13:15000000-20000000
PoolWorker-25 countReadsInRegions_worker: processing 5000 (985.8 per sec) @ chr13:15000000-20000000
PoolWorker-25,  processing 328 (70507.0 per sec) reads @ Ascaf_39:0-92659
PoolWorker-25 countReadsInRegions_worker: processing 92 (10596.6 per sec) @ Ascaf_39:0-92659
PoolWorker-27,  processing 213721 (29464.9 per sec) reads @ chr9:5000000-10000000
PoolWorker-27 countReadsInRegions_worker: processing 5000 (672.2 per sec) @ chr9:5000000-10000000
PoolWorker-27,  processing 739 (57123.7 per sec) reads @ Ascaf_104:0-29894
PoolWorker-27 countReadsInRegions_worker: processing 29 (409.8 per sec) @ Ascaf_104:0-29894
PoolWorker-27,  processing 153708 (29535.5 per sec) reads @ chr11:15000000-19299255
PoolWorker-27 countReadsInRegions_worker: processing 4299 (800.7 per sec) @ chr11:15000000-19299255
PoolWorker-27,  processing 7699 (31227.6 per sec) reads @ chr3:20000000-20313673
PoolWorker-27 countReadsInRegions_worker: processing 313 (1093.1 per sec) @ chr3:20000000-20313673
PoolWorker-27,  processing 233140 (29604.0 per sec) reads @ chr17:5000000-10000000
PoolWorker-27 countReadsInRegions_worker: processing 5000 (625.9 per sec) @ chr17:5000000-10000000
PoolWorker-27,  processing 251 (55752.3 per sec) reads @ Ascaf_139:0-16678
PoolWorker-27 countReadsInRegions_worker: processing 16 (447.0 per sec) @ Ascaf_139:0-16678
PoolWorker-27,  processing 240462 (28356.0 per sec) reads @ chr2:10000000-15000000
PoolWorker-27 countReadsInRegions_worker: processing 5000 (580.0 per sec) @ chr2:10000000-15000000
PoolWorker-27,  processing 222324 (28281.0 per sec) reads @ chr14:10000000-15000000
PoolWorker-27 countReadsInRegions_worker: processing 5000 (626.1 per sec) @ chr14:10000000-15000000
PoolWorker-27,  processing 407 (51350.1 per sec) reads @ Ascaf_146:0-15502
PoolWorker-27 countReadsInRegions_worker: processing 15 (328.7 per sec) @ Ascaf_146:0-15502
PoolWorker-27,  processing 209797 (34046.5 per sec) reads @ chr4:30000000-35000000
PoolWorker-27 countReadsInRegions_worker: processing 5000 (790.2 per sec) @ chr4:30000000-35000000
PoolWorker-27,  processing 179513 (59267.9 per sec) reads @ chr4:0-5000000
PoolWorker-27 countReadsInRegions_worker: processing 5000 (1613.2 per sec) @ chr4:0-5000000
PoolWorker-27,  processing 242 (63801.7 per sec) reads @ Ascaf_154:0-6709
PoolWorker-27 countReadsInRegions_worker: processing 6 (543.8 per sec) @ Ascaf_154:0-6709
PoolWorker-26,  processing 6728 (31232.7 per sec) reads @ Ascaf_24:0-187591
PoolWorker-26 countReadsInRegions_worker: processing 187 (822.7 per sec) @ Ascaf_24:0-187591
PoolWorker-26,  processing 34 (26094.5 per sec) reads @ Ascaf_114:0-24031
PoolWorker-26 countReadsInRegions_worker: processing 24 (392.5 per sec) @ Ascaf_114:0-24031
PoolWorker-26,  processing 1912 (47086.6 per sec) reads @ Ascaf_65:0-47651
PoolWorker-26 countReadsInRegions_worker: processing 47 (477.4 per sec) @ Ascaf_65:0-47651
PoolWorker-26,  processing 686 (58229.5 per sec) reads @ Ascaf_85:0-37890
PoolWorker-26 countReadsInRegions_worker: processing 37 (2240.5 per sec) @ Ascaf_85:0-37890
PoolWorker-26,  processing 499 (60448.2 per sec) reads @ Ascaf_23:0-264707
PoolWorker-26 countReadsInRegions_worker: processing 264 (5273.4 per sec) @ Ascaf_23:0-264707
PoolWorker-26,  processing 206992 (28719.8 per sec) reads @ chr1:20000000-25000000
PoolWorker-26 countReadsInRegions_worker: processing 5000 (675.4 per sec) @ chr1:20000000-25000000
PoolWorker-26,  processing 1650 (41394.9 per sec) reads @ Ascaf_167:0-25000
PoolWorker-26 countReadsInRegions_worker: processing 25 (250.5 per sec) @ Ascaf_167:0-25000
PoolWorker-26,  processing 172361 (29036.2 per sec) reads @ chr12:0-5000000
PoolWorker-26 countReadsInRegions_worker: processing 5000 (817.6 per sec) @ chr12:0-5000000
PoolWorker-26,  processing 573 (56342.3 per sec) reads @ Ascaf_132:0-17867
PoolWorker-26 countReadsInRegions_worker: processing 17 (358.3 per sec) @ Ascaf_132:0-17867
PoolWorker-26,  processing 944 (58024.6 per sec) reads @ Ascaf_125:0-19664
PoolWorker-26 countReadsInRegions_worker: processing 19 (408.3 per sec) @ Ascaf_125:0-19664
PoolWorker-26,  processing 211175 (28043.5 per sec) reads @ chr18:10000000-15000000
PoolWorker-26 countReadsInRegions_worker: processing 5000 (654.1 per sec) @ chr18:10000000-15000000
PoolWorker-26,  processing 227465 (27824.6 per sec) reads @ chr17:15000000-20000000
PoolWorker-26 countReadsInRegions_worker: processing 5000 (601.2 per sec) @ chr17:15000000-20000000
PoolWorker-26,  processing 1079 (65777.0 per sec) reads @ Ascaf_119:0-22101
PoolWorker-26 countReadsInRegions_worker: processing 22 (397.1 per sec) @ Ascaf_119:0-22101
PoolWorker-26,  processing 277 (57008.0 per sec) reads @ Ascaf_155:0-6589
PoolWorker-26 countReadsInRegions_worker: processing 6 (140.3 per sec) @ Ascaf_155:0-6589
PoolWorker-26,  processing 53 (45376.2 per sec) reads @ Ascaf_168:0-25000
PoolWorker-26 countReadsInRegions_worker: processing 25 (660.6 per sec) @ Ascaf_168:0-25000
PoolWorker-26,  processing 725 (58619.2 per sec) reads @ Ascaf_126:0-19574
PoolWorker-26 countReadsInRegions_worker: processing 19 (389.1 per sec) @ Ascaf_126:0-19574
PoolWorker-26,  processing 212448 (30114.5 per sec) reads @ chr19:0-5000000
PoolWorker-26 countReadsInRegions_worker: processing 5000 (699.0 per sec) @ chr19:0-5000000
PoolWorker-26,  processing 206528 (36023.3 per sec) reads @ chr1:15000000-20000000
PoolWorker-26 countReadsInRegions_worker: processing 5000 (843.7 per sec) @ chr1:15000000-20000000
PoolWorker-26,  processing 1961 (46293.6 per sec) reads @ Ascaf_35:0-99371
PoolWorker-26 countReadsInRegions_worker: processing 99 (1216.6 per sec) @ Ascaf_35:0-99371
PoolWorker-26,  processing 212872 (57605.6 per sec) reads @ chr20:15000000-20000000
PoolWorker-26 countReadsInRegions_worker: processing 5000 (1325.3 per sec) @ chr20:15000000-20000000
PoolWorker-31,  processing 28 (24976.7 per sec) reads @ Ascaf_31:0-121444
PoolWorker-31 countReadsInRegions_worker: processing 121 (11268.5 per sec) @ Ascaf_31:0-121444
PoolWorker-31,  processing 35 (28784.4 per sec) reads @ Ascaf_44:0-77777
PoolWorker-31 countReadsInRegions_worker: processing 77 (14017.4 per sec) @ Ascaf_44:0-77777
PoolWorker-31,  processing 232248 (28187.3 per sec) reads @ chr4:5000000-10000000
PoolWorker-31 countReadsInRegions_worker: processing 5000 (600.1 per sec) @ chr4:5000000-10000000
PoolWorker-31,  processing 405 (61775.2 per sec) reads @ Ascaf_136:0-17062
PoolWorker-31 countReadsInRegions_worker: processing 17 (353.2 per sec) @ Ascaf_136:0-17062
PoolWorker-31,  processing 209 (50726.8 per sec) reads @ Ascaf_145:0-15510
PoolWorker-31 countReadsInRegions_worker: processing 15 (243.7 per sec) @ Ascaf_145:0-15510
PoolWorker-31,  processing 223063 (28131.2 per sec) reads @ chr15:5000000-10000000
PoolWorker-31 countReadsInRegions_worker: processing 5000 (616.3 per sec) @ chr15:5000000-10000000
PoolWorker-31,  processing 6122 (36435.5 per sec) reads @ Ascaf_57:0-58000
PoolWorker-31 countReadsInRegions_worker: processing 58 (282.1 per sec) @ Ascaf_57:0-58000
PoolWorker-31,  processing 13411 (29681.3 per sec) reads @ Ascaf_59:0-57475
PoolWorker-31 countReadsInRegions_worker: processing 57 (116.0 per sec) @ Ascaf_59:0-57475
PoolWorker-31,  processing 152239 (33408.0 per sec) reads @ chr18:0-5000000
PoolWorker-31 countReadsInRegions_worker: processing 5000 (1074.2 per sec) @ chr18:0-5000000
PoolWorker-31,  processing 183885 (27028.6 per sec) reads @ chr17:0-5000000
PoolWorker-31 countReadsInRegions_worker: processing 5000 (722.8 per sec) @ chr17:0-5000000
PoolWorker-31,  processing 218751 (28580.3 per sec) reads @ chr9:15000000-20000000
PoolWorker-31 countReadsInRegions_worker: processing 5000 (642.1 per sec) @ chr9:15000000-20000000
PoolWorker-31,  processing 20 (26843.5 per sec) reads @ Ascaf_92:0-34608
PoolWorker-31 countReadsInRegions_worker: processing 34 (899.5 per sec) @ Ascaf_92:0-34608
PoolWorker-31,  processing 136607 (32486.0 per sec) reads @ chr14:15000000-18637407
PoolWorker-31 countReadsInRegions_worker: processing 3637 (847.7 per sec) @ chr14:15000000-18637407
PoolWorker-31,  processing 195056 (40039.2 per sec) reads @ chr19:5000000-10000000
PoolWorker-31 countReadsInRegions_worker: processing 5000 (1010.8 per sec) @ chr19:5000000-10000000
PoolWorker-31,  processing 139561 (70109.3 per sec) reads @ chr7:30000000-33914388
PoolWorker-31 countReadsInRegions_worker: processing 3914 (1940.0 per sec) @ chr7:30000000-33914388
PoolWorker-31,  processing 180614 (73165.0 per sec) reads @ chr15:0-5000000
PoolWorker-31 countReadsInRegions_worker: processing 5000 (1998.6 per sec) @ chr15:0-5000000
output file: /storage/scratch/iee/dj20y461/Stickleback/Y_comp/Sex_chrom_stats/Read_depths/Gw/depths/2007MA_M_3.1kb.RPKM.depth
