genome partition size for multiprocessing: 1000000
using 16 processors for 657 number of tasks
Final scaling factor: 0.00724433595617
PoolWorker-26,  processing 167202 (34937.8 per sec) reads @ Ascaf_27:0-155775
PoolWorker-26 countReadsInRegions_worker: processing 155 (31.7 per sec) @ Ascaf_27:0-155775
PoolWorker-26,  processing 1320581 (34637.6 per sec) reads @ chr9:0-5000000
PoolWorker-26 countReadsInRegions_worker: processing 5000 (128.7 per sec) @ chr9:0-5000000
PoolWorker-26,  processing 998353 (36228.3 per sec) reads @ chr8:20000000-23122080
PoolWorker-26 countReadsInRegions_worker: processing 3122 (111.1 per sec) @ chr8:20000000-23122080
PoolWorker-26,  processing 1221950 (36256.8 per sec) reads @ chr7:25000000-30000000
PoolWorker-26 countReadsInRegions_worker: processing 5000 (145.6 per sec) @ chr7:25000000-30000000
PoolWorker-26,  processing 1258905 (36284.4 per sec) reads @ chr6:10000000-15000000
PoolWorker-26 countReadsInRegions_worker: processing 5000 (141.5 per sec) @ chr6:10000000-15000000
PoolWorker-26,  processing 8842 (37647.6 per sec) reads @ Ascaf_93:0-34038
PoolWorker-26 countReadsInRegions_worker: processing 34 (122.0 per sec) @ Ascaf_93:0-34038
PoolWorker-26,  processing 1313986 (36281.1 per sec) reads @ chr2:20000000-25000000
PoolWorker-26 countReadsInRegions_worker: processing 5000 (135.7 per sec) @ chr2:20000000-25000000
PoolWorker-26,  processing 1330410 (35847.8 per sec) reads @ chr5:0-5000000
PoolWorker-26 countReadsInRegions_worker: processing 5000 (132.6 per sec) @ chr5:0-5000000
PoolWorker-21,  processing 1580596 (35226.9 per sec) reads @ chr1:20000000-25000000
PoolWorker-21 countReadsInRegions_worker: processing 5000 (108.4 per sec) @ chr1:20000000-25000000
PoolWorker-21,  processing 7320 (37748.1 per sec) reads @ Ascaf_109:0-28244
PoolWorker-21 countReadsInRegions_worker: processing 28 (118.0 per sec) @ Ascaf_109:0-28244
PoolWorker-21,  processing 8818 (34003.1 per sec) reads @ Ascaf_91:0-34837
PoolWorker-21 countReadsInRegions_worker: processing 34 (112.9 per sec) @ Ascaf_91:0-34837
PoolWorker-21,  processing 4773 (40192.0 per sec) reads @ Ascaf_136:0-17062
PoolWorker-21 countReadsInRegions_worker: processing 17 (98.0 per sec) @ Ascaf_136:0-17062
PoolWorker-21,  processing 1002306 (35079.8 per sec) reads @ chr7:30000000-33914388
PoolWorker-21 countReadsInRegions_worker: processing 3914 (134.7 per sec) @ chr7:30000000-33914388
PoolWorker-21,  processing 209233 (37025.9 per sec) reads @ Ascaf_26:0-156806
PoolWorker-21 countReadsInRegions_worker: processing 156 (27.1 per sec) @ Ascaf_26:0-156806
PoolWorker-21,  processing 31579 (37744.2 per sec) reads @ Ascaf_107:0-29490
PoolWorker-21 countReadsInRegions_worker: processing 29 (32.8 per sec) @ Ascaf_107:0-29490
PoolWorker-21,  processing 3115 (38430.3 per sec) reads @ Ascaf_102:0-31073
PoolWorker-21 countReadsInRegions_worker: processing 31 (252.0 per sec) @ Ascaf_102:0-31073
PoolWorker-21,  processing 6433 (39695.4 per sec) reads @ Ascaf_126:0-19574
PoolWorker-21 countReadsInRegions_worker: processing 19 (93.2 per sec) @ Ascaf_126:0-19574
PoolWorker-21,  processing 93751 (38485.1 per sec) reads @ Ascaf_120:0-22000
PoolWorker-21 countReadsInRegions_worker: processing 22 (8.7 per sec) @ Ascaf_120:0-22000
PoolWorker-21,  processing 5492 (38634.4 per sec) reads @ Ascaf_123:0-20153
PoolWorker-21 countReadsInRegions_worker: processing 20 (107.7 per sec) @ Ascaf_123:0-20153
PoolWorker-21,  processing 2294 (39080.6 per sec) reads @ Ascaf_153:0-10046
PoolWorker-21 countReadsInRegions_worker: processing 10 (100.5 per sec) @ Ascaf_153:0-10046
PoolWorker-21,  processing 7769 (38033.4 per sec) reads @ Ascaf_66:0-47454
PoolWorker-21 countReadsInRegions_worker: processing 47 (181.4 per sec) @ Ascaf_66:0-47454
PoolWorker-21,  processing 7604 (38532.5 per sec) reads @ Ascaf_99:0-33167
PoolWorker-21 countReadsInRegions_worker: processing 33 (130.7 per sec) @ Ascaf_99:0-33167
PoolWorker-21,  processing 1803 (46777.8 per sec) reads @ Ascaf_155:0-6589
PoolWorker-21 countReadsInRegions_worker: processing 6 (75.3 per sec) @ Ascaf_155:0-6589
PoolWorker-21,  processing 9937 (37845.0 per sec) reads @ Ascaf_83:0-38959
PoolWorker-21 countReadsInRegions_worker: processing 38 (124.2 per sec) @ Ascaf_83:0-38959
PoolWorker-21,  processing 188896 (38095.6 per sec) reads @ Ascaf_30:0-130979
PoolWorker-21 countReadsInRegions_worker: processing 130 (25.6 per sec) @ Ascaf_30:0-130979
PoolWorker-21,  processing 1410495 (34953.9 per sec) reads @ chr16:15000000-20000000
PoolWorker-21 countReadsInRegions_worker: processing 5000 (121.9 per sec) @ chr16:15000000-20000000
PoolWorker-21,  processing 8682 (39246.7 per sec) reads @ Ascaf_85:0-37890
PoolWorker-21 countReadsInRegions_worker: processing 37 (140.8 per sec) @ Ascaf_85:0-37890
PoolWorker-21,  processing 10291 (38775.4 per sec) reads @ Ascaf_87:0-36937
PoolWorker-21 countReadsInRegions_worker: processing 36 (117.3 per sec) @ Ascaf_87:0-36937
PoolWorker-21,  processing 1295292 (35715.6 per sec) reads @ chr6:5000000-10000000
PoolWorker-21 countReadsInRegions_worker: processing 5000 (135.7 per sec) @ chr6:5000000-10000000
PoolWorker-21,  processing 66754 (36287.4 per sec) reads @ Ascaf_57:0-58000
PoolWorker-21 countReadsInRegions_worker: processing 58 (30.6 per sec) @ Ascaf_57:0-58000
PoolWorker-21,  processing 11688 (37569.6 per sec) reads @ Ascaf_68:0-47437
PoolWorker-21 countReadsInRegions_worker: processing 47 (133.1 per sec) @ Ascaf_68:0-47437
PoolWorker-21,  processing 8195 (38089.7 per sec) reads @ Ascaf_101:0-31946
PoolWorker-21 countReadsInRegions_worker: processing 31 (120.2 per sec) @ Ascaf_101:0-31946
PoolWorker-21,  processing 24143 (38209.2 per sec) reads @ Ascaf_73:0-44649
PoolWorker-21 countReadsInRegions_worker: processing 44 (65.1 per sec) @ Ascaf_73:0-44649
PoolWorker-21,  processing 50371 (39105.6 per sec) reads @ Ascaf_48:0-71747
PoolWorker-21 countReadsInRegions_worker: processing 71 (52.6 per sec) @ Ascaf_48:0-71747
PoolWorker-21,  processing 64120 (37326.6 per sec) reads @ Ascaf_72:0-46000
PoolWorker-21 countReadsInRegions_worker: processing 46 (25.8 per sec) @ Ascaf_72:0-46000
PoolWorker-21,  processing 1478373 (36185.0 per sec) reads @ chr14:0-5000000
PoolWorker-21 countReadsInRegions_worker: processing 5000 (120.8 per sec) @ chr14:0-5000000
PoolWorker-28,  processing 1419908 (35180.8 per sec) reads @ chr7:15000000-20000000
PoolWorker-28 countReadsInRegions_worker: processing 5000 (120.6 per sec) @ chr7:15000000-20000000
PoolWorker-28,  processing 821040 (35281.9 per sec) reads @ chr20:20000000-22998664
PoolWorker-28 countReadsInRegions_worker: processing 2998 (126.7 per sec) @ chr20:20000000-22998664
PoolWorker-28,  processing 1246305 (35910.3 per sec) reads @ chr21:5000000-10000000
PoolWorker-28 countReadsInRegions_worker: processing 5000 (141.6 per sec) @ chr21:5000000-10000000
PoolWorker-28,  processing 1350568 (35892.1 per sec) reads @ chr1:25000000-30000000
PoolWorker-28 countReadsInRegions_worker: processing 5000 (130.3 per sec) @ chr1:25000000-30000000
PoolWorker-28,  processing 5455 (33297.7 per sec) reads @ Ascaf_97:0-33357
PoolWorker-28 countReadsInRegions_worker: processing 33 (159.4 per sec) @ Ascaf_97:0-33357
PoolWorker-28,  processing 6378 (39168.5 per sec) reads @ Ascaf_168:0-25000
PoolWorker-28 countReadsInRegions_worker: processing 25 (122.6 per sec) @ Ascaf_168:0-25000
PoolWorker-28,  processing 2759055 (35317.8 per sec) reads @ chr19:0-5000000
PoolWorker-28 countReadsInRegions_worker: processing 5000 (63.0 per sec) @ chr19:0-5000000
PoolWorker-28,  processing 77786 (38471.7 per sec) reads @ chr3:20000000-20313673
PoolWorker-28 countReadsInRegions_worker: processing 313 (149.8 per sec) @ chr3:20000000-20313673
PoolWorker-20,  processing 12003 (70376.6 per sec) reads @ Ascaf_62:0-52951
PoolWorker-20 countReadsInRegions_worker: processing 52 (286.3 per sec) @ Ascaf_62:0-52951
PoolWorker-20,  processing 1260197 (34393.9 per sec) reads @ chr10:0-5000000
PoolWorker-20 countReadsInRegions_worker: processing 5000 (133.3 per sec) @ chr10:0-5000000
PoolWorker-20,  processing 1256260 (36176.0 per sec) reads @ chr8:5000000-10000000
PoolWorker-20 countReadsInRegions_worker: processing 5000 (140.8 per sec) @ chr8:5000000-10000000
PoolWorker-20,  processing 6547 (39001.6 per sec) reads @ Ascaf_167:0-25000
PoolWorker-20 countReadsInRegions_worker: processing 25 (112.3 per sec) @ Ascaf_167:0-25000
PoolWorker-20,  processing 84294 (36676.2 per sec) reads @ Ascaf_41:0-90399
PoolWorker-20 countReadsInRegions_worker: processing 90 (37.8 per sec) @ Ascaf_41:0-90399
PoolWorker-20,  processing 417613 (38010.8 per sec) reads @ Ascaf_42:0-86089
PoolWorker-20 countReadsInRegions_worker: processing 86 (7.7 per sec) @ Ascaf_42:0-86089
PoolWorker-20,  processing 1379213 (36202.4 per sec) reads @ chr17:10000000-15000000
PoolWorker-20 countReadsInRegions_worker: processing 5000 (129.2 per sec) @ chr17:10000000-15000000
PoolWorker-20,  processing 1264696 (36257.9 per sec) reads @ chr1:10000000-15000000
PoolWorker-20 countReadsInRegions_worker: processing 5000 (141.1 per sec) @ chr1:10000000-15000000
PoolWorker-20,  processing 7458 (38530.7 per sec) reads @ Ascaf_104:0-29894
PoolWorker-20 countReadsInRegions_worker: processing 29 (123.4 per sec) @ Ascaf_104:0-29894
PoolWorker-20,  processing 17717 (28839.9 per sec) reads @ Ascaf_49:0-70996
PoolWorker-20 countReadsInRegions_worker: processing 70 (106.2 per sec) @ Ascaf_49:0-70996
PoolWorker-20,  processing 6017 (37051.4 per sec) reads @ Ascaf_150:0-13271
PoolWorker-20 countReadsInRegions_worker: processing 13 (63.8 per sec) @ Ascaf_150:0-13271
PoolWorker-20,  processing 2057847 (35464.5 per sec) reads @ chr14:5000000-10000000
PoolWorker-20 countReadsInRegions_worker: processing 5000 (84.6 per sec) @ chr14:5000000-10000000
PoolWorker-29,  processing 5989 (37031.3 per sec) reads @ Ascaf_54:0-60000
PoolWorker-29 countReadsInRegions_worker: processing 60 (316.0 per sec) @ Ascaf_54:0-60000
PoolWorker-29,  processing 5435 (43530.9 per sec) reads @ Ascaf_125:0-19664
PoolWorker-29 countReadsInRegions_worker: processing 19 (100.4 per sec) @ Ascaf_125:0-19664
PoolWorker-29,  processing 68 (51941.8 per sec) reads @ Ascaf_165:0-1000
PoolWorker-29 countReadsInRegions_worker: processing 1 (15.8 per sec) @ Ascaf_165:0-1000
PoolWorker-29,  processing 1315583 (34723.1 per sec) reads @ chr3:5000000-10000000
PoolWorker-29 countReadsInRegions_worker: processing 5000 (128.7 per sec) @ chr3:5000000-10000000
PoolWorker-29,  processing 1236406 (34831.1 per sec) reads @ chr3:15000000-20000000
PoolWorker-29 countReadsInRegions_worker: processing 5000 (138.3 per sec) @ chr3:15000000-20000000
PoolWorker-29,  processing 1387550 (35723.1 per sec) reads @ chr3:0-5000000
PoolWorker-29 countReadsInRegions_worker: processing 5000 (126.3 per sec) @ chr3:0-5000000
PoolWorker-29,  processing 11786 (36551.8 per sec) reads @ Ascaf_169:0-50000
PoolWorker-29 countReadsInRegions_worker: processing 50 (136.4 per sec) @ Ascaf_169:0-50000
PoolWorker-29,  processing 287 (60396.6 per sec) reads @ Ascaf_164:0-1000
PoolWorker-29 countReadsInRegions_worker: processing 1 (21.3 per sec) @ Ascaf_164:0-1000
PoolWorker-29,  processing 170354 (38712.4 per sec) reads @ Ascaf_33:0-106103
PoolWorker-29 countReadsInRegions_worker: processing 106 (23.5 per sec) @ Ascaf_33:0-106103
PoolWorker-29,  processing 4435 (40804.1 per sec) reads @ Ascaf_134:0-17659
PoolWorker-29 countReadsInRegions_worker: processing 17 (113.3 per sec) @ Ascaf_134:0-17659
PoolWorker-29,  processing 928302 (35177.8 per sec) reads @ chr14:15000000-18637407
PoolWorker-29 countReadsInRegions_worker: processing 3637 (135.2 per sec) @ chr14:15000000-18637407
PoolWorker-29,  processing 15780 (39210.4 per sec) reads @ Ascaf_105:0-29809
PoolWorker-29 countReadsInRegions_worker: processing 29 (64.8 per sec) @ Ascaf_105:0-29809
PoolWorker-29,  processing 147510 (37758.8 per sec) reads @ Ascaf_39:0-92659
PoolWorker-29 countReadsInRegions_worker: processing 92 (23.0 per sec) @ Ascaf_39:0-92659
PoolWorker-29,  processing 1257330 (35759.8 per sec) reads @ chr1:5000000-10000000
PoolWorker-29 countReadsInRegions_worker: processing 5000 (140.1 per sec) @ chr1:5000000-10000000
PoolWorker-29,  processing 1253148 (37086.1 per sec) reads @ chr8:10000000-15000000
PoolWorker-29 countReadsInRegions_worker: processing 5000 (145.9 per sec) @ chr8:10000000-15000000
PoolWorker-29,  processing 10468 (37102.6 per sec) reads @ Ascaf_63:0-51776
PoolWorker-29 countReadsInRegions_worker: processing 51 (156.8 per sec) @ Ascaf_63:0-51776
PoolWorker-19,  processing 9240 (32776.6 per sec) reads @ Ascaf_94:0-33862
PoolWorker-19 countReadsInRegions_worker: processing 33 (112.8 per sec) @ Ascaf_94:0-33862
PoolWorker-19,  processing 38809 (35065.2 per sec) reads @ Ascaf_75:0-42641
PoolWorker-19 countReadsInRegions_worker: processing 42 (35.3 per sec) @ Ascaf_75:0-42641
PoolWorker-19,  processing 1144868 (36125.9 per sec) reads @ chr10:15000000-19005646
PoolWorker-19 countReadsInRegions_worker: processing 4005 (124.8 per sec) @ chr10:15000000-19005646
PoolWorker-19,  processing 93690 (36342.2 per sec) reads @ Ascaf_32:0-110405
PoolWorker-19 countReadsInRegions_worker: processing 110 (41.3 per sec) @ Ascaf_32:0-110405
PoolWorker-19,  processing 18394 (33060.8 per sec) reads @ Ascaf_51:0-70629
PoolWorker-19 countReadsInRegions_worker: processing 70 (117.5 per sec) @ Ascaf_51:0-70629
PoolWorker-19,  processing 26365 (36505.9 per sec) reads @ Ascaf_71:0-32519
PoolWorker-19 countReadsInRegions_worker: processing 32 (40.8 per sec) @ Ascaf_71:0-32519
PoolWorker-19,  processing 1282753 (35477.9 per sec) reads @ chr16:5000000-10000000
PoolWorker-19 countReadsInRegions_worker: processing 5000 (135.3 per sec) @ chr16:5000000-10000000
PoolWorker-19,  processing 1192749 (34850.6 per sec) reads @ chr13:20000000-24369283
PoolWorker-19 countReadsInRegions_worker: processing 4369 (125.4 per sec) @ chr13:20000000-24369283
PoolWorker-19,  processing 1317542 (35567.5 per sec) reads @ chr9:5000000-10000000
PoolWorker-19 countReadsInRegions_worker: processing 5000 (132.6 per sec) @ chr9:5000000-10000000
PoolWorker-19,  processing 1478 (49329.0 per sec) reads @ Ascaf_154:0-6709
PoolWorker-19 countReadsInRegions_worker: processing 6 (85.6 per sec) @ Ascaf_154:0-6709
PoolWorker-19,  processing 1243839 (36221.9 per sec) reads @ chr2:10000000-15000000
PoolWorker-19 countReadsInRegions_worker: processing 5000 (143.2 per sec) @ chr2:10000000-15000000
PoolWorker-19,  processing 116117 (38705.1 per sec) reads @ Ascaf_96:0-33398
PoolWorker-19 countReadsInRegions_worker: processing 33 (10.7 per sec) @ Ascaf_96:0-33398
PoolWorker-19,  processing 2726 (45333.6 per sec) reads @ Ascaf_145:0-15510
PoolWorker-19 countReadsInRegions_worker: processing 15 (148.6 per sec) @ Ascaf_145:0-15510
PoolWorker-19,  processing 57747 (35441.7 per sec) reads @ Ascaf_110:0-27536
PoolWorker-19 countReadsInRegions_worker: processing 27 (15.9 per sec) @ Ascaf_110:0-27536
PoolWorker-19,  processing 83951 (37582.5 per sec) reads @ Ascaf_119:0-22101
PoolWorker-19 countReadsInRegions_worker: processing 22 (9.6 per sec) @ Ascaf_119:0-22101
PoolWorker-19,  processing 1432345 (39151.2 per sec) reads @ chr17:5000000-10000000
PoolWorker-19 countReadsInRegions_worker: processing 5000 (135.2 per sec) @ chr17:5000000-10000000
PoolWorker-22,  processing 1256868 (33806.6 per sec) reads @ chr7:0-5000000
PoolWorker-22 countReadsInRegions_worker: processing 5000 (131.5 per sec) @ chr7:0-5000000
PoolWorker-22,  processing 3975 (36501.4 per sec) reads @ Ascaf_131:0-18319
PoolWorker-22 countReadsInRegions_worker: processing 18 (118.2 per sec) @ Ascaf_131:0-18319
PoolWorker-22,  processing 7937 (37192.9 per sec) reads @ Ascaf_88:0-36907
PoolWorker-22 countReadsInRegions_worker: processing 36 (141.3 per sec) @ Ascaf_88:0-36907
PoolWorker-22,  processing 1269958 (35076.5 per sec) reads @ chr9:15000000-20000000
PoolWorker-22 countReadsInRegions_worker: processing 5000 (135.4 per sec) @ chr9:15000000-20000000
PoolWorker-22,  processing 389 (63738.7 per sec) reads @ Ascaf_162:0-1000
PoolWorker-22 countReadsInRegions_worker: processing 1 (21.3 per sec) @ Ascaf_162:0-1000
PoolWorker-22,  processing 1333039 (35746.2 per sec) reads @ chr11:10000000-15000000
PoolWorker-22 countReadsInRegions_worker: processing 5000 (131.7 per sec) @ chr11:10000000-15000000
PoolWorker-22,  processing 6802 (36196.8 per sec) reads @ Ascaf_108:0-29345
PoolWorker-22 countReadsInRegions_worker: processing 29 (126.2 per sec) @ Ascaf_108:0-29345
PoolWorker-22,  processing 2309 (39782.2 per sec) reads @ Ascaf_151:0-13242
PoolWorker-22 countReadsInRegions_worker: processing 13 (131.4 per sec) @ Ascaf_151:0-13242
PoolWorker-22,  processing 310221 (35171.0 per sec) reads @ chr6:20000000-21248438
PoolWorker-22 countReadsInRegions_worker: processing 1248 (138.8 per sec) @ chr6:20000000-21248438
PoolWorker-22,  processing 2566 (41069.8 per sec) reads @ Ascaf_140:0-15786
PoolWorker-22 countReadsInRegions_worker: processing 15 (139.8 per sec) @ Ascaf_140:0-15786
PoolWorker-22,  processing 3945 (42620.1 per sec) reads @ Ascaf_82:0-39089
PoolWorker-22 countReadsInRegions_worker: processing 39 (302.6 per sec) @ Ascaf_82:0-39089
PoolWorker-22,  processing 1248254 (35243.1 per sec) reads @ chr4:0-5000000
PoolWorker-22 countReadsInRegions_worker: processing 5000 (138.8 per sec) @ chr4:0-5000000
PoolWorker-22,  processing 190251 (38482.6 per sec) reads @ Ascaf_74:0-44000
PoolWorker-22 countReadsInRegions_worker: processing 44 (8.7 per sec) @ Ascaf_74:0-44000
PoolWorker-22,  processing 877401 (34800.8 per sec) reads @ chr18:15000000-18483836
PoolWorker-22 countReadsInRegions_worker: processing 3483 (135.9 per sec) @ chr18:15000000-18483836
PoolWorker-22,  processing 1320847 (38166.2 per sec) reads @ chr13:5000000-10000000
PoolWorker-22 countReadsInRegions_worker: processing 5000 (142.7 per sec) @ chr13:5000000-10000000
PoolWorker-22,  processing 21546 (40702.1 per sec) reads @ Ascaf_46:0-73387
PoolWorker-22 countReadsInRegions_worker: processing 73 (127.0 per sec) @ Ascaf_46:0-73387
PoolWorker-30,  processing 154961 (35874.4 per sec) reads @ Ascaf_28:0-145740
PoolWorker-30 countReadsInRegions_worker: processing 145 (32.6 per sec) @ Ascaf_28:0-145740
PoolWorker-30,  processing 5802 (40555.6 per sec) reads @ Ascaf_112:0-24428
PoolWorker-30 countReadsInRegions_worker: processing 24 (116.5 per sec) @ Ascaf_112:0-24428
PoolWorker-30,  processing 1282193 (34792.1 per sec) reads @ chr18:5000000-10000000
PoolWorker-30 countReadsInRegions_worker: processing 5000 (132.6 per sec) @ chr18:5000000-10000000
PoolWorker-30,  processing 67773 (36696.4 per sec) reads @ Ascaf_113:0-24387
PoolWorker-30 countReadsInRegions_worker: processing 24 (12.5 per sec) @ Ascaf_113:0-24387
PoolWorker-30,  processing 7468 (35606.4 per sec) reads @ Ascaf_67:0-40269
PoolWorker-30 countReadsInRegions_worker: processing 40 (157.9 per sec) @ Ascaf_67:0-40269
PoolWorker-30,  processing 3531 (40395.8 per sec) reads @ Ascaf_116:0-22916
PoolWorker-30 countReadsInRegions_worker: processing 22 (171.0 per sec) @ Ascaf_116:0-22916
PoolWorker-30,  processing 86142 (35932.5 per sec) reads @ Ascaf_35:0-99371
PoolWorker-30 countReadsInRegions_worker: processing 99 (40.1 per sec) @ Ascaf_35:0-99371
PoolWorker-30,  processing 1323824 (34701.6 per sec) reads @ chr12:0-5000000
PoolWorker-30 countReadsInRegions_worker: processing 5000 (128.6 per sec) @ chr12:0-5000000
PoolWorker-30,  processing 3697 (40634.9 per sec) reads @ Ascaf_144:0-15519
PoolWorker-30 countReadsInRegions_worker: processing 15 (113.3 per sec) @ Ascaf_144:0-15519
PoolWorker-30,  processing 933097 (35400.1 per sec) reads @ chr12:20000000-23704847
PoolWorker-30 countReadsInRegions_worker: processing 3704 (137.9 per sec) @ chr12:20000000-23704847
PoolWorker-30,  processing 12103 (37414.8 per sec) reads @ Ascaf_81:0-40000
PoolWorker-30 countReadsInRegions_worker: processing 40 (108.9 per sec) @ Ascaf_81:0-40000
PoolWorker-30,  processing 1268046 (34695.5 per sec) reads @ chr11:0-5000000
PoolWorker-30 countReadsInRegions_worker: processing 5000 (134.8 per sec) @ chr11:0-5000000
PoolWorker-30,  processing 190230 (38289.2 per sec) reads @ Ascaf_25:0-178627
PoolWorker-30 countReadsInRegions_worker: processing 178 (35.0 per sec) @ Ascaf_25:0-178627
PoolWorker-30,  processing 138155 (37815.0 per sec) reads @ Ascaf_98:0-33222
PoolWorker-30 countReadsInRegions_worker: processing 33 (8.8 per sec) @ Ascaf_98:0-33222
PoolWorker-30,  processing 6827 (40323.4 per sec) reads @ Ascaf_142:0-15730
PoolWorker-30 countReadsInRegions_worker: processing 15 (70.6 per sec) @ Ascaf_142:0-15730
PoolWorker-30,  processing 1090143 (35038.4 per sec) reads @ chr9:20000000-24303205
PoolWorker-30 countReadsInRegions_worker: processing 4303 (136.4 per sec) @ chr9:20000000-24303205
PoolWorker-30,  processing 267417 (36658.3 per sec) reads @ Ascaf_45:0-74461
PoolWorker-30 countReadsInRegions_worker: processing 74 (10.0 per sec) @ Ascaf_45:0-74461
PoolWorker-30,  processing 56805 (37953.8 per sec) reads @ Ascaf_124:0-19772
PoolWorker-30 countReadsInRegions_worker: processing 19 (12.3 per sec) @ Ascaf_124:0-19772
PoolWorker-30,  processing 1262800 (44579.3 per sec) reads @ chr4:5000000-10000000
PoolWorker-30 countReadsInRegions_worker: processing 5000 (174.4 per sec) @ chr4:5000000-10000000
PoolWorker-30,  processing 5016 (74442.2 per sec) reads @ Ascaf_127:0-19159
PoolWorker-30 countReadsInRegions_worker: processing 19 (248.4 per sec) @ Ascaf_127:0-19159
PoolWorker-31,  processing 138576 (36931.7 per sec) reads @ Ascaf_43:0-83995
PoolWorker-31 countReadsInRegions_worker: processing 83 (21.6 per sec) @ Ascaf_43:0-83995
PoolWorker-31,  processing 160041 (36121.5 per sec) reads @ Ascaf_22:0-446888
PoolWorker-31 countReadsInRegions_worker: processing 446 (97.7 per sec) @ Ascaf_22:0-446888
PoolWorker-31,  processing 207 (8292.2 per sec) reads @ Ascaf_163:0-1000
PoolWorker-31 countReadsInRegions_worker: processing 1 (16.0 per sec) @ Ascaf_163:0-1000
PoolWorker-31,  processing 13743 (33442.6 per sec) reads @ Ascaf_58:0-57612
PoolWorker-31 countReadsInRegions_worker: processing 57 (125.9 per sec) @ Ascaf_58:0-57612
PoolWorker-31,  processing 50467 (36873.3 per sec) reads @ Ascaf_29:0-143722
PoolWorker-31 countReadsInRegions_worker: processing 143 (101.6 per sec) @ Ascaf_29:0-143722
PoolWorker-31,  processing 93220 (38076.6 per sec) reads @ Ascaf_38:0-95573
PoolWorker-31 countReadsInRegions_worker: processing 95 (37.7 per sec) @ Ascaf_38:0-95573
PoolWorker-31,  processing 1256273 (35519.9 per sec) reads @ chr21:0-5000000
PoolWorker-31 countReadsInRegions_worker: processing 5000 (139.3 per sec) @ chr21:0-5000000
PoolWorker-31,  processing 1303853 (35056.7 per sec) reads @ chr1:0-5000000
PoolWorker-31 countReadsInRegions_worker: processing 5000 (132.1 per sec) @ chr1:0-5000000
PoolWorker-31,  processing 106423 (39121.7 per sec) reads @ Ascaf_50:0-70692
PoolWorker-31 countReadsInRegions_worker: processing 70 (25.1 per sec) @ Ascaf_50:0-70692
PoolWorker-31,  processing 10705 (37520.3 per sec) reads @ Ascaf_80:0-41014
PoolWorker-31 countReadsInRegions_worker: processing 41 (124.5 per sec) @ Ascaf_80:0-41014
PoolWorker-31,  processing 1301588 (35021.9 per sec) reads @ chr11:5000000-10000000
PoolWorker-31 countReadsInRegions_worker: processing 5000 (132.6 per sec) @ chr11:5000000-10000000
PoolWorker-31,  processing 1691594 (35618.9 per sec) reads @ chr4:20000000-25000000
PoolWorker-31 countReadsInRegions_worker: processing 5000 (103.4 per sec) @ chr4:20000000-25000000
PoolWorker-31,  processing 1303098 (35998.7 per sec) reads @ chr4:10000000-15000000
PoolWorker-31 countReadsInRegions_worker: processing 5000 (135.6 per sec) @ chr4:10000000-15000000
PoolWorker-31,  processing 636610 (47111.6 per sec) reads @ chr2:25000000-26977752
PoolWorker-31 countReadsInRegions_worker: processing 1977 (144.2 per sec) @ chr2:25000000-26977752
PoolWorker-31,  processing 5520 (22954.2 per sec) reads @ Ascaf_117:0-22832
PoolWorker-31 countReadsInRegions_worker: processing 22 (88.2 per sec) @ Ascaf_117:0-22832
PoolWorker-31,  processing 11600 (35858.9 per sec) reads @ Ascaf_70:0-46916
PoolWorker-31 countReadsInRegions_worker: processing 46 (125.9 per sec) @ Ascaf_70:0-46916
PoolWorker-27,  processing 148002 (35000.4 per sec) reads @ Ascaf_34:0-101478
PoolWorker-27 countReadsInRegions_worker: processing 101 (23.4 per sec) @ Ascaf_34:0-101478
PoolWorker-27,  processing 2110 (27031.2 per sec) reads @ Ascaf_115:0-24004
PoolWorker-27 countReadsInRegions_worker: processing 24 (168.2 per sec) @ Ascaf_115:0-24004
PoolWorker-27,  processing 1249707 (34780.4 per sec) reads @ chr7:5000000-10000000
PoolWorker-27 countReadsInRegions_worker: processing 5000 (136.0 per sec) @ chr7:5000000-10000000
PoolWorker-27,  processing 53952 (36797.3 per sec) reads @ Ascaf_24:0-187591
PoolWorker-27 countReadsInRegions_worker: processing 187 (122.0 per sec) @ Ascaf_24:0-187591
PoolWorker-27,  processing 13328 (37669.2 per sec) reads @ Ascaf_61:0-54508
PoolWorker-27 countReadsInRegions_worker: processing 54 (135.7 per sec) @ Ascaf_61:0-54508
PoolWorker-27,  processing 1412278 (35430.7 per sec) reads @ chr21:15000000-19873525
PoolWorker-27 countReadsInRegions_worker: processing 4873 (120.2 per sec) @ chr21:15000000-19873525
PoolWorker-27,  processing 1299398 (34982.0 per sec) reads @ chr15:0-5000000
PoolWorker-27 countReadsInRegions_worker: processing 5000 (132.3 per sec) @ chr15:0-5000000
PoolWorker-27,  processing 1278421 (35558.3 per sec) reads @ chr12:15000000-20000000
PoolWorker-27 countReadsInRegions_worker: processing 5000 (137.0 per sec) @ chr12:15000000-20000000
PoolWorker-27,  processing 20724 (37703.3 per sec) reads @ Ascaf_37:0-98231
PoolWorker-27 countReadsInRegions_worker: processing 98 (164.5 per sec) @ Ascaf_37:0-98231
PoolWorker-27,  processing 155150 (38661.9 per sec) reads @ Ascaf_89:0-36000
PoolWorker-27 countReadsInRegions_worker: processing 36 (8.8 per sec) @ Ascaf_89:0-36000
PoolWorker-27,  processing 1269905 (35606.9 per sec) reads @ chr13:10000000-15000000
PoolWorker-27 countReadsInRegions_worker: processing 5000 (137.8 per sec) @ chr13:10000000-15000000
PoolWorker-27,  processing 1267830 (41120.7 per sec) reads @ chr14:10000000-15000000
PoolWorker-27 countReadsInRegions_worker: processing 5000 (160.4 per sec) @ chr14:10000000-15000000
PoolWorker-25,  processing 8196 (33445.0 per sec) reads @ Ascaf_100:0-32247
PoolWorker-25 countReadsInRegions_worker: processing 32 (116.6 per sec) @ Ascaf_100:0-32247
PoolWorker-25,  processing 545951 (34152.3 per sec) reads @ chr16:20000000-22188971
PoolWorker-25 countReadsInRegions_worker: processing 2188 (133.7 per sec) @ chr16:20000000-22188971
PoolWorker-25,  processing 1306361 (34976.9 per sec) reads @ chr18:10000000-15000000
PoolWorker-25 countReadsInRegions_worker: processing 5000 (131.0 per sec) @ chr18:10000000-15000000
PoolWorker-25,  processing 776022 (35691.3 per sec) reads @ chr19:5000000-10000000
PoolWorker-25 countReadsInRegions_worker: processing 5000 (225.3 per sec) @ chr19:5000000-10000000
PoolWorker-25,  processing 415 (63427.3 per sec) reads @ Ascaf_157:0-3527
PoolWorker-25 countReadsInRegions_worker: processing 3 (61.6 per sec) @ Ascaf_157:0-3527
PoolWorker-25,  processing 12457 (36564.9 per sec) reads @ Ascaf_133:0-49732
PoolWorker-25 countReadsInRegions_worker: processing 49 (128.0 per sec) @ Ascaf_133:0-49732
PoolWorker-25,  processing 10863 (37020.5 per sec) reads @ Ascaf_69:0-44691
PoolWorker-25 countReadsInRegions_worker: processing 44 (131.0 per sec) @ Ascaf_69:0-44691
PoolWorker-25,  processing 1671134 (35531.8 per sec) reads @ chr13:0-5000000
PoolWorker-25 countReadsInRegions_worker: processing 5000 (104.6 per sec) @ chr13:0-5000000
PoolWorker-25,  processing 2326 (52227.6 per sec) reads @ Ascaf_122:0-20728
PoolWorker-25 countReadsInRegions_worker: processing 20 (224.2 per sec) @ Ascaf_122:0-20728
PoolWorker-25,  processing 14502 (40437.2 per sec) reads @ Ascaf_65:0-47651
PoolWorker-25 countReadsInRegions_worker: processing 47 (113.6 per sec) @ Ascaf_65:0-47651
PoolWorker-25,  processing 17843 (31717.3 per sec) reads @ Ascaf_44:0-77777
PoolWorker-25 countReadsInRegions_worker: processing 77 (125.0 per sec) @ Ascaf_44:0-77777
PoolWorker-25,  processing 1280549 (36087.9 per sec) reads @ chr12:10000000-15000000
PoolWorker-25 countReadsInRegions_worker: processing 5000 (138.4 per sec) @ chr12:10000000-15000000
PoolWorker-25,  processing 32907 (39066.7 per sec) reads @ Ascaf_84:0-38148
PoolWorker-25 countReadsInRegions_worker: processing 38 (41.9 per sec) @ Ascaf_84:0-38148
PoolWorker-25,  processing 1287807 (36150.7 per sec) reads @ chr15:5000000-10000000
PoolWorker-25 countReadsInRegions_worker: processing 5000 (138.2 per sec) @ chr15:5000000-10000000
PoolWorker-25,  processing 293 (69462.5 per sec) reads @ Ascaf_160:0-2000
PoolWorker-25 countReadsInRegions_worker: processing 2 (38.1 per sec) @ Ascaf_160:0-2000
PoolWorker-25,  processing 1330639 (43612.0 per sec) reads @ chr15:15000000-20000000
PoolWorker-25 countReadsInRegions_worker: processing 5000 (162.3 per sec) @ chr15:15000000-20000000
PoolWorker-18,  processing 17896 (25035.0 per sec) reads @ Ascaf_47:0-72017
PoolWorker-18 countReadsInRegions_worker: processing 72 (98.9 per sec) @ Ascaf_47:0-72017
PoolWorker-18,  processing 20479 (37789.1 per sec) reads @ Ascaf_59:0-57475
PoolWorker-18 countReadsInRegions_worker: processing 57 (94.3 per sec) @ Ascaf_59:0-57475
PoolWorker-18,  processing 1358049 (34395.9 per sec) reads @ chr5:10000000-15000000
PoolWorker-18 countReadsInRegions_worker: processing 5000 (123.2 per sec) @ chr5:10000000-15000000
PoolWorker-18,  processing 1425930 (35792.8 per sec) reads @ chr20:0-5000000
PoolWorker-18 countReadsInRegions_worker: processing 5000 (122.6 per sec) @ chr20:0-5000000
PoolWorker-18,  processing 1246732 (36212.6 per sec) reads @ chr11:15000000-19299255
PoolWorker-18 countReadsInRegions_worker: processing 4299 (122.5 per sec) @ chr11:15000000-19299255
PoolWorker-18,  processing 25259 (35390.3 per sec) reads @ Ascaf_40:0-90738
PoolWorker-18 countReadsInRegions_worker: processing 90 (120.2 per sec) @ Ascaf_40:0-90738
PoolWorker-18,  processing 1265123 (36439.5 per sec) reads @ chr9:10000000-15000000
PoolWorker-18 countReadsInRegions_worker: processing 5000 (141.4 per sec) @ chr9:10000000-15000000
PoolWorker-18,  processing 16760 (38984.5 per sec) reads @ Ascaf_55:0-59833
PoolWorker-18 countReadsInRegions_worker: processing 59 (124.1 per sec) @ Ascaf_55:0-59833
PoolWorker-18,  processing 1068354 (35831.2 per sec) reads @ chr17:20000000-23682274
PoolWorker-18 countReadsInRegions_worker: processing 3682 (121.4 per sec) @ chr17:20000000-23682274
PoolWorker-18,  processing 1278596 (36334.1 per sec) reads @ chr20:10000000-15000000
PoolWorker-18 countReadsInRegions_worker: processing 5000 (139.5 per sec) @ chr20:10000000-15000000
PoolWorker-18,  processing 1267205 (67069.0 per sec) reads @ chr8:0-5000000
PoolWorker-18 countReadsInRegions_worker: processing 5000 (260.8 per sec) @ chr8:0-5000000
PoolWorker-18,  processing 7518 (74682.6 per sec) reads @ Ascaf_161:0-1000
PoolWorker-18 countReadsInRegions_worker: processing 1 (9.2 per sec) @ Ascaf_161:0-1000
PoolWorker-32,  processing 6561 (31065.7 per sec) reads @ Ascaf_111:0-25158
PoolWorker-32 countReadsInRegions_worker: processing 25 (111.6 per sec) @ Ascaf_111:0-25158
PoolWorker-32,  processing 1246934 (34955.0 per sec) reads @ chr17:15000000-20000000
PoolWorker-32 countReadsInRegions_worker: processing 5000 (137.1 per sec) @ chr17:15000000-20000000
PoolWorker-32,  processing 432 (5587.7 per sec) reads @ Ascaf_159:0-3139
PoolWorker-32 countReadsInRegions_worker: processing 3 (25.5 per sec) @ Ascaf_159:0-3139
PoolWorker-32,  processing 4268 (39211.0 per sec) reads @ Ascaf_135:0-17087
PoolWorker-32 countReadsInRegions_worker: processing 17 (113.5 per sec) @ Ascaf_135:0-17087
PoolWorker-32,  processing 123530 (39611.3 per sec) reads @ Ascaf_53:0-64139
PoolWorker-32 countReadsInRegions_worker: processing 64 (20.0 per sec) @ Ascaf_53:0-64139
PoolWorker-32,  processing 24355 (36715.8 per sec) reads @ Ascaf_114:0-24031
PoolWorker-32 countReadsInRegions_worker: processing 24 (33.2 per sec) @ Ascaf_114:0-24031
PoolWorker-32,  processing 4569 (39277.8 per sec) reads @ Ascaf_121:0-21431
PoolWorker-32 countReadsInRegions_worker: processing 21 (133.0 per sec) @ Ascaf_121:0-21431
PoolWorker-32,  processing 9642 (27252.2 per sec) reads @ Ascaf_77:0-41997
PoolWorker-32 countReadsInRegions_worker: processing 41 (103.6 per sec) @ Ascaf_77:0-41997
PoolWorker-32,  processing 10653 (39236.9 per sec) reads @ Ascaf_78:0-41577
PoolWorker-32 countReadsInRegions_worker: processing 41 (126.2 per sec) @ Ascaf_78:0-41577
PoolWorker-32,  processing 1294518 (35640.6 per sec) reads @ chr4:15000000-20000000
PoolWorker-32 countReadsInRegions_worker: processing 5000 (134.2 per sec) @ chr4:15000000-20000000
PoolWorker-32,  processing 60945 (39267.7 per sec) reads @ Ascaf_79:0-41364
PoolWorker-32 countReadsInRegions_worker: processing 41 (25.4 per sec) @ Ascaf_79:0-41364
PoolWorker-32,  processing 1308652 (35955.5 per sec) reads @ chr4:30000000-35000000
PoolWorker-32 countReadsInRegions_worker: processing 5000 (134.9 per sec) @ chr4:30000000-35000000
PoolWorker-32,  processing 5490 (39159.2 per sec) reads @ Ascaf_60:0-24766
PoolWorker-32 countReadsInRegions_worker: processing 24 (131.0 per sec) @ Ascaf_60:0-24766
PoolWorker-32,  processing 1419 (43235.8 per sec) reads @ Ascaf_156:0-5652
PoolWorker-32 countReadsInRegions_worker: processing 5 (68.0 per sec) @ Ascaf_156:0-5652
PoolWorker-32,  processing 35071 (39334.2 per sec) reads @ Ascaf_90:0-35566
PoolWorker-32 countReadsInRegions_worker: processing 35 (37.3 per sec) @ Ascaf_90:0-35566
PoolWorker-32,  processing 218819 (36386.7 per sec) reads @ chr4:40000000-40647937
PoolWorker-32 countReadsInRegions_worker: processing 647 (105.5 per sec) @ chr4:40000000-40647937
PoolWorker-32,  processing 707860 (36619.7 per sec) reads @ chr19:15000000-20000000
PoolWorker-32 countReadsInRegions_worker: processing 5000 (254.5 per sec) @ chr19:15000000-20000000
PoolWorker-32,  processing 3773 (42522.2 per sec) reads @ Ascaf_148:0-14976
PoolWorker-32 countReadsInRegions_worker: processing 14 (106.3 per sec) @ Ascaf_148:0-14976
PoolWorker-32,  processing 1271261 (36234.5 per sec) reads @ chr12:5000000-10000000
PoolWorker-32 countReadsInRegions_worker: processing 5000 (139.9 per sec) @ chr12:5000000-10000000
PoolWorker-32,  processing 1039309 (35911.5 per sec) reads @ chr1:30000000-33917795
PoolWorker-32 countReadsInRegions_worker: processing 3917 (133.0 per sec) @ chr1:30000000-33917795
PoolWorker-32,  processing 3943 (42460.4 per sec) reads @ Ascaf_138:0-16696
PoolWorker-32 countReadsInRegions_worker: processing 16 (118.1 per sec) @ Ascaf_138:0-16696
PoolWorker-32,  processing 1277487 (53302.8 per sec) reads @ chr20:15000000-20000000
PoolWorker-32 countReadsInRegions_worker: processing 5000 (206.1 per sec) @ chr20:15000000-20000000
PoolWorker-32,  processing 14999 (83027.5 per sec) reads @ Ascaf_106:0-29590
PoolWorker-32 countReadsInRegions_worker: processing 29 (152.7 per sec) @ Ascaf_106:0-29590
PoolWorker-32,  processing 1310357 (79625.4 per sec) reads @ chr21:10000000-15000000
PoolWorker-32 countReadsInRegions_worker: processing 5000 (299.1 per sec) @ chr21:10000000-15000000
PoolWorker-23,  processing 1471194 (35128.4 per sec) reads @ chr18:0-5000000
PoolWorker-23 countReadsInRegions_worker: processing 5000 (116.5 per sec) @ chr18:0-5000000
PoolWorker-23,  processing 3237 (37868.0 per sec) reads @ Ascaf_139:0-16678
PoolWorker-23 countReadsInRegions_worker: processing 16 (124.2 per sec) @ Ascaf_139:0-16678
PoolWorker-23,  processing 1482567 (36011.9 per sec) reads @ chr6:0-5000000
PoolWorker-23 countReadsInRegions_worker: processing 5000 (119.0 per sec) @ chr6:0-5000000
PoolWorker-23,  processing 4843 (41196.4 per sec) reads @ Ascaf_132:0-17867
PoolWorker-23 countReadsInRegions_worker: processing 17 (105.9 per sec) @ Ascaf_132:0-17867
PoolWorker-23,  processing 567353 (35718.7 per sec) reads @ chr19:20000000-23715829
PoolWorker-23 countReadsInRegions_worker: processing 3715 (230.2 per sec) @ chr19:20000000-23715829
PoolWorker-23,  processing 24899 (38994.4 per sec) reads @ Ascaf_129:0-19000
PoolWorker-23 countReadsInRegions_worker: processing 19 (27.3 per sec) @ Ascaf_129:0-19000
PoolWorker-23,  processing 1286220 (36351.6 per sec) reads @ chr3:10000000-15000000
PoolWorker-23 countReadsInRegions_worker: processing 5000 (139.0 per sec) @ chr3:10000000-15000000
PoolWorker-23,  processing 17340 (38813.5 per sec) reads @ Ascaf_56:0-58445
PoolWorker-23 countReadsInRegions_worker: processing 58 (117.9 per sec) @ Ascaf_56:0-58445
PoolWorker-23,  processing 9161 (34833.5 per sec) reads @ Ascaf_86:0-37568
PoolWorker-23 countReadsInRegions_worker: processing 37 (121.6 per sec) @ Ascaf_86:0-37568
PoolWorker-23,  processing 1260327 (36073.2 per sec) reads @ chr16:10000000-15000000
PoolWorker-23 countReadsInRegions_worker: processing 5000 (140.6 per sec) @ chr16:10000000-15000000
PoolWorker-23,  processing 742841 (36297.5 per sec) reads @ chr19:10000000-15000000
PoolWorker-23 countReadsInRegions_worker: processing 5000 (240.5 per sec) @ chr19:10000000-15000000
PoolWorker-23,  processing 3809 (41132.6 per sec) reads @ Ascaf_147:0-15099
PoolWorker-23 countReadsInRegions_worker: processing 15 (108.8 per sec) @ Ascaf_147:0-15099
PoolWorker-23,  processing 1262565 (39649.8 per sec) reads @ chr2:15000000-20000000
PoolWorker-23 countReadsInRegions_worker: processing 5000 (155.6 per sec) @ chr2:15000000-20000000
PoolWorker-23,  processing 1277917 (77925.5 per sec) reads @ chr8:15000000-20000000
PoolWorker-23 countReadsInRegions_worker: processing 5000 (300.0 per sec) @ chr8:15000000-20000000
PoolWorker-23,  processing 2862 (78840.5 per sec) reads @ Ascaf_130:0-18457
PoolWorker-23 countReadsInRegions_worker: processing 18 (409.2 per sec) @ Ascaf_130:0-18457
PoolWorker-23,  processing 1251322 (82876.5 per sec) reads @ chr2:0-5000000
PoolWorker-23 countReadsInRegions_worker: processing 5000 (326.4 per sec) @ chr2:0-5000000
PoolWorker-17,  processing 71875 (52897.6 per sec) reads @ Ascaf_36:0-98486
PoolWorker-17 countReadsInRegions_worker: processing 98 (69.0 per sec) @ Ascaf_36:0-98486
PoolWorker-17,  processing 2744 (43052.0 per sec) reads @ Ascaf_143:0-15560
PoolWorker-17 countReadsInRegions_worker: processing 15 (118.5 per sec) @ Ascaf_143:0-15560
PoolWorker-17,  processing 30521 (37818.0 per sec) reads @ Ascaf_52:0-64568
PoolWorker-17 countReadsInRegions_worker: processing 64 (73.2 per sec) @ Ascaf_52:0-64568
PoolWorker-17,  processing 9134 (36693.2 per sec) reads @ Ascaf_76:0-42514
PoolWorker-17 countReadsInRegions_worker: processing 42 (134.5 per sec) @ Ascaf_76:0-42514
PoolWorker-17,  processing 1263627 (35012.7 per sec) reads @ chr7:10000000-15000000
PoolWorker-17 countReadsInRegions_worker: processing 5000 (135.1 per sec) @ chr7:10000000-15000000
PoolWorker-17,  processing 1337401 (35998.0 per sec) reads @ chr1:15000000-20000000
PoolWorker-17 countReadsInRegions_worker: processing 5000 (131.7 per sec) @ chr1:15000000-20000000
PoolWorker-17,  processing 6824 (39831.9 per sec) reads @ Ascaf_95:0-33544
PoolWorker-17 countReadsInRegions_worker: processing 33 (145.9 per sec) @ Ascaf_95:0-33544
PoolWorker-17,  processing 2017 (49620.0 per sec) reads @ Ascaf_118:0-22120
PoolWorker-17 countReadsInRegions_worker: processing 22 (271.7 per sec) @ Ascaf_118:0-22120
PoolWorker-17,  processing 1239467 (35353.8 per sec) reads @ chr6:15000000-20000000
PoolWorker-17 countReadsInRegions_worker: processing 5000 (140.3 per sec) @ chr6:15000000-20000000
PoolWorker-17,  processing 1233748 (35307.2 per sec) reads @ chr2:5000000-10000000
PoolWorker-17 countReadsInRegions_worker: processing 5000 (141.2 per sec) @ chr2:5000000-10000000
PoolWorker-17,  processing 6011 (37167.1 per sec) reads @ Ascaf_103:0-30986
PoolWorker-17 countReadsInRegions_worker: processing 30 (146.3 per sec) @ Ascaf_103:0-30986
PoolWorker-17,  processing 20231 (37908.9 per sec) reads @ Ascaf_31:0-121444
PoolWorker-17 countReadsInRegions_worker: processing 121 (205.0 per sec) @ Ascaf_31:0-121444
PoolWorker-17,  processing 3088 (38421.3 per sec) reads @ Ascaf_152:0-12206
PoolWorker-17 countReadsInRegions_worker: processing 12 (98.7 per sec) @ Ascaf_152:0-12206
PoolWorker-17,  processing 3588 (40068.8 per sec) reads @ Ascaf_146:0-15502
PoolWorker-17 countReadsInRegions_worker: processing 15 (114.8 per sec) @ Ascaf_146:0-15502
PoolWorker-17,  processing 24851 (38242.4 per sec) reads @ Ascaf_92:0-34608
PoolWorker-17 countReadsInRegions_worker: processing 34 (48.9 per sec) @ Ascaf_92:0-34608
PoolWorker-17,  processing 3824 (42343.1 per sec) reads @ Ascaf_141:0-15738
PoolWorker-17 countReadsInRegions_worker: processing 15 (112.9 per sec) @ Ascaf_141:0-15738
PoolWorker-17,  processing 1300580 (35553.1 per sec) reads @ chr15:10000000-15000000
PoolWorker-17 countReadsInRegions_worker: processing 5000 (134.6 per sec) @ chr15:10000000-15000000
PoolWorker-17,  processing 1281752 (37508.9 per sec) reads @ chr17:0-5000000
PoolWorker-17 countReadsInRegions_worker: processing 5000 (144.8 per sec) @ chr17:0-5000000
PoolWorker-17,  processing 1268685 (72110.6 per sec) reads @ chr10:5000000-10000000
PoolWorker-17 countReadsInRegions_worker: processing 5000 (280.4 per sec) @ chr10:5000000-10000000
PoolWorker-17,  processing 1332811 (81093.4 per sec) reads @ chr13:15000000-20000000
PoolWorker-17 countReadsInRegions_worker: processing 5000 (299.0 per sec) @ chr13:15000000-20000000
PoolWorker-24,  processing 3418 (20216.9 per sec) reads @ Ascaf_149:0-13452
PoolWorker-24 countReadsInRegions_worker: processing 13 (69.3 per sec) @ Ascaf_149:0-13452
PoolWorker-24,  processing 1252084 (34792.5 per sec) reads @ chr5:5000000-10000000
PoolWorker-24 countReadsInRegions_worker: processing 5000 (135.8 per sec) @ chr5:5000000-10000000
PoolWorker-24,  processing 1523464 (35550.1 per sec) reads @ chr4:25000000-30000000
PoolWorker-24 countReadsInRegions_worker: processing 5000 (114.6 per sec) @ chr4:25000000-30000000
PoolWorker-24,  processing 23206 (37632.9 per sec) reads @ Ascaf_166:0-50000
PoolWorker-24 countReadsInRegions_worker: processing 50 (75.5 per sec) @ Ascaf_166:0-50000
PoolWorker-24,  processing 934 (73456.0 per sec) reads @ Ascaf_158:0-3231
PoolWorker-24 countReadsInRegions_worker: processing 3 (56.8 per sec) @ Ascaf_158:0-3231
PoolWorker-24,  processing 1481882 (36192.3 per sec) reads @ chr7:20000000-25000000
PoolWorker-24 countReadsInRegions_worker: processing 5000 (119.5 per sec) @ chr7:20000000-25000000
PoolWorker-24,  processing 1133700 (36472.4 per sec) reads @ chr5:15000000-18670498
PoolWorker-24 countReadsInRegions_worker: processing 3670 (116.3 per sec) @ chr5:15000000-18670498
PoolWorker-24,  processing 1237657 (36364.0 per sec) reads @ chr20:5000000-10000000
PoolWorker-24 countReadsInRegions_worker: processing 5000 (144.3 per sec) @ chr20:5000000-10000000
PoolWorker-24,  processing 175637 (38239.3 per sec) reads @ chr15:20000000-20219940
PoolWorker-24 countReadsInRegions_worker: processing 219 (46.5 per sec) @ chr15:20000000-20219940
PoolWorker-24,  processing 37545 (31335.3 per sec) reads @ Ascaf_137:0-17000
PoolWorker-24 countReadsInRegions_worker: processing 17 (13.7 per sec) @ Ascaf_137:0-17000
PoolWorker-24,  processing 2272 (40739.5 per sec) reads @ Ascaf_128:0-19120
PoolWorker-24 countReadsInRegions_worker: processing 19 (192.7 per sec) @ Ascaf_128:0-19120
PoolWorker-24,  processing 31785 (33510.4 per sec) reads @ Ascaf_23:0-264707
PoolWorker-24 countReadsInRegions_worker: processing 264 (265.6 per sec) @ Ascaf_23:0-264707
PoolWorker-24,  processing 1360423 (42649.2 per sec) reads @ chr16:0-5000000
PoolWorker-24 countReadsInRegions_worker: processing 5000 (154.7 per sec) @ chr16:0-5000000
PoolWorker-24,  processing 47086 (74670.5 per sec) reads @ Ascaf_64:0-51000
PoolWorker-24 countReadsInRegions_worker: processing 51 (78.7 per sec) @ Ascaf_64:0-51000
PoolWorker-24,  processing 1302022 (80241.5 per sec) reads @ chr10:10000000-15000000
PoolWorker-24 countReadsInRegions_worker: processing 5000 (302.5 per sec) @ chr10:10000000-15000000
PoolWorker-24,  processing 1270033 (83159.8 per sec) reads @ chr4:35000000-40000000
PoolWorker-24 countReadsInRegions_worker: processing 5000 (321.7 per sec) @ chr4:35000000-40000000
output file: /storage/scratch/iee/dj20y461/Stickleback/Y_comp/Sex_chrom_stats/Read_depths/Gw/depths/Gw5a_M.1kb.RPKM.depth
