genome partition size for multiprocessing: 1000000
using 16 processors for 657 number of tasks
Final scaling factor: 0.00652097232079
PoolWorker-23,  processing 32098 (34495.3 per sec) reads @ Ascaf_166:0-50000
PoolWorker-23 countReadsInRegions_worker: processing 50 (51.3 per sec) @ Ascaf_166:0-50000
PoolWorker-23,  processing 9594 (31764.6 per sec) reads @ Ascaf_86:0-37568
PoolWorker-23 countReadsInRegions_worker: processing 37 (102.3 per sec) @ Ascaf_86:0-37568
PoolWorker-23,  processing 4540 (36235.3 per sec) reads @ Ascaf_138:0-16696
PoolWorker-23 countReadsInRegions_worker: processing 16 (85.6 per sec) @ Ascaf_138:0-16696
PoolWorker-23,  processing 1472977 (33890.7 per sec) reads @ chr13:15000000-20000000
PoolWorker-23 countReadsInRegions_worker: processing 5000 (112.3 per sec) @ chr13:15000000-20000000
PoolWorker-23,  processing 10869 (35374.5 per sec) reads @ Ascaf_83:0-38959
PoolWorker-23 countReadsInRegions_worker: processing 38 (107.4 per sec) @ Ascaf_83:0-38959
PoolWorker-23,  processing 1980215 (35118.7 per sec) reads @ chr14:5000000-10000000
PoolWorker-23 countReadsInRegions_worker: processing 5000 (87.0 per sec) @ chr14:5000000-10000000
PoolWorker-23,  processing 1419512 (35516.7 per sec) reads @ chr13:5000000-10000000
PoolWorker-23 countReadsInRegions_worker: processing 5000 (122.5 per sec) @ chr13:5000000-10000000
PoolWorker-23,  processing 243187 (38145.7 per sec) reads @ Ascaf_53:0-64139
PoolWorker-23 countReadsInRegions_worker: processing 64 (9.8 per sec) @ Ascaf_53:0-64139
PoolWorker-23,  processing 13559 (34473.6 per sec) reads @ Ascaf_70:0-46916
PoolWorker-23 countReadsInRegions_worker: processing 46 (105.0 per sec) @ Ascaf_70:0-46916
PoolWorker-23,  processing 1445619 (35046.4 per sec) reads @ chr21:10000000-15000000
PoolWorker-23 countReadsInRegions_worker: processing 5000 (119.3 per sec) @ chr21:10000000-15000000
PoolWorker-23,  processing 1386513 (35610.1 per sec) reads @ chr16:5000000-10000000
PoolWorker-23 countReadsInRegions_worker: processing 5000 (126.3 per sec) @ chr16:5000000-10000000
PoolWorker-23,  processing 72043 (33618.6 per sec) reads @ Ascaf_57:0-58000
PoolWorker-23 countReadsInRegions_worker: processing 58 (26.3 per sec) @ Ascaf_57:0-58000
PoolWorker-25,  processing 11225 (40705.5 per sec) reads @ Ascaf_76:0-42514
PoolWorker-25 countReadsInRegions_worker: processing 42 (129.0 per sec) @ Ascaf_76:0-42514
PoolWorker-25,  processing 3182 (30298.4 per sec) reads @ Ascaf_143:0-15560
PoolWorker-25 countReadsInRegions_worker: processing 15 (85.9 per sec) @ Ascaf_143:0-15560
PoolWorker-25,  processing 1617037 (34077.8 per sec) reads @ chr14:0-5000000
PoolWorker-25 countReadsInRegions_worker: processing 5000 (102.4 per sec) @ chr14:0-5000000
PoolWorker-25,  processing 1549768 (34926.6 per sec) reads @ chr7:15000000-20000000
PoolWorker-25 countReadsInRegions_worker: processing 5000 (110.6 per sec) @ chr7:15000000-20000000
PoolWorker-25,  processing 608504 (34491.7 per sec) reads @ chr19:20000000-23715829
PoolWorker-25 countReadsInRegions_worker: processing 3715 (207.8 per sec) @ chr19:20000000-23715829
PoolWorker-25,  processing 79244 (37763.7 per sec) reads @ Ascaf_113:0-24387
PoolWorker-25 countReadsInRegions_worker: processing 24 (11.0 per sec) @ Ascaf_113:0-24387
PoolWorker-25,  processing 9373 (40619.7 per sec) reads @ Ascaf_101:0-31946
PoolWorker-25 countReadsInRegions_worker: processing 31 (114.9 per sec) @ Ascaf_101:0-31946
PoolWorker-25,  processing 12102 (39382.6 per sec) reads @ Ascaf_78:0-41577
PoolWorker-25 countReadsInRegions_worker: processing 41 (116.6 per sec) @ Ascaf_78:0-41577
PoolWorker-25,  processing 24237 (31873.7 per sec) reads @ Ascaf_46:0-73387
PoolWorker-25 countReadsInRegions_worker: processing 73 (90.8 per sec) @ Ascaf_46:0-73387
PoolWorker-25,  processing 9363 (41489.0 per sec) reads @ Ascaf_161:0-1000
PoolWorker-25 countReadsInRegions_worker: processing 1 (3.7 per sec) @ Ascaf_161:0-1000
PoolWorker-25,  processing 155533 (36370.6 per sec) reads @ Ascaf_22:0-446888
PoolWorker-25 countReadsInRegions_worker: processing 446 (102.4 per sec) @ Ascaf_22:0-446888
PoolWorker-25,  processing 1043849 (34026.8 per sec) reads @ chr14:15000000-18637407
PoolWorker-25 countReadsInRegions_worker: processing 3637 (116.7 per sec) @ chr14:15000000-18637407
PoolWorker-25,  processing 1388002 (35967.2 per sec) reads @ chr21:5000000-10000000
PoolWorker-25 countReadsInRegions_worker: processing 5000 (127.3 per sec) @ chr21:5000000-10000000
PoolWorker-25,  processing 54559 (35129.5 per sec) reads @ Ascaf_29:0-143722
PoolWorker-25 countReadsInRegions_worker: processing 143 (88.6 per sec) @ Ascaf_29:0-143722
PoolWorker-25,  processing 1373099 (35511.5 per sec) reads @ chr13:10000000-15000000
PoolWorker-25 countReadsInRegions_worker: processing 5000 (126.9 per sec) @ chr13:10000000-15000000
PoolWorker-25,  processing 127912 (34270.9 per sec) reads @ Ascaf_34:0-101478
PoolWorker-25 countReadsInRegions_worker: processing 101 (26.4 per sec) @ Ascaf_34:0-101478
PoolWorker-17,  processing 572286 (36857.0 per sec) reads @ Ascaf_42:0-86089
PoolWorker-17 countReadsInRegions_worker: processing 86 (5.4 per sec) @ Ascaf_42:0-86089
PoolWorker-17,  processing 27859 (34750.9 per sec) reads @ Ascaf_84:0-38148
PoolWorker-17 countReadsInRegions_worker: processing 38 (44.1 per sec) @ Ascaf_84:0-38148
PoolWorker-17,  processing 2977 (37556.1 per sec) reads @ Ascaf_140:0-15786
PoolWorker-17 countReadsInRegions_worker: processing 15 (123.0 per sec) @ Ascaf_140:0-15786
PoolWorker-17,  processing 196561 (34420.3 per sec) reads @ Ascaf_98:0-33222
PoolWorker-17 countReadsInRegions_worker: processing 33 (5.6 per sec) @ Ascaf_98:0-33222
PoolWorker-17,  processing 1343130 (34677.6 per sec) reads @ chr2:10000000-15000000
PoolWorker-17 countReadsInRegions_worker: processing 5000 (126.8 per sec) @ chr2:10000000-15000000
PoolWorker-17,  processing 1519533 (35019.9 per sec) reads @ chr16:0-5000000
PoolWorker-17 countReadsInRegions_worker: processing 5000 (113.5 per sec) @ chr16:0-5000000
PoolWorker-17,  processing 215 (52747.7 per sec) reads @ Ascaf_163:0-1000
PoolWorker-17 countReadsInRegions_worker: processing 1 (21.8 per sec) @ Ascaf_163:0-1000
PoolWorker-17,  processing 1383748 (35207.9 per sec) reads @ chr10:5000000-10000000
PoolWorker-17 countReadsInRegions_worker: processing 5000 (125.1 per sec) @ chr10:5000000-10000000
PoolWorker-17,  processing 250071 (34850.4 per sec) reads @ Ascaf_74:0-44000
PoolWorker-17 countReadsInRegions_worker: processing 44 (6.0 per sec) @ Ascaf_74:0-44000
PoolWorker-17,  processing 10459 (26914.5 per sec) reads @ Ascaf_93:0-34038
PoolWorker-17 countReadsInRegions_worker: processing 34 (78.6 per sec) @ Ascaf_93:0-34038
PoolWorker-17,  processing 1363560 (34452.6 per sec) reads @ chr21:0-5000000
PoolWorker-17 countReadsInRegions_worker: processing 5000 (124.3 per sec) @ chr21:0-5000000
PoolWorker-17,  processing 1747595 (36006.0 per sec) reads @ chr1:20000000-25000000
PoolWorker-17 countReadsInRegions_worker: processing 5000 (101.3 per sec) @ chr1:20000000-25000000
PoolWorker-26,  processing 6811 (34242.1 per sec) reads @ Ascaf_104:0-29894
PoolWorker-26 countReadsInRegions_worker: processing 29 (122.2 per sec) @ Ascaf_104:0-29894
PoolWorker-26,  processing 1422757 (34255.8 per sec) reads @ chr18:10000000-15000000
PoolWorker-26 countReadsInRegions_worker: processing 5000 (117.3 per sec) @ chr18:10000000-15000000
PoolWorker-26,  processing 1353620 (35032.6 per sec) reads @ chr2:5000000-10000000
PoolWorker-26 countReadsInRegions_worker: processing 5000 (127.1 per sec) @ chr2:5000000-10000000
PoolWorker-26,  processing 1378292 (34802.8 per sec) reads @ chr6:15000000-20000000
PoolWorker-26 countReadsInRegions_worker: processing 5000 (124.3 per sec) @ chr6:15000000-20000000
PoolWorker-26,  processing 26941 (36082.0 per sec) reads @ Ascaf_40:0-90738
PoolWorker-26 countReadsInRegions_worker: processing 90 (113.4 per sec) @ Ascaf_40:0-90738
PoolWorker-26,  processing 13012 (27977.3 per sec) reads @ Ascaf_69:0-44691
PoolWorker-26 countReadsInRegions_worker: processing 44 (86.4 per sec) @ Ascaf_69:0-44691
PoolWorker-26,  processing 614381 (35491.9 per sec) reads @ chr16:20000000-22188971
PoolWorker-26 countReadsInRegions_worker: processing 2188 (124.4 per sec) @ chr16:20000000-22188971
PoolWorker-26,  processing 9094 (37535.6 per sec) reads @ Ascaf_100:0-32247
PoolWorker-26 countReadsInRegions_worker: processing 32 (112.5 per sec) @ Ascaf_100:0-32247
PoolWorker-26,  processing 186873 (38096.0 per sec) reads @ chr15:20000000-20219940
PoolWorker-26 countReadsInRegions_worker: processing 219 (43.8 per sec) @ chr15:20000000-20219940
PoolWorker-26,  processing 16407 (30201.5 per sec) reads @ Ascaf_81:0-40000
PoolWorker-26 countReadsInRegions_worker: processing 40 (68.3 per sec) @ Ascaf_81:0-40000
PoolWorker-26,  processing 72098 (34811.6 per sec) reads @ Ascaf_41:0-90399
PoolWorker-26 countReadsInRegions_worker: processing 90 (42.1 per sec) @ Ascaf_41:0-90399
PoolWorker-26,  processing 5859 (36101.2 per sec) reads @ Ascaf_150:0-13271
PoolWorker-26 countReadsInRegions_worker: processing 13 (63.4 per sec) @ Ascaf_150:0-13271
PoolWorker-26,  processing 2624 (42838.8 per sec) reads @ Ascaf_116:0-22916
PoolWorker-26 countReadsInRegions_worker: processing 22 (214.9 per sec) @ Ascaf_116:0-22916
PoolWorker-26,  processing 1033171 (35160.4 per sec) reads @ chr12:20000000-23704847
PoolWorker-26 countReadsInRegions_worker: processing 3704 (123.9 per sec) @ chr12:20000000-23704847
PoolWorker-26,  processing 1495843 (35767.9 per sec) reads @ chr5:10000000-15000000
PoolWorker-26 countReadsInRegions_worker: processing 5000 (117.4 per sec) @ chr5:10000000-15000000
PoolWorker-26,  processing 1438344 (41617.8 per sec) reads @ chr2:20000000-25000000
PoolWorker-26 countReadsInRegions_worker: processing 5000 (142.0 per sec) @ chr2:20000000-25000000
PoolWorker-30,  processing 56525 (44550.8 per sec) reads @ Ascaf_129:0-19000
PoolWorker-30 countReadsInRegions_worker: processing 19 (14.5 per sec) @ Ascaf_129:0-19000
PoolWorker-30,  processing 14959 (37859.9 per sec) reads @ Ascaf_56:0-58445
PoolWorker-30 countReadsInRegions_worker: processing 58 (125.9 per sec) @ Ascaf_56:0-58445
PoolWorker-30,  processing 157172 (34349.3 per sec) reads @ Ascaf_96:0-33398
PoolWorker-30 countReadsInRegions_worker: processing 33 (7.0 per sec) @ Ascaf_96:0-33398
PoolWorker-30,  processing 3516 (30483.8 per sec) reads @ Ascaf_82:0-39089
PoolWorker-30 countReadsInRegions_worker: processing 39 (245.6 per sec) @ Ascaf_82:0-39089
PoolWorker-30,  processing 5920 (32095.9 per sec) reads @ Ascaf_97:0-33357
PoolWorker-30 countReadsInRegions_worker: processing 33 (146.3 per sec) @ Ascaf_97:0-33357
PoolWorker-30,  processing 1459886 (34247.3 per sec) reads @ chr11:10000000-15000000
PoolWorker-30 countReadsInRegions_worker: processing 5000 (115.0 per sec) @ chr11:10000000-15000000
PoolWorker-30,  processing 330977 (36897.3 per sec) reads @ Ascaf_30:0-130979
PoolWorker-30 countReadsInRegions_worker: processing 130 (14.2 per sec) @ Ascaf_30:0-130979
PoolWorker-30,  processing 1368815 (35607.1 per sec) reads @ chr9:10000000-15000000
PoolWorker-30 countReadsInRegions_worker: processing 5000 (127.6 per sec) @ chr9:10000000-15000000
PoolWorker-30,  processing 1415785 (34757.7 per sec) reads @ chr1:0-5000000
PoolWorker-30 countReadsInRegions_worker: processing 5000 (121.5 per sec) @ chr1:0-5000000
PoolWorker-30,  processing 20494 (35850.0 per sec) reads @ Ascaf_71:0-32519
PoolWorker-30 countReadsInRegions_worker: processing 32 (52.0 per sec) @ Ascaf_71:0-32519
PoolWorker-30,  processing 38200 (38463.8 per sec) reads @ Ascaf_37:0-98231
PoolWorker-30 countReadsInRegions_worker: processing 98 (94.1 per sec) @ Ascaf_37:0-98231
PoolWorker-30,  processing 1400099 (36076.3 per sec) reads @ chr18:5000000-10000000
PoolWorker-30 countReadsInRegions_worker: processing 5000 (126.5 per sec) @ chr18:5000000-10000000
PoolWorker-30,  processing 6455 (38896.8 per sec) reads @ Ascaf_112:0-24428
PoolWorker-30 countReadsInRegions_worker: processing 24 (115.8 per sec) @ Ascaf_112:0-24428
PoolWorker-30,  processing 9273 (37760.4 per sec) reads @ Ascaf_88:0-36907
PoolWorker-30 countReadsInRegions_worker: processing 36 (125.2 per sec) @ Ascaf_88:0-36907
PoolWorker-30,  processing 1379697 (35448.6 per sec) reads @ chr2:15000000-20000000
PoolWorker-30 countReadsInRegions_worker: processing 5000 (126.7 per sec) @ chr2:15000000-20000000
PoolWorker-30,  processing 1428987 (38240.8 per sec) reads @ chr4:30000000-35000000
PoolWorker-30 countReadsInRegions_worker: processing 5000 (131.9 per sec) @ chr4:30000000-35000000
PoolWorker-18,  processing 19101 (73780.9 per sec) reads @ Ascaf_65:0-47651
PoolWorker-18 countReadsInRegions_worker: processing 47 (173.7 per sec) @ Ascaf_65:0-47651
PoolWorker-18,  processing 19581 (66341.6 per sec) reads @ Ascaf_49:0-70996
PoolWorker-18 countReadsInRegions_worker: processing 70 (228.1 per sec) @ Ascaf_49:0-70996
PoolWorker-18,  processing 10675 (53827.1 per sec) reads @ Ascaf_94:0-33862
PoolWorker-18 countReadsInRegions_worker: processing 33 (148.6 per sec) @ Ascaf_94:0-33862
PoolWorker-18,  processing 15782 (36231.6 per sec) reads @ Ascaf_62:0-52951
PoolWorker-18 countReadsInRegions_worker: processing 52 (103.9 per sec) @ Ascaf_62:0-52951
PoolWorker-18,  processing 259 (56611.8 per sec) reads @ Ascaf_162:0-1000
PoolWorker-18 countReadsInRegions_worker: processing 1 (14.8 per sec) @ Ascaf_162:0-1000
PoolWorker-18,  processing 7123 (36401.5 per sec) reads @ Ascaf_95:0-33544
PoolWorker-18 countReadsInRegions_worker: processing 33 (127.5 per sec) @ Ascaf_95:0-33544
PoolWorker-18,  processing 1673319 (33695.0 per sec) reads @ chr4:25000000-30000000
PoolWorker-18 countReadsInRegions_worker: processing 5000 (98.2 per sec) @ chr4:25000000-30000000
PoolWorker-18,  processing 398329 (36640.6 per sec) reads @ Ascaf_25:0-178627
PoolWorker-18 countReadsInRegions_worker: processing 178 (16.1 per sec) @ Ascaf_25:0-178627
PoolWorker-18,  processing 1486778 (34643.3 per sec) reads @ chr17:10000000-15000000
PoolWorker-18 countReadsInRegions_worker: processing 5000 (114.4 per sec) @ chr17:10000000-15000000
PoolWorker-18,  processing 500 (66756.4 per sec) reads @ Ascaf_159:0-3139
PoolWorker-18 countReadsInRegions_worker: processing 3 (63.1 per sec) @ Ascaf_159:0-3139
PoolWorker-18,  processing 1417584 (35687.2 per sec) reads @ chr11:5000000-10000000
PoolWorker-18 countReadsInRegions_worker: processing 5000 (123.4 per sec) @ chr11:5000000-10000000
PoolWorker-18,  processing 1401303 (35513.4 per sec) reads @ chr11:15000000-19299255
PoolWorker-18 countReadsInRegions_worker: processing 4299 (107.0 per sec) @ chr11:15000000-19299255
PoolWorker-18,  processing 1245852 (34922.3 per sec) reads @ chr9:20000000-24303205
PoolWorker-18 countReadsInRegions_worker: processing 4303 (118.3 per sec) @ chr9:20000000-24303205
PoolWorker-18,  processing 46724 (34639.3 per sec) reads @ Ascaf_52:0-64568
PoolWorker-18 countReadsInRegions_worker: processing 64 (45.8 per sec) @ Ascaf_52:0-64568
PoolWorker-18,  processing 1386307 (41489.4 per sec) reads @ chr6:10000000-15000000
PoolWorker-18 countReadsInRegions_worker: processing 5000 (147.9 per sec) @ chr6:10000000-15000000
PoolWorker-18,  processing 95198 (59151.7 per sec) reads @ Ascaf_79:0-41364
PoolWorker-18 countReadsInRegions_worker: processing 41 (25.1 per sec) @ Ascaf_79:0-41364
PoolWorker-24,  processing 1269518 (34595.8 per sec) reads @ chr10:15000000-19005646
PoolWorker-24 countReadsInRegions_worker: processing 4005 (106.5 per sec) @ chr10:15000000-19005646
PoolWorker-24,  processing 959874 (34967.8 per sec) reads @ chr20:20000000-22998664
PoolWorker-24 countReadsInRegions_worker: processing 2998 (107.3 per sec) @ chr20:20000000-22998664
PoolWorker-24,  processing 4087 (45549.8 per sec) reads @ Ascaf_148:0-14976
PoolWorker-24 countReadsInRegions_worker: processing 14 (97.3 per sec) @ Ascaf_148:0-14976
PoolWorker-24,  processing 772720 (36211.1 per sec) reads @ chr19:15000000-20000000
PoolWorker-24 countReadsInRegions_worker: processing 5000 (229.4 per sec) @ chr19:15000000-20000000
PoolWorker-24,  processing 9574 (39831.3 per sec) reads @ Ascaf_85:0-37890
PoolWorker-24 countReadsInRegions_worker: processing 37 (131.3 per sec) @ Ascaf_85:0-37890
PoolWorker-24,  processing 10363 (37205.2 per sec) reads @ Ascaf_91:0-34837
PoolWorker-24 countReadsInRegions_worker: processing 34 (105.6 per sec) @ Ascaf_91:0-34837
PoolWorker-24,  processing 21493 (36606.2 per sec) reads @ Ascaf_44:0-77777
PoolWorker-24 countReadsInRegions_worker: processing 77 (122.0 per sec) @ Ascaf_44:0-77777
PoolWorker-24,  processing 1531266 (35187.1 per sec) reads @ chr3:0-5000000
PoolWorker-24 countReadsInRegions_worker: processing 5000 (112.9 per sec) @ chr3:0-5000000
PoolWorker-24,  processing 9317 (38366.4 per sec) reads @ Ascaf_67:0-40269
PoolWorker-24 countReadsInRegions_worker: processing 40 (140.7 per sec) @ Ascaf_67:0-40269
PoolWorker-24,  processing 15521 (34399.4 per sec) reads @ Ascaf_58:0-57612
PoolWorker-24 countReadsInRegions_worker: processing 57 (114.8 per sec) @ Ascaf_58:0-57612
PoolWorker-24,  processing 376 (62529.6 per sec) reads @ Ascaf_160:0-2000
PoolWorker-24 countReadsInRegions_worker: processing 2 (41.3 per sec) @ Ascaf_160:0-2000
PoolWorker-24,  processing 8480 (38187.6 per sec) reads @ Ascaf_109:0-28244
PoolWorker-24 countReadsInRegions_worker: processing 28 (108.0 per sec) @ Ascaf_109:0-28244
PoolWorker-24,  processing 1451836 (35967.6 per sec) reads @ chr1:15000000-20000000
PoolWorker-24 countReadsInRegions_worker: processing 5000 (121.6 per sec) @ chr1:15000000-20000000
PoolWorker-24,  processing 5789 (37935.8 per sec) reads @ Ascaf_136:0-17062
PoolWorker-24 countReadsInRegions_worker: processing 17 (86.9 per sec) @ Ascaf_136:0-17062
PoolWorker-24,  processing 2226 (42928.1 per sec) reads @ Ascaf_102:0-31073
PoolWorker-24 countReadsInRegions_worker: processing 31 (328.4 per sec) @ Ascaf_102:0-31073
PoolWorker-24,  processing 1419901 (34868.3 per sec) reads @ chr10:0-5000000
PoolWorker-24 countReadsInRegions_worker: processing 5000 (120.9 per sec) @ chr10:0-5000000
PoolWorker-24,  processing 230378 (35634.1 per sec) reads @ Ascaf_27:0-155775
PoolWorker-24 countReadsInRegions_worker: processing 155 (23.5 per sec) @ Ascaf_27:0-155775
PoolWorker-24,  processing 1542292 (42434.7 per sec) reads @ chr17:5000000-10000000
PoolWorker-24 countReadsInRegions_worker: processing 5000 (135.6 per sec) @ chr17:5000000-10000000
PoolWorker-24,  processing 123183 (65238.0 per sec) reads @ Ascaf_124:0-19772
PoolWorker-24 countReadsInRegions_worker: processing 19 (9.7 per sec) @ Ascaf_124:0-19772
PoolWorker-24,  processing 507 (26190.8 per sec) reads @ Ascaf_157:0-3527
PoolWorker-24 countReadsInRegions_worker: processing 3 (50.8 per sec) @ Ascaf_157:0-3527
PoolWorker-28,  processing 1369854 (33784.1 per sec) reads @ chr1:5000000-10000000
PoolWorker-28 countReadsInRegions_worker: processing 5000 (120.3 per sec) @ chr1:5000000-10000000
PoolWorker-28,  processing 1385414 (35570.5 per sec) reads @ chr7:5000000-10000000
PoolWorker-28 countReadsInRegions_worker: processing 5000 (126.0 per sec) @ chr7:5000000-10000000
PoolWorker-28,  processing 1431135 (34568.6 per sec) reads @ chr7:0-5000000
PoolWorker-28 countReadsInRegions_worker: processing 5000 (118.9 per sec) @ chr7:0-5000000
PoolWorker-28,  processing 711007 (35686.2 per sec) reads @ chr2:25000000-26977752
PoolWorker-28 countReadsInRegions_worker: processing 1977 (97.7 per sec) @ chr2:25000000-26977752
PoolWorker-28,  processing 250183 (34446.9 per sec) reads @ chr4:40000000-40647937
PoolWorker-28 countReadsInRegions_worker: processing 647 (87.7 per sec) @ chr4:40000000-40647937
PoolWorker-28,  processing 1396196 (35117.3 per sec) reads @ chr14:10000000-15000000
PoolWorker-28 countReadsInRegions_worker: processing 5000 (123.7 per sec) @ chr14:10000000-15000000
PoolWorker-28,  processing 1351629 (35857.5 per sec) reads @ chr8:10000000-15000000
PoolWorker-28 countReadsInRegions_worker: processing 5000 (130.4 per sec) @ chr8:10000000-15000000
PoolWorker-28,  processing 1555175 (45582.5 per sec) reads @ chr21:15000000-19873525
PoolWorker-28 countReadsInRegions_worker: processing 4873 (141.3 per sec) @ chr21:15000000-19873525
PoolWorker-32,  processing 1350388 (32962.7 per sec) reads @ chr13:20000000-24369283
PoolWorker-32 countReadsInRegions_worker: processing 4369 (104.1 per sec) @ chr13:20000000-24369283
PoolWorker-32,  processing 5607 (42978.8 per sec) reads @ Ascaf_132:0-17867
PoolWorker-32 countReadsInRegions_worker: processing 17 (100.0 per sec) @ Ascaf_132:0-17867
PoolWorker-32,  processing 976724 (34407.0 per sec) reads @ chr18:15000000-18483836
PoolWorker-32 countReadsInRegions_worker: processing 3483 (120.9 per sec) @ chr18:15000000-18483836
PoolWorker-32,  processing 70469 (38181.0 per sec) reads @ Ascaf_107:0-29490
PoolWorker-32 countReadsInRegions_worker: processing 29 (15.2 per sec) @ Ascaf_107:0-29490
PoolWorker-32,  processing 43350 (38066.9 per sec) reads @ Ascaf_114:0-24031
PoolWorker-32 countReadsInRegions_worker: processing 24 (20.0 per sec) @ Ascaf_114:0-24031
PoolWorker-32,  processing 21478 (28939.3 per sec) reads @ Ascaf_31:0-121444
PoolWorker-32 countReadsInRegions_worker: processing 121 (154.0 per sec) @ Ascaf_31:0-121444
PoolWorker-32,  processing 3593 (42509.2 per sec) reads @ Ascaf_152:0-12206
PoolWorker-32 countReadsInRegions_worker: processing 12 (94.9 per sec) @ Ascaf_152:0-12206
PoolWorker-32,  processing 34730 (36776.8 per sec) reads @ Ascaf_92:0-34608
PoolWorker-32 countReadsInRegions_worker: processing 34 (34.4 per sec) @ Ascaf_92:0-34608
PoolWorker-32,  processing 4694 (35804.7 per sec) reads @ Ascaf_167:0-25000
PoolWorker-32 countReadsInRegions_worker: processing 25 (143.5 per sec) @ Ascaf_167:0-25000
PoolWorker-32,  processing 164672 (34724.5 per sec) reads @ Ascaf_39:0-92659
PoolWorker-32 countReadsInRegions_worker: processing 92 (19.0 per sec) @ Ascaf_39:0-92659
PoolWorker-32,  processing 14038 (36853.1 per sec) reads @ Ascaf_133:0-49732
PoolWorker-32 countReadsInRegions_worker: processing 49 (115.2 per sec) @ Ascaf_133:0-49732
PoolWorker-32,  processing 11988 (38273.6 per sec) reads @ Ascaf_77:0-41997
PoolWorker-32 countReadsInRegions_worker: processing 41 (111.3 per sec) @ Ascaf_77:0-41997
PoolWorker-32,  processing 1400580 (34734.1 per sec) reads @ chr8:15000000-20000000
PoolWorker-32 countReadsInRegions_worker: processing 5000 (122.1 per sec) @ chr8:15000000-20000000
PoolWorker-32,  processing 1387645 (35531.6 per sec) reads @ chr4:5000000-10000000
PoolWorker-32 countReadsInRegions_worker: processing 5000 (126.0 per sec) @ chr4:5000000-10000000
PoolWorker-32,  processing 2451 (52751.9 per sec) reads @ Ascaf_151:0-13242
PoolWorker-32 countReadsInRegions_worker: processing 13 (118.4 per sec) @ Ascaf_151:0-13242
PoolWorker-32,  processing 1432465 (34747.4 per sec) reads @ chr17:0-5000000
PoolWorker-32 countReadsInRegions_worker: processing 5000 (119.5 per sec) @ chr17:0-5000000
PoolWorker-32,  processing 4461 (41529.0 per sec) reads @ Ascaf_147:0-15099
PoolWorker-32 countReadsInRegions_worker: processing 15 (100.0 per sec) @ Ascaf_147:0-15099
PoolWorker-32,  processing 1398371 (36412.3 per sec) reads @ chr12:15000000-20000000
PoolWorker-32 countReadsInRegions_worker: processing 5000 (127.9 per sec) @ chr12:15000000-20000000
PoolWorker-32,  processing 1377525 (50953.6 per sec) reads @ chr7:10000000-15000000
PoolWorker-32 countReadsInRegions_worker: processing 5000 (182.7 per sec) @ chr7:10000000-15000000
PoolWorker-32,  processing 96217 (71632.8 per sec) reads @ Ascaf_119:0-22101
PoolWorker-32 countReadsInRegions_worker: processing 22 (16.1 per sec) @ Ascaf_119:0-22101
PoolWorker-19,  processing 1586316 (34400.7 per sec) reads @ chr18:0-5000000
PoolWorker-19 countReadsInRegions_worker: processing 5000 (105.5 per sec) @ chr18:0-5000000
PoolWorker-19,  processing 5539 (43943.6 per sec) reads @ Ascaf_168:0-25000
PoolWorker-19 countReadsInRegions_worker: processing 25 (138.4 per sec) @ Ascaf_168:0-25000
PoolWorker-19,  processing 1052 (70684.5 per sec) reads @ Ascaf_158:0-3231
PoolWorker-19 countReadsInRegions_worker: processing 3 (52.2 per sec) @ Ascaf_158:0-3231
PoolWorker-19,  processing 855990 (34402.3 per sec) reads @ chr19:5000000-10000000
PoolWorker-19 countReadsInRegions_worker: processing 5000 (198.0 per sec) @ chr19:5000000-10000000
PoolWorker-19,  processing 72662 (35132.0 per sec) reads @ Ascaf_36:0-98486
PoolWorker-19 countReadsInRegions_worker: processing 98 (45.4 per sec) @ Ascaf_36:0-98486
PoolWorker-19,  processing 1093097 (35754.5 per sec) reads @ chr8:20000000-23122080
PoolWorker-19 countReadsInRegions_worker: processing 3122 (100.2 per sec) @ chr8:20000000-23122080
PoolWorker-19,  processing 1521980 (34979.8 per sec) reads @ chr1:25000000-30000000
PoolWorker-19 countReadsInRegions_worker: processing 5000 (112.9 per sec) @ chr1:25000000-30000000
PoolWorker-19,  processing 56744 (35399.2 per sec) reads @ Ascaf_110:0-27536
PoolWorker-19 countReadsInRegions_worker: processing 27 (16.2 per sec) @ Ascaf_110:0-27536
PoolWorker-19,  processing 2333 (38715.5 per sec) reads @ Ascaf_115:0-24004
PoolWorker-19 countReadsInRegions_worker: processing 24 (232.6 per sec) @ Ascaf_115:0-24004
PoolWorker-19,  processing 1602841 (35591.0 per sec) reads @ chr6:0-5000000
PoolWorker-19 countReadsInRegions_worker: processing 5000 (109.1 per sec) @ chr6:0-5000000
PoolWorker-19,  processing 1395625 (35126.8 per sec) reads @ chr3:15000000-20000000
PoolWorker-19 countReadsInRegions_worker: processing 5000 (123.6 per sec) @ chr3:15000000-20000000
PoolWorker-19,  processing 1406600 (48311.8 per sec) reads @ chr2:0-5000000
PoolWorker-19 countReadsInRegions_worker: processing 5000 (169.7 per sec) @ chr2:0-5000000
PoolWorker-27,  processing 1571531 (33313.4 per sec) reads @ chr12:0-5000000
PoolWorker-27 countReadsInRegions_worker: processing 5000 (103.5 per sec) @ chr12:0-5000000
PoolWorker-27,  processing 1444548 (34192.7 per sec) reads @ chr8:0-5000000
PoolWorker-27 countReadsInRegions_worker: processing 5000 (116.0 per sec) @ chr8:0-5000000
PoolWorker-27,  processing 4295 (44963.4 per sec) reads @ Ascaf_128:0-19120
PoolWorker-27 countReadsInRegions_worker: processing 19 (139.2 per sec) @ Ascaf_128:0-19120
PoolWorker-27,  processing 3991 (39052.0 per sec) reads @ Ascaf_130:0-18457
PoolWorker-27 countReadsInRegions_worker: processing 18 (123.9 per sec) @ Ascaf_130:0-18457
PoolWorker-27,  processing 1505015 (34078.9 per sec) reads @ chr5:0-5000000
PoolWorker-27 countReadsInRegions_worker: processing 5000 (111.5 per sec) @ chr5:0-5000000
PoolWorker-27,  processing 3962 (41581.8 per sec) reads @ Ascaf_123:0-20153
PoolWorker-27 countReadsInRegions_worker: processing 20 (146.6 per sec) @ Ascaf_123:0-20153
PoolWorker-27,  processing 55349 (36526.1 per sec) reads @ Ascaf_24:0-187591
PoolWorker-27 countReadsInRegions_worker: processing 187 (119.3 per sec) @ Ascaf_24:0-187591
PoolWorker-27,  processing 2147 (38795.8 per sec) reads @ Ascaf_155:0-6589
PoolWorker-27 countReadsInRegions_worker: processing 6 (61.7 per sec) @ Ascaf_155:0-6589
PoolWorker-27,  processing 4171 (38848.0 per sec) reads @ Ascaf_146:0-15502
PoolWorker-27 countReadsInRegions_worker: processing 15 (108.7 per sec) @ Ascaf_146:0-15502
PoolWorker-27,  processing 1370264 (35222.3 per sec) reads @ chr8:5000000-10000000
PoolWorker-27 countReadsInRegions_worker: processing 5000 (126.4 per sec) @ chr8:5000000-10000000
PoolWorker-27,  processing 140079 (34567.1 per sec) reads @ Ascaf_35:0-99371
PoolWorker-27 countReadsInRegions_worker: processing 99 (23.9 per sec) @ Ascaf_35:0-99371
PoolWorker-27,  processing 1371166 (35289.6 per sec) reads @ chr17:15000000-20000000
PoolWorker-27 countReadsInRegions_worker: processing 5000 (126.7 per sec) @ chr17:15000000-20000000
PoolWorker-27,  processing 3298 (38314.5 per sec) reads @ Ascaf_145:0-15510
PoolWorker-27 countReadsInRegions_worker: processing 15 (116.3 per sec) @ Ascaf_145:0-15510
PoolWorker-27,  processing 5238 (38430.5 per sec) reads @ Ascaf_131:0-18319
PoolWorker-27 countReadsInRegions_worker: processing 18 (101.3 per sec) @ Ascaf_131:0-18319
PoolWorker-27,  processing 1436182 (40582.8 per sec) reads @ chr3:5000000-10000000
PoolWorker-27 countReadsInRegions_worker: processing 5000 (140.0 per sec) @ chr3:5000000-10000000
PoolWorker-27,  processing 1320514 (66726.9 per sec) reads @ chr17:20000000-23682274
PoolWorker-27 countReadsInRegions_worker: processing 3682 (183.2 per sec) @ chr17:20000000-23682274
PoolWorker-22,  processing 1382244 (34178.2 per sec) reads @ chr1:10000000-15000000
PoolWorker-22 countReadsInRegions_worker: processing 5000 (120.7 per sec) @ chr1:10000000-15000000
PoolWorker-22,  processing 6199 (37657.1 per sec) reads @ Ascaf_60:0-24766
PoolWorker-22 countReadsInRegions_worker: processing 24 (116.5 per sec) @ Ascaf_60:0-24766
PoolWorker-22,  processing 4846 (42995.3 per sec) reads @ Ascaf_134:0-17659
PoolWorker-22 countReadsInRegions_worker: processing 17 (109.2 per sec) @ Ascaf_134:0-17659
PoolWorker-22,  processing 18193 (38571.1 per sec) reads @ Ascaf_55:0-59833
PoolWorker-22 countReadsInRegions_worker: processing 59 (114.1 per sec) @ Ascaf_55:0-59833
PoolWorker-22,  processing 243739 (38951.2 per sec) reads @ Ascaf_26:0-156806
PoolWorker-22 countReadsInRegions_worker: processing 156 (24.4 per sec) @ Ascaf_26:0-156806
PoolWorker-22,  processing 6567 (40478.8 per sec) reads @ Ascaf_126:0-19574
PoolWorker-22 countReadsInRegions_worker: processing 19 (93.2 per sec) @ Ascaf_126:0-19574
PoolWorker-22,  processing 1474341 (35134.5 per sec) reads @ chr15:15000000-20000000
PoolWorker-22 countReadsInRegions_worker: processing 5000 (117.0 per sec) @ chr15:15000000-20000000
PoolWorker-22,  processing 1388671 (35235.6 per sec) reads @ chr12:10000000-15000000
PoolWorker-22 countReadsInRegions_worker: processing 5000 (125.0 per sec) @ chr12:10000000-15000000
PoolWorker-22,  processing 3410 (40077.2 per sec) reads @ Ascaf_118:0-22120
PoolWorker-22 countReadsInRegions_worker: processing 22 (172.4 per sec) @ Ascaf_118:0-22120
PoolWorker-22,  processing 1445580 (35736.3 per sec) reads @ chr15:10000000-15000000
PoolWorker-22 countReadsInRegions_worker: processing 5000 (121.2 per sec) @ chr15:10000000-15000000
PoolWorker-22,  processing 1392140 (35277.5 per sec) reads @ chr9:15000000-20000000
PoolWorker-22 countReadsInRegions_worker: processing 5000 (124.8 per sec) @ chr9:15000000-20000000
PoolWorker-22,  processing 475 (58736.8 per sec) reads @ Ascaf_164:0-1000
PoolWorker-22 countReadsInRegions_worker: processing 1 (19.9 per sec) @ Ascaf_164:0-1000
PoolWorker-22,  processing 1460854 (38356.8 per sec) reads @ chr9:0-5000000
PoolWorker-22 countReadsInRegions_worker: processing 5000 (129.9 per sec) @ chr9:0-5000000
PoolWorker-22,  processing 194671 (48468.7 per sec) reads @ Ascaf_28:0-145740
PoolWorker-22 countReadsInRegions_worker: processing 145 (35.1 per sec) @ Ascaf_28:0-145740
PoolWorker-22,  processing 61719 (35125.3 per sec) reads @ Ascaf_72:0-46000
PoolWorker-22 countReadsInRegions_worker: processing 46 (25.2 per sec) @ Ascaf_72:0-46000
PoolWorker-22,  processing 1400027 (68835.2 per sec) reads @ chr4:0-5000000
PoolWorker-22 countReadsInRegions_worker: processing 5000 (242.2 per sec) @ chr4:0-5000000
PoolWorker-20,  processing 19913 (25438.8 per sec) reads @ Ascaf_51:0-70629
PoolWorker-20 countReadsInRegions_worker: processing 70 (87.2 per sec) @ Ascaf_51:0-70629
PoolWorker-20,  processing 81102 (36819.6 per sec) reads @ Ascaf_48:0-71747
PoolWorker-20 countReadsInRegions_worker: processing 71 (30.7 per sec) @ Ascaf_48:0-71747
PoolWorker-20,  processing 91339 (35465.0 per sec) reads @ chr3:20000000-20313673
PoolWorker-20 countReadsInRegions_worker: processing 313 (117.3 per sec) @ chr3:20000000-20313673
PoolWorker-20,  processing 74858 (34404.5 per sec) reads @ Ascaf_90:0-35566
PoolWorker-20 countReadsInRegions_worker: processing 35 (15.5 per sec) @ Ascaf_90:0-35566
PoolWorker-20,  processing 1193672 (34188.5 per sec) reads @ chr1:30000000-33917795
PoolWorker-20 countReadsInRegions_worker: processing 3917 (110.0 per sec) @ chr1:30000000-33917795
PoolWorker-20,  processing 1416310 (34756.7 per sec) reads @ chr4:35000000-40000000
PoolWorker-20 countReadsInRegions_worker: processing 5000 (120.5 per sec) @ chr4:35000000-40000000
PoolWorker-20,  processing 1371610 (35484.2 per sec) reads @ chr5:5000000-10000000
PoolWorker-20 countReadsInRegions_worker: processing 5000 (126.8 per sec) @ chr5:5000000-10000000
PoolWorker-20,  processing 5759 (40488.8 per sec) reads @ Ascaf_125:0-19664
PoolWorker-20 countReadsInRegions_worker: processing 19 (103.1 per sec) @ Ascaf_125:0-19664
PoolWorker-20,  processing 6855 (36552.2 per sec) reads @ Ascaf_117:0-22832
PoolWorker-20 countReadsInRegions_worker: processing 22 (95.2 per sec) @ Ascaf_117:0-22832
PoolWorker-20,  processing 1416458 (35545.6 per sec) reads @ chr20:15000000-20000000
PoolWorker-20 countReadsInRegions_worker: processing 5000 (123.2 per sec) @ chr20:15000000-20000000
PoolWorker-20,  processing 292184 (38363.1 per sec) reads @ Ascaf_89:0-36000
PoolWorker-20 countReadsInRegions_worker: processing 36 (4.6 per sec) @ Ascaf_89:0-36000
PoolWorker-20,  processing 1446556 (35005.1 per sec) reads @ chr15:0-5000000
PoolWorker-20 countReadsInRegions_worker: processing 5000 (119.1 per sec) @ chr15:0-5000000
PoolWorker-20,  processing 30900 (36328.8 per sec) reads @ Ascaf_23:0-264707
PoolWorker-20 countReadsInRegions_worker: processing 264 (294.2 per sec) @ Ascaf_23:0-264707
PoolWorker-20,  processing 1611392 (38664.3 per sec) reads @ chr7:20000000-25000000
PoolWorker-20 countReadsInRegions_worker: processing 5000 (118.5 per sec) @ chr7:20000000-25000000
PoolWorker-20,  processing 1409856 (66092.3 per sec) reads @ chr15:5000000-10000000
PoolWorker-20 countReadsInRegions_worker: processing 5000 (230.7 per sec) @ chr15:5000000-10000000
PoolWorker-20,  processing 8831 (74218.1 per sec) reads @ Ascaf_66:0-47454
PoolWorker-20 countReadsInRegions_worker: processing 47 (365.6 per sec) @ Ascaf_66:0-47454
PoolWorker-29,  processing 21613 (28511.1 per sec) reads @ Ascaf_47:0-72017
PoolWorker-29 countReadsInRegions_worker: processing 72 (90.2 per sec) @ Ascaf_47:0-72017
PoolWorker-29,  processing 1371977 (34161.4 per sec) reads @ chr7:25000000-30000000
PoolWorker-29 countReadsInRegions_worker: processing 5000 (121.8 per sec) @ chr7:25000000-30000000
PoolWorker-29,  processing 811861 (35018.0 per sec) reads @ chr19:10000000-15000000
PoolWorker-29 countReadsInRegions_worker: processing 5000 (211.4 per sec) @ chr19:10000000-15000000
PoolWorker-29,  processing 22646 (39082.8 per sec) reads @ Ascaf_59:0-57475
PoolWorker-29 countReadsInRegions_worker: processing 57 (89.3 per sec) @ Ascaf_59:0-57475
PoolWorker-29,  processing 5347 (38683.0 per sec) reads @ Ascaf_127:0-19159
PoolWorker-29 countReadsInRegions_worker: processing 19 (106.1 per sec) @ Ascaf_127:0-19159
PoolWorker-29,  processing 7169 (37138.3 per sec) reads @ Ascaf_108:0-29345
PoolWorker-29 countReadsInRegions_worker: processing 29 (123.5 per sec) @ Ascaf_108:0-29345
PoolWorker-29,  processing 51787 (36736.8 per sec) reads @ Ascaf_64:0-51000
PoolWorker-29 countReadsInRegions_worker: processing 51 (34.6 per sec) @ Ascaf_64:0-51000
PoolWorker-29,  processing 96921 (35906.3 per sec) reads @ Ascaf_38:0-95573
PoolWorker-29 countReadsInRegions_worker: processing 95 (34.1 per sec) @ Ascaf_38:0-95573
PoolWorker-29,  processing 1825286 (35470.0 per sec) reads @ chr13:0-5000000
PoolWorker-29 countReadsInRegions_worker: processing 5000 (95.3 per sec) @ chr13:0-5000000
PoolWorker-29,  processing 10655 (35157.8 per sec) reads @ Ascaf_142:0-15730
PoolWorker-29 countReadsInRegions_worker: processing 15 (48.0 per sec) @ Ascaf_142:0-15730
PoolWorker-29,  processing 288818 (37912.6 per sec) reads @ Ascaf_33:0-106103
PoolWorker-29 countReadsInRegions_worker: processing 106 (13.6 per sec) @ Ascaf_33:0-106103
PoolWorker-29,  processing 1440274 (35828.9 per sec) reads @ chr9:5000000-10000000
PoolWorker-29 countReadsInRegions_worker: processing 5000 (122.3 per sec) @ chr9:5000000-10000000
PoolWorker-29,  processing 19344 (38798.0 per sec) reads @ Ascaf_105:0-29809
PoolWorker-29 countReadsInRegions_worker: processing 29 (51.1 per sec) @ Ascaf_105:0-29809
PoolWorker-29,  processing 1276159 (35921.3 per sec) reads @ chr5:15000000-18670498
PoolWorker-29 countReadsInRegions_worker: processing 3670 (101.7 per sec) @ chr5:15000000-18670498
PoolWorker-29,  processing 118918 (38005.9 per sec) reads @ Ascaf_120:0-22000
PoolWorker-29 countReadsInRegions_worker: processing 22 (6.8 per sec) @ Ascaf_120:0-22000
PoolWorker-29,  processing 116283 (38127.6 per sec) reads @ Ascaf_50:0-70692
PoolWorker-29 countReadsInRegions_worker: processing 70 (22.4 per sec) @ Ascaf_50:0-70692
PoolWorker-29,  processing 4207 (38870.6 per sec) reads @ Ascaf_141:0-15738
PoolWorker-29 countReadsInRegions_worker: processing 15 (100.0 per sec) @ Ascaf_141:0-15738
PoolWorker-29,  processing 10656 (26764.1 per sec) reads @ Ascaf_169:0-50000
PoolWorker-29 countReadsInRegions_worker: processing 50 (113.8 per sec) @ Ascaf_169:0-50000
PoolWorker-29,  processing 1855 (45523.6 per sec) reads @ Ascaf_156:0-5652
PoolWorker-29 countReadsInRegions_worker: processing 5 (60.3 per sec) @ Ascaf_156:0-5652
PoolWorker-29,  processing 373348 (36996.8 per sec) reads @ Ascaf_45:0-74461
PoolWorker-29 countReadsInRegions_worker: processing 74 (7.2 per sec) @ Ascaf_45:0-74461
PoolWorker-29,  processing 6859 (37220.5 per sec) reads @ Ascaf_111:0-25158
PoolWorker-29 countReadsInRegions_worker: processing 25 (111.0 per sec) @ Ascaf_111:0-25158
PoolWorker-29,  processing 1398985 (43546.3 per sec) reads @ chr3:10000000-15000000
PoolWorker-29 countReadsInRegions_worker: processing 5000 (153.4 per sec) @ chr3:10000000-15000000
PoolWorker-29,  processing 5845 (73434.2 per sec) reads @ Ascaf_121:0-21431
PoolWorker-29 countReadsInRegions_worker: processing 21 (236.0 per sec) @ Ascaf_121:0-21431
PoolWorker-29,  processing 1450315 (69943.8 per sec) reads @ chr4:10000000-15000000
PoolWorker-29 countReadsInRegions_worker: processing 5000 (236.6 per sec) @ chr4:10000000-15000000
PoolWorker-21,  processing 2806 (15635.8 per sec) reads @ Ascaf_153:0-10046
PoolWorker-21 countReadsInRegions_worker: processing 10 (50.6 per sec) @ Ascaf_153:0-10046
PoolWorker-21,  processing 9453 (25193.4 per sec) reads @ Ascaf_99:0-33167
PoolWorker-21 countReadsInRegions_worker: processing 33 (74.0 per sec) @ Ascaf_99:0-33167
PoolWorker-21,  processing 1413805 (33749.3 per sec) reads @ chr4:15000000-20000000
PoolWorker-21 countReadsInRegions_worker: processing 5000 (116.3 per sec) @ chr4:15000000-20000000
PoolWorker-21,  processing 1400690 (34198.0 per sec) reads @ chr11:0-5000000
PoolWorker-21 countReadsInRegions_worker: processing 5000 (119.9 per sec) @ chr11:0-5000000
PoolWorker-21,  processing 1138941 (34083.5 per sec) reads @ chr7:30000000-33914388
PoolWorker-21 countReadsInRegions_worker: processing 3914 (115.2 per sec) @ chr7:30000000-33914388
PoolWorker-21,  processing 5539 (38576.7 per sec) reads @ Ascaf_135:0-17087
PoolWorker-21 countReadsInRegions_worker: processing 17 (90.9 per sec) @ Ascaf_135:0-17087
PoolWorker-21,  processing 13913 (37741.4 per sec) reads @ Ascaf_61:0-54508
PoolWorker-21 countReadsInRegions_worker: processing 54 (131.4 per sec) @ Ascaf_61:0-54508
PoolWorker-21,  processing 10869 (34530.9 per sec) reads @ Ascaf_87:0-36937
PoolWorker-21 countReadsInRegions_worker: processing 36 (101.1 per sec) @ Ascaf_87:0-36937
PoolWorker-21,  processing 10500 (35208.7 per sec) reads @ Ascaf_63:0-51776
PoolWorker-21 countReadsInRegions_worker: processing 51 (150.0 per sec) @ Ascaf_63:0-51776
PoolWorker-21,  processing 344481 (34881.4 per sec) reads @ chr6:20000000-21248438
PoolWorker-21 countReadsInRegions_worker: processing 1248 (123.9 per sec) @ chr6:20000000-21248438
PoolWorker-21,  processing 1360516 (35470.2 per sec) reads @ chr20:5000000-10000000
PoolWorker-21 countReadsInRegions_worker: processing 5000 (127.7 per sec) @ chr20:5000000-10000000
PoolWorker-21,  processing 1380222 (34766.3 per sec) reads @ chr12:5000000-10000000
PoolWorker-21 countReadsInRegions_worker: processing 5000 (124.2 per sec) @ chr12:5000000-10000000
PoolWorker-21,  processing 1867923 (39051.0 per sec) reads @ chr4:20000000-25000000
PoolWorker-21 countReadsInRegions_worker: processing 5000 (102.8 per sec) @ chr4:20000000-25000000
PoolWorker-21,  processing 1446971 (67801.8 per sec) reads @ chr10:10000000-15000000
PoolWorker-21 countReadsInRegions_worker: processing 5000 (230.9 per sec) @ chr10:10000000-15000000
PoolWorker-21,  processing 13581 (86807.3 per sec) reads @ Ascaf_68:0-47437
PoolWorker-21 countReadsInRegions_worker: processing 47 (285.6 per sec) @ Ascaf_68:0-47437
PoolWorker-21,  processing 45032 (83637.9 per sec) reads @ Ascaf_137:0-17000
PoolWorker-21 countReadsInRegions_worker: processing 17 (30.8 per sec) @ Ascaf_137:0-17000
PoolWorker-31,  processing 3028990 (33922.6 per sec) reads @ chr19:0-5000000
PoolWorker-31 countReadsInRegions_worker: processing 5000 (54.7 per sec) @ chr19:0-5000000
PoolWorker-31,  processing 12759 (37817.7 per sec) reads @ Ascaf_80:0-41014
PoolWorker-31 countReadsInRegions_worker: processing 41 (107.3 per sec) @ Ascaf_80:0-41014
PoolWorker-31,  processing 96 (49765.6 per sec) reads @ Ascaf_165:0-1000
PoolWorker-31 countReadsInRegions_worker: processing 1 (22.2 per sec) @ Ascaf_165:0-1000
PoolWorker-31,  processing 1513671 (35492.6 per sec) reads @ chr16:15000000-20000000
PoolWorker-31 countReadsInRegions_worker: processing 5000 (114.7 per sec) @ chr16:15000000-20000000
PoolWorker-31,  processing 22924 (39111.6 per sec) reads @ Ascaf_73:0-44649
PoolWorker-31 countReadsInRegions_worker: processing 44 (68.3 per sec) @ Ascaf_73:0-44649
PoolWorker-31,  processing 81749 (35632.2 per sec) reads @ Ascaf_32:0-110405
PoolWorker-31 countReadsInRegions_worker: processing 110 (46.5 per sec) @ Ascaf_32:0-110405
PoolWorker-31,  processing 3520 (40765.2 per sec) reads @ Ascaf_122:0-20728
PoolWorker-31 countReadsInRegions_worker: processing 20 (157.5 per sec) @ Ascaf_122:0-20728
PoolWorker-31,  processing 20287 (37877.4 per sec) reads @ Ascaf_106:0-29590
PoolWorker-31 countReadsInRegions_worker: processing 29 (50.1 per sec) @ Ascaf_106:0-29590
PoolWorker-31,  processing 1378431 (35855.9 per sec) reads @ chr16:10000000-15000000
PoolWorker-31 countReadsInRegions_worker: processing 5000 (128.3 per sec) @ chr16:10000000-15000000
PoolWorker-31,  processing 5266 (37109.1 per sec) reads @ Ascaf_54:0-60000
PoolWorker-31 countReadsInRegions_worker: processing 60 (324.6 per sec) @ Ascaf_54:0-60000
PoolWorker-31,  processing 3710 (41104.3 per sec) reads @ Ascaf_139:0-16678
PoolWorker-31 countReadsInRegions_worker: processing 16 (120.6 per sec) @ Ascaf_139:0-16678
PoolWorker-31,  processing 1825 (46669.3 per sec) reads @ Ascaf_154:0-6709
PoolWorker-31 countReadsInRegions_worker: processing 6 (74.8 per sec) @ Ascaf_154:0-6709
PoolWorker-31,  processing 6296 (38130.3 per sec) reads @ Ascaf_103:0-30986
PoolWorker-31 countReadsInRegions_worker: processing 30 (145.5 per sec) @ Ascaf_103:0-30986
PoolWorker-31,  processing 1604270 (36155.4 per sec) reads @ chr20:0-5000000
PoolWorker-31 countReadsInRegions_worker: processing 5000 (110.3 per sec) @ chr20:0-5000000
PoolWorker-31,  processing 4162 (38091.9 per sec) reads @ Ascaf_144:0-15519
PoolWorker-31 countReadsInRegions_worker: processing 15 (99.8 per sec) @ Ascaf_144:0-15519
PoolWorker-31,  processing 3642 (41613.4 per sec) reads @ Ascaf_149:0-13452
PoolWorker-31 countReadsInRegions_worker: processing 13 (101.0 per sec) @ Ascaf_149:0-13452
PoolWorker-31,  processing 1377998 (39223.8 per sec) reads @ chr20:10000000-15000000
PoolWorker-31 countReadsInRegions_worker: processing 5000 (140.2 per sec) @ chr20:10000000-15000000
PoolWorker-31,  processing 1418440 (71316.7 per sec) reads @ chr6:5000000-10000000
PoolWorker-31 countReadsInRegions_worker: processing 5000 (246.7 per sec) @ chr6:5000000-10000000
PoolWorker-31,  processing 34256 (77283.3 per sec) reads @ Ascaf_75:0-42641
PoolWorker-31 countReadsInRegions_worker: processing 42 (92.1 per sec) @ Ascaf_75:0-42641
PoolWorker-31,  processing 212277 (94811.0 per sec) reads @ Ascaf_43:0-83995
PoolWorker-31 countReadsInRegions_worker: processing 83 (36.3 per sec) @ Ascaf_43:0-83995
output file: /storage/scratch/iee/dj20y461/Stickleback/Y_comp/Sex_chrom_stats/Read_depths/Gw/depths/Gw2a_M.1kb.RPKM.depth
