genome partition size for multiprocessing: 1000000
using 16 processors for 657 number of tasks
Final scaling factor: 0.0292297108904
PoolWorker-26,  processing 367407 (34084.8 per sec) reads @ chr1:20000000-25000000
PoolWorker-26 countReadsInRegions_worker: processing 5000 (451.9 per sec) @ chr1:20000000-25000000
PoolWorker-26,  processing 277849 (35197.3 per sec) reads @ chr20:20000000-22998664
PoolWorker-26 countReadsInRegions_worker: processing 2998 (369.5 per sec) @ chr20:20000000-22998664
PoolWorker-26,  processing 308467 (35440.3 per sec) reads @ chr20:5000000-10000000
PoolWorker-26 countReadsInRegions_worker: processing 5000 (563.6 per sec) @ chr20:5000000-10000000
PoolWorker-26,  processing 486 (67100.0 per sec) reads @ Ascaf_151:0-13242
PoolWorker-26 countReadsInRegions_worker: processing 13 (275.6 per sec) @ Ascaf_151:0-13242
PoolWorker-26,  processing 321165 (34912.5 per sec) reads @ chr13:15000000-20000000
PoolWorker-26 countReadsInRegions_worker: processing 5000 (533.4 per sec) @ chr13:15000000-20000000
PoolWorker-26,  processing 348354 (36051.6 per sec) reads @ chr14:0-5000000
PoolWorker-26 countReadsInRegions_worker: processing 5000 (508.5 per sec) @ chr14:0-5000000
PoolWorker-26,  processing 315693 (35150.8 per sec) reads @ chr14:10000000-15000000
PoolWorker-26 countReadsInRegions_worker: processing 5000 (544.5 per sec) @ chr14:10000000-15000000
PoolWorker-26,  processing 1341 (41387.8 per sec) reads @ Ascaf_117:0-22832
PoolWorker-26 countReadsInRegions_worker: processing 22 (298.1 per sec) @ Ascaf_117:0-22832
PoolWorker-30,  processing 634 (62284.8 per sec) reads @ Ascaf_145:0-15510
PoolWorker-30 countReadsInRegions_worker: processing 15 (823.8 per sec) @ Ascaf_145:0-15510
PoolWorker-30,  processing 61812 (55633.9 per sec) reads @ Ascaf_39:0-92659
PoolWorker-30 countReadsInRegions_worker: processing 92 (80.5 per sec) @ Ascaf_39:0-92659
PoolWorker-30,  processing 1887 (47079.6 per sec) reads @ Ascaf_91:0-34837
PoolWorker-30 countReadsInRegions_worker: processing 34 (339.7 per sec) @ Ascaf_91:0-34837
PoolWorker-30,  processing 1113 (71593.6 per sec) reads @ Ascaf_141:0-15738
PoolWorker-30 countReadsInRegions_worker: processing 15 (198.6 per sec) @ Ascaf_141:0-15738
PoolWorker-30,  processing 376 (65826.0 per sec) reads @ Ascaf_155:0-6589
PoolWorker-30 countReadsInRegions_worker: processing 6 (91.4 per sec) @ Ascaf_155:0-6589
PoolWorker-30,  processing 385071 (34326.5 per sec) reads @ chr17:20000000-23682274
PoolWorker-30 countReadsInRegions_worker: processing 3682 (321.2 per sec) @ chr17:20000000-23682274
PoolWorker-30,  processing 1492 (69042.0 per sec) reads @ Ascaf_109:0-28244
PoolWorker-30 countReadsInRegions_worker: processing 28 (335.2 per sec) @ Ascaf_109:0-28244
PoolWorker-30,  processing 1348 (72348.9 per sec) reads @ Ascaf_126:0-19574
PoolWorker-30 countReadsInRegions_worker: processing 19 (240.7 per sec) @ Ascaf_126:0-19574
PoolWorker-30,  processing 323212 (34617.4 per sec) reads @ chr8:10000000-15000000
PoolWorker-30 countReadsInRegions_worker: processing 5000 (523.5 per sec) @ chr8:10000000-15000000
PoolWorker-30,  processing 6142 (39363.0 per sec) reads @ Ascaf_40:0-90738
PoolWorker-30 countReadsInRegions_worker: processing 90 (455.0 per sec) @ Ascaf_40:0-90738
PoolWorker-30,  processing 30409 (37285.4 per sec) reads @ Ascaf_28:0-145740
PoolWorker-30 countReadsInRegions_worker: processing 145 (166.3 per sec) @ Ascaf_28:0-145740
PoolWorker-30,  processing 256084 (35783.3 per sec) reads @ chr5:15000000-18670498
PoolWorker-30 countReadsInRegions_worker: processing 3670 (503.0 per sec) @ chr5:15000000-18670498
PoolWorker-30,  processing 1211 (38816.6 per sec) reads @ Ascaf_103:0-30986
PoolWorker-30 countReadsInRegions_worker: processing 30 (424.7 per sec) @ Ascaf_103:0-30986
PoolWorker-30,  processing 328693 (33893.7 per sec) reads @ chr16:15000000-20000000
PoolWorker-30 countReadsInRegions_worker: processing 5000 (504.6 per sec) @ chr16:15000000-20000000
PoolWorker-30,  processing 101 (60734.7 per sec) reads @ Ascaf_159:0-3139
PoolWorker-30 countReadsInRegions_worker: processing 3 (74.9 per sec) @ Ascaf_159:0-3139
PoolWorker-30,  processing 1096 (73326.1 per sec) reads @ Ascaf_148:0-14976
PoolWorker-30 countReadsInRegions_worker: processing 14 (261.8 per sec) @ Ascaf_148:0-14976
PoolWorker-30,  processing 934 (71835.6 per sec) reads @ Ascaf_135:0-17087
PoolWorker-30 countReadsInRegions_worker: processing 17 (328.1 per sec) @ Ascaf_135:0-17087
PoolWorker-30,  processing 2141 (36157.6 per sec) reads @ Ascaf_66:0-47454
PoolWorker-30 countReadsInRegions_worker: processing 47 (473.4 per sec) @ Ascaf_66:0-47454
PoolWorker-30,  processing 3582 (41326.3 per sec) reads @ Ascaf_84:0-38148
PoolWorker-30 countReadsInRegions_worker: processing 38 (300.9 per sec) @ Ascaf_84:0-38148
PoolWorker-30,  processing 4582 (38633.4 per sec) reads @ Ascaf_49:0-70996
PoolWorker-30 countReadsInRegions_worker: processing 70 (444.1 per sec) @ Ascaf_49:0-70996
PoolWorker-30,  processing 298002 (34340.1 per sec) reads @ chr4:0-5000000
PoolWorker-30 countReadsInRegions_worker: processing 5000 (565.5 per sec) @ chr4:0-5000000
PoolWorker-30,  processing 303755 (37215.5 per sec) reads @ chr2:20000000-25000000
PoolWorker-30 countReadsInRegions_worker: processing 5000 (605.0 per sec) @ chr2:20000000-25000000
PoolWorker-30,  processing 16652 (73901.2 per sec) reads @ Ascaf_90:0-35566
PoolWorker-30 countReadsInRegions_worker: processing 35 (149.6 per sec) @ Ascaf_90:0-35566
PoolWorker-30,  processing 2059 (66126.6 per sec) reads @ Ascaf_67:0-40269
PoolWorker-30 countReadsInRegions_worker: processing 40 (1064.1 per sec) @ Ascaf_67:0-40269
PoolWorker-23,  processing 316403 (32947.3 per sec) reads @ chr21:15000000-19873525
PoolWorker-23 countReadsInRegions_worker: processing 4873 (495.7 per sec) @ chr21:15000000-19873525
PoolWorker-23,  processing 850 (67337.0 per sec) reads @ Ascaf_138:0-16696
PoolWorker-23 countReadsInRegions_worker: processing 16 (186.7 per sec) @ Ascaf_138:0-16696
PoolWorker-23,  processing 2231 (56624.2 per sec) reads @ Ascaf_128:0-19120
PoolWorker-23 countReadsInRegions_worker: processing 19 (204.7 per sec) @ Ascaf_128:0-19120
PoolWorker-23,  processing 1879 (37273.6 per sec) reads @ Ascaf_93:0-34038
PoolWorker-23 countReadsInRegions_worker: processing 34 (449.9 per sec) @ Ascaf_93:0-34038
PoolWorker-23,  processing 306154 (34383.3 per sec) reads @ chr4:35000000-40000000
PoolWorker-23 countReadsInRegions_worker: processing 5000 (551.0 per sec) @ chr4:35000000-40000000
PoolWorker-23,  processing 311841 (35048.6 per sec) reads @ chr6:5000000-10000000
PoolWorker-23 countReadsInRegions_worker: processing 5000 (551.6 per sec) @ chr6:5000000-10000000
PoolWorker-23,  processing 9478 (38684.9 per sec) reads @ Ascaf_129:0-19000
PoolWorker-23 countReadsInRegions_worker: processing 19 (66.8 per sec) @ Ascaf_129:0-19000
PoolWorker-23,  processing 316033 (34606.8 per sec) reads @ chr8:5000000-10000000
PoolWorker-23 countReadsInRegions_worker: processing 5000 (537.6 per sec) @ chr8:5000000-10000000
PoolWorker-23,  processing 445 (66857.7 per sec) reads @ Ascaf_153:0-10046
PoolWorker-23 countReadsInRegions_worker: processing 10 (209.0 per sec) @ Ascaf_153:0-10046
PoolWorker-23,  processing 1986 (46579.4 per sec) reads @ Ascaf_108:0-29345
PoolWorker-23 countReadsInRegions_worker: processing 29 (356.6 per sec) @ Ascaf_108:0-29345
PoolWorker-23,  processing 1025 (67666.0 per sec) reads @ Ascaf_136:0-17062
PoolWorker-23 countReadsInRegions_worker: processing 17 (314.3 per sec) @ Ascaf_136:0-17062
PoolWorker-23,  processing 603 (61809.1 per sec) reads @ Ascaf_115:0-24004
PoolWorker-23 countReadsInRegions_worker: processing 24 (494.6 per sec) @ Ascaf_115:0-24004
PoolWorker-23,  processing 3846 (41779.4 per sec) reads @ Ascaf_161:0-1000
PoolWorker-23 countReadsInRegions_worker: processing 1 (7.6 per sec) @ Ascaf_161:0-1000
PoolWorker-23,  processing 739 (67280.0 per sec) reads @ Ascaf_146:0-15502
PoolWorker-23 countReadsInRegions_worker: processing 15 (292.3 per sec) @ Ascaf_146:0-15502
PoolWorker-23,  processing 1757 (45815.0 per sec) reads @ Ascaf_99:0-33167
PoolWorker-23 countReadsInRegions_worker: processing 33 (425.5 per sec) @ Ascaf_99:0-33167
PoolWorker-23,  processing 321030 (35801.4 per sec) reads @ chr7:10000000-15000000
PoolWorker-23 countReadsInRegions_worker: processing 5000 (541.6 per sec) @ chr7:10000000-15000000
PoolWorker-23,  processing 309465 (34676.5 per sec) reads @ chr4:30000000-35000000
PoolWorker-23 countReadsInRegions_worker: processing 5000 (550.2 per sec) @ chr4:30000000-35000000
PoolWorker-23,  processing 3004 (43715.5 per sec) reads @ Ascaf_81:0-40000
PoolWorker-23 countReadsInRegions_worker: processing 40 (327.2 per sec) @ Ascaf_81:0-40000
PoolWorker-23,  processing 10106 (38046.4 per sec) reads @ Ascaf_106:0-29590
PoolWorker-23 countReadsInRegions_worker: processing 29 (94.8 per sec) @ Ascaf_106:0-29590
PoolWorker-23,  processing 26816 (35838.0 per sec) reads @ Ascaf_22:0-446888
PoolWorker-23 countReadsInRegions_worker: processing 446 (563.7 per sec) @ Ascaf_22:0-446888
PoolWorker-17,  processing 14504 (21919.9 per sec) reads @ Ascaf_57:0-58000
PoolWorker-17 countReadsInRegions_worker: processing 58 (84.4 per sec) @ Ascaf_57:0-58000
PoolWorker-17,  processing 42659 (36383.2 per sec) reads @ Ascaf_89:0-36000
PoolWorker-17 countReadsInRegions_worker: processing 36 (28.7 per sec) @ Ascaf_89:0-36000
PoolWorker-17,  processing 301947 (33756.1 per sec) reads @ chr3:15000000-20000000
PoolWorker-17 countReadsInRegions_worker: processing 5000 (544.6 per sec) @ chr3:15000000-20000000
PoolWorker-17,  processing 1352 (36047.7 per sec) reads @ Ascaf_116:0-22916
PoolWorker-17 countReadsInRegions_worker: processing 22 (158.1 per sec) @ Ascaf_116:0-22916
PoolWorker-17,  processing 92 (43313.1 per sec) reads @ Ascaf_163:0-1000
PoolWorker-17 countReadsInRegions_worker: processing 1 (41.7 per sec) @ Ascaf_163:0-1000
PoolWorker-17,  processing 309503 (35530.1 per sec) reads @ chr19:5000000-10000000
PoolWorker-17 countReadsInRegions_worker: processing 5000 (562.3 per sec) @ chr19:5000000-10000000
PoolWorker-17,  processing 300817 (33560.4 per sec) reads @ chr1:25000000-30000000
PoolWorker-17 countReadsInRegions_worker: processing 5000 (546.7 per sec) @ chr1:25000000-30000000
PoolWorker-17,  processing 32161 (38365.6 per sec) reads @ Ascaf_33:0-106103
PoolWorker-17 countReadsInRegions_worker: processing 106 (118.4 per sec) @ Ascaf_33:0-106103
PoolWorker-17,  processing 109 (50814.6 per sec) reads @ Ascaf_157:0-3527
PoolWorker-17 countReadsInRegions_worker: processing 3 (71.0 per sec) @ Ascaf_157:0-3527
PoolWorker-17,  processing 316348 (34763.1 per sec) reads @ chr15:5000000-10000000
PoolWorker-17 countReadsInRegions_worker: processing 5000 (539.4 per sec) @ chr15:5000000-10000000
PoolWorker-17,  processing 317552 (34752.0 per sec) reads @ chr10:5000000-10000000
PoolWorker-17 countReadsInRegions_worker: processing 5000 (534.2 per sec) @ chr10:5000000-10000000
PoolWorker-17,  processing 301643 (34180.8 per sec) reads @ chr21:10000000-15000000
PoolWorker-17 countReadsInRegions_worker: processing 5000 (556.1 per sec) @ chr21:10000000-15000000
PoolWorker-25,  processing 309607 (33003.8 per sec) reads @ chr3:0-5000000
PoolWorker-25 countReadsInRegions_worker: processing 5000 (520.5 per sec) @ chr3:0-5000000
PoolWorker-25,  processing 3168 (33333.0 per sec) reads @ Ascaf_169:0-50000
PoolWorker-25 countReadsInRegions_worker: processing 50 (320.6 per sec) @ Ascaf_169:0-50000
PoolWorker-25,  processing 3264 (29966.9 per sec) reads @ Ascaf_62:0-52951
PoolWorker-25 countReadsInRegions_worker: processing 52 (307.0 per sec) @ Ascaf_62:0-52951
PoolWorker-25,  processing 43993 (38552.9 per sec) reads @ Ascaf_98:0-33222
PoolWorker-25 countReadsInRegions_worker: processing 33 (27.3 per sec) @ Ascaf_98:0-33222
PoolWorker-25,  processing 59 (37602.8 per sec) reads @ Ascaf_162:0-1000
PoolWorker-25 countReadsInRegions_worker: processing 1 (11.2 per sec) @ Ascaf_162:0-1000
PoolWorker-25,  processing 314158 (34269.4 per sec) reads @ chr7:15000000-20000000
PoolWorker-25 countReadsInRegions_worker: processing 5000 (535.5 per sec) @ chr7:15000000-20000000
PoolWorker-25,  processing 2111 (37669.5 per sec) reads @ Ascaf_88:0-36907
PoolWorker-25 countReadsInRegions_worker: processing 36 (377.7 per sec) @ Ascaf_88:0-36907
PoolWorker-25,  processing 687601 (33967.5 per sec) reads @ chr19:0-5000000
PoolWorker-25 countReadsInRegions_worker: processing 5000 (241.3 per sec) @ chr19:0-5000000
PoolWorker-25,  processing 2159 (37756.0 per sec) reads @ Ascaf_80:0-41014
PoolWorker-25 countReadsInRegions_worker: processing 41 (417.7 per sec) @ Ascaf_80:0-41014
PoolWorker-25,  processing 1385 (42426.1 per sec) reads @ Ascaf_112:0-24428
PoolWorker-25 countReadsInRegions_worker: processing 24 (338.7 per sec) @ Ascaf_112:0-24428
PoolWorker-25,  processing 5300 (39099.7 per sec) reads @ Ascaf_142:0-15730
PoolWorker-25 countReadsInRegions_worker: processing 15 (86.1 per sec) @ Ascaf_142:0-15730
PoolWorker-25,  processing 2506 (25480.4 per sec) reads @ Ascaf_87:0-36937
PoolWorker-25 countReadsInRegions_worker: processing 36 (269.7 per sec) @ Ascaf_87:0-36937
PoolWorker-25,  processing 628 (33997.5 per sec) reads @ Ascaf_140:0-15786
PoolWorker-25 countReadsInRegions_worker: processing 15 (292.2 per sec) @ Ascaf_140:0-15786
PoolWorker-25,  processing 315515 (34868.0 per sec) reads @ chr2:15000000-20000000
PoolWorker-25 countReadsInRegions_worker: processing 5000 (543.9 per sec) @ chr2:15000000-20000000
PoolWorker-25,  processing 12007 (38862.6 per sec) reads @ Ascaf_32:0-110405
PoolWorker-25 countReadsInRegions_worker: processing 110 (313.0 per sec) @ Ascaf_32:0-110405
PoolWorker-25,  processing 31244 (37888.8 per sec) reads @ Ascaf_27:0-155775
PoolWorker-25 countReadsInRegions_worker: processing 155 (178.5 per sec) @ Ascaf_27:0-155775
PoolWorker-25,  processing 1168 (71595.9 per sec) reads @ Ascaf_134:0-17659
PoolWorker-25 countReadsInRegions_worker: processing 17 (295.9 per sec) @ Ascaf_134:0-17659
PoolWorker-25,  processing 235207 (34911.5 per sec) reads @ chr14:15000000-18637407
PoolWorker-25 countReadsInRegions_worker: processing 3637 (532.4 per sec) @ chr14:15000000-18637407
PoolWorker-25,  processing 3238 (70796.0 per sec) reads @ Ascaf_166:0-50000
PoolWorker-25 countReadsInRegions_worker: processing 50 (953.8 per sec) @ Ascaf_166:0-50000
PoolWorker-25,  processing 1411 (42362.2 per sec) reads @ Ascaf_123:0-20153
PoolWorker-25 countReadsInRegions_worker: processing 20 (380.2 per sec) @ Ascaf_123:0-20153
PoolWorker-18,  processing 9110 (34897.3 per sec) reads @ Ascaf_64:0-51000
PoolWorker-18 countReadsInRegions_worker: processing 51 (179.7 per sec) @ Ascaf_64:0-51000
PoolWorker-18,  processing 20754 (34004.4 per sec) reads @ Ascaf_23:0-264707
PoolWorker-18 countReadsInRegions_worker: processing 264 (391.6 per sec) @ Ascaf_23:0-264707
PoolWorker-18,  processing 410455 (34448.9 per sec) reads @ chr13:0-5000000
PoolWorker-18 countReadsInRegions_worker: processing 5000 (409.5 per sec) @ chr13:0-5000000
PoolWorker-18,  processing 46481 (38052.3 per sec) reads @ Ascaf_120:0-22000
PoolWorker-18 countReadsInRegions_worker: processing 22 (17.0 per sec) @ Ascaf_120:0-22000
PoolWorker-18,  processing 307039 (34426.0 per sec) reads @ chr14:5000000-10000000
PoolWorker-18 countReadsInRegions_worker: processing 5000 (550.3 per sec) @ chr14:5000000-10000000
PoolWorker-18,  processing 1061 (27715.4 per sec) reads @ Ascaf_131:0-18319
PoolWorker-18 countReadsInRegions_worker: processing 18 (234.0 per sec) @ Ascaf_131:0-18319
PoolWorker-18,  processing 317078 (34517.4 per sec) reads @ chr4:10000000-15000000
PoolWorker-18 countReadsInRegions_worker: processing 5000 (531.6 per sec) @ chr4:10000000-15000000
PoolWorker-18,  processing 12638 (38255.4 per sec) reads @ Ascaf_36:0-98486
PoolWorker-18 countReadsInRegions_worker: processing 98 (263.2 per sec) @ Ascaf_36:0-98486
PoolWorker-18,  processing 9161 (38151.8 per sec) reads @ Ascaf_73:0-44649
PoolWorker-18 countReadsInRegions_worker: processing 44 (155.7 per sec) @ Ascaf_73:0-44649
PoolWorker-18,  processing 4667 (40488.9 per sec) reads @ Ascaf_168:0-25000
PoolWorker-18 countReadsInRegions_worker: processing 25 (161.3 per sec) @ Ascaf_168:0-25000
PoolWorker-18,  processing 44050 (37246.3 per sec) reads @ Ascaf_45:0-74461
PoolWorker-18 countReadsInRegions_worker: processing 74 (59.6 per sec) @ Ascaf_45:0-74461
PoolWorker-18,  processing 305880 (34204.2 per sec) reads @ chr2:0-5000000
PoolWorker-18 countReadsInRegions_worker: processing 5000 (548.9 per sec) @ chr2:0-5000000
PoolWorker-18,  processing 40 (31400.4 per sec) reads @ Ascaf_160:0-2000
PoolWorker-18 countReadsInRegions_worker: processing 2 (37.5 per sec) @ Ascaf_160:0-2000
PoolWorker-18,  processing 19547 (36969.9 per sec) reads @ Ascaf_72:0-46000
PoolWorker-18 countReadsInRegions_worker: processing 46 (80.6 per sec) @ Ascaf_72:0-46000
PoolWorker-18,  processing 2258 (38402.0 per sec) reads @ Ascaf_69:0-44691
PoolWorker-18 countReadsInRegions_worker: processing 44 (449.4 per sec) @ Ascaf_69:0-44691
PoolWorker-18,  processing 152139 (36262.3 per sec) reads @ chr2:25000000-26977752
PoolWorker-18 countReadsInRegions_worker: processing 1977 (459.4 per sec) @ chr2:25000000-26977752
PoolWorker-18,  processing 26777 (37821.9 per sec) reads @ Ascaf_113:0-24387
PoolWorker-18 countReadsInRegions_worker: processing 24 (31.9 per sec) @ Ascaf_113:0-24387
PoolWorker-18,  processing 2012 (48304.8 per sec) reads @ Ascaf_101:0-31946
PoolWorker-18 countReadsInRegions_worker: processing 31 (386.3 per sec) @ Ascaf_101:0-31946
PoolWorker-18,  processing 867 (65801.6 per sec) reads @ Ascaf_130:0-18457
PoolWorker-18 countReadsInRegions_worker: processing 18 (426.6 per sec) @ Ascaf_130:0-18457
PoolWorker-18,  processing 306741 (33417.9 per sec) reads @ chr12:0-5000000
PoolWorker-18 countReadsInRegions_worker: processing 5000 (534.1 per sec) @ chr12:0-5000000
PoolWorker-32,  processing 689 (60369.2 per sec) reads @ Ascaf_139:0-16678
PoolWorker-32 countReadsInRegions_worker: processing 16 (414.2 per sec) @ Ascaf_139:0-16678
PoolWorker-32,  processing 306475 (34279.4 per sec) reads @ chr9:0-5000000
PoolWorker-32 countReadsInRegions_worker: processing 5000 (543.5 per sec) @ chr9:0-5000000
PoolWorker-32,  processing 811 (67713.4 per sec) reads @ Ascaf_144:0-15519
PoolWorker-32 countReadsInRegions_worker: processing 15 (208.4 per sec) @ Ascaf_144:0-15519
PoolWorker-32,  processing 274998 (34780.2 per sec) reads @ chr1:30000000-33917795
PoolWorker-32 countReadsInRegions_worker: processing 3917 (483.4 per sec) @ chr1:30000000-33917795
PoolWorker-32,  processing 1614 (46031.4 per sec) reads @ Ascaf_102:0-31073
PoolWorker-32 countReadsInRegions_worker: processing 31 (415.5 per sec) @ Ascaf_102:0-31073
PoolWorker-32,  processing 30056 (34529.6 per sec) reads @ Ascaf_96:0-33398
PoolWorker-32 countReadsInRegions_worker: processing 33 (35.6 per sec) @ Ascaf_96:0-33398
PoolWorker-32,  processing 2666 (41122.4 per sec) reads @ Ascaf_94:0-33862
PoolWorker-32 countReadsInRegions_worker: processing 33 (318.1 per sec) @ Ascaf_94:0-33862
PoolWorker-32,  processing 315351 (34346.1 per sec) reads @ chr6:10000000-15000000
PoolWorker-32 countReadsInRegions_worker: processing 5000 (532.0 per sec) @ chr6:10000000-15000000
PoolWorker-32,  processing 310248 (34229.3 per sec) reads @ chr20:15000000-20000000
PoolWorker-32 countReadsInRegions_worker: processing 5000 (541.4 per sec) @ chr20:15000000-20000000
PoolWorker-32,  processing 14794 (36869.2 per sec) reads @ Ascaf_79:0-41364
PoolWorker-32 countReadsInRegions_worker: processing 41 (89.6 per sec) @ Ascaf_79:0-41364
PoolWorker-32,  processing 310610 (34649.4 per sec) reads @ chr7:25000000-30000000
PoolWorker-32 countReadsInRegions_worker: processing 5000 (547.4 per sec) @ chr7:25000000-30000000
PoolWorker-32,  processing 169 (58115.7 per sec) reads @ Ascaf_158:0-3231
PoolWorker-32 countReadsInRegions_worker: processing 3 (69.1 per sec) @ Ascaf_158:0-3231
PoolWorker-32,  processing 2482 (40949.0 per sec) reads @ Ascaf_83:0-38959
PoolWorker-32 countReadsInRegions_worker: processing 38 (380.1 per sec) @ Ascaf_83:0-38959
PoolWorker-32,  processing 10785 (39034.4 per sec) reads @ Ascaf_31:0-121444
PoolWorker-32 countReadsInRegions_worker: processing 121 (367.0 per sec) @ Ascaf_31:0-121444
PoolWorker-32,  processing 1278 (40309.2 per sec) reads @ Ascaf_60:0-24766
PoolWorker-32 countReadsInRegions_worker: processing 24 (341.5 per sec) @ Ascaf_60:0-24766
PoolWorker-32,  processing 13865 (39058.9 per sec) reads @ Ascaf_107:0-29490
PoolWorker-32 countReadsInRegions_worker: processing 29 (70.9 per sec) @ Ascaf_107:0-29490
PoolWorker-32,  processing 25435 (35969.1 per sec) reads @ Ascaf_35:0-99371
PoolWorker-32 countReadsInRegions_worker: processing 99 (132.1 per sec) @ Ascaf_35:0-99371
PoolWorker-32,  processing 7340 (38364.0 per sec) reads @ Ascaf_55:0-59833
PoolWorker-32 countReadsInRegions_worker: processing 59 (255.8 per sec) @ Ascaf_55:0-59833
PoolWorker-32,  processing 6501 (39302.6 per sec) reads @ Ascaf_92:0-34608
PoolWorker-32 countReadsInRegions_worker: processing 34 (165.5 per sec) @ Ascaf_92:0-34608
PoolWorker-32,  processing 2611 (40156.2 per sec) reads @ Ascaf_104:0-29894
PoolWorker-32 countReadsInRegions_worker: processing 29 (280.0 per sec) @ Ascaf_104:0-29894
PoolWorker-32,  processing 52377 (36261.5 per sec) reads @ Ascaf_119:0-22101
PoolWorker-32 countReadsInRegions_worker: processing 22 (14.7 per sec) @ Ascaf_119:0-22101
PoolWorker-32,  processing 2958 (43846.8 per sec) reads @ Ascaf_133:0-49732
PoolWorker-32 countReadsInRegions_worker: processing 49 (460.6 per sec) @ Ascaf_133:0-49732
PoolWorker-32,  processing 21111 (38242.5 per sec) reads @ Ascaf_41:0-90399
PoolWorker-32 countReadsInRegions_worker: processing 90 (148.3 per sec) @ Ascaf_41:0-90399
PoolWorker-32,  processing 314153 (36895.6 per sec) reads @ chr12:15000000-20000000
PoolWorker-32 countReadsInRegions_worker: processing 5000 (580.0 per sec) @ chr12:15000000-20000000
PoolWorker-31,  processing 2329 (69570.0 per sec) reads @ Ascaf_54:0-60000
PoolWorker-31 countReadsInRegions_worker: processing 60 (1440.2 per sec) @ Ascaf_54:0-60000
PoolWorker-31,  processing 1155 (70400.8 per sec) reads @ Ascaf_125:0-19664
PoolWorker-31 countReadsInRegions_worker: processing 19 (810.8 per sec) @ Ascaf_125:0-19664
PoolWorker-31,  processing 310940 (36089.7 per sec) reads @ chr7:0-5000000
PoolWorker-31 countReadsInRegions_worker: processing 5000 (566.1 per sec) @ chr7:0-5000000
PoolWorker-31,  processing 274574 (36273.6 per sec) reads @ chr11:15000000-19299255
PoolWorker-31 countReadsInRegions_worker: processing 4299 (554.6 per sec) @ chr11:15000000-19299255
PoolWorker-31,  processing 329172 (33930.5 per sec) reads @ chr20:10000000-15000000
PoolWorker-31 countReadsInRegions_worker: processing 5000 (503.1 per sec) @ chr20:10000000-15000000
PoolWorker-31,  processing 239246 (35801.5 per sec) reads @ chr12:20000000-23704847
PoolWorker-31 countReadsInRegions_worker: processing 3704 (542.9 per sec) @ chr12:20000000-23704847
PoolWorker-31,  processing 316286 (35316.5 per sec) reads @ chr16:0-5000000
PoolWorker-31 countReadsInRegions_worker: processing 5000 (546.9 per sec) @ chr16:0-5000000
PoolWorker-31,  processing 323605 (34679.8 per sec) reads @ chr20:0-5000000
PoolWorker-31 countReadsInRegions_worker: processing 5000 (518.6 per sec) @ chr20:0-5000000
PoolWorker-31,  processing 5495 (38067.4 per sec) reads @ Ascaf_46:0-73387
PoolWorker-31 countReadsInRegions_worker: processing 73 (381.4 per sec) @ Ascaf_46:0-73387
PoolWorker-31,  processing 323763 (42598.8 per sec) reads @ chr3:10000000-15000000
PoolWorker-31 countReadsInRegions_worker: processing 5000 (649.3 per sec) @ chr3:10000000-15000000
PoolWorker-31,  processing 2714 (69248.9 per sec) reads @ Ascaf_68:0-47437
PoolWorker-31 countReadsInRegions_worker: processing 47 (1021.5 per sec) @ Ascaf_68:0-47437
PoolWorker-31,  processing 2224 (38701.1 per sec) reads @ Ascaf_85:0-37890
PoolWorker-31 countReadsInRegions_worker: processing 37 (418.3 per sec) @ Ascaf_85:0-37890
PoolWorker-28,  processing 36174 (68402.9 per sec) reads @ Ascaf_30:0-130979
PoolWorker-28 countReadsInRegions_worker: processing 130 (239.4 per sec) @ Ascaf_30:0-130979
PoolWorker-28,  processing 274 (63914.1 per sec) reads @ Ascaf_156:0-5652
PoolWorker-28 countReadsInRegions_worker: processing 5 (98.7 per sec) @ Ascaf_156:0-5652
PoolWorker-28,  processing 74709 (36491.9 per sec) reads @ Ascaf_42:0-86089
PoolWorker-28 countReadsInRegions_worker: processing 86 (40.4 per sec) @ Ascaf_42:0-86089
PoolWorker-28,  processing 313428 (34042.8 per sec) reads @ chr8:15000000-20000000
PoolWorker-28 countReadsInRegions_worker: processing 5000 (532.5 per sec) @ chr8:15000000-20000000
PoolWorker-28,  processing 320234 (34886.2 per sec) reads @ chr16:10000000-15000000
PoolWorker-28 countReadsInRegions_worker: processing 5000 (535.2 per sec) @ chr16:10000000-15000000
PoolWorker-28,  processing 364360 (34080.0 per sec) reads @ chr4:20000000-25000000
PoolWorker-28 countReadsInRegions_worker: processing 5000 (458.4 per sec) @ chr4:20000000-25000000
PoolWorker-28,  processing 11366 (37968.3 per sec) reads @ Ascaf_29:0-143722
PoolWorker-28 countReadsInRegions_worker: processing 143 (422.4 per sec) @ Ascaf_29:0-143722
PoolWorker-28,  processing 266102 (33746.4 per sec) reads @ chr9:20000000-24303205
PoolWorker-28 countReadsInRegions_worker: processing 4303 (535.0 per sec) @ chr9:20000000-24303205
PoolWorker-28,  processing 1933 (47511.4 per sec) reads @ Ascaf_100:0-32247
PoolWorker-28 countReadsInRegions_worker: processing 32 (394.0 per sec) @ Ascaf_100:0-32247
PoolWorker-28,  processing 17234 (36478.6 per sec) reads @ Ascaf_137:0-17000
PoolWorker-28 countReadsInRegions_worker: processing 17 (32.3 per sec) @ Ascaf_137:0-17000
PoolWorker-28,  processing 4236 (34394.0 per sec) reads @ Ascaf_51:0-70629
PoolWorker-28 countReadsInRegions_worker: processing 70 (431.4 per sec) @ Ascaf_51:0-70629
PoolWorker-28,  processing 301228 (34576.1 per sec) reads @ chr6:15000000-20000000
PoolWorker-28 countReadsInRegions_worker: processing 5000 (564.2 per sec) @ chr6:15000000-20000000
PoolWorker-28,  processing 1404 (71486.9 per sec) reads @ Ascaf_82:0-39089
PoolWorker-28 countReadsInRegions_worker: processing 39 (681.5 per sec) @ Ascaf_82:0-39089
PoolWorker-28,  processing 55375 (37239.6 per sec) reads @ Ascaf_25:0-178627
PoolWorker-28 countReadsInRegions_worker: processing 178 (103.5 per sec) @ Ascaf_25:0-178627
PoolWorker-28,  processing 317812 (39245.3 per sec) reads @ chr19:10000000-15000000
PoolWorker-28 countReadsInRegions_worker: processing 5000 (608.7 per sec) @ chr19:10000000-15000000
PoolWorker-28,  processing 4008 (60697.9 per sec) reads @ Ascaf_61:0-54508
PoolWorker-28 countReadsInRegions_worker: processing 54 (741.0 per sec) @ Ascaf_61:0-54508
PoolWorker-24,  processing 342721 (33102.3 per sec) reads @ chr17:10000000-15000000
PoolWorker-24 countReadsInRegions_worker: processing 5000 (469.9 per sec) @ chr17:10000000-15000000
PoolWorker-24,  processing 328330 (35508.9 per sec) reads @ chr12:10000000-15000000
PoolWorker-24 countReadsInRegions_worker: processing 5000 (527.1 per sec) @ chr12:10000000-15000000
PoolWorker-24,  processing 941 (71061.7 per sec) reads @ Ascaf_121:0-21431
PoolWorker-24 countReadsInRegions_worker: processing 21 (344.9 per sec) @ Ascaf_121:0-21431
PoolWorker-24,  processing 3153 (36880.7 per sec) reads @ Ascaf_65:0-47651
PoolWorker-24 countReadsInRegions_worker: processing 47 (362.7 per sec) @ Ascaf_65:0-47651
PoolWorker-24,  processing 308408 (35493.7 per sec) reads @ chr2:5000000-10000000
PoolWorker-24 countReadsInRegions_worker: processing 5000 (565.3 per sec) @ chr2:5000000-10000000
PoolWorker-24,  processing 944 (40651.2 per sec) reads @ Ascaf_167:0-25000
PoolWorker-24 countReadsInRegions_worker: processing 25 (412.6 per sec) @ Ascaf_167:0-25000
PoolWorker-24,  processing 318334 (34656.8 per sec) reads @ chr17:15000000-20000000
PoolWorker-24 countReadsInRegions_worker: processing 5000 (534.9 per sec) @ chr17:15000000-20000000
PoolWorker-24,  processing 312475 (35358.4 per sec) reads @ chr13:5000000-10000000
PoolWorker-24 countReadsInRegions_worker: processing 5000 (556.1 per sec) @ chr13:5000000-10000000
PoolWorker-24,  processing 213481 (34783.0 per sec) reads @ chr18:15000000-18483836
PoolWorker-24 countReadsInRegions_worker: processing 3483 (551.2 per sec) @ chr18:15000000-18483836
PoolWorker-24,  processing 993 (69271.4 per sec) reads @ Ascaf_149:0-13452
PoolWorker-24 countReadsInRegions_worker: processing 13 (254.8 per sec) @ Ascaf_149:0-13452
PoolWorker-24,  processing 320969 (48825.6 per sec) reads @ chr11:5000000-10000000
PoolWorker-24 countReadsInRegions_worker: processing 5000 (748.8 per sec) @ chr11:5000000-10000000
PoolWorker-24,  processing 1862 (61717.0 per sec) reads @ Ascaf_150:0-13271
PoolWorker-24 countReadsInRegions_worker: processing 13 (354.3 per sec) @ Ascaf_150:0-13271
PoolWorker-20,  processing 317507 (33026.5 per sec) reads @ chr1:0-5000000
PoolWorker-20 countReadsInRegions_worker: processing 5000 (508.4 per sec) @ chr1:0-5000000
PoolWorker-20,  processing 311026 (34602.2 per sec) reads @ chr18:5000000-10000000
PoolWorker-20 countReadsInRegions_worker: processing 5000 (541.3 per sec) @ chr18:5000000-10000000
PoolWorker-20,  processing 316426 (34761.7 per sec) reads @ chr1:5000000-10000000
PoolWorker-20 countReadsInRegions_worker: processing 5000 (536.7 per sec) @ chr1:5000000-10000000
PoolWorker-20,  processing 1346 (40976.8 per sec) reads @ Ascaf_127:0-19159
PoolWorker-20 countReadsInRegions_worker: processing 19 (264.0 per sec) @ Ascaf_127:0-19159
PoolWorker-20,  processing 303711 (35177.2 per sec) reads @ chr4:15000000-20000000
PoolWorker-20 countReadsInRegions_worker: processing 5000 (569.3 per sec) @ chr4:15000000-20000000
PoolWorker-20,  processing 295423 (34741.8 per sec) reads @ chr21:0-5000000
PoolWorker-20 countReadsInRegions_worker: processing 5000 (577.9 per sec) @ chr21:0-5000000
PoolWorker-20,  processing 313814 (34196.6 per sec) reads @ chr8:0-5000000
PoolWorker-20 countReadsInRegions_worker: processing 5000 (533.6 per sec) @ chr8:0-5000000
PoolWorker-20,  processing 315433 (48866.7 per sec) reads @ chr1:10000000-15000000
PoolWorker-20 countReadsInRegions_worker: processing 5000 (762.8 per sec) @ chr1:10000000-15000000
PoolWorker-27,  processing 317907 (32683.0 per sec) reads @ chr4:25000000-30000000
PoolWorker-27 countReadsInRegions_worker: processing 5000 (500.7 per sec) @ chr4:25000000-30000000
PoolWorker-27,  processing 295238 (33139.1 per sec) reads @ chr13:20000000-24369283
PoolWorker-27 countReadsInRegions_worker: processing 4369 (477.4 per sec) @ chr13:20000000-24369283
PoolWorker-27,  processing 321464 (36046.7 per sec) reads @ chr12:5000000-10000000
PoolWorker-27 countReadsInRegions_worker: processing 5000 (550.2 per sec) @ chr12:5000000-10000000
PoolWorker-27,  processing 282269 (35398.0 per sec) reads @ chr10:15000000-19005646
PoolWorker-27 countReadsInRegions_worker: processing 4005 (493.7 per sec) @ chr10:15000000-19005646
PoolWorker-27,  processing 12020 (37424.5 per sec) reads @ Ascaf_24:0-187591
PoolWorker-27 countReadsInRegions_worker: processing 187 (516.8 per sec) @ Ascaf_24:0-187591
PoolWorker-27,  processing 320769 (35055.4 per sec) reads @ chr15:10000000-15000000
PoolWorker-27 countReadsInRegions_worker: processing 5000 (532.0 per sec) @ chr15:10000000-15000000
PoolWorker-27,  processing 2365 (37876.3 per sec) reads @ Ascaf_86:0-37568
PoolWorker-27 countReadsInRegions_worker: processing 37 (359.0 per sec) @ Ascaf_86:0-37568
PoolWorker-27,  processing 639 (70616.0 per sec) reads @ Ascaf_152:0-12206
PoolWorker-27 countReadsInRegions_worker: processing 12 (250.6 per sec) @ Ascaf_152:0-12206
PoolWorker-27,  processing 66 (38325.4 per sec) reads @ Ascaf_164:0-1000
PoolWorker-27 countReadsInRegions_worker: processing 1 (25.1 per sec) @ Ascaf_164:0-1000
PoolWorker-27,  processing 313837 (35547.3 per sec) reads @ chr9:15000000-20000000
PoolWorker-27 countReadsInRegions_worker: processing 5000 (556.1 per sec) @ chr9:15000000-20000000
PoolWorker-27,  processing 23843 (38840.8 per sec) reads @ Ascaf_38:0-95573
PoolWorker-27 countReadsInRegions_worker: processing 95 (141.6 per sec) @ Ascaf_38:0-95573
PoolWorker-27,  processing 19 (27651.6 per sec) reads @ Ascaf_165:0-1000
PoolWorker-27 countReadsInRegions_worker: processing 1 (25.5 per sec) @ Ascaf_165:0-1000
PoolWorker-27,  processing 22940 (37436.9 per sec) reads @ Ascaf_44:0-77777
PoolWorker-27 countReadsInRegions_worker: processing 77 (117.6 per sec) @ Ascaf_44:0-77777
PoolWorker-27,  processing 2402 (40895.6 per sec) reads @ Ascaf_78:0-41577
PoolWorker-27 countReadsInRegions_worker: processing 41 (411.8 per sec) @ Ascaf_78:0-41577
PoolWorker-27,  processing 222508 (50122.3 per sec) reads @ chr8:20000000-23122080
PoolWorker-27 countReadsInRegions_worker: processing 3122 (690.7 per sec) @ chr8:20000000-23122080
PoolWorker-27,  processing 59090 (78690.0 per sec) reads @ Ascaf_53:0-64139
PoolWorker-27 countReadsInRegions_worker: processing 64 (83.5 per sec) @ Ascaf_53:0-64139
PoolWorker-22,  processing 313207 (31764.8 per sec) reads @ chr15:0-5000000
PoolWorker-22 countReadsInRegions_worker: processing 5000 (498.9 per sec) @ chr15:0-5000000
PoolWorker-22,  processing 2498 (41470.2 per sec) reads @ Ascaf_122:0-20728
PoolWorker-22 countReadsInRegions_worker: processing 20 (241.0 per sec) @ Ascaf_122:0-20728
PoolWorker-22,  processing 25352 (36008.0 per sec) reads @ Ascaf_34:0-101478
PoolWorker-22 countReadsInRegions_worker: processing 101 (140.8 per sec) @ Ascaf_34:0-101478
PoolWorker-22,  processing 6893 (40116.6 per sec) reads @ Ascaf_105:0-29809
PoolWorker-22 countReadsInRegions_worker: processing 29 (133.9 per sec) @ Ascaf_105:0-29809
PoolWorker-22,  processing 1656 (45227.5 per sec) reads @ Ascaf_95:0-33544
PoolWorker-22 countReadsInRegions_worker: processing 33 (341.1 per sec) @ Ascaf_95:0-33544
PoolWorker-22,  processing 314071 (34871.3 per sec) reads @ chr9:5000000-10000000
PoolWorker-22 countReadsInRegions_worker: processing 5000 (539.7 per sec) @ chr9:5000000-10000000
PoolWorker-22,  processing 322478 (34842.9 per sec) reads @ chr1:15000000-20000000
PoolWorker-22 countReadsInRegions_worker: processing 5000 (523.7 per sec) @ chr1:15000000-20000000
PoolWorker-22,  processing 8769 (39032.8 per sec) reads @ Ascaf_114:0-24031
PoolWorker-22 countReadsInRegions_worker: processing 24 (86.3 per sec) @ Ascaf_114:0-24031
PoolWorker-22,  processing 1239 (37473.7 per sec) reads @ Ascaf_97:0-33357
PoolWorker-22 countReadsInRegions_worker: processing 33 (461.9 per sec) @ Ascaf_97:0-33357
PoolWorker-22,  processing 50222 (37953.2 per sec) reads @ chr15:20000000-20219940
PoolWorker-22 countReadsInRegions_worker: processing 219 (158.3 per sec) @ chr15:20000000-20219940
PoolWorker-22,  processing 324029 (35555.6 per sec) reads @ chr9:10000000-15000000
PoolWorker-22 countReadsInRegions_worker: processing 5000 (538.5 per sec) @ chr9:10000000-15000000
PoolWorker-22,  processing 5242 (37944.3 per sec) reads @ Ascaf_37:0-98231
PoolWorker-22 countReadsInRegions_worker: processing 98 (549.7 per sec) @ Ascaf_37:0-98231
PoolWorker-22,  processing 68887 (37106.8 per sec) reads @ Ascaf_43:0-83995
PoolWorker-22 countReadsInRegions_worker: processing 83 (43.2 per sec) @ Ascaf_43:0-83995
PoolWorker-22,  processing 318890 (34535.6 per sec) reads @ chr3:5000000-10000000
PoolWorker-22 countReadsInRegions_worker: processing 5000 (532.8 per sec) @ chr3:5000000-10000000
PoolWorker-22,  processing 135431 (33906.5 per sec) reads @ chr16:20000000-22188971
PoolWorker-22 countReadsInRegions_worker: processing 2188 (531.1 per sec) @ chr16:20000000-22188971
PoolWorker-22,  processing 320078 (55895.6 per sec) reads @ chr19:15000000-20000000
PoolWorker-22 countReadsInRegions_worker: processing 5000 (859.9 per sec) @ chr19:15000000-20000000
PoolWorker-19,  processing 319139 (33801.5 per sec) reads @ chr4:5000000-10000000
PoolWorker-19 countReadsInRegions_worker: processing 5000 (516.7 per sec) @ chr4:5000000-10000000
PoolWorker-19,  processing 321511 (35528.6 per sec) reads @ chr2:10000000-15000000
PoolWorker-19 countReadsInRegions_worker: processing 5000 (536.8 per sec) @ chr2:10000000-15000000
PoolWorker-19,  processing 7631 (38202.0 per sec) reads @ Ascaf_71:0-32519
PoolWorker-19 countReadsInRegions_worker: processing 32 (143.4 per sec) @ Ascaf_71:0-32519
PoolWorker-19,  processing 349432 (35339.2 per sec) reads @ chr17:5000000-10000000
PoolWorker-19 countReadsInRegions_worker: processing 5000 (491.8 per sec) @ chr17:5000000-10000000
PoolWorker-19,  processing 2328 (29641.7 per sec) reads @ Ascaf_111:0-25158
PoolWorker-19 countReadsInRegions_worker: processing 25 (213.3 per sec) @ Ascaf_111:0-25158
PoolWorker-19,  processing 3723 (40475.3 per sec) reads @ Ascaf_47:0-72017
PoolWorker-19 countReadsInRegions_worker: processing 72 (547.6 per sec) @ Ascaf_47:0-72017
PoolWorker-19,  processing 301928 (34571.8 per sec) reads @ chr11:0-5000000
PoolWorker-19 countReadsInRegions_worker: processing 5000 (562.1 per sec) @ chr11:0-5000000
PoolWorker-19,  processing 2319 (40737.1 per sec) reads @ Ascaf_77:0-41997
PoolWorker-19 countReadsInRegions_worker: processing 41 (468.2 per sec) @ Ascaf_77:0-41997
PoolWorker-19,  processing 32061 (38162.2 per sec) reads @ Ascaf_50:0-70692
PoolWorker-19 countReadsInRegions_worker: processing 70 (77.9 per sec) @ Ascaf_50:0-70692
PoolWorker-19,  processing 319104 (34803.2 per sec) reads @ chr18:10000000-15000000
PoolWorker-19 countReadsInRegions_worker: processing 5000 (536.4 per sec) @ chr18:10000000-15000000
PoolWorker-19,  processing 313473 (34299.0 per sec) reads @ chr7:5000000-10000000
PoolWorker-19 countReadsInRegions_worker: processing 5000 (537.0 per sec) @ chr7:5000000-10000000
PoolWorker-19,  processing 306364 (59901.7 per sec) reads @ chr5:5000000-10000000
PoolWorker-19 countReadsInRegions_worker: processing 5000 (958.2 per sec) @ chr5:5000000-10000000
PoolWorker-21,  processing 4264 (32573.0 per sec) reads @ Ascaf_58:0-57612
PoolWorker-21 countReadsInRegions_worker: processing 57 (374.0 per sec) @ Ascaf_58:0-57612
PoolWorker-21,  processing 322530 (34281.4 per sec) reads @ chr18:0-5000000
PoolWorker-21 countReadsInRegions_worker: processing 5000 (517.0 per sec) @ chr18:0-5000000
PoolWorker-21,  processing 310875 (35015.0 per sec) reads @ chr16:5000000-10000000
PoolWorker-21 countReadsInRegions_worker: processing 5000 (545.9 per sec) @ chr16:5000000-10000000
PoolWorker-21,  processing 36053 (38311.9 per sec) reads @ Ascaf_74:0-44000
PoolWorker-21 countReadsInRegions_worker: processing 44 (44.3 per sec) @ Ascaf_74:0-44000
PoolWorker-21,  processing 303733 (34995.5 per sec) reads @ chr15:15000000-20000000
PoolWorker-21 countReadsInRegions_worker: processing 5000 (561.7 per sec) @ chr15:15000000-20000000
PoolWorker-21,  processing 274091 (35006.4 per sec) reads @ chr19:20000000-23715829
PoolWorker-21 countReadsInRegions_worker: processing 3715 (465.8 per sec) @ chr19:20000000-23715829
PoolWorker-21,  processing 4386 (40184.0 per sec) reads @ Ascaf_118:0-22120
PoolWorker-21 countReadsInRegions_worker: processing 22 (146.6 per sec) @ Ascaf_118:0-22120
PoolWorker-21,  processing 2876 (42547.5 per sec) reads @ Ascaf_70:0-46916
PoolWorker-21 countReadsInRegions_worker: processing 46 (429.2 per sec) @ Ascaf_70:0-46916
PoolWorker-21,  processing 48557 (37858.0 per sec) reads @ Ascaf_48:0-71747
PoolWorker-21 countReadsInRegions_worker: processing 71 (52.9 per sec) @ Ascaf_48:0-71747
PoolWorker-21,  processing 3312 (49767.1 per sec) reads @ Ascaf_63:0-51776
PoolWorker-21 countReadsInRegions_worker: processing 51 (473.7 per sec) @ Ascaf_63:0-51776
PoolWorker-21,  processing 93296 (35046.3 per sec) reads @ chr4:40000000-40647937
PoolWorker-21 countReadsInRegions_worker: processing 647 (237.8 per sec) @ chr4:40000000-40647937
PoolWorker-21,  processing 318797 (34682.3 per sec) reads @ chr13:10000000-15000000
PoolWorker-21 countReadsInRegions_worker: processing 5000 (533.8 per sec) @ chr13:10000000-15000000
PoolWorker-21,  processing 301362 (34971.7 per sec) reads @ chr17:0-5000000
PoolWorker-21 countReadsInRegions_worker: processing 5000 (570.4 per sec) @ chr17:0-5000000
PoolWorker-21,  processing 21556 (35382.7 per sec) reads @ chr3:20000000-20313673
PoolWorker-21 countReadsInRegions_worker: processing 313 (479.5 per sec) @ chr3:20000000-20313673
PoolWorker-21,  processing 64018 (71748.9 per sec) reads @ Ascaf_26:0-156806
PoolWorker-21 countReadsInRegions_worker: processing 156 (165.7 per sec) @ Ascaf_26:0-156806
PoolWorker-21,  processing 301039 (78440.9 per sec) reads @ chr10:0-5000000
PoolWorker-21 countReadsInRegions_worker: processing 5000 (1284.4 per sec) @ chr10:0-5000000
PoolWorker-29,  processing 520 (63253.3 per sec) reads @ Ascaf_143:0-15560
PoolWorker-29 countReadsInRegions_worker: processing 15 (576.7 per sec) @ Ascaf_143:0-15560
PoolWorker-29,  processing 21581 (41480.8 per sec) reads @ Ascaf_110:0-27536
PoolWorker-29 countReadsInRegions_worker: processing 27 (47.7 per sec) @ Ascaf_110:0-27536
PoolWorker-29,  processing 14414 (35702.7 per sec) reads @ Ascaf_124:0-19772
PoolWorker-29 countReadsInRegions_worker: processing 19 (40.8 per sec) @ Ascaf_124:0-19772
PoolWorker-29,  processing 316 (59241.1 per sec) reads @ Ascaf_154:0-6709
PoolWorker-29 countReadsInRegions_worker: processing 6 (91.7 per sec) @ Ascaf_154:0-6709
PoolWorker-29,  processing 318459 (33900.8 per sec) reads @ chr11:10000000-15000000
PoolWorker-29 countReadsInRegions_worker: processing 5000 (518.9 per sec) @ chr11:10000000-15000000
PoolWorker-29,  processing 13033 (37070.0 per sec) reads @ Ascaf_75:0-42641
PoolWorker-29 countReadsInRegions_worker: processing 42 (101.1 per sec) @ Ascaf_75:0-42641
PoolWorker-29,  processing 1055 (70422.4 per sec) reads @ Ascaf_132:0-17867
PoolWorker-29 countReadsInRegions_worker: processing 17 (226.4 per sec) @ Ascaf_132:0-17867
PoolWorker-29,  processing 14258 (38062.4 per sec) reads @ Ascaf_52:0-64568
PoolWorker-29 countReadsInRegions_worker: processing 64 (146.5 per sec) @ Ascaf_52:0-64568
PoolWorker-29,  processing 81967 (34068.7 per sec) reads @ chr6:20000000-21248438
PoolWorker-29 countReadsInRegions_worker: processing 1248 (500.6 per sec) @ chr6:20000000-21248438
PoolWorker-29,  processing 357529 (34652.1 per sec) reads @ chr7:20000000-25000000
PoolWorker-29 countReadsInRegions_worker: processing 5000 (474.4 per sec) @ chr7:20000000-25000000
PoolWorker-29,  processing 299063 (34848.5 per sec) reads @ chr21:5000000-10000000
PoolWorker-29 countReadsInRegions_worker: processing 5000 (572.9 per sec) @ chr21:5000000-10000000
PoolWorker-29,  processing 350779 (34666.2 per sec) reads @ chr6:0-5000000
PoolWorker-29 countReadsInRegions_worker: processing 5000 (485.0 per sec) @ chr6:0-5000000
PoolWorker-29,  processing 895 (69850.4 per sec) reads @ Ascaf_147:0-15099
PoolWorker-29 countReadsInRegions_worker: processing 15 (279.6 per sec) @ Ascaf_147:0-15099
PoolWorker-29,  processing 2977 (35832.1 per sec) reads @ Ascaf_76:0-42514
PoolWorker-29 countReadsInRegions_worker: processing 42 (342.9 per sec) @ Ascaf_76:0-42514
PoolWorker-29,  processing 263744 (35091.3 per sec) reads @ chr7:30000000-33914388
PoolWorker-29 countReadsInRegions_worker: processing 3914 (511.0 per sec) @ chr7:30000000-33914388
PoolWorker-29,  processing 6374 (38792.1 per sec) reads @ Ascaf_56:0-58445
PoolWorker-29 countReadsInRegions_worker: processing 58 (280.0 per sec) @ Ascaf_56:0-58445
PoolWorker-29,  processing 311365 (41659.3 per sec) reads @ chr5:0-5000000
PoolWorker-29 countReadsInRegions_worker: processing 5000 (659.6 per sec) @ chr5:0-5000000
PoolWorker-29,  processing 316543 (74366.8 per sec) reads @ chr10:10000000-15000000
PoolWorker-29 countReadsInRegions_worker: processing 5000 (1141.9 per sec) @ chr10:10000000-15000000
PoolWorker-29,  processing 314976 (87653.9 per sec) reads @ chr5:10000000-15000000
PoolWorker-29 countReadsInRegions_worker: processing 5000 (1367.7 per sec) @ chr5:10000000-15000000
PoolWorker-29,  processing 6527 (95165.0 per sec) reads @ Ascaf_59:0-57475
PoolWorker-29 countReadsInRegions_worker: processing 57 (698.2 per sec) @ Ascaf_59:0-57475
output file: /storage/scratch/iee/dj20y461/Stickleback/Y_comp/Sex_chrom_stats/Read_depths/Gw/depths/2003QE_M_1.1kb.RPKM.depth
